[2023-03-09T09:02:23.085+0000] {processor.py:153} INFO - Started process (PID=85) to work on /home/airflow/.local/lib/python3.7/site-packages/airflow/example_dags/example_time_delta_sensor_async.py
[2023-03-09T09:02:23.087+0000] {processor.py:743} INFO - Processing file /home/airflow/.local/lib/python3.7/site-packages/airflow/example_dags/example_time_delta_sensor_async.py for tasks to queue
[2023-03-09T09:02:23.089+0000] {logging_mixin.py:137} INFO - [2023-03-09T09:02:23.089+0000] {dagbag.py:538} INFO - Filling up the DagBag from /home/airflow/.local/lib/python3.7/site-packages/airflow/example_dags/example_time_delta_sensor_async.py
[2023-03-09T09:02:23.108+0000] {processor.py:753} INFO - DAG(s) dict_keys(['example_time_delta_sensor_async']) retrieved from /home/airflow/.local/lib/python3.7/site-packages/airflow/example_dags/example_time_delta_sensor_async.py
[2023-03-09T09:02:23.122+0000] {logging_mixin.py:137} INFO - [2023-03-09T09:02:23.121+0000] {dag.py:2690} INFO - Sync 1 DAGs
[2023-03-09T09:02:23.151+0000] {logging_mixin.py:137} INFO - [2023-03-09T09:02:23.151+0000] {dag.py:3441} INFO - Setting next_dagrun for example_time_delta_sensor_async to None, run_after=None
[2023-03-09T09:02:23.168+0000] {processor.py:175} INFO - Processing /home/airflow/.local/lib/python3.7/site-packages/airflow/example_dags/example_time_delta_sensor_async.py took 0.087 seconds
[2023-03-09T09:02:53.374+0000] {processor.py:153} INFO - Started process (PID=151) to work on /home/airflow/.local/lib/python3.7/site-packages/airflow/example_dags/example_time_delta_sensor_async.py
[2023-03-09T09:02:53.375+0000] {processor.py:743} INFO - Processing file /home/airflow/.local/lib/python3.7/site-packages/airflow/example_dags/example_time_delta_sensor_async.py for tasks to queue
[2023-03-09T09:02:53.376+0000] {logging_mixin.py:137} INFO - [2023-03-09T09:02:53.376+0000] {dagbag.py:538} INFO - Filling up the DagBag from /home/airflow/.local/lib/python3.7/site-packages/airflow/example_dags/example_time_delta_sensor_async.py
[2023-03-09T09:02:53.385+0000] {processor.py:753} INFO - DAG(s) dict_keys(['example_time_delta_sensor_async']) retrieved from /home/airflow/.local/lib/python3.7/site-packages/airflow/example_dags/example_time_delta_sensor_async.py
[2023-03-09T09:02:53.404+0000] {logging_mixin.py:137} INFO - [2023-03-09T09:02:53.404+0000] {dag.py:2690} INFO - Sync 1 DAGs
[2023-03-09T09:02:53.423+0000] {logging_mixin.py:137} INFO - [2023-03-09T09:02:53.423+0000] {dag.py:3441} INFO - Setting next_dagrun for example_time_delta_sensor_async to None, run_after=None
[2023-03-09T09:02:53.440+0000] {processor.py:175} INFO - Processing /home/airflow/.local/lib/python3.7/site-packages/airflow/example_dags/example_time_delta_sensor_async.py took 0.069 seconds
[2023-03-09T09:03:23.959+0000] {processor.py:153} INFO - Started process (PID=232) to work on /home/airflow/.local/lib/python3.7/site-packages/airflow/example_dags/example_time_delta_sensor_async.py
[2023-03-09T09:03:23.961+0000] {processor.py:743} INFO - Processing file /home/airflow/.local/lib/python3.7/site-packages/airflow/example_dags/example_time_delta_sensor_async.py for tasks to queue
[2023-03-09T09:03:23.962+0000] {logging_mixin.py:137} INFO - [2023-03-09T09:03:23.962+0000] {dagbag.py:538} INFO - Filling up the DagBag from /home/airflow/.local/lib/python3.7/site-packages/airflow/example_dags/example_time_delta_sensor_async.py
[2023-03-09T09:03:23.970+0000] {processor.py:753} INFO - DAG(s) dict_keys(['example_time_delta_sensor_async']) retrieved from /home/airflow/.local/lib/python3.7/site-packages/airflow/example_dags/example_time_delta_sensor_async.py
[2023-03-09T09:03:23.988+0000] {logging_mixin.py:137} INFO - [2023-03-09T09:03:23.988+0000] {dag.py:2690} INFO - Sync 1 DAGs
[2023-03-09T09:03:24.004+0000] {logging_mixin.py:137} INFO - [2023-03-09T09:03:24.004+0000] {dag.py:3441} INFO - Setting next_dagrun for example_time_delta_sensor_async to None, run_after=None
[2023-03-09T09:03:24.018+0000] {processor.py:175} INFO - Processing /home/airflow/.local/lib/python3.7/site-packages/airflow/example_dags/example_time_delta_sensor_async.py took 0.061 seconds
[2023-03-09T09:03:54.189+0000] {processor.py:153} INFO - Started process (PID=305) to work on /home/airflow/.local/lib/python3.7/site-packages/airflow/example_dags/example_time_delta_sensor_async.py
[2023-03-09T09:03:54.191+0000] {processor.py:743} INFO - Processing file /home/airflow/.local/lib/python3.7/site-packages/airflow/example_dags/example_time_delta_sensor_async.py for tasks to queue
[2023-03-09T09:03:54.192+0000] {logging_mixin.py:137} INFO - [2023-03-09T09:03:54.192+0000] {dagbag.py:538} INFO - Filling up the DagBag from /home/airflow/.local/lib/python3.7/site-packages/airflow/example_dags/example_time_delta_sensor_async.py
[2023-03-09T09:03:54.203+0000] {processor.py:753} INFO - DAG(s) dict_keys(['example_time_delta_sensor_async']) retrieved from /home/airflow/.local/lib/python3.7/site-packages/airflow/example_dags/example_time_delta_sensor_async.py
[2023-03-09T09:03:54.226+0000] {logging_mixin.py:137} INFO - [2023-03-09T09:03:54.226+0000] {dag.py:2690} INFO - Sync 1 DAGs
[2023-03-09T09:03:54.243+0000] {logging_mixin.py:137} INFO - [2023-03-09T09:03:54.243+0000] {dag.py:3441} INFO - Setting next_dagrun for example_time_delta_sensor_async to None, run_after=None
[2023-03-09T09:03:54.257+0000] {processor.py:175} INFO - Processing /home/airflow/.local/lib/python3.7/site-packages/airflow/example_dags/example_time_delta_sensor_async.py took 0.071 seconds
[2023-03-09T09:20:51.560+0000] {processor.py:153} INFO - Started process (PID=85) to work on /home/airflow/.local/lib/python3.7/site-packages/airflow/example_dags/example_time_delta_sensor_async.py
[2023-03-09T09:20:51.564+0000] {processor.py:743} INFO - Processing file /home/airflow/.local/lib/python3.7/site-packages/airflow/example_dags/example_time_delta_sensor_async.py for tasks to queue
[2023-03-09T09:20:51.571+0000] {logging_mixin.py:137} INFO - [2023-03-09T09:20:51.570+0000] {dagbag.py:538} INFO - Filling up the DagBag from /home/airflow/.local/lib/python3.7/site-packages/airflow/example_dags/example_time_delta_sensor_async.py
[2023-03-09T09:20:51.606+0000] {processor.py:753} INFO - DAG(s) dict_keys(['example_time_delta_sensor_async']) retrieved from /home/airflow/.local/lib/python3.7/site-packages/airflow/example_dags/example_time_delta_sensor_async.py
[2023-03-09T09:20:51.897+0000] {logging_mixin.py:137} INFO - [2023-03-09T09:20:51.897+0000] {manager.py:504} INFO - Created Permission View: can read on DAG:example_time_delta_sensor_async
[2023-03-09T09:20:51.950+0000] {logging_mixin.py:137} INFO - [2023-03-09T09:20:51.950+0000] {manager.py:504} INFO - Created Permission View: can edit on DAG:example_time_delta_sensor_async
[2023-03-09T09:20:51.985+0000] {logging_mixin.py:137} INFO - [2023-03-09T09:20:51.985+0000] {manager.py:504} INFO - Created Permission View: can delete on DAG:example_time_delta_sensor_async
[2023-03-09T09:20:51.986+0000] {logging_mixin.py:137} INFO - [2023-03-09T09:20:51.986+0000] {dag.py:2690} INFO - Sync 1 DAGs
[2023-03-09T09:20:51.996+0000] {logging_mixin.py:137} INFO - [2023-03-09T09:20:51.996+0000] {dag.py:2711} INFO - Creating ORM DAG for example_time_delta_sensor_async
[2023-03-09T09:20:52.013+0000] {logging_mixin.py:137} INFO - [2023-03-09T09:20:52.013+0000] {dag.py:3441} INFO - Setting next_dagrun for example_time_delta_sensor_async to None, run_after=None
[2023-03-09T09:20:52.076+0000] {processor.py:175} INFO - Processing /home/airflow/.local/lib/python3.7/site-packages/airflow/example_dags/example_time_delta_sensor_async.py took 0.523 seconds
[2023-03-09T09:21:22.834+0000] {processor.py:153} INFO - Started process (PID=150) to work on /home/airflow/.local/lib/python3.7/site-packages/airflow/example_dags/example_time_delta_sensor_async.py
[2023-03-09T09:21:22.836+0000] {processor.py:743} INFO - Processing file /home/airflow/.local/lib/python3.7/site-packages/airflow/example_dags/example_time_delta_sensor_async.py for tasks to queue
[2023-03-09T09:21:22.836+0000] {logging_mixin.py:137} INFO - [2023-03-09T09:21:22.836+0000] {dagbag.py:538} INFO - Filling up the DagBag from /home/airflow/.local/lib/python3.7/site-packages/airflow/example_dags/example_time_delta_sensor_async.py
[2023-03-09T09:21:22.845+0000] {processor.py:753} INFO - DAG(s) dict_keys(['example_time_delta_sensor_async']) retrieved from /home/airflow/.local/lib/python3.7/site-packages/airflow/example_dags/example_time_delta_sensor_async.py
[2023-03-09T09:21:22.862+0000] {logging_mixin.py:137} INFO - [2023-03-09T09:21:22.862+0000] {dag.py:2690} INFO - Sync 1 DAGs
[2023-03-09T09:21:22.877+0000] {logging_mixin.py:137} INFO - [2023-03-09T09:21:22.877+0000] {dag.py:3441} INFO - Setting next_dagrun for example_time_delta_sensor_async to None, run_after=None
[2023-03-09T09:21:22.889+0000] {processor.py:175} INFO - Processing /home/airflow/.local/lib/python3.7/site-packages/airflow/example_dags/example_time_delta_sensor_async.py took 0.059 seconds
[2023-03-09T09:21:53.723+0000] {processor.py:153} INFO - Started process (PID=232) to work on /home/airflow/.local/lib/python3.7/site-packages/airflow/example_dags/example_time_delta_sensor_async.py
[2023-03-09T09:21:53.724+0000] {processor.py:743} INFO - Processing file /home/airflow/.local/lib/python3.7/site-packages/airflow/example_dags/example_time_delta_sensor_async.py for tasks to queue
[2023-03-09T09:21:53.725+0000] {logging_mixin.py:137} INFO - [2023-03-09T09:21:53.725+0000] {dagbag.py:538} INFO - Filling up the DagBag from /home/airflow/.local/lib/python3.7/site-packages/airflow/example_dags/example_time_delta_sensor_async.py
[2023-03-09T09:21:53.734+0000] {processor.py:753} INFO - DAG(s) dict_keys(['example_time_delta_sensor_async']) retrieved from /home/airflow/.local/lib/python3.7/site-packages/airflow/example_dags/example_time_delta_sensor_async.py
[2023-03-09T09:21:53.753+0000] {logging_mixin.py:137} INFO - [2023-03-09T09:21:53.753+0000] {dag.py:2690} INFO - Sync 1 DAGs
[2023-03-09T09:21:53.770+0000] {logging_mixin.py:137} INFO - [2023-03-09T09:21:53.770+0000] {dag.py:3441} INFO - Setting next_dagrun for example_time_delta_sensor_async to None, run_after=None
[2023-03-09T09:21:53.783+0000] {processor.py:175} INFO - Processing /home/airflow/.local/lib/python3.7/site-packages/airflow/example_dags/example_time_delta_sensor_async.py took 0.063 seconds
[2023-03-09T09:22:24.146+0000] {processor.py:153} INFO - Started process (PID=309) to work on /home/airflow/.local/lib/python3.7/site-packages/airflow/example_dags/example_time_delta_sensor_async.py
[2023-03-09T09:22:24.148+0000] {processor.py:743} INFO - Processing file /home/airflow/.local/lib/python3.7/site-packages/airflow/example_dags/example_time_delta_sensor_async.py for tasks to queue
[2023-03-09T09:22:24.150+0000] {logging_mixin.py:137} INFO - [2023-03-09T09:22:24.150+0000] {dagbag.py:538} INFO - Filling up the DagBag from /home/airflow/.local/lib/python3.7/site-packages/airflow/example_dags/example_time_delta_sensor_async.py
[2023-03-09T09:22:24.162+0000] {processor.py:753} INFO - DAG(s) dict_keys(['example_time_delta_sensor_async']) retrieved from /home/airflow/.local/lib/python3.7/site-packages/airflow/example_dags/example_time_delta_sensor_async.py
[2023-03-09T09:22:24.187+0000] {logging_mixin.py:137} INFO - [2023-03-09T09:22:24.187+0000] {dag.py:2690} INFO - Sync 1 DAGs
[2023-03-09T09:22:24.205+0000] {logging_mixin.py:137} INFO - [2023-03-09T09:22:24.205+0000] {dag.py:3441} INFO - Setting next_dagrun for example_time_delta_sensor_async to None, run_after=None
[2023-03-09T09:22:24.221+0000] {processor.py:175} INFO - Processing /home/airflow/.local/lib/python3.7/site-packages/airflow/example_dags/example_time_delta_sensor_async.py took 0.078 seconds
[2023-03-09T09:22:54.419+0000] {processor.py:153} INFO - Started process (PID=374) to work on /home/airflow/.local/lib/python3.7/site-packages/airflow/example_dags/example_time_delta_sensor_async.py
[2023-03-09T09:22:54.420+0000] {processor.py:743} INFO - Processing file /home/airflow/.local/lib/python3.7/site-packages/airflow/example_dags/example_time_delta_sensor_async.py for tasks to queue
[2023-03-09T09:22:54.421+0000] {logging_mixin.py:137} INFO - [2023-03-09T09:22:54.421+0000] {dagbag.py:538} INFO - Filling up the DagBag from /home/airflow/.local/lib/python3.7/site-packages/airflow/example_dags/example_time_delta_sensor_async.py
[2023-03-09T09:22:54.430+0000] {processor.py:753} INFO - DAG(s) dict_keys(['example_time_delta_sensor_async']) retrieved from /home/airflow/.local/lib/python3.7/site-packages/airflow/example_dags/example_time_delta_sensor_async.py
[2023-03-09T09:22:54.448+0000] {logging_mixin.py:137} INFO - [2023-03-09T09:22:54.448+0000] {dag.py:2690} INFO - Sync 1 DAGs
[2023-03-09T09:22:54.463+0000] {logging_mixin.py:137} INFO - [2023-03-09T09:22:54.463+0000] {dag.py:3441} INFO - Setting next_dagrun for example_time_delta_sensor_async to None, run_after=None
[2023-03-09T09:22:54.475+0000] {processor.py:175} INFO - Processing /home/airflow/.local/lib/python3.7/site-packages/airflow/example_dags/example_time_delta_sensor_async.py took 0.058 seconds
[2023-03-09T09:23:24.674+0000] {processor.py:153} INFO - Started process (PID=455) to work on /home/airflow/.local/lib/python3.7/site-packages/airflow/example_dags/example_time_delta_sensor_async.py
[2023-03-09T09:23:24.675+0000] {processor.py:743} INFO - Processing file /home/airflow/.local/lib/python3.7/site-packages/airflow/example_dags/example_time_delta_sensor_async.py for tasks to queue
[2023-03-09T09:23:24.676+0000] {logging_mixin.py:137} INFO - [2023-03-09T09:23:24.676+0000] {dagbag.py:538} INFO - Filling up the DagBag from /home/airflow/.local/lib/python3.7/site-packages/airflow/example_dags/example_time_delta_sensor_async.py
[2023-03-09T09:23:24.686+0000] {processor.py:753} INFO - DAG(s) dict_keys(['example_time_delta_sensor_async']) retrieved from /home/airflow/.local/lib/python3.7/site-packages/airflow/example_dags/example_time_delta_sensor_async.py
[2023-03-09T09:23:24.706+0000] {logging_mixin.py:137} INFO - [2023-03-09T09:23:24.706+0000] {dag.py:2690} INFO - Sync 1 DAGs
[2023-03-09T09:23:24.722+0000] {logging_mixin.py:137} INFO - [2023-03-09T09:23:24.722+0000] {dag.py:3441} INFO - Setting next_dagrun for example_time_delta_sensor_async to None, run_after=None
[2023-03-09T09:23:24.736+0000] {processor.py:175} INFO - Processing /home/airflow/.local/lib/python3.7/site-packages/airflow/example_dags/example_time_delta_sensor_async.py took 0.064 seconds
[2023-03-09T09:23:54.819+0000] {processor.py:153} INFO - Started process (PID=540) to work on /home/airflow/.local/lib/python3.7/site-packages/airflow/example_dags/example_time_delta_sensor_async.py
[2023-03-09T09:23:54.821+0000] {processor.py:743} INFO - Processing file /home/airflow/.local/lib/python3.7/site-packages/airflow/example_dags/example_time_delta_sensor_async.py for tasks to queue
[2023-03-09T09:23:54.822+0000] {logging_mixin.py:137} INFO - [2023-03-09T09:23:54.822+0000] {dagbag.py:538} INFO - Filling up the DagBag from /home/airflow/.local/lib/python3.7/site-packages/airflow/example_dags/example_time_delta_sensor_async.py
[2023-03-09T09:23:54.831+0000] {processor.py:753} INFO - DAG(s) dict_keys(['example_time_delta_sensor_async']) retrieved from /home/airflow/.local/lib/python3.7/site-packages/airflow/example_dags/example_time_delta_sensor_async.py
[2023-03-09T09:23:54.847+0000] {logging_mixin.py:137} INFO - [2023-03-09T09:23:54.847+0000] {dag.py:2690} INFO - Sync 1 DAGs
[2023-03-09T09:23:54.863+0000] {logging_mixin.py:137} INFO - [2023-03-09T09:23:54.863+0000] {dag.py:3441} INFO - Setting next_dagrun for example_time_delta_sensor_async to None, run_after=None
[2023-03-09T09:23:54.875+0000] {processor.py:175} INFO - Processing /home/airflow/.local/lib/python3.7/site-packages/airflow/example_dags/example_time_delta_sensor_async.py took 0.059 seconds
[2023-03-09T09:24:25.696+0000] {processor.py:153} INFO - Started process (PID=603) to work on /home/airflow/.local/lib/python3.7/site-packages/airflow/example_dags/example_time_delta_sensor_async.py
[2023-03-09T09:24:25.699+0000] {processor.py:743} INFO - Processing file /home/airflow/.local/lib/python3.7/site-packages/airflow/example_dags/example_time_delta_sensor_async.py for tasks to queue
[2023-03-09T09:24:25.701+0000] {logging_mixin.py:137} INFO - [2023-03-09T09:24:25.701+0000] {dagbag.py:538} INFO - Filling up the DagBag from /home/airflow/.local/lib/python3.7/site-packages/airflow/example_dags/example_time_delta_sensor_async.py
[2023-03-09T09:24:25.715+0000] {processor.py:753} INFO - DAG(s) dict_keys(['example_time_delta_sensor_async']) retrieved from /home/airflow/.local/lib/python3.7/site-packages/airflow/example_dags/example_time_delta_sensor_async.py
[2023-03-09T09:24:25.744+0000] {logging_mixin.py:137} INFO - [2023-03-09T09:24:25.744+0000] {dag.py:2690} INFO - Sync 1 DAGs
[2023-03-09T09:24:25.776+0000] {logging_mixin.py:137} INFO - [2023-03-09T09:24:25.776+0000] {dag.py:3441} INFO - Setting next_dagrun for example_time_delta_sensor_async to None, run_after=None
[2023-03-09T09:24:25.796+0000] {processor.py:175} INFO - Processing /home/airflow/.local/lib/python3.7/site-packages/airflow/example_dags/example_time_delta_sensor_async.py took 0.107 seconds
[2023-03-09T09:24:56.059+0000] {processor.py:153} INFO - Started process (PID=680) to work on /home/airflow/.local/lib/python3.7/site-packages/airflow/example_dags/example_time_delta_sensor_async.py
[2023-03-09T09:24:56.061+0000] {processor.py:743} INFO - Processing file /home/airflow/.local/lib/python3.7/site-packages/airflow/example_dags/example_time_delta_sensor_async.py for tasks to queue
[2023-03-09T09:24:56.061+0000] {logging_mixin.py:137} INFO - [2023-03-09T09:24:56.061+0000] {dagbag.py:538} INFO - Filling up the DagBag from /home/airflow/.local/lib/python3.7/site-packages/airflow/example_dags/example_time_delta_sensor_async.py
[2023-03-09T09:24:56.070+0000] {processor.py:753} INFO - DAG(s) dict_keys(['example_time_delta_sensor_async']) retrieved from /home/airflow/.local/lib/python3.7/site-packages/airflow/example_dags/example_time_delta_sensor_async.py
[2023-03-09T09:24:56.088+0000] {logging_mixin.py:137} INFO - [2023-03-09T09:24:56.088+0000] {dag.py:2690} INFO - Sync 1 DAGs
[2023-03-09T09:24:56.103+0000] {logging_mixin.py:137} INFO - [2023-03-09T09:24:56.103+0000] {dag.py:3441} INFO - Setting next_dagrun for example_time_delta_sensor_async to None, run_after=None
[2023-03-09T09:24:56.114+0000] {processor.py:175} INFO - Processing /home/airflow/.local/lib/python3.7/site-packages/airflow/example_dags/example_time_delta_sensor_async.py took 0.057 seconds
[2023-03-09T09:25:26.194+0000] {processor.py:153} INFO - Started process (PID=760) to work on /home/airflow/.local/lib/python3.7/site-packages/airflow/example_dags/example_time_delta_sensor_async.py
[2023-03-09T09:25:26.195+0000] {processor.py:743} INFO - Processing file /home/airflow/.local/lib/python3.7/site-packages/airflow/example_dags/example_time_delta_sensor_async.py for tasks to queue
[2023-03-09T09:25:26.197+0000] {logging_mixin.py:137} INFO - [2023-03-09T09:25:26.197+0000] {dagbag.py:538} INFO - Filling up the DagBag from /home/airflow/.local/lib/python3.7/site-packages/airflow/example_dags/example_time_delta_sensor_async.py
[2023-03-09T09:25:26.206+0000] {processor.py:753} INFO - DAG(s) dict_keys(['example_time_delta_sensor_async']) retrieved from /home/airflow/.local/lib/python3.7/site-packages/airflow/example_dags/example_time_delta_sensor_async.py
[2023-03-09T09:25:26.225+0000] {logging_mixin.py:137} INFO - [2023-03-09T09:25:26.225+0000] {dag.py:2690} INFO - Sync 1 DAGs
[2023-03-09T09:25:26.242+0000] {logging_mixin.py:137} INFO - [2023-03-09T09:25:26.242+0000] {dag.py:3441} INFO - Setting next_dagrun for example_time_delta_sensor_async to None, run_after=None
[2023-03-09T09:25:26.255+0000] {processor.py:175} INFO - Processing /home/airflow/.local/lib/python3.7/site-packages/airflow/example_dags/example_time_delta_sensor_async.py took 0.064 seconds
[2023-03-09T09:25:56.676+0000] {processor.py:153} INFO - Started process (PID=826) to work on /home/airflow/.local/lib/python3.7/site-packages/airflow/example_dags/example_time_delta_sensor_async.py
[2023-03-09T09:25:56.678+0000] {processor.py:743} INFO - Processing file /home/airflow/.local/lib/python3.7/site-packages/airflow/example_dags/example_time_delta_sensor_async.py for tasks to queue
[2023-03-09T09:25:56.680+0000] {logging_mixin.py:137} INFO - [2023-03-09T09:25:56.680+0000] {dagbag.py:538} INFO - Filling up the DagBag from /home/airflow/.local/lib/python3.7/site-packages/airflow/example_dags/example_time_delta_sensor_async.py
[2023-03-09T09:25:56.689+0000] {processor.py:753} INFO - DAG(s) dict_keys(['example_time_delta_sensor_async']) retrieved from /home/airflow/.local/lib/python3.7/site-packages/airflow/example_dags/example_time_delta_sensor_async.py
[2023-03-09T09:25:56.708+0000] {logging_mixin.py:137} INFO - [2023-03-09T09:25:56.708+0000] {dag.py:2690} INFO - Sync 1 DAGs
[2023-03-09T09:25:56.729+0000] {logging_mixin.py:137} INFO - [2023-03-09T09:25:56.729+0000] {dag.py:3441} INFO - Setting next_dagrun for example_time_delta_sensor_async to None, run_after=None
[2023-03-09T09:25:56.742+0000] {processor.py:175} INFO - Processing /home/airflow/.local/lib/python3.7/site-packages/airflow/example_dags/example_time_delta_sensor_async.py took 0.068 seconds
[2023-03-09T09:26:26.798+0000] {processor.py:153} INFO - Started process (PID=902) to work on /home/airflow/.local/lib/python3.7/site-packages/airflow/example_dags/example_time_delta_sensor_async.py
[2023-03-09T09:26:26.800+0000] {processor.py:743} INFO - Processing file /home/airflow/.local/lib/python3.7/site-packages/airflow/example_dags/example_time_delta_sensor_async.py for tasks to queue
[2023-03-09T09:26:26.801+0000] {logging_mixin.py:137} INFO - [2023-03-09T09:26:26.801+0000] {dagbag.py:538} INFO - Filling up the DagBag from /home/airflow/.local/lib/python3.7/site-packages/airflow/example_dags/example_time_delta_sensor_async.py
[2023-03-09T09:26:26.810+0000] {processor.py:753} INFO - DAG(s) dict_keys(['example_time_delta_sensor_async']) retrieved from /home/airflow/.local/lib/python3.7/site-packages/airflow/example_dags/example_time_delta_sensor_async.py
[2023-03-09T09:26:26.829+0000] {logging_mixin.py:137} INFO - [2023-03-09T09:26:26.829+0000] {dag.py:2690} INFO - Sync 1 DAGs
[2023-03-09T09:26:26.849+0000] {logging_mixin.py:137} INFO - [2023-03-09T09:26:26.849+0000] {dag.py:3441} INFO - Setting next_dagrun for example_time_delta_sensor_async to None, run_after=None
[2023-03-09T09:26:26.863+0000] {processor.py:175} INFO - Processing /home/airflow/.local/lib/python3.7/site-packages/airflow/example_dags/example_time_delta_sensor_async.py took 0.067 seconds
[2023-03-09T09:26:57.067+0000] {processor.py:153} INFO - Started process (PID=986) to work on /home/airflow/.local/lib/python3.7/site-packages/airflow/example_dags/example_time_delta_sensor_async.py
[2023-03-09T09:26:57.069+0000] {processor.py:743} INFO - Processing file /home/airflow/.local/lib/python3.7/site-packages/airflow/example_dags/example_time_delta_sensor_async.py for tasks to queue
[2023-03-09T09:26:57.070+0000] {logging_mixin.py:137} INFO - [2023-03-09T09:26:57.070+0000] {dagbag.py:538} INFO - Filling up the DagBag from /home/airflow/.local/lib/python3.7/site-packages/airflow/example_dags/example_time_delta_sensor_async.py
[2023-03-09T09:26:57.077+0000] {processor.py:753} INFO - DAG(s) dict_keys(['example_time_delta_sensor_async']) retrieved from /home/airflow/.local/lib/python3.7/site-packages/airflow/example_dags/example_time_delta_sensor_async.py
[2023-03-09T09:26:57.094+0000] {logging_mixin.py:137} INFO - [2023-03-09T09:26:57.094+0000] {dag.py:2690} INFO - Sync 1 DAGs
[2023-03-09T09:26:57.108+0000] {logging_mixin.py:137} INFO - [2023-03-09T09:26:57.108+0000] {dag.py:3441} INFO - Setting next_dagrun for example_time_delta_sensor_async to None, run_after=None
[2023-03-09T09:26:57.119+0000] {processor.py:175} INFO - Processing /home/airflow/.local/lib/python3.7/site-packages/airflow/example_dags/example_time_delta_sensor_async.py took 0.053 seconds
[2023-03-09T09:27:27.202+0000] {processor.py:153} INFO - Started process (PID=1051) to work on /home/airflow/.local/lib/python3.7/site-packages/airflow/example_dags/example_time_delta_sensor_async.py
[2023-03-09T09:27:27.203+0000] {processor.py:743} INFO - Processing file /home/airflow/.local/lib/python3.7/site-packages/airflow/example_dags/example_time_delta_sensor_async.py for tasks to queue
[2023-03-09T09:27:27.205+0000] {logging_mixin.py:137} INFO - [2023-03-09T09:27:27.205+0000] {dagbag.py:538} INFO - Filling up the DagBag from /home/airflow/.local/lib/python3.7/site-packages/airflow/example_dags/example_time_delta_sensor_async.py
[2023-03-09T09:27:27.213+0000] {processor.py:753} INFO - DAG(s) dict_keys(['example_time_delta_sensor_async']) retrieved from /home/airflow/.local/lib/python3.7/site-packages/airflow/example_dags/example_time_delta_sensor_async.py
[2023-03-09T09:27:27.236+0000] {logging_mixin.py:137} INFO - [2023-03-09T09:27:27.236+0000] {dag.py:2690} INFO - Sync 1 DAGs
[2023-03-09T09:27:27.254+0000] {logging_mixin.py:137} INFO - [2023-03-09T09:27:27.254+0000] {dag.py:3441} INFO - Setting next_dagrun for example_time_delta_sensor_async to None, run_after=None
[2023-03-09T09:27:27.268+0000] {processor.py:175} INFO - Processing /home/airflow/.local/lib/python3.7/site-packages/airflow/example_dags/example_time_delta_sensor_async.py took 0.069 seconds
[2023-03-09T09:27:57.364+0000] {processor.py:153} INFO - Started process (PID=1131) to work on /home/airflow/.local/lib/python3.7/site-packages/airflow/example_dags/example_time_delta_sensor_async.py
[2023-03-09T09:27:57.366+0000] {processor.py:743} INFO - Processing file /home/airflow/.local/lib/python3.7/site-packages/airflow/example_dags/example_time_delta_sensor_async.py for tasks to queue
[2023-03-09T09:27:57.366+0000] {logging_mixin.py:137} INFO - [2023-03-09T09:27:57.366+0000] {dagbag.py:538} INFO - Filling up the DagBag from /home/airflow/.local/lib/python3.7/site-packages/airflow/example_dags/example_time_delta_sensor_async.py
[2023-03-09T09:27:57.374+0000] {processor.py:753} INFO - DAG(s) dict_keys(['example_time_delta_sensor_async']) retrieved from /home/airflow/.local/lib/python3.7/site-packages/airflow/example_dags/example_time_delta_sensor_async.py
[2023-03-09T09:27:57.390+0000] {logging_mixin.py:137} INFO - [2023-03-09T09:27:57.390+0000] {dag.py:2690} INFO - Sync 1 DAGs
[2023-03-09T09:27:57.405+0000] {logging_mixin.py:137} INFO - [2023-03-09T09:27:57.405+0000] {dag.py:3441} INFO - Setting next_dagrun for example_time_delta_sensor_async to None, run_after=None
[2023-03-09T09:27:57.416+0000] {processor.py:175} INFO - Processing /home/airflow/.local/lib/python3.7/site-packages/airflow/example_dags/example_time_delta_sensor_async.py took 0.054 seconds
[2023-03-09T09:28:27.781+0000] {processor.py:153} INFO - Started process (PID=1211) to work on /home/airflow/.local/lib/python3.7/site-packages/airflow/example_dags/example_time_delta_sensor_async.py
[2023-03-09T09:28:27.783+0000] {processor.py:743} INFO - Processing file /home/airflow/.local/lib/python3.7/site-packages/airflow/example_dags/example_time_delta_sensor_async.py for tasks to queue
[2023-03-09T09:28:27.784+0000] {logging_mixin.py:137} INFO - [2023-03-09T09:28:27.784+0000] {dagbag.py:538} INFO - Filling up the DagBag from /home/airflow/.local/lib/python3.7/site-packages/airflow/example_dags/example_time_delta_sensor_async.py
[2023-03-09T09:28:27.794+0000] {processor.py:753} INFO - DAG(s) dict_keys(['example_time_delta_sensor_async']) retrieved from /home/airflow/.local/lib/python3.7/site-packages/airflow/example_dags/example_time_delta_sensor_async.py
[2023-03-09T09:28:27.815+0000] {logging_mixin.py:137} INFO - [2023-03-09T09:28:27.815+0000] {dag.py:2690} INFO - Sync 1 DAGs
[2023-03-09T09:28:27.831+0000] {logging_mixin.py:137} INFO - [2023-03-09T09:28:27.831+0000] {dag.py:3441} INFO - Setting next_dagrun for example_time_delta_sensor_async to None, run_after=None
[2023-03-09T09:28:27.843+0000] {processor.py:175} INFO - Processing /home/airflow/.local/lib/python3.7/site-packages/airflow/example_dags/example_time_delta_sensor_async.py took 0.065 seconds
[2023-03-09T09:28:58.226+0000] {processor.py:153} INFO - Started process (PID=1279) to work on /home/airflow/.local/lib/python3.7/site-packages/airflow/example_dags/example_time_delta_sensor_async.py
[2023-03-09T09:28:58.227+0000] {processor.py:743} INFO - Processing file /home/airflow/.local/lib/python3.7/site-packages/airflow/example_dags/example_time_delta_sensor_async.py for tasks to queue
[2023-03-09T09:28:58.228+0000] {logging_mixin.py:137} INFO - [2023-03-09T09:28:58.228+0000] {dagbag.py:538} INFO - Filling up the DagBag from /home/airflow/.local/lib/python3.7/site-packages/airflow/example_dags/example_time_delta_sensor_async.py
[2023-03-09T09:28:58.236+0000] {processor.py:753} INFO - DAG(s) dict_keys(['example_time_delta_sensor_async']) retrieved from /home/airflow/.local/lib/python3.7/site-packages/airflow/example_dags/example_time_delta_sensor_async.py
[2023-03-09T09:28:58.254+0000] {logging_mixin.py:137} INFO - [2023-03-09T09:28:58.254+0000] {dag.py:2690} INFO - Sync 1 DAGs
[2023-03-09T09:28:58.268+0000] {logging_mixin.py:137} INFO - [2023-03-09T09:28:58.268+0000] {dag.py:3441} INFO - Setting next_dagrun for example_time_delta_sensor_async to None, run_after=None
[2023-03-09T09:28:58.278+0000] {processor.py:175} INFO - Processing /home/airflow/.local/lib/python3.7/site-packages/airflow/example_dags/example_time_delta_sensor_async.py took 0.055 seconds
[2023-03-09T09:29:28.453+0000] {processor.py:153} INFO - Started process (PID=1358) to work on /home/airflow/.local/lib/python3.7/site-packages/airflow/example_dags/example_time_delta_sensor_async.py
[2023-03-09T09:29:28.454+0000] {processor.py:743} INFO - Processing file /home/airflow/.local/lib/python3.7/site-packages/airflow/example_dags/example_time_delta_sensor_async.py for tasks to queue
[2023-03-09T09:29:28.455+0000] {logging_mixin.py:137} INFO - [2023-03-09T09:29:28.455+0000] {dagbag.py:538} INFO - Filling up the DagBag from /home/airflow/.local/lib/python3.7/site-packages/airflow/example_dags/example_time_delta_sensor_async.py
[2023-03-09T09:29:28.464+0000] {processor.py:753} INFO - DAG(s) dict_keys(['example_time_delta_sensor_async']) retrieved from /home/airflow/.local/lib/python3.7/site-packages/airflow/example_dags/example_time_delta_sensor_async.py
[2023-03-09T09:29:28.482+0000] {logging_mixin.py:137} INFO - [2023-03-09T09:29:28.482+0000] {dag.py:2690} INFO - Sync 1 DAGs
[2023-03-09T09:29:28.499+0000] {logging_mixin.py:137} INFO - [2023-03-09T09:29:28.499+0000] {dag.py:3441} INFO - Setting next_dagrun for example_time_delta_sensor_async to None, run_after=None
[2023-03-09T09:29:28.512+0000] {processor.py:175} INFO - Processing /home/airflow/.local/lib/python3.7/site-packages/airflow/example_dags/example_time_delta_sensor_async.py took 0.061 seconds
[2023-03-09T09:29:58.723+0000] {processor.py:153} INFO - Started process (PID=1440) to work on /home/airflow/.local/lib/python3.7/site-packages/airflow/example_dags/example_time_delta_sensor_async.py
[2023-03-09T09:29:58.725+0000] {processor.py:743} INFO - Processing file /home/airflow/.local/lib/python3.7/site-packages/airflow/example_dags/example_time_delta_sensor_async.py for tasks to queue
[2023-03-09T09:29:58.726+0000] {logging_mixin.py:137} INFO - [2023-03-09T09:29:58.726+0000] {dagbag.py:538} INFO - Filling up the DagBag from /home/airflow/.local/lib/python3.7/site-packages/airflow/example_dags/example_time_delta_sensor_async.py
[2023-03-09T09:29:58.738+0000] {processor.py:753} INFO - DAG(s) dict_keys(['example_time_delta_sensor_async']) retrieved from /home/airflow/.local/lib/python3.7/site-packages/airflow/example_dags/example_time_delta_sensor_async.py
[2023-03-09T09:29:58.759+0000] {logging_mixin.py:137} INFO - [2023-03-09T09:29:58.759+0000] {dag.py:2690} INFO - Sync 1 DAGs
[2023-03-09T09:29:58.781+0000] {logging_mixin.py:137} INFO - [2023-03-09T09:29:58.781+0000] {dag.py:3441} INFO - Setting next_dagrun for example_time_delta_sensor_async to None, run_after=None
[2023-03-09T09:29:58.800+0000] {processor.py:175} INFO - Processing /home/airflow/.local/lib/python3.7/site-packages/airflow/example_dags/example_time_delta_sensor_async.py took 0.080 seconds
[2023-03-09T09:30:29.332+0000] {processor.py:153} INFO - Started process (PID=1507) to work on /home/airflow/.local/lib/python3.7/site-packages/airflow/example_dags/example_time_delta_sensor_async.py
[2023-03-09T09:30:29.335+0000] {processor.py:743} INFO - Processing file /home/airflow/.local/lib/python3.7/site-packages/airflow/example_dags/example_time_delta_sensor_async.py for tasks to queue
[2023-03-09T09:30:29.336+0000] {logging_mixin.py:137} INFO - [2023-03-09T09:30:29.336+0000] {dagbag.py:538} INFO - Filling up the DagBag from /home/airflow/.local/lib/python3.7/site-packages/airflow/example_dags/example_time_delta_sensor_async.py
[2023-03-09T09:30:29.345+0000] {processor.py:753} INFO - DAG(s) dict_keys(['example_time_delta_sensor_async']) retrieved from /home/airflow/.local/lib/python3.7/site-packages/airflow/example_dags/example_time_delta_sensor_async.py
[2023-03-09T09:30:29.364+0000] {logging_mixin.py:137} INFO - [2023-03-09T09:30:29.363+0000] {dag.py:2690} INFO - Sync 1 DAGs
[2023-03-09T09:30:29.379+0000] {logging_mixin.py:137} INFO - [2023-03-09T09:30:29.379+0000] {dag.py:3441} INFO - Setting next_dagrun for example_time_delta_sensor_async to None, run_after=None
[2023-03-09T09:30:29.390+0000] {processor.py:175} INFO - Processing /home/airflow/.local/lib/python3.7/site-packages/airflow/example_dags/example_time_delta_sensor_async.py took 0.060 seconds
[2023-03-09T09:30:59.679+0000] {processor.py:153} INFO - Started process (PID=1587) to work on /home/airflow/.local/lib/python3.7/site-packages/airflow/example_dags/example_time_delta_sensor_async.py
[2023-03-09T09:30:59.681+0000] {processor.py:743} INFO - Processing file /home/airflow/.local/lib/python3.7/site-packages/airflow/example_dags/example_time_delta_sensor_async.py for tasks to queue
[2023-03-09T09:30:59.683+0000] {logging_mixin.py:137} INFO - [2023-03-09T09:30:59.682+0000] {dagbag.py:538} INFO - Filling up the DagBag from /home/airflow/.local/lib/python3.7/site-packages/airflow/example_dags/example_time_delta_sensor_async.py
[2023-03-09T09:30:59.696+0000] {processor.py:753} INFO - DAG(s) dict_keys(['example_time_delta_sensor_async']) retrieved from /home/airflow/.local/lib/python3.7/site-packages/airflow/example_dags/example_time_delta_sensor_async.py
[2023-03-09T09:30:59.720+0000] {logging_mixin.py:137} INFO - [2023-03-09T09:30:59.720+0000] {dag.py:2690} INFO - Sync 1 DAGs
[2023-03-09T09:30:59.739+0000] {logging_mixin.py:137} INFO - [2023-03-09T09:30:59.739+0000] {dag.py:3441} INFO - Setting next_dagrun for example_time_delta_sensor_async to None, run_after=None
[2023-03-09T09:30:59.756+0000] {processor.py:175} INFO - Processing /home/airflow/.local/lib/python3.7/site-packages/airflow/example_dags/example_time_delta_sensor_async.py took 0.080 seconds
[2023-03-09T09:31:30.048+0000] {processor.py:153} INFO - Started process (PID=1667) to work on /home/airflow/.local/lib/python3.7/site-packages/airflow/example_dags/example_time_delta_sensor_async.py
[2023-03-09T09:31:30.050+0000] {processor.py:743} INFO - Processing file /home/airflow/.local/lib/python3.7/site-packages/airflow/example_dags/example_time_delta_sensor_async.py for tasks to queue
[2023-03-09T09:31:30.051+0000] {logging_mixin.py:137} INFO - [2023-03-09T09:31:30.051+0000] {dagbag.py:538} INFO - Filling up the DagBag from /home/airflow/.local/lib/python3.7/site-packages/airflow/example_dags/example_time_delta_sensor_async.py
[2023-03-09T09:31:30.064+0000] {processor.py:753} INFO - DAG(s) dict_keys(['example_time_delta_sensor_async']) retrieved from /home/airflow/.local/lib/python3.7/site-packages/airflow/example_dags/example_time_delta_sensor_async.py
[2023-03-09T09:31:30.085+0000] {logging_mixin.py:137} INFO - [2023-03-09T09:31:30.085+0000] {dag.py:2690} INFO - Sync 1 DAGs
[2023-03-09T09:31:30.106+0000] {logging_mixin.py:137} INFO - [2023-03-09T09:31:30.106+0000] {dag.py:3441} INFO - Setting next_dagrun for example_time_delta_sensor_async to None, run_after=None
[2023-03-09T09:31:30.129+0000] {processor.py:175} INFO - Processing /home/airflow/.local/lib/python3.7/site-packages/airflow/example_dags/example_time_delta_sensor_async.py took 0.084 seconds
[2023-03-09T09:32:00.287+0000] {processor.py:153} INFO - Started process (PID=1739) to work on /home/airflow/.local/lib/python3.7/site-packages/airflow/example_dags/example_time_delta_sensor_async.py
[2023-03-09T09:32:00.289+0000] {processor.py:743} INFO - Processing file /home/airflow/.local/lib/python3.7/site-packages/airflow/example_dags/example_time_delta_sensor_async.py for tasks to queue
[2023-03-09T09:32:00.290+0000] {logging_mixin.py:137} INFO - [2023-03-09T09:32:00.290+0000] {dagbag.py:538} INFO - Filling up the DagBag from /home/airflow/.local/lib/python3.7/site-packages/airflow/example_dags/example_time_delta_sensor_async.py
[2023-03-09T09:32:00.298+0000] {processor.py:753} INFO - DAG(s) dict_keys(['example_time_delta_sensor_async']) retrieved from /home/airflow/.local/lib/python3.7/site-packages/airflow/example_dags/example_time_delta_sensor_async.py
[2023-03-09T09:32:00.316+0000] {logging_mixin.py:137} INFO - [2023-03-09T09:32:00.316+0000] {dag.py:2690} INFO - Sync 1 DAGs
[2023-03-09T09:32:00.331+0000] {logging_mixin.py:137} INFO - [2023-03-09T09:32:00.331+0000] {dag.py:3441} INFO - Setting next_dagrun for example_time_delta_sensor_async to None, run_after=None
[2023-03-09T09:32:00.345+0000] {processor.py:175} INFO - Processing /home/airflow/.local/lib/python3.7/site-packages/airflow/example_dags/example_time_delta_sensor_async.py took 0.061 seconds
[2023-03-09T09:32:30.612+0000] {processor.py:153} INFO - Started process (PID=1821) to work on /home/airflow/.local/lib/python3.7/site-packages/airflow/example_dags/example_time_delta_sensor_async.py
[2023-03-09T09:32:30.613+0000] {processor.py:743} INFO - Processing file /home/airflow/.local/lib/python3.7/site-packages/airflow/example_dags/example_time_delta_sensor_async.py for tasks to queue
[2023-03-09T09:32:30.615+0000] {logging_mixin.py:137} INFO - [2023-03-09T09:32:30.615+0000] {dagbag.py:538} INFO - Filling up the DagBag from /home/airflow/.local/lib/python3.7/site-packages/airflow/example_dags/example_time_delta_sensor_async.py
[2023-03-09T09:32:30.623+0000] {processor.py:753} INFO - DAG(s) dict_keys(['example_time_delta_sensor_async']) retrieved from /home/airflow/.local/lib/python3.7/site-packages/airflow/example_dags/example_time_delta_sensor_async.py
[2023-03-09T09:32:30.640+0000] {logging_mixin.py:137} INFO - [2023-03-09T09:32:30.640+0000] {dag.py:2690} INFO - Sync 1 DAGs
[2023-03-09T09:32:30.657+0000] {logging_mixin.py:137} INFO - [2023-03-09T09:32:30.657+0000] {dag.py:3441} INFO - Setting next_dagrun for example_time_delta_sensor_async to None, run_after=None
[2023-03-09T09:32:30.670+0000] {processor.py:175} INFO - Processing /home/airflow/.local/lib/python3.7/site-packages/airflow/example_dags/example_time_delta_sensor_async.py took 0.060 seconds
[2023-03-09T09:33:00.823+0000] {processor.py:153} INFO - Started process (PID=1888) to work on /home/airflow/.local/lib/python3.7/site-packages/airflow/example_dags/example_time_delta_sensor_async.py
[2023-03-09T09:33:00.825+0000] {processor.py:743} INFO - Processing file /home/airflow/.local/lib/python3.7/site-packages/airflow/example_dags/example_time_delta_sensor_async.py for tasks to queue
[2023-03-09T09:33:00.828+0000] {logging_mixin.py:137} INFO - [2023-03-09T09:33:00.828+0000] {dagbag.py:538} INFO - Filling up the DagBag from /home/airflow/.local/lib/python3.7/site-packages/airflow/example_dags/example_time_delta_sensor_async.py
[2023-03-09T09:33:00.837+0000] {processor.py:753} INFO - DAG(s) dict_keys(['example_time_delta_sensor_async']) retrieved from /home/airflow/.local/lib/python3.7/site-packages/airflow/example_dags/example_time_delta_sensor_async.py
[2023-03-09T09:33:00.858+0000] {logging_mixin.py:137} INFO - [2023-03-09T09:33:00.857+0000] {dag.py:2690} INFO - Sync 1 DAGs
[2023-03-09T09:33:00.875+0000] {logging_mixin.py:137} INFO - [2023-03-09T09:33:00.875+0000] {dag.py:3441} INFO - Setting next_dagrun for example_time_delta_sensor_async to None, run_after=None
[2023-03-09T09:33:00.890+0000] {processor.py:175} INFO - Processing /home/airflow/.local/lib/python3.7/site-packages/airflow/example_dags/example_time_delta_sensor_async.py took 0.070 seconds
[2023-03-09T09:33:31.064+0000] {processor.py:153} INFO - Started process (PID=1967) to work on /home/airflow/.local/lib/python3.7/site-packages/airflow/example_dags/example_time_delta_sensor_async.py
[2023-03-09T09:33:31.066+0000] {processor.py:743} INFO - Processing file /home/airflow/.local/lib/python3.7/site-packages/airflow/example_dags/example_time_delta_sensor_async.py for tasks to queue
[2023-03-09T09:33:31.067+0000] {logging_mixin.py:137} INFO - [2023-03-09T09:33:31.067+0000] {dagbag.py:538} INFO - Filling up the DagBag from /home/airflow/.local/lib/python3.7/site-packages/airflow/example_dags/example_time_delta_sensor_async.py
[2023-03-09T09:33:31.076+0000] {processor.py:753} INFO - DAG(s) dict_keys(['example_time_delta_sensor_async']) retrieved from /home/airflow/.local/lib/python3.7/site-packages/airflow/example_dags/example_time_delta_sensor_async.py
[2023-03-09T09:33:31.096+0000] {logging_mixin.py:137} INFO - [2023-03-09T09:33:31.096+0000] {dag.py:2690} INFO - Sync 1 DAGs
[2023-03-09T09:33:31.112+0000] {logging_mixin.py:137} INFO - [2023-03-09T09:33:31.112+0000] {dag.py:3441} INFO - Setting next_dagrun for example_time_delta_sensor_async to None, run_after=None
[2023-03-09T09:33:31.124+0000] {processor.py:175} INFO - Processing /home/airflow/.local/lib/python3.7/site-packages/airflow/example_dags/example_time_delta_sensor_async.py took 0.063 seconds
[2023-03-09T09:34:01.495+0000] {processor.py:153} INFO - Started process (PID=2041) to work on /home/airflow/.local/lib/python3.7/site-packages/airflow/example_dags/example_time_delta_sensor_async.py
[2023-03-09T09:34:01.497+0000] {processor.py:743} INFO - Processing file /home/airflow/.local/lib/python3.7/site-packages/airflow/example_dags/example_time_delta_sensor_async.py for tasks to queue
[2023-03-09T09:34:01.498+0000] {logging_mixin.py:137} INFO - [2023-03-09T09:34:01.497+0000] {dagbag.py:538} INFO - Filling up the DagBag from /home/airflow/.local/lib/python3.7/site-packages/airflow/example_dags/example_time_delta_sensor_async.py
[2023-03-09T09:34:01.506+0000] {processor.py:753} INFO - DAG(s) dict_keys(['example_time_delta_sensor_async']) retrieved from /home/airflow/.local/lib/python3.7/site-packages/airflow/example_dags/example_time_delta_sensor_async.py
[2023-03-09T09:34:01.522+0000] {logging_mixin.py:137} INFO - [2023-03-09T09:34:01.522+0000] {dag.py:2690} INFO - Sync 1 DAGs
[2023-03-09T09:34:01.536+0000] {logging_mixin.py:137} INFO - [2023-03-09T09:34:01.536+0000] {dag.py:3441} INFO - Setting next_dagrun for example_time_delta_sensor_async to None, run_after=None
[2023-03-09T09:34:01.547+0000] {processor.py:175} INFO - Processing /home/airflow/.local/lib/python3.7/site-packages/airflow/example_dags/example_time_delta_sensor_async.py took 0.054 seconds
[2023-03-09T09:34:31.724+0000] {processor.py:153} INFO - Started process (PID=2103) to work on /home/airflow/.local/lib/python3.7/site-packages/airflow/example_dags/example_time_delta_sensor_async.py
[2023-03-09T09:34:31.726+0000] {processor.py:743} INFO - Processing file /home/airflow/.local/lib/python3.7/site-packages/airflow/example_dags/example_time_delta_sensor_async.py for tasks to queue
[2023-03-09T09:34:31.727+0000] {logging_mixin.py:137} INFO - [2023-03-09T09:34:31.727+0000] {dagbag.py:538} INFO - Filling up the DagBag from /home/airflow/.local/lib/python3.7/site-packages/airflow/example_dags/example_time_delta_sensor_async.py
[2023-03-09T09:34:31.735+0000] {processor.py:753} INFO - DAG(s) dict_keys(['example_time_delta_sensor_async']) retrieved from /home/airflow/.local/lib/python3.7/site-packages/airflow/example_dags/example_time_delta_sensor_async.py
[2023-03-09T09:34:31.754+0000] {logging_mixin.py:137} INFO - [2023-03-09T09:34:31.754+0000] {dag.py:2690} INFO - Sync 1 DAGs
[2023-03-09T09:34:31.770+0000] {logging_mixin.py:137} INFO - [2023-03-09T09:34:31.770+0000] {dag.py:3441} INFO - Setting next_dagrun for example_time_delta_sensor_async to None, run_after=None
[2023-03-09T09:34:31.783+0000] {processor.py:175} INFO - Processing /home/airflow/.local/lib/python3.7/site-packages/airflow/example_dags/example_time_delta_sensor_async.py took 0.062 seconds
[2023-03-09T09:35:02.025+0000] {processor.py:153} INFO - Started process (PID=2180) to work on /home/airflow/.local/lib/python3.7/site-packages/airflow/example_dags/example_time_delta_sensor_async.py
[2023-03-09T09:35:02.028+0000] {processor.py:743} INFO - Processing file /home/airflow/.local/lib/python3.7/site-packages/airflow/example_dags/example_time_delta_sensor_async.py for tasks to queue
[2023-03-09T09:35:02.030+0000] {logging_mixin.py:137} INFO - [2023-03-09T09:35:02.030+0000] {dagbag.py:538} INFO - Filling up the DagBag from /home/airflow/.local/lib/python3.7/site-packages/airflow/example_dags/example_time_delta_sensor_async.py
[2023-03-09T09:35:02.038+0000] {processor.py:753} INFO - DAG(s) dict_keys(['example_time_delta_sensor_async']) retrieved from /home/airflow/.local/lib/python3.7/site-packages/airflow/example_dags/example_time_delta_sensor_async.py
[2023-03-09T09:35:02.057+0000] {logging_mixin.py:137} INFO - [2023-03-09T09:35:02.056+0000] {dag.py:2690} INFO - Sync 1 DAGs
[2023-03-09T09:35:02.073+0000] {logging_mixin.py:137} INFO - [2023-03-09T09:35:02.072+0000] {dag.py:3441} INFO - Setting next_dagrun for example_time_delta_sensor_async to None, run_after=None
[2023-03-09T09:35:02.084+0000] {processor.py:175} INFO - Processing /home/airflow/.local/lib/python3.7/site-packages/airflow/example_dags/example_time_delta_sensor_async.py took 0.063 seconds
[2023-03-09T09:35:32.381+0000] {processor.py:153} INFO - Started process (PID=2256) to work on /home/airflow/.local/lib/python3.7/site-packages/airflow/example_dags/example_time_delta_sensor_async.py
[2023-03-09T09:35:32.383+0000] {processor.py:743} INFO - Processing file /home/airflow/.local/lib/python3.7/site-packages/airflow/example_dags/example_time_delta_sensor_async.py for tasks to queue
[2023-03-09T09:35:32.384+0000] {logging_mixin.py:137} INFO - [2023-03-09T09:35:32.384+0000] {dagbag.py:538} INFO - Filling up the DagBag from /home/airflow/.local/lib/python3.7/site-packages/airflow/example_dags/example_time_delta_sensor_async.py
[2023-03-09T09:35:32.393+0000] {processor.py:753} INFO - DAG(s) dict_keys(['example_time_delta_sensor_async']) retrieved from /home/airflow/.local/lib/python3.7/site-packages/airflow/example_dags/example_time_delta_sensor_async.py
[2023-03-09T09:35:32.419+0000] {logging_mixin.py:137} INFO - [2023-03-09T09:35:32.419+0000] {dag.py:2690} INFO - Sync 1 DAGs
[2023-03-09T09:35:32.444+0000] {logging_mixin.py:137} INFO - [2023-03-09T09:35:32.444+0000] {dag.py:3441} INFO - Setting next_dagrun for example_time_delta_sensor_async to None, run_after=None
[2023-03-09T09:35:32.461+0000] {processor.py:175} INFO - Processing /home/airflow/.local/lib/python3.7/site-packages/airflow/example_dags/example_time_delta_sensor_async.py took 0.084 seconds
[2023-03-09T09:36:02.831+0000] {processor.py:153} INFO - Started process (PID=2322) to work on /home/airflow/.local/lib/python3.7/site-packages/airflow/example_dags/example_time_delta_sensor_async.py
[2023-03-09T09:36:02.834+0000] {processor.py:743} INFO - Processing file /home/airflow/.local/lib/python3.7/site-packages/airflow/example_dags/example_time_delta_sensor_async.py for tasks to queue
[2023-03-09T09:36:02.835+0000] {logging_mixin.py:137} INFO - [2023-03-09T09:36:02.835+0000] {dagbag.py:538} INFO - Filling up the DagBag from /home/airflow/.local/lib/python3.7/site-packages/airflow/example_dags/example_time_delta_sensor_async.py
[2023-03-09T09:36:02.847+0000] {processor.py:753} INFO - DAG(s) dict_keys(['example_time_delta_sensor_async']) retrieved from /home/airflow/.local/lib/python3.7/site-packages/airflow/example_dags/example_time_delta_sensor_async.py
[2023-03-09T09:36:02.884+0000] {logging_mixin.py:137} INFO - [2023-03-09T09:36:02.884+0000] {dag.py:2690} INFO - Sync 1 DAGs
[2023-03-09T09:36:02.905+0000] {logging_mixin.py:137} INFO - [2023-03-09T09:36:02.905+0000] {dag.py:3441} INFO - Setting next_dagrun for example_time_delta_sensor_async to None, run_after=None
[2023-03-09T09:36:02.920+0000] {processor.py:175} INFO - Processing /home/airflow/.local/lib/python3.7/site-packages/airflow/example_dags/example_time_delta_sensor_async.py took 0.092 seconds
[2023-03-09T09:36:33.137+0000] {processor.py:153} INFO - Started process (PID=2401) to work on /home/airflow/.local/lib/python3.7/site-packages/airflow/example_dags/example_time_delta_sensor_async.py
[2023-03-09T09:36:33.139+0000] {processor.py:743} INFO - Processing file /home/airflow/.local/lib/python3.7/site-packages/airflow/example_dags/example_time_delta_sensor_async.py for tasks to queue
[2023-03-09T09:36:33.140+0000] {logging_mixin.py:137} INFO - [2023-03-09T09:36:33.140+0000] {dagbag.py:538} INFO - Filling up the DagBag from /home/airflow/.local/lib/python3.7/site-packages/airflow/example_dags/example_time_delta_sensor_async.py
[2023-03-09T09:36:33.149+0000] {processor.py:753} INFO - DAG(s) dict_keys(['example_time_delta_sensor_async']) retrieved from /home/airflow/.local/lib/python3.7/site-packages/airflow/example_dags/example_time_delta_sensor_async.py
[2023-03-09T09:36:33.167+0000] {logging_mixin.py:137} INFO - [2023-03-09T09:36:33.167+0000] {dag.py:2690} INFO - Sync 1 DAGs
[2023-03-09T09:36:33.188+0000] {logging_mixin.py:137} INFO - [2023-03-09T09:36:33.188+0000] {dag.py:3441} INFO - Setting next_dagrun for example_time_delta_sensor_async to None, run_after=None
[2023-03-09T09:36:33.202+0000] {processor.py:175} INFO - Processing /home/airflow/.local/lib/python3.7/site-packages/airflow/example_dags/example_time_delta_sensor_async.py took 0.068 seconds
[2023-03-09T09:37:03.487+0000] {processor.py:153} INFO - Started process (PID=2478) to work on /home/airflow/.local/lib/python3.7/site-packages/airflow/example_dags/example_time_delta_sensor_async.py
[2023-03-09T09:37:03.490+0000] {processor.py:743} INFO - Processing file /home/airflow/.local/lib/python3.7/site-packages/airflow/example_dags/example_time_delta_sensor_async.py for tasks to queue
[2023-03-09T09:37:03.491+0000] {logging_mixin.py:137} INFO - [2023-03-09T09:37:03.491+0000] {dagbag.py:538} INFO - Filling up the DagBag from /home/airflow/.local/lib/python3.7/site-packages/airflow/example_dags/example_time_delta_sensor_async.py
[2023-03-09T09:37:03.501+0000] {processor.py:753} INFO - DAG(s) dict_keys(['example_time_delta_sensor_async']) retrieved from /home/airflow/.local/lib/python3.7/site-packages/airflow/example_dags/example_time_delta_sensor_async.py
[2023-03-09T09:37:03.525+0000] {logging_mixin.py:137} INFO - [2023-03-09T09:37:03.525+0000] {dag.py:2690} INFO - Sync 1 DAGs
[2023-03-09T09:37:03.546+0000] {logging_mixin.py:137} INFO - [2023-03-09T09:37:03.546+0000] {dag.py:3441} INFO - Setting next_dagrun for example_time_delta_sensor_async to None, run_after=None
[2023-03-09T09:37:03.561+0000] {processor.py:175} INFO - Processing /home/airflow/.local/lib/python3.7/site-packages/airflow/example_dags/example_time_delta_sensor_async.py took 0.076 seconds
[2023-03-09T09:37:33.747+0000] {processor.py:153} INFO - Started process (PID=2546) to work on /home/airflow/.local/lib/python3.7/site-packages/airflow/example_dags/example_time_delta_sensor_async.py
[2023-03-09T09:37:33.748+0000] {processor.py:743} INFO - Processing file /home/airflow/.local/lib/python3.7/site-packages/airflow/example_dags/example_time_delta_sensor_async.py for tasks to queue
[2023-03-09T09:37:33.749+0000] {logging_mixin.py:137} INFO - [2023-03-09T09:37:33.749+0000] {dagbag.py:538} INFO - Filling up the DagBag from /home/airflow/.local/lib/python3.7/site-packages/airflow/example_dags/example_time_delta_sensor_async.py
[2023-03-09T09:37:33.757+0000] {processor.py:753} INFO - DAG(s) dict_keys(['example_time_delta_sensor_async']) retrieved from /home/airflow/.local/lib/python3.7/site-packages/airflow/example_dags/example_time_delta_sensor_async.py
[2023-03-09T09:37:33.775+0000] {logging_mixin.py:137} INFO - [2023-03-09T09:37:33.775+0000] {dag.py:2690} INFO - Sync 1 DAGs
[2023-03-09T09:37:33.789+0000] {logging_mixin.py:137} INFO - [2023-03-09T09:37:33.789+0000] {dag.py:3441} INFO - Setting next_dagrun for example_time_delta_sensor_async to None, run_after=None
[2023-03-09T09:37:33.799+0000] {processor.py:175} INFO - Processing /home/airflow/.local/lib/python3.7/site-packages/airflow/example_dags/example_time_delta_sensor_async.py took 0.055 seconds
[2023-03-09T09:38:03.907+0000] {processor.py:153} INFO - Started process (PID=2628) to work on /home/airflow/.local/lib/python3.7/site-packages/airflow/example_dags/example_time_delta_sensor_async.py
[2023-03-09T09:38:03.909+0000] {processor.py:743} INFO - Processing file /home/airflow/.local/lib/python3.7/site-packages/airflow/example_dags/example_time_delta_sensor_async.py for tasks to queue
[2023-03-09T09:38:03.909+0000] {logging_mixin.py:137} INFO - [2023-03-09T09:38:03.909+0000] {dagbag.py:538} INFO - Filling up the DagBag from /home/airflow/.local/lib/python3.7/site-packages/airflow/example_dags/example_time_delta_sensor_async.py
[2023-03-09T09:38:03.919+0000] {processor.py:753} INFO - DAG(s) dict_keys(['example_time_delta_sensor_async']) retrieved from /home/airflow/.local/lib/python3.7/site-packages/airflow/example_dags/example_time_delta_sensor_async.py
[2023-03-09T09:38:03.936+0000] {logging_mixin.py:137} INFO - [2023-03-09T09:38:03.936+0000] {dag.py:2690} INFO - Sync 1 DAGs
[2023-03-09T09:38:03.954+0000] {logging_mixin.py:137} INFO - [2023-03-09T09:38:03.954+0000] {dag.py:3441} INFO - Setting next_dagrun for example_time_delta_sensor_async to None, run_after=None
[2023-03-09T09:38:03.969+0000] {processor.py:175} INFO - Processing /home/airflow/.local/lib/python3.7/site-packages/airflow/example_dags/example_time_delta_sensor_async.py took 0.064 seconds
[2023-03-09T09:38:34.074+0000] {processor.py:153} INFO - Started process (PID=2690) to work on /home/airflow/.local/lib/python3.7/site-packages/airflow/example_dags/example_time_delta_sensor_async.py
[2023-03-09T09:38:34.076+0000] {processor.py:743} INFO - Processing file /home/airflow/.local/lib/python3.7/site-packages/airflow/example_dags/example_time_delta_sensor_async.py for tasks to queue
[2023-03-09T09:38:34.078+0000] {logging_mixin.py:137} INFO - [2023-03-09T09:38:34.078+0000] {dagbag.py:538} INFO - Filling up the DagBag from /home/airflow/.local/lib/python3.7/site-packages/airflow/example_dags/example_time_delta_sensor_async.py
[2023-03-09T09:38:34.086+0000] {processor.py:753} INFO - DAG(s) dict_keys(['example_time_delta_sensor_async']) retrieved from /home/airflow/.local/lib/python3.7/site-packages/airflow/example_dags/example_time_delta_sensor_async.py
[2023-03-09T09:38:34.105+0000] {logging_mixin.py:137} INFO - [2023-03-09T09:38:34.105+0000] {dag.py:2690} INFO - Sync 1 DAGs
[2023-03-09T09:38:34.120+0000] {logging_mixin.py:137} INFO - [2023-03-09T09:38:34.120+0000] {dag.py:3441} INFO - Setting next_dagrun for example_time_delta_sensor_async to None, run_after=None
[2023-03-09T09:38:34.135+0000] {processor.py:175} INFO - Processing /home/airflow/.local/lib/python3.7/site-packages/airflow/example_dags/example_time_delta_sensor_async.py took 0.063 seconds
[2023-03-09T09:39:04.436+0000] {processor.py:153} INFO - Started process (PID=2774) to work on /home/airflow/.local/lib/python3.7/site-packages/airflow/example_dags/example_time_delta_sensor_async.py
[2023-03-09T09:39:04.437+0000] {processor.py:743} INFO - Processing file /home/airflow/.local/lib/python3.7/site-packages/airflow/example_dags/example_time_delta_sensor_async.py for tasks to queue
[2023-03-09T09:39:04.438+0000] {logging_mixin.py:137} INFO - [2023-03-09T09:39:04.438+0000] {dagbag.py:538} INFO - Filling up the DagBag from /home/airflow/.local/lib/python3.7/site-packages/airflow/example_dags/example_time_delta_sensor_async.py
[2023-03-09T09:39:04.446+0000] {processor.py:753} INFO - DAG(s) dict_keys(['example_time_delta_sensor_async']) retrieved from /home/airflow/.local/lib/python3.7/site-packages/airflow/example_dags/example_time_delta_sensor_async.py
[2023-03-09T09:39:04.462+0000] {logging_mixin.py:137} INFO - [2023-03-09T09:39:04.462+0000] {dag.py:2690} INFO - Sync 1 DAGs
[2023-03-09T09:39:04.477+0000] {logging_mixin.py:137} INFO - [2023-03-09T09:39:04.477+0000] {dag.py:3441} INFO - Setting next_dagrun for example_time_delta_sensor_async to None, run_after=None
[2023-03-09T09:39:04.488+0000] {processor.py:175} INFO - Processing /home/airflow/.local/lib/python3.7/site-packages/airflow/example_dags/example_time_delta_sensor_async.py took 0.054 seconds
[2023-03-09T09:39:34.727+0000] {processor.py:153} INFO - Started process (PID=2856) to work on /home/airflow/.local/lib/python3.7/site-packages/airflow/example_dags/example_time_delta_sensor_async.py
[2023-03-09T09:39:34.729+0000] {processor.py:743} INFO - Processing file /home/airflow/.local/lib/python3.7/site-packages/airflow/example_dags/example_time_delta_sensor_async.py for tasks to queue
[2023-03-09T09:39:34.730+0000] {logging_mixin.py:137} INFO - [2023-03-09T09:39:34.730+0000] {dagbag.py:538} INFO - Filling up the DagBag from /home/airflow/.local/lib/python3.7/site-packages/airflow/example_dags/example_time_delta_sensor_async.py
[2023-03-09T09:39:34.740+0000] {processor.py:753} INFO - DAG(s) dict_keys(['example_time_delta_sensor_async']) retrieved from /home/airflow/.local/lib/python3.7/site-packages/airflow/example_dags/example_time_delta_sensor_async.py
[2023-03-09T09:39:34.758+0000] {logging_mixin.py:137} INFO - [2023-03-09T09:39:34.758+0000] {dag.py:2690} INFO - Sync 1 DAGs
[2023-03-09T09:39:34.775+0000] {logging_mixin.py:137} INFO - [2023-03-09T09:39:34.775+0000] {dag.py:3441} INFO - Setting next_dagrun for example_time_delta_sensor_async to None, run_after=None
[2023-03-09T09:39:34.800+0000] {processor.py:175} INFO - Processing /home/airflow/.local/lib/python3.7/site-packages/airflow/example_dags/example_time_delta_sensor_async.py took 0.075 seconds
[2023-03-09T09:40:04.915+0000] {processor.py:153} INFO - Started process (PID=2923) to work on /home/airflow/.local/lib/python3.7/site-packages/airflow/example_dags/example_time_delta_sensor_async.py
[2023-03-09T09:40:04.916+0000] {processor.py:743} INFO - Processing file /home/airflow/.local/lib/python3.7/site-packages/airflow/example_dags/example_time_delta_sensor_async.py for tasks to queue
[2023-03-09T09:40:04.917+0000] {logging_mixin.py:137} INFO - [2023-03-09T09:40:04.917+0000] {dagbag.py:538} INFO - Filling up the DagBag from /home/airflow/.local/lib/python3.7/site-packages/airflow/example_dags/example_time_delta_sensor_async.py
[2023-03-09T09:40:04.926+0000] {processor.py:753} INFO - DAG(s) dict_keys(['example_time_delta_sensor_async']) retrieved from /home/airflow/.local/lib/python3.7/site-packages/airflow/example_dags/example_time_delta_sensor_async.py
[2023-03-09T09:40:04.943+0000] {logging_mixin.py:137} INFO - [2023-03-09T09:40:04.943+0000] {dag.py:2690} INFO - Sync 1 DAGs
[2023-03-09T09:40:04.959+0000] {logging_mixin.py:137} INFO - [2023-03-09T09:40:04.959+0000] {dag.py:3441} INFO - Setting next_dagrun for example_time_delta_sensor_async to None, run_after=None
[2023-03-09T09:40:04.972+0000] {processor.py:175} INFO - Processing /home/airflow/.local/lib/python3.7/site-packages/airflow/example_dags/example_time_delta_sensor_async.py took 0.059 seconds
[2023-03-09T09:40:35.090+0000] {processor.py:153} INFO - Started process (PID=3001) to work on /home/airflow/.local/lib/python3.7/site-packages/airflow/example_dags/example_time_delta_sensor_async.py
[2023-03-09T09:40:35.091+0000] {processor.py:743} INFO - Processing file /home/airflow/.local/lib/python3.7/site-packages/airflow/example_dags/example_time_delta_sensor_async.py for tasks to queue
[2023-03-09T09:40:35.092+0000] {logging_mixin.py:137} INFO - [2023-03-09T09:40:35.092+0000] {dagbag.py:538} INFO - Filling up the DagBag from /home/airflow/.local/lib/python3.7/site-packages/airflow/example_dags/example_time_delta_sensor_async.py
[2023-03-09T09:40:35.101+0000] {processor.py:753} INFO - DAG(s) dict_keys(['example_time_delta_sensor_async']) retrieved from /home/airflow/.local/lib/python3.7/site-packages/airflow/example_dags/example_time_delta_sensor_async.py
[2023-03-09T09:40:35.119+0000] {logging_mixin.py:137} INFO - [2023-03-09T09:40:35.118+0000] {dag.py:2690} INFO - Sync 1 DAGs
[2023-03-09T09:40:35.135+0000] {logging_mixin.py:137} INFO - [2023-03-09T09:40:35.135+0000] {dag.py:3441} INFO - Setting next_dagrun for example_time_delta_sensor_async to None, run_after=None
[2023-03-09T09:40:35.149+0000] {processor.py:175} INFO - Processing /home/airflow/.local/lib/python3.7/site-packages/airflow/example_dags/example_time_delta_sensor_async.py took 0.062 seconds
[2023-03-09T09:41:05.613+0000] {processor.py:153} INFO - Started process (PID=3083) to work on /home/airflow/.local/lib/python3.7/site-packages/airflow/example_dags/example_time_delta_sensor_async.py
[2023-03-09T09:41:05.616+0000] {processor.py:743} INFO - Processing file /home/airflow/.local/lib/python3.7/site-packages/airflow/example_dags/example_time_delta_sensor_async.py for tasks to queue
[2023-03-09T09:41:05.617+0000] {logging_mixin.py:137} INFO - [2023-03-09T09:41:05.617+0000] {dagbag.py:538} INFO - Filling up the DagBag from /home/airflow/.local/lib/python3.7/site-packages/airflow/example_dags/example_time_delta_sensor_async.py
[2023-03-09T09:41:05.640+0000] {processor.py:753} INFO - DAG(s) dict_keys(['example_time_delta_sensor_async']) retrieved from /home/airflow/.local/lib/python3.7/site-packages/airflow/example_dags/example_time_delta_sensor_async.py
[2023-03-09T09:41:05.663+0000] {logging_mixin.py:137} INFO - [2023-03-09T09:41:05.663+0000] {dag.py:2690} INFO - Sync 1 DAGs
[2023-03-09T09:41:05.701+0000] {logging_mixin.py:137} INFO - [2023-03-09T09:41:05.701+0000] {dag.py:3441} INFO - Setting next_dagrun for example_time_delta_sensor_async to None, run_after=None
[2023-03-09T09:41:05.735+0000] {processor.py:175} INFO - Processing /home/airflow/.local/lib/python3.7/site-packages/airflow/example_dags/example_time_delta_sensor_async.py took 0.124 seconds
[2023-03-09T09:41:36.228+0000] {processor.py:153} INFO - Started process (PID=3146) to work on /home/airflow/.local/lib/python3.7/site-packages/airflow/example_dags/example_time_delta_sensor_async.py
[2023-03-09T09:41:36.229+0000] {processor.py:743} INFO - Processing file /home/airflow/.local/lib/python3.7/site-packages/airflow/example_dags/example_time_delta_sensor_async.py for tasks to queue
[2023-03-09T09:41:36.230+0000] {logging_mixin.py:137} INFO - [2023-03-09T09:41:36.230+0000] {dagbag.py:538} INFO - Filling up the DagBag from /home/airflow/.local/lib/python3.7/site-packages/airflow/example_dags/example_time_delta_sensor_async.py
[2023-03-09T09:41:36.238+0000] {processor.py:753} INFO - DAG(s) dict_keys(['example_time_delta_sensor_async']) retrieved from /home/airflow/.local/lib/python3.7/site-packages/airflow/example_dags/example_time_delta_sensor_async.py
[2023-03-09T09:41:36.255+0000] {logging_mixin.py:137} INFO - [2023-03-09T09:41:36.255+0000] {dag.py:2690} INFO - Sync 1 DAGs
[2023-03-09T09:41:36.269+0000] {logging_mixin.py:137} INFO - [2023-03-09T09:41:36.269+0000] {dag.py:3441} INFO - Setting next_dagrun for example_time_delta_sensor_async to None, run_after=None
[2023-03-09T09:41:36.279+0000] {processor.py:175} INFO - Processing /home/airflow/.local/lib/python3.7/site-packages/airflow/example_dags/example_time_delta_sensor_async.py took 0.054 seconds
[2023-03-09T09:42:06.827+0000] {processor.py:153} INFO - Started process (PID=3224) to work on /home/airflow/.local/lib/python3.7/site-packages/airflow/example_dags/example_time_delta_sensor_async.py
[2023-03-09T09:42:06.828+0000] {processor.py:743} INFO - Processing file /home/airflow/.local/lib/python3.7/site-packages/airflow/example_dags/example_time_delta_sensor_async.py for tasks to queue
[2023-03-09T09:42:06.829+0000] {logging_mixin.py:137} INFO - [2023-03-09T09:42:06.829+0000] {dagbag.py:538} INFO - Filling up the DagBag from /home/airflow/.local/lib/python3.7/site-packages/airflow/example_dags/example_time_delta_sensor_async.py
[2023-03-09T09:42:06.837+0000] {processor.py:753} INFO - DAG(s) dict_keys(['example_time_delta_sensor_async']) retrieved from /home/airflow/.local/lib/python3.7/site-packages/airflow/example_dags/example_time_delta_sensor_async.py
[2023-03-09T09:42:06.854+0000] {logging_mixin.py:137} INFO - [2023-03-09T09:42:06.853+0000] {dag.py:2690} INFO - Sync 1 DAGs
[2023-03-09T09:42:06.868+0000] {logging_mixin.py:137} INFO - [2023-03-09T09:42:06.868+0000] {dag.py:3441} INFO - Setting next_dagrun for example_time_delta_sensor_async to None, run_after=None
[2023-03-09T09:42:06.880+0000] {processor.py:175} INFO - Processing /home/airflow/.local/lib/python3.7/site-packages/airflow/example_dags/example_time_delta_sensor_async.py took 0.055 seconds
[2023-03-09T09:42:37.136+0000] {processor.py:153} INFO - Started process (PID=3291) to work on /home/airflow/.local/lib/python3.7/site-packages/airflow/example_dags/example_time_delta_sensor_async.py
[2023-03-09T09:42:37.137+0000] {processor.py:743} INFO - Processing file /home/airflow/.local/lib/python3.7/site-packages/airflow/example_dags/example_time_delta_sensor_async.py for tasks to queue
[2023-03-09T09:42:37.138+0000] {logging_mixin.py:137} INFO - [2023-03-09T09:42:37.138+0000] {dagbag.py:538} INFO - Filling up the DagBag from /home/airflow/.local/lib/python3.7/site-packages/airflow/example_dags/example_time_delta_sensor_async.py
[2023-03-09T09:42:37.147+0000] {processor.py:753} INFO - DAG(s) dict_keys(['example_time_delta_sensor_async']) retrieved from /home/airflow/.local/lib/python3.7/site-packages/airflow/example_dags/example_time_delta_sensor_async.py
[2023-03-09T09:42:37.164+0000] {logging_mixin.py:137} INFO - [2023-03-09T09:42:37.164+0000] {dag.py:2690} INFO - Sync 1 DAGs
[2023-03-09T09:42:37.181+0000] {logging_mixin.py:137} INFO - [2023-03-09T09:42:37.181+0000] {dag.py:3441} INFO - Setting next_dagrun for example_time_delta_sensor_async to None, run_after=None
[2023-03-09T09:42:37.196+0000] {processor.py:175} INFO - Processing /home/airflow/.local/lib/python3.7/site-packages/airflow/example_dags/example_time_delta_sensor_async.py took 0.063 seconds
[2023-03-09T09:43:07.572+0000] {processor.py:153} INFO - Started process (PID=3369) to work on /home/airflow/.local/lib/python3.7/site-packages/airflow/example_dags/example_time_delta_sensor_async.py
[2023-03-09T09:43:07.573+0000] {processor.py:743} INFO - Processing file /home/airflow/.local/lib/python3.7/site-packages/airflow/example_dags/example_time_delta_sensor_async.py for tasks to queue
[2023-03-09T09:43:07.574+0000] {logging_mixin.py:137} INFO - [2023-03-09T09:43:07.574+0000] {dagbag.py:538} INFO - Filling up the DagBag from /home/airflow/.local/lib/python3.7/site-packages/airflow/example_dags/example_time_delta_sensor_async.py
[2023-03-09T09:43:07.583+0000] {processor.py:753} INFO - DAG(s) dict_keys(['example_time_delta_sensor_async']) retrieved from /home/airflow/.local/lib/python3.7/site-packages/airflow/example_dags/example_time_delta_sensor_async.py
[2023-03-09T09:43:07.601+0000] {logging_mixin.py:137} INFO - [2023-03-09T09:43:07.601+0000] {dag.py:2690} INFO - Sync 1 DAGs
[2023-03-09T09:43:07.617+0000] {logging_mixin.py:137} INFO - [2023-03-09T09:43:07.617+0000] {dag.py:3441} INFO - Setting next_dagrun for example_time_delta_sensor_async to None, run_after=None
[2023-03-09T09:43:07.629+0000] {processor.py:175} INFO - Processing /home/airflow/.local/lib/python3.7/site-packages/airflow/example_dags/example_time_delta_sensor_async.py took 0.060 seconds
[2023-03-09T09:43:37.908+0000] {processor.py:153} INFO - Started process (PID=3452) to work on /home/airflow/.local/lib/python3.7/site-packages/airflow/example_dags/example_time_delta_sensor_async.py
[2023-03-09T09:43:37.909+0000] {processor.py:743} INFO - Processing file /home/airflow/.local/lib/python3.7/site-packages/airflow/example_dags/example_time_delta_sensor_async.py for tasks to queue
[2023-03-09T09:43:37.911+0000] {logging_mixin.py:137} INFO - [2023-03-09T09:43:37.910+0000] {dagbag.py:538} INFO - Filling up the DagBag from /home/airflow/.local/lib/python3.7/site-packages/airflow/example_dags/example_time_delta_sensor_async.py
[2023-03-09T09:43:37.919+0000] {processor.py:753} INFO - DAG(s) dict_keys(['example_time_delta_sensor_async']) retrieved from /home/airflow/.local/lib/python3.7/site-packages/airflow/example_dags/example_time_delta_sensor_async.py
[2023-03-09T09:43:37.937+0000] {logging_mixin.py:137} INFO - [2023-03-09T09:43:37.937+0000] {dag.py:2690} INFO - Sync 1 DAGs
[2023-03-09T09:43:37.952+0000] {logging_mixin.py:137} INFO - [2023-03-09T09:43:37.952+0000] {dag.py:3441} INFO - Setting next_dagrun for example_time_delta_sensor_async to None, run_after=None
[2023-03-09T09:43:37.965+0000] {processor.py:175} INFO - Processing /home/airflow/.local/lib/python3.7/site-packages/airflow/example_dags/example_time_delta_sensor_async.py took 0.059 seconds
[2023-03-09T09:44:08.244+0000] {processor.py:153} INFO - Started process (PID=3518) to work on /home/airflow/.local/lib/python3.7/site-packages/airflow/example_dags/example_time_delta_sensor_async.py
[2023-03-09T09:44:08.246+0000] {processor.py:743} INFO - Processing file /home/airflow/.local/lib/python3.7/site-packages/airflow/example_dags/example_time_delta_sensor_async.py for tasks to queue
[2023-03-09T09:44:08.247+0000] {logging_mixin.py:137} INFO - [2023-03-09T09:44:08.247+0000] {dagbag.py:538} INFO - Filling up the DagBag from /home/airflow/.local/lib/python3.7/site-packages/airflow/example_dags/example_time_delta_sensor_async.py
[2023-03-09T09:44:08.255+0000] {processor.py:753} INFO - DAG(s) dict_keys(['example_time_delta_sensor_async']) retrieved from /home/airflow/.local/lib/python3.7/site-packages/airflow/example_dags/example_time_delta_sensor_async.py
[2023-03-09T09:44:08.273+0000] {logging_mixin.py:137} INFO - [2023-03-09T09:44:08.273+0000] {dag.py:2690} INFO - Sync 1 DAGs
[2023-03-09T09:44:08.288+0000] {logging_mixin.py:137} INFO - [2023-03-09T09:44:08.288+0000] {dag.py:3441} INFO - Setting next_dagrun for example_time_delta_sensor_async to None, run_after=None
[2023-03-09T09:44:08.301+0000] {processor.py:175} INFO - Processing /home/airflow/.local/lib/python3.7/site-packages/airflow/example_dags/example_time_delta_sensor_async.py took 0.059 seconds
[2023-03-09T09:44:38.510+0000] {processor.py:153} INFO - Started process (PID=3600) to work on /home/airflow/.local/lib/python3.7/site-packages/airflow/example_dags/example_time_delta_sensor_async.py
[2023-03-09T09:44:38.511+0000] {processor.py:743} INFO - Processing file /home/airflow/.local/lib/python3.7/site-packages/airflow/example_dags/example_time_delta_sensor_async.py for tasks to queue
[2023-03-09T09:44:38.512+0000] {logging_mixin.py:137} INFO - [2023-03-09T09:44:38.512+0000] {dagbag.py:538} INFO - Filling up the DagBag from /home/airflow/.local/lib/python3.7/site-packages/airflow/example_dags/example_time_delta_sensor_async.py
[2023-03-09T09:44:38.521+0000] {processor.py:753} INFO - DAG(s) dict_keys(['example_time_delta_sensor_async']) retrieved from /home/airflow/.local/lib/python3.7/site-packages/airflow/example_dags/example_time_delta_sensor_async.py
[2023-03-09T09:44:38.540+0000] {logging_mixin.py:137} INFO - [2023-03-09T09:44:38.540+0000] {dag.py:2690} INFO - Sync 1 DAGs
[2023-03-09T09:44:38.559+0000] {logging_mixin.py:137} INFO - [2023-03-09T09:44:38.558+0000] {dag.py:3441} INFO - Setting next_dagrun for example_time_delta_sensor_async to None, run_after=None
[2023-03-09T09:44:38.572+0000] {processor.py:175} INFO - Processing /home/airflow/.local/lib/python3.7/site-packages/airflow/example_dags/example_time_delta_sensor_async.py took 0.065 seconds
[2023-03-09T09:45:08.870+0000] {processor.py:153} INFO - Started process (PID=3678) to work on /home/airflow/.local/lib/python3.7/site-packages/airflow/example_dags/example_time_delta_sensor_async.py
[2023-03-09T09:45:08.871+0000] {processor.py:743} INFO - Processing file /home/airflow/.local/lib/python3.7/site-packages/airflow/example_dags/example_time_delta_sensor_async.py for tasks to queue
[2023-03-09T09:45:08.872+0000] {logging_mixin.py:137} INFO - [2023-03-09T09:45:08.872+0000] {dagbag.py:538} INFO - Filling up the DagBag from /home/airflow/.local/lib/python3.7/site-packages/airflow/example_dags/example_time_delta_sensor_async.py
[2023-03-09T09:45:08.880+0000] {processor.py:753} INFO - DAG(s) dict_keys(['example_time_delta_sensor_async']) retrieved from /home/airflow/.local/lib/python3.7/site-packages/airflow/example_dags/example_time_delta_sensor_async.py
[2023-03-09T09:45:08.897+0000] {logging_mixin.py:137} INFO - [2023-03-09T09:45:08.897+0000] {dag.py:2690} INFO - Sync 1 DAGs
[2023-03-09T09:45:08.912+0000] {logging_mixin.py:137} INFO - [2023-03-09T09:45:08.912+0000] {dag.py:3441} INFO - Setting next_dagrun for example_time_delta_sensor_async to None, run_after=None
[2023-03-09T09:45:08.922+0000] {processor.py:175} INFO - Processing /home/airflow/.local/lib/python3.7/site-packages/airflow/example_dags/example_time_delta_sensor_async.py took 0.054 seconds
[2023-03-09T09:45:39.257+0000] {processor.py:153} INFO - Started process (PID=3744) to work on /home/airflow/.local/lib/python3.7/site-packages/airflow/example_dags/example_time_delta_sensor_async.py
[2023-03-09T09:45:39.259+0000] {processor.py:743} INFO - Processing file /home/airflow/.local/lib/python3.7/site-packages/airflow/example_dags/example_time_delta_sensor_async.py for tasks to queue
[2023-03-09T09:45:39.260+0000] {logging_mixin.py:137} INFO - [2023-03-09T09:45:39.260+0000] {dagbag.py:538} INFO - Filling up the DagBag from /home/airflow/.local/lib/python3.7/site-packages/airflow/example_dags/example_time_delta_sensor_async.py
[2023-03-09T09:45:39.268+0000] {processor.py:753} INFO - DAG(s) dict_keys(['example_time_delta_sensor_async']) retrieved from /home/airflow/.local/lib/python3.7/site-packages/airflow/example_dags/example_time_delta_sensor_async.py
[2023-03-09T09:45:39.286+0000] {logging_mixin.py:137} INFO - [2023-03-09T09:45:39.286+0000] {dag.py:2690} INFO - Sync 1 DAGs
[2023-03-09T09:45:39.302+0000] {logging_mixin.py:137} INFO - [2023-03-09T09:45:39.302+0000] {dag.py:3441} INFO - Setting next_dagrun for example_time_delta_sensor_async to None, run_after=None
[2023-03-09T09:45:39.313+0000] {processor.py:175} INFO - Processing /home/airflow/.local/lib/python3.7/site-packages/airflow/example_dags/example_time_delta_sensor_async.py took 0.058 seconds
[2023-03-09T09:46:09.388+0000] {processor.py:153} INFO - Started process (PID=3828) to work on /home/airflow/.local/lib/python3.7/site-packages/airflow/example_dags/example_time_delta_sensor_async.py
[2023-03-09T09:46:09.390+0000] {processor.py:743} INFO - Processing file /home/airflow/.local/lib/python3.7/site-packages/airflow/example_dags/example_time_delta_sensor_async.py for tasks to queue
[2023-03-09T09:46:09.391+0000] {logging_mixin.py:137} INFO - [2023-03-09T09:46:09.390+0000] {dagbag.py:538} INFO - Filling up the DagBag from /home/airflow/.local/lib/python3.7/site-packages/airflow/example_dags/example_time_delta_sensor_async.py
[2023-03-09T09:46:09.398+0000] {processor.py:753} INFO - DAG(s) dict_keys(['example_time_delta_sensor_async']) retrieved from /home/airflow/.local/lib/python3.7/site-packages/airflow/example_dags/example_time_delta_sensor_async.py
[2023-03-09T09:46:09.417+0000] {logging_mixin.py:137} INFO - [2023-03-09T09:46:09.417+0000] {dag.py:2690} INFO - Sync 1 DAGs
[2023-03-09T09:46:09.431+0000] {logging_mixin.py:137} INFO - [2023-03-09T09:46:09.431+0000] {dag.py:3441} INFO - Setting next_dagrun for example_time_delta_sensor_async to None, run_after=None
[2023-03-09T09:46:09.442+0000] {processor.py:175} INFO - Processing /home/airflow/.local/lib/python3.7/site-packages/airflow/example_dags/example_time_delta_sensor_async.py took 0.056 seconds
[2023-03-09T09:46:39.773+0000] {processor.py:153} INFO - Started process (PID=3908) to work on /home/airflow/.local/lib/python3.7/site-packages/airflow/example_dags/example_time_delta_sensor_async.py
[2023-03-09T09:46:39.775+0000] {processor.py:743} INFO - Processing file /home/airflow/.local/lib/python3.7/site-packages/airflow/example_dags/example_time_delta_sensor_async.py for tasks to queue
[2023-03-09T09:46:39.777+0000] {logging_mixin.py:137} INFO - [2023-03-09T09:46:39.776+0000] {dagbag.py:538} INFO - Filling up the DagBag from /home/airflow/.local/lib/python3.7/site-packages/airflow/example_dags/example_time_delta_sensor_async.py
[2023-03-09T09:46:39.788+0000] {processor.py:753} INFO - DAG(s) dict_keys(['example_time_delta_sensor_async']) retrieved from /home/airflow/.local/lib/python3.7/site-packages/airflow/example_dags/example_time_delta_sensor_async.py
[2023-03-09T09:46:39.811+0000] {logging_mixin.py:137} INFO - [2023-03-09T09:46:39.810+0000] {dag.py:2690} INFO - Sync 1 DAGs
[2023-03-09T09:46:39.837+0000] {logging_mixin.py:137} INFO - [2023-03-09T09:46:39.837+0000] {dag.py:3441} INFO - Setting next_dagrun for example_time_delta_sensor_async to None, run_after=None
[2023-03-09T09:46:39.858+0000] {processor.py:175} INFO - Processing /home/airflow/.local/lib/python3.7/site-packages/airflow/example_dags/example_time_delta_sensor_async.py took 0.088 seconds
[2023-03-09T09:47:10.227+0000] {processor.py:153} INFO - Started process (PID=3976) to work on /home/airflow/.local/lib/python3.7/site-packages/airflow/example_dags/example_time_delta_sensor_async.py
[2023-03-09T09:47:10.228+0000] {processor.py:743} INFO - Processing file /home/airflow/.local/lib/python3.7/site-packages/airflow/example_dags/example_time_delta_sensor_async.py for tasks to queue
[2023-03-09T09:47:10.229+0000] {logging_mixin.py:137} INFO - [2023-03-09T09:47:10.229+0000] {dagbag.py:538} INFO - Filling up the DagBag from /home/airflow/.local/lib/python3.7/site-packages/airflow/example_dags/example_time_delta_sensor_async.py
[2023-03-09T09:47:10.237+0000] {processor.py:753} INFO - DAG(s) dict_keys(['example_time_delta_sensor_async']) retrieved from /home/airflow/.local/lib/python3.7/site-packages/airflow/example_dags/example_time_delta_sensor_async.py
[2023-03-09T09:47:10.254+0000] {logging_mixin.py:137} INFO - [2023-03-09T09:47:10.254+0000] {dag.py:2690} INFO - Sync 1 DAGs
[2023-03-09T09:47:10.268+0000] {logging_mixin.py:137} INFO - [2023-03-09T09:47:10.268+0000] {dag.py:3441} INFO - Setting next_dagrun for example_time_delta_sensor_async to None, run_after=None
[2023-03-09T09:47:10.279+0000] {processor.py:175} INFO - Processing /home/airflow/.local/lib/python3.7/site-packages/airflow/example_dags/example_time_delta_sensor_async.py took 0.054 seconds
[2023-03-09T09:47:40.647+0000] {processor.py:153} INFO - Started process (PID=4055) to work on /home/airflow/.local/lib/python3.7/site-packages/airflow/example_dags/example_time_delta_sensor_async.py
[2023-03-09T09:47:40.648+0000] {processor.py:743} INFO - Processing file /home/airflow/.local/lib/python3.7/site-packages/airflow/example_dags/example_time_delta_sensor_async.py for tasks to queue
[2023-03-09T09:47:40.649+0000] {logging_mixin.py:137} INFO - [2023-03-09T09:47:40.649+0000] {dagbag.py:538} INFO - Filling up the DagBag from /home/airflow/.local/lib/python3.7/site-packages/airflow/example_dags/example_time_delta_sensor_async.py
[2023-03-09T09:47:40.657+0000] {processor.py:753} INFO - DAG(s) dict_keys(['example_time_delta_sensor_async']) retrieved from /home/airflow/.local/lib/python3.7/site-packages/airflow/example_dags/example_time_delta_sensor_async.py
[2023-03-09T09:47:40.674+0000] {logging_mixin.py:137} INFO - [2023-03-09T09:47:40.673+0000] {dag.py:2690} INFO - Sync 1 DAGs
[2023-03-09T09:47:40.688+0000] {logging_mixin.py:137} INFO - [2023-03-09T09:47:40.688+0000] {dag.py:3441} INFO - Setting next_dagrun for example_time_delta_sensor_async to None, run_after=None
[2023-03-09T09:47:40.698+0000] {processor.py:175} INFO - Processing /home/airflow/.local/lib/python3.7/site-packages/airflow/example_dags/example_time_delta_sensor_async.py took 0.054 seconds
[2023-03-09T09:48:10.881+0000] {processor.py:153} INFO - Started process (PID=4119) to work on /home/airflow/.local/lib/python3.7/site-packages/airflow/example_dags/example_time_delta_sensor_async.py
[2023-03-09T09:48:10.883+0000] {processor.py:743} INFO - Processing file /home/airflow/.local/lib/python3.7/site-packages/airflow/example_dags/example_time_delta_sensor_async.py for tasks to queue
[2023-03-09T09:48:10.884+0000] {logging_mixin.py:137} INFO - [2023-03-09T09:48:10.884+0000] {dagbag.py:538} INFO - Filling up the DagBag from /home/airflow/.local/lib/python3.7/site-packages/airflow/example_dags/example_time_delta_sensor_async.py
[2023-03-09T09:48:10.893+0000] {processor.py:753} INFO - DAG(s) dict_keys(['example_time_delta_sensor_async']) retrieved from /home/airflow/.local/lib/python3.7/site-packages/airflow/example_dags/example_time_delta_sensor_async.py
[2023-03-09T09:48:10.911+0000] {logging_mixin.py:137} INFO - [2023-03-09T09:48:10.911+0000] {dag.py:2690} INFO - Sync 1 DAGs
[2023-03-09T09:48:10.928+0000] {logging_mixin.py:137} INFO - [2023-03-09T09:48:10.928+0000] {dag.py:3441} INFO - Setting next_dagrun for example_time_delta_sensor_async to None, run_after=None
[2023-03-09T09:48:10.940+0000] {processor.py:175} INFO - Processing /home/airflow/.local/lib/python3.7/site-packages/airflow/example_dags/example_time_delta_sensor_async.py took 0.061 seconds
[2023-03-09T09:48:41.275+0000] {processor.py:153} INFO - Started process (PID=4194) to work on /home/airflow/.local/lib/python3.7/site-packages/airflow/example_dags/example_time_delta_sensor_async.py
[2023-03-09T09:48:41.277+0000] {processor.py:743} INFO - Processing file /home/airflow/.local/lib/python3.7/site-packages/airflow/example_dags/example_time_delta_sensor_async.py for tasks to queue
[2023-03-09T09:48:41.278+0000] {logging_mixin.py:137} INFO - [2023-03-09T09:48:41.278+0000] {dagbag.py:538} INFO - Filling up the DagBag from /home/airflow/.local/lib/python3.7/site-packages/airflow/example_dags/example_time_delta_sensor_async.py
[2023-03-09T09:48:41.285+0000] {processor.py:753} INFO - DAG(s) dict_keys(['example_time_delta_sensor_async']) retrieved from /home/airflow/.local/lib/python3.7/site-packages/airflow/example_dags/example_time_delta_sensor_async.py
[2023-03-09T09:48:41.303+0000] {logging_mixin.py:137} INFO - [2023-03-09T09:48:41.302+0000] {dag.py:2690} INFO - Sync 1 DAGs
[2023-03-09T09:48:41.325+0000] {logging_mixin.py:137} INFO - [2023-03-09T09:48:41.325+0000] {dag.py:3441} INFO - Setting next_dagrun for example_time_delta_sensor_async to None, run_after=None
[2023-03-09T09:48:41.336+0000] {processor.py:175} INFO - Processing /home/airflow/.local/lib/python3.7/site-packages/airflow/example_dags/example_time_delta_sensor_async.py took 0.063 seconds
[2023-03-09T09:49:11.751+0000] {processor.py:153} INFO - Started process (PID=4278) to work on /home/airflow/.local/lib/python3.7/site-packages/airflow/example_dags/example_time_delta_sensor_async.py
[2023-03-09T09:49:11.752+0000] {processor.py:743} INFO - Processing file /home/airflow/.local/lib/python3.7/site-packages/airflow/example_dags/example_time_delta_sensor_async.py for tasks to queue
[2023-03-09T09:49:11.753+0000] {logging_mixin.py:137} INFO - [2023-03-09T09:49:11.753+0000] {dagbag.py:538} INFO - Filling up the DagBag from /home/airflow/.local/lib/python3.7/site-packages/airflow/example_dags/example_time_delta_sensor_async.py
[2023-03-09T09:49:11.761+0000] {processor.py:753} INFO - DAG(s) dict_keys(['example_time_delta_sensor_async']) retrieved from /home/airflow/.local/lib/python3.7/site-packages/airflow/example_dags/example_time_delta_sensor_async.py
[2023-03-09T09:49:11.779+0000] {logging_mixin.py:137} INFO - [2023-03-09T09:49:11.778+0000] {dag.py:2690} INFO - Sync 1 DAGs
[2023-03-09T09:49:11.793+0000] {logging_mixin.py:137} INFO - [2023-03-09T09:49:11.792+0000] {dag.py:3441} INFO - Setting next_dagrun for example_time_delta_sensor_async to None, run_after=None
[2023-03-09T09:49:11.803+0000] {processor.py:175} INFO - Processing /home/airflow/.local/lib/python3.7/site-packages/airflow/example_dags/example_time_delta_sensor_async.py took 0.054 seconds
[2023-03-09T09:49:41.855+0000] {processor.py:153} INFO - Started process (PID=4345) to work on /home/airflow/.local/lib/python3.7/site-packages/airflow/example_dags/example_time_delta_sensor_async.py
[2023-03-09T09:49:41.856+0000] {processor.py:743} INFO - Processing file /home/airflow/.local/lib/python3.7/site-packages/airflow/example_dags/example_time_delta_sensor_async.py for tasks to queue
[2023-03-09T09:49:41.858+0000] {logging_mixin.py:137} INFO - [2023-03-09T09:49:41.857+0000] {dagbag.py:538} INFO - Filling up the DagBag from /home/airflow/.local/lib/python3.7/site-packages/airflow/example_dags/example_time_delta_sensor_async.py
[2023-03-09T09:49:41.867+0000] {processor.py:753} INFO - DAG(s) dict_keys(['example_time_delta_sensor_async']) retrieved from /home/airflow/.local/lib/python3.7/site-packages/airflow/example_dags/example_time_delta_sensor_async.py
[2023-03-09T09:49:41.890+0000] {logging_mixin.py:137} INFO - [2023-03-09T09:49:41.890+0000] {dag.py:2690} INFO - Sync 1 DAGs
[2023-03-09T09:49:41.905+0000] {logging_mixin.py:137} INFO - [2023-03-09T09:49:41.905+0000] {dag.py:3441} INFO - Setting next_dagrun for example_time_delta_sensor_async to None, run_after=None
[2023-03-09T09:49:41.920+0000] {processor.py:175} INFO - Processing /home/airflow/.local/lib/python3.7/site-packages/airflow/example_dags/example_time_delta_sensor_async.py took 0.067 seconds
[2023-03-09T09:50:12.402+0000] {processor.py:153} INFO - Started process (PID=4424) to work on /home/airflow/.local/lib/python3.7/site-packages/airflow/example_dags/example_time_delta_sensor_async.py
[2023-03-09T09:50:12.404+0000] {processor.py:743} INFO - Processing file /home/airflow/.local/lib/python3.7/site-packages/airflow/example_dags/example_time_delta_sensor_async.py for tasks to queue
[2023-03-09T09:50:12.405+0000] {logging_mixin.py:137} INFO - [2023-03-09T09:50:12.405+0000] {dagbag.py:538} INFO - Filling up the DagBag from /home/airflow/.local/lib/python3.7/site-packages/airflow/example_dags/example_time_delta_sensor_async.py
[2023-03-09T09:50:12.414+0000] {processor.py:753} INFO - DAG(s) dict_keys(['example_time_delta_sensor_async']) retrieved from /home/airflow/.local/lib/python3.7/site-packages/airflow/example_dags/example_time_delta_sensor_async.py
[2023-03-09T09:50:12.433+0000] {logging_mixin.py:137} INFO - [2023-03-09T09:50:12.432+0000] {dag.py:2690} INFO - Sync 1 DAGs
[2023-03-09T09:50:12.448+0000] {logging_mixin.py:137} INFO - [2023-03-09T09:50:12.448+0000] {dag.py:3441} INFO - Setting next_dagrun for example_time_delta_sensor_async to None, run_after=None
[2023-03-09T09:50:12.463+0000] {processor.py:175} INFO - Processing /home/airflow/.local/lib/python3.7/site-packages/airflow/example_dags/example_time_delta_sensor_async.py took 0.063 seconds
