[2023-03-09T09:02:15.373+0000] {processor.py:153} INFO - Started process (PID=49) to work on /home/airflow/.local/lib/python3.7/site-packages/airflow/example_dags/example_latest_only_with_trigger.py
[2023-03-09T09:02:15.380+0000] {processor.py:743} INFO - Processing file /home/airflow/.local/lib/python3.7/site-packages/airflow/example_dags/example_latest_only_with_trigger.py for tasks to queue
[2023-03-09T09:02:15.406+0000] {logging_mixin.py:137} INFO - [2023-03-09T09:02:15.405+0000] {dagbag.py:538} INFO - Filling up the DagBag from /home/airflow/.local/lib/python3.7/site-packages/airflow/example_dags/example_latest_only_with_trigger.py
[2023-03-09T09:02:15.463+0000] {processor.py:753} INFO - DAG(s) dict_keys(['latest_only_with_trigger']) retrieved from /home/airflow/.local/lib/python3.7/site-packages/airflow/example_dags/example_latest_only_with_trigger.py
[2023-03-09T09:02:15.568+0000] {logging_mixin.py:137} INFO - [2023-03-09T09:02:15.567+0000] {dag.py:2690} INFO - Sync 1 DAGs
[2023-03-09T09:02:15.655+0000] {logging_mixin.py:137} INFO - [2023-03-09T09:02:15.652+0000] {dag.py:3441} INFO - Setting next_dagrun for latest_only_with_trigger to 2023-03-09T05:02:15.650098+00:00, run_after=2023-03-09T09:02:15.650098+00:00
[2023-03-09T09:02:15.745+0000] {processor.py:175} INFO - Processing /home/airflow/.local/lib/python3.7/site-packages/airflow/example_dags/example_latest_only_with_trigger.py took 0.408 seconds
[2023-03-09T09:02:46.588+0000] {processor.py:153} INFO - Started process (PID=118) to work on /home/airflow/.local/lib/python3.7/site-packages/airflow/example_dags/example_latest_only_with_trigger.py
[2023-03-09T09:02:46.589+0000] {processor.py:743} INFO - Processing file /home/airflow/.local/lib/python3.7/site-packages/airflow/example_dags/example_latest_only_with_trigger.py for tasks to queue
[2023-03-09T09:02:46.591+0000] {logging_mixin.py:137} INFO - [2023-03-09T09:02:46.590+0000] {dagbag.py:538} INFO - Filling up the DagBag from /home/airflow/.local/lib/python3.7/site-packages/airflow/example_dags/example_latest_only_with_trigger.py
[2023-03-09T09:02:46.601+0000] {processor.py:753} INFO - DAG(s) dict_keys(['latest_only_with_trigger']) retrieved from /home/airflow/.local/lib/python3.7/site-packages/airflow/example_dags/example_latest_only_with_trigger.py
[2023-03-09T09:02:46.620+0000] {logging_mixin.py:137} INFO - [2023-03-09T09:02:46.620+0000] {dag.py:2690} INFO - Sync 1 DAGs
[2023-03-09T09:02:46.636+0000] {logging_mixin.py:137} INFO - [2023-03-09T09:02:46.636+0000] {dag.py:3441} INFO - Setting next_dagrun for latest_only_with_trigger to 2023-03-09T05:02:46.636567+00:00, run_after=2023-03-09T09:02:46.636567+00:00
[2023-03-09T09:02:46.651+0000] {processor.py:175} INFO - Processing /home/airflow/.local/lib/python3.7/site-packages/airflow/example_dags/example_latest_only_with_trigger.py took 0.066 seconds
[2023-03-09T09:03:16.809+0000] {processor.py:153} INFO - Started process (PID=185) to work on /home/airflow/.local/lib/python3.7/site-packages/airflow/example_dags/example_latest_only_with_trigger.py
[2023-03-09T09:03:16.811+0000] {processor.py:743} INFO - Processing file /home/airflow/.local/lib/python3.7/site-packages/airflow/example_dags/example_latest_only_with_trigger.py for tasks to queue
[2023-03-09T09:03:16.812+0000] {logging_mixin.py:137} INFO - [2023-03-09T09:03:16.812+0000] {dagbag.py:538} INFO - Filling up the DagBag from /home/airflow/.local/lib/python3.7/site-packages/airflow/example_dags/example_latest_only_with_trigger.py
[2023-03-09T09:03:16.821+0000] {processor.py:753} INFO - DAG(s) dict_keys(['latest_only_with_trigger']) retrieved from /home/airflow/.local/lib/python3.7/site-packages/airflow/example_dags/example_latest_only_with_trigger.py
[2023-03-09T09:03:16.840+0000] {logging_mixin.py:137} INFO - [2023-03-09T09:03:16.840+0000] {dag.py:2690} INFO - Sync 1 DAGs
[2023-03-09T09:03:16.856+0000] {logging_mixin.py:137} INFO - [2023-03-09T09:03:16.856+0000] {dag.py:3441} INFO - Setting next_dagrun for latest_only_with_trigger to 2023-03-09T05:03:16.856370+00:00, run_after=2023-03-09T09:03:16.856370+00:00
[2023-03-09T09:03:16.869+0000] {processor.py:175} INFO - Processing /home/airflow/.local/lib/python3.7/site-packages/airflow/example_dags/example_latest_only_with_trigger.py took 0.063 seconds
[2023-03-09T09:03:47.334+0000] {processor.py:153} INFO - Started process (PID=264) to work on /home/airflow/.local/lib/python3.7/site-packages/airflow/example_dags/example_latest_only_with_trigger.py
[2023-03-09T09:03:47.336+0000] {processor.py:743} INFO - Processing file /home/airflow/.local/lib/python3.7/site-packages/airflow/example_dags/example_latest_only_with_trigger.py for tasks to queue
[2023-03-09T09:03:47.336+0000] {logging_mixin.py:137} INFO - [2023-03-09T09:03:47.336+0000] {dagbag.py:538} INFO - Filling up the DagBag from /home/airflow/.local/lib/python3.7/site-packages/airflow/example_dags/example_latest_only_with_trigger.py
[2023-03-09T09:03:47.346+0000] {processor.py:753} INFO - DAG(s) dict_keys(['latest_only_with_trigger']) retrieved from /home/airflow/.local/lib/python3.7/site-packages/airflow/example_dags/example_latest_only_with_trigger.py
[2023-03-09T09:03:47.364+0000] {logging_mixin.py:137} INFO - [2023-03-09T09:03:47.364+0000] {dag.py:2690} INFO - Sync 1 DAGs
[2023-03-09T09:03:47.382+0000] {logging_mixin.py:137} INFO - [2023-03-09T09:03:47.381+0000] {dag.py:3441} INFO - Setting next_dagrun for latest_only_with_trigger to 2023-03-09T05:03:47.381721+00:00, run_after=2023-03-09T09:03:47.381721+00:00
[2023-03-09T09:03:47.393+0000] {processor.py:175} INFO - Processing /home/airflow/.local/lib/python3.7/site-packages/airflow/example_dags/example_latest_only_with_trigger.py took 0.062 seconds
[2023-03-09T09:04:17.617+0000] {processor.py:153} INFO - Started process (PID=343) to work on /home/airflow/.local/lib/python3.7/site-packages/airflow/example_dags/example_latest_only_with_trigger.py
[2023-03-09T09:04:17.619+0000] {processor.py:743} INFO - Processing file /home/airflow/.local/lib/python3.7/site-packages/airflow/example_dags/example_latest_only_with_trigger.py for tasks to queue
[2023-03-09T09:04:17.621+0000] {logging_mixin.py:137} INFO - [2023-03-09T09:04:17.621+0000] {dagbag.py:538} INFO - Filling up the DagBag from /home/airflow/.local/lib/python3.7/site-packages/airflow/example_dags/example_latest_only_with_trigger.py
[2023-03-09T09:04:17.639+0000] {processor.py:753} INFO - DAG(s) dict_keys(['latest_only_with_trigger']) retrieved from /home/airflow/.local/lib/python3.7/site-packages/airflow/example_dags/example_latest_only_with_trigger.py
[2023-03-09T09:04:17.674+0000] {logging_mixin.py:137} INFO - [2023-03-09T09:04:17.674+0000] {dag.py:2690} INFO - Sync 1 DAGs
[2023-03-09T09:04:17.710+0000] {logging_mixin.py:137} INFO - [2023-03-09T09:04:17.710+0000] {dag.py:3441} INFO - Setting next_dagrun for latest_only_with_trigger to 2023-03-09T05:04:17.709843+00:00, run_after=2023-03-09T09:04:17.709843+00:00
[2023-03-09T09:04:17.735+0000] {processor.py:175} INFO - Processing /home/airflow/.local/lib/python3.7/site-packages/airflow/example_dags/example_latest_only_with_trigger.py took 0.121 seconds
[2023-03-09T09:20:40.358+0000] {processor.py:153} INFO - Started process (PID=40) to work on /home/airflow/.local/lib/python3.7/site-packages/airflow/example_dags/example_latest_only_with_trigger.py
[2023-03-09T09:20:40.361+0000] {processor.py:743} INFO - Processing file /home/airflow/.local/lib/python3.7/site-packages/airflow/example_dags/example_latest_only_with_trigger.py for tasks to queue
[2023-03-09T09:20:40.366+0000] {logging_mixin.py:137} INFO - [2023-03-09T09:20:40.365+0000] {dagbag.py:538} INFO - Filling up the DagBag from /home/airflow/.local/lib/python3.7/site-packages/airflow/example_dags/example_latest_only_with_trigger.py
[2023-03-09T09:20:40.382+0000] {processor.py:753} INFO - DAG(s) dict_keys(['latest_only_with_trigger']) retrieved from /home/airflow/.local/lib/python3.7/site-packages/airflow/example_dags/example_latest_only_with_trigger.py
[2023-03-09T09:20:40.481+0000] {logging_mixin.py:137} INFO - [2023-03-09T09:20:40.481+0000] {manager.py:504} INFO - Created Permission View: can read on DAG:latest_only_with_trigger
[2023-03-09T09:20:40.495+0000] {logging_mixin.py:137} INFO - [2023-03-09T09:20:40.494+0000] {manager.py:504} INFO - Created Permission View: can edit on DAG:latest_only_with_trigger
[2023-03-09T09:20:40.504+0000] {logging_mixin.py:137} INFO - [2023-03-09T09:20:40.504+0000] {manager.py:504} INFO - Created Permission View: can delete on DAG:latest_only_with_trigger
[2023-03-09T09:20:40.505+0000] {logging_mixin.py:137} INFO - [2023-03-09T09:20:40.505+0000] {dag.py:2690} INFO - Sync 1 DAGs
[2023-03-09T09:20:40.515+0000] {logging_mixin.py:137} INFO - [2023-03-09T09:20:40.515+0000] {dag.py:2711} INFO - Creating ORM DAG for latest_only_with_trigger
[2023-03-09T09:20:40.524+0000] {logging_mixin.py:137} INFO - [2023-03-09T09:20:40.524+0000] {dag.py:3441} INFO - Setting next_dagrun for latest_only_with_trigger to 2023-03-09T05:20:40.523893+00:00, run_after=2023-03-09T09:20:40.523893+00:00
[2023-03-09T09:20:40.547+0000] {processor.py:175} INFO - Processing /home/airflow/.local/lib/python3.7/site-packages/airflow/example_dags/example_latest_only_with_trigger.py took 0.194 seconds
[2023-03-09T09:21:10.668+0000] {processor.py:153} INFO - Started process (PID=104) to work on /home/airflow/.local/lib/python3.7/site-packages/airflow/example_dags/example_latest_only_with_trigger.py
[2023-03-09T09:21:10.670+0000] {processor.py:743} INFO - Processing file /home/airflow/.local/lib/python3.7/site-packages/airflow/example_dags/example_latest_only_with_trigger.py for tasks to queue
[2023-03-09T09:21:10.671+0000] {logging_mixin.py:137} INFO - [2023-03-09T09:21:10.671+0000] {dagbag.py:538} INFO - Filling up the DagBag from /home/airflow/.local/lib/python3.7/site-packages/airflow/example_dags/example_latest_only_with_trigger.py
[2023-03-09T09:21:10.684+0000] {processor.py:753} INFO - DAG(s) dict_keys(['latest_only_with_trigger']) retrieved from /home/airflow/.local/lib/python3.7/site-packages/airflow/example_dags/example_latest_only_with_trigger.py
[2023-03-09T09:21:10.707+0000] {logging_mixin.py:137} INFO - [2023-03-09T09:21:10.707+0000] {dag.py:2690} INFO - Sync 1 DAGs
[2023-03-09T09:21:10.728+0000] {logging_mixin.py:137} INFO - [2023-03-09T09:21:10.728+0000] {dag.py:3441} INFO - Setting next_dagrun for latest_only_with_trigger to 2023-03-09T05:21:10.727761+00:00, run_after=2023-03-09T09:21:10.727761+00:00
[2023-03-09T09:21:10.745+0000] {processor.py:175} INFO - Processing /home/airflow/.local/lib/python3.7/site-packages/airflow/example_dags/example_latest_only_with_trigger.py took 0.081 seconds
[2023-03-09T09:21:41.255+0000] {processor.py:153} INFO - Started process (PID=185) to work on /home/airflow/.local/lib/python3.7/site-packages/airflow/example_dags/example_latest_only_with_trigger.py
[2023-03-09T09:21:41.257+0000] {processor.py:743} INFO - Processing file /home/airflow/.local/lib/python3.7/site-packages/airflow/example_dags/example_latest_only_with_trigger.py for tasks to queue
[2023-03-09T09:21:41.259+0000] {logging_mixin.py:137} INFO - [2023-03-09T09:21:41.259+0000] {dagbag.py:538} INFO - Filling up the DagBag from /home/airflow/.local/lib/python3.7/site-packages/airflow/example_dags/example_latest_only_with_trigger.py
[2023-03-09T09:21:41.277+0000] {processor.py:753} INFO - DAG(s) dict_keys(['latest_only_with_trigger']) retrieved from /home/airflow/.local/lib/python3.7/site-packages/airflow/example_dags/example_latest_only_with_trigger.py
[2023-03-09T09:21:41.348+0000] {logging_mixin.py:137} INFO - [2023-03-09T09:21:41.348+0000] {dag.py:2690} INFO - Sync 1 DAGs
[2023-03-09T09:21:41.380+0000] {logging_mixin.py:137} INFO - [2023-03-09T09:21:41.380+0000] {dag.py:3441} INFO - Setting next_dagrun for latest_only_with_trigger to 2023-03-09T05:21:41.380228+00:00, run_after=2023-03-09T09:21:41.380228+00:00
[2023-03-09T09:21:41.407+0000] {processor.py:175} INFO - Processing /home/airflow/.local/lib/python3.7/site-packages/airflow/example_dags/example_latest_only_with_trigger.py took 0.155 seconds
[2023-03-09T09:22:12.286+0000] {processor.py:153} INFO - Started process (PID=264) to work on /home/airflow/.local/lib/python3.7/site-packages/airflow/example_dags/example_latest_only_with_trigger.py
[2023-03-09T09:22:12.290+0000] {processor.py:743} INFO - Processing file /home/airflow/.local/lib/python3.7/site-packages/airflow/example_dags/example_latest_only_with_trigger.py for tasks to queue
[2023-03-09T09:22:12.292+0000] {logging_mixin.py:137} INFO - [2023-03-09T09:22:12.291+0000] {dagbag.py:538} INFO - Filling up the DagBag from /home/airflow/.local/lib/python3.7/site-packages/airflow/example_dags/example_latest_only_with_trigger.py
[2023-03-09T09:22:12.305+0000] {processor.py:753} INFO - DAG(s) dict_keys(['latest_only_with_trigger']) retrieved from /home/airflow/.local/lib/python3.7/site-packages/airflow/example_dags/example_latest_only_with_trigger.py
[2023-03-09T09:22:12.331+0000] {logging_mixin.py:137} INFO - [2023-03-09T09:22:12.331+0000] {dag.py:2690} INFO - Sync 1 DAGs
[2023-03-09T09:22:12.352+0000] {logging_mixin.py:137} INFO - [2023-03-09T09:22:12.352+0000] {dag.py:3441} INFO - Setting next_dagrun for latest_only_with_trigger to 2023-03-09T05:22:12.351939+00:00, run_after=2023-03-09T09:22:12.351939+00:00
[2023-03-09T09:22:12.366+0000] {processor.py:175} INFO - Processing /home/airflow/.local/lib/python3.7/site-packages/airflow/example_dags/example_latest_only_with_trigger.py took 0.087 seconds
[2023-03-09T09:22:42.638+0000] {processor.py:153} INFO - Started process (PID=328) to work on /home/airflow/.local/lib/python3.7/site-packages/airflow/example_dags/example_latest_only_with_trigger.py
[2023-03-09T09:22:42.640+0000] {processor.py:743} INFO - Processing file /home/airflow/.local/lib/python3.7/site-packages/airflow/example_dags/example_latest_only_with_trigger.py for tasks to queue
[2023-03-09T09:22:42.641+0000] {logging_mixin.py:137} INFO - [2023-03-09T09:22:42.641+0000] {dagbag.py:538} INFO - Filling up the DagBag from /home/airflow/.local/lib/python3.7/site-packages/airflow/example_dags/example_latest_only_with_trigger.py
[2023-03-09T09:22:42.652+0000] {processor.py:753} INFO - DAG(s) dict_keys(['latest_only_with_trigger']) retrieved from /home/airflow/.local/lib/python3.7/site-packages/airflow/example_dags/example_latest_only_with_trigger.py
[2023-03-09T09:22:42.672+0000] {logging_mixin.py:137} INFO - [2023-03-09T09:22:42.672+0000] {dag.py:2690} INFO - Sync 1 DAGs
[2023-03-09T09:22:42.690+0000] {logging_mixin.py:137} INFO - [2023-03-09T09:22:42.690+0000] {dag.py:3441} INFO - Setting next_dagrun for latest_only_with_trigger to 2023-03-09T05:22:42.689848+00:00, run_after=2023-03-09T09:22:42.689848+00:00
[2023-03-09T09:22:42.704+0000] {processor.py:175} INFO - Processing /home/airflow/.local/lib/python3.7/site-packages/airflow/example_dags/example_latest_only_with_trigger.py took 0.068 seconds
[2023-03-09T09:23:12.879+0000] {processor.py:153} INFO - Started process (PID=408) to work on /home/airflow/.local/lib/python3.7/site-packages/airflow/example_dags/example_latest_only_with_trigger.py
[2023-03-09T09:23:12.880+0000] {processor.py:743} INFO - Processing file /home/airflow/.local/lib/python3.7/site-packages/airflow/example_dags/example_latest_only_with_trigger.py for tasks to queue
[2023-03-09T09:23:12.881+0000] {logging_mixin.py:137} INFO - [2023-03-09T09:23:12.881+0000] {dagbag.py:538} INFO - Filling up the DagBag from /home/airflow/.local/lib/python3.7/site-packages/airflow/example_dags/example_latest_only_with_trigger.py
[2023-03-09T09:23:12.890+0000] {processor.py:753} INFO - DAG(s) dict_keys(['latest_only_with_trigger']) retrieved from /home/airflow/.local/lib/python3.7/site-packages/airflow/example_dags/example_latest_only_with_trigger.py
[2023-03-09T09:23:12.906+0000] {logging_mixin.py:137} INFO - [2023-03-09T09:23:12.906+0000] {dag.py:2690} INFO - Sync 1 DAGs
[2023-03-09T09:23:12.920+0000] {logging_mixin.py:137} INFO - [2023-03-09T09:23:12.920+0000] {dag.py:3441} INFO - Setting next_dagrun for latest_only_with_trigger to 2023-03-09T05:23:12.920743+00:00, run_after=2023-03-09T09:23:12.920743+00:00
[2023-03-09T09:23:12.931+0000] {processor.py:175} INFO - Processing /home/airflow/.local/lib/python3.7/site-packages/airflow/example_dags/example_latest_only_with_trigger.py took 0.055 seconds
[2023-03-09T09:23:43.163+0000] {processor.py:153} INFO - Started process (PID=495) to work on /home/airflow/.local/lib/python3.7/site-packages/airflow/example_dags/example_latest_only_with_trigger.py
[2023-03-09T09:23:43.164+0000] {processor.py:743} INFO - Processing file /home/airflow/.local/lib/python3.7/site-packages/airflow/example_dags/example_latest_only_with_trigger.py for tasks to queue
[2023-03-09T09:23:43.165+0000] {logging_mixin.py:137} INFO - [2023-03-09T09:23:43.165+0000] {dagbag.py:538} INFO - Filling up the DagBag from /home/airflow/.local/lib/python3.7/site-packages/airflow/example_dags/example_latest_only_with_trigger.py
[2023-03-09T09:23:43.175+0000] {processor.py:753} INFO - DAG(s) dict_keys(['latest_only_with_trigger']) retrieved from /home/airflow/.local/lib/python3.7/site-packages/airflow/example_dags/example_latest_only_with_trigger.py
[2023-03-09T09:23:43.192+0000] {logging_mixin.py:137} INFO - [2023-03-09T09:23:43.192+0000] {dag.py:2690} INFO - Sync 1 DAGs
[2023-03-09T09:23:43.209+0000] {logging_mixin.py:137} INFO - [2023-03-09T09:23:43.209+0000] {dag.py:3441} INFO - Setting next_dagrun for latest_only_with_trigger to 2023-03-09T05:23:43.209078+00:00, run_after=2023-03-09T09:23:43.209078+00:00
[2023-03-09T09:23:43.221+0000] {processor.py:175} INFO - Processing /home/airflow/.local/lib/python3.7/site-packages/airflow/example_dags/example_latest_only_with_trigger.py took 0.061 seconds
[2023-03-09T09:24:14.363+0000] {processor.py:153} INFO - Started process (PID=558) to work on /home/airflow/.local/lib/python3.7/site-packages/airflow/example_dags/example_latest_only_with_trigger.py
[2023-03-09T09:24:14.365+0000] {processor.py:743} INFO - Processing file /home/airflow/.local/lib/python3.7/site-packages/airflow/example_dags/example_latest_only_with_trigger.py for tasks to queue
[2023-03-09T09:24:14.366+0000] {logging_mixin.py:137} INFO - [2023-03-09T09:24:14.366+0000] {dagbag.py:538} INFO - Filling up the DagBag from /home/airflow/.local/lib/python3.7/site-packages/airflow/example_dags/example_latest_only_with_trigger.py
[2023-03-09T09:24:14.377+0000] {processor.py:753} INFO - DAG(s) dict_keys(['latest_only_with_trigger']) retrieved from /home/airflow/.local/lib/python3.7/site-packages/airflow/example_dags/example_latest_only_with_trigger.py
[2023-03-09T09:24:14.400+0000] {logging_mixin.py:137} INFO - [2023-03-09T09:24:14.400+0000] {dag.py:2690} INFO - Sync 1 DAGs
[2023-03-09T09:24:14.418+0000] {logging_mixin.py:137} INFO - [2023-03-09T09:24:14.418+0000] {dag.py:3441} INFO - Setting next_dagrun for latest_only_with_trigger to 2023-03-09T05:24:14.417821+00:00, run_after=2023-03-09T09:24:14.417821+00:00
[2023-03-09T09:24:14.432+0000] {processor.py:175} INFO - Processing /home/airflow/.local/lib/python3.7/site-packages/airflow/example_dags/example_latest_only_with_trigger.py took 0.071 seconds
[2023-03-09T09:24:45.193+0000] {processor.py:153} INFO - Started process (PID=636) to work on /home/airflow/.local/lib/python3.7/site-packages/airflow/example_dags/example_latest_only_with_trigger.py
[2023-03-09T09:24:45.195+0000] {processor.py:743} INFO - Processing file /home/airflow/.local/lib/python3.7/site-packages/airflow/example_dags/example_latest_only_with_trigger.py for tasks to queue
[2023-03-09T09:24:45.196+0000] {logging_mixin.py:137} INFO - [2023-03-09T09:24:45.196+0000] {dagbag.py:538} INFO - Filling up the DagBag from /home/airflow/.local/lib/python3.7/site-packages/airflow/example_dags/example_latest_only_with_trigger.py
[2023-03-09T09:24:45.206+0000] {processor.py:753} INFO - DAG(s) dict_keys(['latest_only_with_trigger']) retrieved from /home/airflow/.local/lib/python3.7/site-packages/airflow/example_dags/example_latest_only_with_trigger.py
[2023-03-09T09:24:45.226+0000] {logging_mixin.py:137} INFO - [2023-03-09T09:24:45.226+0000] {dag.py:2690} INFO - Sync 1 DAGs
[2023-03-09T09:24:45.241+0000] {logging_mixin.py:137} INFO - [2023-03-09T09:24:45.241+0000] {dag.py:3441} INFO - Setting next_dagrun for latest_only_with_trigger to 2023-03-09T05:24:45.241467+00:00, run_after=2023-03-09T09:24:45.241467+00:00
[2023-03-09T09:24:45.254+0000] {processor.py:175} INFO - Processing /home/airflow/.local/lib/python3.7/site-packages/airflow/example_dags/example_latest_only_with_trigger.py took 0.063 seconds
[2023-03-09T09:25:15.488+0000] {processor.py:153} INFO - Started process (PID=712) to work on /home/airflow/.local/lib/python3.7/site-packages/airflow/example_dags/example_latest_only_with_trigger.py
[2023-03-09T09:25:15.490+0000] {processor.py:743} INFO - Processing file /home/airflow/.local/lib/python3.7/site-packages/airflow/example_dags/example_latest_only_with_trigger.py for tasks to queue
[2023-03-09T09:25:15.491+0000] {logging_mixin.py:137} INFO - [2023-03-09T09:25:15.491+0000] {dagbag.py:538} INFO - Filling up the DagBag from /home/airflow/.local/lib/python3.7/site-packages/airflow/example_dags/example_latest_only_with_trigger.py
[2023-03-09T09:25:15.502+0000] {processor.py:753} INFO - DAG(s) dict_keys(['latest_only_with_trigger']) retrieved from /home/airflow/.local/lib/python3.7/site-packages/airflow/example_dags/example_latest_only_with_trigger.py
[2023-03-09T09:25:15.523+0000] {logging_mixin.py:137} INFO - [2023-03-09T09:25:15.523+0000] {dag.py:2690} INFO - Sync 1 DAGs
[2023-03-09T09:25:15.541+0000] {logging_mixin.py:137} INFO - [2023-03-09T09:25:15.541+0000] {dag.py:3441} INFO - Setting next_dagrun for latest_only_with_trigger to 2023-03-09T05:25:15.541265+00:00, run_after=2023-03-09T09:25:15.541265+00:00
[2023-03-09T09:25:15.555+0000] {processor.py:175} INFO - Processing /home/airflow/.local/lib/python3.7/site-packages/airflow/example_dags/example_latest_only_with_trigger.py took 0.072 seconds
[2023-03-09T09:25:45.716+0000] {processor.py:153} INFO - Started process (PID=781) to work on /home/airflow/.local/lib/python3.7/site-packages/airflow/example_dags/example_latest_only_with_trigger.py
[2023-03-09T09:25:45.718+0000] {processor.py:743} INFO - Processing file /home/airflow/.local/lib/python3.7/site-packages/airflow/example_dags/example_latest_only_with_trigger.py for tasks to queue
[2023-03-09T09:25:45.719+0000] {logging_mixin.py:137} INFO - [2023-03-09T09:25:45.719+0000] {dagbag.py:538} INFO - Filling up the DagBag from /home/airflow/.local/lib/python3.7/site-packages/airflow/example_dags/example_latest_only_with_trigger.py
[2023-03-09T09:25:45.734+0000] {processor.py:753} INFO - DAG(s) dict_keys(['latest_only_with_trigger']) retrieved from /home/airflow/.local/lib/python3.7/site-packages/airflow/example_dags/example_latest_only_with_trigger.py
[2023-03-09T09:25:45.754+0000] {logging_mixin.py:137} INFO - [2023-03-09T09:25:45.754+0000] {dag.py:2690} INFO - Sync 1 DAGs
[2023-03-09T09:25:45.777+0000] {logging_mixin.py:137} INFO - [2023-03-09T09:25:45.776+0000] {dag.py:3441} INFO - Setting next_dagrun for latest_only_with_trigger to 2023-03-09T05:25:45.776826+00:00, run_after=2023-03-09T09:25:45.776826+00:00
[2023-03-09T09:25:45.793+0000] {processor.py:175} INFO - Processing /home/airflow/.local/lib/python3.7/site-packages/airflow/example_dags/example_latest_only_with_trigger.py took 0.080 seconds
[2023-03-09T09:26:16.180+0000] {processor.py:153} INFO - Started process (PID=857) to work on /home/airflow/.local/lib/python3.7/site-packages/airflow/example_dags/example_latest_only_with_trigger.py
[2023-03-09T09:26:16.182+0000] {processor.py:743} INFO - Processing file /home/airflow/.local/lib/python3.7/site-packages/airflow/example_dags/example_latest_only_with_trigger.py for tasks to queue
[2023-03-09T09:26:16.183+0000] {logging_mixin.py:137} INFO - [2023-03-09T09:26:16.183+0000] {dagbag.py:538} INFO - Filling up the DagBag from /home/airflow/.local/lib/python3.7/site-packages/airflow/example_dags/example_latest_only_with_trigger.py
[2023-03-09T09:26:16.194+0000] {processor.py:753} INFO - DAG(s) dict_keys(['latest_only_with_trigger']) retrieved from /home/airflow/.local/lib/python3.7/site-packages/airflow/example_dags/example_latest_only_with_trigger.py
[2023-03-09T09:26:16.213+0000] {logging_mixin.py:137} INFO - [2023-03-09T09:26:16.213+0000] {dag.py:2690} INFO - Sync 1 DAGs
[2023-03-09T09:26:16.230+0000] {logging_mixin.py:137} INFO - [2023-03-09T09:26:16.230+0000] {dag.py:3441} INFO - Setting next_dagrun for latest_only_with_trigger to 2023-03-09T05:26:16.230468+00:00, run_after=2023-03-09T09:26:16.230468+00:00
[2023-03-09T09:26:16.242+0000] {processor.py:175} INFO - Processing /home/airflow/.local/lib/python3.7/site-packages/airflow/example_dags/example_latest_only_with_trigger.py took 0.065 seconds
[2023-03-09T09:26:47.173+0000] {processor.py:153} INFO - Started process (PID=936) to work on /home/airflow/.local/lib/python3.7/site-packages/airflow/example_dags/example_latest_only_with_trigger.py
[2023-03-09T09:26:47.175+0000] {processor.py:743} INFO - Processing file /home/airflow/.local/lib/python3.7/site-packages/airflow/example_dags/example_latest_only_with_trigger.py for tasks to queue
[2023-03-09T09:26:47.176+0000] {logging_mixin.py:137} INFO - [2023-03-09T09:26:47.176+0000] {dagbag.py:538} INFO - Filling up the DagBag from /home/airflow/.local/lib/python3.7/site-packages/airflow/example_dags/example_latest_only_with_trigger.py
[2023-03-09T09:26:47.186+0000] {processor.py:753} INFO - DAG(s) dict_keys(['latest_only_with_trigger']) retrieved from /home/airflow/.local/lib/python3.7/site-packages/airflow/example_dags/example_latest_only_with_trigger.py
[2023-03-09T09:26:47.203+0000] {logging_mixin.py:137} INFO - [2023-03-09T09:26:47.203+0000] {dag.py:2690} INFO - Sync 1 DAGs
[2023-03-09T09:26:47.219+0000] {logging_mixin.py:137} INFO - [2023-03-09T09:26:47.219+0000] {dag.py:3441} INFO - Setting next_dagrun for latest_only_with_trigger to 2023-03-09T05:26:47.219563+00:00, run_after=2023-03-09T09:26:47.219563+00:00
[2023-03-09T09:26:47.230+0000] {processor.py:175} INFO - Processing /home/airflow/.local/lib/python3.7/site-packages/airflow/example_dags/example_latest_only_with_trigger.py took 0.060 seconds
[2023-03-09T09:27:17.472+0000] {processor.py:153} INFO - Started process (PID=1005) to work on /home/airflow/.local/lib/python3.7/site-packages/airflow/example_dags/example_latest_only_with_trigger.py
[2023-03-09T09:27:17.474+0000] {processor.py:743} INFO - Processing file /home/airflow/.local/lib/python3.7/site-packages/airflow/example_dags/example_latest_only_with_trigger.py for tasks to queue
[2023-03-09T09:27:17.475+0000] {logging_mixin.py:137} INFO - [2023-03-09T09:27:17.475+0000] {dagbag.py:538} INFO - Filling up the DagBag from /home/airflow/.local/lib/python3.7/site-packages/airflow/example_dags/example_latest_only_with_trigger.py
[2023-03-09T09:27:17.485+0000] {processor.py:753} INFO - DAG(s) dict_keys(['latest_only_with_trigger']) retrieved from /home/airflow/.local/lib/python3.7/site-packages/airflow/example_dags/example_latest_only_with_trigger.py
[2023-03-09T09:27:17.503+0000] {logging_mixin.py:137} INFO - [2023-03-09T09:27:17.503+0000] {dag.py:2690} INFO - Sync 1 DAGs
[2023-03-09T09:27:17.520+0000] {logging_mixin.py:137} INFO - [2023-03-09T09:27:17.520+0000] {dag.py:3441} INFO - Setting next_dagrun for latest_only_with_trigger to 2023-03-09T05:27:17.519899+00:00, run_after=2023-03-09T09:27:17.519899+00:00
[2023-03-09T09:27:17.535+0000] {processor.py:175} INFO - Processing /home/airflow/.local/lib/python3.7/site-packages/airflow/example_dags/example_latest_only_with_trigger.py took 0.065 seconds
[2023-03-09T09:27:48.673+0000] {processor.py:153} INFO - Started process (PID=1086) to work on /home/airflow/.local/lib/python3.7/site-packages/airflow/example_dags/example_latest_only_with_trigger.py
[2023-03-09T09:27:48.674+0000] {processor.py:743} INFO - Processing file /home/airflow/.local/lib/python3.7/site-packages/airflow/example_dags/example_latest_only_with_trigger.py for tasks to queue
[2023-03-09T09:27:48.675+0000] {logging_mixin.py:137} INFO - [2023-03-09T09:27:48.675+0000] {dagbag.py:538} INFO - Filling up the DagBag from /home/airflow/.local/lib/python3.7/site-packages/airflow/example_dags/example_latest_only_with_trigger.py
[2023-03-09T09:27:48.685+0000] {processor.py:753} INFO - DAG(s) dict_keys(['latest_only_with_trigger']) retrieved from /home/airflow/.local/lib/python3.7/site-packages/airflow/example_dags/example_latest_only_with_trigger.py
[2023-03-09T09:27:48.704+0000] {logging_mixin.py:137} INFO - [2023-03-09T09:27:48.704+0000] {dag.py:2690} INFO - Sync 1 DAGs
[2023-03-09T09:27:48.725+0000] {logging_mixin.py:137} INFO - [2023-03-09T09:27:48.725+0000] {dag.py:3441} INFO - Setting next_dagrun for latest_only_with_trigger to 2023-03-09T05:27:48.725045+00:00, run_after=2023-03-09T09:27:48.725045+00:00
[2023-03-09T09:27:48.739+0000] {processor.py:175} INFO - Processing /home/airflow/.local/lib/python3.7/site-packages/airflow/example_dags/example_latest_only_with_trigger.py took 0.069 seconds
[2023-03-09T09:28:18.859+0000] {processor.py:153} INFO - Started process (PID=1166) to work on /home/airflow/.local/lib/python3.7/site-packages/airflow/example_dags/example_latest_only_with_trigger.py
[2023-03-09T09:28:18.860+0000] {processor.py:743} INFO - Processing file /home/airflow/.local/lib/python3.7/site-packages/airflow/example_dags/example_latest_only_with_trigger.py for tasks to queue
[2023-03-09T09:28:18.862+0000] {logging_mixin.py:137} INFO - [2023-03-09T09:28:18.862+0000] {dagbag.py:538} INFO - Filling up the DagBag from /home/airflow/.local/lib/python3.7/site-packages/airflow/example_dags/example_latest_only_with_trigger.py
[2023-03-09T09:28:18.871+0000] {processor.py:753} INFO - DAG(s) dict_keys(['latest_only_with_trigger']) retrieved from /home/airflow/.local/lib/python3.7/site-packages/airflow/example_dags/example_latest_only_with_trigger.py
[2023-03-09T09:28:18.890+0000] {logging_mixin.py:137} INFO - [2023-03-09T09:28:18.890+0000] {dag.py:2690} INFO - Sync 1 DAGs
[2023-03-09T09:28:18.906+0000] {logging_mixin.py:137} INFO - [2023-03-09T09:28:18.906+0000] {dag.py:3441} INFO - Setting next_dagrun for latest_only_with_trigger to 2023-03-09T05:28:18.906195+00:00, run_after=2023-03-09T09:28:18.906195+00:00
[2023-03-09T09:28:18.918+0000] {processor.py:175} INFO - Processing /home/airflow/.local/lib/python3.7/site-packages/airflow/example_dags/example_latest_only_with_trigger.py took 0.061 seconds
[2023-03-09T09:28:49.273+0000] {processor.py:153} INFO - Started process (PID=1241) to work on /home/airflow/.local/lib/python3.7/site-packages/airflow/example_dags/example_latest_only_with_trigger.py
[2023-03-09T09:28:49.275+0000] {processor.py:743} INFO - Processing file /home/airflow/.local/lib/python3.7/site-packages/airflow/example_dags/example_latest_only_with_trigger.py for tasks to queue
[2023-03-09T09:28:49.277+0000] {logging_mixin.py:137} INFO - [2023-03-09T09:28:49.276+0000] {dagbag.py:538} INFO - Filling up the DagBag from /home/airflow/.local/lib/python3.7/site-packages/airflow/example_dags/example_latest_only_with_trigger.py
[2023-03-09T09:28:49.288+0000] {processor.py:753} INFO - DAG(s) dict_keys(['latest_only_with_trigger']) retrieved from /home/airflow/.local/lib/python3.7/site-packages/airflow/example_dags/example_latest_only_with_trigger.py
[2023-03-09T09:28:49.308+0000] {logging_mixin.py:137} INFO - [2023-03-09T09:28:49.308+0000] {dag.py:2690} INFO - Sync 1 DAGs
[2023-03-09T09:28:49.329+0000] {logging_mixin.py:137} INFO - [2023-03-09T09:28:49.329+0000] {dag.py:3441} INFO - Setting next_dagrun for latest_only_with_trigger to 2023-03-09T05:28:49.329601+00:00, run_after=2023-03-09T09:28:49.329601+00:00
[2023-03-09T09:28:49.345+0000] {processor.py:175} INFO - Processing /home/airflow/.local/lib/python3.7/site-packages/airflow/example_dags/example_latest_only_with_trigger.py took 0.074 seconds
[2023-03-09T09:29:19.674+0000] {processor.py:153} INFO - Started process (PID=1311) to work on /home/airflow/.local/lib/python3.7/site-packages/airflow/example_dags/example_latest_only_with_trigger.py
[2023-03-09T09:29:19.676+0000] {processor.py:743} INFO - Processing file /home/airflow/.local/lib/python3.7/site-packages/airflow/example_dags/example_latest_only_with_trigger.py for tasks to queue
[2023-03-09T09:29:19.677+0000] {logging_mixin.py:137} INFO - [2023-03-09T09:29:19.677+0000] {dagbag.py:538} INFO - Filling up the DagBag from /home/airflow/.local/lib/python3.7/site-packages/airflow/example_dags/example_latest_only_with_trigger.py
[2023-03-09T09:29:19.692+0000] {processor.py:753} INFO - DAG(s) dict_keys(['latest_only_with_trigger']) retrieved from /home/airflow/.local/lib/python3.7/site-packages/airflow/example_dags/example_latest_only_with_trigger.py
[2023-03-09T09:29:19.716+0000] {logging_mixin.py:137} INFO - [2023-03-09T09:29:19.716+0000] {dag.py:2690} INFO - Sync 1 DAGs
[2023-03-09T09:29:19.734+0000] {logging_mixin.py:137} INFO - [2023-03-09T09:29:19.733+0000] {dag.py:3441} INFO - Setting next_dagrun for latest_only_with_trigger to 2023-03-09T05:29:19.733316+00:00, run_after=2023-03-09T09:29:19.733316+00:00
[2023-03-09T09:29:19.745+0000] {processor.py:175} INFO - Processing /home/airflow/.local/lib/python3.7/site-packages/airflow/example_dags/example_latest_only_with_trigger.py took 0.074 seconds
[2023-03-09T09:29:49.937+0000] {processor.py:153} INFO - Started process (PID=1394) to work on /home/airflow/.local/lib/python3.7/site-packages/airflow/example_dags/example_latest_only_with_trigger.py
[2023-03-09T09:29:49.938+0000] {processor.py:743} INFO - Processing file /home/airflow/.local/lib/python3.7/site-packages/airflow/example_dags/example_latest_only_with_trigger.py for tasks to queue
[2023-03-09T09:29:49.939+0000] {logging_mixin.py:137} INFO - [2023-03-09T09:29:49.939+0000] {dagbag.py:538} INFO - Filling up the DagBag from /home/airflow/.local/lib/python3.7/site-packages/airflow/example_dags/example_latest_only_with_trigger.py
[2023-03-09T09:29:49.948+0000] {processor.py:753} INFO - DAG(s) dict_keys(['latest_only_with_trigger']) retrieved from /home/airflow/.local/lib/python3.7/site-packages/airflow/example_dags/example_latest_only_with_trigger.py
[2023-03-09T09:29:49.965+0000] {logging_mixin.py:137} INFO - [2023-03-09T09:29:49.965+0000] {dag.py:2690} INFO - Sync 1 DAGs
[2023-03-09T09:29:49.979+0000] {logging_mixin.py:137} INFO - [2023-03-09T09:29:49.979+0000] {dag.py:3441} INFO - Setting next_dagrun for latest_only_with_trigger to 2023-03-09T05:29:49.979360+00:00, run_after=2023-03-09T09:29:49.979360+00:00
[2023-03-09T09:29:49.990+0000] {processor.py:175} INFO - Processing /home/airflow/.local/lib/python3.7/site-packages/airflow/example_dags/example_latest_only_with_trigger.py took 0.055 seconds
[2023-03-09T09:30:20.347+0000] {processor.py:153} INFO - Started process (PID=1461) to work on /home/airflow/.local/lib/python3.7/site-packages/airflow/example_dags/example_latest_only_with_trigger.py
[2023-03-09T09:30:20.349+0000] {processor.py:743} INFO - Processing file /home/airflow/.local/lib/python3.7/site-packages/airflow/example_dags/example_latest_only_with_trigger.py for tasks to queue
[2023-03-09T09:30:20.352+0000] {logging_mixin.py:137} INFO - [2023-03-09T09:30:20.352+0000] {dagbag.py:538} INFO - Filling up the DagBag from /home/airflow/.local/lib/python3.7/site-packages/airflow/example_dags/example_latest_only_with_trigger.py
[2023-03-09T09:30:20.367+0000] {processor.py:753} INFO - DAG(s) dict_keys(['latest_only_with_trigger']) retrieved from /home/airflow/.local/lib/python3.7/site-packages/airflow/example_dags/example_latest_only_with_trigger.py
[2023-03-09T09:30:20.394+0000] {logging_mixin.py:137} INFO - [2023-03-09T09:30:20.394+0000] {dag.py:2690} INFO - Sync 1 DAGs
[2023-03-09T09:30:20.414+0000] {logging_mixin.py:137} INFO - [2023-03-09T09:30:20.414+0000] {dag.py:3441} INFO - Setting next_dagrun for latest_only_with_trigger to 2023-03-09T05:30:20.414501+00:00, run_after=2023-03-09T09:30:20.414501+00:00
[2023-03-09T09:30:20.432+0000] {processor.py:175} INFO - Processing /home/airflow/.local/lib/python3.7/site-packages/airflow/example_dags/example_latest_only_with_trigger.py took 0.088 seconds
[2023-03-09T09:30:50.764+0000] {processor.py:153} INFO - Started process (PID=1539) to work on /home/airflow/.local/lib/python3.7/site-packages/airflow/example_dags/example_latest_only_with_trigger.py
[2023-03-09T09:30:50.766+0000] {processor.py:743} INFO - Processing file /home/airflow/.local/lib/python3.7/site-packages/airflow/example_dags/example_latest_only_with_trigger.py for tasks to queue
[2023-03-09T09:30:50.767+0000] {logging_mixin.py:137} INFO - [2023-03-09T09:30:50.767+0000] {dagbag.py:538} INFO - Filling up the DagBag from /home/airflow/.local/lib/python3.7/site-packages/airflow/example_dags/example_latest_only_with_trigger.py
[2023-03-09T09:30:50.776+0000] {processor.py:753} INFO - DAG(s) dict_keys(['latest_only_with_trigger']) retrieved from /home/airflow/.local/lib/python3.7/site-packages/airflow/example_dags/example_latest_only_with_trigger.py
[2023-03-09T09:30:50.794+0000] {logging_mixin.py:137} INFO - [2023-03-09T09:30:50.794+0000] {dag.py:2690} INFO - Sync 1 DAGs
[2023-03-09T09:30:50.808+0000] {logging_mixin.py:137} INFO - [2023-03-09T09:30:50.808+0000] {dag.py:3441} INFO - Setting next_dagrun for latest_only_with_trigger to 2023-03-09T05:30:50.808261+00:00, run_after=2023-03-09T09:30:50.808261+00:00
[2023-03-09T09:30:50.819+0000] {processor.py:175} INFO - Processing /home/airflow/.local/lib/python3.7/site-packages/airflow/example_dags/example_latest_only_with_trigger.py took 0.057 seconds
[2023-03-09T09:31:21.163+0000] {processor.py:153} INFO - Started process (PID=1622) to work on /home/airflow/.local/lib/python3.7/site-packages/airflow/example_dags/example_latest_only_with_trigger.py
[2023-03-09T09:31:21.165+0000] {processor.py:743} INFO - Processing file /home/airflow/.local/lib/python3.7/site-packages/airflow/example_dags/example_latest_only_with_trigger.py for tasks to queue
[2023-03-09T09:31:21.167+0000] {logging_mixin.py:137} INFO - [2023-03-09T09:31:21.167+0000] {dagbag.py:538} INFO - Filling up the DagBag from /home/airflow/.local/lib/python3.7/site-packages/airflow/example_dags/example_latest_only_with_trigger.py
[2023-03-09T09:31:21.180+0000] {processor.py:753} INFO - DAG(s) dict_keys(['latest_only_with_trigger']) retrieved from /home/airflow/.local/lib/python3.7/site-packages/airflow/example_dags/example_latest_only_with_trigger.py
[2023-03-09T09:31:21.204+0000] {logging_mixin.py:137} INFO - [2023-03-09T09:31:21.204+0000] {dag.py:2690} INFO - Sync 1 DAGs
[2023-03-09T09:31:21.222+0000] {logging_mixin.py:137} INFO - [2023-03-09T09:31:21.222+0000] {dag.py:3441} INFO - Setting next_dagrun for latest_only_with_trigger to 2023-03-09T05:31:21.222743+00:00, run_after=2023-03-09T09:31:21.222743+00:00
[2023-03-09T09:31:21.237+0000] {processor.py:175} INFO - Processing /home/airflow/.local/lib/python3.7/site-packages/airflow/example_dags/example_latest_only_with_trigger.py took 0.078 seconds
[2023-03-09T09:31:51.528+0000] {processor.py:153} INFO - Started process (PID=1690) to work on /home/airflow/.local/lib/python3.7/site-packages/airflow/example_dags/example_latest_only_with_trigger.py
[2023-03-09T09:31:51.529+0000] {processor.py:743} INFO - Processing file /home/airflow/.local/lib/python3.7/site-packages/airflow/example_dags/example_latest_only_with_trigger.py for tasks to queue
[2023-03-09T09:31:51.530+0000] {logging_mixin.py:137} INFO - [2023-03-09T09:31:51.530+0000] {dagbag.py:538} INFO - Filling up the DagBag from /home/airflow/.local/lib/python3.7/site-packages/airflow/example_dags/example_latest_only_with_trigger.py
[2023-03-09T09:31:51.540+0000] {processor.py:753} INFO - DAG(s) dict_keys(['latest_only_with_trigger']) retrieved from /home/airflow/.local/lib/python3.7/site-packages/airflow/example_dags/example_latest_only_with_trigger.py
[2023-03-09T09:31:51.557+0000] {logging_mixin.py:137} INFO - [2023-03-09T09:31:51.557+0000] {dag.py:2690} INFO - Sync 1 DAGs
[2023-03-09T09:31:51.571+0000] {logging_mixin.py:137} INFO - [2023-03-09T09:31:51.571+0000] {dag.py:3441} INFO - Setting next_dagrun for latest_only_with_trigger to 2023-03-09T05:31:51.571309+00:00, run_after=2023-03-09T09:31:51.571309+00:00
[2023-03-09T09:31:51.581+0000] {processor.py:175} INFO - Processing /home/airflow/.local/lib/python3.7/site-packages/airflow/example_dags/example_latest_only_with_trigger.py took 0.056 seconds
[2023-03-09T09:32:21.847+0000] {processor.py:153} INFO - Started process (PID=1773) to work on /home/airflow/.local/lib/python3.7/site-packages/airflow/example_dags/example_latest_only_with_trigger.py
[2023-03-09T09:32:21.849+0000] {processor.py:743} INFO - Processing file /home/airflow/.local/lib/python3.7/site-packages/airflow/example_dags/example_latest_only_with_trigger.py for tasks to queue
[2023-03-09T09:32:21.850+0000] {logging_mixin.py:137} INFO - [2023-03-09T09:32:21.850+0000] {dagbag.py:538} INFO - Filling up the DagBag from /home/airflow/.local/lib/python3.7/site-packages/airflow/example_dags/example_latest_only_with_trigger.py
[2023-03-09T09:32:21.860+0000] {processor.py:753} INFO - DAG(s) dict_keys(['latest_only_with_trigger']) retrieved from /home/airflow/.local/lib/python3.7/site-packages/airflow/example_dags/example_latest_only_with_trigger.py
[2023-03-09T09:32:21.876+0000] {logging_mixin.py:137} INFO - [2023-03-09T09:32:21.876+0000] {dag.py:2690} INFO - Sync 1 DAGs
[2023-03-09T09:32:21.890+0000] {logging_mixin.py:137} INFO - [2023-03-09T09:32:21.890+0000] {dag.py:3441} INFO - Setting next_dagrun for latest_only_with_trigger to 2023-03-09T05:32:21.890440+00:00, run_after=2023-03-09T09:32:21.890440+00:00
[2023-03-09T09:32:21.900+0000] {processor.py:175} INFO - Processing /home/airflow/.local/lib/python3.7/site-packages/airflow/example_dags/example_latest_only_with_trigger.py took 0.056 seconds
[2023-03-09T09:32:52.112+0000] {processor.py:153} INFO - Started process (PID=1854) to work on /home/airflow/.local/lib/python3.7/site-packages/airflow/example_dags/example_latest_only_with_trigger.py
[2023-03-09T09:32:52.114+0000] {processor.py:743} INFO - Processing file /home/airflow/.local/lib/python3.7/site-packages/airflow/example_dags/example_latest_only_with_trigger.py for tasks to queue
[2023-03-09T09:32:52.115+0000] {logging_mixin.py:137} INFO - [2023-03-09T09:32:52.115+0000] {dagbag.py:538} INFO - Filling up the DagBag from /home/airflow/.local/lib/python3.7/site-packages/airflow/example_dags/example_latest_only_with_trigger.py
[2023-03-09T09:32:52.124+0000] {processor.py:753} INFO - DAG(s) dict_keys(['latest_only_with_trigger']) retrieved from /home/airflow/.local/lib/python3.7/site-packages/airflow/example_dags/example_latest_only_with_trigger.py
[2023-03-09T09:32:52.141+0000] {logging_mixin.py:137} INFO - [2023-03-09T09:32:52.140+0000] {dag.py:2690} INFO - Sync 1 DAGs
[2023-03-09T09:32:52.154+0000] {logging_mixin.py:137} INFO - [2023-03-09T09:32:52.154+0000] {dag.py:3441} INFO - Setting next_dagrun for latest_only_with_trigger to 2023-03-09T05:32:52.154699+00:00, run_after=2023-03-09T09:32:52.154699+00:00
[2023-03-09T09:32:52.166+0000] {processor.py:175} INFO - Processing /home/airflow/.local/lib/python3.7/site-packages/airflow/example_dags/example_latest_only_with_trigger.py took 0.056 seconds
[2023-03-09T09:33:22.337+0000] {processor.py:153} INFO - Started process (PID=1920) to work on /home/airflow/.local/lib/python3.7/site-packages/airflow/example_dags/example_latest_only_with_trigger.py
[2023-03-09T09:33:22.338+0000] {processor.py:743} INFO - Processing file /home/airflow/.local/lib/python3.7/site-packages/airflow/example_dags/example_latest_only_with_trigger.py for tasks to queue
[2023-03-09T09:33:22.339+0000] {logging_mixin.py:137} INFO - [2023-03-09T09:33:22.339+0000] {dagbag.py:538} INFO - Filling up the DagBag from /home/airflow/.local/lib/python3.7/site-packages/airflow/example_dags/example_latest_only_with_trigger.py
[2023-03-09T09:33:22.349+0000] {processor.py:753} INFO - DAG(s) dict_keys(['latest_only_with_trigger']) retrieved from /home/airflow/.local/lib/python3.7/site-packages/airflow/example_dags/example_latest_only_with_trigger.py
[2023-03-09T09:33:22.367+0000] {logging_mixin.py:137} INFO - [2023-03-09T09:33:22.367+0000] {dag.py:2690} INFO - Sync 1 DAGs
[2023-03-09T09:33:22.388+0000] {logging_mixin.py:137} INFO - [2023-03-09T09:33:22.388+0000] {dag.py:3441} INFO - Setting next_dagrun for latest_only_with_trigger to 2023-03-09T05:33:22.388069+00:00, run_after=2023-03-09T09:33:22.388069+00:00
[2023-03-09T09:33:22.401+0000] {processor.py:175} INFO - Processing /home/airflow/.local/lib/python3.7/site-packages/airflow/example_dags/example_latest_only_with_trigger.py took 0.066 seconds
[2023-03-09T09:33:52.586+0000] {processor.py:153} INFO - Started process (PID=1996) to work on /home/airflow/.local/lib/python3.7/site-packages/airflow/example_dags/example_latest_only_with_trigger.py
[2023-03-09T09:33:52.587+0000] {processor.py:743} INFO - Processing file /home/airflow/.local/lib/python3.7/site-packages/airflow/example_dags/example_latest_only_with_trigger.py for tasks to queue
[2023-03-09T09:33:52.589+0000] {logging_mixin.py:137} INFO - [2023-03-09T09:33:52.589+0000] {dagbag.py:538} INFO - Filling up the DagBag from /home/airflow/.local/lib/python3.7/site-packages/airflow/example_dags/example_latest_only_with_trigger.py
[2023-03-09T09:33:52.598+0000] {processor.py:753} INFO - DAG(s) dict_keys(['latest_only_with_trigger']) retrieved from /home/airflow/.local/lib/python3.7/site-packages/airflow/example_dags/example_latest_only_with_trigger.py
[2023-03-09T09:33:52.616+0000] {logging_mixin.py:137} INFO - [2023-03-09T09:33:52.616+0000] {dag.py:2690} INFO - Sync 1 DAGs
[2023-03-09T09:33:52.631+0000] {logging_mixin.py:137} INFO - [2023-03-09T09:33:52.631+0000] {dag.py:3441} INFO - Setting next_dagrun for latest_only_with_trigger to 2023-03-09T05:33:52.631274+00:00, run_after=2023-03-09T09:33:52.631274+00:00
[2023-03-09T09:33:52.643+0000] {processor.py:175} INFO - Processing /home/airflow/.local/lib/python3.7/site-packages/airflow/example_dags/example_latest_only_with_trigger.py took 0.060 seconds
[2023-03-09T09:34:23.045+0000] {processor.py:153} INFO - Started process (PID=2067) to work on /home/airflow/.local/lib/python3.7/site-packages/airflow/example_dags/example_latest_only_with_trigger.py
[2023-03-09T09:34:23.048+0000] {processor.py:743} INFO - Processing file /home/airflow/.local/lib/python3.7/site-packages/airflow/example_dags/example_latest_only_with_trigger.py for tasks to queue
[2023-03-09T09:34:23.049+0000] {logging_mixin.py:137} INFO - [2023-03-09T09:34:23.049+0000] {dagbag.py:538} INFO - Filling up the DagBag from /home/airflow/.local/lib/python3.7/site-packages/airflow/example_dags/example_latest_only_with_trigger.py
[2023-03-09T09:34:23.061+0000] {processor.py:753} INFO - DAG(s) dict_keys(['latest_only_with_trigger']) retrieved from /home/airflow/.local/lib/python3.7/site-packages/airflow/example_dags/example_latest_only_with_trigger.py
[2023-03-09T09:34:23.093+0000] {logging_mixin.py:137} INFO - [2023-03-09T09:34:23.093+0000] {dag.py:2690} INFO - Sync 1 DAGs
[2023-03-09T09:34:23.110+0000] {logging_mixin.py:137} INFO - [2023-03-09T09:34:23.110+0000] {dag.py:3441} INFO - Setting next_dagrun for latest_only_with_trigger to 2023-03-09T05:34:23.110639+00:00, run_after=2023-03-09T09:34:23.110639+00:00
[2023-03-09T09:34:23.123+0000] {processor.py:175} INFO - Processing /home/airflow/.local/lib/python3.7/site-packages/airflow/example_dags/example_latest_only_with_trigger.py took 0.081 seconds
[2023-03-09T09:34:53.281+0000] {processor.py:153} INFO - Started process (PID=2134) to work on /home/airflow/.local/lib/python3.7/site-packages/airflow/example_dags/example_latest_only_with_trigger.py
[2023-03-09T09:34:53.282+0000] {processor.py:743} INFO - Processing file /home/airflow/.local/lib/python3.7/site-packages/airflow/example_dags/example_latest_only_with_trigger.py for tasks to queue
[2023-03-09T09:34:53.283+0000] {logging_mixin.py:137} INFO - [2023-03-09T09:34:53.283+0000] {dagbag.py:538} INFO - Filling up the DagBag from /home/airflow/.local/lib/python3.7/site-packages/airflow/example_dags/example_latest_only_with_trigger.py
[2023-03-09T09:34:53.293+0000] {processor.py:753} INFO - DAG(s) dict_keys(['latest_only_with_trigger']) retrieved from /home/airflow/.local/lib/python3.7/site-packages/airflow/example_dags/example_latest_only_with_trigger.py
[2023-03-09T09:34:53.311+0000] {logging_mixin.py:137} INFO - [2023-03-09T09:34:53.311+0000] {dag.py:2690} INFO - Sync 1 DAGs
[2023-03-09T09:34:53.327+0000] {logging_mixin.py:137} INFO - [2023-03-09T09:34:53.327+0000] {dag.py:3441} INFO - Setting next_dagrun for latest_only_with_trigger to 2023-03-09T05:34:53.326980+00:00, run_after=2023-03-09T09:34:53.326980+00:00
[2023-03-09T09:34:53.340+0000] {processor.py:175} INFO - Processing /home/airflow/.local/lib/python3.7/site-packages/airflow/example_dags/example_latest_only_with_trigger.py took 0.062 seconds
[2023-03-09T09:35:23.553+0000] {processor.py:153} INFO - Started process (PID=2212) to work on /home/airflow/.local/lib/python3.7/site-packages/airflow/example_dags/example_latest_only_with_trigger.py
[2023-03-09T09:35:23.554+0000] {processor.py:743} INFO - Processing file /home/airflow/.local/lib/python3.7/site-packages/airflow/example_dags/example_latest_only_with_trigger.py for tasks to queue
[2023-03-09T09:35:23.555+0000] {logging_mixin.py:137} INFO - [2023-03-09T09:35:23.555+0000] {dagbag.py:538} INFO - Filling up the DagBag from /home/airflow/.local/lib/python3.7/site-packages/airflow/example_dags/example_latest_only_with_trigger.py
[2023-03-09T09:35:23.564+0000] {processor.py:753} INFO - DAG(s) dict_keys(['latest_only_with_trigger']) retrieved from /home/airflow/.local/lib/python3.7/site-packages/airflow/example_dags/example_latest_only_with_trigger.py
[2023-03-09T09:35:23.582+0000] {logging_mixin.py:137} INFO - [2023-03-09T09:35:23.581+0000] {dag.py:2690} INFO - Sync 1 DAGs
[2023-03-09T09:35:23.596+0000] {logging_mixin.py:137} INFO - [2023-03-09T09:35:23.596+0000] {dag.py:3441} INFO - Setting next_dagrun for latest_only_with_trigger to 2023-03-09T05:35:23.596738+00:00, run_after=2023-03-09T09:35:23.596738+00:00
[2023-03-09T09:35:23.609+0000] {processor.py:175} INFO - Processing /home/airflow/.local/lib/python3.7/site-packages/airflow/example_dags/example_latest_only_with_trigger.py took 0.058 seconds
[2023-03-09T09:35:53.967+0000] {processor.py:153} INFO - Started process (PID=2277) to work on /home/airflow/.local/lib/python3.7/site-packages/airflow/example_dags/example_latest_only_with_trigger.py
[2023-03-09T09:35:53.969+0000] {processor.py:743} INFO - Processing file /home/airflow/.local/lib/python3.7/site-packages/airflow/example_dags/example_latest_only_with_trigger.py for tasks to queue
[2023-03-09T09:35:53.970+0000] {logging_mixin.py:137} INFO - [2023-03-09T09:35:53.970+0000] {dagbag.py:538} INFO - Filling up the DagBag from /home/airflow/.local/lib/python3.7/site-packages/airflow/example_dags/example_latest_only_with_trigger.py
[2023-03-09T09:35:53.980+0000] {processor.py:753} INFO - DAG(s) dict_keys(['latest_only_with_trigger']) retrieved from /home/airflow/.local/lib/python3.7/site-packages/airflow/example_dags/example_latest_only_with_trigger.py
[2023-03-09T09:35:53.999+0000] {logging_mixin.py:137} INFO - [2023-03-09T09:35:53.998+0000] {dag.py:2690} INFO - Sync 1 DAGs
[2023-03-09T09:35:54.016+0000] {logging_mixin.py:137} INFO - [2023-03-09T09:35:54.016+0000] {dag.py:3441} INFO - Setting next_dagrun for latest_only_with_trigger to 2023-03-09T05:35:54.016178+00:00, run_after=2023-03-09T09:35:54.016178+00:00
[2023-03-09T09:35:54.032+0000] {processor.py:175} INFO - Processing /home/airflow/.local/lib/python3.7/site-packages/airflow/example_dags/example_latest_only_with_trigger.py took 0.068 seconds
[2023-03-09T09:36:24.348+0000] {processor.py:153} INFO - Started process (PID=2355) to work on /home/airflow/.local/lib/python3.7/site-packages/airflow/example_dags/example_latest_only_with_trigger.py
[2023-03-09T09:36:24.350+0000] {processor.py:743} INFO - Processing file /home/airflow/.local/lib/python3.7/site-packages/airflow/example_dags/example_latest_only_with_trigger.py for tasks to queue
[2023-03-09T09:36:24.351+0000] {logging_mixin.py:137} INFO - [2023-03-09T09:36:24.351+0000] {dagbag.py:538} INFO - Filling up the DagBag from /home/airflow/.local/lib/python3.7/site-packages/airflow/example_dags/example_latest_only_with_trigger.py
[2023-03-09T09:36:24.361+0000] {processor.py:753} INFO - DAG(s) dict_keys(['latest_only_with_trigger']) retrieved from /home/airflow/.local/lib/python3.7/site-packages/airflow/example_dags/example_latest_only_with_trigger.py
[2023-03-09T09:36:24.387+0000] {logging_mixin.py:137} INFO - [2023-03-09T09:36:24.387+0000] {dag.py:2690} INFO - Sync 1 DAGs
[2023-03-09T09:36:24.403+0000] {logging_mixin.py:137} INFO - [2023-03-09T09:36:24.402+0000] {dag.py:3441} INFO - Setting next_dagrun for latest_only_with_trigger to 2023-03-09T05:36:24.402702+00:00, run_after=2023-03-09T09:36:24.402702+00:00
[2023-03-09T09:36:24.419+0000] {processor.py:175} INFO - Processing /home/airflow/.local/lib/python3.7/site-packages/airflow/example_dags/example_latest_only_with_trigger.py took 0.074 seconds
[2023-03-09T09:36:54.475+0000] {processor.py:153} INFO - Started process (PID=2433) to work on /home/airflow/.local/lib/python3.7/site-packages/airflow/example_dags/example_latest_only_with_trigger.py
[2023-03-09T09:36:54.476+0000] {processor.py:743} INFO - Processing file /home/airflow/.local/lib/python3.7/site-packages/airflow/example_dags/example_latest_only_with_trigger.py for tasks to queue
[2023-03-09T09:36:54.477+0000] {logging_mixin.py:137} INFO - [2023-03-09T09:36:54.477+0000] {dagbag.py:538} INFO - Filling up the DagBag from /home/airflow/.local/lib/python3.7/site-packages/airflow/example_dags/example_latest_only_with_trigger.py
[2023-03-09T09:36:54.487+0000] {processor.py:753} INFO - DAG(s) dict_keys(['latest_only_with_trigger']) retrieved from /home/airflow/.local/lib/python3.7/site-packages/airflow/example_dags/example_latest_only_with_trigger.py
[2023-03-09T09:36:54.504+0000] {logging_mixin.py:137} INFO - [2023-03-09T09:36:54.504+0000] {dag.py:2690} INFO - Sync 1 DAGs
[2023-03-09T09:36:54.522+0000] {logging_mixin.py:137} INFO - [2023-03-09T09:36:54.522+0000] {dag.py:3441} INFO - Setting next_dagrun for latest_only_with_trigger to 2023-03-09T05:36:54.522130+00:00, run_after=2023-03-09T09:36:54.522130+00:00
[2023-03-09T09:36:54.533+0000] {processor.py:175} INFO - Processing /home/airflow/.local/lib/python3.7/site-packages/airflow/example_dags/example_latest_only_with_trigger.py took 0.061 seconds
[2023-03-09T09:37:25.022+0000] {processor.py:153} INFO - Started process (PID=2499) to work on /home/airflow/.local/lib/python3.7/site-packages/airflow/example_dags/example_latest_only_with_trigger.py
[2023-03-09T09:37:25.023+0000] {processor.py:743} INFO - Processing file /home/airflow/.local/lib/python3.7/site-packages/airflow/example_dags/example_latest_only_with_trigger.py for tasks to queue
[2023-03-09T09:37:25.028+0000] {logging_mixin.py:137} INFO - [2023-03-09T09:37:25.027+0000] {dagbag.py:538} INFO - Filling up the DagBag from /home/airflow/.local/lib/python3.7/site-packages/airflow/example_dags/example_latest_only_with_trigger.py
[2023-03-09T09:37:25.038+0000] {processor.py:753} INFO - DAG(s) dict_keys(['latest_only_with_trigger']) retrieved from /home/airflow/.local/lib/python3.7/site-packages/airflow/example_dags/example_latest_only_with_trigger.py
[2023-03-09T09:37:25.066+0000] {logging_mixin.py:137} INFO - [2023-03-09T09:37:25.066+0000] {dag.py:2690} INFO - Sync 1 DAGs
[2023-03-09T09:37:25.083+0000] {logging_mixin.py:137} INFO - [2023-03-09T09:37:25.083+0000] {dag.py:3441} INFO - Setting next_dagrun for latest_only_with_trigger to 2023-03-09T05:37:25.083556+00:00, run_after=2023-03-09T09:37:25.083556+00:00
[2023-03-09T09:37:25.096+0000] {processor.py:175} INFO - Processing /home/airflow/.local/lib/python3.7/site-packages/airflow/example_dags/example_latest_only_with_trigger.py took 0.077 seconds
[2023-03-09T09:37:55.247+0000] {processor.py:153} INFO - Started process (PID=2579) to work on /home/airflow/.local/lib/python3.7/site-packages/airflow/example_dags/example_latest_only_with_trigger.py
[2023-03-09T09:37:55.249+0000] {processor.py:743} INFO - Processing file /home/airflow/.local/lib/python3.7/site-packages/airflow/example_dags/example_latest_only_with_trigger.py for tasks to queue
[2023-03-09T09:37:55.250+0000] {logging_mixin.py:137} INFO - [2023-03-09T09:37:55.250+0000] {dagbag.py:538} INFO - Filling up the DagBag from /home/airflow/.local/lib/python3.7/site-packages/airflow/example_dags/example_latest_only_with_trigger.py
[2023-03-09T09:37:55.260+0000] {processor.py:753} INFO - DAG(s) dict_keys(['latest_only_with_trigger']) retrieved from /home/airflow/.local/lib/python3.7/site-packages/airflow/example_dags/example_latest_only_with_trigger.py
[2023-03-09T09:37:55.279+0000] {logging_mixin.py:137} INFO - [2023-03-09T09:37:55.278+0000] {dag.py:2690} INFO - Sync 1 DAGs
[2023-03-09T09:37:55.294+0000] {logging_mixin.py:137} INFO - [2023-03-09T09:37:55.294+0000] {dag.py:3441} INFO - Setting next_dagrun for latest_only_with_trigger to 2023-03-09T05:37:55.294092+00:00, run_after=2023-03-09T09:37:55.294092+00:00
[2023-03-09T09:37:55.305+0000] {processor.py:175} INFO - Processing /home/airflow/.local/lib/python3.7/site-packages/airflow/example_dags/example_latest_only_with_trigger.py took 0.060 seconds
[2023-03-09T09:38:25.433+0000] {processor.py:153} INFO - Started process (PID=2657) to work on /home/airflow/.local/lib/python3.7/site-packages/airflow/example_dags/example_latest_only_with_trigger.py
[2023-03-09T09:38:25.434+0000] {processor.py:743} INFO - Processing file /home/airflow/.local/lib/python3.7/site-packages/airflow/example_dags/example_latest_only_with_trigger.py for tasks to queue
[2023-03-09T09:38:25.435+0000] {logging_mixin.py:137} INFO - [2023-03-09T09:38:25.435+0000] {dagbag.py:538} INFO - Filling up the DagBag from /home/airflow/.local/lib/python3.7/site-packages/airflow/example_dags/example_latest_only_with_trigger.py
[2023-03-09T09:38:25.445+0000] {processor.py:753} INFO - DAG(s) dict_keys(['latest_only_with_trigger']) retrieved from /home/airflow/.local/lib/python3.7/site-packages/airflow/example_dags/example_latest_only_with_trigger.py
[2023-03-09T09:38:25.463+0000] {logging_mixin.py:137} INFO - [2023-03-09T09:38:25.463+0000] {dag.py:2690} INFO - Sync 1 DAGs
[2023-03-09T09:38:25.478+0000] {logging_mixin.py:137} INFO - [2023-03-09T09:38:25.478+0000] {dag.py:3441} INFO - Setting next_dagrun for latest_only_with_trigger to 2023-03-09T05:38:25.478545+00:00, run_after=2023-03-09T09:38:25.478545+00:00
[2023-03-09T09:38:25.490+0000] {processor.py:175} INFO - Processing /home/airflow/.local/lib/python3.7/site-packages/airflow/example_dags/example_latest_only_with_trigger.py took 0.060 seconds
[2023-03-09T09:38:56.563+0000] {processor.py:153} INFO - Started process (PID=2726) to work on /home/airflow/.local/lib/python3.7/site-packages/airflow/example_dags/example_latest_only_with_trigger.py
[2023-03-09T09:38:56.566+0000] {processor.py:743} INFO - Processing file /home/airflow/.local/lib/python3.7/site-packages/airflow/example_dags/example_latest_only_with_trigger.py for tasks to queue
[2023-03-09T09:38:56.566+0000] {logging_mixin.py:137} INFO - [2023-03-09T09:38:56.566+0000] {dagbag.py:538} INFO - Filling up the DagBag from /home/airflow/.local/lib/python3.7/site-packages/airflow/example_dags/example_latest_only_with_trigger.py
[2023-03-09T09:38:56.576+0000] {processor.py:753} INFO - DAG(s) dict_keys(['latest_only_with_trigger']) retrieved from /home/airflow/.local/lib/python3.7/site-packages/airflow/example_dags/example_latest_only_with_trigger.py
[2023-03-09T09:38:56.594+0000] {logging_mixin.py:137} INFO - [2023-03-09T09:38:56.594+0000] {dag.py:2690} INFO - Sync 1 DAGs
[2023-03-09T09:38:56.610+0000] {logging_mixin.py:137} INFO - [2023-03-09T09:38:56.610+0000] {dag.py:3441} INFO - Setting next_dagrun for latest_only_with_trigger to 2023-03-09T05:38:56.610143+00:00, run_after=2023-03-09T09:38:56.610143+00:00
[2023-03-09T09:38:56.622+0000] {processor.py:175} INFO - Processing /home/airflow/.local/lib/python3.7/site-packages/airflow/example_dags/example_latest_only_with_trigger.py took 0.062 seconds
[2023-03-09T09:39:26.931+0000] {processor.py:153} INFO - Started process (PID=2809) to work on /home/airflow/.local/lib/python3.7/site-packages/airflow/example_dags/example_latest_only_with_trigger.py
[2023-03-09T09:39:26.933+0000] {processor.py:743} INFO - Processing file /home/airflow/.local/lib/python3.7/site-packages/airflow/example_dags/example_latest_only_with_trigger.py for tasks to queue
[2023-03-09T09:39:26.934+0000] {logging_mixin.py:137} INFO - [2023-03-09T09:39:26.934+0000] {dagbag.py:538} INFO - Filling up the DagBag from /home/airflow/.local/lib/python3.7/site-packages/airflow/example_dags/example_latest_only_with_trigger.py
[2023-03-09T09:39:26.945+0000] {processor.py:753} INFO - DAG(s) dict_keys(['latest_only_with_trigger']) retrieved from /home/airflow/.local/lib/python3.7/site-packages/airflow/example_dags/example_latest_only_with_trigger.py
[2023-03-09T09:39:26.963+0000] {logging_mixin.py:137} INFO - [2023-03-09T09:39:26.963+0000] {dag.py:2690} INFO - Sync 1 DAGs
[2023-03-09T09:39:26.978+0000] {logging_mixin.py:137} INFO - [2023-03-09T09:39:26.978+0000] {dag.py:3441} INFO - Setting next_dagrun for latest_only_with_trigger to 2023-03-09T05:39:26.978258+00:00, run_after=2023-03-09T09:39:26.978258+00:00
[2023-03-09T09:39:26.990+0000] {processor.py:175} INFO - Processing /home/airflow/.local/lib/python3.7/site-packages/airflow/example_dags/example_latest_only_with_trigger.py took 0.061 seconds
[2023-03-09T09:39:57.308+0000] {processor.py:153} INFO - Started process (PID=2890) to work on /home/airflow/.local/lib/python3.7/site-packages/airflow/example_dags/example_latest_only_with_trigger.py
[2023-03-09T09:39:57.309+0000] {processor.py:743} INFO - Processing file /home/airflow/.local/lib/python3.7/site-packages/airflow/example_dags/example_latest_only_with_trigger.py for tasks to queue
[2023-03-09T09:39:57.311+0000] {logging_mixin.py:137} INFO - [2023-03-09T09:39:57.311+0000] {dagbag.py:538} INFO - Filling up the DagBag from /home/airflow/.local/lib/python3.7/site-packages/airflow/example_dags/example_latest_only_with_trigger.py
[2023-03-09T09:39:57.326+0000] {processor.py:753} INFO - DAG(s) dict_keys(['latest_only_with_trigger']) retrieved from /home/airflow/.local/lib/python3.7/site-packages/airflow/example_dags/example_latest_only_with_trigger.py
[2023-03-09T09:39:57.347+0000] {logging_mixin.py:137} INFO - [2023-03-09T09:39:57.347+0000] {dag.py:2690} INFO - Sync 1 DAGs
[2023-03-09T09:39:57.365+0000] {logging_mixin.py:137} INFO - [2023-03-09T09:39:57.364+0000] {dag.py:3441} INFO - Setting next_dagrun for latest_only_with_trigger to 2023-03-09T05:39:57.364795+00:00, run_after=2023-03-09T09:39:57.364795+00:00
[2023-03-09T09:39:57.380+0000] {processor.py:175} INFO - Processing /home/airflow/.local/lib/python3.7/site-packages/airflow/example_dags/example_latest_only_with_trigger.py took 0.076 seconds
[2023-03-09T09:40:27.463+0000] {processor.py:153} INFO - Started process (PID=2954) to work on /home/airflow/.local/lib/python3.7/site-packages/airflow/example_dags/example_latest_only_with_trigger.py
[2023-03-09T09:40:27.465+0000] {processor.py:743} INFO - Processing file /home/airflow/.local/lib/python3.7/site-packages/airflow/example_dags/example_latest_only_with_trigger.py for tasks to queue
[2023-03-09T09:40:27.466+0000] {logging_mixin.py:137} INFO - [2023-03-09T09:40:27.465+0000] {dagbag.py:538} INFO - Filling up the DagBag from /home/airflow/.local/lib/python3.7/site-packages/airflow/example_dags/example_latest_only_with_trigger.py
[2023-03-09T09:40:27.475+0000] {processor.py:753} INFO - DAG(s) dict_keys(['latest_only_with_trigger']) retrieved from /home/airflow/.local/lib/python3.7/site-packages/airflow/example_dags/example_latest_only_with_trigger.py
[2023-03-09T09:40:27.494+0000] {logging_mixin.py:137} INFO - [2023-03-09T09:40:27.493+0000] {dag.py:2690} INFO - Sync 1 DAGs
[2023-03-09T09:40:27.510+0000] {logging_mixin.py:137} INFO - [2023-03-09T09:40:27.510+0000] {dag.py:3441} INFO - Setting next_dagrun for latest_only_with_trigger to 2023-03-09T05:40:27.509845+00:00, run_after=2023-03-09T09:40:27.509845+00:00
[2023-03-09T09:40:27.524+0000] {processor.py:175} INFO - Processing /home/airflow/.local/lib/python3.7/site-packages/airflow/example_dags/example_latest_only_with_trigger.py took 0.064 seconds
[2023-03-09T09:40:57.651+0000] {processor.py:153} INFO - Started process (PID=3036) to work on /home/airflow/.local/lib/python3.7/site-packages/airflow/example_dags/example_latest_only_with_trigger.py
[2023-03-09T09:40:57.652+0000] {processor.py:743} INFO - Processing file /home/airflow/.local/lib/python3.7/site-packages/airflow/example_dags/example_latest_only_with_trigger.py for tasks to queue
[2023-03-09T09:40:57.653+0000] {logging_mixin.py:137} INFO - [2023-03-09T09:40:57.653+0000] {dagbag.py:538} INFO - Filling up the DagBag from /home/airflow/.local/lib/python3.7/site-packages/airflow/example_dags/example_latest_only_with_trigger.py
[2023-03-09T09:40:57.664+0000] {processor.py:753} INFO - DAG(s) dict_keys(['latest_only_with_trigger']) retrieved from /home/airflow/.local/lib/python3.7/site-packages/airflow/example_dags/example_latest_only_with_trigger.py
[2023-03-09T09:40:57.682+0000] {logging_mixin.py:137} INFO - [2023-03-09T09:40:57.682+0000] {dag.py:2690} INFO - Sync 1 DAGs
[2023-03-09T09:40:57.699+0000] {logging_mixin.py:137} INFO - [2023-03-09T09:40:57.699+0000] {dag.py:3441} INFO - Setting next_dagrun for latest_only_with_trigger to 2023-03-09T05:40:57.698923+00:00, run_after=2023-03-09T09:40:57.698923+00:00
[2023-03-09T09:40:57.710+0000] {processor.py:175} INFO - Processing /home/airflow/.local/lib/python3.7/site-packages/airflow/example_dags/example_latest_only_with_trigger.py took 0.062 seconds
[2023-03-09T09:41:28.195+0000] {processor.py:153} INFO - Started process (PID=3110) to work on /home/airflow/.local/lib/python3.7/site-packages/airflow/example_dags/example_latest_only_with_trigger.py
[2023-03-09T09:41:28.208+0000] {processor.py:743} INFO - Processing file /home/airflow/.local/lib/python3.7/site-packages/airflow/example_dags/example_latest_only_with_trigger.py for tasks to queue
[2023-03-09T09:41:28.209+0000] {logging_mixin.py:137} INFO - [2023-03-09T09:41:28.209+0000] {dagbag.py:538} INFO - Filling up the DagBag from /home/airflow/.local/lib/python3.7/site-packages/airflow/example_dags/example_latest_only_with_trigger.py
[2023-03-09T09:41:28.226+0000] {processor.py:753} INFO - DAG(s) dict_keys(['latest_only_with_trigger']) retrieved from /home/airflow/.local/lib/python3.7/site-packages/airflow/example_dags/example_latest_only_with_trigger.py
[2023-03-09T09:41:28.263+0000] {logging_mixin.py:137} INFO - [2023-03-09T09:41:28.263+0000] {dag.py:2690} INFO - Sync 1 DAGs
[2023-03-09T09:41:28.300+0000] {logging_mixin.py:137} INFO - [2023-03-09T09:41:28.300+0000] {dag.py:3441} INFO - Setting next_dagrun for latest_only_with_trigger to 2023-03-09T05:41:28.299638+00:00, run_after=2023-03-09T09:41:28.299638+00:00
[2023-03-09T09:41:28.327+0000] {processor.py:175} INFO - Processing /home/airflow/.local/lib/python3.7/site-packages/airflow/example_dags/example_latest_only_with_trigger.py took 0.134 seconds
[2023-03-09T09:41:58.917+0000] {processor.py:153} INFO - Started process (PID=3179) to work on /home/airflow/.local/lib/python3.7/site-packages/airflow/example_dags/example_latest_only_with_trigger.py
[2023-03-09T09:41:58.920+0000] {processor.py:743} INFO - Processing file /home/airflow/.local/lib/python3.7/site-packages/airflow/example_dags/example_latest_only_with_trigger.py for tasks to queue
[2023-03-09T09:41:58.922+0000] {logging_mixin.py:137} INFO - [2023-03-09T09:41:58.922+0000] {dagbag.py:538} INFO - Filling up the DagBag from /home/airflow/.local/lib/python3.7/site-packages/airflow/example_dags/example_latest_only_with_trigger.py
[2023-03-09T09:41:58.934+0000] {processor.py:753} INFO - DAG(s) dict_keys(['latest_only_with_trigger']) retrieved from /home/airflow/.local/lib/python3.7/site-packages/airflow/example_dags/example_latest_only_with_trigger.py
[2023-03-09T09:41:58.955+0000] {logging_mixin.py:137} INFO - [2023-03-09T09:41:58.955+0000] {dag.py:2690} INFO - Sync 1 DAGs
[2023-03-09T09:41:58.973+0000] {logging_mixin.py:137} INFO - [2023-03-09T09:41:58.973+0000] {dag.py:3441} INFO - Setting next_dagrun for latest_only_with_trigger to 2023-03-09T05:41:58.973063+00:00, run_after=2023-03-09T09:41:58.973063+00:00
[2023-03-09T09:41:58.989+0000] {processor.py:175} INFO - Processing /home/airflow/.local/lib/python3.7/site-packages/airflow/example_dags/example_latest_only_with_trigger.py took 0.075 seconds
[2023-03-09T09:42:29.280+0000] {processor.py:153} INFO - Started process (PID=3258) to work on /home/airflow/.local/lib/python3.7/site-packages/airflow/example_dags/example_latest_only_with_trigger.py
[2023-03-09T09:42:29.282+0000] {processor.py:743} INFO - Processing file /home/airflow/.local/lib/python3.7/site-packages/airflow/example_dags/example_latest_only_with_trigger.py for tasks to queue
[2023-03-09T09:42:29.283+0000] {logging_mixin.py:137} INFO - [2023-03-09T09:42:29.283+0000] {dagbag.py:538} INFO - Filling up the DagBag from /home/airflow/.local/lib/python3.7/site-packages/airflow/example_dags/example_latest_only_with_trigger.py
[2023-03-09T09:42:29.292+0000] {processor.py:753} INFO - DAG(s) dict_keys(['latest_only_with_trigger']) retrieved from /home/airflow/.local/lib/python3.7/site-packages/airflow/example_dags/example_latest_only_with_trigger.py
[2023-03-09T09:42:29.311+0000] {logging_mixin.py:137} INFO - [2023-03-09T09:42:29.311+0000] {dag.py:2690} INFO - Sync 1 DAGs
[2023-03-09T09:42:29.327+0000] {logging_mixin.py:137} INFO - [2023-03-09T09:42:29.327+0000] {dag.py:3441} INFO - Setting next_dagrun for latest_only_with_trigger to 2023-03-09T05:42:29.327640+00:00, run_after=2023-03-09T09:42:29.327640+00:00
[2023-03-09T09:42:29.340+0000] {processor.py:175} INFO - Processing /home/airflow/.local/lib/python3.7/site-packages/airflow/example_dags/example_latest_only_with_trigger.py took 0.064 seconds
[2023-03-09T09:42:59.600+0000] {processor.py:153} INFO - Started process (PID=3322) to work on /home/airflow/.local/lib/python3.7/site-packages/airflow/example_dags/example_latest_only_with_trigger.py
[2023-03-09T09:42:59.601+0000] {processor.py:743} INFO - Processing file /home/airflow/.local/lib/python3.7/site-packages/airflow/example_dags/example_latest_only_with_trigger.py for tasks to queue
[2023-03-09T09:42:59.602+0000] {logging_mixin.py:137} INFO - [2023-03-09T09:42:59.602+0000] {dagbag.py:538} INFO - Filling up the DagBag from /home/airflow/.local/lib/python3.7/site-packages/airflow/example_dags/example_latest_only_with_trigger.py
[2023-03-09T09:42:59.611+0000] {processor.py:753} INFO - DAG(s) dict_keys(['latest_only_with_trigger']) retrieved from /home/airflow/.local/lib/python3.7/site-packages/airflow/example_dags/example_latest_only_with_trigger.py
[2023-03-09T09:42:59.628+0000] {logging_mixin.py:137} INFO - [2023-03-09T09:42:59.627+0000] {dag.py:2690} INFO - Sync 1 DAGs
[2023-03-09T09:42:59.642+0000] {logging_mixin.py:137} INFO - [2023-03-09T09:42:59.642+0000] {dag.py:3441} INFO - Setting next_dagrun for latest_only_with_trigger to 2023-03-09T05:42:59.642288+00:00, run_after=2023-03-09T09:42:59.642288+00:00
[2023-03-09T09:42:59.653+0000] {processor.py:175} INFO - Processing /home/airflow/.local/lib/python3.7/site-packages/airflow/example_dags/example_latest_only_with_trigger.py took 0.055 seconds
[2023-03-09T09:43:30.125+0000] {processor.py:153} INFO - Started process (PID=3404) to work on /home/airflow/.local/lib/python3.7/site-packages/airflow/example_dags/example_latest_only_with_trigger.py
[2023-03-09T09:43:30.127+0000] {processor.py:743} INFO - Processing file /home/airflow/.local/lib/python3.7/site-packages/airflow/example_dags/example_latest_only_with_trigger.py for tasks to queue
[2023-03-09T09:43:30.128+0000] {logging_mixin.py:137} INFO - [2023-03-09T09:43:30.128+0000] {dagbag.py:538} INFO - Filling up the DagBag from /home/airflow/.local/lib/python3.7/site-packages/airflow/example_dags/example_latest_only_with_trigger.py
[2023-03-09T09:43:30.139+0000] {processor.py:753} INFO - DAG(s) dict_keys(['latest_only_with_trigger']) retrieved from /home/airflow/.local/lib/python3.7/site-packages/airflow/example_dags/example_latest_only_with_trigger.py
[2023-03-09T09:43:30.156+0000] {logging_mixin.py:137} INFO - [2023-03-09T09:43:30.156+0000] {dag.py:2690} INFO - Sync 1 DAGs
[2023-03-09T09:43:30.171+0000] {logging_mixin.py:137} INFO - [2023-03-09T09:43:30.171+0000] {dag.py:3441} INFO - Setting next_dagrun for latest_only_with_trigger to 2023-03-09T05:43:30.171302+00:00, run_after=2023-03-09T09:43:30.171302+00:00
[2023-03-09T09:43:30.183+0000] {processor.py:175} INFO - Processing /home/airflow/.local/lib/python3.7/site-packages/airflow/example_dags/example_latest_only_with_trigger.py took 0.061 seconds
[2023-03-09T09:44:00.485+0000] {processor.py:153} INFO - Started process (PID=3485) to work on /home/airflow/.local/lib/python3.7/site-packages/airflow/example_dags/example_latest_only_with_trigger.py
[2023-03-09T09:44:00.488+0000] {processor.py:743} INFO - Processing file /home/airflow/.local/lib/python3.7/site-packages/airflow/example_dags/example_latest_only_with_trigger.py for tasks to queue
[2023-03-09T09:44:00.489+0000] {logging_mixin.py:137} INFO - [2023-03-09T09:44:00.489+0000] {dagbag.py:538} INFO - Filling up the DagBag from /home/airflow/.local/lib/python3.7/site-packages/airflow/example_dags/example_latest_only_with_trigger.py
[2023-03-09T09:44:00.502+0000] {processor.py:753} INFO - DAG(s) dict_keys(['latest_only_with_trigger']) retrieved from /home/airflow/.local/lib/python3.7/site-packages/airflow/example_dags/example_latest_only_with_trigger.py
[2023-03-09T09:44:00.530+0000] {logging_mixin.py:137} INFO - [2023-03-09T09:44:00.530+0000] {dag.py:2690} INFO - Sync 1 DAGs
[2023-03-09T09:44:00.547+0000] {logging_mixin.py:137} INFO - [2023-03-09T09:44:00.546+0000] {dag.py:3441} INFO - Setting next_dagrun for latest_only_with_trigger to 2023-03-09T05:44:00.546741+00:00, run_after=2023-03-09T09:44:00.546741+00:00
[2023-03-09T09:44:00.559+0000] {processor.py:175} INFO - Processing /home/airflow/.local/lib/python3.7/site-packages/airflow/example_dags/example_latest_only_with_trigger.py took 0.076 seconds
[2023-03-09T09:44:30.784+0000] {processor.py:153} INFO - Started process (PID=3553) to work on /home/airflow/.local/lib/python3.7/site-packages/airflow/example_dags/example_latest_only_with_trigger.py
[2023-03-09T09:44:30.785+0000] {processor.py:743} INFO - Processing file /home/airflow/.local/lib/python3.7/site-packages/airflow/example_dags/example_latest_only_with_trigger.py for tasks to queue
[2023-03-09T09:44:30.786+0000] {logging_mixin.py:137} INFO - [2023-03-09T09:44:30.786+0000] {dagbag.py:538} INFO - Filling up the DagBag from /home/airflow/.local/lib/python3.7/site-packages/airflow/example_dags/example_latest_only_with_trigger.py
[2023-03-09T09:44:30.795+0000] {processor.py:753} INFO - DAG(s) dict_keys(['latest_only_with_trigger']) retrieved from /home/airflow/.local/lib/python3.7/site-packages/airflow/example_dags/example_latest_only_with_trigger.py
[2023-03-09T09:44:30.817+0000] {logging_mixin.py:137} INFO - [2023-03-09T09:44:30.817+0000] {dag.py:2690} INFO - Sync 1 DAGs
[2023-03-09T09:44:30.844+0000] {logging_mixin.py:137} INFO - [2023-03-09T09:44:30.844+0000] {dag.py:3441} INFO - Setting next_dagrun for latest_only_with_trigger to 2023-03-09T05:44:30.843788+00:00, run_after=2023-03-09T09:44:30.843788+00:00
[2023-03-09T09:44:30.864+0000] {processor.py:175} INFO - Processing /home/airflow/.local/lib/python3.7/site-packages/airflow/example_dags/example_latest_only_with_trigger.py took 0.084 seconds
[2023-03-09T09:45:00.970+0000] {processor.py:153} INFO - Started process (PID=3633) to work on /home/airflow/.local/lib/python3.7/site-packages/airflow/example_dags/example_latest_only_with_trigger.py
[2023-03-09T09:45:00.972+0000] {processor.py:743} INFO - Processing file /home/airflow/.local/lib/python3.7/site-packages/airflow/example_dags/example_latest_only_with_trigger.py for tasks to queue
[2023-03-09T09:45:00.973+0000] {logging_mixin.py:137} INFO - [2023-03-09T09:45:00.973+0000] {dagbag.py:538} INFO - Filling up the DagBag from /home/airflow/.local/lib/python3.7/site-packages/airflow/example_dags/example_latest_only_with_trigger.py
[2023-03-09T09:45:00.983+0000] {processor.py:753} INFO - DAG(s) dict_keys(['latest_only_with_trigger']) retrieved from /home/airflow/.local/lib/python3.7/site-packages/airflow/example_dags/example_latest_only_with_trigger.py
[2023-03-09T09:45:01.001+0000] {logging_mixin.py:137} INFO - [2023-03-09T09:45:01.001+0000] {dag.py:2690} INFO - Sync 1 DAGs
[2023-03-09T09:45:01.019+0000] {logging_mixin.py:137} INFO - [2023-03-09T09:45:01.019+0000] {dag.py:3441} INFO - Setting next_dagrun for latest_only_with_trigger to 2023-03-09T05:45:01.019332+00:00, run_after=2023-03-09T09:45:01.019332+00:00
[2023-03-09T09:45:01.034+0000] {processor.py:175} INFO - Processing /home/airflow/.local/lib/python3.7/site-packages/airflow/example_dags/example_latest_only_with_trigger.py took 0.067 seconds
[2023-03-09T09:45:31.392+0000] {processor.py:153} INFO - Started process (PID=3711) to work on /home/airflow/.local/lib/python3.7/site-packages/airflow/example_dags/example_latest_only_with_trigger.py
[2023-03-09T09:45:31.393+0000] {processor.py:743} INFO - Processing file /home/airflow/.local/lib/python3.7/site-packages/airflow/example_dags/example_latest_only_with_trigger.py for tasks to queue
[2023-03-09T09:45:31.394+0000] {logging_mixin.py:137} INFO - [2023-03-09T09:45:31.394+0000] {dagbag.py:538} INFO - Filling up the DagBag from /home/airflow/.local/lib/python3.7/site-packages/airflow/example_dags/example_latest_only_with_trigger.py
[2023-03-09T09:45:31.403+0000] {processor.py:753} INFO - DAG(s) dict_keys(['latest_only_with_trigger']) retrieved from /home/airflow/.local/lib/python3.7/site-packages/airflow/example_dags/example_latest_only_with_trigger.py
[2023-03-09T09:45:31.423+0000] {logging_mixin.py:137} INFO - [2023-03-09T09:45:31.423+0000] {dag.py:2690} INFO - Sync 1 DAGs
[2023-03-09T09:45:31.437+0000] {logging_mixin.py:137} INFO - [2023-03-09T09:45:31.437+0000] {dag.py:3441} INFO - Setting next_dagrun for latest_only_with_trigger to 2023-03-09T05:45:31.437493+00:00, run_after=2023-03-09T09:45:31.437493+00:00
[2023-03-09T09:45:31.449+0000] {processor.py:175} INFO - Processing /home/airflow/.local/lib/python3.7/site-packages/airflow/example_dags/example_latest_only_with_trigger.py took 0.059 seconds
[2023-03-09T09:46:01.671+0000] {processor.py:153} INFO - Started process (PID=3781) to work on /home/airflow/.local/lib/python3.7/site-packages/airflow/example_dags/example_latest_only_with_trigger.py
[2023-03-09T09:46:01.672+0000] {processor.py:743} INFO - Processing file /home/airflow/.local/lib/python3.7/site-packages/airflow/example_dags/example_latest_only_with_trigger.py for tasks to queue
[2023-03-09T09:46:01.673+0000] {logging_mixin.py:137} INFO - [2023-03-09T09:46:01.673+0000] {dagbag.py:538} INFO - Filling up the DagBag from /home/airflow/.local/lib/python3.7/site-packages/airflow/example_dags/example_latest_only_with_trigger.py
[2023-03-09T09:46:01.683+0000] {processor.py:753} INFO - DAG(s) dict_keys(['latest_only_with_trigger']) retrieved from /home/airflow/.local/lib/python3.7/site-packages/airflow/example_dags/example_latest_only_with_trigger.py
[2023-03-09T09:46:01.701+0000] {logging_mixin.py:137} INFO - [2023-03-09T09:46:01.700+0000] {dag.py:2690} INFO - Sync 1 DAGs
[2023-03-09T09:46:01.716+0000] {logging_mixin.py:137} INFO - [2023-03-09T09:46:01.716+0000] {dag.py:3441} INFO - Setting next_dagrun for latest_only_with_trigger to 2023-03-09T05:46:01.716079+00:00, run_after=2023-03-09T09:46:01.716079+00:00
[2023-03-09T09:46:01.729+0000] {processor.py:175} INFO - Processing /home/airflow/.local/lib/python3.7/site-packages/airflow/example_dags/example_latest_only_with_trigger.py took 0.060 seconds
[2023-03-09T09:46:31.922+0000] {processor.py:153} INFO - Started process (PID=3860) to work on /home/airflow/.local/lib/python3.7/site-packages/airflow/example_dags/example_latest_only_with_trigger.py
[2023-03-09T09:46:31.924+0000] {processor.py:743} INFO - Processing file /home/airflow/.local/lib/python3.7/site-packages/airflow/example_dags/example_latest_only_with_trigger.py for tasks to queue
[2023-03-09T09:46:31.925+0000] {logging_mixin.py:137} INFO - [2023-03-09T09:46:31.925+0000] {dagbag.py:538} INFO - Filling up the DagBag from /home/airflow/.local/lib/python3.7/site-packages/airflow/example_dags/example_latest_only_with_trigger.py
[2023-03-09T09:46:31.934+0000] {processor.py:753} INFO - DAG(s) dict_keys(['latest_only_with_trigger']) retrieved from /home/airflow/.local/lib/python3.7/site-packages/airflow/example_dags/example_latest_only_with_trigger.py
[2023-03-09T09:46:31.951+0000] {logging_mixin.py:137} INFO - [2023-03-09T09:46:31.951+0000] {dag.py:2690} INFO - Sync 1 DAGs
[2023-03-09T09:46:31.966+0000] {logging_mixin.py:137} INFO - [2023-03-09T09:46:31.966+0000] {dag.py:3441} INFO - Setting next_dagrun for latest_only_with_trigger to 2023-03-09T05:46:31.965861+00:00, run_after=2023-03-09T09:46:31.965861+00:00
[2023-03-09T09:46:31.977+0000] {processor.py:175} INFO - Processing /home/airflow/.local/lib/python3.7/site-packages/airflow/example_dags/example_latest_only_with_trigger.py took 0.057 seconds
[2023-03-09T09:47:02.303+0000] {processor.py:153} INFO - Started process (PID=3940) to work on /home/airflow/.local/lib/python3.7/site-packages/airflow/example_dags/example_latest_only_with_trigger.py
[2023-03-09T09:47:02.305+0000] {processor.py:743} INFO - Processing file /home/airflow/.local/lib/python3.7/site-packages/airflow/example_dags/example_latest_only_with_trigger.py for tasks to queue
[2023-03-09T09:47:02.307+0000] {logging_mixin.py:137} INFO - [2023-03-09T09:47:02.306+0000] {dagbag.py:538} INFO - Filling up the DagBag from /home/airflow/.local/lib/python3.7/site-packages/airflow/example_dags/example_latest_only_with_trigger.py
[2023-03-09T09:47:02.327+0000] {processor.py:753} INFO - DAG(s) dict_keys(['latest_only_with_trigger']) retrieved from /home/airflow/.local/lib/python3.7/site-packages/airflow/example_dags/example_latest_only_with_trigger.py
[2023-03-09T09:47:02.351+0000] {logging_mixin.py:137} INFO - [2023-03-09T09:47:02.351+0000] {dag.py:2690} INFO - Sync 1 DAGs
[2023-03-09T09:47:02.380+0000] {logging_mixin.py:137} INFO - [2023-03-09T09:47:02.380+0000] {dag.py:3441} INFO - Setting next_dagrun for latest_only_with_trigger to 2023-03-09T05:47:02.380220+00:00, run_after=2023-03-09T09:47:02.380220+00:00
[2023-03-09T09:47:02.396+0000] {processor.py:175} INFO - Processing /home/airflow/.local/lib/python3.7/site-packages/airflow/example_dags/example_latest_only_with_trigger.py took 0.095 seconds
[2023-03-09T09:47:32.841+0000] {processor.py:153} INFO - Started process (PID=4009) to work on /home/airflow/.local/lib/python3.7/site-packages/airflow/example_dags/example_latest_only_with_trigger.py
[2023-03-09T09:47:32.842+0000] {processor.py:743} INFO - Processing file /home/airflow/.local/lib/python3.7/site-packages/airflow/example_dags/example_latest_only_with_trigger.py for tasks to queue
[2023-03-09T09:47:32.843+0000] {logging_mixin.py:137} INFO - [2023-03-09T09:47:32.843+0000] {dagbag.py:538} INFO - Filling up the DagBag from /home/airflow/.local/lib/python3.7/site-packages/airflow/example_dags/example_latest_only_with_trigger.py
[2023-03-09T09:47:32.853+0000] {processor.py:753} INFO - DAG(s) dict_keys(['latest_only_with_trigger']) retrieved from /home/airflow/.local/lib/python3.7/site-packages/airflow/example_dags/example_latest_only_with_trigger.py
[2023-03-09T09:47:32.872+0000] {logging_mixin.py:137} INFO - [2023-03-09T09:47:32.871+0000] {dag.py:2690} INFO - Sync 1 DAGs
[2023-03-09T09:47:32.887+0000] {logging_mixin.py:137} INFO - [2023-03-09T09:47:32.887+0000] {dag.py:3441} INFO - Setting next_dagrun for latest_only_with_trigger to 2023-03-09T05:47:32.887360+00:00, run_after=2023-03-09T09:47:32.887360+00:00
[2023-03-09T09:47:32.898+0000] {processor.py:175} INFO - Processing /home/airflow/.local/lib/python3.7/site-packages/airflow/example_dags/example_latest_only_with_trigger.py took 0.061 seconds
[2023-03-09T09:48:03.209+0000] {processor.py:153} INFO - Started process (PID=4086) to work on /home/airflow/.local/lib/python3.7/site-packages/airflow/example_dags/example_latest_only_with_trigger.py
[2023-03-09T09:48:03.211+0000] {processor.py:743} INFO - Processing file /home/airflow/.local/lib/python3.7/site-packages/airflow/example_dags/example_latest_only_with_trigger.py for tasks to queue
[2023-03-09T09:48:03.211+0000] {logging_mixin.py:137} INFO - [2023-03-09T09:48:03.211+0000] {dagbag.py:538} INFO - Filling up the DagBag from /home/airflow/.local/lib/python3.7/site-packages/airflow/example_dags/example_latest_only_with_trigger.py
[2023-03-09T09:48:03.222+0000] {processor.py:753} INFO - DAG(s) dict_keys(['latest_only_with_trigger']) retrieved from /home/airflow/.local/lib/python3.7/site-packages/airflow/example_dags/example_latest_only_with_trigger.py
[2023-03-09T09:48:03.240+0000] {logging_mixin.py:137} INFO - [2023-03-09T09:48:03.240+0000] {dag.py:2690} INFO - Sync 1 DAGs
[2023-03-09T09:48:03.255+0000] {logging_mixin.py:137} INFO - [2023-03-09T09:48:03.255+0000] {dag.py:3441} INFO - Setting next_dagrun for latest_only_with_trigger to 2023-03-09T05:48:03.254927+00:00, run_after=2023-03-09T09:48:03.254927+00:00
[2023-03-09T09:48:03.267+0000] {processor.py:175} INFO - Processing /home/airflow/.local/lib/python3.7/site-packages/airflow/example_dags/example_latest_only_with_trigger.py took 0.061 seconds
[2023-03-09T09:48:33.311+0000] {processor.py:153} INFO - Started process (PID=4149) to work on /home/airflow/.local/lib/python3.7/site-packages/airflow/example_dags/example_latest_only_with_trigger.py
[2023-03-09T09:48:33.313+0000] {processor.py:743} INFO - Processing file /home/airflow/.local/lib/python3.7/site-packages/airflow/example_dags/example_latest_only_with_trigger.py for tasks to queue
[2023-03-09T09:48:33.314+0000] {logging_mixin.py:137} INFO - [2023-03-09T09:48:33.314+0000] {dagbag.py:538} INFO - Filling up the DagBag from /home/airflow/.local/lib/python3.7/site-packages/airflow/example_dags/example_latest_only_with_trigger.py
[2023-03-09T09:48:33.323+0000] {processor.py:753} INFO - DAG(s) dict_keys(['latest_only_with_trigger']) retrieved from /home/airflow/.local/lib/python3.7/site-packages/airflow/example_dags/example_latest_only_with_trigger.py
[2023-03-09T09:48:33.339+0000] {logging_mixin.py:137} INFO - [2023-03-09T09:48:33.339+0000] {dag.py:2690} INFO - Sync 1 DAGs
[2023-03-09T09:48:33.354+0000] {logging_mixin.py:137} INFO - [2023-03-09T09:48:33.353+0000] {dag.py:3441} INFO - Setting next_dagrun for latest_only_with_trigger to 2023-03-09T05:48:33.353860+00:00, run_after=2023-03-09T09:48:33.353860+00:00
[2023-03-09T09:48:33.364+0000] {processor.py:175} INFO - Processing /home/airflow/.local/lib/python3.7/site-packages/airflow/example_dags/example_latest_only_with_trigger.py took 0.055 seconds
[2023-03-09T09:49:03.802+0000] {processor.py:153} INFO - Started process (PID=4229) to work on /home/airflow/.local/lib/python3.7/site-packages/airflow/example_dags/example_latest_only_with_trigger.py
[2023-03-09T09:49:03.804+0000] {processor.py:743} INFO - Processing file /home/airflow/.local/lib/python3.7/site-packages/airflow/example_dags/example_latest_only_with_trigger.py for tasks to queue
[2023-03-09T09:49:03.805+0000] {logging_mixin.py:137} INFO - [2023-03-09T09:49:03.805+0000] {dagbag.py:538} INFO - Filling up the DagBag from /home/airflow/.local/lib/python3.7/site-packages/airflow/example_dags/example_latest_only_with_trigger.py
[2023-03-09T09:49:03.816+0000] {processor.py:753} INFO - DAG(s) dict_keys(['latest_only_with_trigger']) retrieved from /home/airflow/.local/lib/python3.7/site-packages/airflow/example_dags/example_latest_only_with_trigger.py
[2023-03-09T09:49:03.836+0000] {logging_mixin.py:137} INFO - [2023-03-09T09:49:03.835+0000] {dag.py:2690} INFO - Sync 1 DAGs
[2023-03-09T09:49:03.852+0000] {logging_mixin.py:137} INFO - [2023-03-09T09:49:03.852+0000] {dag.py:3441} INFO - Setting next_dagrun for latest_only_with_trigger to 2023-03-09T05:49:03.852284+00:00, run_after=2023-03-09T09:49:03.852284+00:00
[2023-03-09T09:49:03.866+0000] {processor.py:175} INFO - Processing /home/airflow/.local/lib/python3.7/site-packages/airflow/example_dags/example_latest_only_with_trigger.py took 0.068 seconds
[2023-03-09T09:49:34.249+0000] {processor.py:153} INFO - Started process (PID=4312) to work on /home/airflow/.local/lib/python3.7/site-packages/airflow/example_dags/example_latest_only_with_trigger.py
[2023-03-09T09:49:34.250+0000] {processor.py:743} INFO - Processing file /home/airflow/.local/lib/python3.7/site-packages/airflow/example_dags/example_latest_only_with_trigger.py for tasks to queue
[2023-03-09T09:49:34.251+0000] {logging_mixin.py:137} INFO - [2023-03-09T09:49:34.251+0000] {dagbag.py:538} INFO - Filling up the DagBag from /home/airflow/.local/lib/python3.7/site-packages/airflow/example_dags/example_latest_only_with_trigger.py
[2023-03-09T09:49:34.262+0000] {processor.py:753} INFO - DAG(s) dict_keys(['latest_only_with_trigger']) retrieved from /home/airflow/.local/lib/python3.7/site-packages/airflow/example_dags/example_latest_only_with_trigger.py
[2023-03-09T09:49:34.280+0000] {logging_mixin.py:137} INFO - [2023-03-09T09:49:34.280+0000] {dag.py:2690} INFO - Sync 1 DAGs
[2023-03-09T09:49:34.296+0000] {logging_mixin.py:137} INFO - [2023-03-09T09:49:34.296+0000] {dag.py:3441} INFO - Setting next_dagrun for latest_only_with_trigger to 2023-03-09T05:49:34.296381+00:00, run_after=2023-03-09T09:49:34.296381+00:00
[2023-03-09T09:49:34.309+0000] {processor.py:175} INFO - Processing /home/airflow/.local/lib/python3.7/site-packages/airflow/example_dags/example_latest_only_with_trigger.py took 0.064 seconds
[2023-03-09T09:50:04.430+0000] {processor.py:153} INFO - Started process (PID=4377) to work on /home/airflow/.local/lib/python3.7/site-packages/airflow/example_dags/example_latest_only_with_trigger.py
[2023-03-09T09:50:04.432+0000] {processor.py:743} INFO - Processing file /home/airflow/.local/lib/python3.7/site-packages/airflow/example_dags/example_latest_only_with_trigger.py for tasks to queue
[2023-03-09T09:50:04.434+0000] {logging_mixin.py:137} INFO - [2023-03-09T09:50:04.434+0000] {dagbag.py:538} INFO - Filling up the DagBag from /home/airflow/.local/lib/python3.7/site-packages/airflow/example_dags/example_latest_only_with_trigger.py
[2023-03-09T09:50:04.447+0000] {processor.py:753} INFO - DAG(s) dict_keys(['latest_only_with_trigger']) retrieved from /home/airflow/.local/lib/python3.7/site-packages/airflow/example_dags/example_latest_only_with_trigger.py
[2023-03-09T09:50:04.469+0000] {logging_mixin.py:137} INFO - [2023-03-09T09:50:04.469+0000] {dag.py:2690} INFO - Sync 1 DAGs
[2023-03-09T09:50:04.486+0000] {logging_mixin.py:137} INFO - [2023-03-09T09:50:04.485+0000] {dag.py:3441} INFO - Setting next_dagrun for latest_only_with_trigger to 2023-03-09T05:50:04.485770+00:00, run_after=2023-03-09T09:50:04.485770+00:00
[2023-03-09T09:50:04.502+0000] {processor.py:175} INFO - Processing /home/airflow/.local/lib/python3.7/site-packages/airflow/example_dags/example_latest_only_with_trigger.py took 0.075 seconds
[2023-03-09T09:50:35.023+0000] {processor.py:153} INFO - Started process (PID=4457) to work on /home/airflow/.local/lib/python3.7/site-packages/airflow/example_dags/example_latest_only_with_trigger.py
[2023-03-09T09:50:35.025+0000] {processor.py:743} INFO - Processing file /home/airflow/.local/lib/python3.7/site-packages/airflow/example_dags/example_latest_only_with_trigger.py for tasks to queue
[2023-03-09T09:50:35.026+0000] {logging_mixin.py:137} INFO - [2023-03-09T09:50:35.026+0000] {dagbag.py:538} INFO - Filling up the DagBag from /home/airflow/.local/lib/python3.7/site-packages/airflow/example_dags/example_latest_only_with_trigger.py
[2023-03-09T09:50:35.036+0000] {processor.py:753} INFO - DAG(s) dict_keys(['latest_only_with_trigger']) retrieved from /home/airflow/.local/lib/python3.7/site-packages/airflow/example_dags/example_latest_only_with_trigger.py
[2023-03-09T09:50:35.055+0000] {logging_mixin.py:137} INFO - [2023-03-09T09:50:35.055+0000] {dag.py:2690} INFO - Sync 1 DAGs
[2023-03-09T09:50:35.072+0000] {logging_mixin.py:137} INFO - [2023-03-09T09:50:35.072+0000] {dag.py:3441} INFO - Setting next_dagrun for latest_only_with_trigger to 2023-03-09T05:50:35.072278+00:00, run_after=2023-03-09T09:50:35.072278+00:00
[2023-03-09T09:50:35.084+0000] {processor.py:175} INFO - Processing /home/airflow/.local/lib/python3.7/site-packages/airflow/example_dags/example_latest_only_with_trigger.py took 0.064 seconds
