[2023-03-09T09:02:18.800+0000] {processor.py:153} INFO - Started process (PID=63) to work on /home/airflow/.local/lib/python3.7/site-packages/airflow/example_dags/example_trigger_target_dag.py
[2023-03-09T09:02:18.803+0000] {processor.py:743} INFO - Processing file /home/airflow/.local/lib/python3.7/site-packages/airflow/example_dags/example_trigger_target_dag.py for tasks to queue
[2023-03-09T09:02:18.805+0000] {logging_mixin.py:137} INFO - [2023-03-09T09:02:18.805+0000] {dagbag.py:538} INFO - Filling up the DagBag from /home/airflow/.local/lib/python3.7/site-packages/airflow/example_dags/example_trigger_target_dag.py
[2023-03-09T09:02:18.864+0000] {processor.py:753} INFO - DAG(s) dict_keys(['example_trigger_target_dag']) retrieved from /home/airflow/.local/lib/python3.7/site-packages/airflow/example_dags/example_trigger_target_dag.py
[2023-03-09T09:02:18.893+0000] {logging_mixin.py:137} INFO - [2023-03-09T09:02:18.893+0000] {dag.py:2690} INFO - Sync 1 DAGs
[2023-03-09T09:02:19.135+0000] {logging_mixin.py:137} INFO - [2023-03-09T09:02:19.135+0000] {dag.py:3441} INFO - Setting next_dagrun for example_trigger_target_dag to None, run_after=None
[2023-03-09T09:02:19.190+0000] {processor.py:175} INFO - Processing /home/airflow/.local/lib/python3.7/site-packages/airflow/example_dags/example_trigger_target_dag.py took 0.394 seconds
[2023-03-09T09:02:49.234+0000] {processor.py:153} INFO - Started process (PID=129) to work on /home/airflow/.local/lib/python3.7/site-packages/airflow/example_dags/example_trigger_target_dag.py
[2023-03-09T09:02:49.235+0000] {processor.py:743} INFO - Processing file /home/airflow/.local/lib/python3.7/site-packages/airflow/example_dags/example_trigger_target_dag.py for tasks to queue
[2023-03-09T09:02:49.236+0000] {logging_mixin.py:137} INFO - [2023-03-09T09:02:49.236+0000] {dagbag.py:538} INFO - Filling up the DagBag from /home/airflow/.local/lib/python3.7/site-packages/airflow/example_dags/example_trigger_target_dag.py
[2023-03-09T09:02:49.252+0000] {processor.py:753} INFO - DAG(s) dict_keys(['example_trigger_target_dag']) retrieved from /home/airflow/.local/lib/python3.7/site-packages/airflow/example_dags/example_trigger_target_dag.py
[2023-03-09T09:02:49.270+0000] {logging_mixin.py:137} INFO - [2023-03-09T09:02:49.270+0000] {dag.py:2690} INFO - Sync 1 DAGs
[2023-03-09T09:02:49.286+0000] {logging_mixin.py:137} INFO - [2023-03-09T09:02:49.286+0000] {dag.py:3441} INFO - Setting next_dagrun for example_trigger_target_dag to None, run_after=None
[2023-03-09T09:02:49.300+0000] {processor.py:175} INFO - Processing /home/airflow/.local/lib/python3.7/site-packages/airflow/example_dags/example_trigger_target_dag.py took 0.069 seconds
[2023-03-09T09:03:19.765+0000] {processor.py:153} INFO - Started process (PID=207) to work on /home/airflow/.local/lib/python3.7/site-packages/airflow/example_dags/example_trigger_target_dag.py
[2023-03-09T09:03:19.770+0000] {processor.py:743} INFO - Processing file /home/airflow/.local/lib/python3.7/site-packages/airflow/example_dags/example_trigger_target_dag.py for tasks to queue
[2023-03-09T09:03:19.773+0000] {logging_mixin.py:137} INFO - [2023-03-09T09:03:19.773+0000] {dagbag.py:538} INFO - Filling up the DagBag from /home/airflow/.local/lib/python3.7/site-packages/airflow/example_dags/example_trigger_target_dag.py
[2023-03-09T09:03:19.849+0000] {processor.py:753} INFO - DAG(s) dict_keys(['example_trigger_target_dag']) retrieved from /home/airflow/.local/lib/python3.7/site-packages/airflow/example_dags/example_trigger_target_dag.py
[2023-03-09T09:03:19.903+0000] {logging_mixin.py:137} INFO - [2023-03-09T09:03:19.903+0000] {dag.py:2690} INFO - Sync 1 DAGs
[2023-03-09T09:03:19.940+0000] {logging_mixin.py:137} INFO - [2023-03-09T09:03:19.940+0000] {dag.py:3441} INFO - Setting next_dagrun for example_trigger_target_dag to None, run_after=None
[2023-03-09T09:03:19.970+0000] {processor.py:175} INFO - Processing /home/airflow/.local/lib/python3.7/site-packages/airflow/example_dags/example_trigger_target_dag.py took 0.224 seconds
[2023-03-09T09:03:50.123+0000] {processor.py:153} INFO - Started process (PID=275) to work on /home/airflow/.local/lib/python3.7/site-packages/airflow/example_dags/example_trigger_target_dag.py
[2023-03-09T09:03:50.127+0000] {processor.py:743} INFO - Processing file /home/airflow/.local/lib/python3.7/site-packages/airflow/example_dags/example_trigger_target_dag.py for tasks to queue
[2023-03-09T09:03:50.129+0000] {logging_mixin.py:137} INFO - [2023-03-09T09:03:50.129+0000] {dagbag.py:538} INFO - Filling up the DagBag from /home/airflow/.local/lib/python3.7/site-packages/airflow/example_dags/example_trigger_target_dag.py
[2023-03-09T09:03:50.147+0000] {processor.py:753} INFO - DAG(s) dict_keys(['example_trigger_target_dag']) retrieved from /home/airflow/.local/lib/python3.7/site-packages/airflow/example_dags/example_trigger_target_dag.py
[2023-03-09T09:03:50.164+0000] {logging_mixin.py:137} INFO - [2023-03-09T09:03:50.164+0000] {dag.py:2690} INFO - Sync 1 DAGs
[2023-03-09T09:03:50.179+0000] {logging_mixin.py:137} INFO - [2023-03-09T09:03:50.179+0000] {dag.py:3441} INFO - Setting next_dagrun for example_trigger_target_dag to None, run_after=None
[2023-03-09T09:03:50.190+0000] {processor.py:175} INFO - Processing /home/airflow/.local/lib/python3.7/site-packages/airflow/example_dags/example_trigger_target_dag.py took 0.069 seconds
[2023-03-09T09:20:44.375+0000] {processor.py:153} INFO - Started process (PID=60) to work on /home/airflow/.local/lib/python3.7/site-packages/airflow/example_dags/example_trigger_target_dag.py
[2023-03-09T09:20:44.397+0000] {processor.py:743} INFO - Processing file /home/airflow/.local/lib/python3.7/site-packages/airflow/example_dags/example_trigger_target_dag.py for tasks to queue
[2023-03-09T09:20:44.404+0000] {logging_mixin.py:137} INFO - [2023-03-09T09:20:44.404+0000] {dagbag.py:538} INFO - Filling up the DagBag from /home/airflow/.local/lib/python3.7/site-packages/airflow/example_dags/example_trigger_target_dag.py
[2023-03-09T09:20:44.473+0000] {processor.py:753} INFO - DAG(s) dict_keys(['example_trigger_target_dag']) retrieved from /home/airflow/.local/lib/python3.7/site-packages/airflow/example_dags/example_trigger_target_dag.py
[2023-03-09T09:20:45.584+0000] {logging_mixin.py:137} INFO - [2023-03-09T09:20:45.583+0000] {manager.py:504} INFO - Created Permission View: can read on DAG:example_trigger_target_dag
[2023-03-09T09:20:45.668+0000] {logging_mixin.py:137} INFO - [2023-03-09T09:20:45.667+0000] {manager.py:504} INFO - Created Permission View: can edit on DAG:example_trigger_target_dag
[2023-03-09T09:20:45.738+0000] {logging_mixin.py:137} INFO - [2023-03-09T09:20:45.737+0000] {manager.py:504} INFO - Created Permission View: can delete on DAG:example_trigger_target_dag
[2023-03-09T09:20:45.751+0000] {logging_mixin.py:137} INFO - [2023-03-09T09:20:45.751+0000] {dag.py:2690} INFO - Sync 1 DAGs
[2023-03-09T09:20:45.863+0000] {logging_mixin.py:137} INFO - [2023-03-09T09:20:45.862+0000] {dag.py:2711} INFO - Creating ORM DAG for example_trigger_target_dag
[2023-03-09T09:20:45.961+0000] {logging_mixin.py:137} INFO - [2023-03-09T09:20:45.961+0000] {dag.py:3441} INFO - Setting next_dagrun for example_trigger_target_dag to None, run_after=None
[2023-03-09T09:20:46.154+0000] {processor.py:175} INFO - Processing /home/airflow/.local/lib/python3.7/site-packages/airflow/example_dags/example_trigger_target_dag.py took 1.832 seconds
[2023-03-09T09:21:16.481+0000] {processor.py:153} INFO - Started process (PID=128) to work on /home/airflow/.local/lib/python3.7/site-packages/airflow/example_dags/example_trigger_target_dag.py
[2023-03-09T09:21:16.483+0000] {processor.py:743} INFO - Processing file /home/airflow/.local/lib/python3.7/site-packages/airflow/example_dags/example_trigger_target_dag.py for tasks to queue
[2023-03-09T09:21:16.484+0000] {logging_mixin.py:137} INFO - [2023-03-09T09:21:16.484+0000] {dagbag.py:538} INFO - Filling up the DagBag from /home/airflow/.local/lib/python3.7/site-packages/airflow/example_dags/example_trigger_target_dag.py
[2023-03-09T09:21:16.500+0000] {processor.py:753} INFO - DAG(s) dict_keys(['example_trigger_target_dag']) retrieved from /home/airflow/.local/lib/python3.7/site-packages/airflow/example_dags/example_trigger_target_dag.py
[2023-03-09T09:21:16.521+0000] {logging_mixin.py:137} INFO - [2023-03-09T09:21:16.521+0000] {dag.py:2690} INFO - Sync 1 DAGs
[2023-03-09T09:21:16.538+0000] {logging_mixin.py:137} INFO - [2023-03-09T09:21:16.538+0000] {dag.py:3441} INFO - Setting next_dagrun for example_trigger_target_dag to None, run_after=None
[2023-03-09T09:21:16.554+0000] {processor.py:175} INFO - Processing /home/airflow/.local/lib/python3.7/site-packages/airflow/example_dags/example_trigger_target_dag.py took 0.075 seconds
[2023-03-09T09:21:47.116+0000] {processor.py:153} INFO - Started process (PID=196) to work on /home/airflow/.local/lib/python3.7/site-packages/airflow/example_dags/example_trigger_target_dag.py
[2023-03-09T09:21:47.121+0000] {processor.py:743} INFO - Processing file /home/airflow/.local/lib/python3.7/site-packages/airflow/example_dags/example_trigger_target_dag.py for tasks to queue
[2023-03-09T09:21:47.124+0000] {logging_mixin.py:137} INFO - [2023-03-09T09:21:47.124+0000] {dagbag.py:538} INFO - Filling up the DagBag from /home/airflow/.local/lib/python3.7/site-packages/airflow/example_dags/example_trigger_target_dag.py
[2023-03-09T09:21:47.168+0000] {processor.py:753} INFO - DAG(s) dict_keys(['example_trigger_target_dag']) retrieved from /home/airflow/.local/lib/python3.7/site-packages/airflow/example_dags/example_trigger_target_dag.py
[2023-03-09T09:21:47.321+0000] {logging_mixin.py:137} INFO - [2023-03-09T09:21:47.321+0000] {dag.py:2690} INFO - Sync 1 DAGs
[2023-03-09T09:21:47.369+0000] {logging_mixin.py:137} INFO - [2023-03-09T09:21:47.369+0000] {dag.py:3441} INFO - Setting next_dagrun for example_trigger_target_dag to None, run_after=None
[2023-03-09T09:21:47.399+0000] {processor.py:175} INFO - Processing /home/airflow/.local/lib/python3.7/site-packages/airflow/example_dags/example_trigger_target_dag.py took 0.293 seconds
[2023-03-09T09:22:17.855+0000] {processor.py:153} INFO - Started process (PID=275) to work on /home/airflow/.local/lib/python3.7/site-packages/airflow/example_dags/example_trigger_target_dag.py
[2023-03-09T09:22:17.857+0000] {processor.py:743} INFO - Processing file /home/airflow/.local/lib/python3.7/site-packages/airflow/example_dags/example_trigger_target_dag.py for tasks to queue
[2023-03-09T09:22:17.858+0000] {logging_mixin.py:137} INFO - [2023-03-09T09:22:17.858+0000] {dagbag.py:538} INFO - Filling up the DagBag from /home/airflow/.local/lib/python3.7/site-packages/airflow/example_dags/example_trigger_target_dag.py
[2023-03-09T09:22:17.876+0000] {processor.py:753} INFO - DAG(s) dict_keys(['example_trigger_target_dag']) retrieved from /home/airflow/.local/lib/python3.7/site-packages/airflow/example_dags/example_trigger_target_dag.py
[2023-03-09T09:22:17.899+0000] {logging_mixin.py:137} INFO - [2023-03-09T09:22:17.899+0000] {dag.py:2690} INFO - Sync 1 DAGs
[2023-03-09T09:22:17.917+0000] {logging_mixin.py:137} INFO - [2023-03-09T09:22:17.917+0000] {dag.py:3441} INFO - Setting next_dagrun for example_trigger_target_dag to None, run_after=None
[2023-03-09T09:22:17.930+0000] {processor.py:175} INFO - Processing /home/airflow/.local/lib/python3.7/site-packages/airflow/example_dags/example_trigger_target_dag.py took 0.077 seconds
[2023-03-09T09:22:48.207+0000] {processor.py:153} INFO - Started process (PID=352) to work on /home/airflow/.local/lib/python3.7/site-packages/airflow/example_dags/example_trigger_target_dag.py
[2023-03-09T09:22:48.210+0000] {processor.py:743} INFO - Processing file /home/airflow/.local/lib/python3.7/site-packages/airflow/example_dags/example_trigger_target_dag.py for tasks to queue
[2023-03-09T09:22:48.213+0000] {logging_mixin.py:137} INFO - [2023-03-09T09:22:48.212+0000] {dagbag.py:538} INFO - Filling up the DagBag from /home/airflow/.local/lib/python3.7/site-packages/airflow/example_dags/example_trigger_target_dag.py
[2023-03-09T09:22:48.233+0000] {processor.py:753} INFO - DAG(s) dict_keys(['example_trigger_target_dag']) retrieved from /home/airflow/.local/lib/python3.7/site-packages/airflow/example_dags/example_trigger_target_dag.py
[2023-03-09T09:22:48.251+0000] {logging_mixin.py:137} INFO - [2023-03-09T09:22:48.251+0000] {dag.py:2690} INFO - Sync 1 DAGs
[2023-03-09T09:22:48.265+0000] {logging_mixin.py:137} INFO - [2023-03-09T09:22:48.265+0000] {dag.py:3441} INFO - Setting next_dagrun for example_trigger_target_dag to None, run_after=None
[2023-03-09T09:22:48.276+0000] {processor.py:175} INFO - Processing /home/airflow/.local/lib/python3.7/site-packages/airflow/example_dags/example_trigger_target_dag.py took 0.072 seconds
[2023-03-09T09:23:18.449+0000] {processor.py:153} INFO - Started process (PID=419) to work on /home/airflow/.local/lib/python3.7/site-packages/airflow/example_dags/example_trigger_target_dag.py
[2023-03-09T09:23:18.451+0000] {processor.py:743} INFO - Processing file /home/airflow/.local/lib/python3.7/site-packages/airflow/example_dags/example_trigger_target_dag.py for tasks to queue
[2023-03-09T09:23:18.452+0000] {logging_mixin.py:137} INFO - [2023-03-09T09:23:18.452+0000] {dagbag.py:538} INFO - Filling up the DagBag from /home/airflow/.local/lib/python3.7/site-packages/airflow/example_dags/example_trigger_target_dag.py
[2023-03-09T09:23:18.472+0000] {processor.py:753} INFO - DAG(s) dict_keys(['example_trigger_target_dag']) retrieved from /home/airflow/.local/lib/python3.7/site-packages/airflow/example_dags/example_trigger_target_dag.py
[2023-03-09T09:23:18.512+0000] {logging_mixin.py:137} INFO - [2023-03-09T09:23:18.512+0000] {dag.py:2690} INFO - Sync 1 DAGs
[2023-03-09T09:23:18.543+0000] {logging_mixin.py:137} INFO - [2023-03-09T09:23:18.542+0000] {dag.py:3441} INFO - Setting next_dagrun for example_trigger_target_dag to None, run_after=None
[2023-03-09T09:23:18.561+0000] {processor.py:175} INFO - Processing /home/airflow/.local/lib/python3.7/site-packages/airflow/example_dags/example_trigger_target_dag.py took 0.115 seconds
[2023-03-09T09:23:48.752+0000] {processor.py:153} INFO - Started process (PID=506) to work on /home/airflow/.local/lib/python3.7/site-packages/airflow/example_dags/example_trigger_target_dag.py
[2023-03-09T09:23:48.753+0000] {processor.py:743} INFO - Processing file /home/airflow/.local/lib/python3.7/site-packages/airflow/example_dags/example_trigger_target_dag.py for tasks to queue
[2023-03-09T09:23:48.754+0000] {logging_mixin.py:137} INFO - [2023-03-09T09:23:48.754+0000] {dagbag.py:538} INFO - Filling up the DagBag from /home/airflow/.local/lib/python3.7/site-packages/airflow/example_dags/example_trigger_target_dag.py
[2023-03-09T09:23:48.767+0000] {processor.py:753} INFO - DAG(s) dict_keys(['example_trigger_target_dag']) retrieved from /home/airflow/.local/lib/python3.7/site-packages/airflow/example_dags/example_trigger_target_dag.py
[2023-03-09T09:23:48.784+0000] {logging_mixin.py:137} INFO - [2023-03-09T09:23:48.784+0000] {dag.py:2690} INFO - Sync 1 DAGs
[2023-03-09T09:23:48.800+0000] {logging_mixin.py:137} INFO - [2023-03-09T09:23:48.800+0000] {dag.py:3441} INFO - Setting next_dagrun for example_trigger_target_dag to None, run_after=None
[2023-03-09T09:23:48.812+0000] {processor.py:175} INFO - Processing /home/airflow/.local/lib/python3.7/site-packages/airflow/example_dags/example_trigger_target_dag.py took 0.062 seconds
[2023-03-09T09:24:18.904+0000] {processor.py:153} INFO - Started process (PID=581) to work on /home/airflow/.local/lib/python3.7/site-packages/airflow/example_dags/example_trigger_target_dag.py
[2023-03-09T09:24:18.906+0000] {processor.py:743} INFO - Processing file /home/airflow/.local/lib/python3.7/site-packages/airflow/example_dags/example_trigger_target_dag.py for tasks to queue
[2023-03-09T09:24:18.907+0000] {logging_mixin.py:137} INFO - [2023-03-09T09:24:18.907+0000] {dagbag.py:538} INFO - Filling up the DagBag from /home/airflow/.local/lib/python3.7/site-packages/airflow/example_dags/example_trigger_target_dag.py
[2023-03-09T09:24:18.922+0000] {processor.py:753} INFO - DAG(s) dict_keys(['example_trigger_target_dag']) retrieved from /home/airflow/.local/lib/python3.7/site-packages/airflow/example_dags/example_trigger_target_dag.py
[2023-03-09T09:24:18.942+0000] {logging_mixin.py:137} INFO - [2023-03-09T09:24:18.942+0000] {dag.py:2690} INFO - Sync 1 DAGs
[2023-03-09T09:24:18.958+0000] {logging_mixin.py:137} INFO - [2023-03-09T09:24:18.958+0000] {dag.py:3441} INFO - Setting next_dagrun for example_trigger_target_dag to None, run_after=None
[2023-03-09T09:24:18.971+0000] {processor.py:175} INFO - Processing /home/airflow/.local/lib/python3.7/site-packages/airflow/example_dags/example_trigger_target_dag.py took 0.069 seconds
[2023-03-09T09:24:49.714+0000] {processor.py:153} INFO - Started process (PID=647) to work on /home/airflow/.local/lib/python3.7/site-packages/airflow/example_dags/example_trigger_target_dag.py
[2023-03-09T09:24:49.717+0000] {processor.py:743} INFO - Processing file /home/airflow/.local/lib/python3.7/site-packages/airflow/example_dags/example_trigger_target_dag.py for tasks to queue
[2023-03-09T09:24:49.719+0000] {logging_mixin.py:137} INFO - [2023-03-09T09:24:49.719+0000] {dagbag.py:538} INFO - Filling up the DagBag from /home/airflow/.local/lib/python3.7/site-packages/airflow/example_dags/example_trigger_target_dag.py
[2023-03-09T09:24:49.742+0000] {processor.py:753} INFO - DAG(s) dict_keys(['example_trigger_target_dag']) retrieved from /home/airflow/.local/lib/python3.7/site-packages/airflow/example_dags/example_trigger_target_dag.py
[2023-03-09T09:24:49.794+0000] {logging_mixin.py:137} INFO - [2023-03-09T09:24:49.794+0000] {dag.py:2690} INFO - Sync 1 DAGs
[2023-03-09T09:24:49.846+0000] {logging_mixin.py:137} INFO - [2023-03-09T09:24:49.845+0000] {dag.py:3441} INFO - Setting next_dagrun for example_trigger_target_dag to None, run_after=None
[2023-03-09T09:24:49.882+0000] {processor.py:175} INFO - Processing /home/airflow/.local/lib/python3.7/site-packages/airflow/example_dags/example_trigger_target_dag.py took 0.177 seconds
[2023-03-09T09:25:20.023+0000] {processor.py:153} INFO - Started process (PID=723) to work on /home/airflow/.local/lib/python3.7/site-packages/airflow/example_dags/example_trigger_target_dag.py
[2023-03-09T09:25:20.025+0000] {processor.py:743} INFO - Processing file /home/airflow/.local/lib/python3.7/site-packages/airflow/example_dags/example_trigger_target_dag.py for tasks to queue
[2023-03-09T09:25:20.026+0000] {logging_mixin.py:137} INFO - [2023-03-09T09:25:20.026+0000] {dagbag.py:538} INFO - Filling up the DagBag from /home/airflow/.local/lib/python3.7/site-packages/airflow/example_dags/example_trigger_target_dag.py
[2023-03-09T09:25:20.041+0000] {processor.py:753} INFO - DAG(s) dict_keys(['example_trigger_target_dag']) retrieved from /home/airflow/.local/lib/python3.7/site-packages/airflow/example_dags/example_trigger_target_dag.py
[2023-03-09T09:25:20.060+0000] {logging_mixin.py:137} INFO - [2023-03-09T09:25:20.060+0000] {dag.py:2690} INFO - Sync 1 DAGs
[2023-03-09T09:25:20.078+0000] {logging_mixin.py:137} INFO - [2023-03-09T09:25:20.077+0000] {dag.py:3441} INFO - Setting next_dagrun for example_trigger_target_dag to None, run_after=None
[2023-03-09T09:25:20.089+0000] {processor.py:175} INFO - Processing /home/airflow/.local/lib/python3.7/site-packages/airflow/example_dags/example_trigger_target_dag.py took 0.069 seconds
[2023-03-09T09:25:50.655+0000] {processor.py:153} INFO - Started process (PID=804) to work on /home/airflow/.local/lib/python3.7/site-packages/airflow/example_dags/example_trigger_target_dag.py
[2023-03-09T09:25:50.656+0000] {processor.py:743} INFO - Processing file /home/airflow/.local/lib/python3.7/site-packages/airflow/example_dags/example_trigger_target_dag.py for tasks to queue
[2023-03-09T09:25:50.657+0000] {logging_mixin.py:137} INFO - [2023-03-09T09:25:50.657+0000] {dagbag.py:538} INFO - Filling up the DagBag from /home/airflow/.local/lib/python3.7/site-packages/airflow/example_dags/example_trigger_target_dag.py
[2023-03-09T09:25:50.671+0000] {processor.py:753} INFO - DAG(s) dict_keys(['example_trigger_target_dag']) retrieved from /home/airflow/.local/lib/python3.7/site-packages/airflow/example_dags/example_trigger_target_dag.py
[2023-03-09T09:25:50.688+0000] {logging_mixin.py:137} INFO - [2023-03-09T09:25:50.688+0000] {dag.py:2690} INFO - Sync 1 DAGs
[2023-03-09T09:25:50.703+0000] {logging_mixin.py:137} INFO - [2023-03-09T09:25:50.703+0000] {dag.py:3441} INFO - Setting next_dagrun for example_trigger_target_dag to None, run_after=None
[2023-03-09T09:25:50.715+0000] {processor.py:175} INFO - Processing /home/airflow/.local/lib/python3.7/site-packages/airflow/example_dags/example_trigger_target_dag.py took 0.063 seconds
[2023-03-09T09:26:20.752+0000] {processor.py:153} INFO - Started process (PID=868) to work on /home/airflow/.local/lib/python3.7/site-packages/airflow/example_dags/example_trigger_target_dag.py
[2023-03-09T09:26:20.753+0000] {processor.py:743} INFO - Processing file /home/airflow/.local/lib/python3.7/site-packages/airflow/example_dags/example_trigger_target_dag.py for tasks to queue
[2023-03-09T09:26:20.754+0000] {logging_mixin.py:137} INFO - [2023-03-09T09:26:20.754+0000] {dagbag.py:538} INFO - Filling up the DagBag from /home/airflow/.local/lib/python3.7/site-packages/airflow/example_dags/example_trigger_target_dag.py
[2023-03-09T09:26:20.772+0000] {processor.py:753} INFO - DAG(s) dict_keys(['example_trigger_target_dag']) retrieved from /home/airflow/.local/lib/python3.7/site-packages/airflow/example_dags/example_trigger_target_dag.py
[2023-03-09T09:26:20.789+0000] {logging_mixin.py:137} INFO - [2023-03-09T09:26:20.789+0000] {dag.py:2690} INFO - Sync 1 DAGs
[2023-03-09T09:26:20.806+0000] {logging_mixin.py:137} INFO - [2023-03-09T09:26:20.806+0000] {dag.py:3441} INFO - Setting next_dagrun for example_trigger_target_dag to None, run_after=None
[2023-03-09T09:26:20.819+0000] {processor.py:175} INFO - Processing /home/airflow/.local/lib/python3.7/site-packages/airflow/example_dags/example_trigger_target_dag.py took 0.071 seconds
[2023-03-09T09:26:51.695+0000] {processor.py:153} INFO - Started process (PID=947) to work on /home/airflow/.local/lib/python3.7/site-packages/airflow/example_dags/example_trigger_target_dag.py
[2023-03-09T09:26:51.697+0000] {processor.py:743} INFO - Processing file /home/airflow/.local/lib/python3.7/site-packages/airflow/example_dags/example_trigger_target_dag.py for tasks to queue
[2023-03-09T09:26:51.698+0000] {logging_mixin.py:137} INFO - [2023-03-09T09:26:51.698+0000] {dagbag.py:538} INFO - Filling up the DagBag from /home/airflow/.local/lib/python3.7/site-packages/airflow/example_dags/example_trigger_target_dag.py
[2023-03-09T09:26:51.711+0000] {processor.py:753} INFO - DAG(s) dict_keys(['example_trigger_target_dag']) retrieved from /home/airflow/.local/lib/python3.7/site-packages/airflow/example_dags/example_trigger_target_dag.py
[2023-03-09T09:26:51.729+0000] {logging_mixin.py:137} INFO - [2023-03-09T09:26:51.729+0000] {dag.py:2690} INFO - Sync 1 DAGs
[2023-03-09T09:26:51.744+0000] {logging_mixin.py:137} INFO - [2023-03-09T09:26:51.744+0000] {dag.py:3441} INFO - Setting next_dagrun for example_trigger_target_dag to None, run_after=None
[2023-03-09T09:26:51.756+0000] {processor.py:175} INFO - Processing /home/airflow/.local/lib/python3.7/site-packages/airflow/example_dags/example_trigger_target_dag.py took 0.063 seconds
[2023-03-09T09:27:22.073+0000] {processor.py:153} INFO - Started process (PID=1029) to work on /home/airflow/.local/lib/python3.7/site-packages/airflow/example_dags/example_trigger_target_dag.py
[2023-03-09T09:27:22.074+0000] {processor.py:743} INFO - Processing file /home/airflow/.local/lib/python3.7/site-packages/airflow/example_dags/example_trigger_target_dag.py for tasks to queue
[2023-03-09T09:27:22.075+0000] {logging_mixin.py:137} INFO - [2023-03-09T09:27:22.075+0000] {dagbag.py:538} INFO - Filling up the DagBag from /home/airflow/.local/lib/python3.7/site-packages/airflow/example_dags/example_trigger_target_dag.py
[2023-03-09T09:27:22.087+0000] {processor.py:753} INFO - DAG(s) dict_keys(['example_trigger_target_dag']) retrieved from /home/airflow/.local/lib/python3.7/site-packages/airflow/example_dags/example_trigger_target_dag.py
[2023-03-09T09:27:22.106+0000] {logging_mixin.py:137} INFO - [2023-03-09T09:27:22.106+0000] {dag.py:2690} INFO - Sync 1 DAGs
[2023-03-09T09:27:22.122+0000] {logging_mixin.py:137} INFO - [2023-03-09T09:27:22.122+0000] {dag.py:3441} INFO - Setting next_dagrun for example_trigger_target_dag to None, run_after=None
[2023-03-09T09:27:22.134+0000] {processor.py:175} INFO - Processing /home/airflow/.local/lib/python3.7/site-packages/airflow/example_dags/example_trigger_target_dag.py took 0.064 seconds
[2023-03-09T09:27:52.187+0000] {processor.py:153} INFO - Started process (PID=1104) to work on /home/airflow/.local/lib/python3.7/site-packages/airflow/example_dags/example_trigger_target_dag.py
[2023-03-09T09:27:52.189+0000] {processor.py:743} INFO - Processing file /home/airflow/.local/lib/python3.7/site-packages/airflow/example_dags/example_trigger_target_dag.py for tasks to queue
[2023-03-09T09:27:52.190+0000] {logging_mixin.py:137} INFO - [2023-03-09T09:27:52.190+0000] {dagbag.py:538} INFO - Filling up the DagBag from /home/airflow/.local/lib/python3.7/site-packages/airflow/example_dags/example_trigger_target_dag.py
[2023-03-09T09:27:52.205+0000] {processor.py:753} INFO - DAG(s) dict_keys(['example_trigger_target_dag']) retrieved from /home/airflow/.local/lib/python3.7/site-packages/airflow/example_dags/example_trigger_target_dag.py
[2023-03-09T09:27:52.227+0000] {logging_mixin.py:137} INFO - [2023-03-09T09:27:52.227+0000] {dag.py:2690} INFO - Sync 1 DAGs
[2023-03-09T09:27:52.256+0000] {logging_mixin.py:137} INFO - [2023-03-09T09:27:52.256+0000] {dag.py:3441} INFO - Setting next_dagrun for example_trigger_target_dag to None, run_after=None
[2023-03-09T09:27:52.274+0000] {processor.py:175} INFO - Processing /home/airflow/.local/lib/python3.7/site-packages/airflow/example_dags/example_trigger_target_dag.py took 0.088 seconds
[2023-03-09T09:28:22.374+0000] {processor.py:153} INFO - Started process (PID=1177) to work on /home/airflow/.local/lib/python3.7/site-packages/airflow/example_dags/example_trigger_target_dag.py
[2023-03-09T09:28:22.376+0000] {processor.py:743} INFO - Processing file /home/airflow/.local/lib/python3.7/site-packages/airflow/example_dags/example_trigger_target_dag.py for tasks to queue
[2023-03-09T09:28:22.377+0000] {logging_mixin.py:137} INFO - [2023-03-09T09:28:22.377+0000] {dagbag.py:538} INFO - Filling up the DagBag from /home/airflow/.local/lib/python3.7/site-packages/airflow/example_dags/example_trigger_target_dag.py
[2023-03-09T09:28:22.391+0000] {processor.py:753} INFO - DAG(s) dict_keys(['example_trigger_target_dag']) retrieved from /home/airflow/.local/lib/python3.7/site-packages/airflow/example_dags/example_trigger_target_dag.py
[2023-03-09T09:28:22.410+0000] {logging_mixin.py:137} INFO - [2023-03-09T09:28:22.410+0000] {dag.py:2690} INFO - Sync 1 DAGs
[2023-03-09T09:28:22.428+0000] {logging_mixin.py:137} INFO - [2023-03-09T09:28:22.427+0000] {dag.py:3441} INFO - Setting next_dagrun for example_trigger_target_dag to None, run_after=None
[2023-03-09T09:28:22.442+0000] {processor.py:175} INFO - Processing /home/airflow/.local/lib/python3.7/site-packages/airflow/example_dags/example_trigger_target_dag.py took 0.071 seconds
[2023-03-09T09:28:52.956+0000] {processor.py:153} INFO - Started process (PID=1257) to work on /home/airflow/.local/lib/python3.7/site-packages/airflow/example_dags/example_trigger_target_dag.py
[2023-03-09T09:28:52.957+0000] {processor.py:743} INFO - Processing file /home/airflow/.local/lib/python3.7/site-packages/airflow/example_dags/example_trigger_target_dag.py for tasks to queue
[2023-03-09T09:28:52.958+0000] {logging_mixin.py:137} INFO - [2023-03-09T09:28:52.958+0000] {dagbag.py:538} INFO - Filling up the DagBag from /home/airflow/.local/lib/python3.7/site-packages/airflow/example_dags/example_trigger_target_dag.py
[2023-03-09T09:28:52.975+0000] {processor.py:753} INFO - DAG(s) dict_keys(['example_trigger_target_dag']) retrieved from /home/airflow/.local/lib/python3.7/site-packages/airflow/example_dags/example_trigger_target_dag.py
[2023-03-09T09:28:52.996+0000] {logging_mixin.py:137} INFO - [2023-03-09T09:28:52.996+0000] {dag.py:2690} INFO - Sync 1 DAGs
[2023-03-09T09:28:53.012+0000] {logging_mixin.py:137} INFO - [2023-03-09T09:28:53.012+0000] {dag.py:3441} INFO - Setting next_dagrun for example_trigger_target_dag to None, run_after=None
[2023-03-09T09:28:53.026+0000] {processor.py:175} INFO - Processing /home/airflow/.local/lib/python3.7/site-packages/airflow/example_dags/example_trigger_target_dag.py took 0.073 seconds
[2023-03-09T09:29:23.244+0000] {processor.py:153} INFO - Started process (PID=1322) to work on /home/airflow/.local/lib/python3.7/site-packages/airflow/example_dags/example_trigger_target_dag.py
[2023-03-09T09:29:23.245+0000] {processor.py:743} INFO - Processing file /home/airflow/.local/lib/python3.7/site-packages/airflow/example_dags/example_trigger_target_dag.py for tasks to queue
[2023-03-09T09:29:23.246+0000] {logging_mixin.py:137} INFO - [2023-03-09T09:29:23.246+0000] {dagbag.py:538} INFO - Filling up the DagBag from /home/airflow/.local/lib/python3.7/site-packages/airflow/example_dags/example_trigger_target_dag.py
[2023-03-09T09:29:23.260+0000] {processor.py:753} INFO - DAG(s) dict_keys(['example_trigger_target_dag']) retrieved from /home/airflow/.local/lib/python3.7/site-packages/airflow/example_dags/example_trigger_target_dag.py
[2023-03-09T09:29:23.279+0000] {logging_mixin.py:137} INFO - [2023-03-09T09:29:23.279+0000] {dag.py:2690} INFO - Sync 1 DAGs
[2023-03-09T09:29:23.296+0000] {logging_mixin.py:137} INFO - [2023-03-09T09:29:23.296+0000] {dag.py:3441} INFO - Setting next_dagrun for example_trigger_target_dag to None, run_after=None
[2023-03-09T09:29:23.311+0000] {processor.py:175} INFO - Processing /home/airflow/.local/lib/python3.7/site-packages/airflow/example_dags/example_trigger_target_dag.py took 0.068 seconds
[2023-03-09T09:29:53.591+0000] {processor.py:153} INFO - Started process (PID=1405) to work on /home/airflow/.local/lib/python3.7/site-packages/airflow/example_dags/example_trigger_target_dag.py
[2023-03-09T09:29:53.592+0000] {processor.py:743} INFO - Processing file /home/airflow/.local/lib/python3.7/site-packages/airflow/example_dags/example_trigger_target_dag.py for tasks to queue
[2023-03-09T09:29:53.593+0000] {logging_mixin.py:137} INFO - [2023-03-09T09:29:53.593+0000] {dagbag.py:538} INFO - Filling up the DagBag from /home/airflow/.local/lib/python3.7/site-packages/airflow/example_dags/example_trigger_target_dag.py
[2023-03-09T09:29:53.606+0000] {processor.py:753} INFO - DAG(s) dict_keys(['example_trigger_target_dag']) retrieved from /home/airflow/.local/lib/python3.7/site-packages/airflow/example_dags/example_trigger_target_dag.py
[2023-03-09T09:29:53.625+0000] {logging_mixin.py:137} INFO - [2023-03-09T09:29:53.625+0000] {dag.py:2690} INFO - Sync 1 DAGs
[2023-03-09T09:29:53.640+0000] {logging_mixin.py:137} INFO - [2023-03-09T09:29:53.640+0000] {dag.py:3441} INFO - Setting next_dagrun for example_trigger_target_dag to None, run_after=None
[2023-03-09T09:29:53.652+0000] {processor.py:175} INFO - Processing /home/airflow/.local/lib/python3.7/site-packages/airflow/example_dags/example_trigger_target_dag.py took 0.064 seconds
[2023-03-09T09:30:24.151+0000] {processor.py:153} INFO - Started process (PID=1485) to work on /home/airflow/.local/lib/python3.7/site-packages/airflow/example_dags/example_trigger_target_dag.py
[2023-03-09T09:30:24.152+0000] {processor.py:743} INFO - Processing file /home/airflow/.local/lib/python3.7/site-packages/airflow/example_dags/example_trigger_target_dag.py for tasks to queue
[2023-03-09T09:30:24.153+0000] {logging_mixin.py:137} INFO - [2023-03-09T09:30:24.153+0000] {dagbag.py:538} INFO - Filling up the DagBag from /home/airflow/.local/lib/python3.7/site-packages/airflow/example_dags/example_trigger_target_dag.py
[2023-03-09T09:30:24.168+0000] {processor.py:753} INFO - DAG(s) dict_keys(['example_trigger_target_dag']) retrieved from /home/airflow/.local/lib/python3.7/site-packages/airflow/example_dags/example_trigger_target_dag.py
[2023-03-09T09:30:24.188+0000] {logging_mixin.py:137} INFO - [2023-03-09T09:30:24.188+0000] {dag.py:2690} INFO - Sync 1 DAGs
[2023-03-09T09:30:24.204+0000] {logging_mixin.py:137} INFO - [2023-03-09T09:30:24.204+0000] {dag.py:3441} INFO - Setting next_dagrun for example_trigger_target_dag to None, run_after=None
[2023-03-09T09:30:24.216+0000] {processor.py:175} INFO - Processing /home/airflow/.local/lib/python3.7/site-packages/airflow/example_dags/example_trigger_target_dag.py took 0.068 seconds
[2023-03-09T09:30:54.442+0000] {processor.py:153} INFO - Started process (PID=1550) to work on /home/airflow/.local/lib/python3.7/site-packages/airflow/example_dags/example_trigger_target_dag.py
[2023-03-09T09:30:54.443+0000] {processor.py:743} INFO - Processing file /home/airflow/.local/lib/python3.7/site-packages/airflow/example_dags/example_trigger_target_dag.py for tasks to queue
[2023-03-09T09:30:54.445+0000] {logging_mixin.py:137} INFO - [2023-03-09T09:30:54.444+0000] {dagbag.py:538} INFO - Filling up the DagBag from /home/airflow/.local/lib/python3.7/site-packages/airflow/example_dags/example_trigger_target_dag.py
[2023-03-09T09:30:54.462+0000] {processor.py:753} INFO - DAG(s) dict_keys(['example_trigger_target_dag']) retrieved from /home/airflow/.local/lib/python3.7/site-packages/airflow/example_dags/example_trigger_target_dag.py
[2023-03-09T09:30:54.486+0000] {logging_mixin.py:137} INFO - [2023-03-09T09:30:54.486+0000] {dag.py:2690} INFO - Sync 1 DAGs
[2023-03-09T09:30:54.504+0000] {logging_mixin.py:137} INFO - [2023-03-09T09:30:54.504+0000] {dag.py:3441} INFO - Setting next_dagrun for example_trigger_target_dag to None, run_after=None
[2023-03-09T09:30:54.517+0000] {processor.py:175} INFO - Processing /home/airflow/.local/lib/python3.7/site-packages/airflow/example_dags/example_trigger_target_dag.py took 0.079 seconds
[2023-03-09T09:31:24.904+0000] {processor.py:153} INFO - Started process (PID=1633) to work on /home/airflow/.local/lib/python3.7/site-packages/airflow/example_dags/example_trigger_target_dag.py
[2023-03-09T09:31:24.906+0000] {processor.py:743} INFO - Processing file /home/airflow/.local/lib/python3.7/site-packages/airflow/example_dags/example_trigger_target_dag.py for tasks to queue
[2023-03-09T09:31:24.907+0000] {logging_mixin.py:137} INFO - [2023-03-09T09:31:24.907+0000] {dagbag.py:538} INFO - Filling up the DagBag from /home/airflow/.local/lib/python3.7/site-packages/airflow/example_dags/example_trigger_target_dag.py
[2023-03-09T09:31:24.920+0000] {processor.py:753} INFO - DAG(s) dict_keys(['example_trigger_target_dag']) retrieved from /home/airflow/.local/lib/python3.7/site-packages/airflow/example_dags/example_trigger_target_dag.py
[2023-03-09T09:31:24.977+0000] {logging_mixin.py:137} INFO - [2023-03-09T09:31:24.977+0000] {dag.py:2690} INFO - Sync 1 DAGs
[2023-03-09T09:31:25.003+0000] {logging_mixin.py:137} INFO - [2023-03-09T09:31:25.003+0000] {dag.py:3441} INFO - Setting next_dagrun for example_trigger_target_dag to None, run_after=None
[2023-03-09T09:31:25.027+0000] {processor.py:175} INFO - Processing /home/airflow/.local/lib/python3.7/site-packages/airflow/example_dags/example_trigger_target_dag.py took 0.125 seconds
[2023-03-09T09:31:55.133+0000] {processor.py:153} INFO - Started process (PID=1716) to work on /home/airflow/.local/lib/python3.7/site-packages/airflow/example_dags/example_trigger_target_dag.py
[2023-03-09T09:31:55.134+0000] {processor.py:743} INFO - Processing file /home/airflow/.local/lib/python3.7/site-packages/airflow/example_dags/example_trigger_target_dag.py for tasks to queue
[2023-03-09T09:31:55.136+0000] {logging_mixin.py:137} INFO - [2023-03-09T09:31:55.136+0000] {dagbag.py:538} INFO - Filling up the DagBag from /home/airflow/.local/lib/python3.7/site-packages/airflow/example_dags/example_trigger_target_dag.py
[2023-03-09T09:31:55.151+0000] {processor.py:753} INFO - DAG(s) dict_keys(['example_trigger_target_dag']) retrieved from /home/airflow/.local/lib/python3.7/site-packages/airflow/example_dags/example_trigger_target_dag.py
[2023-03-09T09:31:55.169+0000] {logging_mixin.py:137} INFO - [2023-03-09T09:31:55.169+0000] {dag.py:2690} INFO - Sync 1 DAGs
[2023-03-09T09:31:55.186+0000] {logging_mixin.py:137} INFO - [2023-03-09T09:31:55.186+0000] {dag.py:3441} INFO - Setting next_dagrun for example_trigger_target_dag to None, run_after=None
[2023-03-09T09:31:55.202+0000] {processor.py:175} INFO - Processing /home/airflow/.local/lib/python3.7/site-packages/airflow/example_dags/example_trigger_target_dag.py took 0.072 seconds
[2023-03-09T09:32:25.367+0000] {processor.py:153} INFO - Started process (PID=1784) to work on /home/airflow/.local/lib/python3.7/site-packages/airflow/example_dags/example_trigger_target_dag.py
[2023-03-09T09:32:25.370+0000] {processor.py:743} INFO - Processing file /home/airflow/.local/lib/python3.7/site-packages/airflow/example_dags/example_trigger_target_dag.py for tasks to queue
[2023-03-09T09:32:25.371+0000] {logging_mixin.py:137} INFO - [2023-03-09T09:32:25.371+0000] {dagbag.py:538} INFO - Filling up the DagBag from /home/airflow/.local/lib/python3.7/site-packages/airflow/example_dags/example_trigger_target_dag.py
[2023-03-09T09:32:25.385+0000] {processor.py:753} INFO - DAG(s) dict_keys(['example_trigger_target_dag']) retrieved from /home/airflow/.local/lib/python3.7/site-packages/airflow/example_dags/example_trigger_target_dag.py
[2023-03-09T09:32:25.404+0000] {logging_mixin.py:137} INFO - [2023-03-09T09:32:25.404+0000] {dag.py:2690} INFO - Sync 1 DAGs
[2023-03-09T09:32:25.420+0000] {logging_mixin.py:137} INFO - [2023-03-09T09:32:25.420+0000] {dag.py:3441} INFO - Setting next_dagrun for example_trigger_target_dag to None, run_after=None
[2023-03-09T09:32:25.432+0000] {processor.py:175} INFO - Processing /home/airflow/.local/lib/python3.7/site-packages/airflow/example_dags/example_trigger_target_dag.py took 0.066 seconds
[2023-03-09T09:32:55.652+0000] {processor.py:153} INFO - Started process (PID=1865) to work on /home/airflow/.local/lib/python3.7/site-packages/airflow/example_dags/example_trigger_target_dag.py
[2023-03-09T09:32:55.653+0000] {processor.py:743} INFO - Processing file /home/airflow/.local/lib/python3.7/site-packages/airflow/example_dags/example_trigger_target_dag.py for tasks to queue
[2023-03-09T09:32:55.655+0000] {logging_mixin.py:137} INFO - [2023-03-09T09:32:55.654+0000] {dagbag.py:538} INFO - Filling up the DagBag from /home/airflow/.local/lib/python3.7/site-packages/airflow/example_dags/example_trigger_target_dag.py
[2023-03-09T09:32:55.668+0000] {processor.py:753} INFO - DAG(s) dict_keys(['example_trigger_target_dag']) retrieved from /home/airflow/.local/lib/python3.7/site-packages/airflow/example_dags/example_trigger_target_dag.py
[2023-03-09T09:32:55.687+0000] {logging_mixin.py:137} INFO - [2023-03-09T09:32:55.687+0000] {dag.py:2690} INFO - Sync 1 DAGs
[2023-03-09T09:32:55.704+0000] {logging_mixin.py:137} INFO - [2023-03-09T09:32:55.704+0000] {dag.py:3441} INFO - Setting next_dagrun for example_trigger_target_dag to None, run_after=None
[2023-03-09T09:32:55.716+0000] {processor.py:175} INFO - Processing /home/airflow/.local/lib/python3.7/site-packages/airflow/example_dags/example_trigger_target_dag.py took 0.067 seconds
[2023-03-09T09:33:25.866+0000] {processor.py:153} INFO - Started process (PID=1944) to work on /home/airflow/.local/lib/python3.7/site-packages/airflow/example_dags/example_trigger_target_dag.py
[2023-03-09T09:33:25.869+0000] {processor.py:743} INFO - Processing file /home/airflow/.local/lib/python3.7/site-packages/airflow/example_dags/example_trigger_target_dag.py for tasks to queue
[2023-03-09T09:33:25.871+0000] {logging_mixin.py:137} INFO - [2023-03-09T09:33:25.871+0000] {dagbag.py:538} INFO - Filling up the DagBag from /home/airflow/.local/lib/python3.7/site-packages/airflow/example_dags/example_trigger_target_dag.py
[2023-03-09T09:33:25.908+0000] {processor.py:753} INFO - DAG(s) dict_keys(['example_trigger_target_dag']) retrieved from /home/airflow/.local/lib/python3.7/site-packages/airflow/example_dags/example_trigger_target_dag.py
[2023-03-09T09:33:25.935+0000] {logging_mixin.py:137} INFO - [2023-03-09T09:33:25.935+0000] {dag.py:2690} INFO - Sync 1 DAGs
[2023-03-09T09:33:25.970+0000] {logging_mixin.py:137} INFO - [2023-03-09T09:33:25.970+0000] {dag.py:3441} INFO - Setting next_dagrun for example_trigger_target_dag to None, run_after=None
[2023-03-09T09:33:25.985+0000] {processor.py:175} INFO - Processing /home/airflow/.local/lib/python3.7/site-packages/airflow/example_dags/example_trigger_target_dag.py took 0.123 seconds
[2023-03-09T09:33:56.101+0000] {processor.py:153} INFO - Started process (PID=2007) to work on /home/airflow/.local/lib/python3.7/site-packages/airflow/example_dags/example_trigger_target_dag.py
[2023-03-09T09:33:56.102+0000] {processor.py:743} INFO - Processing file /home/airflow/.local/lib/python3.7/site-packages/airflow/example_dags/example_trigger_target_dag.py for tasks to queue
[2023-03-09T09:33:56.103+0000] {logging_mixin.py:137} INFO - [2023-03-09T09:33:56.103+0000] {dagbag.py:538} INFO - Filling up the DagBag from /home/airflow/.local/lib/python3.7/site-packages/airflow/example_dags/example_trigger_target_dag.py
[2023-03-09T09:33:56.117+0000] {processor.py:753} INFO - DAG(s) dict_keys(['example_trigger_target_dag']) retrieved from /home/airflow/.local/lib/python3.7/site-packages/airflow/example_dags/example_trigger_target_dag.py
[2023-03-09T09:33:56.137+0000] {logging_mixin.py:137} INFO - [2023-03-09T09:33:56.137+0000] {dag.py:2690} INFO - Sync 1 DAGs
[2023-03-09T09:33:56.152+0000] {logging_mixin.py:137} INFO - [2023-03-09T09:33:56.152+0000] {dag.py:3441} INFO - Setting next_dagrun for example_trigger_target_dag to None, run_after=None
[2023-03-09T09:33:56.164+0000] {processor.py:175} INFO - Processing /home/airflow/.local/lib/python3.7/site-packages/airflow/example_dags/example_trigger_target_dag.py took 0.066 seconds
[2023-03-09T09:34:26.694+0000] {processor.py:153} INFO - Started process (PID=2081) to work on /home/airflow/.local/lib/python3.7/site-packages/airflow/example_dags/example_trigger_target_dag.py
[2023-03-09T09:34:26.696+0000] {processor.py:743} INFO - Processing file /home/airflow/.local/lib/python3.7/site-packages/airflow/example_dags/example_trigger_target_dag.py for tasks to queue
[2023-03-09T09:34:26.698+0000] {logging_mixin.py:137} INFO - [2023-03-09T09:34:26.698+0000] {dagbag.py:538} INFO - Filling up the DagBag from /home/airflow/.local/lib/python3.7/site-packages/airflow/example_dags/example_trigger_target_dag.py
[2023-03-09T09:34:26.716+0000] {processor.py:753} INFO - DAG(s) dict_keys(['example_trigger_target_dag']) retrieved from /home/airflow/.local/lib/python3.7/site-packages/airflow/example_dags/example_trigger_target_dag.py
[2023-03-09T09:34:26.738+0000] {logging_mixin.py:137} INFO - [2023-03-09T09:34:26.738+0000] {dag.py:2690} INFO - Sync 1 DAGs
[2023-03-09T09:34:26.755+0000] {logging_mixin.py:137} INFO - [2023-03-09T09:34:26.755+0000] {dag.py:3441} INFO - Setting next_dagrun for example_trigger_target_dag to None, run_after=None
[2023-03-09T09:34:26.769+0000] {processor.py:175} INFO - Processing /home/airflow/.local/lib/python3.7/site-packages/airflow/example_dags/example_trigger_target_dag.py took 0.079 seconds
[2023-03-09T09:34:56.894+0000] {processor.py:153} INFO - Started process (PID=2145) to work on /home/airflow/.local/lib/python3.7/site-packages/airflow/example_dags/example_trigger_target_dag.py
[2023-03-09T09:34:56.896+0000] {processor.py:743} INFO - Processing file /home/airflow/.local/lib/python3.7/site-packages/airflow/example_dags/example_trigger_target_dag.py for tasks to queue
[2023-03-09T09:34:56.897+0000] {logging_mixin.py:137} INFO - [2023-03-09T09:34:56.897+0000] {dagbag.py:538} INFO - Filling up the DagBag from /home/airflow/.local/lib/python3.7/site-packages/airflow/example_dags/example_trigger_target_dag.py
[2023-03-09T09:34:56.909+0000] {processor.py:753} INFO - DAG(s) dict_keys(['example_trigger_target_dag']) retrieved from /home/airflow/.local/lib/python3.7/site-packages/airflow/example_dags/example_trigger_target_dag.py
[2023-03-09T09:34:56.928+0000] {logging_mixin.py:137} INFO - [2023-03-09T09:34:56.928+0000] {dag.py:2690} INFO - Sync 1 DAGs
[2023-03-09T09:34:56.943+0000] {logging_mixin.py:137} INFO - [2023-03-09T09:34:56.943+0000] {dag.py:3441} INFO - Setting next_dagrun for example_trigger_target_dag to None, run_after=None
[2023-03-09T09:34:56.955+0000] {processor.py:175} INFO - Processing /home/airflow/.local/lib/python3.7/site-packages/airflow/example_dags/example_trigger_target_dag.py took 0.063 seconds
[2023-03-09T09:35:27.120+0000] {processor.py:153} INFO - Started process (PID=2223) to work on /home/airflow/.local/lib/python3.7/site-packages/airflow/example_dags/example_trigger_target_dag.py
[2023-03-09T09:35:27.121+0000] {processor.py:743} INFO - Processing file /home/airflow/.local/lib/python3.7/site-packages/airflow/example_dags/example_trigger_target_dag.py for tasks to queue
[2023-03-09T09:35:27.122+0000] {logging_mixin.py:137} INFO - [2023-03-09T09:35:27.122+0000] {dagbag.py:538} INFO - Filling up the DagBag from /home/airflow/.local/lib/python3.7/site-packages/airflow/example_dags/example_trigger_target_dag.py
[2023-03-09T09:35:27.135+0000] {processor.py:753} INFO - DAG(s) dict_keys(['example_trigger_target_dag']) retrieved from /home/airflow/.local/lib/python3.7/site-packages/airflow/example_dags/example_trigger_target_dag.py
[2023-03-09T09:35:27.152+0000] {logging_mixin.py:137} INFO - [2023-03-09T09:35:27.152+0000] {dag.py:2690} INFO - Sync 1 DAGs
[2023-03-09T09:35:27.170+0000] {logging_mixin.py:137} INFO - [2023-03-09T09:35:27.170+0000] {dag.py:3441} INFO - Setting next_dagrun for example_trigger_target_dag to None, run_after=None
[2023-03-09T09:35:27.182+0000] {processor.py:175} INFO - Processing /home/airflow/.local/lib/python3.7/site-packages/airflow/example_dags/example_trigger_target_dag.py took 0.065 seconds
[2023-03-09T09:35:57.599+0000] {processor.py:153} INFO - Started process (PID=2300) to work on /home/airflow/.local/lib/python3.7/site-packages/airflow/example_dags/example_trigger_target_dag.py
[2023-03-09T09:35:57.600+0000] {processor.py:743} INFO - Processing file /home/airflow/.local/lib/python3.7/site-packages/airflow/example_dags/example_trigger_target_dag.py for tasks to queue
[2023-03-09T09:35:57.602+0000] {logging_mixin.py:137} INFO - [2023-03-09T09:35:57.602+0000] {dagbag.py:538} INFO - Filling up the DagBag from /home/airflow/.local/lib/python3.7/site-packages/airflow/example_dags/example_trigger_target_dag.py
[2023-03-09T09:35:57.621+0000] {processor.py:753} INFO - DAG(s) dict_keys(['example_trigger_target_dag']) retrieved from /home/airflow/.local/lib/python3.7/site-packages/airflow/example_dags/example_trigger_target_dag.py
[2023-03-09T09:35:57.644+0000] {logging_mixin.py:137} INFO - [2023-03-09T09:35:57.644+0000] {dag.py:2690} INFO - Sync 1 DAGs
[2023-03-09T09:35:57.663+0000] {logging_mixin.py:137} INFO - [2023-03-09T09:35:57.663+0000] {dag.py:3441} INFO - Setting next_dagrun for example_trigger_target_dag to None, run_after=None
[2023-03-09T09:35:57.677+0000] {processor.py:175} INFO - Processing /home/airflow/.local/lib/python3.7/site-packages/airflow/example_dags/example_trigger_target_dag.py took 0.082 seconds
[2023-03-09T09:36:27.903+0000] {processor.py:153} INFO - Started process (PID=2366) to work on /home/airflow/.local/lib/python3.7/site-packages/airflow/example_dags/example_trigger_target_dag.py
[2023-03-09T09:36:27.905+0000] {processor.py:743} INFO - Processing file /home/airflow/.local/lib/python3.7/site-packages/airflow/example_dags/example_trigger_target_dag.py for tasks to queue
[2023-03-09T09:36:27.906+0000] {logging_mixin.py:137} INFO - [2023-03-09T09:36:27.906+0000] {dagbag.py:538} INFO - Filling up the DagBag from /home/airflow/.local/lib/python3.7/site-packages/airflow/example_dags/example_trigger_target_dag.py
[2023-03-09T09:36:27.922+0000] {processor.py:753} INFO - DAG(s) dict_keys(['example_trigger_target_dag']) retrieved from /home/airflow/.local/lib/python3.7/site-packages/airflow/example_dags/example_trigger_target_dag.py
[2023-03-09T09:36:27.941+0000] {logging_mixin.py:137} INFO - [2023-03-09T09:36:27.941+0000] {dag.py:2690} INFO - Sync 1 DAGs
[2023-03-09T09:36:27.959+0000] {logging_mixin.py:137} INFO - [2023-03-09T09:36:27.959+0000] {dag.py:3441} INFO - Setting next_dagrun for example_trigger_target_dag to None, run_after=None
[2023-03-09T09:36:27.972+0000] {processor.py:175} INFO - Processing /home/airflow/.local/lib/python3.7/site-packages/airflow/example_dags/example_trigger_target_dag.py took 0.073 seconds
[2023-03-09T09:36:58.131+0000] {processor.py:153} INFO - Started process (PID=2444) to work on /home/airflow/.local/lib/python3.7/site-packages/airflow/example_dags/example_trigger_target_dag.py
[2023-03-09T09:36:58.132+0000] {processor.py:743} INFO - Processing file /home/airflow/.local/lib/python3.7/site-packages/airflow/example_dags/example_trigger_target_dag.py for tasks to queue
[2023-03-09T09:36:58.133+0000] {logging_mixin.py:137} INFO - [2023-03-09T09:36:58.133+0000] {dagbag.py:538} INFO - Filling up the DagBag from /home/airflow/.local/lib/python3.7/site-packages/airflow/example_dags/example_trigger_target_dag.py
[2023-03-09T09:36:58.151+0000] {processor.py:753} INFO - DAG(s) dict_keys(['example_trigger_target_dag']) retrieved from /home/airflow/.local/lib/python3.7/site-packages/airflow/example_dags/example_trigger_target_dag.py
[2023-03-09T09:36:58.170+0000] {logging_mixin.py:137} INFO - [2023-03-09T09:36:58.170+0000] {dag.py:2690} INFO - Sync 1 DAGs
[2023-03-09T09:36:58.187+0000] {logging_mixin.py:137} INFO - [2023-03-09T09:36:58.186+0000] {dag.py:3441} INFO - Setting next_dagrun for example_trigger_target_dag to None, run_after=None
[2023-03-09T09:36:58.200+0000] {processor.py:175} INFO - Processing /home/airflow/.local/lib/python3.7/site-packages/airflow/example_dags/example_trigger_target_dag.py took 0.072 seconds
[2023-03-09T09:37:28.588+0000] {processor.py:153} INFO - Started process (PID=2524) to work on /home/airflow/.local/lib/python3.7/site-packages/airflow/example_dags/example_trigger_target_dag.py
[2023-03-09T09:37:28.589+0000] {processor.py:743} INFO - Processing file /home/airflow/.local/lib/python3.7/site-packages/airflow/example_dags/example_trigger_target_dag.py for tasks to queue
[2023-03-09T09:37:28.590+0000] {logging_mixin.py:137} INFO - [2023-03-09T09:37:28.590+0000] {dagbag.py:538} INFO - Filling up the DagBag from /home/airflow/.local/lib/python3.7/site-packages/airflow/example_dags/example_trigger_target_dag.py
[2023-03-09T09:37:28.603+0000] {processor.py:753} INFO - DAG(s) dict_keys(['example_trigger_target_dag']) retrieved from /home/airflow/.local/lib/python3.7/site-packages/airflow/example_dags/example_trigger_target_dag.py
[2023-03-09T09:37:28.621+0000] {logging_mixin.py:137} INFO - [2023-03-09T09:37:28.621+0000] {dag.py:2690} INFO - Sync 1 DAGs
[2023-03-09T09:37:28.637+0000] {logging_mixin.py:137} INFO - [2023-03-09T09:37:28.637+0000] {dag.py:3441} INFO - Setting next_dagrun for example_trigger_target_dag to None, run_after=None
[2023-03-09T09:37:28.650+0000] {processor.py:175} INFO - Processing /home/airflow/.local/lib/python3.7/site-packages/airflow/example_dags/example_trigger_target_dag.py took 0.064 seconds
[2023-03-09T09:37:58.762+0000] {processor.py:153} INFO - Started process (PID=2590) to work on /home/airflow/.local/lib/python3.7/site-packages/airflow/example_dags/example_trigger_target_dag.py
[2023-03-09T09:37:58.764+0000] {processor.py:743} INFO - Processing file /home/airflow/.local/lib/python3.7/site-packages/airflow/example_dags/example_trigger_target_dag.py for tasks to queue
[2023-03-09T09:37:58.765+0000] {logging_mixin.py:137} INFO - [2023-03-09T09:37:58.765+0000] {dagbag.py:538} INFO - Filling up the DagBag from /home/airflow/.local/lib/python3.7/site-packages/airflow/example_dags/example_trigger_target_dag.py
[2023-03-09T09:37:58.780+0000] {processor.py:753} INFO - DAG(s) dict_keys(['example_trigger_target_dag']) retrieved from /home/airflow/.local/lib/python3.7/site-packages/airflow/example_dags/example_trigger_target_dag.py
[2023-03-09T09:37:58.801+0000] {logging_mixin.py:137} INFO - [2023-03-09T09:37:58.801+0000] {dag.py:2690} INFO - Sync 1 DAGs
[2023-03-09T09:37:58.817+0000] {logging_mixin.py:137} INFO - [2023-03-09T09:37:58.817+0000] {dag.py:3441} INFO - Setting next_dagrun for example_trigger_target_dag to None, run_after=None
[2023-03-09T09:37:58.829+0000] {processor.py:175} INFO - Processing /home/airflow/.local/lib/python3.7/site-packages/airflow/example_dags/example_trigger_target_dag.py took 0.069 seconds
[2023-03-09T09:38:28.982+0000] {processor.py:153} INFO - Started process (PID=2668) to work on /home/airflow/.local/lib/python3.7/site-packages/airflow/example_dags/example_trigger_target_dag.py
[2023-03-09T09:38:28.984+0000] {processor.py:743} INFO - Processing file /home/airflow/.local/lib/python3.7/site-packages/airflow/example_dags/example_trigger_target_dag.py for tasks to queue
[2023-03-09T09:38:28.985+0000] {logging_mixin.py:137} INFO - [2023-03-09T09:38:28.985+0000] {dagbag.py:538} INFO - Filling up the DagBag from /home/airflow/.local/lib/python3.7/site-packages/airflow/example_dags/example_trigger_target_dag.py
[2023-03-09T09:38:29.000+0000] {processor.py:753} INFO - DAG(s) dict_keys(['example_trigger_target_dag']) retrieved from /home/airflow/.local/lib/python3.7/site-packages/airflow/example_dags/example_trigger_target_dag.py
[2023-03-09T09:38:29.020+0000] {logging_mixin.py:137} INFO - [2023-03-09T09:38:29.019+0000] {dag.py:2690} INFO - Sync 1 DAGs
[2023-03-09T09:38:29.035+0000] {logging_mixin.py:137} INFO - [2023-03-09T09:38:29.035+0000] {dag.py:3441} INFO - Setting next_dagrun for example_trigger_target_dag to None, run_after=None
[2023-03-09T09:38:29.047+0000] {processor.py:175} INFO - Processing /home/airflow/.local/lib/python3.7/site-packages/airflow/example_dags/example_trigger_target_dag.py took 0.067 seconds
[2023-03-09T09:38:59.131+0000] {processor.py:153} INFO - Started process (PID=2752) to work on /home/airflow/.local/lib/python3.7/site-packages/airflow/example_dags/example_trigger_target_dag.py
[2023-03-09T09:38:59.134+0000] {processor.py:743} INFO - Processing file /home/airflow/.local/lib/python3.7/site-packages/airflow/example_dags/example_trigger_target_dag.py for tasks to queue
[2023-03-09T09:38:59.136+0000] {logging_mixin.py:137} INFO - [2023-03-09T09:38:59.136+0000] {dagbag.py:538} INFO - Filling up the DagBag from /home/airflow/.local/lib/python3.7/site-packages/airflow/example_dags/example_trigger_target_dag.py
[2023-03-09T09:38:59.172+0000] {processor.py:753} INFO - DAG(s) dict_keys(['example_trigger_target_dag']) retrieved from /home/airflow/.local/lib/python3.7/site-packages/airflow/example_dags/example_trigger_target_dag.py
[2023-03-09T09:38:59.215+0000] {logging_mixin.py:137} INFO - [2023-03-09T09:38:59.215+0000] {dag.py:2690} INFO - Sync 1 DAGs
[2023-03-09T09:38:59.245+0000] {logging_mixin.py:137} INFO - [2023-03-09T09:38:59.245+0000] {dag.py:3441} INFO - Setting next_dagrun for example_trigger_target_dag to None, run_after=None
[2023-03-09T09:38:59.263+0000] {processor.py:175} INFO - Processing /home/airflow/.local/lib/python3.7/site-packages/airflow/example_dags/example_trigger_target_dag.py took 0.140 seconds
[2023-03-09T09:39:29.412+0000] {processor.py:153} INFO - Started process (PID=2820) to work on /home/airflow/.local/lib/python3.7/site-packages/airflow/example_dags/example_trigger_target_dag.py
[2023-03-09T09:39:29.414+0000] {processor.py:743} INFO - Processing file /home/airflow/.local/lib/python3.7/site-packages/airflow/example_dags/example_trigger_target_dag.py for tasks to queue
[2023-03-09T09:39:29.415+0000] {logging_mixin.py:137} INFO - [2023-03-09T09:39:29.415+0000] {dagbag.py:538} INFO - Filling up the DagBag from /home/airflow/.local/lib/python3.7/site-packages/airflow/example_dags/example_trigger_target_dag.py
[2023-03-09T09:39:29.430+0000] {processor.py:753} INFO - DAG(s) dict_keys(['example_trigger_target_dag']) retrieved from /home/airflow/.local/lib/python3.7/site-packages/airflow/example_dags/example_trigger_target_dag.py
[2023-03-09T09:39:29.448+0000] {logging_mixin.py:137} INFO - [2023-03-09T09:39:29.448+0000] {dag.py:2690} INFO - Sync 1 DAGs
[2023-03-09T09:39:29.465+0000] {logging_mixin.py:137} INFO - [2023-03-09T09:39:29.465+0000] {dag.py:3441} INFO - Setting next_dagrun for example_trigger_target_dag to None, run_after=None
[2023-03-09T09:39:29.477+0000] {processor.py:175} INFO - Processing /home/airflow/.local/lib/python3.7/site-packages/airflow/example_dags/example_trigger_target_dag.py took 0.068 seconds
[2023-03-09T09:39:59.885+0000] {processor.py:153} INFO - Started process (PID=2901) to work on /home/airflow/.local/lib/python3.7/site-packages/airflow/example_dags/example_trigger_target_dag.py
[2023-03-09T09:39:59.886+0000] {processor.py:743} INFO - Processing file /home/airflow/.local/lib/python3.7/site-packages/airflow/example_dags/example_trigger_target_dag.py for tasks to queue
[2023-03-09T09:39:59.887+0000] {logging_mixin.py:137} INFO - [2023-03-09T09:39:59.887+0000] {dagbag.py:538} INFO - Filling up the DagBag from /home/airflow/.local/lib/python3.7/site-packages/airflow/example_dags/example_trigger_target_dag.py
[2023-03-09T09:39:59.901+0000] {processor.py:753} INFO - DAG(s) dict_keys(['example_trigger_target_dag']) retrieved from /home/airflow/.local/lib/python3.7/site-packages/airflow/example_dags/example_trigger_target_dag.py
[2023-03-09T09:39:59.920+0000] {logging_mixin.py:137} INFO - [2023-03-09T09:39:59.920+0000] {dag.py:2690} INFO - Sync 1 DAGs
[2023-03-09T09:39:59.936+0000] {logging_mixin.py:137} INFO - [2023-03-09T09:39:59.936+0000] {dag.py:3441} INFO - Setting next_dagrun for example_trigger_target_dag to None, run_after=None
[2023-03-09T09:39:59.948+0000] {processor.py:175} INFO - Processing /home/airflow/.local/lib/python3.7/site-packages/airflow/example_dags/example_trigger_target_dag.py took 0.066 seconds
[2023-03-09T09:40:30.014+0000] {processor.py:153} INFO - Started process (PID=2976) to work on /home/airflow/.local/lib/python3.7/site-packages/airflow/example_dags/example_trigger_target_dag.py
[2023-03-09T09:40:30.016+0000] {processor.py:743} INFO - Processing file /home/airflow/.local/lib/python3.7/site-packages/airflow/example_dags/example_trigger_target_dag.py for tasks to queue
[2023-03-09T09:40:30.017+0000] {logging_mixin.py:137} INFO - [2023-03-09T09:40:30.017+0000] {dagbag.py:538} INFO - Filling up the DagBag from /home/airflow/.local/lib/python3.7/site-packages/airflow/example_dags/example_trigger_target_dag.py
[2023-03-09T09:40:30.033+0000] {processor.py:753} INFO - DAG(s) dict_keys(['example_trigger_target_dag']) retrieved from /home/airflow/.local/lib/python3.7/site-packages/airflow/example_dags/example_trigger_target_dag.py
[2023-03-09T09:40:30.054+0000] {logging_mixin.py:137} INFO - [2023-03-09T09:40:30.054+0000] {dag.py:2690} INFO - Sync 1 DAGs
[2023-03-09T09:40:30.074+0000] {logging_mixin.py:137} INFO - [2023-03-09T09:40:30.074+0000] {dag.py:3441} INFO - Setting next_dagrun for example_trigger_target_dag to None, run_after=None
[2023-03-09T09:40:30.088+0000] {processor.py:175} INFO - Processing /home/airflow/.local/lib/python3.7/site-packages/airflow/example_dags/example_trigger_target_dag.py took 0.076 seconds
[2023-03-09T09:41:00.138+0000] {processor.py:153} INFO - Started process (PID=3047) to work on /home/airflow/.local/lib/python3.7/site-packages/airflow/example_dags/example_trigger_target_dag.py
[2023-03-09T09:41:00.140+0000] {processor.py:743} INFO - Processing file /home/airflow/.local/lib/python3.7/site-packages/airflow/example_dags/example_trigger_target_dag.py for tasks to queue
[2023-03-09T09:41:00.141+0000] {logging_mixin.py:137} INFO - [2023-03-09T09:41:00.141+0000] {dagbag.py:538} INFO - Filling up the DagBag from /home/airflow/.local/lib/python3.7/site-packages/airflow/example_dags/example_trigger_target_dag.py
[2023-03-09T09:41:00.154+0000] {processor.py:753} INFO - DAG(s) dict_keys(['example_trigger_target_dag']) retrieved from /home/airflow/.local/lib/python3.7/site-packages/airflow/example_dags/example_trigger_target_dag.py
[2023-03-09T09:41:00.173+0000] {logging_mixin.py:137} INFO - [2023-03-09T09:41:00.173+0000] {dag.py:2690} INFO - Sync 1 DAGs
[2023-03-09T09:41:00.188+0000] {logging_mixin.py:137} INFO - [2023-03-09T09:41:00.187+0000] {dag.py:3441} INFO - Setting next_dagrun for example_trigger_target_dag to None, run_after=None
[2023-03-09T09:41:00.199+0000] {processor.py:175} INFO - Processing /home/airflow/.local/lib/python3.7/site-packages/airflow/example_dags/example_trigger_target_dag.py took 0.063 seconds
[2023-03-09T09:41:31.069+0000] {processor.py:153} INFO - Started process (PID=3124) to work on /home/airflow/.local/lib/python3.7/site-packages/airflow/example_dags/example_trigger_target_dag.py
[2023-03-09T09:41:31.071+0000] {processor.py:743} INFO - Processing file /home/airflow/.local/lib/python3.7/site-packages/airflow/example_dags/example_trigger_target_dag.py for tasks to queue
[2023-03-09T09:41:31.072+0000] {logging_mixin.py:137} INFO - [2023-03-09T09:41:31.072+0000] {dagbag.py:538} INFO - Filling up the DagBag from /home/airflow/.local/lib/python3.7/site-packages/airflow/example_dags/example_trigger_target_dag.py
[2023-03-09T09:41:31.088+0000] {processor.py:753} INFO - DAG(s) dict_keys(['example_trigger_target_dag']) retrieved from /home/airflow/.local/lib/python3.7/site-packages/airflow/example_dags/example_trigger_target_dag.py
[2023-03-09T09:41:31.111+0000] {logging_mixin.py:137} INFO - [2023-03-09T09:41:31.111+0000] {dag.py:2690} INFO - Sync 1 DAGs
[2023-03-09T09:41:31.133+0000] {logging_mixin.py:137} INFO - [2023-03-09T09:41:31.133+0000] {dag.py:3441} INFO - Setting next_dagrun for example_trigger_target_dag to None, run_after=None
[2023-03-09T09:41:31.146+0000] {processor.py:175} INFO - Processing /home/airflow/.local/lib/python3.7/site-packages/airflow/example_dags/example_trigger_target_dag.py took 0.080 seconds
[2023-03-09T09:42:01.564+0000] {processor.py:153} INFO - Started process (PID=3190) to work on /home/airflow/.local/lib/python3.7/site-packages/airflow/example_dags/example_trigger_target_dag.py
[2023-03-09T09:42:01.569+0000] {processor.py:743} INFO - Processing file /home/airflow/.local/lib/python3.7/site-packages/airflow/example_dags/example_trigger_target_dag.py for tasks to queue
[2023-03-09T09:42:01.572+0000] {logging_mixin.py:137} INFO - [2023-03-09T09:42:01.572+0000] {dagbag.py:538} INFO - Filling up the DagBag from /home/airflow/.local/lib/python3.7/site-packages/airflow/example_dags/example_trigger_target_dag.py
[2023-03-09T09:42:01.592+0000] {processor.py:753} INFO - DAG(s) dict_keys(['example_trigger_target_dag']) retrieved from /home/airflow/.local/lib/python3.7/site-packages/airflow/example_dags/example_trigger_target_dag.py
[2023-03-09T09:42:01.616+0000] {logging_mixin.py:137} INFO - [2023-03-09T09:42:01.616+0000] {dag.py:2690} INFO - Sync 1 DAGs
[2023-03-09T09:42:01.646+0000] {logging_mixin.py:137} INFO - [2023-03-09T09:42:01.646+0000] {dag.py:3441} INFO - Setting next_dagrun for example_trigger_target_dag to None, run_after=None
[2023-03-09T09:42:01.665+0000] {processor.py:175} INFO - Processing /home/airflow/.local/lib/python3.7/site-packages/airflow/example_dags/example_trigger_target_dag.py took 0.111 seconds
[2023-03-09T09:42:31.797+0000] {processor.py:153} INFO - Started process (PID=3269) to work on /home/airflow/.local/lib/python3.7/site-packages/airflow/example_dags/example_trigger_target_dag.py
[2023-03-09T09:42:31.799+0000] {processor.py:743} INFO - Processing file /home/airflow/.local/lib/python3.7/site-packages/airflow/example_dags/example_trigger_target_dag.py for tasks to queue
[2023-03-09T09:42:31.800+0000] {logging_mixin.py:137} INFO - [2023-03-09T09:42:31.800+0000] {dagbag.py:538} INFO - Filling up the DagBag from /home/airflow/.local/lib/python3.7/site-packages/airflow/example_dags/example_trigger_target_dag.py
[2023-03-09T09:42:31.821+0000] {processor.py:753} INFO - DAG(s) dict_keys(['example_trigger_target_dag']) retrieved from /home/airflow/.local/lib/python3.7/site-packages/airflow/example_dags/example_trigger_target_dag.py
[2023-03-09T09:42:31.842+0000] {logging_mixin.py:137} INFO - [2023-03-09T09:42:31.841+0000] {dag.py:2690} INFO - Sync 1 DAGs
[2023-03-09T09:42:31.857+0000] {logging_mixin.py:137} INFO - [2023-03-09T09:42:31.857+0000] {dag.py:3441} INFO - Setting next_dagrun for example_trigger_target_dag to None, run_after=None
[2023-03-09T09:42:31.869+0000] {processor.py:175} INFO - Processing /home/airflow/.local/lib/python3.7/site-packages/airflow/example_dags/example_trigger_target_dag.py took 0.075 seconds
[2023-03-09T09:43:02.149+0000] {processor.py:153} INFO - Started process (PID=3347) to work on /home/airflow/.local/lib/python3.7/site-packages/airflow/example_dags/example_trigger_target_dag.py
[2023-03-09T09:43:02.151+0000] {processor.py:743} INFO - Processing file /home/airflow/.local/lib/python3.7/site-packages/airflow/example_dags/example_trigger_target_dag.py for tasks to queue
[2023-03-09T09:43:02.152+0000] {logging_mixin.py:137} INFO - [2023-03-09T09:43:02.152+0000] {dagbag.py:538} INFO - Filling up the DagBag from /home/airflow/.local/lib/python3.7/site-packages/airflow/example_dags/example_trigger_target_dag.py
[2023-03-09T09:43:02.175+0000] {processor.py:753} INFO - DAG(s) dict_keys(['example_trigger_target_dag']) retrieved from /home/airflow/.local/lib/python3.7/site-packages/airflow/example_dags/example_trigger_target_dag.py
[2023-03-09T09:43:02.196+0000] {logging_mixin.py:137} INFO - [2023-03-09T09:43:02.196+0000] {dag.py:2690} INFO - Sync 1 DAGs
[2023-03-09T09:43:02.213+0000] {logging_mixin.py:137} INFO - [2023-03-09T09:43:02.213+0000] {dag.py:3441} INFO - Setting next_dagrun for example_trigger_target_dag to None, run_after=None
[2023-03-09T09:43:02.226+0000] {processor.py:175} INFO - Processing /home/airflow/.local/lib/python3.7/site-packages/airflow/example_dags/example_trigger_target_dag.py took 0.081 seconds
[2023-03-09T09:43:32.590+0000] {processor.py:153} INFO - Started process (PID=3415) to work on /home/airflow/.local/lib/python3.7/site-packages/airflow/example_dags/example_trigger_target_dag.py
[2023-03-09T09:43:32.591+0000] {processor.py:743} INFO - Processing file /home/airflow/.local/lib/python3.7/site-packages/airflow/example_dags/example_trigger_target_dag.py for tasks to queue
[2023-03-09T09:43:32.593+0000] {logging_mixin.py:137} INFO - [2023-03-09T09:43:32.593+0000] {dagbag.py:538} INFO - Filling up the DagBag from /home/airflow/.local/lib/python3.7/site-packages/airflow/example_dags/example_trigger_target_dag.py
[2023-03-09T09:43:32.609+0000] {processor.py:753} INFO - DAG(s) dict_keys(['example_trigger_target_dag']) retrieved from /home/airflow/.local/lib/python3.7/site-packages/airflow/example_dags/example_trigger_target_dag.py
[2023-03-09T09:43:32.626+0000] {logging_mixin.py:137} INFO - [2023-03-09T09:43:32.625+0000] {dag.py:2690} INFO - Sync 1 DAGs
[2023-03-09T09:43:32.641+0000] {logging_mixin.py:137} INFO - [2023-03-09T09:43:32.640+0000] {dag.py:3441} INFO - Setting next_dagrun for example_trigger_target_dag to None, run_after=None
[2023-03-09T09:43:32.652+0000] {processor.py:175} INFO - Processing /home/airflow/.local/lib/python3.7/site-packages/airflow/example_dags/example_trigger_target_dag.py took 0.065 seconds
[2023-03-09T09:44:03.085+0000] {processor.py:153} INFO - Started process (PID=3496) to work on /home/airflow/.local/lib/python3.7/site-packages/airflow/example_dags/example_trigger_target_dag.py
[2023-03-09T09:44:03.087+0000] {processor.py:743} INFO - Processing file /home/airflow/.local/lib/python3.7/site-packages/airflow/example_dags/example_trigger_target_dag.py for tasks to queue
[2023-03-09T09:44:03.088+0000] {logging_mixin.py:137} INFO - [2023-03-09T09:44:03.088+0000] {dagbag.py:538} INFO - Filling up the DagBag from /home/airflow/.local/lib/python3.7/site-packages/airflow/example_dags/example_trigger_target_dag.py
[2023-03-09T09:44:03.101+0000] {processor.py:753} INFO - DAG(s) dict_keys(['example_trigger_target_dag']) retrieved from /home/airflow/.local/lib/python3.7/site-packages/airflow/example_dags/example_trigger_target_dag.py
[2023-03-09T09:44:03.119+0000] {logging_mixin.py:137} INFO - [2023-03-09T09:44:03.119+0000] {dag.py:2690} INFO - Sync 1 DAGs
[2023-03-09T09:44:03.135+0000] {logging_mixin.py:137} INFO - [2023-03-09T09:44:03.134+0000] {dag.py:3441} INFO - Setting next_dagrun for example_trigger_target_dag to None, run_after=None
[2023-03-09T09:44:03.147+0000] {processor.py:175} INFO - Processing /home/airflow/.local/lib/python3.7/site-packages/airflow/example_dags/example_trigger_target_dag.py took 0.065 seconds
[2023-03-09T09:44:33.351+0000] {processor.py:153} INFO - Started process (PID=3578) to work on /home/airflow/.local/lib/python3.7/site-packages/airflow/example_dags/example_trigger_target_dag.py
[2023-03-09T09:44:33.354+0000] {processor.py:743} INFO - Processing file /home/airflow/.local/lib/python3.7/site-packages/airflow/example_dags/example_trigger_target_dag.py for tasks to queue
[2023-03-09T09:44:33.356+0000] {logging_mixin.py:137} INFO - [2023-03-09T09:44:33.356+0000] {dagbag.py:538} INFO - Filling up the DagBag from /home/airflow/.local/lib/python3.7/site-packages/airflow/example_dags/example_trigger_target_dag.py
[2023-03-09T09:44:33.393+0000] {processor.py:753} INFO - DAG(s) dict_keys(['example_trigger_target_dag']) retrieved from /home/airflow/.local/lib/python3.7/site-packages/airflow/example_dags/example_trigger_target_dag.py
[2023-03-09T09:44:33.429+0000] {logging_mixin.py:137} INFO - [2023-03-09T09:44:33.428+0000] {dag.py:2690} INFO - Sync 1 DAGs
[2023-03-09T09:44:33.459+0000] {logging_mixin.py:137} INFO - [2023-03-09T09:44:33.459+0000] {dag.py:3441} INFO - Setting next_dagrun for example_trigger_target_dag to None, run_after=None
[2023-03-09T09:44:33.477+0000] {processor.py:175} INFO - Processing /home/airflow/.local/lib/python3.7/site-packages/airflow/example_dags/example_trigger_target_dag.py took 0.131 seconds
[2023-03-09T09:45:03.599+0000] {processor.py:153} INFO - Started process (PID=3644) to work on /home/airflow/.local/lib/python3.7/site-packages/airflow/example_dags/example_trigger_target_dag.py
[2023-03-09T09:45:03.600+0000] {processor.py:743} INFO - Processing file /home/airflow/.local/lib/python3.7/site-packages/airflow/example_dags/example_trigger_target_dag.py for tasks to queue
[2023-03-09T09:45:03.602+0000] {logging_mixin.py:137} INFO - [2023-03-09T09:45:03.602+0000] {dagbag.py:538} INFO - Filling up the DagBag from /home/airflow/.local/lib/python3.7/site-packages/airflow/example_dags/example_trigger_target_dag.py
[2023-03-09T09:45:03.620+0000] {processor.py:753} INFO - DAG(s) dict_keys(['example_trigger_target_dag']) retrieved from /home/airflow/.local/lib/python3.7/site-packages/airflow/example_dags/example_trigger_target_dag.py
[2023-03-09T09:45:03.642+0000] {logging_mixin.py:137} INFO - [2023-03-09T09:45:03.642+0000] {dag.py:2690} INFO - Sync 1 DAGs
[2023-03-09T09:45:03.661+0000] {logging_mixin.py:137} INFO - [2023-03-09T09:45:03.661+0000] {dag.py:3441} INFO - Setting next_dagrun for example_trigger_target_dag to None, run_after=None
[2023-03-09T09:45:03.676+0000] {processor.py:175} INFO - Processing /home/airflow/.local/lib/python3.7/site-packages/airflow/example_dags/example_trigger_target_dag.py took 0.082 seconds
[2023-03-09T09:45:33.986+0000] {processor.py:153} INFO - Started process (PID=3722) to work on /home/airflow/.local/lib/python3.7/site-packages/airflow/example_dags/example_trigger_target_dag.py
[2023-03-09T09:45:33.988+0000] {processor.py:743} INFO - Processing file /home/airflow/.local/lib/python3.7/site-packages/airflow/example_dags/example_trigger_target_dag.py for tasks to queue
[2023-03-09T09:45:33.990+0000] {logging_mixin.py:137} INFO - [2023-03-09T09:45:33.990+0000] {dagbag.py:538} INFO - Filling up the DagBag from /home/airflow/.local/lib/python3.7/site-packages/airflow/example_dags/example_trigger_target_dag.py
[2023-03-09T09:45:34.007+0000] {processor.py:753} INFO - DAG(s) dict_keys(['example_trigger_target_dag']) retrieved from /home/airflow/.local/lib/python3.7/site-packages/airflow/example_dags/example_trigger_target_dag.py
[2023-03-09T09:45:34.027+0000] {logging_mixin.py:137} INFO - [2023-03-09T09:45:34.027+0000] {dag.py:2690} INFO - Sync 1 DAGs
[2023-03-09T09:45:34.043+0000] {logging_mixin.py:137} INFO - [2023-03-09T09:45:34.043+0000] {dag.py:3441} INFO - Setting next_dagrun for example_trigger_target_dag to None, run_after=None
[2023-03-09T09:45:34.054+0000] {processor.py:175} INFO - Processing /home/airflow/.local/lib/python3.7/site-packages/airflow/example_dags/example_trigger_target_dag.py took 0.071 seconds
[2023-03-09T09:46:04.164+0000] {processor.py:153} INFO - Started process (PID=3792) to work on /home/airflow/.local/lib/python3.7/site-packages/airflow/example_dags/example_trigger_target_dag.py
[2023-03-09T09:46:04.166+0000] {processor.py:743} INFO - Processing file /home/airflow/.local/lib/python3.7/site-packages/airflow/example_dags/example_trigger_target_dag.py for tasks to queue
[2023-03-09T09:46:04.166+0000] {logging_mixin.py:137} INFO - [2023-03-09T09:46:04.166+0000] {dagbag.py:538} INFO - Filling up the DagBag from /home/airflow/.local/lib/python3.7/site-packages/airflow/example_dags/example_trigger_target_dag.py
[2023-03-09T09:46:04.179+0000] {processor.py:753} INFO - DAG(s) dict_keys(['example_trigger_target_dag']) retrieved from /home/airflow/.local/lib/python3.7/site-packages/airflow/example_dags/example_trigger_target_dag.py
[2023-03-09T09:46:04.195+0000] {logging_mixin.py:137} INFO - [2023-03-09T09:46:04.195+0000] {dag.py:2690} INFO - Sync 1 DAGs
[2023-03-09T09:46:04.211+0000] {logging_mixin.py:137} INFO - [2023-03-09T09:46:04.211+0000] {dag.py:3441} INFO - Setting next_dagrun for example_trigger_target_dag to None, run_after=None
[2023-03-09T09:46:04.222+0000] {processor.py:175} INFO - Processing /home/airflow/.local/lib/python3.7/site-packages/airflow/example_dags/example_trigger_target_dag.py took 0.062 seconds
[2023-03-09T09:46:34.645+0000] {processor.py:153} INFO - Started process (PID=3871) to work on /home/airflow/.local/lib/python3.7/site-packages/airflow/example_dags/example_trigger_target_dag.py
[2023-03-09T09:46:34.647+0000] {processor.py:743} INFO - Processing file /home/airflow/.local/lib/python3.7/site-packages/airflow/example_dags/example_trigger_target_dag.py for tasks to queue
[2023-03-09T09:46:34.648+0000] {logging_mixin.py:137} INFO - [2023-03-09T09:46:34.648+0000] {dagbag.py:538} INFO - Filling up the DagBag from /home/airflow/.local/lib/python3.7/site-packages/airflow/example_dags/example_trigger_target_dag.py
[2023-03-09T09:46:34.665+0000] {processor.py:753} INFO - DAG(s) dict_keys(['example_trigger_target_dag']) retrieved from /home/airflow/.local/lib/python3.7/site-packages/airflow/example_dags/example_trigger_target_dag.py
[2023-03-09T09:46:34.690+0000] {logging_mixin.py:137} INFO - [2023-03-09T09:46:34.690+0000] {dag.py:2690} INFO - Sync 1 DAGs
[2023-03-09T09:46:34.710+0000] {logging_mixin.py:137} INFO - [2023-03-09T09:46:34.710+0000] {dag.py:3441} INFO - Setting next_dagrun for example_trigger_target_dag to None, run_after=None
[2023-03-09T09:46:34.723+0000] {processor.py:175} INFO - Processing /home/airflow/.local/lib/python3.7/site-packages/airflow/example_dags/example_trigger_target_dag.py took 0.081 seconds
[2023-03-09T09:47:05.079+0000] {processor.py:153} INFO - Started process (PID=3954) to work on /home/airflow/.local/lib/python3.7/site-packages/airflow/example_dags/example_trigger_target_dag.py
[2023-03-09T09:47:05.080+0000] {processor.py:743} INFO - Processing file /home/airflow/.local/lib/python3.7/site-packages/airflow/example_dags/example_trigger_target_dag.py for tasks to queue
[2023-03-09T09:47:05.081+0000] {logging_mixin.py:137} INFO - [2023-03-09T09:47:05.081+0000] {dagbag.py:538} INFO - Filling up the DagBag from /home/airflow/.local/lib/python3.7/site-packages/airflow/example_dags/example_trigger_target_dag.py
[2023-03-09T09:47:05.096+0000] {processor.py:753} INFO - DAG(s) dict_keys(['example_trigger_target_dag']) retrieved from /home/airflow/.local/lib/python3.7/site-packages/airflow/example_dags/example_trigger_target_dag.py
[2023-03-09T09:47:05.115+0000] {logging_mixin.py:137} INFO - [2023-03-09T09:47:05.115+0000] {dag.py:2690} INFO - Sync 1 DAGs
[2023-03-09T09:47:05.131+0000] {logging_mixin.py:137} INFO - [2023-03-09T09:47:05.131+0000] {dag.py:3441} INFO - Setting next_dagrun for example_trigger_target_dag to None, run_after=None
[2023-03-09T09:47:05.142+0000] {processor.py:175} INFO - Processing /home/airflow/.local/lib/python3.7/site-packages/airflow/example_dags/example_trigger_target_dag.py took 0.065 seconds
[2023-03-09T09:47:35.338+0000] {processor.py:153} INFO - Started process (PID=4020) to work on /home/airflow/.local/lib/python3.7/site-packages/airflow/example_dags/example_trigger_target_dag.py
[2023-03-09T09:47:35.340+0000] {processor.py:743} INFO - Processing file /home/airflow/.local/lib/python3.7/site-packages/airflow/example_dags/example_trigger_target_dag.py for tasks to queue
[2023-03-09T09:47:35.341+0000] {logging_mixin.py:137} INFO - [2023-03-09T09:47:35.341+0000] {dagbag.py:538} INFO - Filling up the DagBag from /home/airflow/.local/lib/python3.7/site-packages/airflow/example_dags/example_trigger_target_dag.py
[2023-03-09T09:47:35.354+0000] {processor.py:753} INFO - DAG(s) dict_keys(['example_trigger_target_dag']) retrieved from /home/airflow/.local/lib/python3.7/site-packages/airflow/example_dags/example_trigger_target_dag.py
[2023-03-09T09:47:35.372+0000] {logging_mixin.py:137} INFO - [2023-03-09T09:47:35.372+0000] {dag.py:2690} INFO - Sync 1 DAGs
[2023-03-09T09:47:35.388+0000] {logging_mixin.py:137} INFO - [2023-03-09T09:47:35.388+0000] {dag.py:3441} INFO - Setting next_dagrun for example_trigger_target_dag to None, run_after=None
[2023-03-09T09:47:35.401+0000] {processor.py:175} INFO - Processing /home/airflow/.local/lib/python3.7/site-packages/airflow/example_dags/example_trigger_target_dag.py took 0.065 seconds
[2023-03-09T09:48:05.781+0000] {processor.py:153} INFO - Started process (PID=4097) to work on /home/airflow/.local/lib/python3.7/site-packages/airflow/example_dags/example_trigger_target_dag.py
[2023-03-09T09:48:05.782+0000] {processor.py:743} INFO - Processing file /home/airflow/.local/lib/python3.7/site-packages/airflow/example_dags/example_trigger_target_dag.py for tasks to queue
[2023-03-09T09:48:05.783+0000] {logging_mixin.py:137} INFO - [2023-03-09T09:48:05.783+0000] {dagbag.py:538} INFO - Filling up the DagBag from /home/airflow/.local/lib/python3.7/site-packages/airflow/example_dags/example_trigger_target_dag.py
[2023-03-09T09:48:05.797+0000] {processor.py:753} INFO - DAG(s) dict_keys(['example_trigger_target_dag']) retrieved from /home/airflow/.local/lib/python3.7/site-packages/airflow/example_dags/example_trigger_target_dag.py
[2023-03-09T09:48:05.817+0000] {logging_mixin.py:137} INFO - [2023-03-09T09:48:05.817+0000] {dag.py:2690} INFO - Sync 1 DAGs
[2023-03-09T09:48:05.833+0000] {logging_mixin.py:137} INFO - [2023-03-09T09:48:05.833+0000] {dag.py:3441} INFO - Setting next_dagrun for example_trigger_target_dag to None, run_after=None
[2023-03-09T09:48:05.845+0000] {processor.py:175} INFO - Processing /home/airflow/.local/lib/python3.7/site-packages/airflow/example_dags/example_trigger_target_dag.py took 0.066 seconds
[2023-03-09T09:48:35.935+0000] {processor.py:153} INFO - Started process (PID=4172) to work on /home/airflow/.local/lib/python3.7/site-packages/airflow/example_dags/example_trigger_target_dag.py
[2023-03-09T09:48:35.940+0000] {processor.py:743} INFO - Processing file /home/airflow/.local/lib/python3.7/site-packages/airflow/example_dags/example_trigger_target_dag.py for tasks to queue
[2023-03-09T09:48:35.942+0000] {logging_mixin.py:137} INFO - [2023-03-09T09:48:35.942+0000] {dagbag.py:538} INFO - Filling up the DagBag from /home/airflow/.local/lib/python3.7/site-packages/airflow/example_dags/example_trigger_target_dag.py
[2023-03-09T09:48:35.966+0000] {processor.py:753} INFO - DAG(s) dict_keys(['example_trigger_target_dag']) retrieved from /home/airflow/.local/lib/python3.7/site-packages/airflow/example_dags/example_trigger_target_dag.py
[2023-03-09T09:48:35.994+0000] {logging_mixin.py:137} INFO - [2023-03-09T09:48:35.994+0000] {dag.py:2690} INFO - Sync 1 DAGs
[2023-03-09T09:48:36.015+0000] {logging_mixin.py:137} INFO - [2023-03-09T09:48:36.015+0000] {dag.py:3441} INFO - Setting next_dagrun for example_trigger_target_dag to None, run_after=None
[2023-03-09T09:48:36.041+0000] {processor.py:175} INFO - Processing /home/airflow/.local/lib/python3.7/site-packages/airflow/example_dags/example_trigger_target_dag.py took 0.110 seconds
[2023-03-09T09:49:06.311+0000] {processor.py:153} INFO - Started process (PID=4240) to work on /home/airflow/.local/lib/python3.7/site-packages/airflow/example_dags/example_trigger_target_dag.py
[2023-03-09T09:49:06.313+0000] {processor.py:743} INFO - Processing file /home/airflow/.local/lib/python3.7/site-packages/airflow/example_dags/example_trigger_target_dag.py for tasks to queue
[2023-03-09T09:49:06.315+0000] {logging_mixin.py:137} INFO - [2023-03-09T09:49:06.314+0000] {dagbag.py:538} INFO - Filling up the DagBag from /home/airflow/.local/lib/python3.7/site-packages/airflow/example_dags/example_trigger_target_dag.py
[2023-03-09T09:49:06.329+0000] {processor.py:753} INFO - DAG(s) dict_keys(['example_trigger_target_dag']) retrieved from /home/airflow/.local/lib/python3.7/site-packages/airflow/example_dags/example_trigger_target_dag.py
[2023-03-09T09:49:06.347+0000] {logging_mixin.py:137} INFO - [2023-03-09T09:49:06.347+0000] {dag.py:2690} INFO - Sync 1 DAGs
[2023-03-09T09:49:06.363+0000] {logging_mixin.py:137} INFO - [2023-03-09T09:49:06.363+0000] {dag.py:3441} INFO - Setting next_dagrun for example_trigger_target_dag to None, run_after=None
[2023-03-09T09:49:06.375+0000] {processor.py:175} INFO - Processing /home/airflow/.local/lib/python3.7/site-packages/airflow/example_dags/example_trigger_target_dag.py took 0.066 seconds
[2023-03-09T09:49:36.813+0000] {processor.py:153} INFO - Started process (PID=4323) to work on /home/airflow/.local/lib/python3.7/site-packages/airflow/example_dags/example_trigger_target_dag.py
[2023-03-09T09:49:36.815+0000] {processor.py:743} INFO - Processing file /home/airflow/.local/lib/python3.7/site-packages/airflow/example_dags/example_trigger_target_dag.py for tasks to queue
[2023-03-09T09:49:36.816+0000] {logging_mixin.py:137} INFO - [2023-03-09T09:49:36.816+0000] {dagbag.py:538} INFO - Filling up the DagBag from /home/airflow/.local/lib/python3.7/site-packages/airflow/example_dags/example_trigger_target_dag.py
[2023-03-09T09:49:36.829+0000] {processor.py:753} INFO - DAG(s) dict_keys(['example_trigger_target_dag']) retrieved from /home/airflow/.local/lib/python3.7/site-packages/airflow/example_dags/example_trigger_target_dag.py
[2023-03-09T09:49:36.848+0000] {logging_mixin.py:137} INFO - [2023-03-09T09:49:36.848+0000] {dag.py:2690} INFO - Sync 1 DAGs
[2023-03-09T09:49:36.863+0000] {logging_mixin.py:137} INFO - [2023-03-09T09:49:36.863+0000] {dag.py:3441} INFO - Setting next_dagrun for example_trigger_target_dag to None, run_after=None
[2023-03-09T09:49:36.876+0000] {processor.py:175} INFO - Processing /home/airflow/.local/lib/python3.7/site-packages/airflow/example_dags/example_trigger_target_dag.py took 0.066 seconds
[2023-03-09T09:50:07.050+0000] {processor.py:153} INFO - Started process (PID=4402) to work on /home/airflow/.local/lib/python3.7/site-packages/airflow/example_dags/example_trigger_target_dag.py
[2023-03-09T09:50:07.053+0000] {processor.py:743} INFO - Processing file /home/airflow/.local/lib/python3.7/site-packages/airflow/example_dags/example_trigger_target_dag.py for tasks to queue
[2023-03-09T09:50:07.058+0000] {logging_mixin.py:137} INFO - [2023-03-09T09:50:07.058+0000] {dagbag.py:538} INFO - Filling up the DagBag from /home/airflow/.local/lib/python3.7/site-packages/airflow/example_dags/example_trigger_target_dag.py
[2023-03-09T09:50:07.092+0000] {processor.py:753} INFO - DAG(s) dict_keys(['example_trigger_target_dag']) retrieved from /home/airflow/.local/lib/python3.7/site-packages/airflow/example_dags/example_trigger_target_dag.py
[2023-03-09T09:50:07.122+0000] {logging_mixin.py:137} INFO - [2023-03-09T09:50:07.122+0000] {dag.py:2690} INFO - Sync 1 DAGs
[2023-03-09T09:50:07.140+0000] {logging_mixin.py:137} INFO - [2023-03-09T09:50:07.140+0000] {dag.py:3441} INFO - Setting next_dagrun for example_trigger_target_dag to None, run_after=None
[2023-03-09T09:50:07.159+0000] {processor.py:175} INFO - Processing /home/airflow/.local/lib/python3.7/site-packages/airflow/example_dags/example_trigger_target_dag.py took 0.111 seconds
