[2023-03-09T09:02:14.609+0000] {processor.py:153} INFO - Started process (PID=46) to work on /home/airflow/.local/lib/python3.7/site-packages/airflow/example_dags/example_nested_branch_dag.py
[2023-03-09T09:02:14.615+0000] {processor.py:743} INFO - Processing file /home/airflow/.local/lib/python3.7/site-packages/airflow/example_dags/example_nested_branch_dag.py for tasks to queue
[2023-03-09T09:02:14.619+0000] {logging_mixin.py:137} INFO - [2023-03-09T09:02:14.618+0000] {dagbag.py:538} INFO - Filling up the DagBag from /home/airflow/.local/lib/python3.7/site-packages/airflow/example_dags/example_nested_branch_dag.py
[2023-03-09T09:02:14.846+0000] {processor.py:753} INFO - DAG(s) dict_keys(['example_nested_branch_dag']) retrieved from /home/airflow/.local/lib/python3.7/site-packages/airflow/example_dags/example_nested_branch_dag.py
[2023-03-09T09:02:14.934+0000] {logging_mixin.py:137} INFO - [2023-03-09T09:02:14.934+0000] {dag.py:2690} INFO - Sync 1 DAGs
[2023-03-09T09:02:15.101+0000] {logging_mixin.py:137} INFO - [2023-03-09T09:02:15.100+0000] {dag.py:3441} INFO - Setting next_dagrun for example_nested_branch_dag to 2023-03-08T00:00:00+00:00, run_after=2023-03-09T00:00:00+00:00
[2023-03-09T09:02:15.197+0000] {processor.py:175} INFO - Processing /home/airflow/.local/lib/python3.7/site-packages/airflow/example_dags/example_nested_branch_dag.py took 0.629 seconds
[2023-03-09T09:02:45.412+0000] {processor.py:153} INFO - Started process (PID=115) to work on /home/airflow/.local/lib/python3.7/site-packages/airflow/example_dags/example_nested_branch_dag.py
[2023-03-09T09:02:45.414+0000] {processor.py:743} INFO - Processing file /home/airflow/.local/lib/python3.7/site-packages/airflow/example_dags/example_nested_branch_dag.py for tasks to queue
[2023-03-09T09:02:45.415+0000] {logging_mixin.py:137} INFO - [2023-03-09T09:02:45.415+0000] {dagbag.py:538} INFO - Filling up the DagBag from /home/airflow/.local/lib/python3.7/site-packages/airflow/example_dags/example_nested_branch_dag.py
[2023-03-09T09:02:45.451+0000] {processor.py:753} INFO - DAG(s) dict_keys(['example_nested_branch_dag']) retrieved from /home/airflow/.local/lib/python3.7/site-packages/airflow/example_dags/example_nested_branch_dag.py
[2023-03-09T09:02:45.485+0000] {logging_mixin.py:137} INFO - [2023-03-09T09:02:45.485+0000] {dag.py:2690} INFO - Sync 1 DAGs
[2023-03-09T09:02:45.513+0000] {logging_mixin.py:137} INFO - [2023-03-09T09:02:45.513+0000] {dag.py:3441} INFO - Setting next_dagrun for example_nested_branch_dag to 2023-03-08T00:00:00+00:00, run_after=2023-03-09T00:00:00+00:00
[2023-03-09T09:02:45.532+0000] {processor.py:175} INFO - Processing /home/airflow/.local/lib/python3.7/site-packages/airflow/example_dags/example_nested_branch_dag.py took 0.125 seconds
[2023-03-09T09:03:15.633+0000] {processor.py:153} INFO - Started process (PID=182) to work on /home/airflow/.local/lib/python3.7/site-packages/airflow/example_dags/example_nested_branch_dag.py
[2023-03-09T09:03:15.638+0000] {processor.py:743} INFO - Processing file /home/airflow/.local/lib/python3.7/site-packages/airflow/example_dags/example_nested_branch_dag.py for tasks to queue
[2023-03-09T09:03:15.641+0000] {logging_mixin.py:137} INFO - [2023-03-09T09:03:15.641+0000] {dagbag.py:538} INFO - Filling up the DagBag from /home/airflow/.local/lib/python3.7/site-packages/airflow/example_dags/example_nested_branch_dag.py
[2023-03-09T09:03:15.693+0000] {processor.py:753} INFO - DAG(s) dict_keys(['example_nested_branch_dag']) retrieved from /home/airflow/.local/lib/python3.7/site-packages/airflow/example_dags/example_nested_branch_dag.py
[2023-03-09T09:03:15.729+0000] {logging_mixin.py:137} INFO - [2023-03-09T09:03:15.729+0000] {dag.py:2690} INFO - Sync 1 DAGs
[2023-03-09T09:03:15.757+0000] {logging_mixin.py:137} INFO - [2023-03-09T09:03:15.757+0000] {dag.py:3441} INFO - Setting next_dagrun for example_nested_branch_dag to 2023-03-08T00:00:00+00:00, run_after=2023-03-09T00:00:00+00:00
[2023-03-09T09:03:15.774+0000] {processor.py:175} INFO - Processing /home/airflow/.local/lib/python3.7/site-packages/airflow/example_dags/example_nested_branch_dag.py took 0.158 seconds
[2023-03-09T09:03:46.302+0000] {processor.py:153} INFO - Started process (PID=261) to work on /home/airflow/.local/lib/python3.7/site-packages/airflow/example_dags/example_nested_branch_dag.py
[2023-03-09T09:03:46.304+0000] {processor.py:743} INFO - Processing file /home/airflow/.local/lib/python3.7/site-packages/airflow/example_dags/example_nested_branch_dag.py for tasks to queue
[2023-03-09T09:03:46.306+0000] {logging_mixin.py:137} INFO - [2023-03-09T09:03:46.306+0000] {dagbag.py:538} INFO - Filling up the DagBag from /home/airflow/.local/lib/python3.7/site-packages/airflow/example_dags/example_nested_branch_dag.py
[2023-03-09T09:03:46.330+0000] {processor.py:753} INFO - DAG(s) dict_keys(['example_nested_branch_dag']) retrieved from /home/airflow/.local/lib/python3.7/site-packages/airflow/example_dags/example_nested_branch_dag.py
[2023-03-09T09:03:46.353+0000] {logging_mixin.py:137} INFO - [2023-03-09T09:03:46.353+0000] {dag.py:2690} INFO - Sync 1 DAGs
[2023-03-09T09:03:46.372+0000] {logging_mixin.py:137} INFO - [2023-03-09T09:03:46.372+0000] {dag.py:3441} INFO - Setting next_dagrun for example_nested_branch_dag to 2023-03-08T00:00:00+00:00, run_after=2023-03-09T00:00:00+00:00
[2023-03-09T09:03:46.383+0000] {processor.py:175} INFO - Processing /home/airflow/.local/lib/python3.7/site-packages/airflow/example_dags/example_nested_branch_dag.py took 0.086 seconds
[2023-03-09T09:04:16.556+0000] {processor.py:153} INFO - Started process (PID=326) to work on /home/airflow/.local/lib/python3.7/site-packages/airflow/example_dags/example_nested_branch_dag.py
[2023-03-09T09:04:16.558+0000] {processor.py:743} INFO - Processing file /home/airflow/.local/lib/python3.7/site-packages/airflow/example_dags/example_nested_branch_dag.py for tasks to queue
[2023-03-09T09:04:16.560+0000] {logging_mixin.py:137} INFO - [2023-03-09T09:04:16.559+0000] {dagbag.py:538} INFO - Filling up the DagBag from /home/airflow/.local/lib/python3.7/site-packages/airflow/example_dags/example_nested_branch_dag.py
[2023-03-09T09:04:16.596+0000] {processor.py:753} INFO - DAG(s) dict_keys(['example_nested_branch_dag']) retrieved from /home/airflow/.local/lib/python3.7/site-packages/airflow/example_dags/example_nested_branch_dag.py
[2023-03-09T09:04:16.625+0000] {logging_mixin.py:137} INFO - [2023-03-09T09:04:16.625+0000] {dag.py:2690} INFO - Sync 1 DAGs
[2023-03-09T09:04:16.652+0000] {logging_mixin.py:137} INFO - [2023-03-09T09:04:16.651+0000] {dag.py:3441} INFO - Setting next_dagrun for example_nested_branch_dag to 2023-03-08T00:00:00+00:00, run_after=2023-03-09T00:00:00+00:00
[2023-03-09T09:04:16.664+0000] {processor.py:175} INFO - Processing /home/airflow/.local/lib/python3.7/site-packages/airflow/example_dags/example_nested_branch_dag.py took 0.113 seconds
[2023-03-09T09:20:39.784+0000] {processor.py:153} INFO - Started process (PID=37) to work on /home/airflow/.local/lib/python3.7/site-packages/airflow/example_dags/example_nested_branch_dag.py
[2023-03-09T09:20:39.799+0000] {processor.py:743} INFO - Processing file /home/airflow/.local/lib/python3.7/site-packages/airflow/example_dags/example_nested_branch_dag.py for tasks to queue
[2023-03-09T09:20:39.805+0000] {logging_mixin.py:137} INFO - [2023-03-09T09:20:39.804+0000] {dagbag.py:538} INFO - Filling up the DagBag from /home/airflow/.local/lib/python3.7/site-packages/airflow/example_dags/example_nested_branch_dag.py
[2023-03-09T09:20:39.863+0000] {processor.py:753} INFO - DAG(s) dict_keys(['example_nested_branch_dag']) retrieved from /home/airflow/.local/lib/python3.7/site-packages/airflow/example_dags/example_nested_branch_dag.py
[2023-03-09T09:20:40.070+0000] {logging_mixin.py:137} INFO - [2023-03-09T09:20:40.070+0000] {manager.py:504} INFO - Created Permission View: can read on DAG:example_nested_branch_dag
[2023-03-09T09:20:40.110+0000] {logging_mixin.py:137} INFO - [2023-03-09T09:20:40.110+0000] {manager.py:504} INFO - Created Permission View: can edit on DAG:example_nested_branch_dag
[2023-03-09T09:20:40.149+0000] {logging_mixin.py:137} INFO - [2023-03-09T09:20:40.149+0000] {manager.py:504} INFO - Created Permission View: can delete on DAG:example_nested_branch_dag
[2023-03-09T09:20:40.171+0000] {logging_mixin.py:137} INFO - [2023-03-09T09:20:40.171+0000] {dag.py:2690} INFO - Sync 1 DAGs
[2023-03-09T09:20:40.202+0000] {logging_mixin.py:137} INFO - [2023-03-09T09:20:40.202+0000] {dag.py:2711} INFO - Creating ORM DAG for example_nested_branch_dag
[2023-03-09T09:20:40.222+0000] {logging_mixin.py:137} INFO - [2023-03-09T09:20:40.221+0000] {dag.py:3441} INFO - Setting next_dagrun for example_nested_branch_dag to 2023-03-08T00:00:00+00:00, run_after=2023-03-09T00:00:00+00:00
[2023-03-09T09:20:40.265+0000] {processor.py:175} INFO - Processing /home/airflow/.local/lib/python3.7/site-packages/airflow/example_dags/example_nested_branch_dag.py took 0.487 seconds
[2023-03-09T09:21:10.361+0000] {processor.py:153} INFO - Started process (PID=101) to work on /home/airflow/.local/lib/python3.7/site-packages/airflow/example_dags/example_nested_branch_dag.py
[2023-03-09T09:21:10.363+0000] {processor.py:743} INFO - Processing file /home/airflow/.local/lib/python3.7/site-packages/airflow/example_dags/example_nested_branch_dag.py for tasks to queue
[2023-03-09T09:21:10.365+0000] {logging_mixin.py:137} INFO - [2023-03-09T09:21:10.365+0000] {dagbag.py:538} INFO - Filling up the DagBag from /home/airflow/.local/lib/python3.7/site-packages/airflow/example_dags/example_nested_branch_dag.py
[2023-03-09T09:21:10.405+0000] {processor.py:753} INFO - DAG(s) dict_keys(['example_nested_branch_dag']) retrieved from /home/airflow/.local/lib/python3.7/site-packages/airflow/example_dags/example_nested_branch_dag.py
[2023-03-09T09:21:10.444+0000] {logging_mixin.py:137} INFO - [2023-03-09T09:21:10.444+0000] {dag.py:2690} INFO - Sync 1 DAGs
[2023-03-09T09:21:10.467+0000] {logging_mixin.py:137} INFO - [2023-03-09T09:21:10.467+0000] {dag.py:3441} INFO - Setting next_dagrun for example_nested_branch_dag to 2023-03-08T00:00:00+00:00, run_after=2023-03-09T00:00:00+00:00
[2023-03-09T09:21:10.486+0000] {processor.py:175} INFO - Processing /home/airflow/.local/lib/python3.7/site-packages/airflow/example_dags/example_nested_branch_dag.py took 0.130 seconds
[2023-03-09T09:21:41.123+0000] {processor.py:153} INFO - Started process (PID=182) to work on /home/airflow/.local/lib/python3.7/site-packages/airflow/example_dags/example_nested_branch_dag.py
[2023-03-09T09:21:41.125+0000] {processor.py:743} INFO - Processing file /home/airflow/.local/lib/python3.7/site-packages/airflow/example_dags/example_nested_branch_dag.py for tasks to queue
[2023-03-09T09:21:41.126+0000] {logging_mixin.py:137} INFO - [2023-03-09T09:21:41.126+0000] {dagbag.py:538} INFO - Filling up the DagBag from /home/airflow/.local/lib/python3.7/site-packages/airflow/example_dags/example_nested_branch_dag.py
[2023-03-09T09:21:41.158+0000] {processor.py:753} INFO - DAG(s) dict_keys(['example_nested_branch_dag']) retrieved from /home/airflow/.local/lib/python3.7/site-packages/airflow/example_dags/example_nested_branch_dag.py
[2023-03-09T09:21:41.182+0000] {logging_mixin.py:137} INFO - [2023-03-09T09:21:41.181+0000] {dag.py:2690} INFO - Sync 1 DAGs
[2023-03-09T09:21:41.205+0000] {logging_mixin.py:137} INFO - [2023-03-09T09:21:41.205+0000] {dag.py:3441} INFO - Setting next_dagrun for example_nested_branch_dag to 2023-03-08T00:00:00+00:00, run_after=2023-03-09T00:00:00+00:00
[2023-03-09T09:21:41.219+0000] {processor.py:175} INFO - Processing /home/airflow/.local/lib/python3.7/site-packages/airflow/example_dags/example_nested_branch_dag.py took 0.100 seconds
[2023-03-09T09:22:11.979+0000] {processor.py:153} INFO - Started process (PID=261) to work on /home/airflow/.local/lib/python3.7/site-packages/airflow/example_dags/example_nested_branch_dag.py
[2023-03-09T09:22:11.981+0000] {processor.py:743} INFO - Processing file /home/airflow/.local/lib/python3.7/site-packages/airflow/example_dags/example_nested_branch_dag.py for tasks to queue
[2023-03-09T09:22:11.983+0000] {logging_mixin.py:137} INFO - [2023-03-09T09:22:11.983+0000] {dagbag.py:538} INFO - Filling up the DagBag from /home/airflow/.local/lib/python3.7/site-packages/airflow/example_dags/example_nested_branch_dag.py
[2023-03-09T09:22:12.013+0000] {processor.py:753} INFO - DAG(s) dict_keys(['example_nested_branch_dag']) retrieved from /home/airflow/.local/lib/python3.7/site-packages/airflow/example_dags/example_nested_branch_dag.py
[2023-03-09T09:22:12.048+0000] {logging_mixin.py:137} INFO - [2023-03-09T09:22:12.048+0000] {dag.py:2690} INFO - Sync 1 DAGs
[2023-03-09T09:22:12.081+0000] {logging_mixin.py:137} INFO - [2023-03-09T09:22:12.081+0000] {dag.py:3441} INFO - Setting next_dagrun for example_nested_branch_dag to 2023-03-08T00:00:00+00:00, run_after=2023-03-09T00:00:00+00:00
[2023-03-09T09:22:12.102+0000] {processor.py:175} INFO - Processing /home/airflow/.local/lib/python3.7/site-packages/airflow/example_dags/example_nested_branch_dag.py took 0.134 seconds
[2023-03-09T09:22:42.392+0000] {processor.py:153} INFO - Started process (PID=325) to work on /home/airflow/.local/lib/python3.7/site-packages/airflow/example_dags/example_nested_branch_dag.py
[2023-03-09T09:22:42.395+0000] {processor.py:743} INFO - Processing file /home/airflow/.local/lib/python3.7/site-packages/airflow/example_dags/example_nested_branch_dag.py for tasks to queue
[2023-03-09T09:22:42.399+0000] {logging_mixin.py:137} INFO - [2023-03-09T09:22:42.399+0000] {dagbag.py:538} INFO - Filling up the DagBag from /home/airflow/.local/lib/python3.7/site-packages/airflow/example_dags/example_nested_branch_dag.py
[2023-03-09T09:22:42.431+0000] {processor.py:753} INFO - DAG(s) dict_keys(['example_nested_branch_dag']) retrieved from /home/airflow/.local/lib/python3.7/site-packages/airflow/example_dags/example_nested_branch_dag.py
[2023-03-09T09:22:42.460+0000] {logging_mixin.py:137} INFO - [2023-03-09T09:22:42.460+0000] {dag.py:2690} INFO - Sync 1 DAGs
[2023-03-09T09:22:42.483+0000] {logging_mixin.py:137} INFO - [2023-03-09T09:22:42.483+0000] {dag.py:3441} INFO - Setting next_dagrun for example_nested_branch_dag to 2023-03-08T00:00:00+00:00, run_after=2023-03-09T00:00:00+00:00
[2023-03-09T09:22:42.497+0000] {processor.py:175} INFO - Processing /home/airflow/.local/lib/python3.7/site-packages/airflow/example_dags/example_nested_branch_dag.py took 0.110 seconds
[2023-03-09T09:23:12.700+0000] {processor.py:153} INFO - Started process (PID=405) to work on /home/airflow/.local/lib/python3.7/site-packages/airflow/example_dags/example_nested_branch_dag.py
[2023-03-09T09:23:12.701+0000] {processor.py:743} INFO - Processing file /home/airflow/.local/lib/python3.7/site-packages/airflow/example_dags/example_nested_branch_dag.py for tasks to queue
[2023-03-09T09:23:12.702+0000] {logging_mixin.py:137} INFO - [2023-03-09T09:23:12.702+0000] {dagbag.py:538} INFO - Filling up the DagBag from /home/airflow/.local/lib/python3.7/site-packages/airflow/example_dags/example_nested_branch_dag.py
[2023-03-09T09:23:12.721+0000] {processor.py:753} INFO - DAG(s) dict_keys(['example_nested_branch_dag']) retrieved from /home/airflow/.local/lib/python3.7/site-packages/airflow/example_dags/example_nested_branch_dag.py
[2023-03-09T09:23:12.740+0000] {logging_mixin.py:137} INFO - [2023-03-09T09:23:12.740+0000] {dag.py:2690} INFO - Sync 1 DAGs
[2023-03-09T09:23:12.756+0000] {logging_mixin.py:137} INFO - [2023-03-09T09:23:12.756+0000] {dag.py:3441} INFO - Setting next_dagrun for example_nested_branch_dag to 2023-03-08T00:00:00+00:00, run_after=2023-03-09T00:00:00+00:00
[2023-03-09T09:23:12.768+0000] {processor.py:175} INFO - Processing /home/airflow/.local/lib/python3.7/site-packages/airflow/example_dags/example_nested_branch_dag.py took 0.071 seconds
[2023-03-09T09:23:42.954+0000] {processor.py:153} INFO - Started process (PID=492) to work on /home/airflow/.local/lib/python3.7/site-packages/airflow/example_dags/example_nested_branch_dag.py
[2023-03-09T09:23:42.964+0000] {processor.py:743} INFO - Processing file /home/airflow/.local/lib/python3.7/site-packages/airflow/example_dags/example_nested_branch_dag.py for tasks to queue
[2023-03-09T09:23:42.970+0000] {logging_mixin.py:137} INFO - [2023-03-09T09:23:42.970+0000] {dagbag.py:538} INFO - Filling up the DagBag from /home/airflow/.local/lib/python3.7/site-packages/airflow/example_dags/example_nested_branch_dag.py
[2023-03-09T09:23:43.070+0000] {processor.py:753} INFO - DAG(s) dict_keys(['example_nested_branch_dag']) retrieved from /home/airflow/.local/lib/python3.7/site-packages/airflow/example_dags/example_nested_branch_dag.py
[2023-03-09T09:23:43.093+0000] {logging_mixin.py:137} INFO - [2023-03-09T09:23:43.093+0000] {dag.py:2690} INFO - Sync 1 DAGs
[2023-03-09T09:23:43.113+0000] {logging_mixin.py:137} INFO - [2023-03-09T09:23:43.113+0000] {dag.py:3441} INFO - Setting next_dagrun for example_nested_branch_dag to 2023-03-08T00:00:00+00:00, run_after=2023-03-09T00:00:00+00:00
[2023-03-09T09:23:43.126+0000] {processor.py:175} INFO - Processing /home/airflow/.local/lib/python3.7/site-packages/airflow/example_dags/example_nested_branch_dag.py took 0.179 seconds
[2023-03-09T09:24:14.128+0000] {processor.py:153} INFO - Started process (PID=555) to work on /home/airflow/.local/lib/python3.7/site-packages/airflow/example_dags/example_nested_branch_dag.py
[2023-03-09T09:24:14.132+0000] {processor.py:743} INFO - Processing file /home/airflow/.local/lib/python3.7/site-packages/airflow/example_dags/example_nested_branch_dag.py for tasks to queue
[2023-03-09T09:24:14.134+0000] {logging_mixin.py:137} INFO - [2023-03-09T09:24:14.133+0000] {dagbag.py:538} INFO - Filling up the DagBag from /home/airflow/.local/lib/python3.7/site-packages/airflow/example_dags/example_nested_branch_dag.py
[2023-03-09T09:24:14.160+0000] {processor.py:753} INFO - DAG(s) dict_keys(['example_nested_branch_dag']) retrieved from /home/airflow/.local/lib/python3.7/site-packages/airflow/example_dags/example_nested_branch_dag.py
[2023-03-09T09:24:14.190+0000] {logging_mixin.py:137} INFO - [2023-03-09T09:24:14.190+0000] {dag.py:2690} INFO - Sync 1 DAGs
[2023-03-09T09:24:14.219+0000] {logging_mixin.py:137} INFO - [2023-03-09T09:24:14.219+0000] {dag.py:3441} INFO - Setting next_dagrun for example_nested_branch_dag to 2023-03-08T00:00:00+00:00, run_after=2023-03-09T00:00:00+00:00
[2023-03-09T09:24:14.240+0000] {processor.py:175} INFO - Processing /home/airflow/.local/lib/python3.7/site-packages/airflow/example_dags/example_nested_branch_dag.py took 0.115 seconds
[2023-03-09T09:24:44.993+0000] {processor.py:153} INFO - Started process (PID=633) to work on /home/airflow/.local/lib/python3.7/site-packages/airflow/example_dags/example_nested_branch_dag.py
[2023-03-09T09:24:44.995+0000] {processor.py:743} INFO - Processing file /home/airflow/.local/lib/python3.7/site-packages/airflow/example_dags/example_nested_branch_dag.py for tasks to queue
[2023-03-09T09:24:44.996+0000] {logging_mixin.py:137} INFO - [2023-03-09T09:24:44.996+0000] {dagbag.py:538} INFO - Filling up the DagBag from /home/airflow/.local/lib/python3.7/site-packages/airflow/example_dags/example_nested_branch_dag.py
[2023-03-09T09:24:45.020+0000] {processor.py:753} INFO - DAG(s) dict_keys(['example_nested_branch_dag']) retrieved from /home/airflow/.local/lib/python3.7/site-packages/airflow/example_dags/example_nested_branch_dag.py
[2023-03-09T09:24:45.047+0000] {logging_mixin.py:137} INFO - [2023-03-09T09:24:45.047+0000] {dag.py:2690} INFO - Sync 1 DAGs
[2023-03-09T09:24:45.070+0000] {logging_mixin.py:137} INFO - [2023-03-09T09:24:45.070+0000] {dag.py:3441} INFO - Setting next_dagrun for example_nested_branch_dag to 2023-03-08T00:00:00+00:00, run_after=2023-03-09T00:00:00+00:00
[2023-03-09T09:24:45.083+0000] {processor.py:175} INFO - Processing /home/airflow/.local/lib/python3.7/site-packages/airflow/example_dags/example_nested_branch_dag.py took 0.094 seconds
[2023-03-09T09:25:15.289+0000] {processor.py:153} INFO - Started process (PID=709) to work on /home/airflow/.local/lib/python3.7/site-packages/airflow/example_dags/example_nested_branch_dag.py
[2023-03-09T09:25:15.294+0000] {processor.py:743} INFO - Processing file /home/airflow/.local/lib/python3.7/site-packages/airflow/example_dags/example_nested_branch_dag.py for tasks to queue
[2023-03-09T09:25:15.296+0000] {logging_mixin.py:137} INFO - [2023-03-09T09:25:15.296+0000] {dagbag.py:538} INFO - Filling up the DagBag from /home/airflow/.local/lib/python3.7/site-packages/airflow/example_dags/example_nested_branch_dag.py
[2023-03-09T09:25:15.318+0000] {processor.py:753} INFO - DAG(s) dict_keys(['example_nested_branch_dag']) retrieved from /home/airflow/.local/lib/python3.7/site-packages/airflow/example_dags/example_nested_branch_dag.py
[2023-03-09T09:25:15.338+0000] {logging_mixin.py:137} INFO - [2023-03-09T09:25:15.338+0000] {dag.py:2690} INFO - Sync 1 DAGs
[2023-03-09T09:25:15.354+0000] {logging_mixin.py:137} INFO - [2023-03-09T09:25:15.354+0000] {dag.py:3441} INFO - Setting next_dagrun for example_nested_branch_dag to 2023-03-08T00:00:00+00:00, run_after=2023-03-09T00:00:00+00:00
[2023-03-09T09:25:15.367+0000] {processor.py:175} INFO - Processing /home/airflow/.local/lib/python3.7/site-packages/airflow/example_dags/example_nested_branch_dag.py took 0.081 seconds
[2023-03-09T09:25:45.486+0000] {processor.py:153} INFO - Started process (PID=778) to work on /home/airflow/.local/lib/python3.7/site-packages/airflow/example_dags/example_nested_branch_dag.py
[2023-03-09T09:25:45.488+0000] {processor.py:743} INFO - Processing file /home/airflow/.local/lib/python3.7/site-packages/airflow/example_dags/example_nested_branch_dag.py for tasks to queue
[2023-03-09T09:25:45.489+0000] {logging_mixin.py:137} INFO - [2023-03-09T09:25:45.489+0000] {dagbag.py:538} INFO - Filling up the DagBag from /home/airflow/.local/lib/python3.7/site-packages/airflow/example_dags/example_nested_branch_dag.py
[2023-03-09T09:25:45.510+0000] {processor.py:753} INFO - DAG(s) dict_keys(['example_nested_branch_dag']) retrieved from /home/airflow/.local/lib/python3.7/site-packages/airflow/example_dags/example_nested_branch_dag.py
[2023-03-09T09:25:45.533+0000] {logging_mixin.py:137} INFO - [2023-03-09T09:25:45.533+0000] {dag.py:2690} INFO - Sync 1 DAGs
[2023-03-09T09:25:45.551+0000] {logging_mixin.py:137} INFO - [2023-03-09T09:25:45.551+0000] {dag.py:3441} INFO - Setting next_dagrun for example_nested_branch_dag to 2023-03-08T00:00:00+00:00, run_after=2023-03-09T00:00:00+00:00
[2023-03-09T09:25:45.565+0000] {processor.py:175} INFO - Processing /home/airflow/.local/lib/python3.7/site-packages/airflow/example_dags/example_nested_branch_dag.py took 0.082 seconds
[2023-03-09T09:26:15.970+0000] {processor.py:153} INFO - Started process (PID=854) to work on /home/airflow/.local/lib/python3.7/site-packages/airflow/example_dags/example_nested_branch_dag.py
[2023-03-09T09:26:15.972+0000] {processor.py:743} INFO - Processing file /home/airflow/.local/lib/python3.7/site-packages/airflow/example_dags/example_nested_branch_dag.py for tasks to queue
[2023-03-09T09:26:15.973+0000] {logging_mixin.py:137} INFO - [2023-03-09T09:26:15.973+0000] {dagbag.py:538} INFO - Filling up the DagBag from /home/airflow/.local/lib/python3.7/site-packages/airflow/example_dags/example_nested_branch_dag.py
[2023-03-09T09:26:15.996+0000] {processor.py:753} INFO - DAG(s) dict_keys(['example_nested_branch_dag']) retrieved from /home/airflow/.local/lib/python3.7/site-packages/airflow/example_dags/example_nested_branch_dag.py
[2023-03-09T09:26:16.023+0000] {logging_mixin.py:137} INFO - [2023-03-09T09:26:16.023+0000] {dag.py:2690} INFO - Sync 1 DAGs
[2023-03-09T09:26:16.045+0000] {logging_mixin.py:137} INFO - [2023-03-09T09:26:16.045+0000] {dag.py:3441} INFO - Setting next_dagrun for example_nested_branch_dag to 2023-03-08T00:00:00+00:00, run_after=2023-03-09T00:00:00+00:00
[2023-03-09T09:26:16.060+0000] {processor.py:175} INFO - Processing /home/airflow/.local/lib/python3.7/site-packages/airflow/example_dags/example_nested_branch_dag.py took 0.095 seconds
[2023-03-09T09:26:46.996+0000] {processor.py:153} INFO - Started process (PID=933) to work on /home/airflow/.local/lib/python3.7/site-packages/airflow/example_dags/example_nested_branch_dag.py
[2023-03-09T09:26:46.998+0000] {processor.py:743} INFO - Processing file /home/airflow/.local/lib/python3.7/site-packages/airflow/example_dags/example_nested_branch_dag.py for tasks to queue
[2023-03-09T09:26:47.000+0000] {logging_mixin.py:137} INFO - [2023-03-09T09:26:47.000+0000] {dagbag.py:538} INFO - Filling up the DagBag from /home/airflow/.local/lib/python3.7/site-packages/airflow/example_dags/example_nested_branch_dag.py
[2023-03-09T09:26:47.017+0000] {processor.py:753} INFO - DAG(s) dict_keys(['example_nested_branch_dag']) retrieved from /home/airflow/.local/lib/python3.7/site-packages/airflow/example_dags/example_nested_branch_dag.py
[2023-03-09T09:26:47.036+0000] {logging_mixin.py:137} INFO - [2023-03-09T09:26:47.036+0000] {dag.py:2690} INFO - Sync 1 DAGs
[2023-03-09T09:26:47.052+0000] {logging_mixin.py:137} INFO - [2023-03-09T09:26:47.052+0000] {dag.py:3441} INFO - Setting next_dagrun for example_nested_branch_dag to 2023-03-08T00:00:00+00:00, run_after=2023-03-09T00:00:00+00:00
[2023-03-09T09:26:47.064+0000] {processor.py:175} INFO - Processing /home/airflow/.local/lib/python3.7/site-packages/airflow/example_dags/example_nested_branch_dag.py took 0.070 seconds
[2023-03-09T09:27:17.356+0000] {processor.py:153} INFO - Started process (PID=1002) to work on /home/airflow/.local/lib/python3.7/site-packages/airflow/example_dags/example_nested_branch_dag.py
[2023-03-09T09:27:17.359+0000] {processor.py:743} INFO - Processing file /home/airflow/.local/lib/python3.7/site-packages/airflow/example_dags/example_nested_branch_dag.py for tasks to queue
[2023-03-09T09:27:17.360+0000] {logging_mixin.py:137} INFO - [2023-03-09T09:27:17.360+0000] {dagbag.py:538} INFO - Filling up the DagBag from /home/airflow/.local/lib/python3.7/site-packages/airflow/example_dags/example_nested_branch_dag.py
[2023-03-09T09:27:17.386+0000] {processor.py:753} INFO - DAG(s) dict_keys(['example_nested_branch_dag']) retrieved from /home/airflow/.local/lib/python3.7/site-packages/airflow/example_dags/example_nested_branch_dag.py
[2023-03-09T09:27:17.407+0000] {logging_mixin.py:137} INFO - [2023-03-09T09:27:17.407+0000] {dag.py:2690} INFO - Sync 1 DAGs
[2023-03-09T09:27:17.426+0000] {logging_mixin.py:137} INFO - [2023-03-09T09:27:17.426+0000] {dag.py:3441} INFO - Setting next_dagrun for example_nested_branch_dag to 2023-03-08T00:00:00+00:00, run_after=2023-03-09T00:00:00+00:00
[2023-03-09T09:27:17.439+0000] {processor.py:175} INFO - Processing /home/airflow/.local/lib/python3.7/site-packages/airflow/example_dags/example_nested_branch_dag.py took 0.089 seconds
[2023-03-09T09:27:48.483+0000] {processor.py:153} INFO - Started process (PID=1083) to work on /home/airflow/.local/lib/python3.7/site-packages/airflow/example_dags/example_nested_branch_dag.py
[2023-03-09T09:27:48.485+0000] {processor.py:743} INFO - Processing file /home/airflow/.local/lib/python3.7/site-packages/airflow/example_dags/example_nested_branch_dag.py for tasks to queue
[2023-03-09T09:27:48.487+0000] {logging_mixin.py:137} INFO - [2023-03-09T09:27:48.487+0000] {dagbag.py:538} INFO - Filling up the DagBag from /home/airflow/.local/lib/python3.7/site-packages/airflow/example_dags/example_nested_branch_dag.py
[2023-03-09T09:27:48.506+0000] {processor.py:753} INFO - DAG(s) dict_keys(['example_nested_branch_dag']) retrieved from /home/airflow/.local/lib/python3.7/site-packages/airflow/example_dags/example_nested_branch_dag.py
[2023-03-09T09:27:48.530+0000] {logging_mixin.py:137} INFO - [2023-03-09T09:27:48.530+0000] {dag.py:2690} INFO - Sync 1 DAGs
[2023-03-09T09:27:48.547+0000] {logging_mixin.py:137} INFO - [2023-03-09T09:27:48.546+0000] {dag.py:3441} INFO - Setting next_dagrun for example_nested_branch_dag to 2023-03-08T00:00:00+00:00, run_after=2023-03-09T00:00:00+00:00
[2023-03-09T09:27:48.558+0000] {processor.py:175} INFO - Processing /home/airflow/.local/lib/python3.7/site-packages/airflow/example_dags/example_nested_branch_dag.py took 0.077 seconds
[2023-03-09T09:28:18.658+0000] {processor.py:153} INFO - Started process (PID=1163) to work on /home/airflow/.local/lib/python3.7/site-packages/airflow/example_dags/example_nested_branch_dag.py
[2023-03-09T09:28:18.659+0000] {processor.py:743} INFO - Processing file /home/airflow/.local/lib/python3.7/site-packages/airflow/example_dags/example_nested_branch_dag.py for tasks to queue
[2023-03-09T09:28:18.661+0000] {logging_mixin.py:137} INFO - [2023-03-09T09:28:18.661+0000] {dagbag.py:538} INFO - Filling up the DagBag from /home/airflow/.local/lib/python3.7/site-packages/airflow/example_dags/example_nested_branch_dag.py
[2023-03-09T09:28:18.679+0000] {processor.py:753} INFO - DAG(s) dict_keys(['example_nested_branch_dag']) retrieved from /home/airflow/.local/lib/python3.7/site-packages/airflow/example_dags/example_nested_branch_dag.py
[2023-03-09T09:28:18.699+0000] {logging_mixin.py:137} INFO - [2023-03-09T09:28:18.699+0000] {dag.py:2690} INFO - Sync 1 DAGs
[2023-03-09T09:28:18.716+0000] {logging_mixin.py:137} INFO - [2023-03-09T09:28:18.716+0000] {dag.py:3441} INFO - Setting next_dagrun for example_nested_branch_dag to 2023-03-08T00:00:00+00:00, run_after=2023-03-09T00:00:00+00:00
[2023-03-09T09:28:18.727+0000] {processor.py:175} INFO - Processing /home/airflow/.local/lib/python3.7/site-packages/airflow/example_dags/example_nested_branch_dag.py took 0.072 seconds
[2023-03-09T09:28:49.132+0000] {processor.py:153} INFO - Started process (PID=1237) to work on /home/airflow/.local/lib/python3.7/site-packages/airflow/example_dags/example_nested_branch_dag.py
[2023-03-09T09:28:49.135+0000] {processor.py:743} INFO - Processing file /home/airflow/.local/lib/python3.7/site-packages/airflow/example_dags/example_nested_branch_dag.py for tasks to queue
[2023-03-09T09:28:49.136+0000] {logging_mixin.py:137} INFO - [2023-03-09T09:28:49.136+0000] {dagbag.py:538} INFO - Filling up the DagBag from /home/airflow/.local/lib/python3.7/site-packages/airflow/example_dags/example_nested_branch_dag.py
[2023-03-09T09:28:49.167+0000] {processor.py:753} INFO - DAG(s) dict_keys(['example_nested_branch_dag']) retrieved from /home/airflow/.local/lib/python3.7/site-packages/airflow/example_dags/example_nested_branch_dag.py
[2023-03-09T09:28:49.195+0000] {logging_mixin.py:137} INFO - [2023-03-09T09:28:49.195+0000] {dag.py:2690} INFO - Sync 1 DAGs
[2023-03-09T09:28:49.213+0000] {logging_mixin.py:137} INFO - [2023-03-09T09:28:49.213+0000] {dag.py:3441} INFO - Setting next_dagrun for example_nested_branch_dag to 2023-03-08T00:00:00+00:00, run_after=2023-03-09T00:00:00+00:00
[2023-03-09T09:28:49.226+0000] {processor.py:175} INFO - Processing /home/airflow/.local/lib/python3.7/site-packages/airflow/example_dags/example_nested_branch_dag.py took 0.098 seconds
[2023-03-09T09:29:19.554+0000] {processor.py:153} INFO - Started process (PID=1308) to work on /home/airflow/.local/lib/python3.7/site-packages/airflow/example_dags/example_nested_branch_dag.py
[2023-03-09T09:29:19.555+0000] {processor.py:743} INFO - Processing file /home/airflow/.local/lib/python3.7/site-packages/airflow/example_dags/example_nested_branch_dag.py for tasks to queue
[2023-03-09T09:29:19.557+0000] {logging_mixin.py:137} INFO - [2023-03-09T09:29:19.556+0000] {dagbag.py:538} INFO - Filling up the DagBag from /home/airflow/.local/lib/python3.7/site-packages/airflow/example_dags/example_nested_branch_dag.py
[2023-03-09T09:29:19.582+0000] {processor.py:753} INFO - DAG(s) dict_keys(['example_nested_branch_dag']) retrieved from /home/airflow/.local/lib/python3.7/site-packages/airflow/example_dags/example_nested_branch_dag.py
[2023-03-09T09:29:19.603+0000] {logging_mixin.py:137} INFO - [2023-03-09T09:29:19.602+0000] {dag.py:2690} INFO - Sync 1 DAGs
[2023-03-09T09:29:19.621+0000] {logging_mixin.py:137} INFO - [2023-03-09T09:29:19.621+0000] {dag.py:3441} INFO - Setting next_dagrun for example_nested_branch_dag to 2023-03-08T00:00:00+00:00, run_after=2023-03-09T00:00:00+00:00
[2023-03-09T09:29:19.633+0000] {processor.py:175} INFO - Processing /home/airflow/.local/lib/python3.7/site-packages/airflow/example_dags/example_nested_branch_dag.py took 0.083 seconds
[2023-03-09T09:29:49.747+0000] {processor.py:153} INFO - Started process (PID=1391) to work on /home/airflow/.local/lib/python3.7/site-packages/airflow/example_dags/example_nested_branch_dag.py
[2023-03-09T09:29:49.750+0000] {processor.py:743} INFO - Processing file /home/airflow/.local/lib/python3.7/site-packages/airflow/example_dags/example_nested_branch_dag.py for tasks to queue
[2023-03-09T09:29:49.751+0000] {logging_mixin.py:137} INFO - [2023-03-09T09:29:49.751+0000] {dagbag.py:538} INFO - Filling up the DagBag from /home/airflow/.local/lib/python3.7/site-packages/airflow/example_dags/example_nested_branch_dag.py
[2023-03-09T09:29:49.769+0000] {processor.py:753} INFO - DAG(s) dict_keys(['example_nested_branch_dag']) retrieved from /home/airflow/.local/lib/python3.7/site-packages/airflow/example_dags/example_nested_branch_dag.py
[2023-03-09T09:29:49.790+0000] {logging_mixin.py:137} INFO - [2023-03-09T09:29:49.790+0000] {dag.py:2690} INFO - Sync 1 DAGs
[2023-03-09T09:29:49.806+0000] {logging_mixin.py:137} INFO - [2023-03-09T09:29:49.806+0000] {dag.py:3441} INFO - Setting next_dagrun for example_nested_branch_dag to 2023-03-08T00:00:00+00:00, run_after=2023-03-09T00:00:00+00:00
[2023-03-09T09:29:49.817+0000] {processor.py:175} INFO - Processing /home/airflow/.local/lib/python3.7/site-packages/airflow/example_dags/example_nested_branch_dag.py took 0.073 seconds
[2023-03-09T09:30:20.149+0000] {processor.py:153} INFO - Started process (PID=1458) to work on /home/airflow/.local/lib/python3.7/site-packages/airflow/example_dags/example_nested_branch_dag.py
[2023-03-09T09:30:20.154+0000] {processor.py:743} INFO - Processing file /home/airflow/.local/lib/python3.7/site-packages/airflow/example_dags/example_nested_branch_dag.py for tasks to queue
[2023-03-09T09:30:20.158+0000] {logging_mixin.py:137} INFO - [2023-03-09T09:30:20.158+0000] {dagbag.py:538} INFO - Filling up the DagBag from /home/airflow/.local/lib/python3.7/site-packages/airflow/example_dags/example_nested_branch_dag.py
[2023-03-09T09:30:20.205+0000] {processor.py:753} INFO - DAG(s) dict_keys(['example_nested_branch_dag']) retrieved from /home/airflow/.local/lib/python3.7/site-packages/airflow/example_dags/example_nested_branch_dag.py
[2023-03-09T09:30:20.248+0000] {logging_mixin.py:137} INFO - [2023-03-09T09:30:20.248+0000] {dag.py:2690} INFO - Sync 1 DAGs
[2023-03-09T09:30:20.278+0000] {logging_mixin.py:137} INFO - [2023-03-09T09:30:20.278+0000] {dag.py:3441} INFO - Setting next_dagrun for example_nested_branch_dag to 2023-03-08T00:00:00+00:00, run_after=2023-03-09T00:00:00+00:00
[2023-03-09T09:30:20.300+0000] {processor.py:175} INFO - Processing /home/airflow/.local/lib/python3.7/site-packages/airflow/example_dags/example_nested_branch_dag.py took 0.158 seconds
[2023-03-09T09:30:50.586+0000] {processor.py:153} INFO - Started process (PID=1536) to work on /home/airflow/.local/lib/python3.7/site-packages/airflow/example_dags/example_nested_branch_dag.py
[2023-03-09T09:30:50.588+0000] {processor.py:743} INFO - Processing file /home/airflow/.local/lib/python3.7/site-packages/airflow/example_dags/example_nested_branch_dag.py for tasks to queue
[2023-03-09T09:30:50.589+0000] {logging_mixin.py:137} INFO - [2023-03-09T09:30:50.589+0000] {dagbag.py:538} INFO - Filling up the DagBag from /home/airflow/.local/lib/python3.7/site-packages/airflow/example_dags/example_nested_branch_dag.py
[2023-03-09T09:30:50.605+0000] {processor.py:753} INFO - DAG(s) dict_keys(['example_nested_branch_dag']) retrieved from /home/airflow/.local/lib/python3.7/site-packages/airflow/example_dags/example_nested_branch_dag.py
[2023-03-09T09:30:50.624+0000] {logging_mixin.py:137} INFO - [2023-03-09T09:30:50.624+0000] {dag.py:2690} INFO - Sync 1 DAGs
[2023-03-09T09:30:50.641+0000] {logging_mixin.py:137} INFO - [2023-03-09T09:30:50.641+0000] {dag.py:3441} INFO - Setting next_dagrun for example_nested_branch_dag to 2023-03-08T00:00:00+00:00, run_after=2023-03-09T00:00:00+00:00
[2023-03-09T09:30:50.653+0000] {processor.py:175} INFO - Processing /home/airflow/.local/lib/python3.7/site-packages/airflow/example_dags/example_nested_branch_dag.py took 0.070 seconds
[2023-03-09T09:31:20.937+0000] {processor.py:153} INFO - Started process (PID=1619) to work on /home/airflow/.local/lib/python3.7/site-packages/airflow/example_dags/example_nested_branch_dag.py
[2023-03-09T09:31:20.940+0000] {processor.py:743} INFO - Processing file /home/airflow/.local/lib/python3.7/site-packages/airflow/example_dags/example_nested_branch_dag.py for tasks to queue
[2023-03-09T09:31:20.941+0000] {logging_mixin.py:137} INFO - [2023-03-09T09:31:20.941+0000] {dagbag.py:538} INFO - Filling up the DagBag from /home/airflow/.local/lib/python3.7/site-packages/airflow/example_dags/example_nested_branch_dag.py
[2023-03-09T09:31:20.962+0000] {processor.py:753} INFO - DAG(s) dict_keys(['example_nested_branch_dag']) retrieved from /home/airflow/.local/lib/python3.7/site-packages/airflow/example_dags/example_nested_branch_dag.py
[2023-03-09T09:31:20.983+0000] {logging_mixin.py:137} INFO - [2023-03-09T09:31:20.983+0000] {dag.py:2690} INFO - Sync 1 DAGs
[2023-03-09T09:31:21.003+0000] {logging_mixin.py:137} INFO - [2023-03-09T09:31:21.002+0000] {dag.py:3441} INFO - Setting next_dagrun for example_nested_branch_dag to 2023-03-08T00:00:00+00:00, run_after=2023-03-09T00:00:00+00:00
[2023-03-09T09:31:21.018+0000] {processor.py:175} INFO - Processing /home/airflow/.local/lib/python3.7/site-packages/airflow/example_dags/example_nested_branch_dag.py took 0.084 seconds
[2023-03-09T09:31:51.334+0000] {processor.py:153} INFO - Started process (PID=1687) to work on /home/airflow/.local/lib/python3.7/site-packages/airflow/example_dags/example_nested_branch_dag.py
[2023-03-09T09:31:51.335+0000] {processor.py:743} INFO - Processing file /home/airflow/.local/lib/python3.7/site-packages/airflow/example_dags/example_nested_branch_dag.py for tasks to queue
[2023-03-09T09:31:51.336+0000] {logging_mixin.py:137} INFO - [2023-03-09T09:31:51.336+0000] {dagbag.py:538} INFO - Filling up the DagBag from /home/airflow/.local/lib/python3.7/site-packages/airflow/example_dags/example_nested_branch_dag.py
[2023-03-09T09:31:51.353+0000] {processor.py:753} INFO - DAG(s) dict_keys(['example_nested_branch_dag']) retrieved from /home/airflow/.local/lib/python3.7/site-packages/airflow/example_dags/example_nested_branch_dag.py
[2023-03-09T09:31:51.373+0000] {logging_mixin.py:137} INFO - [2023-03-09T09:31:51.373+0000] {dag.py:2690} INFO - Sync 1 DAGs
[2023-03-09T09:31:51.390+0000] {logging_mixin.py:137} INFO - [2023-03-09T09:31:51.390+0000] {dag.py:3441} INFO - Setting next_dagrun for example_nested_branch_dag to 2023-03-08T00:00:00+00:00, run_after=2023-03-09T00:00:00+00:00
[2023-03-09T09:31:51.402+0000] {processor.py:175} INFO - Processing /home/airflow/.local/lib/python3.7/site-packages/airflow/example_dags/example_nested_branch_dag.py took 0.072 seconds
[2023-03-09T09:32:21.647+0000] {processor.py:153} INFO - Started process (PID=1770) to work on /home/airflow/.local/lib/python3.7/site-packages/airflow/example_dags/example_nested_branch_dag.py
[2023-03-09T09:32:21.649+0000] {processor.py:743} INFO - Processing file /home/airflow/.local/lib/python3.7/site-packages/airflow/example_dags/example_nested_branch_dag.py for tasks to queue
[2023-03-09T09:32:21.651+0000] {logging_mixin.py:137} INFO - [2023-03-09T09:32:21.651+0000] {dagbag.py:538} INFO - Filling up the DagBag from /home/airflow/.local/lib/python3.7/site-packages/airflow/example_dags/example_nested_branch_dag.py
[2023-03-09T09:32:21.680+0000] {processor.py:753} INFO - DAG(s) dict_keys(['example_nested_branch_dag']) retrieved from /home/airflow/.local/lib/python3.7/site-packages/airflow/example_dags/example_nested_branch_dag.py
[2023-03-09T09:32:21.703+0000] {logging_mixin.py:137} INFO - [2023-03-09T09:32:21.703+0000] {dag.py:2690} INFO - Sync 1 DAGs
[2023-03-09T09:32:21.721+0000] {logging_mixin.py:137} INFO - [2023-03-09T09:32:21.721+0000] {dag.py:3441} INFO - Setting next_dagrun for example_nested_branch_dag to 2023-03-08T00:00:00+00:00, run_after=2023-03-09T00:00:00+00:00
[2023-03-09T09:32:21.734+0000] {processor.py:175} INFO - Processing /home/airflow/.local/lib/python3.7/site-packages/airflow/example_dags/example_nested_branch_dag.py took 0.092 seconds
[2023-03-09T09:32:51.930+0000] {processor.py:153} INFO - Started process (PID=1851) to work on /home/airflow/.local/lib/python3.7/site-packages/airflow/example_dags/example_nested_branch_dag.py
[2023-03-09T09:32:51.933+0000] {processor.py:743} INFO - Processing file /home/airflow/.local/lib/python3.7/site-packages/airflow/example_dags/example_nested_branch_dag.py for tasks to queue
[2023-03-09T09:32:51.934+0000] {logging_mixin.py:137} INFO - [2023-03-09T09:32:51.934+0000] {dagbag.py:538} INFO - Filling up the DagBag from /home/airflow/.local/lib/python3.7/site-packages/airflow/example_dags/example_nested_branch_dag.py
[2023-03-09T09:32:51.950+0000] {processor.py:753} INFO - DAG(s) dict_keys(['example_nested_branch_dag']) retrieved from /home/airflow/.local/lib/python3.7/site-packages/airflow/example_dags/example_nested_branch_dag.py
[2023-03-09T09:32:51.968+0000] {logging_mixin.py:137} INFO - [2023-03-09T09:32:51.968+0000] {dag.py:2690} INFO - Sync 1 DAGs
[2023-03-09T09:32:51.985+0000] {logging_mixin.py:137} INFO - [2023-03-09T09:32:51.985+0000] {dag.py:3441} INFO - Setting next_dagrun for example_nested_branch_dag to 2023-03-08T00:00:00+00:00, run_after=2023-03-09T00:00:00+00:00
[2023-03-09T09:32:51.996+0000] {processor.py:175} INFO - Processing /home/airflow/.local/lib/python3.7/site-packages/airflow/example_dags/example_nested_branch_dag.py took 0.068 seconds
[2023-03-09T09:33:22.157+0000] {processor.py:153} INFO - Started process (PID=1917) to work on /home/airflow/.local/lib/python3.7/site-packages/airflow/example_dags/example_nested_branch_dag.py
[2023-03-09T09:33:22.159+0000] {processor.py:743} INFO - Processing file /home/airflow/.local/lib/python3.7/site-packages/airflow/example_dags/example_nested_branch_dag.py for tasks to queue
[2023-03-09T09:33:22.160+0000] {logging_mixin.py:137} INFO - [2023-03-09T09:33:22.160+0000] {dagbag.py:538} INFO - Filling up the DagBag from /home/airflow/.local/lib/python3.7/site-packages/airflow/example_dags/example_nested_branch_dag.py
[2023-03-09T09:33:22.177+0000] {processor.py:753} INFO - DAG(s) dict_keys(['example_nested_branch_dag']) retrieved from /home/airflow/.local/lib/python3.7/site-packages/airflow/example_dags/example_nested_branch_dag.py
[2023-03-09T09:33:22.198+0000] {logging_mixin.py:137} INFO - [2023-03-09T09:33:22.198+0000] {dag.py:2690} INFO - Sync 1 DAGs
[2023-03-09T09:33:22.215+0000] {logging_mixin.py:137} INFO - [2023-03-09T09:33:22.215+0000] {dag.py:3441} INFO - Setting next_dagrun for example_nested_branch_dag to 2023-03-08T00:00:00+00:00, run_after=2023-03-09T00:00:00+00:00
[2023-03-09T09:33:22.228+0000] {processor.py:175} INFO - Processing /home/airflow/.local/lib/python3.7/site-packages/airflow/example_dags/example_nested_branch_dag.py took 0.074 seconds
[2023-03-09T09:33:52.382+0000] {processor.py:153} INFO - Started process (PID=1993) to work on /home/airflow/.local/lib/python3.7/site-packages/airflow/example_dags/example_nested_branch_dag.py
[2023-03-09T09:33:52.384+0000] {processor.py:743} INFO - Processing file /home/airflow/.local/lib/python3.7/site-packages/airflow/example_dags/example_nested_branch_dag.py for tasks to queue
[2023-03-09T09:33:52.385+0000] {logging_mixin.py:137} INFO - [2023-03-09T09:33:52.385+0000] {dagbag.py:538} INFO - Filling up the DagBag from /home/airflow/.local/lib/python3.7/site-packages/airflow/example_dags/example_nested_branch_dag.py
[2023-03-09T09:33:52.407+0000] {processor.py:753} INFO - DAG(s) dict_keys(['example_nested_branch_dag']) retrieved from /home/airflow/.local/lib/python3.7/site-packages/airflow/example_dags/example_nested_branch_dag.py
[2023-03-09T09:33:52.433+0000] {logging_mixin.py:137} INFO - [2023-03-09T09:33:52.433+0000] {dag.py:2690} INFO - Sync 1 DAGs
[2023-03-09T09:33:52.462+0000] {logging_mixin.py:137} INFO - [2023-03-09T09:33:52.462+0000] {dag.py:3441} INFO - Setting next_dagrun for example_nested_branch_dag to 2023-03-08T00:00:00+00:00, run_after=2023-03-09T00:00:00+00:00
[2023-03-09T09:33:52.476+0000] {processor.py:175} INFO - Processing /home/airflow/.local/lib/python3.7/site-packages/airflow/example_dags/example_nested_branch_dag.py took 0.098 seconds
[2023-03-09T09:34:22.831+0000] {processor.py:153} INFO - Started process (PID=2062) to work on /home/airflow/.local/lib/python3.7/site-packages/airflow/example_dags/example_nested_branch_dag.py
[2023-03-09T09:34:22.842+0000] {processor.py:743} INFO - Processing file /home/airflow/.local/lib/python3.7/site-packages/airflow/example_dags/example_nested_branch_dag.py for tasks to queue
[2023-03-09T09:34:22.844+0000] {logging_mixin.py:137} INFO - [2023-03-09T09:34:22.844+0000] {dagbag.py:538} INFO - Filling up the DagBag from /home/airflow/.local/lib/python3.7/site-packages/airflow/example_dags/example_nested_branch_dag.py
[2023-03-09T09:34:22.860+0000] {processor.py:753} INFO - DAG(s) dict_keys(['example_nested_branch_dag']) retrieved from /home/airflow/.local/lib/python3.7/site-packages/airflow/example_dags/example_nested_branch_dag.py
[2023-03-09T09:34:22.879+0000] {logging_mixin.py:137} INFO - [2023-03-09T09:34:22.879+0000] {dag.py:2690} INFO - Sync 1 DAGs
[2023-03-09T09:34:22.898+0000] {logging_mixin.py:137} INFO - [2023-03-09T09:34:22.898+0000] {dag.py:3441} INFO - Setting next_dagrun for example_nested_branch_dag to 2023-03-08T00:00:00+00:00, run_after=2023-03-09T00:00:00+00:00
[2023-03-09T09:34:22.912+0000] {processor.py:175} INFO - Processing /home/airflow/.local/lib/python3.7/site-packages/airflow/example_dags/example_nested_branch_dag.py took 0.083 seconds
[2023-03-09T09:34:53.074+0000] {processor.py:153} INFO - Started process (PID=2131) to work on /home/airflow/.local/lib/python3.7/site-packages/airflow/example_dags/example_nested_branch_dag.py
[2023-03-09T09:34:53.076+0000] {processor.py:743} INFO - Processing file /home/airflow/.local/lib/python3.7/site-packages/airflow/example_dags/example_nested_branch_dag.py for tasks to queue
[2023-03-09T09:34:53.077+0000] {logging_mixin.py:137} INFO - [2023-03-09T09:34:53.077+0000] {dagbag.py:538} INFO - Filling up the DagBag from /home/airflow/.local/lib/python3.7/site-packages/airflow/example_dags/example_nested_branch_dag.py
[2023-03-09T09:34:53.099+0000] {processor.py:753} INFO - DAG(s) dict_keys(['example_nested_branch_dag']) retrieved from /home/airflow/.local/lib/python3.7/site-packages/airflow/example_dags/example_nested_branch_dag.py
[2023-03-09T09:34:53.139+0000] {logging_mixin.py:137} INFO - [2023-03-09T09:34:53.139+0000] {dag.py:2690} INFO - Sync 1 DAGs
[2023-03-09T09:34:53.157+0000] {logging_mixin.py:137} INFO - [2023-03-09T09:34:53.157+0000] {dag.py:3441} INFO - Setting next_dagrun for example_nested_branch_dag to 2023-03-08T00:00:00+00:00, run_after=2023-03-09T00:00:00+00:00
[2023-03-09T09:34:53.169+0000] {processor.py:175} INFO - Processing /home/airflow/.local/lib/python3.7/site-packages/airflow/example_dags/example_nested_branch_dag.py took 0.100 seconds
[2023-03-09T09:35:23.370+0000] {processor.py:153} INFO - Started process (PID=2209) to work on /home/airflow/.local/lib/python3.7/site-packages/airflow/example_dags/example_nested_branch_dag.py
[2023-03-09T09:35:23.373+0000] {processor.py:743} INFO - Processing file /home/airflow/.local/lib/python3.7/site-packages/airflow/example_dags/example_nested_branch_dag.py for tasks to queue
[2023-03-09T09:35:23.375+0000] {logging_mixin.py:137} INFO - [2023-03-09T09:35:23.375+0000] {dagbag.py:538} INFO - Filling up the DagBag from /home/airflow/.local/lib/python3.7/site-packages/airflow/example_dags/example_nested_branch_dag.py
[2023-03-09T09:35:23.391+0000] {processor.py:753} INFO - DAG(s) dict_keys(['example_nested_branch_dag']) retrieved from /home/airflow/.local/lib/python3.7/site-packages/airflow/example_dags/example_nested_branch_dag.py
[2023-03-09T09:35:23.412+0000] {logging_mixin.py:137} INFO - [2023-03-09T09:35:23.412+0000] {dag.py:2690} INFO - Sync 1 DAGs
[2023-03-09T09:35:23.427+0000] {logging_mixin.py:137} INFO - [2023-03-09T09:35:23.427+0000] {dag.py:3441} INFO - Setting next_dagrun for example_nested_branch_dag to 2023-03-08T00:00:00+00:00, run_after=2023-03-09T00:00:00+00:00
[2023-03-09T09:35:23.439+0000] {processor.py:175} INFO - Processing /home/airflow/.local/lib/python3.7/site-packages/airflow/example_dags/example_nested_branch_dag.py took 0.072 seconds
[2023-03-09T09:35:53.792+0000] {processor.py:153} INFO - Started process (PID=2274) to work on /home/airflow/.local/lib/python3.7/site-packages/airflow/example_dags/example_nested_branch_dag.py
[2023-03-09T09:35:53.794+0000] {processor.py:743} INFO - Processing file /home/airflow/.local/lib/python3.7/site-packages/airflow/example_dags/example_nested_branch_dag.py for tasks to queue
[2023-03-09T09:35:53.795+0000] {logging_mixin.py:137} INFO - [2023-03-09T09:35:53.795+0000] {dagbag.py:538} INFO - Filling up the DagBag from /home/airflow/.local/lib/python3.7/site-packages/airflow/example_dags/example_nested_branch_dag.py
[2023-03-09T09:35:53.812+0000] {processor.py:753} INFO - DAG(s) dict_keys(['example_nested_branch_dag']) retrieved from /home/airflow/.local/lib/python3.7/site-packages/airflow/example_dags/example_nested_branch_dag.py
[2023-03-09T09:35:53.830+0000] {logging_mixin.py:137} INFO - [2023-03-09T09:35:53.830+0000] {dag.py:2690} INFO - Sync 1 DAGs
[2023-03-09T09:35:53.846+0000] {logging_mixin.py:137} INFO - [2023-03-09T09:35:53.846+0000] {dag.py:3441} INFO - Setting next_dagrun for example_nested_branch_dag to 2023-03-08T00:00:00+00:00, run_after=2023-03-09T00:00:00+00:00
[2023-03-09T09:35:53.856+0000] {processor.py:175} INFO - Processing /home/airflow/.local/lib/python3.7/site-packages/airflow/example_dags/example_nested_branch_dag.py took 0.068 seconds
[2023-03-09T09:36:24.240+0000] {processor.py:153} INFO - Started process (PID=2352) to work on /home/airflow/.local/lib/python3.7/site-packages/airflow/example_dags/example_nested_branch_dag.py
[2023-03-09T09:36:24.242+0000] {processor.py:743} INFO - Processing file /home/airflow/.local/lib/python3.7/site-packages/airflow/example_dags/example_nested_branch_dag.py for tasks to queue
[2023-03-09T09:36:24.244+0000] {logging_mixin.py:137} INFO - [2023-03-09T09:36:24.243+0000] {dagbag.py:538} INFO - Filling up the DagBag from /home/airflow/.local/lib/python3.7/site-packages/airflow/example_dags/example_nested_branch_dag.py
[2023-03-09T09:36:24.265+0000] {processor.py:753} INFO - DAG(s) dict_keys(['example_nested_branch_dag']) retrieved from /home/airflow/.local/lib/python3.7/site-packages/airflow/example_dags/example_nested_branch_dag.py
[2023-03-09T09:36:24.284+0000] {logging_mixin.py:137} INFO - [2023-03-09T09:36:24.284+0000] {dag.py:2690} INFO - Sync 1 DAGs
[2023-03-09T09:36:24.302+0000] {logging_mixin.py:137} INFO - [2023-03-09T09:36:24.302+0000] {dag.py:3441} INFO - Setting next_dagrun for example_nested_branch_dag to 2023-03-08T00:00:00+00:00, run_after=2023-03-09T00:00:00+00:00
[2023-03-09T09:36:24.313+0000] {processor.py:175} INFO - Processing /home/airflow/.local/lib/python3.7/site-packages/airflow/example_dags/example_nested_branch_dag.py took 0.078 seconds
[2023-03-09T09:36:54.373+0000] {processor.py:153} INFO - Started process (PID=2430) to work on /home/airflow/.local/lib/python3.7/site-packages/airflow/example_dags/example_nested_branch_dag.py
[2023-03-09T09:36:54.375+0000] {processor.py:743} INFO - Processing file /home/airflow/.local/lib/python3.7/site-packages/airflow/example_dags/example_nested_branch_dag.py for tasks to queue
[2023-03-09T09:36:54.376+0000] {logging_mixin.py:137} INFO - [2023-03-09T09:36:54.376+0000] {dagbag.py:538} INFO - Filling up the DagBag from /home/airflow/.local/lib/python3.7/site-packages/airflow/example_dags/example_nested_branch_dag.py
[2023-03-09T09:36:54.393+0000] {processor.py:753} INFO - DAG(s) dict_keys(['example_nested_branch_dag']) retrieved from /home/airflow/.local/lib/python3.7/site-packages/airflow/example_dags/example_nested_branch_dag.py
[2023-03-09T09:36:54.412+0000] {logging_mixin.py:137} INFO - [2023-03-09T09:36:54.412+0000] {dag.py:2690} INFO - Sync 1 DAGs
[2023-03-09T09:36:54.430+0000] {logging_mixin.py:137} INFO - [2023-03-09T09:36:54.430+0000] {dag.py:3441} INFO - Setting next_dagrun for example_nested_branch_dag to 2023-03-08T00:00:00+00:00, run_after=2023-03-09T00:00:00+00:00
[2023-03-09T09:36:54.442+0000] {processor.py:175} INFO - Processing /home/airflow/.local/lib/python3.7/site-packages/airflow/example_dags/example_nested_branch_dag.py took 0.073 seconds
[2023-03-09T09:37:24.843+0000] {processor.py:153} INFO - Started process (PID=2496) to work on /home/airflow/.local/lib/python3.7/site-packages/airflow/example_dags/example_nested_branch_dag.py
[2023-03-09T09:37:24.844+0000] {processor.py:743} INFO - Processing file /home/airflow/.local/lib/python3.7/site-packages/airflow/example_dags/example_nested_branch_dag.py for tasks to queue
[2023-03-09T09:37:24.846+0000] {logging_mixin.py:137} INFO - [2023-03-09T09:37:24.846+0000] {dagbag.py:538} INFO - Filling up the DagBag from /home/airflow/.local/lib/python3.7/site-packages/airflow/example_dags/example_nested_branch_dag.py
[2023-03-09T09:37:24.862+0000] {processor.py:753} INFO - DAG(s) dict_keys(['example_nested_branch_dag']) retrieved from /home/airflow/.local/lib/python3.7/site-packages/airflow/example_dags/example_nested_branch_dag.py
[2023-03-09T09:37:24.883+0000] {logging_mixin.py:137} INFO - [2023-03-09T09:37:24.882+0000] {dag.py:2690} INFO - Sync 1 DAGs
[2023-03-09T09:37:24.899+0000] {logging_mixin.py:137} INFO - [2023-03-09T09:37:24.899+0000] {dag.py:3441} INFO - Setting next_dagrun for example_nested_branch_dag to 2023-03-08T00:00:00+00:00, run_after=2023-03-09T00:00:00+00:00
[2023-03-09T09:37:24.911+0000] {processor.py:175} INFO - Processing /home/airflow/.local/lib/python3.7/site-packages/airflow/example_dags/example_nested_branch_dag.py took 0.071 seconds
[2023-03-09T09:37:55.073+0000] {processor.py:153} INFO - Started process (PID=2576) to work on /home/airflow/.local/lib/python3.7/site-packages/airflow/example_dags/example_nested_branch_dag.py
[2023-03-09T09:37:55.075+0000] {processor.py:743} INFO - Processing file /home/airflow/.local/lib/python3.7/site-packages/airflow/example_dags/example_nested_branch_dag.py for tasks to queue
[2023-03-09T09:37:55.076+0000] {logging_mixin.py:137} INFO - [2023-03-09T09:37:55.076+0000] {dagbag.py:538} INFO - Filling up the DagBag from /home/airflow/.local/lib/python3.7/site-packages/airflow/example_dags/example_nested_branch_dag.py
[2023-03-09T09:37:55.092+0000] {processor.py:753} INFO - DAG(s) dict_keys(['example_nested_branch_dag']) retrieved from /home/airflow/.local/lib/python3.7/site-packages/airflow/example_dags/example_nested_branch_dag.py
[2023-03-09T09:37:55.110+0000] {logging_mixin.py:137} INFO - [2023-03-09T09:37:55.110+0000] {dag.py:2690} INFO - Sync 1 DAGs
[2023-03-09T09:37:55.126+0000] {logging_mixin.py:137} INFO - [2023-03-09T09:37:55.125+0000] {dag.py:3441} INFO - Setting next_dagrun for example_nested_branch_dag to 2023-03-08T00:00:00+00:00, run_after=2023-03-09T00:00:00+00:00
[2023-03-09T09:37:55.137+0000] {processor.py:175} INFO - Processing /home/airflow/.local/lib/python3.7/site-packages/airflow/example_dags/example_nested_branch_dag.py took 0.066 seconds
[2023-03-09T09:38:25.251+0000] {processor.py:153} INFO - Started process (PID=2654) to work on /home/airflow/.local/lib/python3.7/site-packages/airflow/example_dags/example_nested_branch_dag.py
[2023-03-09T09:38:25.254+0000] {processor.py:743} INFO - Processing file /home/airflow/.local/lib/python3.7/site-packages/airflow/example_dags/example_nested_branch_dag.py for tasks to queue
[2023-03-09T09:38:25.255+0000] {logging_mixin.py:137} INFO - [2023-03-09T09:38:25.255+0000] {dagbag.py:538} INFO - Filling up the DagBag from /home/airflow/.local/lib/python3.7/site-packages/airflow/example_dags/example_nested_branch_dag.py
[2023-03-09T09:38:25.271+0000] {processor.py:753} INFO - DAG(s) dict_keys(['example_nested_branch_dag']) retrieved from /home/airflow/.local/lib/python3.7/site-packages/airflow/example_dags/example_nested_branch_dag.py
[2023-03-09T09:38:25.291+0000] {logging_mixin.py:137} INFO - [2023-03-09T09:38:25.291+0000] {dag.py:2690} INFO - Sync 1 DAGs
[2023-03-09T09:38:25.308+0000] {logging_mixin.py:137} INFO - [2023-03-09T09:38:25.308+0000] {dag.py:3441} INFO - Setting next_dagrun for example_nested_branch_dag to 2023-03-08T00:00:00+00:00, run_after=2023-03-09T00:00:00+00:00
[2023-03-09T09:38:25.321+0000] {processor.py:175} INFO - Processing /home/airflow/.local/lib/python3.7/site-packages/airflow/example_dags/example_nested_branch_dag.py took 0.072 seconds
[2023-03-09T09:38:56.345+0000] {processor.py:153} INFO - Started process (PID=2723) to work on /home/airflow/.local/lib/python3.7/site-packages/airflow/example_dags/example_nested_branch_dag.py
[2023-03-09T09:38:56.348+0000] {processor.py:743} INFO - Processing file /home/airflow/.local/lib/python3.7/site-packages/airflow/example_dags/example_nested_branch_dag.py for tasks to queue
[2023-03-09T09:38:56.349+0000] {logging_mixin.py:137} INFO - [2023-03-09T09:38:56.349+0000] {dagbag.py:538} INFO - Filling up the DagBag from /home/airflow/.local/lib/python3.7/site-packages/airflow/example_dags/example_nested_branch_dag.py
[2023-03-09T09:38:56.382+0000] {processor.py:753} INFO - DAG(s) dict_keys(['example_nested_branch_dag']) retrieved from /home/airflow/.local/lib/python3.7/site-packages/airflow/example_dags/example_nested_branch_dag.py
[2023-03-09T09:38:56.411+0000] {logging_mixin.py:137} INFO - [2023-03-09T09:38:56.411+0000] {dag.py:2690} INFO - Sync 1 DAGs
[2023-03-09T09:38:56.437+0000] {logging_mixin.py:137} INFO - [2023-03-09T09:38:56.437+0000] {dag.py:3441} INFO - Setting next_dagrun for example_nested_branch_dag to 2023-03-08T00:00:00+00:00, run_after=2023-03-09T00:00:00+00:00
[2023-03-09T09:38:56.449+0000] {processor.py:175} INFO - Processing /home/airflow/.local/lib/python3.7/site-packages/airflow/example_dags/example_nested_branch_dag.py took 0.107 seconds
[2023-03-09T09:39:26.755+0000] {processor.py:153} INFO - Started process (PID=2806) to work on /home/airflow/.local/lib/python3.7/site-packages/airflow/example_dags/example_nested_branch_dag.py
[2023-03-09T09:39:26.757+0000] {processor.py:743} INFO - Processing file /home/airflow/.local/lib/python3.7/site-packages/airflow/example_dags/example_nested_branch_dag.py for tasks to queue
[2023-03-09T09:39:26.758+0000] {logging_mixin.py:137} INFO - [2023-03-09T09:39:26.758+0000] {dagbag.py:538} INFO - Filling up the DagBag from /home/airflow/.local/lib/python3.7/site-packages/airflow/example_dags/example_nested_branch_dag.py
[2023-03-09T09:39:26.775+0000] {processor.py:753} INFO - DAG(s) dict_keys(['example_nested_branch_dag']) retrieved from /home/airflow/.local/lib/python3.7/site-packages/airflow/example_dags/example_nested_branch_dag.py
[2023-03-09T09:39:26.794+0000] {logging_mixin.py:137} INFO - [2023-03-09T09:39:26.794+0000] {dag.py:2690} INFO - Sync 1 DAGs
[2023-03-09T09:39:26.810+0000] {logging_mixin.py:137} INFO - [2023-03-09T09:39:26.810+0000] {dag.py:3441} INFO - Setting next_dagrun for example_nested_branch_dag to 2023-03-08T00:00:00+00:00, run_after=2023-03-09T00:00:00+00:00
[2023-03-09T09:39:26.821+0000] {processor.py:175} INFO - Processing /home/airflow/.local/lib/python3.7/site-packages/airflow/example_dags/example_nested_branch_dag.py took 0.070 seconds
[2023-03-09T09:39:57.113+0000] {processor.py:153} INFO - Started process (PID=2887) to work on /home/airflow/.local/lib/python3.7/site-packages/airflow/example_dags/example_nested_branch_dag.py
[2023-03-09T09:39:57.115+0000] {processor.py:743} INFO - Processing file /home/airflow/.local/lib/python3.7/site-packages/airflow/example_dags/example_nested_branch_dag.py for tasks to queue
[2023-03-09T09:39:57.116+0000] {logging_mixin.py:137} INFO - [2023-03-09T09:39:57.116+0000] {dagbag.py:538} INFO - Filling up the DagBag from /home/airflow/.local/lib/python3.7/site-packages/airflow/example_dags/example_nested_branch_dag.py
[2023-03-09T09:39:57.133+0000] {processor.py:753} INFO - DAG(s) dict_keys(['example_nested_branch_dag']) retrieved from /home/airflow/.local/lib/python3.7/site-packages/airflow/example_dags/example_nested_branch_dag.py
[2023-03-09T09:39:57.151+0000] {logging_mixin.py:137} INFO - [2023-03-09T09:39:57.151+0000] {dag.py:2690} INFO - Sync 1 DAGs
[2023-03-09T09:39:57.168+0000] {logging_mixin.py:137} INFO - [2023-03-09T09:39:57.168+0000] {dag.py:3441} INFO - Setting next_dagrun for example_nested_branch_dag to 2023-03-08T00:00:00+00:00, run_after=2023-03-09T00:00:00+00:00
[2023-03-09T09:39:57.181+0000] {processor.py:175} INFO - Processing /home/airflow/.local/lib/python3.7/site-packages/airflow/example_dags/example_nested_branch_dag.py took 0.070 seconds
[2023-03-09T09:40:27.266+0000] {processor.py:153} INFO - Started process (PID=2951) to work on /home/airflow/.local/lib/python3.7/site-packages/airflow/example_dags/example_nested_branch_dag.py
[2023-03-09T09:40:27.268+0000] {processor.py:743} INFO - Processing file /home/airflow/.local/lib/python3.7/site-packages/airflow/example_dags/example_nested_branch_dag.py for tasks to queue
[2023-03-09T09:40:27.270+0000] {logging_mixin.py:137} INFO - [2023-03-09T09:40:27.269+0000] {dagbag.py:538} INFO - Filling up the DagBag from /home/airflow/.local/lib/python3.7/site-packages/airflow/example_dags/example_nested_branch_dag.py
[2023-03-09T09:40:27.292+0000] {processor.py:753} INFO - DAG(s) dict_keys(['example_nested_branch_dag']) retrieved from /home/airflow/.local/lib/python3.7/site-packages/airflow/example_dags/example_nested_branch_dag.py
[2023-03-09T09:40:27.314+0000] {logging_mixin.py:137} INFO - [2023-03-09T09:40:27.314+0000] {dag.py:2690} INFO - Sync 1 DAGs
[2023-03-09T09:40:27.334+0000] {logging_mixin.py:137} INFO - [2023-03-09T09:40:27.334+0000] {dag.py:3441} INFO - Setting next_dagrun for example_nested_branch_dag to 2023-03-08T00:00:00+00:00, run_after=2023-03-09T00:00:00+00:00
[2023-03-09T09:40:27.348+0000] {processor.py:175} INFO - Processing /home/airflow/.local/lib/python3.7/site-packages/airflow/example_dags/example_nested_branch_dag.py took 0.085 seconds
[2023-03-09T09:40:57.468+0000] {processor.py:153} INFO - Started process (PID=3033) to work on /home/airflow/.local/lib/python3.7/site-packages/airflow/example_dags/example_nested_branch_dag.py
[2023-03-09T09:40:57.471+0000] {processor.py:743} INFO - Processing file /home/airflow/.local/lib/python3.7/site-packages/airflow/example_dags/example_nested_branch_dag.py for tasks to queue
[2023-03-09T09:40:57.473+0000] {logging_mixin.py:137} INFO - [2023-03-09T09:40:57.473+0000] {dagbag.py:538} INFO - Filling up the DagBag from /home/airflow/.local/lib/python3.7/site-packages/airflow/example_dags/example_nested_branch_dag.py
[2023-03-09T09:40:57.490+0000] {processor.py:753} INFO - DAG(s) dict_keys(['example_nested_branch_dag']) retrieved from /home/airflow/.local/lib/python3.7/site-packages/airflow/example_dags/example_nested_branch_dag.py
[2023-03-09T09:40:57.515+0000] {logging_mixin.py:137} INFO - [2023-03-09T09:40:57.515+0000] {dag.py:2690} INFO - Sync 1 DAGs
[2023-03-09T09:40:57.530+0000] {logging_mixin.py:137} INFO - [2023-03-09T09:40:57.530+0000] {dag.py:3441} INFO - Setting next_dagrun for example_nested_branch_dag to 2023-03-08T00:00:00+00:00, run_after=2023-03-09T00:00:00+00:00
[2023-03-09T09:40:57.540+0000] {processor.py:175} INFO - Processing /home/airflow/.local/lib/python3.7/site-packages/airflow/example_dags/example_nested_branch_dag.py took 0.075 seconds
[2023-03-09T09:41:27.958+0000] {processor.py:153} INFO - Started process (PID=3106) to work on /home/airflow/.local/lib/python3.7/site-packages/airflow/example_dags/example_nested_branch_dag.py
[2023-03-09T09:41:27.960+0000] {processor.py:743} INFO - Processing file /home/airflow/.local/lib/python3.7/site-packages/airflow/example_dags/example_nested_branch_dag.py for tasks to queue
[2023-03-09T09:41:27.962+0000] {logging_mixin.py:137} INFO - [2023-03-09T09:41:27.962+0000] {dagbag.py:538} INFO - Filling up the DagBag from /home/airflow/.local/lib/python3.7/site-packages/airflow/example_dags/example_nested_branch_dag.py
[2023-03-09T09:41:28.014+0000] {processor.py:753} INFO - DAG(s) dict_keys(['example_nested_branch_dag']) retrieved from /home/airflow/.local/lib/python3.7/site-packages/airflow/example_dags/example_nested_branch_dag.py
[2023-03-09T09:41:28.068+0000] {logging_mixin.py:137} INFO - [2023-03-09T09:41:28.068+0000] {dag.py:2690} INFO - Sync 1 DAGs
[2023-03-09T09:41:28.101+0000] {logging_mixin.py:137} INFO - [2023-03-09T09:41:28.101+0000] {dag.py:3441} INFO - Setting next_dagrun for example_nested_branch_dag to 2023-03-08T00:00:00+00:00, run_after=2023-03-09T00:00:00+00:00
[2023-03-09T09:41:28.137+0000] {processor.py:175} INFO - Processing /home/airflow/.local/lib/python3.7/site-packages/airflow/example_dags/example_nested_branch_dag.py took 0.183 seconds
[2023-03-09T09:41:58.604+0000] {processor.py:153} INFO - Started process (PID=3176) to work on /home/airflow/.local/lib/python3.7/site-packages/airflow/example_dags/example_nested_branch_dag.py
[2023-03-09T09:41:58.605+0000] {processor.py:743} INFO - Processing file /home/airflow/.local/lib/python3.7/site-packages/airflow/example_dags/example_nested_branch_dag.py for tasks to queue
[2023-03-09T09:41:58.607+0000] {logging_mixin.py:137} INFO - [2023-03-09T09:41:58.606+0000] {dagbag.py:538} INFO - Filling up the DagBag from /home/airflow/.local/lib/python3.7/site-packages/airflow/example_dags/example_nested_branch_dag.py
[2023-03-09T09:41:58.641+0000] {processor.py:753} INFO - DAG(s) dict_keys(['example_nested_branch_dag']) retrieved from /home/airflow/.local/lib/python3.7/site-packages/airflow/example_dags/example_nested_branch_dag.py
[2023-03-09T09:41:58.678+0000] {logging_mixin.py:137} INFO - [2023-03-09T09:41:58.677+0000] {dag.py:2690} INFO - Sync 1 DAGs
[2023-03-09T09:41:58.705+0000] {logging_mixin.py:137} INFO - [2023-03-09T09:41:58.705+0000] {dag.py:3441} INFO - Setting next_dagrun for example_nested_branch_dag to 2023-03-08T00:00:00+00:00, run_after=2023-03-09T00:00:00+00:00
[2023-03-09T09:41:58.737+0000] {processor.py:175} INFO - Processing /home/airflow/.local/lib/python3.7/site-packages/airflow/example_dags/example_nested_branch_dag.py took 0.138 seconds
[2023-03-09T09:42:29.175+0000] {processor.py:153} INFO - Started process (PID=3255) to work on /home/airflow/.local/lib/python3.7/site-packages/airflow/example_dags/example_nested_branch_dag.py
[2023-03-09T09:42:29.177+0000] {processor.py:743} INFO - Processing file /home/airflow/.local/lib/python3.7/site-packages/airflow/example_dags/example_nested_branch_dag.py for tasks to queue
[2023-03-09T09:42:29.178+0000] {logging_mixin.py:137} INFO - [2023-03-09T09:42:29.178+0000] {dagbag.py:538} INFO - Filling up the DagBag from /home/airflow/.local/lib/python3.7/site-packages/airflow/example_dags/example_nested_branch_dag.py
[2023-03-09T09:42:29.199+0000] {processor.py:753} INFO - DAG(s) dict_keys(['example_nested_branch_dag']) retrieved from /home/airflow/.local/lib/python3.7/site-packages/airflow/example_dags/example_nested_branch_dag.py
[2023-03-09T09:42:29.221+0000] {logging_mixin.py:137} INFO - [2023-03-09T09:42:29.221+0000] {dag.py:2690} INFO - Sync 1 DAGs
[2023-03-09T09:42:29.240+0000] {logging_mixin.py:137} INFO - [2023-03-09T09:42:29.240+0000] {dag.py:3441} INFO - Setting next_dagrun for example_nested_branch_dag to 2023-03-08T00:00:00+00:00, run_after=2023-03-09T00:00:00+00:00
[2023-03-09T09:42:29.252+0000] {processor.py:175} INFO - Processing /home/airflow/.local/lib/python3.7/site-packages/airflow/example_dags/example_nested_branch_dag.py took 0.082 seconds
[2023-03-09T09:42:59.418+0000] {processor.py:153} INFO - Started process (PID=3319) to work on /home/airflow/.local/lib/python3.7/site-packages/airflow/example_dags/example_nested_branch_dag.py
[2023-03-09T09:42:59.420+0000] {processor.py:743} INFO - Processing file /home/airflow/.local/lib/python3.7/site-packages/airflow/example_dags/example_nested_branch_dag.py for tasks to queue
[2023-03-09T09:42:59.421+0000] {logging_mixin.py:137} INFO - [2023-03-09T09:42:59.421+0000] {dagbag.py:538} INFO - Filling up the DagBag from /home/airflow/.local/lib/python3.7/site-packages/airflow/example_dags/example_nested_branch_dag.py
[2023-03-09T09:42:59.438+0000] {processor.py:753} INFO - DAG(s) dict_keys(['example_nested_branch_dag']) retrieved from /home/airflow/.local/lib/python3.7/site-packages/airflow/example_dags/example_nested_branch_dag.py
[2023-03-09T09:42:59.459+0000] {logging_mixin.py:137} INFO - [2023-03-09T09:42:59.459+0000] {dag.py:2690} INFO - Sync 1 DAGs
[2023-03-09T09:42:59.476+0000] {logging_mixin.py:137} INFO - [2023-03-09T09:42:59.476+0000] {dag.py:3441} INFO - Setting next_dagrun for example_nested_branch_dag to 2023-03-08T00:00:00+00:00, run_after=2023-03-09T00:00:00+00:00
[2023-03-09T09:42:59.487+0000] {processor.py:175} INFO - Processing /home/airflow/.local/lib/python3.7/site-packages/airflow/example_dags/example_nested_branch_dag.py took 0.072 seconds
[2023-03-09T09:43:29.947+0000] {processor.py:153} INFO - Started process (PID=3401) to work on /home/airflow/.local/lib/python3.7/site-packages/airflow/example_dags/example_nested_branch_dag.py
[2023-03-09T09:43:29.950+0000] {processor.py:743} INFO - Processing file /home/airflow/.local/lib/python3.7/site-packages/airflow/example_dags/example_nested_branch_dag.py for tasks to queue
[2023-03-09T09:43:29.951+0000] {logging_mixin.py:137} INFO - [2023-03-09T09:43:29.950+0000] {dagbag.py:538} INFO - Filling up the DagBag from /home/airflow/.local/lib/python3.7/site-packages/airflow/example_dags/example_nested_branch_dag.py
[2023-03-09T09:43:29.967+0000] {processor.py:753} INFO - DAG(s) dict_keys(['example_nested_branch_dag']) retrieved from /home/airflow/.local/lib/python3.7/site-packages/airflow/example_dags/example_nested_branch_dag.py
[2023-03-09T09:43:29.986+0000] {logging_mixin.py:137} INFO - [2023-03-09T09:43:29.986+0000] {dag.py:2690} INFO - Sync 1 DAGs
[2023-03-09T09:43:30.003+0000] {logging_mixin.py:137} INFO - [2023-03-09T09:43:30.003+0000] {dag.py:3441} INFO - Setting next_dagrun for example_nested_branch_dag to 2023-03-08T00:00:00+00:00, run_after=2023-03-09T00:00:00+00:00
[2023-03-09T09:43:30.015+0000] {processor.py:175} INFO - Processing /home/airflow/.local/lib/python3.7/site-packages/airflow/example_dags/example_nested_branch_dag.py took 0.071 seconds
[2023-03-09T09:44:00.308+0000] {processor.py:153} INFO - Started process (PID=3482) to work on /home/airflow/.local/lib/python3.7/site-packages/airflow/example_dags/example_nested_branch_dag.py
[2023-03-09T09:44:00.310+0000] {processor.py:743} INFO - Processing file /home/airflow/.local/lib/python3.7/site-packages/airflow/example_dags/example_nested_branch_dag.py for tasks to queue
[2023-03-09T09:44:00.311+0000] {logging_mixin.py:137} INFO - [2023-03-09T09:44:00.311+0000] {dagbag.py:538} INFO - Filling up the DagBag from /home/airflow/.local/lib/python3.7/site-packages/airflow/example_dags/example_nested_branch_dag.py
[2023-03-09T09:44:00.327+0000] {processor.py:753} INFO - DAG(s) dict_keys(['example_nested_branch_dag']) retrieved from /home/airflow/.local/lib/python3.7/site-packages/airflow/example_dags/example_nested_branch_dag.py
[2023-03-09T09:44:00.346+0000] {logging_mixin.py:137} INFO - [2023-03-09T09:44:00.346+0000] {dag.py:2690} INFO - Sync 1 DAGs
[2023-03-09T09:44:00.362+0000] {logging_mixin.py:137} INFO - [2023-03-09T09:44:00.362+0000] {dag.py:3441} INFO - Setting next_dagrun for example_nested_branch_dag to 2023-03-08T00:00:00+00:00, run_after=2023-03-09T00:00:00+00:00
[2023-03-09T09:44:00.375+0000] {processor.py:175} INFO - Processing /home/airflow/.local/lib/python3.7/site-packages/airflow/example_dags/example_nested_branch_dag.py took 0.071 seconds
[2023-03-09T09:44:30.668+0000] {processor.py:153} INFO - Started process (PID=3550) to work on /home/airflow/.local/lib/python3.7/site-packages/airflow/example_dags/example_nested_branch_dag.py
[2023-03-09T09:44:30.670+0000] {processor.py:743} INFO - Processing file /home/airflow/.local/lib/python3.7/site-packages/airflow/example_dags/example_nested_branch_dag.py for tasks to queue
[2023-03-09T09:44:30.672+0000] {logging_mixin.py:137} INFO - [2023-03-09T09:44:30.671+0000] {dagbag.py:538} INFO - Filling up the DagBag from /home/airflow/.local/lib/python3.7/site-packages/airflow/example_dags/example_nested_branch_dag.py
[2023-03-09T09:44:30.696+0000] {processor.py:753} INFO - DAG(s) dict_keys(['example_nested_branch_dag']) retrieved from /home/airflow/.local/lib/python3.7/site-packages/airflow/example_dags/example_nested_branch_dag.py
[2023-03-09T09:44:30.722+0000] {logging_mixin.py:137} INFO - [2023-03-09T09:44:30.721+0000] {dag.py:2690} INFO - Sync 1 DAGs
[2023-03-09T09:44:30.743+0000] {logging_mixin.py:137} INFO - [2023-03-09T09:44:30.743+0000] {dag.py:3441} INFO - Setting next_dagrun for example_nested_branch_dag to 2023-03-08T00:00:00+00:00, run_after=2023-03-09T00:00:00+00:00
[2023-03-09T09:44:30.754+0000] {processor.py:175} INFO - Processing /home/airflow/.local/lib/python3.7/site-packages/airflow/example_dags/example_nested_branch_dag.py took 0.090 seconds
[2023-03-09T09:45:00.862+0000] {processor.py:153} INFO - Started process (PID=3630) to work on /home/airflow/.local/lib/python3.7/site-packages/airflow/example_dags/example_nested_branch_dag.py
[2023-03-09T09:45:00.865+0000] {processor.py:743} INFO - Processing file /home/airflow/.local/lib/python3.7/site-packages/airflow/example_dags/example_nested_branch_dag.py for tasks to queue
[2023-03-09T09:45:00.866+0000] {logging_mixin.py:137} INFO - [2023-03-09T09:45:00.866+0000] {dagbag.py:538} INFO - Filling up the DagBag from /home/airflow/.local/lib/python3.7/site-packages/airflow/example_dags/example_nested_branch_dag.py
[2023-03-09T09:45:00.884+0000] {processor.py:753} INFO - DAG(s) dict_keys(['example_nested_branch_dag']) retrieved from /home/airflow/.local/lib/python3.7/site-packages/airflow/example_dags/example_nested_branch_dag.py
[2023-03-09T09:45:00.904+0000] {logging_mixin.py:137} INFO - [2023-03-09T09:45:00.904+0000] {dag.py:2690} INFO - Sync 1 DAGs
[2023-03-09T09:45:00.923+0000] {logging_mixin.py:137} INFO - [2023-03-09T09:45:00.923+0000] {dag.py:3441} INFO - Setting next_dagrun for example_nested_branch_dag to 2023-03-08T00:00:00+00:00, run_after=2023-03-09T00:00:00+00:00
[2023-03-09T09:45:00.936+0000] {processor.py:175} INFO - Processing /home/airflow/.local/lib/python3.7/site-packages/airflow/example_dags/example_nested_branch_dag.py took 0.078 seconds
[2023-03-09T09:45:31.170+0000] {processor.py:153} INFO - Started process (PID=3708) to work on /home/airflow/.local/lib/python3.7/site-packages/airflow/example_dags/example_nested_branch_dag.py
[2023-03-09T09:45:31.175+0000] {processor.py:743} INFO - Processing file /home/airflow/.local/lib/python3.7/site-packages/airflow/example_dags/example_nested_branch_dag.py for tasks to queue
[2023-03-09T09:45:31.177+0000] {logging_mixin.py:137} INFO - [2023-03-09T09:45:31.177+0000] {dagbag.py:538} INFO - Filling up the DagBag from /home/airflow/.local/lib/python3.7/site-packages/airflow/example_dags/example_nested_branch_dag.py
[2023-03-09T09:45:31.220+0000] {processor.py:753} INFO - DAG(s) dict_keys(['example_nested_branch_dag']) retrieved from /home/airflow/.local/lib/python3.7/site-packages/airflow/example_dags/example_nested_branch_dag.py
[2023-03-09T09:45:31.246+0000] {logging_mixin.py:137} INFO - [2023-03-09T09:45:31.246+0000] {dag.py:2690} INFO - Sync 1 DAGs
[2023-03-09T09:45:31.265+0000] {logging_mixin.py:137} INFO - [2023-03-09T09:45:31.265+0000] {dag.py:3441} INFO - Setting next_dagrun for example_nested_branch_dag to 2023-03-08T00:00:00+00:00, run_after=2023-03-09T00:00:00+00:00
[2023-03-09T09:45:31.277+0000] {processor.py:175} INFO - Processing /home/airflow/.local/lib/python3.7/site-packages/airflow/example_dags/example_nested_branch_dag.py took 0.112 seconds
[2023-03-09T09:46:01.565+0000] {processor.py:153} INFO - Started process (PID=3778) to work on /home/airflow/.local/lib/python3.7/site-packages/airflow/example_dags/example_nested_branch_dag.py
[2023-03-09T09:46:01.567+0000] {processor.py:743} INFO - Processing file /home/airflow/.local/lib/python3.7/site-packages/airflow/example_dags/example_nested_branch_dag.py for tasks to queue
[2023-03-09T09:46:01.569+0000] {logging_mixin.py:137} INFO - [2023-03-09T09:46:01.569+0000] {dagbag.py:538} INFO - Filling up the DagBag from /home/airflow/.local/lib/python3.7/site-packages/airflow/example_dags/example_nested_branch_dag.py
[2023-03-09T09:46:01.594+0000] {processor.py:753} INFO - DAG(s) dict_keys(['example_nested_branch_dag']) retrieved from /home/airflow/.local/lib/python3.7/site-packages/airflow/example_dags/example_nested_branch_dag.py
[2023-03-09T09:46:01.616+0000] {logging_mixin.py:137} INFO - [2023-03-09T09:46:01.616+0000] {dag.py:2690} INFO - Sync 1 DAGs
[2023-03-09T09:46:01.633+0000] {logging_mixin.py:137} INFO - [2023-03-09T09:46:01.633+0000] {dag.py:3441} INFO - Setting next_dagrun for example_nested_branch_dag to 2023-03-08T00:00:00+00:00, run_after=2023-03-09T00:00:00+00:00
[2023-03-09T09:46:01.644+0000] {processor.py:175} INFO - Processing /home/airflow/.local/lib/python3.7/site-packages/airflow/example_dags/example_nested_branch_dag.py took 0.082 seconds
[2023-03-09T09:46:31.687+0000] {processor.py:153} INFO - Started process (PID=3857) to work on /home/airflow/.local/lib/python3.7/site-packages/airflow/example_dags/example_nested_branch_dag.py
[2023-03-09T09:46:31.689+0000] {processor.py:743} INFO - Processing file /home/airflow/.local/lib/python3.7/site-packages/airflow/example_dags/example_nested_branch_dag.py for tasks to queue
[2023-03-09T09:46:31.690+0000] {logging_mixin.py:137} INFO - [2023-03-09T09:46:31.690+0000] {dagbag.py:538} INFO - Filling up the DagBag from /home/airflow/.local/lib/python3.7/site-packages/airflow/example_dags/example_nested_branch_dag.py
[2023-03-09T09:46:31.719+0000] {processor.py:753} INFO - DAG(s) dict_keys(['example_nested_branch_dag']) retrieved from /home/airflow/.local/lib/python3.7/site-packages/airflow/example_dags/example_nested_branch_dag.py
[2023-03-09T09:46:31.745+0000] {logging_mixin.py:137} INFO - [2023-03-09T09:46:31.745+0000] {dag.py:2690} INFO - Sync 1 DAGs
[2023-03-09T09:46:31.768+0000] {logging_mixin.py:137} INFO - [2023-03-09T09:46:31.767+0000] {dag.py:3441} INFO - Setting next_dagrun for example_nested_branch_dag to 2023-03-08T00:00:00+00:00, run_after=2023-03-09T00:00:00+00:00
[2023-03-09T09:46:31.783+0000] {processor.py:175} INFO - Processing /home/airflow/.local/lib/python3.7/site-packages/airflow/example_dags/example_nested_branch_dag.py took 0.101 seconds
[2023-03-09T09:47:02.143+0000] {processor.py:153} INFO - Started process (PID=3937) to work on /home/airflow/.local/lib/python3.7/site-packages/airflow/example_dags/example_nested_branch_dag.py
[2023-03-09T09:47:02.145+0000] {processor.py:743} INFO - Processing file /home/airflow/.local/lib/python3.7/site-packages/airflow/example_dags/example_nested_branch_dag.py for tasks to queue
[2023-03-09T09:47:02.147+0000] {logging_mixin.py:137} INFO - [2023-03-09T09:47:02.146+0000] {dagbag.py:538} INFO - Filling up the DagBag from /home/airflow/.local/lib/python3.7/site-packages/airflow/example_dags/example_nested_branch_dag.py
[2023-03-09T09:47:02.169+0000] {processor.py:753} INFO - DAG(s) dict_keys(['example_nested_branch_dag']) retrieved from /home/airflow/.local/lib/python3.7/site-packages/airflow/example_dags/example_nested_branch_dag.py
[2023-03-09T09:47:02.199+0000] {logging_mixin.py:137} INFO - [2023-03-09T09:47:02.199+0000] {dag.py:2690} INFO - Sync 1 DAGs
[2023-03-09T09:47:02.223+0000] {logging_mixin.py:137} INFO - [2023-03-09T09:47:02.223+0000] {dag.py:3441} INFO - Setting next_dagrun for example_nested_branch_dag to 2023-03-08T00:00:00+00:00, run_after=2023-03-09T00:00:00+00:00
[2023-03-09T09:47:02.237+0000] {processor.py:175} INFO - Processing /home/airflow/.local/lib/python3.7/site-packages/airflow/example_dags/example_nested_branch_dag.py took 0.098 seconds
[2023-03-09T09:47:32.597+0000] {processor.py:153} INFO - Started process (PID=4006) to work on /home/airflow/.local/lib/python3.7/site-packages/airflow/example_dags/example_nested_branch_dag.py
[2023-03-09T09:47:32.599+0000] {processor.py:743} INFO - Processing file /home/airflow/.local/lib/python3.7/site-packages/airflow/example_dags/example_nested_branch_dag.py for tasks to queue
[2023-03-09T09:47:32.600+0000] {logging_mixin.py:137} INFO - [2023-03-09T09:47:32.600+0000] {dagbag.py:538} INFO - Filling up the DagBag from /home/airflow/.local/lib/python3.7/site-packages/airflow/example_dags/example_nested_branch_dag.py
[2023-03-09T09:47:32.624+0000] {processor.py:753} INFO - DAG(s) dict_keys(['example_nested_branch_dag']) retrieved from /home/airflow/.local/lib/python3.7/site-packages/airflow/example_dags/example_nested_branch_dag.py
[2023-03-09T09:47:32.656+0000] {logging_mixin.py:137} INFO - [2023-03-09T09:47:32.656+0000] {dag.py:2690} INFO - Sync 1 DAGs
[2023-03-09T09:47:32.687+0000] {logging_mixin.py:137} INFO - [2023-03-09T09:47:32.687+0000] {dag.py:3441} INFO - Setting next_dagrun for example_nested_branch_dag to 2023-03-08T00:00:00+00:00, run_after=2023-03-09T00:00:00+00:00
[2023-03-09T09:47:32.704+0000] {processor.py:175} INFO - Processing /home/airflow/.local/lib/python3.7/site-packages/airflow/example_dags/example_nested_branch_dag.py took 0.112 seconds
[2023-03-09T09:48:03.024+0000] {processor.py:153} INFO - Started process (PID=4083) to work on /home/airflow/.local/lib/python3.7/site-packages/airflow/example_dags/example_nested_branch_dag.py
[2023-03-09T09:48:03.026+0000] {processor.py:743} INFO - Processing file /home/airflow/.local/lib/python3.7/site-packages/airflow/example_dags/example_nested_branch_dag.py for tasks to queue
[2023-03-09T09:48:03.028+0000] {logging_mixin.py:137} INFO - [2023-03-09T09:48:03.027+0000] {dagbag.py:538} INFO - Filling up the DagBag from /home/airflow/.local/lib/python3.7/site-packages/airflow/example_dags/example_nested_branch_dag.py
[2023-03-09T09:48:03.043+0000] {processor.py:753} INFO - DAG(s) dict_keys(['example_nested_branch_dag']) retrieved from /home/airflow/.local/lib/python3.7/site-packages/airflow/example_dags/example_nested_branch_dag.py
[2023-03-09T09:48:03.061+0000] {logging_mixin.py:137} INFO - [2023-03-09T09:48:03.061+0000] {dag.py:2690} INFO - Sync 1 DAGs
[2023-03-09T09:48:03.078+0000] {logging_mixin.py:137} INFO - [2023-03-09T09:48:03.078+0000] {dag.py:3441} INFO - Setting next_dagrun for example_nested_branch_dag to 2023-03-08T00:00:00+00:00, run_after=2023-03-09T00:00:00+00:00
[2023-03-09T09:48:03.089+0000] {processor.py:175} INFO - Processing /home/airflow/.local/lib/python3.7/site-packages/airflow/example_dags/example_nested_branch_dag.py took 0.068 seconds
[2023-03-09T09:48:33.214+0000] {processor.py:153} INFO - Started process (PID=4147) to work on /home/airflow/.local/lib/python3.7/site-packages/airflow/example_dags/example_nested_branch_dag.py
[2023-03-09T09:48:33.217+0000] {processor.py:743} INFO - Processing file /home/airflow/.local/lib/python3.7/site-packages/airflow/example_dags/example_nested_branch_dag.py for tasks to queue
[2023-03-09T09:48:33.218+0000] {logging_mixin.py:137} INFO - [2023-03-09T09:48:33.218+0000] {dagbag.py:538} INFO - Filling up the DagBag from /home/airflow/.local/lib/python3.7/site-packages/airflow/example_dags/example_nested_branch_dag.py
[2023-03-09T09:48:33.234+0000] {processor.py:753} INFO - DAG(s) dict_keys(['example_nested_branch_dag']) retrieved from /home/airflow/.local/lib/python3.7/site-packages/airflow/example_dags/example_nested_branch_dag.py
[2023-03-09T09:48:33.258+0000] {logging_mixin.py:137} INFO - [2023-03-09T09:48:33.258+0000] {dag.py:2690} INFO - Sync 1 DAGs
[2023-03-09T09:48:33.275+0000] {logging_mixin.py:137} INFO - [2023-03-09T09:48:33.275+0000] {dag.py:3441} INFO - Setting next_dagrun for example_nested_branch_dag to 2023-03-08T00:00:00+00:00, run_after=2023-03-09T00:00:00+00:00
[2023-03-09T09:48:33.287+0000] {processor.py:175} INFO - Processing /home/airflow/.local/lib/python3.7/site-packages/airflow/example_dags/example_nested_branch_dag.py took 0.076 seconds
[2023-03-09T09:49:03.599+0000] {processor.py:153} INFO - Started process (PID=4226) to work on /home/airflow/.local/lib/python3.7/site-packages/airflow/example_dags/example_nested_branch_dag.py
[2023-03-09T09:49:03.601+0000] {processor.py:743} INFO - Processing file /home/airflow/.local/lib/python3.7/site-packages/airflow/example_dags/example_nested_branch_dag.py for tasks to queue
[2023-03-09T09:49:03.602+0000] {logging_mixin.py:137} INFO - [2023-03-09T09:49:03.602+0000] {dagbag.py:538} INFO - Filling up the DagBag from /home/airflow/.local/lib/python3.7/site-packages/airflow/example_dags/example_nested_branch_dag.py
[2023-03-09T09:49:03.618+0000] {processor.py:753} INFO - DAG(s) dict_keys(['example_nested_branch_dag']) retrieved from /home/airflow/.local/lib/python3.7/site-packages/airflow/example_dags/example_nested_branch_dag.py
[2023-03-09T09:49:03.650+0000] {logging_mixin.py:137} INFO - [2023-03-09T09:49:03.650+0000] {dag.py:2690} INFO - Sync 1 DAGs
[2023-03-09T09:49:03.672+0000] {logging_mixin.py:137} INFO - [2023-03-09T09:49:03.672+0000] {dag.py:3441} INFO - Setting next_dagrun for example_nested_branch_dag to 2023-03-08T00:00:00+00:00, run_after=2023-03-09T00:00:00+00:00
[2023-03-09T09:49:03.685+0000] {processor.py:175} INFO - Processing /home/airflow/.local/lib/python3.7/site-packages/airflow/example_dags/example_nested_branch_dag.py took 0.088 seconds
[2023-03-09T09:49:34.073+0000] {processor.py:153} INFO - Started process (PID=4309) to work on /home/airflow/.local/lib/python3.7/site-packages/airflow/example_dags/example_nested_branch_dag.py
[2023-03-09T09:49:34.075+0000] {processor.py:743} INFO - Processing file /home/airflow/.local/lib/python3.7/site-packages/airflow/example_dags/example_nested_branch_dag.py for tasks to queue
[2023-03-09T09:49:34.075+0000] {logging_mixin.py:137} INFO - [2023-03-09T09:49:34.075+0000] {dagbag.py:538} INFO - Filling up the DagBag from /home/airflow/.local/lib/python3.7/site-packages/airflow/example_dags/example_nested_branch_dag.py
[2023-03-09T09:49:34.090+0000] {processor.py:753} INFO - DAG(s) dict_keys(['example_nested_branch_dag']) retrieved from /home/airflow/.local/lib/python3.7/site-packages/airflow/example_dags/example_nested_branch_dag.py
[2023-03-09T09:49:34.108+0000] {logging_mixin.py:137} INFO - [2023-03-09T09:49:34.108+0000] {dag.py:2690} INFO - Sync 1 DAGs
[2023-03-09T09:49:34.124+0000] {logging_mixin.py:137} INFO - [2023-03-09T09:49:34.124+0000] {dag.py:3441} INFO - Setting next_dagrun for example_nested_branch_dag to 2023-03-08T00:00:00+00:00, run_after=2023-03-09T00:00:00+00:00
[2023-03-09T09:49:34.136+0000] {processor.py:175} INFO - Processing /home/airflow/.local/lib/python3.7/site-packages/airflow/example_dags/example_nested_branch_dag.py took 0.066 seconds
[2023-03-09T09:50:04.219+0000] {processor.py:153} INFO - Started process (PID=4374) to work on /home/airflow/.local/lib/python3.7/site-packages/airflow/example_dags/example_nested_branch_dag.py
[2023-03-09T09:50:04.221+0000] {processor.py:743} INFO - Processing file /home/airflow/.local/lib/python3.7/site-packages/airflow/example_dags/example_nested_branch_dag.py for tasks to queue
[2023-03-09T09:50:04.222+0000] {logging_mixin.py:137} INFO - [2023-03-09T09:50:04.222+0000] {dagbag.py:538} INFO - Filling up the DagBag from /home/airflow/.local/lib/python3.7/site-packages/airflow/example_dags/example_nested_branch_dag.py
[2023-03-09T09:50:04.246+0000] {processor.py:753} INFO - DAG(s) dict_keys(['example_nested_branch_dag']) retrieved from /home/airflow/.local/lib/python3.7/site-packages/airflow/example_dags/example_nested_branch_dag.py
[2023-03-09T09:50:04.265+0000] {logging_mixin.py:137} INFO - [2023-03-09T09:50:04.265+0000] {dag.py:2690} INFO - Sync 1 DAGs
[2023-03-09T09:50:04.283+0000] {logging_mixin.py:137} INFO - [2023-03-09T09:50:04.283+0000] {dag.py:3441} INFO - Setting next_dagrun for example_nested_branch_dag to 2023-03-08T00:00:00+00:00, run_after=2023-03-09T00:00:00+00:00
[2023-03-09T09:50:04.295+0000] {processor.py:175} INFO - Processing /home/airflow/.local/lib/python3.7/site-packages/airflow/example_dags/example_nested_branch_dag.py took 0.079 seconds
[2023-03-09T09:50:34.749+0000] {processor.py:153} INFO - Started process (PID=4454) to work on /home/airflow/.local/lib/python3.7/site-packages/airflow/example_dags/example_nested_branch_dag.py
[2023-03-09T09:50:34.752+0000] {processor.py:743} INFO - Processing file /home/airflow/.local/lib/python3.7/site-packages/airflow/example_dags/example_nested_branch_dag.py for tasks to queue
[2023-03-09T09:50:34.754+0000] {logging_mixin.py:137} INFO - [2023-03-09T09:50:34.754+0000] {dagbag.py:538} INFO - Filling up the DagBag from /home/airflow/.local/lib/python3.7/site-packages/airflow/example_dags/example_nested_branch_dag.py
[2023-03-09T09:50:34.806+0000] {processor.py:753} INFO - DAG(s) dict_keys(['example_nested_branch_dag']) retrieved from /home/airflow/.local/lib/python3.7/site-packages/airflow/example_dags/example_nested_branch_dag.py
[2023-03-09T09:50:34.861+0000] {logging_mixin.py:137} INFO - [2023-03-09T09:50:34.861+0000] {dag.py:2690} INFO - Sync 1 DAGs
[2023-03-09T09:50:34.889+0000] {logging_mixin.py:137} INFO - [2023-03-09T09:50:34.888+0000] {dag.py:3441} INFO - Setting next_dagrun for example_nested_branch_dag to 2023-03-08T00:00:00+00:00, run_after=2023-03-09T00:00:00+00:00
[2023-03-09T09:50:34.905+0000] {processor.py:175} INFO - Processing /home/airflow/.local/lib/python3.7/site-packages/airflow/example_dags/example_nested_branch_dag.py took 0.165 seconds
