[2023-03-09T09:02:22.874+0000] {processor.py:153} INFO - Started process (PID=82) to work on /home/airflow/.local/lib/python3.7/site-packages/airflow/example_dags/example_skip_dag.py
[2023-03-09T09:02:22.877+0000] {processor.py:743} INFO - Processing file /home/airflow/.local/lib/python3.7/site-packages/airflow/example_dags/example_skip_dag.py for tasks to queue
[2023-03-09T09:02:22.879+0000] {logging_mixin.py:137} INFO - [2023-03-09T09:02:22.879+0000] {dagbag.py:538} INFO - Filling up the DagBag from /home/airflow/.local/lib/python3.7/site-packages/airflow/example_dags/example_skip_dag.py
[2023-03-09T09:02:22.903+0000] {processor.py:753} INFO - DAG(s) dict_keys(['example_skip_dag']) retrieved from /home/airflow/.local/lib/python3.7/site-packages/airflow/example_dags/example_skip_dag.py
[2023-03-09T09:02:22.917+0000] {logging_mixin.py:137} INFO - [2023-03-09T09:02:22.916+0000] {dag.py:2690} INFO - Sync 1 DAGs
[2023-03-09T09:02:22.938+0000] {logging_mixin.py:137} INFO - [2023-03-09T09:02:22.938+0000] {dag.py:3441} INFO - Setting next_dagrun for example_skip_dag to 2023-03-08T09:02:22.937895+00:00, run_after=2023-03-09T09:02:22.937895+00:00
[2023-03-09T09:02:22.952+0000] {processor.py:175} INFO - Processing /home/airflow/.local/lib/python3.7/site-packages/airflow/example_dags/example_skip_dag.py took 0.082 seconds
[2023-03-09T09:02:53.222+0000] {processor.py:153} INFO - Started process (PID=148) to work on /home/airflow/.local/lib/python3.7/site-packages/airflow/example_dags/example_skip_dag.py
[2023-03-09T09:02:53.223+0000] {processor.py:743} INFO - Processing file /home/airflow/.local/lib/python3.7/site-packages/airflow/example_dags/example_skip_dag.py for tasks to queue
[2023-03-09T09:02:53.225+0000] {logging_mixin.py:137} INFO - [2023-03-09T09:02:53.225+0000] {dagbag.py:538} INFO - Filling up the DagBag from /home/airflow/.local/lib/python3.7/site-packages/airflow/example_dags/example_skip_dag.py
[2023-03-09T09:02:53.235+0000] {processor.py:753} INFO - DAG(s) dict_keys(['example_skip_dag']) retrieved from /home/airflow/.local/lib/python3.7/site-packages/airflow/example_dags/example_skip_dag.py
[2023-03-09T09:02:53.251+0000] {logging_mixin.py:137} INFO - [2023-03-09T09:02:53.251+0000] {dag.py:2690} INFO - Sync 1 DAGs
[2023-03-09T09:02:53.267+0000] {logging_mixin.py:137} INFO - [2023-03-09T09:02:53.267+0000] {dag.py:3441} INFO - Setting next_dagrun for example_skip_dag to 2023-03-08T09:02:53.266867+00:00, run_after=2023-03-09T09:02:53.266867+00:00
[2023-03-09T09:02:53.281+0000] {processor.py:175} INFO - Processing /home/airflow/.local/lib/python3.7/site-packages/airflow/example_dags/example_skip_dag.py took 0.062 seconds
[2023-03-09T09:03:23.861+0000] {processor.py:153} INFO - Started process (PID=229) to work on /home/airflow/.local/lib/python3.7/site-packages/airflow/example_dags/example_skip_dag.py
[2023-03-09T09:03:23.863+0000] {processor.py:743} INFO - Processing file /home/airflow/.local/lib/python3.7/site-packages/airflow/example_dags/example_skip_dag.py for tasks to queue
[2023-03-09T09:03:23.864+0000] {logging_mixin.py:137} INFO - [2023-03-09T09:03:23.864+0000] {dagbag.py:538} INFO - Filling up the DagBag from /home/airflow/.local/lib/python3.7/site-packages/airflow/example_dags/example_skip_dag.py
[2023-03-09T09:03:23.874+0000] {processor.py:753} INFO - DAG(s) dict_keys(['example_skip_dag']) retrieved from /home/airflow/.local/lib/python3.7/site-packages/airflow/example_dags/example_skip_dag.py
[2023-03-09T09:03:23.891+0000] {logging_mixin.py:137} INFO - [2023-03-09T09:03:23.891+0000] {dag.py:2690} INFO - Sync 1 DAGs
[2023-03-09T09:03:23.908+0000] {logging_mixin.py:137} INFO - [2023-03-09T09:03:23.908+0000] {dag.py:3441} INFO - Setting next_dagrun for example_skip_dag to 2023-03-08T09:03:23.908182+00:00, run_after=2023-03-09T09:03:23.908182+00:00
[2023-03-09T09:03:23.920+0000] {processor.py:175} INFO - Processing /home/airflow/.local/lib/python3.7/site-packages/airflow/example_dags/example_skip_dag.py took 0.061 seconds
[2023-03-09T09:03:54.008+0000] {processor.py:153} INFO - Started process (PID=294) to work on /home/airflow/.local/lib/python3.7/site-packages/airflow/example_dags/example_skip_dag.py
[2023-03-09T09:03:54.010+0000] {processor.py:743} INFO - Processing file /home/airflow/.local/lib/python3.7/site-packages/airflow/example_dags/example_skip_dag.py for tasks to queue
[2023-03-09T09:03:54.012+0000] {logging_mixin.py:137} INFO - [2023-03-09T09:03:54.012+0000] {dagbag.py:538} INFO - Filling up the DagBag from /home/airflow/.local/lib/python3.7/site-packages/airflow/example_dags/example_skip_dag.py
[2023-03-09T09:03:54.022+0000] {processor.py:753} INFO - DAG(s) dict_keys(['example_skip_dag']) retrieved from /home/airflow/.local/lib/python3.7/site-packages/airflow/example_dags/example_skip_dag.py
[2023-03-09T09:03:54.039+0000] {logging_mixin.py:137} INFO - [2023-03-09T09:03:54.039+0000] {dag.py:2690} INFO - Sync 1 DAGs
[2023-03-09T09:03:54.057+0000] {logging_mixin.py:137} INFO - [2023-03-09T09:03:54.057+0000] {dag.py:3441} INFO - Setting next_dagrun for example_skip_dag to 2023-03-08T09:03:54.057220+00:00, run_after=2023-03-09T09:03:54.057220+00:00
[2023-03-09T09:03:54.069+0000] {processor.py:175} INFO - Processing /home/airflow/.local/lib/python3.7/site-packages/airflow/example_dags/example_skip_dag.py took 0.064 seconds
[2023-03-09T09:20:51.236+0000] {processor.py:153} INFO - Started process (PID=82) to work on /home/airflow/.local/lib/python3.7/site-packages/airflow/example_dags/example_skip_dag.py
[2023-03-09T09:20:51.238+0000] {processor.py:743} INFO - Processing file /home/airflow/.local/lib/python3.7/site-packages/airflow/example_dags/example_skip_dag.py for tasks to queue
[2023-03-09T09:20:51.239+0000] {logging_mixin.py:137} INFO - [2023-03-09T09:20:51.239+0000] {dagbag.py:538} INFO - Filling up the DagBag from /home/airflow/.local/lib/python3.7/site-packages/airflow/example_dags/example_skip_dag.py
[2023-03-09T09:20:51.252+0000] {processor.py:753} INFO - DAG(s) dict_keys(['example_skip_dag']) retrieved from /home/airflow/.local/lib/python3.7/site-packages/airflow/example_dags/example_skip_dag.py
[2023-03-09T09:20:51.323+0000] {logging_mixin.py:137} INFO - [2023-03-09T09:20:51.323+0000] {manager.py:504} INFO - Created Permission View: can read on DAG:example_skip_dag
[2023-03-09T09:20:51.329+0000] {logging_mixin.py:137} INFO - [2023-03-09T09:20:51.329+0000] {manager.py:504} INFO - Created Permission View: can edit on DAG:example_skip_dag
[2023-03-09T09:20:51.334+0000] {logging_mixin.py:137} INFO - [2023-03-09T09:20:51.334+0000] {manager.py:504} INFO - Created Permission View: can delete on DAG:example_skip_dag
[2023-03-09T09:20:51.335+0000] {logging_mixin.py:137} INFO - [2023-03-09T09:20:51.335+0000] {dag.py:2690} INFO - Sync 1 DAGs
[2023-03-09T09:20:51.345+0000] {logging_mixin.py:137} INFO - [2023-03-09T09:20:51.345+0000] {dag.py:2711} INFO - Creating ORM DAG for example_skip_dag
[2023-03-09T09:20:51.355+0000] {logging_mixin.py:137} INFO - [2023-03-09T09:20:51.355+0000] {dag.py:3441} INFO - Setting next_dagrun for example_skip_dag to 2023-03-08T09:20:51.355514+00:00, run_after=2023-03-09T09:20:51.355514+00:00
[2023-03-09T09:20:51.375+0000] {processor.py:175} INFO - Processing /home/airflow/.local/lib/python3.7/site-packages/airflow/example_dags/example_skip_dag.py took 0.142 seconds
[2023-03-09T09:21:21.723+0000] {processor.py:153} INFO - Started process (PID=147) to work on /home/airflow/.local/lib/python3.7/site-packages/airflow/example_dags/example_skip_dag.py
[2023-03-09T09:21:21.725+0000] {processor.py:743} INFO - Processing file /home/airflow/.local/lib/python3.7/site-packages/airflow/example_dags/example_skip_dag.py for tasks to queue
[2023-03-09T09:21:21.726+0000] {logging_mixin.py:137} INFO - [2023-03-09T09:21:21.726+0000] {dagbag.py:538} INFO - Filling up the DagBag from /home/airflow/.local/lib/python3.7/site-packages/airflow/example_dags/example_skip_dag.py
[2023-03-09T09:21:21.739+0000] {processor.py:753} INFO - DAG(s) dict_keys(['example_skip_dag']) retrieved from /home/airflow/.local/lib/python3.7/site-packages/airflow/example_dags/example_skip_dag.py
[2023-03-09T09:21:21.757+0000] {logging_mixin.py:137} INFO - [2023-03-09T09:21:21.756+0000] {dag.py:2690} INFO - Sync 1 DAGs
[2023-03-09T09:21:21.774+0000] {logging_mixin.py:137} INFO - [2023-03-09T09:21:21.774+0000] {dag.py:3441} INFO - Setting next_dagrun for example_skip_dag to 2023-03-08T09:21:21.774730+00:00, run_after=2023-03-09T09:21:21.774730+00:00
[2023-03-09T09:21:21.792+0000] {processor.py:175} INFO - Processing /home/airflow/.local/lib/python3.7/site-packages/airflow/example_dags/example_skip_dag.py took 0.071 seconds
[2023-03-09T09:21:52.596+0000] {processor.py:153} INFO - Started process (PID=229) to work on /home/airflow/.local/lib/python3.7/site-packages/airflow/example_dags/example_skip_dag.py
[2023-03-09T09:21:52.598+0000] {processor.py:743} INFO - Processing file /home/airflow/.local/lib/python3.7/site-packages/airflow/example_dags/example_skip_dag.py for tasks to queue
[2023-03-09T09:21:52.599+0000] {logging_mixin.py:137} INFO - [2023-03-09T09:21:52.599+0000] {dagbag.py:538} INFO - Filling up the DagBag from /home/airflow/.local/lib/python3.7/site-packages/airflow/example_dags/example_skip_dag.py
[2023-03-09T09:21:52.609+0000] {processor.py:753} INFO - DAG(s) dict_keys(['example_skip_dag']) retrieved from /home/airflow/.local/lib/python3.7/site-packages/airflow/example_dags/example_skip_dag.py
[2023-03-09T09:21:52.632+0000] {logging_mixin.py:137} INFO - [2023-03-09T09:21:52.632+0000] {dag.py:2690} INFO - Sync 1 DAGs
[2023-03-09T09:21:52.652+0000] {logging_mixin.py:137} INFO - [2023-03-09T09:21:52.652+0000] {dag.py:3441} INFO - Setting next_dagrun for example_skip_dag to 2023-03-08T09:21:52.652386+00:00, run_after=2023-03-09T09:21:52.652386+00:00
[2023-03-09T09:21:52.667+0000] {processor.py:175} INFO - Processing /home/airflow/.local/lib/python3.7/site-packages/airflow/example_dags/example_skip_dag.py took 0.074 seconds
[2023-03-09T09:22:23.018+0000] {processor.py:153} INFO - Started process (PID=303) to work on /home/airflow/.local/lib/python3.7/site-packages/airflow/example_dags/example_skip_dag.py
[2023-03-09T09:22:23.020+0000] {processor.py:743} INFO - Processing file /home/airflow/.local/lib/python3.7/site-packages/airflow/example_dags/example_skip_dag.py for tasks to queue
[2023-03-09T09:22:23.021+0000] {logging_mixin.py:137} INFO - [2023-03-09T09:22:23.021+0000] {dagbag.py:538} INFO - Filling up the DagBag from /home/airflow/.local/lib/python3.7/site-packages/airflow/example_dags/example_skip_dag.py
[2023-03-09T09:22:23.031+0000] {processor.py:753} INFO - DAG(s) dict_keys(['example_skip_dag']) retrieved from /home/airflow/.local/lib/python3.7/site-packages/airflow/example_dags/example_skip_dag.py
[2023-03-09T09:22:23.050+0000] {logging_mixin.py:137} INFO - [2023-03-09T09:22:23.050+0000] {dag.py:2690} INFO - Sync 1 DAGs
[2023-03-09T09:22:23.067+0000] {logging_mixin.py:137} INFO - [2023-03-09T09:22:23.067+0000] {dag.py:3441} INFO - Setting next_dagrun for example_skip_dag to 2023-03-08T09:22:23.067513+00:00, run_after=2023-03-09T09:22:23.067513+00:00
[2023-03-09T09:22:23.080+0000] {processor.py:175} INFO - Processing /home/airflow/.local/lib/python3.7/site-packages/airflow/example_dags/example_skip_dag.py took 0.065 seconds
[2023-03-09T09:22:53.302+0000] {processor.py:153} INFO - Started process (PID=371) to work on /home/airflow/.local/lib/python3.7/site-packages/airflow/example_dags/example_skip_dag.py
[2023-03-09T09:22:53.304+0000] {processor.py:743} INFO - Processing file /home/airflow/.local/lib/python3.7/site-packages/airflow/example_dags/example_skip_dag.py for tasks to queue
[2023-03-09T09:22:53.305+0000] {logging_mixin.py:137} INFO - [2023-03-09T09:22:53.305+0000] {dagbag.py:538} INFO - Filling up the DagBag from /home/airflow/.local/lib/python3.7/site-packages/airflow/example_dags/example_skip_dag.py
[2023-03-09T09:22:53.316+0000] {processor.py:753} INFO - DAG(s) dict_keys(['example_skip_dag']) retrieved from /home/airflow/.local/lib/python3.7/site-packages/airflow/example_dags/example_skip_dag.py
[2023-03-09T09:22:53.333+0000] {logging_mixin.py:137} INFO - [2023-03-09T09:22:53.333+0000] {dag.py:2690} INFO - Sync 1 DAGs
[2023-03-09T09:22:53.357+0000] {logging_mixin.py:137} INFO - [2023-03-09T09:22:53.356+0000] {dag.py:3441} INFO - Setting next_dagrun for example_skip_dag to 2023-03-08T09:22:53.356710+00:00, run_after=2023-03-09T09:22:53.356710+00:00
[2023-03-09T09:22:53.371+0000] {processor.py:175} INFO - Processing /home/airflow/.local/lib/python3.7/site-packages/airflow/example_dags/example_skip_dag.py took 0.071 seconds
[2023-03-09T09:23:23.545+0000] {processor.py:153} INFO - Started process (PID=452) to work on /home/airflow/.local/lib/python3.7/site-packages/airflow/example_dags/example_skip_dag.py
[2023-03-09T09:23:23.547+0000] {processor.py:743} INFO - Processing file /home/airflow/.local/lib/python3.7/site-packages/airflow/example_dags/example_skip_dag.py for tasks to queue
[2023-03-09T09:23:23.548+0000] {logging_mixin.py:137} INFO - [2023-03-09T09:23:23.548+0000] {dagbag.py:538} INFO - Filling up the DagBag from /home/airflow/.local/lib/python3.7/site-packages/airflow/example_dags/example_skip_dag.py
[2023-03-09T09:23:23.558+0000] {processor.py:753} INFO - DAG(s) dict_keys(['example_skip_dag']) retrieved from /home/airflow/.local/lib/python3.7/site-packages/airflow/example_dags/example_skip_dag.py
[2023-03-09T09:23:23.583+0000] {logging_mixin.py:137} INFO - [2023-03-09T09:23:23.583+0000] {dag.py:2690} INFO - Sync 1 DAGs
[2023-03-09T09:23:23.606+0000] {logging_mixin.py:137} INFO - [2023-03-09T09:23:23.606+0000] {dag.py:3441} INFO - Setting next_dagrun for example_skip_dag to 2023-03-08T09:23:23.606602+00:00, run_after=2023-03-09T09:23:23.606602+00:00
[2023-03-09T09:23:23.623+0000] {processor.py:175} INFO - Processing /home/airflow/.local/lib/python3.7/site-packages/airflow/example_dags/example_skip_dag.py took 0.080 seconds
[2023-03-09T09:23:53.713+0000] {processor.py:153} INFO - Started process (PID=534) to work on /home/airflow/.local/lib/python3.7/site-packages/airflow/example_dags/example_skip_dag.py
[2023-03-09T09:23:53.715+0000] {processor.py:743} INFO - Processing file /home/airflow/.local/lib/python3.7/site-packages/airflow/example_dags/example_skip_dag.py for tasks to queue
[2023-03-09T09:23:53.716+0000] {logging_mixin.py:137} INFO - [2023-03-09T09:23:53.716+0000] {dagbag.py:538} INFO - Filling up the DagBag from /home/airflow/.local/lib/python3.7/site-packages/airflow/example_dags/example_skip_dag.py
[2023-03-09T09:23:53.727+0000] {processor.py:753} INFO - DAG(s) dict_keys(['example_skip_dag']) retrieved from /home/airflow/.local/lib/python3.7/site-packages/airflow/example_dags/example_skip_dag.py
[2023-03-09T09:23:53.745+0000] {logging_mixin.py:137} INFO - [2023-03-09T09:23:53.745+0000] {dag.py:2690} INFO - Sync 1 DAGs
[2023-03-09T09:23:53.764+0000] {logging_mixin.py:137} INFO - [2023-03-09T09:23:53.764+0000] {dag.py:3441} INFO - Setting next_dagrun for example_skip_dag to 2023-03-08T09:23:53.764106+00:00, run_after=2023-03-09T09:23:53.764106+00:00
[2023-03-09T09:23:53.778+0000] {processor.py:175} INFO - Processing /home/airflow/.local/lib/python3.7/site-packages/airflow/example_dags/example_skip_dag.py took 0.068 seconds
[2023-03-09T09:24:25.418+0000] {processor.py:153} INFO - Started process (PID=600) to work on /home/airflow/.local/lib/python3.7/site-packages/airflow/example_dags/example_skip_dag.py
[2023-03-09T09:24:25.420+0000] {processor.py:743} INFO - Processing file /home/airflow/.local/lib/python3.7/site-packages/airflow/example_dags/example_skip_dag.py for tasks to queue
[2023-03-09T09:24:25.425+0000] {logging_mixin.py:137} INFO - [2023-03-09T09:24:25.423+0000] {dagbag.py:538} INFO - Filling up the DagBag from /home/airflow/.local/lib/python3.7/site-packages/airflow/example_dags/example_skip_dag.py
[2023-03-09T09:24:25.454+0000] {processor.py:753} INFO - DAG(s) dict_keys(['example_skip_dag']) retrieved from /home/airflow/.local/lib/python3.7/site-packages/airflow/example_dags/example_skip_dag.py
[2023-03-09T09:24:25.503+0000] {logging_mixin.py:137} INFO - [2023-03-09T09:24:25.503+0000] {dag.py:2690} INFO - Sync 1 DAGs
[2023-03-09T09:24:25.528+0000] {logging_mixin.py:137} INFO - [2023-03-09T09:24:25.528+0000] {dag.py:3441} INFO - Setting next_dagrun for example_skip_dag to 2023-03-08T09:24:25.527790+00:00, run_after=2023-03-09T09:24:25.527790+00:00
[2023-03-09T09:24:25.559+0000] {processor.py:175} INFO - Processing /home/airflow/.local/lib/python3.7/site-packages/airflow/example_dags/example_skip_dag.py took 0.146 seconds
[2023-03-09T09:24:55.885+0000] {processor.py:153} INFO - Started process (PID=677) to work on /home/airflow/.local/lib/python3.7/site-packages/airflow/example_dags/example_skip_dag.py
[2023-03-09T09:24:55.886+0000] {processor.py:743} INFO - Processing file /home/airflow/.local/lib/python3.7/site-packages/airflow/example_dags/example_skip_dag.py for tasks to queue
[2023-03-09T09:24:55.887+0000] {logging_mixin.py:137} INFO - [2023-03-09T09:24:55.887+0000] {dagbag.py:538} INFO - Filling up the DagBag from /home/airflow/.local/lib/python3.7/site-packages/airflow/example_dags/example_skip_dag.py
[2023-03-09T09:24:55.900+0000] {processor.py:753} INFO - DAG(s) dict_keys(['example_skip_dag']) retrieved from /home/airflow/.local/lib/python3.7/site-packages/airflow/example_dags/example_skip_dag.py
[2023-03-09T09:24:55.918+0000] {logging_mixin.py:137} INFO - [2023-03-09T09:24:55.918+0000] {dag.py:2690} INFO - Sync 1 DAGs
[2023-03-09T09:24:55.933+0000] {logging_mixin.py:137} INFO - [2023-03-09T09:24:55.933+0000] {dag.py:3441} INFO - Setting next_dagrun for example_skip_dag to 2023-03-08T09:24:55.932959+00:00, run_after=2023-03-09T09:24:55.932959+00:00
[2023-03-09T09:24:55.944+0000] {processor.py:175} INFO - Processing /home/airflow/.local/lib/python3.7/site-packages/airflow/example_dags/example_skip_dag.py took 0.062 seconds
[2023-03-09T09:25:26.029+0000] {processor.py:153} INFO - Started process (PID=757) to work on /home/airflow/.local/lib/python3.7/site-packages/airflow/example_dags/example_skip_dag.py
[2023-03-09T09:25:26.031+0000] {processor.py:743} INFO - Processing file /home/airflow/.local/lib/python3.7/site-packages/airflow/example_dags/example_skip_dag.py for tasks to queue
[2023-03-09T09:25:26.032+0000] {logging_mixin.py:137} INFO - [2023-03-09T09:25:26.032+0000] {dagbag.py:538} INFO - Filling up the DagBag from /home/airflow/.local/lib/python3.7/site-packages/airflow/example_dags/example_skip_dag.py
[2023-03-09T09:25:26.041+0000] {processor.py:753} INFO - DAG(s) dict_keys(['example_skip_dag']) retrieved from /home/airflow/.local/lib/python3.7/site-packages/airflow/example_dags/example_skip_dag.py
[2023-03-09T09:25:26.058+0000] {logging_mixin.py:137} INFO - [2023-03-09T09:25:26.058+0000] {dag.py:2690} INFO - Sync 1 DAGs
[2023-03-09T09:25:26.072+0000] {logging_mixin.py:137} INFO - [2023-03-09T09:25:26.072+0000] {dag.py:3441} INFO - Setting next_dagrun for example_skip_dag to 2023-03-08T09:25:26.072769+00:00, run_after=2023-03-09T09:25:26.072769+00:00
[2023-03-09T09:25:26.085+0000] {processor.py:175} INFO - Processing /home/airflow/.local/lib/python3.7/site-packages/airflow/example_dags/example_skip_dag.py took 0.058 seconds
[2023-03-09T09:25:56.512+0000] {processor.py:153} INFO - Started process (PID=823) to work on /home/airflow/.local/lib/python3.7/site-packages/airflow/example_dags/example_skip_dag.py
[2023-03-09T09:25:56.514+0000] {processor.py:743} INFO - Processing file /home/airflow/.local/lib/python3.7/site-packages/airflow/example_dags/example_skip_dag.py for tasks to queue
[2023-03-09T09:25:56.515+0000] {logging_mixin.py:137} INFO - [2023-03-09T09:25:56.515+0000] {dagbag.py:538} INFO - Filling up the DagBag from /home/airflow/.local/lib/python3.7/site-packages/airflow/example_dags/example_skip_dag.py
[2023-03-09T09:25:56.523+0000] {processor.py:753} INFO - DAG(s) dict_keys(['example_skip_dag']) retrieved from /home/airflow/.local/lib/python3.7/site-packages/airflow/example_dags/example_skip_dag.py
[2023-03-09T09:25:56.540+0000] {logging_mixin.py:137} INFO - [2023-03-09T09:25:56.540+0000] {dag.py:2690} INFO - Sync 1 DAGs
[2023-03-09T09:25:56.555+0000] {logging_mixin.py:137} INFO - [2023-03-09T09:25:56.554+0000] {dag.py:3441} INFO - Setting next_dagrun for example_skip_dag to 2023-03-08T09:25:56.554807+00:00, run_after=2023-03-09T09:25:56.554807+00:00
[2023-03-09T09:25:56.566+0000] {processor.py:175} INFO - Processing /home/airflow/.local/lib/python3.7/site-packages/airflow/example_dags/example_skip_dag.py took 0.056 seconds
[2023-03-09T09:26:26.640+0000] {processor.py:153} INFO - Started process (PID=899) to work on /home/airflow/.local/lib/python3.7/site-packages/airflow/example_dags/example_skip_dag.py
[2023-03-09T09:26:26.641+0000] {processor.py:743} INFO - Processing file /home/airflow/.local/lib/python3.7/site-packages/airflow/example_dags/example_skip_dag.py for tasks to queue
[2023-03-09T09:26:26.642+0000] {logging_mixin.py:137} INFO - [2023-03-09T09:26:26.642+0000] {dagbag.py:538} INFO - Filling up the DagBag from /home/airflow/.local/lib/python3.7/site-packages/airflow/example_dags/example_skip_dag.py
[2023-03-09T09:26:26.651+0000] {processor.py:753} INFO - DAG(s) dict_keys(['example_skip_dag']) retrieved from /home/airflow/.local/lib/python3.7/site-packages/airflow/example_dags/example_skip_dag.py
[2023-03-09T09:26:26.667+0000] {logging_mixin.py:137} INFO - [2023-03-09T09:26:26.667+0000] {dag.py:2690} INFO - Sync 1 DAGs
[2023-03-09T09:26:26.681+0000] {logging_mixin.py:137} INFO - [2023-03-09T09:26:26.681+0000] {dag.py:3441} INFO - Setting next_dagrun for example_skip_dag to 2023-03-08T09:26:26.681139+00:00, run_after=2023-03-09T09:26:26.681139+00:00
[2023-03-09T09:26:26.691+0000] {processor.py:175} INFO - Processing /home/airflow/.local/lib/python3.7/site-packages/airflow/example_dags/example_skip_dag.py took 0.054 seconds
[2023-03-09T09:26:56.906+0000] {processor.py:153} INFO - Started process (PID=983) to work on /home/airflow/.local/lib/python3.7/site-packages/airflow/example_dags/example_skip_dag.py
[2023-03-09T09:26:56.907+0000] {processor.py:743} INFO - Processing file /home/airflow/.local/lib/python3.7/site-packages/airflow/example_dags/example_skip_dag.py for tasks to queue
[2023-03-09T09:26:56.909+0000] {logging_mixin.py:137} INFO - [2023-03-09T09:26:56.908+0000] {dagbag.py:538} INFO - Filling up the DagBag from /home/airflow/.local/lib/python3.7/site-packages/airflow/example_dags/example_skip_dag.py
[2023-03-09T09:26:56.918+0000] {processor.py:753} INFO - DAG(s) dict_keys(['example_skip_dag']) retrieved from /home/airflow/.local/lib/python3.7/site-packages/airflow/example_dags/example_skip_dag.py
[2023-03-09T09:26:56.936+0000] {logging_mixin.py:137} INFO - [2023-03-09T09:26:56.936+0000] {dag.py:2690} INFO - Sync 1 DAGs
[2023-03-09T09:26:56.950+0000] {logging_mixin.py:137} INFO - [2023-03-09T09:26:56.950+0000] {dag.py:3441} INFO - Setting next_dagrun for example_skip_dag to 2023-03-08T09:26:56.950688+00:00, run_after=2023-03-09T09:26:56.950688+00:00
[2023-03-09T09:26:56.961+0000] {processor.py:175} INFO - Processing /home/airflow/.local/lib/python3.7/site-packages/airflow/example_dags/example_skip_dag.py took 0.058 seconds
[2023-03-09T09:27:27.017+0000] {processor.py:153} INFO - Started process (PID=1048) to work on /home/airflow/.local/lib/python3.7/site-packages/airflow/example_dags/example_skip_dag.py
[2023-03-09T09:27:27.019+0000] {processor.py:743} INFO - Processing file /home/airflow/.local/lib/python3.7/site-packages/airflow/example_dags/example_skip_dag.py for tasks to queue
[2023-03-09T09:27:27.020+0000] {logging_mixin.py:137} INFO - [2023-03-09T09:27:27.020+0000] {dagbag.py:538} INFO - Filling up the DagBag from /home/airflow/.local/lib/python3.7/site-packages/airflow/example_dags/example_skip_dag.py
[2023-03-09T09:27:27.030+0000] {processor.py:753} INFO - DAG(s) dict_keys(['example_skip_dag']) retrieved from /home/airflow/.local/lib/python3.7/site-packages/airflow/example_dags/example_skip_dag.py
[2023-03-09T09:27:27.047+0000] {logging_mixin.py:137} INFO - [2023-03-09T09:27:27.046+0000] {dag.py:2690} INFO - Sync 1 DAGs
[2023-03-09T09:27:27.062+0000] {logging_mixin.py:137} INFO - [2023-03-09T09:27:27.062+0000] {dag.py:3441} INFO - Setting next_dagrun for example_skip_dag to 2023-03-08T09:27:27.062362+00:00, run_after=2023-03-09T09:27:27.062362+00:00
[2023-03-09T09:27:27.073+0000] {processor.py:175} INFO - Processing /home/airflow/.local/lib/python3.7/site-packages/airflow/example_dags/example_skip_dag.py took 0.059 seconds
[2023-03-09T09:27:57.192+0000] {processor.py:153} INFO - Started process (PID=1128) to work on /home/airflow/.local/lib/python3.7/site-packages/airflow/example_dags/example_skip_dag.py
[2023-03-09T09:27:57.194+0000] {processor.py:743} INFO - Processing file /home/airflow/.local/lib/python3.7/site-packages/airflow/example_dags/example_skip_dag.py for tasks to queue
[2023-03-09T09:27:57.195+0000] {logging_mixin.py:137} INFO - [2023-03-09T09:27:57.195+0000] {dagbag.py:538} INFO - Filling up the DagBag from /home/airflow/.local/lib/python3.7/site-packages/airflow/example_dags/example_skip_dag.py
[2023-03-09T09:27:57.204+0000] {processor.py:753} INFO - DAG(s) dict_keys(['example_skip_dag']) retrieved from /home/airflow/.local/lib/python3.7/site-packages/airflow/example_dags/example_skip_dag.py
[2023-03-09T09:27:57.221+0000] {logging_mixin.py:137} INFO - [2023-03-09T09:27:57.221+0000] {dag.py:2690} INFO - Sync 1 DAGs
[2023-03-09T09:27:57.236+0000] {logging_mixin.py:137} INFO - [2023-03-09T09:27:57.236+0000] {dag.py:3441} INFO - Setting next_dagrun for example_skip_dag to 2023-03-08T09:27:57.236236+00:00, run_after=2023-03-09T09:27:57.236236+00:00
[2023-03-09T09:27:57.248+0000] {processor.py:175} INFO - Processing /home/airflow/.local/lib/python3.7/site-packages/airflow/example_dags/example_skip_dag.py took 0.057 seconds
[2023-03-09T09:28:27.595+0000] {processor.py:153} INFO - Started process (PID=1208) to work on /home/airflow/.local/lib/python3.7/site-packages/airflow/example_dags/example_skip_dag.py
[2023-03-09T09:28:27.597+0000] {processor.py:743} INFO - Processing file /home/airflow/.local/lib/python3.7/site-packages/airflow/example_dags/example_skip_dag.py for tasks to queue
[2023-03-09T09:28:27.598+0000] {logging_mixin.py:137} INFO - [2023-03-09T09:28:27.598+0000] {dagbag.py:538} INFO - Filling up the DagBag from /home/airflow/.local/lib/python3.7/site-packages/airflow/example_dags/example_skip_dag.py
[2023-03-09T09:28:27.609+0000] {processor.py:753} INFO - DAG(s) dict_keys(['example_skip_dag']) retrieved from /home/airflow/.local/lib/python3.7/site-packages/airflow/example_dags/example_skip_dag.py
[2023-03-09T09:28:27.630+0000] {logging_mixin.py:137} INFO - [2023-03-09T09:28:27.630+0000] {dag.py:2690} INFO - Sync 1 DAGs
[2023-03-09T09:28:27.648+0000] {logging_mixin.py:137} INFO - [2023-03-09T09:28:27.648+0000] {dag.py:3441} INFO - Setting next_dagrun for example_skip_dag to 2023-03-08T09:28:27.648024+00:00, run_after=2023-03-09T09:28:27.648024+00:00
[2023-03-09T09:28:27.662+0000] {processor.py:175} INFO - Processing /home/airflow/.local/lib/python3.7/site-packages/airflow/example_dags/example_skip_dag.py took 0.071 seconds
[2023-03-09T09:28:58.065+0000] {processor.py:153} INFO - Started process (PID=1276) to work on /home/airflow/.local/lib/python3.7/site-packages/airflow/example_dags/example_skip_dag.py
[2023-03-09T09:28:58.066+0000] {processor.py:743} INFO - Processing file /home/airflow/.local/lib/python3.7/site-packages/airflow/example_dags/example_skip_dag.py for tasks to queue
[2023-03-09T09:28:58.067+0000] {logging_mixin.py:137} INFO - [2023-03-09T09:28:58.067+0000] {dagbag.py:538} INFO - Filling up the DagBag from /home/airflow/.local/lib/python3.7/site-packages/airflow/example_dags/example_skip_dag.py
[2023-03-09T09:28:58.076+0000] {processor.py:753} INFO - DAG(s) dict_keys(['example_skip_dag']) retrieved from /home/airflow/.local/lib/python3.7/site-packages/airflow/example_dags/example_skip_dag.py
[2023-03-09T09:28:58.093+0000] {logging_mixin.py:137} INFO - [2023-03-09T09:28:58.093+0000] {dag.py:2690} INFO - Sync 1 DAGs
[2023-03-09T09:28:58.107+0000] {logging_mixin.py:137} INFO - [2023-03-09T09:28:58.107+0000] {dag.py:3441} INFO - Setting next_dagrun for example_skip_dag to 2023-03-08T09:28:58.107121+00:00, run_after=2023-03-09T09:28:58.107121+00:00
[2023-03-09T09:28:58.117+0000] {processor.py:175} INFO - Processing /home/airflow/.local/lib/python3.7/site-packages/airflow/example_dags/example_skip_dag.py took 0.054 seconds
[2023-03-09T09:29:28.284+0000] {processor.py:153} INFO - Started process (PID=1355) to work on /home/airflow/.local/lib/python3.7/site-packages/airflow/example_dags/example_skip_dag.py
[2023-03-09T09:29:28.286+0000] {processor.py:743} INFO - Processing file /home/airflow/.local/lib/python3.7/site-packages/airflow/example_dags/example_skip_dag.py for tasks to queue
[2023-03-09T09:29:28.287+0000] {logging_mixin.py:137} INFO - [2023-03-09T09:29:28.287+0000] {dagbag.py:538} INFO - Filling up the DagBag from /home/airflow/.local/lib/python3.7/site-packages/airflow/example_dags/example_skip_dag.py
[2023-03-09T09:29:28.296+0000] {processor.py:753} INFO - DAG(s) dict_keys(['example_skip_dag']) retrieved from /home/airflow/.local/lib/python3.7/site-packages/airflow/example_dags/example_skip_dag.py
[2023-03-09T09:29:28.313+0000] {logging_mixin.py:137} INFO - [2023-03-09T09:29:28.312+0000] {dag.py:2690} INFO - Sync 1 DAGs
[2023-03-09T09:29:28.327+0000] {logging_mixin.py:137} INFO - [2023-03-09T09:29:28.327+0000] {dag.py:3441} INFO - Setting next_dagrun for example_skip_dag to 2023-03-08T09:29:28.327305+00:00, run_after=2023-03-09T09:29:28.327305+00:00
[2023-03-09T09:29:28.338+0000] {processor.py:175} INFO - Processing /home/airflow/.local/lib/python3.7/site-packages/airflow/example_dags/example_skip_dag.py took 0.055 seconds
[2023-03-09T09:29:58.576+0000] {processor.py:153} INFO - Started process (PID=1437) to work on /home/airflow/.local/lib/python3.7/site-packages/airflow/example_dags/example_skip_dag.py
[2023-03-09T09:29:58.579+0000] {processor.py:743} INFO - Processing file /home/airflow/.local/lib/python3.7/site-packages/airflow/example_dags/example_skip_dag.py for tasks to queue
[2023-03-09T09:29:58.581+0000] {logging_mixin.py:137} INFO - [2023-03-09T09:29:58.581+0000] {dagbag.py:538} INFO - Filling up the DagBag from /home/airflow/.local/lib/python3.7/site-packages/airflow/example_dags/example_skip_dag.py
[2023-03-09T09:29:58.601+0000] {processor.py:753} INFO - DAG(s) dict_keys(['example_skip_dag']) retrieved from /home/airflow/.local/lib/python3.7/site-packages/airflow/example_dags/example_skip_dag.py
[2023-03-09T09:29:58.622+0000] {logging_mixin.py:137} INFO - [2023-03-09T09:29:58.622+0000] {dag.py:2690} INFO - Sync 1 DAGs
[2023-03-09T09:29:58.644+0000] {logging_mixin.py:137} INFO - [2023-03-09T09:29:58.643+0000] {dag.py:3441} INFO - Setting next_dagrun for example_skip_dag to 2023-03-08T09:29:58.643256+00:00, run_after=2023-03-09T09:29:58.643256+00:00
[2023-03-09T09:29:58.661+0000] {processor.py:175} INFO - Processing /home/airflow/.local/lib/python3.7/site-packages/airflow/example_dags/example_skip_dag.py took 0.091 seconds
[2023-03-09T09:30:29.162+0000] {processor.py:153} INFO - Started process (PID=1504) to work on /home/airflow/.local/lib/python3.7/site-packages/airflow/example_dags/example_skip_dag.py
[2023-03-09T09:30:29.164+0000] {processor.py:743} INFO - Processing file /home/airflow/.local/lib/python3.7/site-packages/airflow/example_dags/example_skip_dag.py for tasks to queue
[2023-03-09T09:30:29.165+0000] {logging_mixin.py:137} INFO - [2023-03-09T09:30:29.165+0000] {dagbag.py:538} INFO - Filling up the DagBag from /home/airflow/.local/lib/python3.7/site-packages/airflow/example_dags/example_skip_dag.py
[2023-03-09T09:30:29.174+0000] {processor.py:753} INFO - DAG(s) dict_keys(['example_skip_dag']) retrieved from /home/airflow/.local/lib/python3.7/site-packages/airflow/example_dags/example_skip_dag.py
[2023-03-09T09:30:29.191+0000] {logging_mixin.py:137} INFO - [2023-03-09T09:30:29.191+0000] {dag.py:2690} INFO - Sync 1 DAGs
[2023-03-09T09:30:29.207+0000] {logging_mixin.py:137} INFO - [2023-03-09T09:30:29.207+0000] {dag.py:3441} INFO - Setting next_dagrun for example_skip_dag to 2023-03-08T09:30:29.207366+00:00, run_after=2023-03-09T09:30:29.207366+00:00
[2023-03-09T09:30:29.217+0000] {processor.py:175} INFO - Processing /home/airflow/.local/lib/python3.7/site-packages/airflow/example_dags/example_skip_dag.py took 0.057 seconds
[2023-03-09T09:30:59.486+0000] {processor.py:153} INFO - Started process (PID=1584) to work on /home/airflow/.local/lib/python3.7/site-packages/airflow/example_dags/example_skip_dag.py
[2023-03-09T09:30:59.488+0000] {processor.py:743} INFO - Processing file /home/airflow/.local/lib/python3.7/site-packages/airflow/example_dags/example_skip_dag.py for tasks to queue
[2023-03-09T09:30:59.489+0000] {logging_mixin.py:137} INFO - [2023-03-09T09:30:59.489+0000] {dagbag.py:538} INFO - Filling up the DagBag from /home/airflow/.local/lib/python3.7/site-packages/airflow/example_dags/example_skip_dag.py
[2023-03-09T09:30:59.499+0000] {processor.py:753} INFO - DAG(s) dict_keys(['example_skip_dag']) retrieved from /home/airflow/.local/lib/python3.7/site-packages/airflow/example_dags/example_skip_dag.py
[2023-03-09T09:30:59.517+0000] {logging_mixin.py:137} INFO - [2023-03-09T09:30:59.517+0000] {dag.py:2690} INFO - Sync 1 DAGs
[2023-03-09T09:30:59.533+0000] {logging_mixin.py:137} INFO - [2023-03-09T09:30:59.533+0000] {dag.py:3441} INFO - Setting next_dagrun for example_skip_dag to 2023-03-08T09:30:59.532877+00:00, run_after=2023-03-09T09:30:59.532877+00:00
[2023-03-09T09:30:59.548+0000] {processor.py:175} INFO - Processing /home/airflow/.local/lib/python3.7/site-packages/airflow/example_dags/example_skip_dag.py took 0.066 seconds
[2023-03-09T09:31:29.864+0000] {processor.py:153} INFO - Started process (PID=1663) to work on /home/airflow/.local/lib/python3.7/site-packages/airflow/example_dags/example_skip_dag.py
[2023-03-09T09:31:29.866+0000] {processor.py:743} INFO - Processing file /home/airflow/.local/lib/python3.7/site-packages/airflow/example_dags/example_skip_dag.py for tasks to queue
[2023-03-09T09:31:29.868+0000] {logging_mixin.py:137} INFO - [2023-03-09T09:31:29.867+0000] {dagbag.py:538} INFO - Filling up the DagBag from /home/airflow/.local/lib/python3.7/site-packages/airflow/example_dags/example_skip_dag.py
[2023-03-09T09:31:29.882+0000] {processor.py:753} INFO - DAG(s) dict_keys(['example_skip_dag']) retrieved from /home/airflow/.local/lib/python3.7/site-packages/airflow/example_dags/example_skip_dag.py
[2023-03-09T09:31:29.900+0000] {logging_mixin.py:137} INFO - [2023-03-09T09:31:29.900+0000] {dag.py:2690} INFO - Sync 1 DAGs
[2023-03-09T09:31:29.924+0000] {logging_mixin.py:137} INFO - [2023-03-09T09:31:29.924+0000] {dag.py:3441} INFO - Setting next_dagrun for example_skip_dag to 2023-03-08T09:31:29.924556+00:00, run_after=2023-03-09T09:31:29.924556+00:00
[2023-03-09T09:31:29.941+0000] {processor.py:175} INFO - Processing /home/airflow/.local/lib/python3.7/site-packages/airflow/example_dags/example_skip_dag.py took 0.082 seconds
[2023-03-09T09:32:00.166+0000] {processor.py:153} INFO - Started process (PID=1735) to work on /home/airflow/.local/lib/python3.7/site-packages/airflow/example_dags/example_skip_dag.py
[2023-03-09T09:32:00.168+0000] {processor.py:743} INFO - Processing file /home/airflow/.local/lib/python3.7/site-packages/airflow/example_dags/example_skip_dag.py for tasks to queue
[2023-03-09T09:32:00.169+0000] {logging_mixin.py:137} INFO - [2023-03-09T09:32:00.169+0000] {dagbag.py:538} INFO - Filling up the DagBag from /home/airflow/.local/lib/python3.7/site-packages/airflow/example_dags/example_skip_dag.py
[2023-03-09T09:32:00.180+0000] {processor.py:753} INFO - DAG(s) dict_keys(['example_skip_dag']) retrieved from /home/airflow/.local/lib/python3.7/site-packages/airflow/example_dags/example_skip_dag.py
[2023-03-09T09:32:00.197+0000] {logging_mixin.py:137} INFO - [2023-03-09T09:32:00.197+0000] {dag.py:2690} INFO - Sync 1 DAGs
[2023-03-09T09:32:00.212+0000] {logging_mixin.py:137} INFO - [2023-03-09T09:32:00.212+0000] {dag.py:3441} INFO - Setting next_dagrun for example_skip_dag to 2023-03-08T09:32:00.212693+00:00, run_after=2023-03-09T09:32:00.212693+00:00
[2023-03-09T09:32:00.224+0000] {processor.py:175} INFO - Processing /home/airflow/.local/lib/python3.7/site-packages/airflow/example_dags/example_skip_dag.py took 0.060 seconds
[2023-03-09T09:32:30.444+0000] {processor.py:153} INFO - Started process (PID=1817) to work on /home/airflow/.local/lib/python3.7/site-packages/airflow/example_dags/example_skip_dag.py
[2023-03-09T09:32:30.446+0000] {processor.py:743} INFO - Processing file /home/airflow/.local/lib/python3.7/site-packages/airflow/example_dags/example_skip_dag.py for tasks to queue
[2023-03-09T09:32:30.447+0000] {logging_mixin.py:137} INFO - [2023-03-09T09:32:30.447+0000] {dagbag.py:538} INFO - Filling up the DagBag from /home/airflow/.local/lib/python3.7/site-packages/airflow/example_dags/example_skip_dag.py
[2023-03-09T09:32:30.456+0000] {processor.py:753} INFO - DAG(s) dict_keys(['example_skip_dag']) retrieved from /home/airflow/.local/lib/python3.7/site-packages/airflow/example_dags/example_skip_dag.py
[2023-03-09T09:32:30.476+0000] {logging_mixin.py:137} INFO - [2023-03-09T09:32:30.475+0000] {dag.py:2690} INFO - Sync 1 DAGs
[2023-03-09T09:32:30.491+0000] {logging_mixin.py:137} INFO - [2023-03-09T09:32:30.491+0000] {dag.py:3441} INFO - Setting next_dagrun for example_skip_dag to 2023-03-08T09:32:30.491547+00:00, run_after=2023-03-09T09:32:30.491547+00:00
[2023-03-09T09:32:30.502+0000] {processor.py:175} INFO - Processing /home/airflow/.local/lib/python3.7/site-packages/airflow/example_dags/example_skip_dag.py took 0.061 seconds
[2023-03-09T09:33:00.684+0000] {processor.py:153} INFO - Started process (PID=1884) to work on /home/airflow/.local/lib/python3.7/site-packages/airflow/example_dags/example_skip_dag.py
[2023-03-09T09:33:00.685+0000] {processor.py:743} INFO - Processing file /home/airflow/.local/lib/python3.7/site-packages/airflow/example_dags/example_skip_dag.py for tasks to queue
[2023-03-09T09:33:00.686+0000] {logging_mixin.py:137} INFO - [2023-03-09T09:33:00.686+0000] {dagbag.py:538} INFO - Filling up the DagBag from /home/airflow/.local/lib/python3.7/site-packages/airflow/example_dags/example_skip_dag.py
[2023-03-09T09:33:00.697+0000] {processor.py:753} INFO - DAG(s) dict_keys(['example_skip_dag']) retrieved from /home/airflow/.local/lib/python3.7/site-packages/airflow/example_dags/example_skip_dag.py
[2023-03-09T09:33:00.716+0000] {logging_mixin.py:137} INFO - [2023-03-09T09:33:00.716+0000] {dag.py:2690} INFO - Sync 1 DAGs
[2023-03-09T09:33:00.737+0000] {logging_mixin.py:137} INFO - [2023-03-09T09:33:00.737+0000] {dag.py:3441} INFO - Setting next_dagrun for example_skip_dag to 2023-03-08T09:33:00.736987+00:00, run_after=2023-03-09T09:33:00.736987+00:00
[2023-03-09T09:33:00.748+0000] {processor.py:175} INFO - Processing /home/airflow/.local/lib/python3.7/site-packages/airflow/example_dags/example_skip_dag.py took 0.067 seconds
[2023-03-09T09:33:30.926+0000] {processor.py:153} INFO - Started process (PID=1963) to work on /home/airflow/.local/lib/python3.7/site-packages/airflow/example_dags/example_skip_dag.py
[2023-03-09T09:33:30.927+0000] {processor.py:743} INFO - Processing file /home/airflow/.local/lib/python3.7/site-packages/airflow/example_dags/example_skip_dag.py for tasks to queue
[2023-03-09T09:33:30.928+0000] {logging_mixin.py:137} INFO - [2023-03-09T09:33:30.928+0000] {dagbag.py:538} INFO - Filling up the DagBag from /home/airflow/.local/lib/python3.7/site-packages/airflow/example_dags/example_skip_dag.py
[2023-03-09T09:33:30.938+0000] {processor.py:753} INFO - DAG(s) dict_keys(['example_skip_dag']) retrieved from /home/airflow/.local/lib/python3.7/site-packages/airflow/example_dags/example_skip_dag.py
[2023-03-09T09:33:30.955+0000] {logging_mixin.py:137} INFO - [2023-03-09T09:33:30.955+0000] {dag.py:2690} INFO - Sync 1 DAGs
[2023-03-09T09:33:30.973+0000] {logging_mixin.py:137} INFO - [2023-03-09T09:33:30.972+0000] {dag.py:3441} INFO - Setting next_dagrun for example_skip_dag to 2023-03-08T09:33:30.972834+00:00, run_after=2023-03-09T09:33:30.972834+00:00
[2023-03-09T09:33:30.985+0000] {processor.py:175} INFO - Processing /home/airflow/.local/lib/python3.7/site-packages/airflow/example_dags/example_skip_dag.py took 0.061 seconds
[2023-03-09T09:34:01.325+0000] {processor.py:153} INFO - Started process (PID=2038) to work on /home/airflow/.local/lib/python3.7/site-packages/airflow/example_dags/example_skip_dag.py
[2023-03-09T09:34:01.328+0000] {processor.py:743} INFO - Processing file /home/airflow/.local/lib/python3.7/site-packages/airflow/example_dags/example_skip_dag.py for tasks to queue
[2023-03-09T09:34:01.331+0000] {logging_mixin.py:137} INFO - [2023-03-09T09:34:01.331+0000] {dagbag.py:538} INFO - Filling up the DagBag from /home/airflow/.local/lib/python3.7/site-packages/airflow/example_dags/example_skip_dag.py
[2023-03-09T09:34:01.346+0000] {processor.py:753} INFO - DAG(s) dict_keys(['example_skip_dag']) retrieved from /home/airflow/.local/lib/python3.7/site-packages/airflow/example_dags/example_skip_dag.py
[2023-03-09T09:34:01.364+0000] {logging_mixin.py:137} INFO - [2023-03-09T09:34:01.363+0000] {dag.py:2690} INFO - Sync 1 DAGs
[2023-03-09T09:34:01.378+0000] {logging_mixin.py:137} INFO - [2023-03-09T09:34:01.378+0000] {dag.py:3441} INFO - Setting next_dagrun for example_skip_dag to 2023-03-08T09:34:01.378228+00:00, run_after=2023-03-09T09:34:01.378228+00:00
[2023-03-09T09:34:01.388+0000] {processor.py:175} INFO - Processing /home/airflow/.local/lib/python3.7/site-packages/airflow/example_dags/example_skip_dag.py took 0.067 seconds
[2023-03-09T09:34:31.618+0000] {processor.py:153} INFO - Started process (PID=2100) to work on /home/airflow/.local/lib/python3.7/site-packages/airflow/example_dags/example_skip_dag.py
[2023-03-09T09:34:31.620+0000] {processor.py:743} INFO - Processing file /home/airflow/.local/lib/python3.7/site-packages/airflow/example_dags/example_skip_dag.py for tasks to queue
[2023-03-09T09:34:31.622+0000] {logging_mixin.py:137} INFO - [2023-03-09T09:34:31.622+0000] {dagbag.py:538} INFO - Filling up the DagBag from /home/airflow/.local/lib/python3.7/site-packages/airflow/example_dags/example_skip_dag.py
[2023-03-09T09:34:31.632+0000] {processor.py:753} INFO - DAG(s) dict_keys(['example_skip_dag']) retrieved from /home/airflow/.local/lib/python3.7/site-packages/airflow/example_dags/example_skip_dag.py
[2023-03-09T09:34:31.650+0000] {logging_mixin.py:137} INFO - [2023-03-09T09:34:31.650+0000] {dag.py:2690} INFO - Sync 1 DAGs
[2023-03-09T09:34:31.666+0000] {logging_mixin.py:137} INFO - [2023-03-09T09:34:31.666+0000] {dag.py:3441} INFO - Setting next_dagrun for example_skip_dag to 2023-03-08T09:34:31.666657+00:00, run_after=2023-03-09T09:34:31.666657+00:00
[2023-03-09T09:34:31.679+0000] {processor.py:175} INFO - Processing /home/airflow/.local/lib/python3.7/site-packages/airflow/example_dags/example_skip_dag.py took 0.063 seconds
[2023-03-09T09:35:01.848+0000] {processor.py:153} INFO - Started process (PID=2177) to work on /home/airflow/.local/lib/python3.7/site-packages/airflow/example_dags/example_skip_dag.py
[2023-03-09T09:35:01.850+0000] {processor.py:743} INFO - Processing file /home/airflow/.local/lib/python3.7/site-packages/airflow/example_dags/example_skip_dag.py for tasks to queue
[2023-03-09T09:35:01.850+0000] {logging_mixin.py:137} INFO - [2023-03-09T09:35:01.850+0000] {dagbag.py:538} INFO - Filling up the DagBag from /home/airflow/.local/lib/python3.7/site-packages/airflow/example_dags/example_skip_dag.py
[2023-03-09T09:35:01.860+0000] {processor.py:753} INFO - DAG(s) dict_keys(['example_skip_dag']) retrieved from /home/airflow/.local/lib/python3.7/site-packages/airflow/example_dags/example_skip_dag.py
[2023-03-09T09:35:01.879+0000] {logging_mixin.py:137} INFO - [2023-03-09T09:35:01.879+0000] {dag.py:2690} INFO - Sync 1 DAGs
[2023-03-09T09:35:01.897+0000] {logging_mixin.py:137} INFO - [2023-03-09T09:35:01.897+0000] {dag.py:3441} INFO - Setting next_dagrun for example_skip_dag to 2023-03-08T09:35:01.897285+00:00, run_after=2023-03-09T09:35:01.897285+00:00
[2023-03-09T09:35:01.908+0000] {processor.py:175} INFO - Processing /home/airflow/.local/lib/python3.7/site-packages/airflow/example_dags/example_skip_dag.py took 0.062 seconds
[2023-03-09T09:35:32.171+0000] {processor.py:153} INFO - Started process (PID=2253) to work on /home/airflow/.local/lib/python3.7/site-packages/airflow/example_dags/example_skip_dag.py
[2023-03-09T09:35:32.172+0000] {processor.py:743} INFO - Processing file /home/airflow/.local/lib/python3.7/site-packages/airflow/example_dags/example_skip_dag.py for tasks to queue
[2023-03-09T09:35:32.174+0000] {logging_mixin.py:137} INFO - [2023-03-09T09:35:32.174+0000] {dagbag.py:538} INFO - Filling up the DagBag from /home/airflow/.local/lib/python3.7/site-packages/airflow/example_dags/example_skip_dag.py
[2023-03-09T09:35:32.196+0000] {processor.py:753} INFO - DAG(s) dict_keys(['example_skip_dag']) retrieved from /home/airflow/.local/lib/python3.7/site-packages/airflow/example_dags/example_skip_dag.py
[2023-03-09T09:35:32.217+0000] {logging_mixin.py:137} INFO - [2023-03-09T09:35:32.217+0000] {dag.py:2690} INFO - Sync 1 DAGs
[2023-03-09T09:35:32.238+0000] {logging_mixin.py:137} INFO - [2023-03-09T09:35:32.237+0000] {dag.py:3441} INFO - Setting next_dagrun for example_skip_dag to 2023-03-08T09:35:32.237779+00:00, run_after=2023-03-09T09:35:32.237779+00:00
[2023-03-09T09:35:32.250+0000] {processor.py:175} INFO - Processing /home/airflow/.local/lib/python3.7/site-packages/airflow/example_dags/example_skip_dag.py took 0.084 seconds
[2023-03-09T09:36:02.641+0000] {processor.py:153} INFO - Started process (PID=2319) to work on /home/airflow/.local/lib/python3.7/site-packages/airflow/example_dags/example_skip_dag.py
[2023-03-09T09:36:02.643+0000] {processor.py:743} INFO - Processing file /home/airflow/.local/lib/python3.7/site-packages/airflow/example_dags/example_skip_dag.py for tasks to queue
[2023-03-09T09:36:02.644+0000] {logging_mixin.py:137} INFO - [2023-03-09T09:36:02.644+0000] {dagbag.py:538} INFO - Filling up the DagBag from /home/airflow/.local/lib/python3.7/site-packages/airflow/example_dags/example_skip_dag.py
[2023-03-09T09:36:02.654+0000] {processor.py:753} INFO - DAG(s) dict_keys(['example_skip_dag']) retrieved from /home/airflow/.local/lib/python3.7/site-packages/airflow/example_dags/example_skip_dag.py
[2023-03-09T09:36:02.672+0000] {logging_mixin.py:137} INFO - [2023-03-09T09:36:02.672+0000] {dag.py:2690} INFO - Sync 1 DAGs
[2023-03-09T09:36:02.687+0000] {logging_mixin.py:137} INFO - [2023-03-09T09:36:02.687+0000] {dag.py:3441} INFO - Setting next_dagrun for example_skip_dag to 2023-03-08T09:36:02.687589+00:00, run_after=2023-03-09T09:36:02.687589+00:00
[2023-03-09T09:36:02.700+0000] {processor.py:175} INFO - Processing /home/airflow/.local/lib/python3.7/site-packages/airflow/example_dags/example_skip_dag.py took 0.062 seconds
[2023-03-09T09:36:32.971+0000] {processor.py:153} INFO - Started process (PID=2398) to work on /home/airflow/.local/lib/python3.7/site-packages/airflow/example_dags/example_skip_dag.py
[2023-03-09T09:36:32.973+0000] {processor.py:743} INFO - Processing file /home/airflow/.local/lib/python3.7/site-packages/airflow/example_dags/example_skip_dag.py for tasks to queue
[2023-03-09T09:36:32.974+0000] {logging_mixin.py:137} INFO - [2023-03-09T09:36:32.974+0000] {dagbag.py:538} INFO - Filling up the DagBag from /home/airflow/.local/lib/python3.7/site-packages/airflow/example_dags/example_skip_dag.py
[2023-03-09T09:36:32.984+0000] {processor.py:753} INFO - DAG(s) dict_keys(['example_skip_dag']) retrieved from /home/airflow/.local/lib/python3.7/site-packages/airflow/example_dags/example_skip_dag.py
[2023-03-09T09:36:33.003+0000] {logging_mixin.py:137} INFO - [2023-03-09T09:36:33.003+0000] {dag.py:2690} INFO - Sync 1 DAGs
[2023-03-09T09:36:33.020+0000] {logging_mixin.py:137} INFO - [2023-03-09T09:36:33.019+0000] {dag.py:3441} INFO - Setting next_dagrun for example_skip_dag to 2023-03-08T09:36:33.019714+00:00, run_after=2023-03-09T09:36:33.019714+00:00
[2023-03-09T09:36:33.033+0000] {processor.py:175} INFO - Processing /home/airflow/.local/lib/python3.7/site-packages/airflow/example_dags/example_skip_dag.py took 0.064 seconds
[2023-03-09T09:37:03.183+0000] {processor.py:153} INFO - Started process (PID=2473) to work on /home/airflow/.local/lib/python3.7/site-packages/airflow/example_dags/example_skip_dag.py
[2023-03-09T09:37:03.186+0000] {processor.py:743} INFO - Processing file /home/airflow/.local/lib/python3.7/site-packages/airflow/example_dags/example_skip_dag.py for tasks to queue
[2023-03-09T09:37:03.188+0000] {logging_mixin.py:137} INFO - [2023-03-09T09:37:03.188+0000] {dagbag.py:538} INFO - Filling up the DagBag from /home/airflow/.local/lib/python3.7/site-packages/airflow/example_dags/example_skip_dag.py
[2023-03-09T09:37:03.202+0000] {processor.py:753} INFO - DAG(s) dict_keys(['example_skip_dag']) retrieved from /home/airflow/.local/lib/python3.7/site-packages/airflow/example_dags/example_skip_dag.py
[2023-03-09T09:37:03.227+0000] {logging_mixin.py:137} INFO - [2023-03-09T09:37:03.227+0000] {dag.py:2690} INFO - Sync 1 DAGs
[2023-03-09T09:37:03.252+0000] {logging_mixin.py:137} INFO - [2023-03-09T09:37:03.252+0000] {dag.py:3441} INFO - Setting next_dagrun for example_skip_dag to 2023-03-08T09:37:03.251793+00:00, run_after=2023-03-09T09:37:03.251793+00:00
[2023-03-09T09:37:03.274+0000] {processor.py:175} INFO - Processing /home/airflow/.local/lib/python3.7/site-packages/airflow/example_dags/example_skip_dag.py took 0.094 seconds
[2023-03-09T09:37:33.577+0000] {processor.py:153} INFO - Started process (PID=2543) to work on /home/airflow/.local/lib/python3.7/site-packages/airflow/example_dags/example_skip_dag.py
[2023-03-09T09:37:33.579+0000] {processor.py:743} INFO - Processing file /home/airflow/.local/lib/python3.7/site-packages/airflow/example_dags/example_skip_dag.py for tasks to queue
[2023-03-09T09:37:33.580+0000] {logging_mixin.py:137} INFO - [2023-03-09T09:37:33.580+0000] {dagbag.py:538} INFO - Filling up the DagBag from /home/airflow/.local/lib/python3.7/site-packages/airflow/example_dags/example_skip_dag.py
[2023-03-09T09:37:33.589+0000] {processor.py:753} INFO - DAG(s) dict_keys(['example_skip_dag']) retrieved from /home/airflow/.local/lib/python3.7/site-packages/airflow/example_dags/example_skip_dag.py
[2023-03-09T09:37:33.608+0000] {logging_mixin.py:137} INFO - [2023-03-09T09:37:33.608+0000] {dag.py:2690} INFO - Sync 1 DAGs
[2023-03-09T09:37:33.624+0000] {logging_mixin.py:137} INFO - [2023-03-09T09:37:33.623+0000] {dag.py:3441} INFO - Setting next_dagrun for example_skip_dag to 2023-03-08T09:37:33.623772+00:00, run_after=2023-03-09T09:37:33.623772+00:00
[2023-03-09T09:37:33.634+0000] {processor.py:175} INFO - Processing /home/airflow/.local/lib/python3.7/site-packages/airflow/example_dags/example_skip_dag.py took 0.059 seconds
[2023-03-09T09:38:03.797+0000] {processor.py:153} INFO - Started process (PID=2625) to work on /home/airflow/.local/lib/python3.7/site-packages/airflow/example_dags/example_skip_dag.py
[2023-03-09T09:38:03.798+0000] {processor.py:743} INFO - Processing file /home/airflow/.local/lib/python3.7/site-packages/airflow/example_dags/example_skip_dag.py for tasks to queue
[2023-03-09T09:38:03.799+0000] {logging_mixin.py:137} INFO - [2023-03-09T09:38:03.799+0000] {dagbag.py:538} INFO - Filling up the DagBag from /home/airflow/.local/lib/python3.7/site-packages/airflow/example_dags/example_skip_dag.py
[2023-03-09T09:38:03.810+0000] {processor.py:753} INFO - DAG(s) dict_keys(['example_skip_dag']) retrieved from /home/airflow/.local/lib/python3.7/site-packages/airflow/example_dags/example_skip_dag.py
[2023-03-09T09:38:03.827+0000] {logging_mixin.py:137} INFO - [2023-03-09T09:38:03.827+0000] {dag.py:2690} INFO - Sync 1 DAGs
[2023-03-09T09:38:03.843+0000] {logging_mixin.py:137} INFO - [2023-03-09T09:38:03.843+0000] {dag.py:3441} INFO - Setting next_dagrun for example_skip_dag to 2023-03-08T09:38:03.843425+00:00, run_after=2023-03-09T09:38:03.843425+00:00
[2023-03-09T09:38:03.856+0000] {processor.py:175} INFO - Processing /home/airflow/.local/lib/python3.7/site-packages/airflow/example_dags/example_skip_dag.py took 0.062 seconds
[2023-03-09T09:38:33.957+0000] {processor.py:153} INFO - Started process (PID=2687) to work on /home/airflow/.local/lib/python3.7/site-packages/airflow/example_dags/example_skip_dag.py
[2023-03-09T09:38:33.958+0000] {processor.py:743} INFO - Processing file /home/airflow/.local/lib/python3.7/site-packages/airflow/example_dags/example_skip_dag.py for tasks to queue
[2023-03-09T09:38:33.959+0000] {logging_mixin.py:137} INFO - [2023-03-09T09:38:33.959+0000] {dagbag.py:538} INFO - Filling up the DagBag from /home/airflow/.local/lib/python3.7/site-packages/airflow/example_dags/example_skip_dag.py
[2023-03-09T09:38:33.970+0000] {processor.py:753} INFO - DAG(s) dict_keys(['example_skip_dag']) retrieved from /home/airflow/.local/lib/python3.7/site-packages/airflow/example_dags/example_skip_dag.py
[2023-03-09T09:38:33.987+0000] {logging_mixin.py:137} INFO - [2023-03-09T09:38:33.987+0000] {dag.py:2690} INFO - Sync 1 DAGs
[2023-03-09T09:38:34.003+0000] {logging_mixin.py:137} INFO - [2023-03-09T09:38:34.002+0000] {dag.py:3441} INFO - Setting next_dagrun for example_skip_dag to 2023-03-08T09:38:34.002665+00:00, run_after=2023-03-09T09:38:34.002665+00:00
[2023-03-09T09:38:34.016+0000] {processor.py:175} INFO - Processing /home/airflow/.local/lib/python3.7/site-packages/airflow/example_dags/example_skip_dag.py took 0.061 seconds
[2023-03-09T09:39:04.275+0000] {processor.py:153} INFO - Started process (PID=2771) to work on /home/airflow/.local/lib/python3.7/site-packages/airflow/example_dags/example_skip_dag.py
[2023-03-09T09:39:04.276+0000] {processor.py:743} INFO - Processing file /home/airflow/.local/lib/python3.7/site-packages/airflow/example_dags/example_skip_dag.py for tasks to queue
[2023-03-09T09:39:04.277+0000] {logging_mixin.py:137} INFO - [2023-03-09T09:39:04.277+0000] {dagbag.py:538} INFO - Filling up the DagBag from /home/airflow/.local/lib/python3.7/site-packages/airflow/example_dags/example_skip_dag.py
[2023-03-09T09:39:04.286+0000] {processor.py:753} INFO - DAG(s) dict_keys(['example_skip_dag']) retrieved from /home/airflow/.local/lib/python3.7/site-packages/airflow/example_dags/example_skip_dag.py
[2023-03-09T09:39:04.302+0000] {logging_mixin.py:137} INFO - [2023-03-09T09:39:04.302+0000] {dag.py:2690} INFO - Sync 1 DAGs
[2023-03-09T09:39:04.317+0000] {logging_mixin.py:137} INFO - [2023-03-09T09:39:04.317+0000] {dag.py:3441} INFO - Setting next_dagrun for example_skip_dag to 2023-03-08T09:39:04.316958+00:00, run_after=2023-03-09T09:39:04.316958+00:00
[2023-03-09T09:39:04.327+0000] {processor.py:175} INFO - Processing /home/airflow/.local/lib/python3.7/site-packages/airflow/example_dags/example_skip_dag.py took 0.055 seconds
[2023-03-09T09:39:34.617+0000] {processor.py:153} INFO - Started process (PID=2853) to work on /home/airflow/.local/lib/python3.7/site-packages/airflow/example_dags/example_skip_dag.py
[2023-03-09T09:39:34.619+0000] {processor.py:743} INFO - Processing file /home/airflow/.local/lib/python3.7/site-packages/airflow/example_dags/example_skip_dag.py for tasks to queue
[2023-03-09T09:39:34.620+0000] {logging_mixin.py:137} INFO - [2023-03-09T09:39:34.620+0000] {dagbag.py:538} INFO - Filling up the DagBag from /home/airflow/.local/lib/python3.7/site-packages/airflow/example_dags/example_skip_dag.py
[2023-03-09T09:39:34.631+0000] {processor.py:753} INFO - DAG(s) dict_keys(['example_skip_dag']) retrieved from /home/airflow/.local/lib/python3.7/site-packages/airflow/example_dags/example_skip_dag.py
[2023-03-09T09:39:34.648+0000] {logging_mixin.py:137} INFO - [2023-03-09T09:39:34.648+0000] {dag.py:2690} INFO - Sync 1 DAGs
[2023-03-09T09:39:34.664+0000] {logging_mixin.py:137} INFO - [2023-03-09T09:39:34.664+0000] {dag.py:3441} INFO - Setting next_dagrun for example_skip_dag to 2023-03-08T09:39:34.664673+00:00, run_after=2023-03-09T09:39:34.664673+00:00
[2023-03-09T09:39:34.678+0000] {processor.py:175} INFO - Processing /home/airflow/.local/lib/python3.7/site-packages/airflow/example_dags/example_skip_dag.py took 0.063 seconds
[2023-03-09T09:40:04.820+0000] {processor.py:153} INFO - Started process (PID=2920) to work on /home/airflow/.local/lib/python3.7/site-packages/airflow/example_dags/example_skip_dag.py
[2023-03-09T09:40:04.822+0000] {processor.py:743} INFO - Processing file /home/airflow/.local/lib/python3.7/site-packages/airflow/example_dags/example_skip_dag.py for tasks to queue
[2023-03-09T09:40:04.823+0000] {logging_mixin.py:137} INFO - [2023-03-09T09:40:04.823+0000] {dagbag.py:538} INFO - Filling up the DagBag from /home/airflow/.local/lib/python3.7/site-packages/airflow/example_dags/example_skip_dag.py
[2023-03-09T09:40:04.833+0000] {processor.py:753} INFO - DAG(s) dict_keys(['example_skip_dag']) retrieved from /home/airflow/.local/lib/python3.7/site-packages/airflow/example_dags/example_skip_dag.py
[2023-03-09T09:40:04.851+0000] {logging_mixin.py:137} INFO - [2023-03-09T09:40:04.851+0000] {dag.py:2690} INFO - Sync 1 DAGs
[2023-03-09T09:40:04.867+0000] {logging_mixin.py:137} INFO - [2023-03-09T09:40:04.867+0000] {dag.py:3441} INFO - Setting next_dagrun for example_skip_dag to 2023-03-08T09:40:04.866899+00:00, run_after=2023-03-09T09:40:04.866899+00:00
[2023-03-09T09:40:04.878+0000] {processor.py:175} INFO - Processing /home/airflow/.local/lib/python3.7/site-packages/airflow/example_dags/example_skip_dag.py took 0.061 seconds
[2023-03-09T09:40:34.987+0000] {processor.py:153} INFO - Started process (PID=2998) to work on /home/airflow/.local/lib/python3.7/site-packages/airflow/example_dags/example_skip_dag.py
[2023-03-09T09:40:34.988+0000] {processor.py:743} INFO - Processing file /home/airflow/.local/lib/python3.7/site-packages/airflow/example_dags/example_skip_dag.py for tasks to queue
[2023-03-09T09:40:34.989+0000] {logging_mixin.py:137} INFO - [2023-03-09T09:40:34.989+0000] {dagbag.py:538} INFO - Filling up the DagBag from /home/airflow/.local/lib/python3.7/site-packages/airflow/example_dags/example_skip_dag.py
[2023-03-09T09:40:35.000+0000] {processor.py:753} INFO - DAG(s) dict_keys(['example_skip_dag']) retrieved from /home/airflow/.local/lib/python3.7/site-packages/airflow/example_dags/example_skip_dag.py
[2023-03-09T09:40:35.017+0000] {logging_mixin.py:137} INFO - [2023-03-09T09:40:35.016+0000] {dag.py:2690} INFO - Sync 1 DAGs
[2023-03-09T09:40:35.035+0000] {logging_mixin.py:137} INFO - [2023-03-09T09:40:35.035+0000] {dag.py:3441} INFO - Setting next_dagrun for example_skip_dag to 2023-03-08T09:40:35.034111+00:00, run_after=2023-03-09T09:40:35.034111+00:00
[2023-03-09T09:40:35.046+0000] {processor.py:175} INFO - Processing /home/airflow/.local/lib/python3.7/site-packages/airflow/example_dags/example_skip_dag.py took 0.062 seconds
[2023-03-09T09:41:05.322+0000] {processor.py:153} INFO - Started process (PID=3080) to work on /home/airflow/.local/lib/python3.7/site-packages/airflow/example_dags/example_skip_dag.py
[2023-03-09T09:41:05.331+0000] {processor.py:743} INFO - Processing file /home/airflow/.local/lib/python3.7/site-packages/airflow/example_dags/example_skip_dag.py for tasks to queue
[2023-03-09T09:41:05.334+0000] {logging_mixin.py:137} INFO - [2023-03-09T09:41:05.334+0000] {dagbag.py:538} INFO - Filling up the DagBag from /home/airflow/.local/lib/python3.7/site-packages/airflow/example_dags/example_skip_dag.py
[2023-03-09T09:41:05.345+0000] {processor.py:753} INFO - DAG(s) dict_keys(['example_skip_dag']) retrieved from /home/airflow/.local/lib/python3.7/site-packages/airflow/example_dags/example_skip_dag.py
[2023-03-09T09:41:05.380+0000] {logging_mixin.py:137} INFO - [2023-03-09T09:41:05.380+0000] {dag.py:2690} INFO - Sync 1 DAGs
[2023-03-09T09:41:05.434+0000] {logging_mixin.py:137} INFO - [2023-03-09T09:41:05.434+0000] {dag.py:3441} INFO - Setting next_dagrun for example_skip_dag to 2023-03-08T09:41:05.434206+00:00, run_after=2023-03-09T09:41:05.434206+00:00
[2023-03-09T09:41:05.467+0000] {processor.py:175} INFO - Processing /home/airflow/.local/lib/python3.7/site-packages/airflow/example_dags/example_skip_dag.py took 0.147 seconds
[2023-03-09T09:41:36.069+0000] {processor.py:153} INFO - Started process (PID=3143) to work on /home/airflow/.local/lib/python3.7/site-packages/airflow/example_dags/example_skip_dag.py
[2023-03-09T09:41:36.071+0000] {processor.py:743} INFO - Processing file /home/airflow/.local/lib/python3.7/site-packages/airflow/example_dags/example_skip_dag.py for tasks to queue
[2023-03-09T09:41:36.072+0000] {logging_mixin.py:137} INFO - [2023-03-09T09:41:36.072+0000] {dagbag.py:538} INFO - Filling up the DagBag from /home/airflow/.local/lib/python3.7/site-packages/airflow/example_dags/example_skip_dag.py
[2023-03-09T09:41:36.081+0000] {processor.py:753} INFO - DAG(s) dict_keys(['example_skip_dag']) retrieved from /home/airflow/.local/lib/python3.7/site-packages/airflow/example_dags/example_skip_dag.py
[2023-03-09T09:41:36.098+0000] {logging_mixin.py:137} INFO - [2023-03-09T09:41:36.098+0000] {dag.py:2690} INFO - Sync 1 DAGs
[2023-03-09T09:41:36.112+0000] {logging_mixin.py:137} INFO - [2023-03-09T09:41:36.112+0000] {dag.py:3441} INFO - Setting next_dagrun for example_skip_dag to 2023-03-08T09:41:36.112051+00:00, run_after=2023-03-09T09:41:36.112051+00:00
[2023-03-09T09:41:36.122+0000] {processor.py:175} INFO - Processing /home/airflow/.local/lib/python3.7/site-packages/airflow/example_dags/example_skip_dag.py took 0.055 seconds
[2023-03-09T09:42:06.663+0000] {processor.py:153} INFO - Started process (PID=3221) to work on /home/airflow/.local/lib/python3.7/site-packages/airflow/example_dags/example_skip_dag.py
[2023-03-09T09:42:06.664+0000] {processor.py:743} INFO - Processing file /home/airflow/.local/lib/python3.7/site-packages/airflow/example_dags/example_skip_dag.py for tasks to queue
[2023-03-09T09:42:06.666+0000] {logging_mixin.py:137} INFO - [2023-03-09T09:42:06.665+0000] {dagbag.py:538} INFO - Filling up the DagBag from /home/airflow/.local/lib/python3.7/site-packages/airflow/example_dags/example_skip_dag.py
[2023-03-09T09:42:06.675+0000] {processor.py:753} INFO - DAG(s) dict_keys(['example_skip_dag']) retrieved from /home/airflow/.local/lib/python3.7/site-packages/airflow/example_dags/example_skip_dag.py
[2023-03-09T09:42:06.694+0000] {logging_mixin.py:137} INFO - [2023-03-09T09:42:06.694+0000] {dag.py:2690} INFO - Sync 1 DAGs
[2023-03-09T09:42:06.708+0000] {logging_mixin.py:137} INFO - [2023-03-09T09:42:06.708+0000] {dag.py:3441} INFO - Setting next_dagrun for example_skip_dag to 2023-03-08T09:42:06.708327+00:00, run_after=2023-03-09T09:42:06.708327+00:00
[2023-03-09T09:42:06.719+0000] {processor.py:175} INFO - Processing /home/airflow/.local/lib/python3.7/site-packages/airflow/example_dags/example_skip_dag.py took 0.058 seconds
[2023-03-09T09:42:36.966+0000] {processor.py:153} INFO - Started process (PID=3288) to work on /home/airflow/.local/lib/python3.7/site-packages/airflow/example_dags/example_skip_dag.py
[2023-03-09T09:42:36.967+0000] {processor.py:743} INFO - Processing file /home/airflow/.local/lib/python3.7/site-packages/airflow/example_dags/example_skip_dag.py for tasks to queue
[2023-03-09T09:42:36.968+0000] {logging_mixin.py:137} INFO - [2023-03-09T09:42:36.968+0000] {dagbag.py:538} INFO - Filling up the DagBag from /home/airflow/.local/lib/python3.7/site-packages/airflow/example_dags/example_skip_dag.py
[2023-03-09T09:42:36.978+0000] {processor.py:753} INFO - DAG(s) dict_keys(['example_skip_dag']) retrieved from /home/airflow/.local/lib/python3.7/site-packages/airflow/example_dags/example_skip_dag.py
[2023-03-09T09:42:36.996+0000] {logging_mixin.py:137} INFO - [2023-03-09T09:42:36.995+0000] {dag.py:2690} INFO - Sync 1 DAGs
[2023-03-09T09:42:37.011+0000] {logging_mixin.py:137} INFO - [2023-03-09T09:42:37.011+0000] {dag.py:3441} INFO - Setting next_dagrun for example_skip_dag to 2023-03-08T09:42:37.010970+00:00, run_after=2023-03-09T09:42:37.010970+00:00
[2023-03-09T09:42:37.021+0000] {processor.py:175} INFO - Processing /home/airflow/.local/lib/python3.7/site-packages/airflow/example_dags/example_skip_dag.py took 0.058 seconds
[2023-03-09T09:43:07.475+0000] {processor.py:153} INFO - Started process (PID=3366) to work on /home/airflow/.local/lib/python3.7/site-packages/airflow/example_dags/example_skip_dag.py
[2023-03-09T09:43:07.477+0000] {processor.py:743} INFO - Processing file /home/airflow/.local/lib/python3.7/site-packages/airflow/example_dags/example_skip_dag.py for tasks to queue
[2023-03-09T09:43:07.478+0000] {logging_mixin.py:137} INFO - [2023-03-09T09:43:07.478+0000] {dagbag.py:538} INFO - Filling up the DagBag from /home/airflow/.local/lib/python3.7/site-packages/airflow/example_dags/example_skip_dag.py
[2023-03-09T09:43:07.491+0000] {processor.py:753} INFO - DAG(s) dict_keys(['example_skip_dag']) retrieved from /home/airflow/.local/lib/python3.7/site-packages/airflow/example_dags/example_skip_dag.py
[2023-03-09T09:43:07.510+0000] {logging_mixin.py:137} INFO - [2023-03-09T09:43:07.509+0000] {dag.py:2690} INFO - Sync 1 DAGs
[2023-03-09T09:43:07.527+0000] {logging_mixin.py:137} INFO - [2023-03-09T09:43:07.527+0000] {dag.py:3441} INFO - Setting next_dagrun for example_skip_dag to 2023-03-08T09:43:07.527058+00:00, run_after=2023-03-09T09:43:07.527058+00:00
[2023-03-09T09:43:07.539+0000] {processor.py:175} INFO - Processing /home/airflow/.local/lib/python3.7/site-packages/airflow/example_dags/example_skip_dag.py took 0.066 seconds
[2023-03-09T09:43:37.817+0000] {processor.py:153} INFO - Started process (PID=3449) to work on /home/airflow/.local/lib/python3.7/site-packages/airflow/example_dags/example_skip_dag.py
[2023-03-09T09:43:37.819+0000] {processor.py:743} INFO - Processing file /home/airflow/.local/lib/python3.7/site-packages/airflow/example_dags/example_skip_dag.py for tasks to queue
[2023-03-09T09:43:37.820+0000] {logging_mixin.py:137} INFO - [2023-03-09T09:43:37.819+0000] {dagbag.py:538} INFO - Filling up the DagBag from /home/airflow/.local/lib/python3.7/site-packages/airflow/example_dags/example_skip_dag.py
[2023-03-09T09:43:37.830+0000] {processor.py:753} INFO - DAG(s) dict_keys(['example_skip_dag']) retrieved from /home/airflow/.local/lib/python3.7/site-packages/airflow/example_dags/example_skip_dag.py
[2023-03-09T09:43:37.848+0000] {logging_mixin.py:137} INFO - [2023-03-09T09:43:37.848+0000] {dag.py:2690} INFO - Sync 1 DAGs
[2023-03-09T09:43:37.863+0000] {logging_mixin.py:137} INFO - [2023-03-09T09:43:37.863+0000] {dag.py:3441} INFO - Setting next_dagrun for example_skip_dag to 2023-03-08T09:43:37.863352+00:00, run_after=2023-03-09T09:43:37.863352+00:00
[2023-03-09T09:43:37.875+0000] {processor.py:175} INFO - Processing /home/airflow/.local/lib/python3.7/site-packages/airflow/example_dags/example_skip_dag.py took 0.060 seconds
[2023-03-09T09:44:08.084+0000] {processor.py:153} INFO - Started process (PID=3515) to work on /home/airflow/.local/lib/python3.7/site-packages/airflow/example_dags/example_skip_dag.py
[2023-03-09T09:44:08.086+0000] {processor.py:743} INFO - Processing file /home/airflow/.local/lib/python3.7/site-packages/airflow/example_dags/example_skip_dag.py for tasks to queue
[2023-03-09T09:44:08.087+0000] {logging_mixin.py:137} INFO - [2023-03-09T09:44:08.087+0000] {dagbag.py:538} INFO - Filling up the DagBag from /home/airflow/.local/lib/python3.7/site-packages/airflow/example_dags/example_skip_dag.py
[2023-03-09T09:44:08.096+0000] {processor.py:753} INFO - DAG(s) dict_keys(['example_skip_dag']) retrieved from /home/airflow/.local/lib/python3.7/site-packages/airflow/example_dags/example_skip_dag.py
[2023-03-09T09:44:08.113+0000] {logging_mixin.py:137} INFO - [2023-03-09T09:44:08.113+0000] {dag.py:2690} INFO - Sync 1 DAGs
[2023-03-09T09:44:08.127+0000] {logging_mixin.py:137} INFO - [2023-03-09T09:44:08.127+0000] {dag.py:3441} INFO - Setting next_dagrun for example_skip_dag to 2023-03-08T09:44:08.127283+00:00, run_after=2023-03-09T09:44:08.127283+00:00
[2023-03-09T09:44:08.138+0000] {processor.py:175} INFO - Processing /home/airflow/.local/lib/python3.7/site-packages/airflow/example_dags/example_skip_dag.py took 0.057 seconds
[2023-03-09T09:44:38.395+0000] {processor.py:153} INFO - Started process (PID=3597) to work on /home/airflow/.local/lib/python3.7/site-packages/airflow/example_dags/example_skip_dag.py
[2023-03-09T09:44:38.397+0000] {processor.py:743} INFO - Processing file /home/airflow/.local/lib/python3.7/site-packages/airflow/example_dags/example_skip_dag.py for tasks to queue
[2023-03-09T09:44:38.398+0000] {logging_mixin.py:137} INFO - [2023-03-09T09:44:38.398+0000] {dagbag.py:538} INFO - Filling up the DagBag from /home/airflow/.local/lib/python3.7/site-packages/airflow/example_dags/example_skip_dag.py
[2023-03-09T09:44:38.409+0000] {processor.py:753} INFO - DAG(s) dict_keys(['example_skip_dag']) retrieved from /home/airflow/.local/lib/python3.7/site-packages/airflow/example_dags/example_skip_dag.py
[2023-03-09T09:44:38.429+0000] {logging_mixin.py:137} INFO - [2023-03-09T09:44:38.428+0000] {dag.py:2690} INFO - Sync 1 DAGs
[2023-03-09T09:44:38.447+0000] {logging_mixin.py:137} INFO - [2023-03-09T09:44:38.447+0000] {dag.py:3441} INFO - Setting next_dagrun for example_skip_dag to 2023-03-08T09:44:38.447324+00:00, run_after=2023-03-09T09:44:38.447324+00:00
[2023-03-09T09:44:38.461+0000] {processor.py:175} INFO - Processing /home/airflow/.local/lib/python3.7/site-packages/airflow/example_dags/example_skip_dag.py took 0.069 seconds
[2023-03-09T09:45:08.710+0000] {processor.py:153} INFO - Started process (PID=3675) to work on /home/airflow/.local/lib/python3.7/site-packages/airflow/example_dags/example_skip_dag.py
[2023-03-09T09:45:08.711+0000] {processor.py:743} INFO - Processing file /home/airflow/.local/lib/python3.7/site-packages/airflow/example_dags/example_skip_dag.py for tasks to queue
[2023-03-09T09:45:08.712+0000] {logging_mixin.py:137} INFO - [2023-03-09T09:45:08.712+0000] {dagbag.py:538} INFO - Filling up the DagBag from /home/airflow/.local/lib/python3.7/site-packages/airflow/example_dags/example_skip_dag.py
[2023-03-09T09:45:08.722+0000] {processor.py:753} INFO - DAG(s) dict_keys(['example_skip_dag']) retrieved from /home/airflow/.local/lib/python3.7/site-packages/airflow/example_dags/example_skip_dag.py
[2023-03-09T09:45:08.739+0000] {logging_mixin.py:137} INFO - [2023-03-09T09:45:08.739+0000] {dag.py:2690} INFO - Sync 1 DAGs
[2023-03-09T09:45:08.753+0000] {logging_mixin.py:137} INFO - [2023-03-09T09:45:08.753+0000] {dag.py:3441} INFO - Setting next_dagrun for example_skip_dag to 2023-03-08T09:45:08.753474+00:00, run_after=2023-03-09T09:45:08.753474+00:00
[2023-03-09T09:45:08.764+0000] {processor.py:175} INFO - Processing /home/airflow/.local/lib/python3.7/site-packages/airflow/example_dags/example_skip_dag.py took 0.056 seconds
[2023-03-09T09:45:39.073+0000] {processor.py:153} INFO - Started process (PID=3741) to work on /home/airflow/.local/lib/python3.7/site-packages/airflow/example_dags/example_skip_dag.py
[2023-03-09T09:45:39.075+0000] {processor.py:743} INFO - Processing file /home/airflow/.local/lib/python3.7/site-packages/airflow/example_dags/example_skip_dag.py for tasks to queue
[2023-03-09T09:45:39.076+0000] {logging_mixin.py:137} INFO - [2023-03-09T09:45:39.076+0000] {dagbag.py:538} INFO - Filling up the DagBag from /home/airflow/.local/lib/python3.7/site-packages/airflow/example_dags/example_skip_dag.py
[2023-03-09T09:45:39.085+0000] {processor.py:753} INFO - DAG(s) dict_keys(['example_skip_dag']) retrieved from /home/airflow/.local/lib/python3.7/site-packages/airflow/example_dags/example_skip_dag.py
[2023-03-09T09:45:39.102+0000] {logging_mixin.py:137} INFO - [2023-03-09T09:45:39.102+0000] {dag.py:2690} INFO - Sync 1 DAGs
[2023-03-09T09:45:39.116+0000] {logging_mixin.py:137} INFO - [2023-03-09T09:45:39.116+0000] {dag.py:3441} INFO - Setting next_dagrun for example_skip_dag to 2023-03-08T09:45:39.116287+00:00, run_after=2023-03-09T09:45:39.116287+00:00
[2023-03-09T09:45:39.126+0000] {processor.py:175} INFO - Processing /home/airflow/.local/lib/python3.7/site-packages/airflow/example_dags/example_skip_dag.py took 0.055 seconds
[2023-03-09T09:46:09.223+0000] {processor.py:153} INFO - Started process (PID=3825) to work on /home/airflow/.local/lib/python3.7/site-packages/airflow/example_dags/example_skip_dag.py
[2023-03-09T09:46:09.224+0000] {processor.py:743} INFO - Processing file /home/airflow/.local/lib/python3.7/site-packages/airflow/example_dags/example_skip_dag.py for tasks to queue
[2023-03-09T09:46:09.225+0000] {logging_mixin.py:137} INFO - [2023-03-09T09:46:09.225+0000] {dagbag.py:538} INFO - Filling up the DagBag from /home/airflow/.local/lib/python3.7/site-packages/airflow/example_dags/example_skip_dag.py
[2023-03-09T09:46:09.234+0000] {processor.py:753} INFO - DAG(s) dict_keys(['example_skip_dag']) retrieved from /home/airflow/.local/lib/python3.7/site-packages/airflow/example_dags/example_skip_dag.py
[2023-03-09T09:46:09.251+0000] {logging_mixin.py:137} INFO - [2023-03-09T09:46:09.251+0000] {dag.py:2690} INFO - Sync 1 DAGs
[2023-03-09T09:46:09.265+0000] {logging_mixin.py:137} INFO - [2023-03-09T09:46:09.265+0000] {dag.py:3441} INFO - Setting next_dagrun for example_skip_dag to 2023-03-08T09:46:09.265484+00:00, run_after=2023-03-09T09:46:09.265484+00:00
[2023-03-09T09:46:09.276+0000] {processor.py:175} INFO - Processing /home/airflow/.local/lib/python3.7/site-packages/airflow/example_dags/example_skip_dag.py took 0.056 seconds
[2023-03-09T09:46:39.648+0000] {processor.py:153} INFO - Started process (PID=3905) to work on /home/airflow/.local/lib/python3.7/site-packages/airflow/example_dags/example_skip_dag.py
[2023-03-09T09:46:39.650+0000] {processor.py:743} INFO - Processing file /home/airflow/.local/lib/python3.7/site-packages/airflow/example_dags/example_skip_dag.py for tasks to queue
[2023-03-09T09:46:39.652+0000] {logging_mixin.py:137} INFO - [2023-03-09T09:46:39.651+0000] {dagbag.py:538} INFO - Filling up the DagBag from /home/airflow/.local/lib/python3.7/site-packages/airflow/example_dags/example_skip_dag.py
[2023-03-09T09:46:39.663+0000] {processor.py:753} INFO - DAG(s) dict_keys(['example_skip_dag']) retrieved from /home/airflow/.local/lib/python3.7/site-packages/airflow/example_dags/example_skip_dag.py
[2023-03-09T09:46:39.682+0000] {logging_mixin.py:137} INFO - [2023-03-09T09:46:39.681+0000] {dag.py:2690} INFO - Sync 1 DAGs
[2023-03-09T09:46:39.702+0000] {logging_mixin.py:137} INFO - [2023-03-09T09:46:39.702+0000] {dag.py:3441} INFO - Setting next_dagrun for example_skip_dag to 2023-03-08T09:46:39.702007+00:00, run_after=2023-03-09T09:46:39.702007+00:00
[2023-03-09T09:46:39.717+0000] {processor.py:175} INFO - Processing /home/airflow/.local/lib/python3.7/site-packages/airflow/example_dags/example_skip_dag.py took 0.072 seconds
[2023-03-09T09:47:10.068+0000] {processor.py:153} INFO - Started process (PID=3973) to work on /home/airflow/.local/lib/python3.7/site-packages/airflow/example_dags/example_skip_dag.py
[2023-03-09T09:47:10.069+0000] {processor.py:743} INFO - Processing file /home/airflow/.local/lib/python3.7/site-packages/airflow/example_dags/example_skip_dag.py for tasks to queue
[2023-03-09T09:47:10.070+0000] {logging_mixin.py:137} INFO - [2023-03-09T09:47:10.070+0000] {dagbag.py:538} INFO - Filling up the DagBag from /home/airflow/.local/lib/python3.7/site-packages/airflow/example_dags/example_skip_dag.py
[2023-03-09T09:47:10.079+0000] {processor.py:753} INFO - DAG(s) dict_keys(['example_skip_dag']) retrieved from /home/airflow/.local/lib/python3.7/site-packages/airflow/example_dags/example_skip_dag.py
[2023-03-09T09:47:10.096+0000] {logging_mixin.py:137} INFO - [2023-03-09T09:47:10.096+0000] {dag.py:2690} INFO - Sync 1 DAGs
[2023-03-09T09:47:10.110+0000] {logging_mixin.py:137} INFO - [2023-03-09T09:47:10.110+0000] {dag.py:3441} INFO - Setting next_dagrun for example_skip_dag to 2023-03-08T09:47:10.110204+00:00, run_after=2023-03-09T09:47:10.110204+00:00
[2023-03-09T09:47:10.121+0000] {processor.py:175} INFO - Processing /home/airflow/.local/lib/python3.7/site-packages/airflow/example_dags/example_skip_dag.py took 0.055 seconds
[2023-03-09T09:47:40.487+0000] {processor.py:153} INFO - Started process (PID=4052) to work on /home/airflow/.local/lib/python3.7/site-packages/airflow/example_dags/example_skip_dag.py
[2023-03-09T09:47:40.489+0000] {processor.py:743} INFO - Processing file /home/airflow/.local/lib/python3.7/site-packages/airflow/example_dags/example_skip_dag.py for tasks to queue
[2023-03-09T09:47:40.490+0000] {logging_mixin.py:137} INFO - [2023-03-09T09:47:40.490+0000] {dagbag.py:538} INFO - Filling up the DagBag from /home/airflow/.local/lib/python3.7/site-packages/airflow/example_dags/example_skip_dag.py
[2023-03-09T09:47:40.499+0000] {processor.py:753} INFO - DAG(s) dict_keys(['example_skip_dag']) retrieved from /home/airflow/.local/lib/python3.7/site-packages/airflow/example_dags/example_skip_dag.py
[2023-03-09T09:47:40.515+0000] {logging_mixin.py:137} INFO - [2023-03-09T09:47:40.515+0000] {dag.py:2690} INFO - Sync 1 DAGs
[2023-03-09T09:47:40.529+0000] {logging_mixin.py:137} INFO - [2023-03-09T09:47:40.529+0000] {dag.py:3441} INFO - Setting next_dagrun for example_skip_dag to 2023-03-08T09:47:40.529492+00:00, run_after=2023-03-09T09:47:40.529492+00:00
[2023-03-09T09:47:40.541+0000] {processor.py:175} INFO - Processing /home/airflow/.local/lib/python3.7/site-packages/airflow/example_dags/example_skip_dag.py took 0.056 seconds
[2023-03-09T09:48:10.715+0000] {processor.py:153} INFO - Started process (PID=4116) to work on /home/airflow/.local/lib/python3.7/site-packages/airflow/example_dags/example_skip_dag.py
[2023-03-09T09:48:10.717+0000] {processor.py:743} INFO - Processing file /home/airflow/.local/lib/python3.7/site-packages/airflow/example_dags/example_skip_dag.py for tasks to queue
[2023-03-09T09:48:10.718+0000] {logging_mixin.py:137} INFO - [2023-03-09T09:48:10.718+0000] {dagbag.py:538} INFO - Filling up the DagBag from /home/airflow/.local/lib/python3.7/site-packages/airflow/example_dags/example_skip_dag.py
[2023-03-09T09:48:10.728+0000] {processor.py:753} INFO - DAG(s) dict_keys(['example_skip_dag']) retrieved from /home/airflow/.local/lib/python3.7/site-packages/airflow/example_dags/example_skip_dag.py
[2023-03-09T09:48:10.745+0000] {logging_mixin.py:137} INFO - [2023-03-09T09:48:10.745+0000] {dag.py:2690} INFO - Sync 1 DAGs
[2023-03-09T09:48:10.761+0000] {logging_mixin.py:137} INFO - [2023-03-09T09:48:10.760+0000] {dag.py:3441} INFO - Setting next_dagrun for example_skip_dag to 2023-03-08T09:48:10.760726+00:00, run_after=2023-03-09T09:48:10.760726+00:00
[2023-03-09T09:48:10.772+0000] {processor.py:175} INFO - Processing /home/airflow/.local/lib/python3.7/site-packages/airflow/example_dags/example_skip_dag.py took 0.058 seconds
[2023-03-09T09:48:41.117+0000] {processor.py:153} INFO - Started process (PID=4191) to work on /home/airflow/.local/lib/python3.7/site-packages/airflow/example_dags/example_skip_dag.py
[2023-03-09T09:48:41.118+0000] {processor.py:743} INFO - Processing file /home/airflow/.local/lib/python3.7/site-packages/airflow/example_dags/example_skip_dag.py for tasks to queue
[2023-03-09T09:48:41.119+0000] {logging_mixin.py:137} INFO - [2023-03-09T09:48:41.119+0000] {dagbag.py:538} INFO - Filling up the DagBag from /home/airflow/.local/lib/python3.7/site-packages/airflow/example_dags/example_skip_dag.py
[2023-03-09T09:48:41.128+0000] {processor.py:753} INFO - DAG(s) dict_keys(['example_skip_dag']) retrieved from /home/airflow/.local/lib/python3.7/site-packages/airflow/example_dags/example_skip_dag.py
[2023-03-09T09:48:41.145+0000] {logging_mixin.py:137} INFO - [2023-03-09T09:48:41.145+0000] {dag.py:2690} INFO - Sync 1 DAGs
[2023-03-09T09:48:41.159+0000] {logging_mixin.py:137} INFO - [2023-03-09T09:48:41.159+0000] {dag.py:3441} INFO - Setting next_dagrun for example_skip_dag to 2023-03-08T09:48:41.159035+00:00, run_after=2023-03-09T09:48:41.159035+00:00
[2023-03-09T09:48:41.169+0000] {processor.py:175} INFO - Processing /home/airflow/.local/lib/python3.7/site-packages/airflow/example_dags/example_skip_dag.py took 0.055 seconds
[2023-03-09T09:49:11.585+0000] {processor.py:153} INFO - Started process (PID=4275) to work on /home/airflow/.local/lib/python3.7/site-packages/airflow/example_dags/example_skip_dag.py
[2023-03-09T09:49:11.587+0000] {processor.py:743} INFO - Processing file /home/airflow/.local/lib/python3.7/site-packages/airflow/example_dags/example_skip_dag.py for tasks to queue
[2023-03-09T09:49:11.590+0000] {logging_mixin.py:137} INFO - [2023-03-09T09:49:11.590+0000] {dagbag.py:538} INFO - Filling up the DagBag from /home/airflow/.local/lib/python3.7/site-packages/airflow/example_dags/example_skip_dag.py
[2023-03-09T09:49:11.600+0000] {processor.py:753} INFO - DAG(s) dict_keys(['example_skip_dag']) retrieved from /home/airflow/.local/lib/python3.7/site-packages/airflow/example_dags/example_skip_dag.py
[2023-03-09T09:49:11.617+0000] {logging_mixin.py:137} INFO - [2023-03-09T09:49:11.616+0000] {dag.py:2690} INFO - Sync 1 DAGs
[2023-03-09T09:49:11.631+0000] {logging_mixin.py:137} INFO - [2023-03-09T09:49:11.631+0000] {dag.py:3441} INFO - Setting next_dagrun for example_skip_dag to 2023-03-08T09:49:11.630909+00:00, run_after=2023-03-09T09:49:11.630909+00:00
[2023-03-09T09:49:11.641+0000] {processor.py:175} INFO - Processing /home/airflow/.local/lib/python3.7/site-packages/airflow/example_dags/example_skip_dag.py took 0.058 seconds
[2023-03-09T09:49:41.745+0000] {processor.py:153} INFO - Started process (PID=4342) to work on /home/airflow/.local/lib/python3.7/site-packages/airflow/example_dags/example_skip_dag.py
[2023-03-09T09:49:41.747+0000] {processor.py:743} INFO - Processing file /home/airflow/.local/lib/python3.7/site-packages/airflow/example_dags/example_skip_dag.py for tasks to queue
[2023-03-09T09:49:41.748+0000] {logging_mixin.py:137} INFO - [2023-03-09T09:49:41.748+0000] {dagbag.py:538} INFO - Filling up the DagBag from /home/airflow/.local/lib/python3.7/site-packages/airflow/example_dags/example_skip_dag.py
[2023-03-09T09:49:41.758+0000] {processor.py:753} INFO - DAG(s) dict_keys(['example_skip_dag']) retrieved from /home/airflow/.local/lib/python3.7/site-packages/airflow/example_dags/example_skip_dag.py
[2023-03-09T09:49:41.776+0000] {logging_mixin.py:137} INFO - [2023-03-09T09:49:41.776+0000] {dag.py:2690} INFO - Sync 1 DAGs
[2023-03-09T09:49:41.793+0000] {logging_mixin.py:137} INFO - [2023-03-09T09:49:41.793+0000] {dag.py:3441} INFO - Setting next_dagrun for example_skip_dag to 2023-03-08T09:49:41.792952+00:00, run_after=2023-03-09T09:49:41.792952+00:00
[2023-03-09T09:49:41.806+0000] {processor.py:175} INFO - Processing /home/airflow/.local/lib/python3.7/site-packages/airflow/example_dags/example_skip_dag.py took 0.063 seconds
[2023-03-09T09:50:12.302+0000] {processor.py:153} INFO - Started process (PID=4421) to work on /home/airflow/.local/lib/python3.7/site-packages/airflow/example_dags/example_skip_dag.py
[2023-03-09T09:50:12.304+0000] {processor.py:743} INFO - Processing file /home/airflow/.local/lib/python3.7/site-packages/airflow/example_dags/example_skip_dag.py for tasks to queue
[2023-03-09T09:50:12.304+0000] {logging_mixin.py:137} INFO - [2023-03-09T09:50:12.304+0000] {dagbag.py:538} INFO - Filling up the DagBag from /home/airflow/.local/lib/python3.7/site-packages/airflow/example_dags/example_skip_dag.py
[2023-03-09T09:50:12.315+0000] {processor.py:753} INFO - DAG(s) dict_keys(['example_skip_dag']) retrieved from /home/airflow/.local/lib/python3.7/site-packages/airflow/example_dags/example_skip_dag.py
[2023-03-09T09:50:12.332+0000] {logging_mixin.py:137} INFO - [2023-03-09T09:50:12.332+0000] {dag.py:2690} INFO - Sync 1 DAGs
[2023-03-09T09:50:12.349+0000] {logging_mixin.py:137} INFO - [2023-03-09T09:50:12.348+0000] {dag.py:3441} INFO - Setting next_dagrun for example_skip_dag to 2023-03-08T09:50:12.348782+00:00, run_after=2023-03-09T09:50:12.348782+00:00
[2023-03-09T09:50:12.361+0000] {processor.py:175} INFO - Processing /home/airflow/.local/lib/python3.7/site-packages/airflow/example_dags/example_skip_dag.py took 0.061 seconds
