[2023-03-09T09:02:18.529+0000] {processor.py:153} INFO - Started process (PID=62) to work on /home/airflow/.local/lib/python3.7/site-packages/airflow/example_dags/example_short_circuit_decorator.py
[2023-03-09T09:02:18.537+0000] {processor.py:743} INFO - Processing file /home/airflow/.local/lib/python3.7/site-packages/airflow/example_dags/example_short_circuit_decorator.py for tasks to queue
[2023-03-09T09:02:18.541+0000] {logging_mixin.py:137} INFO - [2023-03-09T09:02:18.541+0000] {dagbag.py:538} INFO - Filling up the DagBag from /home/airflow/.local/lib/python3.7/site-packages/airflow/example_dags/example_short_circuit_decorator.py
[2023-03-09T09:02:18.745+0000] {processor.py:753} INFO - DAG(s) dict_keys(['example_short_circuit_decorator']) retrieved from /home/airflow/.local/lib/python3.7/site-packages/airflow/example_dags/example_short_circuit_decorator.py
[2023-03-09T09:02:18.770+0000] {logging_mixin.py:137} INFO - [2023-03-09T09:02:18.770+0000] {dag.py:2690} INFO - Sync 1 DAGs
[2023-03-09T09:02:18.829+0000] {logging_mixin.py:137} INFO - [2023-03-09T09:02:18.829+0000] {dag.py:3441} INFO - Setting next_dagrun for example_short_circuit_decorator to 2023-03-08T09:02:18.828929+00:00, run_after=2023-03-09T09:02:18.828929+00:00
[2023-03-09T09:02:18.851+0000] {processor.py:175} INFO - Processing /home/airflow/.local/lib/python3.7/site-packages/airflow/example_dags/example_short_circuit_decorator.py took 0.344 seconds
[2023-03-09T09:02:49.149+0000] {processor.py:153} INFO - Started process (PID=128) to work on /home/airflow/.local/lib/python3.7/site-packages/airflow/example_dags/example_short_circuit_decorator.py
[2023-03-09T09:02:49.150+0000] {processor.py:743} INFO - Processing file /home/airflow/.local/lib/python3.7/site-packages/airflow/example_dags/example_short_circuit_decorator.py for tasks to queue
[2023-03-09T09:02:49.151+0000] {logging_mixin.py:137} INFO - [2023-03-09T09:02:49.151+0000] {dagbag.py:538} INFO - Filling up the DagBag from /home/airflow/.local/lib/python3.7/site-packages/airflow/example_dags/example_short_circuit_decorator.py
[2023-03-09T09:02:49.167+0000] {processor.py:753} INFO - DAG(s) dict_keys(['example_short_circuit_decorator']) retrieved from /home/airflow/.local/lib/python3.7/site-packages/airflow/example_dags/example_short_circuit_decorator.py
[2023-03-09T09:02:49.184+0000] {logging_mixin.py:137} INFO - [2023-03-09T09:02:49.184+0000] {dag.py:2690} INFO - Sync 1 DAGs
[2023-03-09T09:02:49.199+0000] {logging_mixin.py:137} INFO - [2023-03-09T09:02:49.199+0000] {dag.py:3441} INFO - Setting next_dagrun for example_short_circuit_decorator to 2023-03-08T09:02:49.199036+00:00, run_after=2023-03-09T09:02:49.199036+00:00
[2023-03-09T09:02:49.210+0000] {processor.py:175} INFO - Processing /home/airflow/.local/lib/python3.7/site-packages/airflow/example_dags/example_short_circuit_decorator.py took 0.063 seconds
[2023-03-09T09:03:19.556+0000] {processor.py:153} INFO - Started process (PID=206) to work on /home/airflow/.local/lib/python3.7/site-packages/airflow/example_dags/example_short_circuit_decorator.py
[2023-03-09T09:03:19.559+0000] {processor.py:743} INFO - Processing file /home/airflow/.local/lib/python3.7/site-packages/airflow/example_dags/example_short_circuit_decorator.py for tasks to queue
[2023-03-09T09:03:19.561+0000] {logging_mixin.py:137} INFO - [2023-03-09T09:03:19.561+0000] {dagbag.py:538} INFO - Filling up the DagBag from /home/airflow/.local/lib/python3.7/site-packages/airflow/example_dags/example_short_circuit_decorator.py
[2023-03-09T09:03:19.613+0000] {processor.py:753} INFO - DAG(s) dict_keys(['example_short_circuit_decorator']) retrieved from /home/airflow/.local/lib/python3.7/site-packages/airflow/example_dags/example_short_circuit_decorator.py
[2023-03-09T09:03:19.677+0000] {logging_mixin.py:137} INFO - [2023-03-09T09:03:19.677+0000] {dag.py:2690} INFO - Sync 1 DAGs
[2023-03-09T09:03:19.814+0000] {logging_mixin.py:137} INFO - [2023-03-09T09:03:19.813+0000] {dag.py:3441} INFO - Setting next_dagrun for example_short_circuit_decorator to 2023-03-08T09:03:19.813419+00:00, run_after=2023-03-09T09:03:19.813419+00:00
[2023-03-09T09:03:19.847+0000] {processor.py:175} INFO - Processing /home/airflow/.local/lib/python3.7/site-packages/airflow/example_dags/example_short_circuit_decorator.py took 0.298 seconds
[2023-03-09T09:03:50.008+0000] {processor.py:153} INFO - Started process (PID=274) to work on /home/airflow/.local/lib/python3.7/site-packages/airflow/example_dags/example_short_circuit_decorator.py
[2023-03-09T09:03:50.011+0000] {processor.py:743} INFO - Processing file /home/airflow/.local/lib/python3.7/site-packages/airflow/example_dags/example_short_circuit_decorator.py for tasks to queue
[2023-03-09T09:03:50.029+0000] {logging_mixin.py:137} INFO - [2023-03-09T09:03:50.028+0000] {dagbag.py:538} INFO - Filling up the DagBag from /home/airflow/.local/lib/python3.7/site-packages/airflow/example_dags/example_short_circuit_decorator.py
[2023-03-09T09:03:50.062+0000] {processor.py:753} INFO - DAG(s) dict_keys(['example_short_circuit_decorator']) retrieved from /home/airflow/.local/lib/python3.7/site-packages/airflow/example_dags/example_short_circuit_decorator.py
[2023-03-09T09:03:50.091+0000] {logging_mixin.py:137} INFO - [2023-03-09T09:03:50.091+0000] {dag.py:2690} INFO - Sync 1 DAGs
[2023-03-09T09:03:50.115+0000] {logging_mixin.py:137} INFO - [2023-03-09T09:03:50.115+0000] {dag.py:3441} INFO - Setting next_dagrun for example_short_circuit_decorator to 2023-03-08T09:03:50.114688+00:00, run_after=2023-03-09T09:03:50.114688+00:00
[2023-03-09T09:03:50.133+0000] {processor.py:175} INFO - Processing /home/airflow/.local/lib/python3.7/site-packages/airflow/example_dags/example_short_circuit_decorator.py took 0.129 seconds
[2023-03-09T09:20:44.361+0000] {processor.py:153} INFO - Started process (PID=59) to work on /home/airflow/.local/lib/python3.7/site-packages/airflow/example_dags/example_short_circuit_decorator.py
[2023-03-09T09:20:44.374+0000] {processor.py:743} INFO - Processing file /home/airflow/.local/lib/python3.7/site-packages/airflow/example_dags/example_short_circuit_decorator.py for tasks to queue
[2023-03-09T09:20:44.395+0000] {logging_mixin.py:137} INFO - [2023-03-09T09:20:44.394+0000] {dagbag.py:538} INFO - Filling up the DagBag from /home/airflow/.local/lib/python3.7/site-packages/airflow/example_dags/example_short_circuit_decorator.py
[2023-03-09T09:20:44.544+0000] {processor.py:753} INFO - DAG(s) dict_keys(['example_short_circuit_decorator']) retrieved from /home/airflow/.local/lib/python3.7/site-packages/airflow/example_dags/example_short_circuit_decorator.py
[2023-03-09T09:20:45.576+0000] {logging_mixin.py:137} INFO - [2023-03-09T09:20:45.576+0000] {manager.py:504} INFO - Created Permission View: can read on DAG:example_short_circuit_decorator
[2023-03-09T09:20:45.666+0000] {logging_mixin.py:137} INFO - [2023-03-09T09:20:45.666+0000] {manager.py:504} INFO - Created Permission View: can edit on DAG:example_short_circuit_decorator
[2023-03-09T09:20:45.731+0000] {logging_mixin.py:137} INFO - [2023-03-09T09:20:45.730+0000] {manager.py:504} INFO - Created Permission View: can delete on DAG:example_short_circuit_decorator
[2023-03-09T09:20:45.735+0000] {logging_mixin.py:137} INFO - [2023-03-09T09:20:45.735+0000] {dag.py:2690} INFO - Sync 1 DAGs
[2023-03-09T09:20:45.816+0000] {logging_mixin.py:137} INFO - [2023-03-09T09:20:45.816+0000] {dag.py:2711} INFO - Creating ORM DAG for example_short_circuit_decorator
[2023-03-09T09:20:45.860+0000] {logging_mixin.py:137} INFO - [2023-03-09T09:20:45.860+0000] {dag.py:3441} INFO - Setting next_dagrun for example_short_circuit_decorator to 2023-03-08T09:20:45.860025+00:00, run_after=2023-03-09T09:20:45.860025+00:00
[2023-03-09T09:20:46.052+0000] {processor.py:175} INFO - Processing /home/airflow/.local/lib/python3.7/site-packages/airflow/example_dags/example_short_circuit_decorator.py took 1.786 seconds
[2023-03-09T09:21:16.475+0000] {processor.py:153} INFO - Started process (PID=127) to work on /home/airflow/.local/lib/python3.7/site-packages/airflow/example_dags/example_short_circuit_decorator.py
[2023-03-09T09:21:16.478+0000] {processor.py:743} INFO - Processing file /home/airflow/.local/lib/python3.7/site-packages/airflow/example_dags/example_short_circuit_decorator.py for tasks to queue
[2023-03-09T09:21:16.480+0000] {logging_mixin.py:137} INFO - [2023-03-09T09:21:16.480+0000] {dagbag.py:538} INFO - Filling up the DagBag from /home/airflow/.local/lib/python3.7/site-packages/airflow/example_dags/example_short_circuit_decorator.py
[2023-03-09T09:21:16.500+0000] {processor.py:753} INFO - DAG(s) dict_keys(['example_short_circuit_decorator']) retrieved from /home/airflow/.local/lib/python3.7/site-packages/airflow/example_dags/example_short_circuit_decorator.py
[2023-03-09T09:21:16.521+0000] {logging_mixin.py:137} INFO - [2023-03-09T09:21:16.521+0000] {dag.py:2690} INFO - Sync 1 DAGs
[2023-03-09T09:21:16.538+0000] {logging_mixin.py:137} INFO - [2023-03-09T09:21:16.538+0000] {dag.py:3441} INFO - Setting next_dagrun for example_short_circuit_decorator to 2023-03-08T09:21:16.538534+00:00, run_after=2023-03-09T09:21:16.538534+00:00
[2023-03-09T09:21:16.554+0000] {processor.py:175} INFO - Processing /home/airflow/.local/lib/python3.7/site-packages/airflow/example_dags/example_short_circuit_decorator.py took 0.083 seconds
[2023-03-09T09:21:47.108+0000] {processor.py:153} INFO - Started process (PID=195) to work on /home/airflow/.local/lib/python3.7/site-packages/airflow/example_dags/example_short_circuit_decorator.py
[2023-03-09T09:21:47.118+0000] {processor.py:743} INFO - Processing file /home/airflow/.local/lib/python3.7/site-packages/airflow/example_dags/example_short_circuit_decorator.py for tasks to queue
[2023-03-09T09:21:47.122+0000] {logging_mixin.py:137} INFO - [2023-03-09T09:21:47.122+0000] {dagbag.py:538} INFO - Filling up the DagBag from /home/airflow/.local/lib/python3.7/site-packages/airflow/example_dags/example_short_circuit_decorator.py
[2023-03-09T09:21:47.171+0000] {processor.py:753} INFO - DAG(s) dict_keys(['example_short_circuit_decorator']) retrieved from /home/airflow/.local/lib/python3.7/site-packages/airflow/example_dags/example_short_circuit_decorator.py
[2023-03-09T09:21:47.311+0000] {logging_mixin.py:137} INFO - [2023-03-09T09:21:47.308+0000] {dag.py:2690} INFO - Sync 1 DAGs
[2023-03-09T09:21:47.367+0000] {logging_mixin.py:137} INFO - [2023-03-09T09:21:47.367+0000] {dag.py:3441} INFO - Setting next_dagrun for example_short_circuit_decorator to 2023-03-08T09:21:47.367084+00:00, run_after=2023-03-09T09:21:47.367084+00:00
[2023-03-09T09:21:47.409+0000] {processor.py:175} INFO - Processing /home/airflow/.local/lib/python3.7/site-packages/airflow/example_dags/example_short_circuit_decorator.py took 0.305 seconds
[2023-03-09T09:22:17.850+0000] {processor.py:153} INFO - Started process (PID=274) to work on /home/airflow/.local/lib/python3.7/site-packages/airflow/example_dags/example_short_circuit_decorator.py
[2023-03-09T09:22:17.852+0000] {processor.py:743} INFO - Processing file /home/airflow/.local/lib/python3.7/site-packages/airflow/example_dags/example_short_circuit_decorator.py for tasks to queue
[2023-03-09T09:22:17.853+0000] {logging_mixin.py:137} INFO - [2023-03-09T09:22:17.853+0000] {dagbag.py:538} INFO - Filling up the DagBag from /home/airflow/.local/lib/python3.7/site-packages/airflow/example_dags/example_short_circuit_decorator.py
[2023-03-09T09:22:17.876+0000] {processor.py:753} INFO - DAG(s) dict_keys(['example_short_circuit_decorator']) retrieved from /home/airflow/.local/lib/python3.7/site-packages/airflow/example_dags/example_short_circuit_decorator.py
[2023-03-09T09:22:17.899+0000] {logging_mixin.py:137} INFO - [2023-03-09T09:22:17.899+0000] {dag.py:2690} INFO - Sync 1 DAGs
[2023-03-09T09:22:17.917+0000] {logging_mixin.py:137} INFO - [2023-03-09T09:22:17.917+0000] {dag.py:3441} INFO - Setting next_dagrun for example_short_circuit_decorator to 2023-03-08T09:22:17.917490+00:00, run_after=2023-03-09T09:22:17.917490+00:00
[2023-03-09T09:22:17.930+0000] {processor.py:175} INFO - Processing /home/airflow/.local/lib/python3.7/site-packages/airflow/example_dags/example_short_circuit_decorator.py took 0.083 seconds
[2023-03-09T09:22:48.202+0000] {processor.py:153} INFO - Started process (PID=351) to work on /home/airflow/.local/lib/python3.7/site-packages/airflow/example_dags/example_short_circuit_decorator.py
[2023-03-09T09:22:48.205+0000] {processor.py:743} INFO - Processing file /home/airflow/.local/lib/python3.7/site-packages/airflow/example_dags/example_short_circuit_decorator.py for tasks to queue
[2023-03-09T09:22:48.206+0000] {logging_mixin.py:137} INFO - [2023-03-09T09:22:48.206+0000] {dagbag.py:538} INFO - Filling up the DagBag from /home/airflow/.local/lib/python3.7/site-packages/airflow/example_dags/example_short_circuit_decorator.py
[2023-03-09T09:22:48.229+0000] {processor.py:753} INFO - DAG(s) dict_keys(['example_short_circuit_decorator']) retrieved from /home/airflow/.local/lib/python3.7/site-packages/airflow/example_dags/example_short_circuit_decorator.py
[2023-03-09T09:22:48.250+0000] {logging_mixin.py:137} INFO - [2023-03-09T09:22:48.250+0000] {dag.py:2690} INFO - Sync 1 DAGs
[2023-03-09T09:22:48.265+0000] {logging_mixin.py:137} INFO - [2023-03-09T09:22:48.265+0000] {dag.py:3441} INFO - Setting next_dagrun for example_short_circuit_decorator to 2023-03-08T09:22:48.265367+00:00, run_after=2023-03-09T09:22:48.265367+00:00
[2023-03-09T09:22:48.276+0000] {processor.py:175} INFO - Processing /home/airflow/.local/lib/python3.7/site-packages/airflow/example_dags/example_short_circuit_decorator.py took 0.078 seconds
[2023-03-09T09:23:18.444+0000] {processor.py:153} INFO - Started process (PID=418) to work on /home/airflow/.local/lib/python3.7/site-packages/airflow/example_dags/example_short_circuit_decorator.py
[2023-03-09T09:23:18.446+0000] {processor.py:743} INFO - Processing file /home/airflow/.local/lib/python3.7/site-packages/airflow/example_dags/example_short_circuit_decorator.py for tasks to queue
[2023-03-09T09:23:18.448+0000] {logging_mixin.py:137} INFO - [2023-03-09T09:23:18.447+0000] {dagbag.py:538} INFO - Filling up the DagBag from /home/airflow/.local/lib/python3.7/site-packages/airflow/example_dags/example_short_circuit_decorator.py
[2023-03-09T09:23:18.472+0000] {processor.py:753} INFO - DAG(s) dict_keys(['example_short_circuit_decorator']) retrieved from /home/airflow/.local/lib/python3.7/site-packages/airflow/example_dags/example_short_circuit_decorator.py
[2023-03-09T09:23:18.512+0000] {logging_mixin.py:137} INFO - [2023-03-09T09:23:18.512+0000] {dag.py:2690} INFO - Sync 1 DAGs
[2023-03-09T09:23:18.543+0000] {logging_mixin.py:137} INFO - [2023-03-09T09:23:18.543+0000] {dag.py:3441} INFO - Setting next_dagrun for example_short_circuit_decorator to 2023-03-08T09:23:18.542885+00:00, run_after=2023-03-09T09:23:18.542885+00:00
[2023-03-09T09:23:18.561+0000] {processor.py:175} INFO - Processing /home/airflow/.local/lib/python3.7/site-packages/airflow/example_dags/example_short_circuit_decorator.py took 0.120 seconds
[2023-03-09T09:23:48.745+0000] {processor.py:153} INFO - Started process (PID=505) to work on /home/airflow/.local/lib/python3.7/site-packages/airflow/example_dags/example_short_circuit_decorator.py
[2023-03-09T09:23:48.747+0000] {processor.py:743} INFO - Processing file /home/airflow/.local/lib/python3.7/site-packages/airflow/example_dags/example_short_circuit_decorator.py for tasks to queue
[2023-03-09T09:23:48.749+0000] {logging_mixin.py:137} INFO - [2023-03-09T09:23:48.748+0000] {dagbag.py:538} INFO - Filling up the DagBag from /home/airflow/.local/lib/python3.7/site-packages/airflow/example_dags/example_short_circuit_decorator.py
[2023-03-09T09:23:48.765+0000] {processor.py:753} INFO - DAG(s) dict_keys(['example_short_circuit_decorator']) retrieved from /home/airflow/.local/lib/python3.7/site-packages/airflow/example_dags/example_short_circuit_decorator.py
[2023-03-09T09:23:48.784+0000] {logging_mixin.py:137} INFO - [2023-03-09T09:23:48.783+0000] {dag.py:2690} INFO - Sync 1 DAGs
[2023-03-09T09:23:48.800+0000] {logging_mixin.py:137} INFO - [2023-03-09T09:23:48.800+0000] {dag.py:3441} INFO - Setting next_dagrun for example_short_circuit_decorator to 2023-03-08T09:23:48.799902+00:00, run_after=2023-03-09T09:23:48.799902+00:00
[2023-03-09T09:23:48.812+0000] {processor.py:175} INFO - Processing /home/airflow/.local/lib/python3.7/site-packages/airflow/example_dags/example_short_circuit_decorator.py took 0.069 seconds
[2023-03-09T09:24:18.902+0000] {processor.py:153} INFO - Started process (PID=580) to work on /home/airflow/.local/lib/python3.7/site-packages/airflow/example_dags/example_short_circuit_decorator.py
[2023-03-09T09:24:18.904+0000] {processor.py:743} INFO - Processing file /home/airflow/.local/lib/python3.7/site-packages/airflow/example_dags/example_short_circuit_decorator.py for tasks to queue
[2023-03-09T09:24:18.905+0000] {logging_mixin.py:137} INFO - [2023-03-09T09:24:18.905+0000] {dagbag.py:538} INFO - Filling up the DagBag from /home/airflow/.local/lib/python3.7/site-packages/airflow/example_dags/example_short_circuit_decorator.py
[2023-03-09T09:24:18.923+0000] {processor.py:753} INFO - DAG(s) dict_keys(['example_short_circuit_decorator']) retrieved from /home/airflow/.local/lib/python3.7/site-packages/airflow/example_dags/example_short_circuit_decorator.py
[2023-03-09T09:24:18.942+0000] {logging_mixin.py:137} INFO - [2023-03-09T09:24:18.942+0000] {dag.py:2690} INFO - Sync 1 DAGs
[2023-03-09T09:24:18.958+0000] {logging_mixin.py:137} INFO - [2023-03-09T09:24:18.958+0000] {dag.py:3441} INFO - Setting next_dagrun for example_short_circuit_decorator to 2023-03-08T09:24:18.958095+00:00, run_after=2023-03-09T09:24:18.958095+00:00
[2023-03-09T09:24:18.971+0000] {processor.py:175} INFO - Processing /home/airflow/.local/lib/python3.7/site-packages/airflow/example_dags/example_short_circuit_decorator.py took 0.072 seconds
[2023-03-09T09:24:49.713+0000] {processor.py:153} INFO - Started process (PID=646) to work on /home/airflow/.local/lib/python3.7/site-packages/airflow/example_dags/example_short_circuit_decorator.py
[2023-03-09T09:24:49.717+0000] {processor.py:743} INFO - Processing file /home/airflow/.local/lib/python3.7/site-packages/airflow/example_dags/example_short_circuit_decorator.py for tasks to queue
[2023-03-09T09:24:49.720+0000] {logging_mixin.py:137} INFO - [2023-03-09T09:24:49.719+0000] {dagbag.py:538} INFO - Filling up the DagBag from /home/airflow/.local/lib/python3.7/site-packages/airflow/example_dags/example_short_circuit_decorator.py
[2023-03-09T09:24:49.754+0000] {processor.py:753} INFO - DAG(s) dict_keys(['example_short_circuit_decorator']) retrieved from /home/airflow/.local/lib/python3.7/site-packages/airflow/example_dags/example_short_circuit_decorator.py
[2023-03-09T09:24:49.797+0000] {logging_mixin.py:137} INFO - [2023-03-09T09:24:49.797+0000] {dag.py:2690} INFO - Sync 1 DAGs
[2023-03-09T09:24:49.832+0000] {logging_mixin.py:137} INFO - [2023-03-09T09:24:49.832+0000] {dag.py:3441} INFO - Setting next_dagrun for example_short_circuit_decorator to 2023-03-08T09:24:49.832478+00:00, run_after=2023-03-09T09:24:49.832478+00:00
[2023-03-09T09:24:49.866+0000] {processor.py:175} INFO - Processing /home/airflow/.local/lib/python3.7/site-packages/airflow/example_dags/example_short_circuit_decorator.py took 0.163 seconds
[2023-03-09T09:25:20.017+0000] {processor.py:153} INFO - Started process (PID=722) to work on /home/airflow/.local/lib/python3.7/site-packages/airflow/example_dags/example_short_circuit_decorator.py
[2023-03-09T09:25:20.019+0000] {processor.py:743} INFO - Processing file /home/airflow/.local/lib/python3.7/site-packages/airflow/example_dags/example_short_circuit_decorator.py for tasks to queue
[2023-03-09T09:25:20.020+0000] {logging_mixin.py:137} INFO - [2023-03-09T09:25:20.020+0000] {dagbag.py:538} INFO - Filling up the DagBag from /home/airflow/.local/lib/python3.7/site-packages/airflow/example_dags/example_short_circuit_decorator.py
[2023-03-09T09:25:20.037+0000] {processor.py:753} INFO - DAG(s) dict_keys(['example_short_circuit_decorator']) retrieved from /home/airflow/.local/lib/python3.7/site-packages/airflow/example_dags/example_short_circuit_decorator.py
[2023-03-09T09:25:20.057+0000] {logging_mixin.py:137} INFO - [2023-03-09T09:25:20.057+0000] {dag.py:2690} INFO - Sync 1 DAGs
[2023-03-09T09:25:20.075+0000] {logging_mixin.py:137} INFO - [2023-03-09T09:25:20.074+0000] {dag.py:3441} INFO - Setting next_dagrun for example_short_circuit_decorator to 2023-03-08T09:25:20.074760+00:00, run_after=2023-03-09T09:25:20.074760+00:00
[2023-03-09T09:25:20.088+0000] {processor.py:175} INFO - Processing /home/airflow/.local/lib/python3.7/site-packages/airflow/example_dags/example_short_circuit_decorator.py took 0.073 seconds
[2023-03-09T09:25:50.649+0000] {processor.py:153} INFO - Started process (PID=803) to work on /home/airflow/.local/lib/python3.7/site-packages/airflow/example_dags/example_short_circuit_decorator.py
[2023-03-09T09:25:50.651+0000] {processor.py:743} INFO - Processing file /home/airflow/.local/lib/python3.7/site-packages/airflow/example_dags/example_short_circuit_decorator.py for tasks to queue
[2023-03-09T09:25:50.652+0000] {logging_mixin.py:137} INFO - [2023-03-09T09:25:50.652+0000] {dagbag.py:538} INFO - Filling up the DagBag from /home/airflow/.local/lib/python3.7/site-packages/airflow/example_dags/example_short_circuit_decorator.py
[2023-03-09T09:25:50.669+0000] {processor.py:753} INFO - DAG(s) dict_keys(['example_short_circuit_decorator']) retrieved from /home/airflow/.local/lib/python3.7/site-packages/airflow/example_dags/example_short_circuit_decorator.py
[2023-03-09T09:25:50.688+0000] {logging_mixin.py:137} INFO - [2023-03-09T09:25:50.688+0000] {dag.py:2690} INFO - Sync 1 DAGs
[2023-03-09T09:25:50.703+0000] {logging_mixin.py:137} INFO - [2023-03-09T09:25:50.703+0000] {dag.py:3441} INFO - Setting next_dagrun for example_short_circuit_decorator to 2023-03-08T09:25:50.703763+00:00, run_after=2023-03-09T09:25:50.703763+00:00
[2023-03-09T09:25:50.715+0000] {processor.py:175} INFO - Processing /home/airflow/.local/lib/python3.7/site-packages/airflow/example_dags/example_short_circuit_decorator.py took 0.069 seconds
[2023-03-09T09:26:20.746+0000] {processor.py:153} INFO - Started process (PID=867) to work on /home/airflow/.local/lib/python3.7/site-packages/airflow/example_dags/example_short_circuit_decorator.py
[2023-03-09T09:26:20.748+0000] {processor.py:743} INFO - Processing file /home/airflow/.local/lib/python3.7/site-packages/airflow/example_dags/example_short_circuit_decorator.py for tasks to queue
[2023-03-09T09:26:20.750+0000] {logging_mixin.py:137} INFO - [2023-03-09T09:26:20.749+0000] {dagbag.py:538} INFO - Filling up the DagBag from /home/airflow/.local/lib/python3.7/site-packages/airflow/example_dags/example_short_circuit_decorator.py
[2023-03-09T09:26:20.770+0000] {processor.py:753} INFO - DAG(s) dict_keys(['example_short_circuit_decorator']) retrieved from /home/airflow/.local/lib/python3.7/site-packages/airflow/example_dags/example_short_circuit_decorator.py
[2023-03-09T09:26:20.789+0000] {logging_mixin.py:137} INFO - [2023-03-09T09:26:20.789+0000] {dag.py:2690} INFO - Sync 1 DAGs
[2023-03-09T09:26:20.806+0000] {logging_mixin.py:137} INFO - [2023-03-09T09:26:20.806+0000] {dag.py:3441} INFO - Setting next_dagrun for example_short_circuit_decorator to 2023-03-08T09:26:20.806381+00:00, run_after=2023-03-09T09:26:20.806381+00:00
[2023-03-09T09:26:20.819+0000] {processor.py:175} INFO - Processing /home/airflow/.local/lib/python3.7/site-packages/airflow/example_dags/example_short_circuit_decorator.py took 0.076 seconds
[2023-03-09T09:26:51.690+0000] {processor.py:153} INFO - Started process (PID=946) to work on /home/airflow/.local/lib/python3.7/site-packages/airflow/example_dags/example_short_circuit_decorator.py
[2023-03-09T09:26:51.692+0000] {processor.py:743} INFO - Processing file /home/airflow/.local/lib/python3.7/site-packages/airflow/example_dags/example_short_circuit_decorator.py for tasks to queue
[2023-03-09T09:26:51.693+0000] {logging_mixin.py:137} INFO - [2023-03-09T09:26:51.693+0000] {dagbag.py:538} INFO - Filling up the DagBag from /home/airflow/.local/lib/python3.7/site-packages/airflow/example_dags/example_short_circuit_decorator.py
[2023-03-09T09:26:51.710+0000] {processor.py:753} INFO - DAG(s) dict_keys(['example_short_circuit_decorator']) retrieved from /home/airflow/.local/lib/python3.7/site-packages/airflow/example_dags/example_short_circuit_decorator.py
[2023-03-09T09:26:51.729+0000] {logging_mixin.py:137} INFO - [2023-03-09T09:26:51.729+0000] {dag.py:2690} INFO - Sync 1 DAGs
[2023-03-09T09:26:51.744+0000] {logging_mixin.py:137} INFO - [2023-03-09T09:26:51.744+0000] {dag.py:3441} INFO - Setting next_dagrun for example_short_circuit_decorator to 2023-03-08T09:26:51.744312+00:00, run_after=2023-03-09T09:26:51.744312+00:00
[2023-03-09T09:26:51.756+0000] {processor.py:175} INFO - Processing /home/airflow/.local/lib/python3.7/site-packages/airflow/example_dags/example_short_circuit_decorator.py took 0.069 seconds
[2023-03-09T09:27:22.068+0000] {processor.py:153} INFO - Started process (PID=1028) to work on /home/airflow/.local/lib/python3.7/site-packages/airflow/example_dags/example_short_circuit_decorator.py
[2023-03-09T09:27:22.071+0000] {processor.py:743} INFO - Processing file /home/airflow/.local/lib/python3.7/site-packages/airflow/example_dags/example_short_circuit_decorator.py for tasks to queue
[2023-03-09T09:27:22.072+0000] {logging_mixin.py:137} INFO - [2023-03-09T09:27:22.072+0000] {dagbag.py:538} INFO - Filling up the DagBag from /home/airflow/.local/lib/python3.7/site-packages/airflow/example_dags/example_short_circuit_decorator.py
[2023-03-09T09:27:22.088+0000] {processor.py:753} INFO - DAG(s) dict_keys(['example_short_circuit_decorator']) retrieved from /home/airflow/.local/lib/python3.7/site-packages/airflow/example_dags/example_short_circuit_decorator.py
[2023-03-09T09:27:22.106+0000] {logging_mixin.py:137} INFO - [2023-03-09T09:27:22.106+0000] {dag.py:2690} INFO - Sync 1 DAGs
[2023-03-09T09:27:22.122+0000] {logging_mixin.py:137} INFO - [2023-03-09T09:27:22.122+0000] {dag.py:3441} INFO - Setting next_dagrun for example_short_circuit_decorator to 2023-03-08T09:27:22.122597+00:00, run_after=2023-03-09T09:27:22.122597+00:00
[2023-03-09T09:27:22.134+0000] {processor.py:175} INFO - Processing /home/airflow/.local/lib/python3.7/site-packages/airflow/example_dags/example_short_circuit_decorator.py took 0.069 seconds
[2023-03-09T09:27:52.186+0000] {processor.py:153} INFO - Started process (PID=1103) to work on /home/airflow/.local/lib/python3.7/site-packages/airflow/example_dags/example_short_circuit_decorator.py
[2023-03-09T09:27:52.189+0000] {processor.py:743} INFO - Processing file /home/airflow/.local/lib/python3.7/site-packages/airflow/example_dags/example_short_circuit_decorator.py for tasks to queue
[2023-03-09T09:27:52.190+0000] {logging_mixin.py:137} INFO - [2023-03-09T09:27:52.190+0000] {dagbag.py:538} INFO - Filling up the DagBag from /home/airflow/.local/lib/python3.7/site-packages/airflow/example_dags/example_short_circuit_decorator.py
[2023-03-09T09:27:52.208+0000] {processor.py:753} INFO - DAG(s) dict_keys(['example_short_circuit_decorator']) retrieved from /home/airflow/.local/lib/python3.7/site-packages/airflow/example_dags/example_short_circuit_decorator.py
[2023-03-09T09:27:52.232+0000] {logging_mixin.py:137} INFO - [2023-03-09T09:27:52.232+0000] {dag.py:2690} INFO - Sync 1 DAGs
[2023-03-09T09:27:52.257+0000] {logging_mixin.py:137} INFO - [2023-03-09T09:27:52.257+0000] {dag.py:3441} INFO - Setting next_dagrun for example_short_circuit_decorator to 2023-03-08T09:27:52.256963+00:00, run_after=2023-03-09T09:27:52.256963+00:00
[2023-03-09T09:27:52.274+0000] {processor.py:175} INFO - Processing /home/airflow/.local/lib/python3.7/site-packages/airflow/example_dags/example_short_circuit_decorator.py took 0.092 seconds
[2023-03-09T09:28:22.370+0000] {processor.py:153} INFO - Started process (PID=1176) to work on /home/airflow/.local/lib/python3.7/site-packages/airflow/example_dags/example_short_circuit_decorator.py
[2023-03-09T09:28:22.372+0000] {processor.py:743} INFO - Processing file /home/airflow/.local/lib/python3.7/site-packages/airflow/example_dags/example_short_circuit_decorator.py for tasks to queue
[2023-03-09T09:28:22.373+0000] {logging_mixin.py:137} INFO - [2023-03-09T09:28:22.373+0000] {dagbag.py:538} INFO - Filling up the DagBag from /home/airflow/.local/lib/python3.7/site-packages/airflow/example_dags/example_short_circuit_decorator.py
[2023-03-09T09:28:22.391+0000] {processor.py:753} INFO - DAG(s) dict_keys(['example_short_circuit_decorator']) retrieved from /home/airflow/.local/lib/python3.7/site-packages/airflow/example_dags/example_short_circuit_decorator.py
[2023-03-09T09:28:22.410+0000] {logging_mixin.py:137} INFO - [2023-03-09T09:28:22.410+0000] {dag.py:2690} INFO - Sync 1 DAGs
[2023-03-09T09:28:22.431+0000] {logging_mixin.py:137} INFO - [2023-03-09T09:28:22.430+0000] {dag.py:3441} INFO - Setting next_dagrun for example_short_circuit_decorator to 2023-03-08T09:28:22.430726+00:00, run_after=2023-03-09T09:28:22.430726+00:00
[2023-03-09T09:28:22.445+0000] {processor.py:175} INFO - Processing /home/airflow/.local/lib/python3.7/site-packages/airflow/example_dags/example_short_circuit_decorator.py took 0.077 seconds
[2023-03-09T09:28:52.952+0000] {processor.py:153} INFO - Started process (PID=1256) to work on /home/airflow/.local/lib/python3.7/site-packages/airflow/example_dags/example_short_circuit_decorator.py
[2023-03-09T09:28:52.953+0000] {processor.py:743} INFO - Processing file /home/airflow/.local/lib/python3.7/site-packages/airflow/example_dags/example_short_circuit_decorator.py for tasks to queue
[2023-03-09T09:28:52.955+0000] {logging_mixin.py:137} INFO - [2023-03-09T09:28:52.955+0000] {dagbag.py:538} INFO - Filling up the DagBag from /home/airflow/.local/lib/python3.7/site-packages/airflow/example_dags/example_short_circuit_decorator.py
[2023-03-09T09:28:52.975+0000] {processor.py:753} INFO - DAG(s) dict_keys(['example_short_circuit_decorator']) retrieved from /home/airflow/.local/lib/python3.7/site-packages/airflow/example_dags/example_short_circuit_decorator.py
[2023-03-09T09:28:52.996+0000] {logging_mixin.py:137} INFO - [2023-03-09T09:28:52.996+0000] {dag.py:2690} INFO - Sync 1 DAGs
[2023-03-09T09:28:53.013+0000] {logging_mixin.py:137} INFO - [2023-03-09T09:28:53.012+0000] {dag.py:3441} INFO - Setting next_dagrun for example_short_circuit_decorator to 2023-03-08T09:28:53.012829+00:00, run_after=2023-03-09T09:28:53.012829+00:00
[2023-03-09T09:28:53.026+0000] {processor.py:175} INFO - Processing /home/airflow/.local/lib/python3.7/site-packages/airflow/example_dags/example_short_circuit_decorator.py took 0.077 seconds
[2023-03-09T09:29:23.243+0000] {processor.py:153} INFO - Started process (PID=1321) to work on /home/airflow/.local/lib/python3.7/site-packages/airflow/example_dags/example_short_circuit_decorator.py
[2023-03-09T09:29:23.246+0000] {processor.py:743} INFO - Processing file /home/airflow/.local/lib/python3.7/site-packages/airflow/example_dags/example_short_circuit_decorator.py for tasks to queue
[2023-03-09T09:29:23.247+0000] {logging_mixin.py:137} INFO - [2023-03-09T09:29:23.247+0000] {dagbag.py:538} INFO - Filling up the DagBag from /home/airflow/.local/lib/python3.7/site-packages/airflow/example_dags/example_short_circuit_decorator.py
[2023-03-09T09:29:23.264+0000] {processor.py:753} INFO - DAG(s) dict_keys(['example_short_circuit_decorator']) retrieved from /home/airflow/.local/lib/python3.7/site-packages/airflow/example_dags/example_short_circuit_decorator.py
[2023-03-09T09:29:23.281+0000] {logging_mixin.py:137} INFO - [2023-03-09T09:29:23.281+0000] {dag.py:2690} INFO - Sync 1 DAGs
[2023-03-09T09:29:23.297+0000] {logging_mixin.py:137} INFO - [2023-03-09T09:29:23.297+0000] {dag.py:3441} INFO - Setting next_dagrun for example_short_circuit_decorator to 2023-03-08T09:29:23.296933+00:00, run_after=2023-03-09T09:29:23.296933+00:00
[2023-03-09T09:29:23.311+0000] {processor.py:175} INFO - Processing /home/airflow/.local/lib/python3.7/site-packages/airflow/example_dags/example_short_circuit_decorator.py took 0.071 seconds
[2023-03-09T09:29:53.585+0000] {processor.py:153} INFO - Started process (PID=1404) to work on /home/airflow/.local/lib/python3.7/site-packages/airflow/example_dags/example_short_circuit_decorator.py
[2023-03-09T09:29:53.588+0000] {processor.py:743} INFO - Processing file /home/airflow/.local/lib/python3.7/site-packages/airflow/example_dags/example_short_circuit_decorator.py for tasks to queue
[2023-03-09T09:29:53.589+0000] {logging_mixin.py:137} INFO - [2023-03-09T09:29:53.589+0000] {dagbag.py:538} INFO - Filling up the DagBag from /home/airflow/.local/lib/python3.7/site-packages/airflow/example_dags/example_short_circuit_decorator.py
[2023-03-09T09:29:53.606+0000] {processor.py:753} INFO - DAG(s) dict_keys(['example_short_circuit_decorator']) retrieved from /home/airflow/.local/lib/python3.7/site-packages/airflow/example_dags/example_short_circuit_decorator.py
[2023-03-09T09:29:53.625+0000] {logging_mixin.py:137} INFO - [2023-03-09T09:29:53.625+0000] {dag.py:2690} INFO - Sync 1 DAGs
[2023-03-09T09:29:53.640+0000] {logging_mixin.py:137} INFO - [2023-03-09T09:29:53.640+0000] {dag.py:3441} INFO - Setting next_dagrun for example_short_circuit_decorator to 2023-03-08T09:29:53.640641+00:00, run_after=2023-03-09T09:29:53.640641+00:00
[2023-03-09T09:29:53.652+0000] {processor.py:175} INFO - Processing /home/airflow/.local/lib/python3.7/site-packages/airflow/example_dags/example_short_circuit_decorator.py took 0.070 seconds
[2023-03-09T09:30:24.145+0000] {processor.py:153} INFO - Started process (PID=1484) to work on /home/airflow/.local/lib/python3.7/site-packages/airflow/example_dags/example_short_circuit_decorator.py
[2023-03-09T09:30:24.146+0000] {processor.py:743} INFO - Processing file /home/airflow/.local/lib/python3.7/site-packages/airflow/example_dags/example_short_circuit_decorator.py for tasks to queue
[2023-03-09T09:30:24.148+0000] {logging_mixin.py:137} INFO - [2023-03-09T09:30:24.147+0000] {dagbag.py:538} INFO - Filling up the DagBag from /home/airflow/.local/lib/python3.7/site-packages/airflow/example_dags/example_short_circuit_decorator.py
[2023-03-09T09:30:24.167+0000] {processor.py:753} INFO - DAG(s) dict_keys(['example_short_circuit_decorator']) retrieved from /home/airflow/.local/lib/python3.7/site-packages/airflow/example_dags/example_short_circuit_decorator.py
[2023-03-09T09:30:24.188+0000] {logging_mixin.py:137} INFO - [2023-03-09T09:30:24.188+0000] {dag.py:2690} INFO - Sync 1 DAGs
[2023-03-09T09:30:24.204+0000] {logging_mixin.py:137} INFO - [2023-03-09T09:30:24.204+0000] {dag.py:3441} INFO - Setting next_dagrun for example_short_circuit_decorator to 2023-03-08T09:30:24.204461+00:00, run_after=2023-03-09T09:30:24.204461+00:00
[2023-03-09T09:30:24.216+0000] {processor.py:175} INFO - Processing /home/airflow/.local/lib/python3.7/site-packages/airflow/example_dags/example_short_circuit_decorator.py took 0.074 seconds
[2023-03-09T09:30:54.435+0000] {processor.py:153} INFO - Started process (PID=1549) to work on /home/airflow/.local/lib/python3.7/site-packages/airflow/example_dags/example_short_circuit_decorator.py
[2023-03-09T09:30:54.437+0000] {processor.py:743} INFO - Processing file /home/airflow/.local/lib/python3.7/site-packages/airflow/example_dags/example_short_circuit_decorator.py for tasks to queue
[2023-03-09T09:30:54.438+0000] {logging_mixin.py:137} INFO - [2023-03-09T09:30:54.438+0000] {dagbag.py:538} INFO - Filling up the DagBag from /home/airflow/.local/lib/python3.7/site-packages/airflow/example_dags/example_short_circuit_decorator.py
[2023-03-09T09:30:54.461+0000] {processor.py:753} INFO - DAG(s) dict_keys(['example_short_circuit_decorator']) retrieved from /home/airflow/.local/lib/python3.7/site-packages/airflow/example_dags/example_short_circuit_decorator.py
[2023-03-09T09:30:54.486+0000] {logging_mixin.py:137} INFO - [2023-03-09T09:30:54.486+0000] {dag.py:2690} INFO - Sync 1 DAGs
[2023-03-09T09:30:54.504+0000] {logging_mixin.py:137} INFO - [2023-03-09T09:30:54.504+0000] {dag.py:3441} INFO - Setting next_dagrun for example_short_circuit_decorator to 2023-03-08T09:30:54.504202+00:00, run_after=2023-03-09T09:30:54.504202+00:00
[2023-03-09T09:30:54.517+0000] {processor.py:175} INFO - Processing /home/airflow/.local/lib/python3.7/site-packages/airflow/example_dags/example_short_circuit_decorator.py took 0.087 seconds
[2023-03-09T09:31:24.900+0000] {processor.py:153} INFO - Started process (PID=1632) to work on /home/airflow/.local/lib/python3.7/site-packages/airflow/example_dags/example_short_circuit_decorator.py
[2023-03-09T09:31:24.902+0000] {processor.py:743} INFO - Processing file /home/airflow/.local/lib/python3.7/site-packages/airflow/example_dags/example_short_circuit_decorator.py for tasks to queue
[2023-03-09T09:31:24.903+0000] {logging_mixin.py:137} INFO - [2023-03-09T09:31:24.903+0000] {dagbag.py:538} INFO - Filling up the DagBag from /home/airflow/.local/lib/python3.7/site-packages/airflow/example_dags/example_short_circuit_decorator.py
[2023-03-09T09:31:24.920+0000] {processor.py:753} INFO - DAG(s) dict_keys(['example_short_circuit_decorator']) retrieved from /home/airflow/.local/lib/python3.7/site-packages/airflow/example_dags/example_short_circuit_decorator.py
[2023-03-09T09:31:24.975+0000] {logging_mixin.py:137} INFO - [2023-03-09T09:31:24.975+0000] {dag.py:2690} INFO - Sync 1 DAGs
[2023-03-09T09:31:25.000+0000] {logging_mixin.py:137} INFO - [2023-03-09T09:31:25.000+0000] {dag.py:3441} INFO - Setting next_dagrun for example_short_circuit_decorator to 2023-03-08T09:31:25.000037+00:00, run_after=2023-03-09T09:31:25.000037+00:00
[2023-03-09T09:31:25.029+0000] {processor.py:175} INFO - Processing /home/airflow/.local/lib/python3.7/site-packages/airflow/example_dags/example_short_circuit_decorator.py took 0.132 seconds
[2023-03-09T09:31:55.123+0000] {processor.py:153} INFO - Started process (PID=1715) to work on /home/airflow/.local/lib/python3.7/site-packages/airflow/example_dags/example_short_circuit_decorator.py
[2023-03-09T09:31:55.125+0000] {processor.py:743} INFO - Processing file /home/airflow/.local/lib/python3.7/site-packages/airflow/example_dags/example_short_circuit_decorator.py for tasks to queue
[2023-03-09T09:31:55.126+0000] {logging_mixin.py:137} INFO - [2023-03-09T09:31:55.126+0000] {dagbag.py:538} INFO - Filling up the DagBag from /home/airflow/.local/lib/python3.7/site-packages/airflow/example_dags/example_short_circuit_decorator.py
[2023-03-09T09:31:55.144+0000] {processor.py:753} INFO - DAG(s) dict_keys(['example_short_circuit_decorator']) retrieved from /home/airflow/.local/lib/python3.7/site-packages/airflow/example_dags/example_short_circuit_decorator.py
[2023-03-09T09:31:55.163+0000] {logging_mixin.py:137} INFO - [2023-03-09T09:31:55.162+0000] {dag.py:2690} INFO - Sync 1 DAGs
[2023-03-09T09:31:55.181+0000] {logging_mixin.py:137} INFO - [2023-03-09T09:31:55.181+0000] {dag.py:3441} INFO - Setting next_dagrun for example_short_circuit_decorator to 2023-03-08T09:31:55.181289+00:00, run_after=2023-03-09T09:31:55.181289+00:00
[2023-03-09T09:31:55.195+0000] {processor.py:175} INFO - Processing /home/airflow/.local/lib/python3.7/site-packages/airflow/example_dags/example_short_circuit_decorator.py took 0.075 seconds
[2023-03-09T09:32:25.367+0000] {processor.py:153} INFO - Started process (PID=1783) to work on /home/airflow/.local/lib/python3.7/site-packages/airflow/example_dags/example_short_circuit_decorator.py
[2023-03-09T09:32:25.370+0000] {processor.py:743} INFO - Processing file /home/airflow/.local/lib/python3.7/site-packages/airflow/example_dags/example_short_circuit_decorator.py for tasks to queue
[2023-03-09T09:32:25.372+0000] {logging_mixin.py:137} INFO - [2023-03-09T09:32:25.372+0000] {dagbag.py:538} INFO - Filling up the DagBag from /home/airflow/.local/lib/python3.7/site-packages/airflow/example_dags/example_short_circuit_decorator.py
[2023-03-09T09:32:25.387+0000] {processor.py:753} INFO - DAG(s) dict_keys(['example_short_circuit_decorator']) retrieved from /home/airflow/.local/lib/python3.7/site-packages/airflow/example_dags/example_short_circuit_decorator.py
[2023-03-09T09:32:25.406+0000] {logging_mixin.py:137} INFO - [2023-03-09T09:32:25.406+0000] {dag.py:2690} INFO - Sync 1 DAGs
[2023-03-09T09:32:25.420+0000] {logging_mixin.py:137} INFO - [2023-03-09T09:32:25.420+0000] {dag.py:3441} INFO - Setting next_dagrun for example_short_circuit_decorator to 2023-03-08T09:32:25.420379+00:00, run_after=2023-03-09T09:32:25.420379+00:00
[2023-03-09T09:32:25.432+0000] {processor.py:175} INFO - Processing /home/airflow/.local/lib/python3.7/site-packages/airflow/example_dags/example_short_circuit_decorator.py took 0.067 seconds
[2023-03-09T09:32:55.650+0000] {processor.py:153} INFO - Started process (PID=1864) to work on /home/airflow/.local/lib/python3.7/site-packages/airflow/example_dags/example_short_circuit_decorator.py
[2023-03-09T09:32:55.652+0000] {processor.py:743} INFO - Processing file /home/airflow/.local/lib/python3.7/site-packages/airflow/example_dags/example_short_circuit_decorator.py for tasks to queue
[2023-03-09T09:32:55.653+0000] {logging_mixin.py:137} INFO - [2023-03-09T09:32:55.652+0000] {dagbag.py:538} INFO - Filling up the DagBag from /home/airflow/.local/lib/python3.7/site-packages/airflow/example_dags/example_short_circuit_decorator.py
[2023-03-09T09:32:55.671+0000] {processor.py:753} INFO - DAG(s) dict_keys(['example_short_circuit_decorator']) retrieved from /home/airflow/.local/lib/python3.7/site-packages/airflow/example_dags/example_short_circuit_decorator.py
[2023-03-09T09:32:55.687+0000] {logging_mixin.py:137} INFO - [2023-03-09T09:32:55.687+0000] {dag.py:2690} INFO - Sync 1 DAGs
[2023-03-09T09:32:55.704+0000] {logging_mixin.py:137} INFO - [2023-03-09T09:32:55.704+0000] {dag.py:3441} INFO - Setting next_dagrun for example_short_circuit_decorator to 2023-03-08T09:32:55.704364+00:00, run_after=2023-03-09T09:32:55.704364+00:00
[2023-03-09T09:32:55.716+0000] {processor.py:175} INFO - Processing /home/airflow/.local/lib/python3.7/site-packages/airflow/example_dags/example_short_circuit_decorator.py took 0.070 seconds
[2023-03-09T09:33:25.846+0000] {processor.py:153} INFO - Started process (PID=1943) to work on /home/airflow/.local/lib/python3.7/site-packages/airflow/example_dags/example_short_circuit_decorator.py
[2023-03-09T09:33:25.849+0000] {processor.py:743} INFO - Processing file /home/airflow/.local/lib/python3.7/site-packages/airflow/example_dags/example_short_circuit_decorator.py for tasks to queue
[2023-03-09T09:33:25.850+0000] {logging_mixin.py:137} INFO - [2023-03-09T09:33:25.850+0000] {dagbag.py:538} INFO - Filling up the DagBag from /home/airflow/.local/lib/python3.7/site-packages/airflow/example_dags/example_short_circuit_decorator.py
[2023-03-09T09:33:25.871+0000] {processor.py:753} INFO - DAG(s) dict_keys(['example_short_circuit_decorator']) retrieved from /home/airflow/.local/lib/python3.7/site-packages/airflow/example_dags/example_short_circuit_decorator.py
[2023-03-09T09:33:25.894+0000] {logging_mixin.py:137} INFO - [2023-03-09T09:33:25.894+0000] {dag.py:2690} INFO - Sync 1 DAGs
[2023-03-09T09:33:25.917+0000] {logging_mixin.py:137} INFO - [2023-03-09T09:33:25.917+0000] {dag.py:3441} INFO - Setting next_dagrun for example_short_circuit_decorator to 2023-03-08T09:33:25.917083+00:00, run_after=2023-03-09T09:33:25.917083+00:00
[2023-03-09T09:33:25.947+0000] {processor.py:175} INFO - Processing /home/airflow/.local/lib/python3.7/site-packages/airflow/example_dags/example_short_circuit_decorator.py took 0.104 seconds
[2023-03-09T09:33:56.099+0000] {processor.py:153} INFO - Started process (PID=2006) to work on /home/airflow/.local/lib/python3.7/site-packages/airflow/example_dags/example_short_circuit_decorator.py
[2023-03-09T09:33:56.100+0000] {processor.py:743} INFO - Processing file /home/airflow/.local/lib/python3.7/site-packages/airflow/example_dags/example_short_circuit_decorator.py for tasks to queue
[2023-03-09T09:33:56.101+0000] {logging_mixin.py:137} INFO - [2023-03-09T09:33:56.101+0000] {dagbag.py:538} INFO - Filling up the DagBag from /home/airflow/.local/lib/python3.7/site-packages/airflow/example_dags/example_short_circuit_decorator.py
[2023-03-09T09:33:56.119+0000] {processor.py:753} INFO - DAG(s) dict_keys(['example_short_circuit_decorator']) retrieved from /home/airflow/.local/lib/python3.7/site-packages/airflow/example_dags/example_short_circuit_decorator.py
[2023-03-09T09:33:56.137+0000] {logging_mixin.py:137} INFO - [2023-03-09T09:33:56.137+0000] {dag.py:2690} INFO - Sync 1 DAGs
[2023-03-09T09:33:56.152+0000] {logging_mixin.py:137} INFO - [2023-03-09T09:33:56.152+0000] {dag.py:3441} INFO - Setting next_dagrun for example_short_circuit_decorator to 2023-03-08T09:33:56.152688+00:00, run_after=2023-03-09T09:33:56.152688+00:00
[2023-03-09T09:33:56.164+0000] {processor.py:175} INFO - Processing /home/airflow/.local/lib/python3.7/site-packages/airflow/example_dags/example_short_circuit_decorator.py took 0.068 seconds
[2023-03-09T09:34:26.694+0000] {processor.py:153} INFO - Started process (PID=2080) to work on /home/airflow/.local/lib/python3.7/site-packages/airflow/example_dags/example_short_circuit_decorator.py
[2023-03-09T09:34:26.696+0000] {processor.py:743} INFO - Processing file /home/airflow/.local/lib/python3.7/site-packages/airflow/example_dags/example_short_circuit_decorator.py for tasks to queue
[2023-03-09T09:34:26.698+0000] {logging_mixin.py:137} INFO - [2023-03-09T09:34:26.698+0000] {dagbag.py:538} INFO - Filling up the DagBag from /home/airflow/.local/lib/python3.7/site-packages/airflow/example_dags/example_short_circuit_decorator.py
[2023-03-09T09:34:26.719+0000] {processor.py:753} INFO - DAG(s) dict_keys(['example_short_circuit_decorator']) retrieved from /home/airflow/.local/lib/python3.7/site-packages/airflow/example_dags/example_short_circuit_decorator.py
[2023-03-09T09:34:26.739+0000] {logging_mixin.py:137} INFO - [2023-03-09T09:34:26.739+0000] {dag.py:2690} INFO - Sync 1 DAGs
[2023-03-09T09:34:26.756+0000] {logging_mixin.py:137} INFO - [2023-03-09T09:34:26.755+0000] {dag.py:3441} INFO - Setting next_dagrun for example_short_circuit_decorator to 2023-03-08T09:34:26.755707+00:00, run_after=2023-03-09T09:34:26.755707+00:00
[2023-03-09T09:34:26.769+0000] {processor.py:175} INFO - Processing /home/airflow/.local/lib/python3.7/site-packages/airflow/example_dags/example_short_circuit_decorator.py took 0.080 seconds
[2023-03-09T09:34:56.893+0000] {processor.py:153} INFO - Started process (PID=2144) to work on /home/airflow/.local/lib/python3.7/site-packages/airflow/example_dags/example_short_circuit_decorator.py
[2023-03-09T09:34:56.895+0000] {processor.py:743} INFO - Processing file /home/airflow/.local/lib/python3.7/site-packages/airflow/example_dags/example_short_circuit_decorator.py for tasks to queue
[2023-03-09T09:34:56.896+0000] {logging_mixin.py:137} INFO - [2023-03-09T09:34:56.896+0000] {dagbag.py:538} INFO - Filling up the DagBag from /home/airflow/.local/lib/python3.7/site-packages/airflow/example_dags/example_short_circuit_decorator.py
[2023-03-09T09:34:56.911+0000] {processor.py:753} INFO - DAG(s) dict_keys(['example_short_circuit_decorator']) retrieved from /home/airflow/.local/lib/python3.7/site-packages/airflow/example_dags/example_short_circuit_decorator.py
[2023-03-09T09:34:56.928+0000] {logging_mixin.py:137} INFO - [2023-03-09T09:34:56.928+0000] {dag.py:2690} INFO - Sync 1 DAGs
[2023-03-09T09:34:56.944+0000] {logging_mixin.py:137} INFO - [2023-03-09T09:34:56.944+0000] {dag.py:3441} INFO - Setting next_dagrun for example_short_circuit_decorator to 2023-03-08T09:34:56.943820+00:00, run_after=2023-03-09T09:34:56.943820+00:00
[2023-03-09T09:34:56.955+0000] {processor.py:175} INFO - Processing /home/airflow/.local/lib/python3.7/site-packages/airflow/example_dags/example_short_circuit_decorator.py took 0.065 seconds
[2023-03-09T09:35:27.115+0000] {processor.py:153} INFO - Started process (PID=2222) to work on /home/airflow/.local/lib/python3.7/site-packages/airflow/example_dags/example_short_circuit_decorator.py
[2023-03-09T09:35:27.117+0000] {processor.py:743} INFO - Processing file /home/airflow/.local/lib/python3.7/site-packages/airflow/example_dags/example_short_circuit_decorator.py for tasks to queue
[2023-03-09T09:35:27.118+0000] {logging_mixin.py:137} INFO - [2023-03-09T09:35:27.118+0000] {dagbag.py:538} INFO - Filling up the DagBag from /home/airflow/.local/lib/python3.7/site-packages/airflow/example_dags/example_short_circuit_decorator.py
[2023-03-09T09:35:27.134+0000] {processor.py:753} INFO - DAG(s) dict_keys(['example_short_circuit_decorator']) retrieved from /home/airflow/.local/lib/python3.7/site-packages/airflow/example_dags/example_short_circuit_decorator.py
[2023-03-09T09:35:27.153+0000] {logging_mixin.py:137} INFO - [2023-03-09T09:35:27.152+0000] {dag.py:2690} INFO - Sync 1 DAGs
[2023-03-09T09:35:27.171+0000] {logging_mixin.py:137} INFO - [2023-03-09T09:35:27.171+0000] {dag.py:3441} INFO - Setting next_dagrun for example_short_circuit_decorator to 2023-03-08T09:35:27.171205+00:00, run_after=2023-03-09T09:35:27.171205+00:00
[2023-03-09T09:35:27.182+0000] {processor.py:175} INFO - Processing /home/airflow/.local/lib/python3.7/site-packages/airflow/example_dags/example_short_circuit_decorator.py took 0.070 seconds
[2023-03-09T09:35:57.593+0000] {processor.py:153} INFO - Started process (PID=2299) to work on /home/airflow/.local/lib/python3.7/site-packages/airflow/example_dags/example_short_circuit_decorator.py
[2023-03-09T09:35:57.600+0000] {processor.py:743} INFO - Processing file /home/airflow/.local/lib/python3.7/site-packages/airflow/example_dags/example_short_circuit_decorator.py for tasks to queue
[2023-03-09T09:35:57.602+0000] {logging_mixin.py:137} INFO - [2023-03-09T09:35:57.602+0000] {dagbag.py:538} INFO - Filling up the DagBag from /home/airflow/.local/lib/python3.7/site-packages/airflow/example_dags/example_short_circuit_decorator.py
[2023-03-09T09:35:57.624+0000] {processor.py:753} INFO - DAG(s) dict_keys(['example_short_circuit_decorator']) retrieved from /home/airflow/.local/lib/python3.7/site-packages/airflow/example_dags/example_short_circuit_decorator.py
[2023-03-09T09:35:57.644+0000] {logging_mixin.py:137} INFO - [2023-03-09T09:35:57.644+0000] {dag.py:2690} INFO - Sync 1 DAGs
[2023-03-09T09:35:57.663+0000] {logging_mixin.py:137} INFO - [2023-03-09T09:35:57.663+0000] {dag.py:3441} INFO - Setting next_dagrun for example_short_circuit_decorator to 2023-03-08T09:35:57.663374+00:00, run_after=2023-03-09T09:35:57.663374+00:00
[2023-03-09T09:35:57.677+0000] {processor.py:175} INFO - Processing /home/airflow/.local/lib/python3.7/site-packages/airflow/example_dags/example_short_circuit_decorator.py took 0.088 seconds
[2023-03-09T09:36:27.898+0000] {processor.py:153} INFO - Started process (PID=2365) to work on /home/airflow/.local/lib/python3.7/site-packages/airflow/example_dags/example_short_circuit_decorator.py
[2023-03-09T09:36:27.900+0000] {processor.py:743} INFO - Processing file /home/airflow/.local/lib/python3.7/site-packages/airflow/example_dags/example_short_circuit_decorator.py for tasks to queue
[2023-03-09T09:36:27.901+0000] {logging_mixin.py:137} INFO - [2023-03-09T09:36:27.901+0000] {dagbag.py:538} INFO - Filling up the DagBag from /home/airflow/.local/lib/python3.7/site-packages/airflow/example_dags/example_short_circuit_decorator.py
[2023-03-09T09:36:27.920+0000] {processor.py:753} INFO - DAG(s) dict_keys(['example_short_circuit_decorator']) retrieved from /home/airflow/.local/lib/python3.7/site-packages/airflow/example_dags/example_short_circuit_decorator.py
[2023-03-09T09:36:27.941+0000] {logging_mixin.py:137} INFO - [2023-03-09T09:36:27.941+0000] {dag.py:2690} INFO - Sync 1 DAGs
[2023-03-09T09:36:27.959+0000] {logging_mixin.py:137} INFO - [2023-03-09T09:36:27.959+0000] {dag.py:3441} INFO - Setting next_dagrun for example_short_circuit_decorator to 2023-03-08T09:36:27.959193+00:00, run_after=2023-03-09T09:36:27.959193+00:00
[2023-03-09T09:36:27.972+0000] {processor.py:175} INFO - Processing /home/airflow/.local/lib/python3.7/site-packages/airflow/example_dags/example_short_circuit_decorator.py took 0.078 seconds
[2023-03-09T09:36:58.130+0000] {processor.py:153} INFO - Started process (PID=2443) to work on /home/airflow/.local/lib/python3.7/site-packages/airflow/example_dags/example_short_circuit_decorator.py
[2023-03-09T09:36:58.132+0000] {processor.py:743} INFO - Processing file /home/airflow/.local/lib/python3.7/site-packages/airflow/example_dags/example_short_circuit_decorator.py for tasks to queue
[2023-03-09T09:36:58.133+0000] {logging_mixin.py:137} INFO - [2023-03-09T09:36:58.133+0000] {dagbag.py:538} INFO - Filling up the DagBag from /home/airflow/.local/lib/python3.7/site-packages/airflow/example_dags/example_short_circuit_decorator.py
[2023-03-09T09:36:58.152+0000] {processor.py:753} INFO - DAG(s) dict_keys(['example_short_circuit_decorator']) retrieved from /home/airflow/.local/lib/python3.7/site-packages/airflow/example_dags/example_short_circuit_decorator.py
[2023-03-09T09:36:58.170+0000] {logging_mixin.py:137} INFO - [2023-03-09T09:36:58.170+0000] {dag.py:2690} INFO - Sync 1 DAGs
[2023-03-09T09:36:58.188+0000] {logging_mixin.py:137} INFO - [2023-03-09T09:36:58.188+0000] {dag.py:3441} INFO - Setting next_dagrun for example_short_circuit_decorator to 2023-03-08T09:36:58.188063+00:00, run_after=2023-03-09T09:36:58.188063+00:00
[2023-03-09T09:36:58.200+0000] {processor.py:175} INFO - Processing /home/airflow/.local/lib/python3.7/site-packages/airflow/example_dags/example_short_circuit_decorator.py took 0.075 seconds
[2023-03-09T09:37:28.583+0000] {processor.py:153} INFO - Started process (PID=2523) to work on /home/airflow/.local/lib/python3.7/site-packages/airflow/example_dags/example_short_circuit_decorator.py
[2023-03-09T09:37:28.586+0000] {processor.py:743} INFO - Processing file /home/airflow/.local/lib/python3.7/site-packages/airflow/example_dags/example_short_circuit_decorator.py for tasks to queue
[2023-03-09T09:37:28.587+0000] {logging_mixin.py:137} INFO - [2023-03-09T09:37:28.587+0000] {dagbag.py:538} INFO - Filling up the DagBag from /home/airflow/.local/lib/python3.7/site-packages/airflow/example_dags/example_short_circuit_decorator.py
[2023-03-09T09:37:28.604+0000] {processor.py:753} INFO - DAG(s) dict_keys(['example_short_circuit_decorator']) retrieved from /home/airflow/.local/lib/python3.7/site-packages/airflow/example_dags/example_short_circuit_decorator.py
[2023-03-09T09:37:28.621+0000] {logging_mixin.py:137} INFO - [2023-03-09T09:37:28.621+0000] {dag.py:2690} INFO - Sync 1 DAGs
[2023-03-09T09:37:28.637+0000] {logging_mixin.py:137} INFO - [2023-03-09T09:37:28.637+0000] {dag.py:3441} INFO - Setting next_dagrun for example_short_circuit_decorator to 2023-03-08T09:37:28.637556+00:00, run_after=2023-03-09T09:37:28.637556+00:00
[2023-03-09T09:37:28.650+0000] {processor.py:175} INFO - Processing /home/airflow/.local/lib/python3.7/site-packages/airflow/example_dags/example_short_circuit_decorator.py took 0.070 seconds
[2023-03-09T09:37:58.761+0000] {processor.py:153} INFO - Started process (PID=2589) to work on /home/airflow/.local/lib/python3.7/site-packages/airflow/example_dags/example_short_circuit_decorator.py
[2023-03-09T09:37:58.762+0000] {processor.py:743} INFO - Processing file /home/airflow/.local/lib/python3.7/site-packages/airflow/example_dags/example_short_circuit_decorator.py for tasks to queue
[2023-03-09T09:37:58.764+0000] {logging_mixin.py:137} INFO - [2023-03-09T09:37:58.763+0000] {dagbag.py:538} INFO - Filling up the DagBag from /home/airflow/.local/lib/python3.7/site-packages/airflow/example_dags/example_short_circuit_decorator.py
[2023-03-09T09:37:58.783+0000] {processor.py:753} INFO - DAG(s) dict_keys(['example_short_circuit_decorator']) retrieved from /home/airflow/.local/lib/python3.7/site-packages/airflow/example_dags/example_short_circuit_decorator.py
[2023-03-09T09:37:58.801+0000] {logging_mixin.py:137} INFO - [2023-03-09T09:37:58.801+0000] {dag.py:2690} INFO - Sync 1 DAGs
[2023-03-09T09:37:58.817+0000] {logging_mixin.py:137} INFO - [2023-03-09T09:37:58.817+0000] {dag.py:3441} INFO - Setting next_dagrun for example_short_circuit_decorator to 2023-03-08T09:37:58.817213+00:00, run_after=2023-03-09T09:37:58.817213+00:00
[2023-03-09T09:37:58.829+0000] {processor.py:175} INFO - Processing /home/airflow/.local/lib/python3.7/site-packages/airflow/example_dags/example_short_circuit_decorator.py took 0.072 seconds
[2023-03-09T09:38:28.979+0000] {processor.py:153} INFO - Started process (PID=2667) to work on /home/airflow/.local/lib/python3.7/site-packages/airflow/example_dags/example_short_circuit_decorator.py
[2023-03-09T09:38:28.982+0000] {processor.py:743} INFO - Processing file /home/airflow/.local/lib/python3.7/site-packages/airflow/example_dags/example_short_circuit_decorator.py for tasks to queue
[2023-03-09T09:38:28.983+0000] {logging_mixin.py:137} INFO - [2023-03-09T09:38:28.983+0000] {dagbag.py:538} INFO - Filling up the DagBag from /home/airflow/.local/lib/python3.7/site-packages/airflow/example_dags/example_short_circuit_decorator.py
[2023-03-09T09:38:29.002+0000] {processor.py:753} INFO - DAG(s) dict_keys(['example_short_circuit_decorator']) retrieved from /home/airflow/.local/lib/python3.7/site-packages/airflow/example_dags/example_short_circuit_decorator.py
[2023-03-09T09:38:29.020+0000] {logging_mixin.py:137} INFO - [2023-03-09T09:38:29.019+0000] {dag.py:2690} INFO - Sync 1 DAGs
[2023-03-09T09:38:29.035+0000] {logging_mixin.py:137} INFO - [2023-03-09T09:38:29.035+0000] {dag.py:3441} INFO - Setting next_dagrun for example_short_circuit_decorator to 2023-03-08T09:38:29.035323+00:00, run_after=2023-03-09T09:38:29.035323+00:00
[2023-03-09T09:38:29.047+0000] {processor.py:175} INFO - Processing /home/airflow/.local/lib/python3.7/site-packages/airflow/example_dags/example_short_circuit_decorator.py took 0.071 seconds
[2023-03-09T09:38:59.129+0000] {processor.py:153} INFO - Started process (PID=2751) to work on /home/airflow/.local/lib/python3.7/site-packages/airflow/example_dags/example_short_circuit_decorator.py
[2023-03-09T09:38:59.132+0000] {processor.py:743} INFO - Processing file /home/airflow/.local/lib/python3.7/site-packages/airflow/example_dags/example_short_circuit_decorator.py for tasks to queue
[2023-03-09T09:38:59.134+0000] {logging_mixin.py:137} INFO - [2023-03-09T09:38:59.134+0000] {dagbag.py:538} INFO - Filling up the DagBag from /home/airflow/.local/lib/python3.7/site-packages/airflow/example_dags/example_short_circuit_decorator.py
[2023-03-09T09:38:59.180+0000] {processor.py:753} INFO - DAG(s) dict_keys(['example_short_circuit_decorator']) retrieved from /home/airflow/.local/lib/python3.7/site-packages/airflow/example_dags/example_short_circuit_decorator.py
[2023-03-09T09:38:59.220+0000] {logging_mixin.py:137} INFO - [2023-03-09T09:38:59.220+0000] {dag.py:2690} INFO - Sync 1 DAGs
[2023-03-09T09:38:59.252+0000] {logging_mixin.py:137} INFO - [2023-03-09T09:38:59.251+0000] {dag.py:3441} INFO - Setting next_dagrun for example_short_circuit_decorator to 2023-03-08T09:38:59.251677+00:00, run_after=2023-03-09T09:38:59.251677+00:00
[2023-03-09T09:38:59.269+0000] {processor.py:175} INFO - Processing /home/airflow/.local/lib/python3.7/site-packages/airflow/example_dags/example_short_circuit_decorator.py took 0.149 seconds
[2023-03-09T09:39:29.406+0000] {processor.py:153} INFO - Started process (PID=2819) to work on /home/airflow/.local/lib/python3.7/site-packages/airflow/example_dags/example_short_circuit_decorator.py
[2023-03-09T09:39:29.408+0000] {processor.py:743} INFO - Processing file /home/airflow/.local/lib/python3.7/site-packages/airflow/example_dags/example_short_circuit_decorator.py for tasks to queue
[2023-03-09T09:39:29.409+0000] {logging_mixin.py:137} INFO - [2023-03-09T09:39:29.409+0000] {dagbag.py:538} INFO - Filling up the DagBag from /home/airflow/.local/lib/python3.7/site-packages/airflow/example_dags/example_short_circuit_decorator.py
[2023-03-09T09:39:29.429+0000] {processor.py:753} INFO - DAG(s) dict_keys(['example_short_circuit_decorator']) retrieved from /home/airflow/.local/lib/python3.7/site-packages/airflow/example_dags/example_short_circuit_decorator.py
[2023-03-09T09:39:29.448+0000] {logging_mixin.py:137} INFO - [2023-03-09T09:39:29.448+0000] {dag.py:2690} INFO - Sync 1 DAGs
[2023-03-09T09:39:29.465+0000] {logging_mixin.py:137} INFO - [2023-03-09T09:39:29.465+0000] {dag.py:3441} INFO - Setting next_dagrun for example_short_circuit_decorator to 2023-03-08T09:39:29.465477+00:00, run_after=2023-03-09T09:39:29.465477+00:00
[2023-03-09T09:39:29.477+0000] {processor.py:175} INFO - Processing /home/airflow/.local/lib/python3.7/site-packages/airflow/example_dags/example_short_circuit_decorator.py took 0.074 seconds
[2023-03-09T09:39:59.878+0000] {processor.py:153} INFO - Started process (PID=2900) to work on /home/airflow/.local/lib/python3.7/site-packages/airflow/example_dags/example_short_circuit_decorator.py
[2023-03-09T09:39:59.880+0000] {processor.py:743} INFO - Processing file /home/airflow/.local/lib/python3.7/site-packages/airflow/example_dags/example_short_circuit_decorator.py for tasks to queue
[2023-03-09T09:39:59.882+0000] {logging_mixin.py:137} INFO - [2023-03-09T09:39:59.882+0000] {dagbag.py:538} INFO - Filling up the DagBag from /home/airflow/.local/lib/python3.7/site-packages/airflow/example_dags/example_short_circuit_decorator.py
[2023-03-09T09:39:59.901+0000] {processor.py:753} INFO - DAG(s) dict_keys(['example_short_circuit_decorator']) retrieved from /home/airflow/.local/lib/python3.7/site-packages/airflow/example_dags/example_short_circuit_decorator.py
[2023-03-09T09:39:59.920+0000] {logging_mixin.py:137} INFO - [2023-03-09T09:39:59.920+0000] {dag.py:2690} INFO - Sync 1 DAGs
[2023-03-09T09:39:59.936+0000] {logging_mixin.py:137} INFO - [2023-03-09T09:39:59.936+0000] {dag.py:3441} INFO - Setting next_dagrun for example_short_circuit_decorator to 2023-03-08T09:39:59.936407+00:00, run_after=2023-03-09T09:39:59.936407+00:00
[2023-03-09T09:39:59.948+0000] {processor.py:175} INFO - Processing /home/airflow/.local/lib/python3.7/site-packages/airflow/example_dags/example_short_circuit_decorator.py took 0.073 seconds
[2023-03-09T09:40:30.004+0000] {processor.py:153} INFO - Started process (PID=2975) to work on /home/airflow/.local/lib/python3.7/site-packages/airflow/example_dags/example_short_circuit_decorator.py
[2023-03-09T09:40:30.006+0000] {processor.py:743} INFO - Processing file /home/airflow/.local/lib/python3.7/site-packages/airflow/example_dags/example_short_circuit_decorator.py for tasks to queue
[2023-03-09T09:40:30.008+0000] {logging_mixin.py:137} INFO - [2023-03-09T09:40:30.007+0000] {dagbag.py:538} INFO - Filling up the DagBag from /home/airflow/.local/lib/python3.7/site-packages/airflow/example_dags/example_short_circuit_decorator.py
[2023-03-09T09:40:30.031+0000] {processor.py:753} INFO - DAG(s) dict_keys(['example_short_circuit_decorator']) retrieved from /home/airflow/.local/lib/python3.7/site-packages/airflow/example_dags/example_short_circuit_decorator.py
[2023-03-09T09:40:30.054+0000] {logging_mixin.py:137} INFO - [2023-03-09T09:40:30.054+0000] {dag.py:2690} INFO - Sync 1 DAGs
[2023-03-09T09:40:30.074+0000] {logging_mixin.py:137} INFO - [2023-03-09T09:40:30.074+0000] {dag.py:3441} INFO - Setting next_dagrun for example_short_circuit_decorator to 2023-03-08T09:40:30.074037+00:00, run_after=2023-03-09T09:40:30.074037+00:00
[2023-03-09T09:40:30.088+0000] {processor.py:175} INFO - Processing /home/airflow/.local/lib/python3.7/site-packages/airflow/example_dags/example_short_circuit_decorator.py took 0.087 seconds
[2023-03-09T09:41:00.137+0000] {processor.py:153} INFO - Started process (PID=3046) to work on /home/airflow/.local/lib/python3.7/site-packages/airflow/example_dags/example_short_circuit_decorator.py
[2023-03-09T09:41:00.139+0000] {processor.py:743} INFO - Processing file /home/airflow/.local/lib/python3.7/site-packages/airflow/example_dags/example_short_circuit_decorator.py for tasks to queue
[2023-03-09T09:41:00.140+0000] {logging_mixin.py:137} INFO - [2023-03-09T09:41:00.140+0000] {dagbag.py:538} INFO - Filling up the DagBag from /home/airflow/.local/lib/python3.7/site-packages/airflow/example_dags/example_short_circuit_decorator.py
[2023-03-09T09:41:00.156+0000] {processor.py:753} INFO - DAG(s) dict_keys(['example_short_circuit_decorator']) retrieved from /home/airflow/.local/lib/python3.7/site-packages/airflow/example_dags/example_short_circuit_decorator.py
[2023-03-09T09:41:00.173+0000] {logging_mixin.py:137} INFO - [2023-03-09T09:41:00.173+0000] {dag.py:2690} INFO - Sync 1 DAGs
[2023-03-09T09:41:00.188+0000] {logging_mixin.py:137} INFO - [2023-03-09T09:41:00.188+0000] {dag.py:3441} INFO - Setting next_dagrun for example_short_circuit_decorator to 2023-03-08T09:41:00.187994+00:00, run_after=2023-03-09T09:41:00.187994+00:00
[2023-03-09T09:41:00.199+0000] {processor.py:175} INFO - Processing /home/airflow/.local/lib/python3.7/site-packages/airflow/example_dags/example_short_circuit_decorator.py took 0.068 seconds
[2023-03-09T09:41:31.067+0000] {processor.py:153} INFO - Started process (PID=3123) to work on /home/airflow/.local/lib/python3.7/site-packages/airflow/example_dags/example_short_circuit_decorator.py
[2023-03-09T09:41:31.069+0000] {processor.py:743} INFO - Processing file /home/airflow/.local/lib/python3.7/site-packages/airflow/example_dags/example_short_circuit_decorator.py for tasks to queue
[2023-03-09T09:41:31.070+0000] {logging_mixin.py:137} INFO - [2023-03-09T09:41:31.070+0000] {dagbag.py:538} INFO - Filling up the DagBag from /home/airflow/.local/lib/python3.7/site-packages/airflow/example_dags/example_short_circuit_decorator.py
[2023-03-09T09:41:31.091+0000] {processor.py:753} INFO - DAG(s) dict_keys(['example_short_circuit_decorator']) retrieved from /home/airflow/.local/lib/python3.7/site-packages/airflow/example_dags/example_short_circuit_decorator.py
[2023-03-09T09:41:31.111+0000] {logging_mixin.py:137} INFO - [2023-03-09T09:41:31.111+0000] {dag.py:2690} INFO - Sync 1 DAGs
[2023-03-09T09:41:31.128+0000] {logging_mixin.py:137} INFO - [2023-03-09T09:41:31.128+0000] {dag.py:3441} INFO - Setting next_dagrun for example_short_circuit_decorator to 2023-03-08T09:41:31.128499+00:00, run_after=2023-03-09T09:41:31.128499+00:00
[2023-03-09T09:41:31.143+0000] {processor.py:175} INFO - Processing /home/airflow/.local/lib/python3.7/site-packages/airflow/example_dags/example_short_circuit_decorator.py took 0.080 seconds
[2023-03-09T09:42:01.562+0000] {processor.py:153} INFO - Started process (PID=3189) to work on /home/airflow/.local/lib/python3.7/site-packages/airflow/example_dags/example_short_circuit_decorator.py
[2023-03-09T09:42:01.568+0000] {processor.py:743} INFO - Processing file /home/airflow/.local/lib/python3.7/site-packages/airflow/example_dags/example_short_circuit_decorator.py for tasks to queue
[2023-03-09T09:42:01.570+0000] {logging_mixin.py:137} INFO - [2023-03-09T09:42:01.570+0000] {dagbag.py:538} INFO - Filling up the DagBag from /home/airflow/.local/lib/python3.7/site-packages/airflow/example_dags/example_short_circuit_decorator.py
[2023-03-09T09:42:01.594+0000] {processor.py:753} INFO - DAG(s) dict_keys(['example_short_circuit_decorator']) retrieved from /home/airflow/.local/lib/python3.7/site-packages/airflow/example_dags/example_short_circuit_decorator.py
[2023-03-09T09:42:01.616+0000] {logging_mixin.py:137} INFO - [2023-03-09T09:42:01.616+0000] {dag.py:2690} INFO - Sync 1 DAGs
[2023-03-09T09:42:01.643+0000] {logging_mixin.py:137} INFO - [2023-03-09T09:42:01.642+0000] {dag.py:3441} INFO - Setting next_dagrun for example_short_circuit_decorator to 2023-03-08T09:42:01.642697+00:00, run_after=2023-03-09T09:42:01.642697+00:00
[2023-03-09T09:42:01.661+0000] {processor.py:175} INFO - Processing /home/airflow/.local/lib/python3.7/site-packages/airflow/example_dags/example_short_circuit_decorator.py took 0.104 seconds
[2023-03-09T09:42:31.793+0000] {processor.py:153} INFO - Started process (PID=3268) to work on /home/airflow/.local/lib/python3.7/site-packages/airflow/example_dags/example_short_circuit_decorator.py
[2023-03-09T09:42:31.795+0000] {processor.py:743} INFO - Processing file /home/airflow/.local/lib/python3.7/site-packages/airflow/example_dags/example_short_circuit_decorator.py for tasks to queue
[2023-03-09T09:42:31.796+0000] {logging_mixin.py:137} INFO - [2023-03-09T09:42:31.796+0000] {dagbag.py:538} INFO - Filling up the DagBag from /home/airflow/.local/lib/python3.7/site-packages/airflow/example_dags/example_short_circuit_decorator.py
[2023-03-09T09:42:31.815+0000] {processor.py:753} INFO - DAG(s) dict_keys(['example_short_circuit_decorator']) retrieved from /home/airflow/.local/lib/python3.7/site-packages/airflow/example_dags/example_short_circuit_decorator.py
[2023-03-09T09:42:31.842+0000] {logging_mixin.py:137} INFO - [2023-03-09T09:42:31.841+0000] {dag.py:2690} INFO - Sync 1 DAGs
[2023-03-09T09:42:31.858+0000] {logging_mixin.py:137} INFO - [2023-03-09T09:42:31.857+0000] {dag.py:3441} INFO - Setting next_dagrun for example_short_circuit_decorator to 2023-03-08T09:42:31.857830+00:00, run_after=2023-03-09T09:42:31.857830+00:00
[2023-03-09T09:42:31.871+0000] {processor.py:175} INFO - Processing /home/airflow/.local/lib/python3.7/site-packages/airflow/example_dags/example_short_circuit_decorator.py took 0.080 seconds
[2023-03-09T09:43:02.149+0000] {processor.py:153} INFO - Started process (PID=3346) to work on /home/airflow/.local/lib/python3.7/site-packages/airflow/example_dags/example_short_circuit_decorator.py
[2023-03-09T09:43:02.151+0000] {processor.py:743} INFO - Processing file /home/airflow/.local/lib/python3.7/site-packages/airflow/example_dags/example_short_circuit_decorator.py for tasks to queue
[2023-03-09T09:43:02.153+0000] {logging_mixin.py:137} INFO - [2023-03-09T09:43:02.153+0000] {dagbag.py:538} INFO - Filling up the DagBag from /home/airflow/.local/lib/python3.7/site-packages/airflow/example_dags/example_short_circuit_decorator.py
[2023-03-09T09:43:02.177+0000] {processor.py:753} INFO - DAG(s) dict_keys(['example_short_circuit_decorator']) retrieved from /home/airflow/.local/lib/python3.7/site-packages/airflow/example_dags/example_short_circuit_decorator.py
[2023-03-09T09:43:02.196+0000] {logging_mixin.py:137} INFO - [2023-03-09T09:43:02.196+0000] {dag.py:2690} INFO - Sync 1 DAGs
[2023-03-09T09:43:02.214+0000] {logging_mixin.py:137} INFO - [2023-03-09T09:43:02.214+0000] {dag.py:3441} INFO - Setting next_dagrun for example_short_circuit_decorator to 2023-03-08T09:43:02.213826+00:00, run_after=2023-03-09T09:43:02.213826+00:00
[2023-03-09T09:43:02.227+0000] {processor.py:175} INFO - Processing /home/airflow/.local/lib/python3.7/site-packages/airflow/example_dags/example_short_circuit_decorator.py took 0.081 seconds
[2023-03-09T09:43:32.583+0000] {processor.py:153} INFO - Started process (PID=3414) to work on /home/airflow/.local/lib/python3.7/site-packages/airflow/example_dags/example_short_circuit_decorator.py
[2023-03-09T09:43:32.586+0000] {processor.py:743} INFO - Processing file /home/airflow/.local/lib/python3.7/site-packages/airflow/example_dags/example_short_circuit_decorator.py for tasks to queue
[2023-03-09T09:43:32.587+0000] {logging_mixin.py:137} INFO - [2023-03-09T09:43:32.587+0000] {dagbag.py:538} INFO - Filling up the DagBag from /home/airflow/.local/lib/python3.7/site-packages/airflow/example_dags/example_short_circuit_decorator.py
[2023-03-09T09:43:32.604+0000] {processor.py:753} INFO - DAG(s) dict_keys(['example_short_circuit_decorator']) retrieved from /home/airflow/.local/lib/python3.7/site-packages/airflow/example_dags/example_short_circuit_decorator.py
[2023-03-09T09:43:32.623+0000] {logging_mixin.py:137} INFO - [2023-03-09T09:43:32.623+0000] {dag.py:2690} INFO - Sync 1 DAGs
[2023-03-09T09:43:32.638+0000] {logging_mixin.py:137} INFO - [2023-03-09T09:43:32.638+0000] {dag.py:3441} INFO - Setting next_dagrun for example_short_circuit_decorator to 2023-03-08T09:43:32.638516+00:00, run_after=2023-03-09T09:43:32.638516+00:00
[2023-03-09T09:43:32.651+0000] {processor.py:175} INFO - Processing /home/airflow/.local/lib/python3.7/site-packages/airflow/example_dags/example_short_circuit_decorator.py took 0.070 seconds
[2023-03-09T09:44:03.082+0000] {processor.py:153} INFO - Started process (PID=3495) to work on /home/airflow/.local/lib/python3.7/site-packages/airflow/example_dags/example_short_circuit_decorator.py
[2023-03-09T09:44:03.083+0000] {processor.py:743} INFO - Processing file /home/airflow/.local/lib/python3.7/site-packages/airflow/example_dags/example_short_circuit_decorator.py for tasks to queue
[2023-03-09T09:44:03.084+0000] {logging_mixin.py:137} INFO - [2023-03-09T09:44:03.084+0000] {dagbag.py:538} INFO - Filling up the DagBag from /home/airflow/.local/lib/python3.7/site-packages/airflow/example_dags/example_short_circuit_decorator.py
[2023-03-09T09:44:03.101+0000] {processor.py:753} INFO - DAG(s) dict_keys(['example_short_circuit_decorator']) retrieved from /home/airflow/.local/lib/python3.7/site-packages/airflow/example_dags/example_short_circuit_decorator.py
[2023-03-09T09:44:03.119+0000] {logging_mixin.py:137} INFO - [2023-03-09T09:44:03.119+0000] {dag.py:2690} INFO - Sync 1 DAGs
[2023-03-09T09:44:03.135+0000] {logging_mixin.py:137} INFO - [2023-03-09T09:44:03.135+0000] {dag.py:3441} INFO - Setting next_dagrun for example_short_circuit_decorator to 2023-03-08T09:44:03.135103+00:00, run_after=2023-03-09T09:44:03.135103+00:00
[2023-03-09T09:44:03.147+0000] {processor.py:175} INFO - Processing /home/airflow/.local/lib/python3.7/site-packages/airflow/example_dags/example_short_circuit_decorator.py took 0.069 seconds
[2023-03-09T09:44:33.346+0000] {processor.py:153} INFO - Started process (PID=3577) to work on /home/airflow/.local/lib/python3.7/site-packages/airflow/example_dags/example_short_circuit_decorator.py
[2023-03-09T09:44:33.350+0000] {processor.py:743} INFO - Processing file /home/airflow/.local/lib/python3.7/site-packages/airflow/example_dags/example_short_circuit_decorator.py for tasks to queue
[2023-03-09T09:44:33.354+0000] {logging_mixin.py:137} INFO - [2023-03-09T09:44:33.354+0000] {dagbag.py:538} INFO - Filling up the DagBag from /home/airflow/.local/lib/python3.7/site-packages/airflow/example_dags/example_short_circuit_decorator.py
[2023-03-09T09:44:33.392+0000] {processor.py:753} INFO - DAG(s) dict_keys(['example_short_circuit_decorator']) retrieved from /home/airflow/.local/lib/python3.7/site-packages/airflow/example_dags/example_short_circuit_decorator.py
[2023-03-09T09:44:33.426+0000] {logging_mixin.py:137} INFO - [2023-03-09T09:44:33.426+0000] {dag.py:2690} INFO - Sync 1 DAGs
[2023-03-09T09:44:33.459+0000] {logging_mixin.py:137} INFO - [2023-03-09T09:44:33.458+0000] {dag.py:3441} INFO - Setting next_dagrun for example_short_circuit_decorator to 2023-03-08T09:44:33.458347+00:00, run_after=2023-03-09T09:44:33.458347+00:00
[2023-03-09T09:44:33.478+0000] {processor.py:175} INFO - Processing /home/airflow/.local/lib/python3.7/site-packages/airflow/example_dags/example_short_circuit_decorator.py took 0.140 seconds
[2023-03-09T09:45:03.593+0000] {processor.py:153} INFO - Started process (PID=3643) to work on /home/airflow/.local/lib/python3.7/site-packages/airflow/example_dags/example_short_circuit_decorator.py
[2023-03-09T09:45:03.596+0000] {processor.py:743} INFO - Processing file /home/airflow/.local/lib/python3.7/site-packages/airflow/example_dags/example_short_circuit_decorator.py for tasks to queue
[2023-03-09T09:45:03.597+0000] {logging_mixin.py:137} INFO - [2023-03-09T09:45:03.596+0000] {dagbag.py:538} INFO - Filling up the DagBag from /home/airflow/.local/lib/python3.7/site-packages/airflow/example_dags/example_short_circuit_decorator.py
[2023-03-09T09:45:03.620+0000] {processor.py:753} INFO - DAG(s) dict_keys(['example_short_circuit_decorator']) retrieved from /home/airflow/.local/lib/python3.7/site-packages/airflow/example_dags/example_short_circuit_decorator.py
[2023-03-09T09:45:03.642+0000] {logging_mixin.py:137} INFO - [2023-03-09T09:45:03.642+0000] {dag.py:2690} INFO - Sync 1 DAGs
[2023-03-09T09:45:03.661+0000] {logging_mixin.py:137} INFO - [2023-03-09T09:45:03.661+0000] {dag.py:3441} INFO - Setting next_dagrun for example_short_circuit_decorator to 2023-03-08T09:45:03.661246+00:00, run_after=2023-03-09T09:45:03.661246+00:00
[2023-03-09T09:45:03.676+0000] {processor.py:175} INFO - Processing /home/airflow/.local/lib/python3.7/site-packages/airflow/example_dags/example_short_circuit_decorator.py took 0.087 seconds
[2023-03-09T09:45:33.979+0000] {processor.py:153} INFO - Started process (PID=3721) to work on /home/airflow/.local/lib/python3.7/site-packages/airflow/example_dags/example_short_circuit_decorator.py
[2023-03-09T09:45:33.982+0000] {processor.py:743} INFO - Processing file /home/airflow/.local/lib/python3.7/site-packages/airflow/example_dags/example_short_circuit_decorator.py for tasks to queue
[2023-03-09T09:45:33.983+0000] {logging_mixin.py:137} INFO - [2023-03-09T09:45:33.983+0000] {dagbag.py:538} INFO - Filling up the DagBag from /home/airflow/.local/lib/python3.7/site-packages/airflow/example_dags/example_short_circuit_decorator.py
[2023-03-09T09:45:34.002+0000] {processor.py:753} INFO - DAG(s) dict_keys(['example_short_circuit_decorator']) retrieved from /home/airflow/.local/lib/python3.7/site-packages/airflow/example_dags/example_short_circuit_decorator.py
[2023-03-09T09:45:34.024+0000] {logging_mixin.py:137} INFO - [2023-03-09T09:45:34.024+0000] {dag.py:2690} INFO - Sync 1 DAGs
[2023-03-09T09:45:34.040+0000] {logging_mixin.py:137} INFO - [2023-03-09T09:45:34.040+0000] {dag.py:3441} INFO - Setting next_dagrun for example_short_circuit_decorator to 2023-03-08T09:45:34.040686+00:00, run_after=2023-03-09T09:45:34.040686+00:00
[2023-03-09T09:45:34.053+0000] {processor.py:175} INFO - Processing /home/airflow/.local/lib/python3.7/site-packages/airflow/example_dags/example_short_circuit_decorator.py took 0.077 seconds
[2023-03-09T09:46:04.159+0000] {processor.py:153} INFO - Started process (PID=3791) to work on /home/airflow/.local/lib/python3.7/site-packages/airflow/example_dags/example_short_circuit_decorator.py
[2023-03-09T09:46:04.160+0000] {processor.py:743} INFO - Processing file /home/airflow/.local/lib/python3.7/site-packages/airflow/example_dags/example_short_circuit_decorator.py for tasks to queue
[2023-03-09T09:46:04.161+0000] {logging_mixin.py:137} INFO - [2023-03-09T09:46:04.161+0000] {dagbag.py:538} INFO - Filling up the DagBag from /home/airflow/.local/lib/python3.7/site-packages/airflow/example_dags/example_short_circuit_decorator.py
[2023-03-09T09:46:04.177+0000] {processor.py:753} INFO - DAG(s) dict_keys(['example_short_circuit_decorator']) retrieved from /home/airflow/.local/lib/python3.7/site-packages/airflow/example_dags/example_short_circuit_decorator.py
[2023-03-09T09:46:04.195+0000] {logging_mixin.py:137} INFO - [2023-03-09T09:46:04.195+0000] {dag.py:2690} INFO - Sync 1 DAGs
[2023-03-09T09:46:04.211+0000] {logging_mixin.py:137} INFO - [2023-03-09T09:46:04.211+0000] {dag.py:3441} INFO - Setting next_dagrun for example_short_circuit_decorator to 2023-03-08T09:46:04.211159+00:00, run_after=2023-03-09T09:46:04.211159+00:00
[2023-03-09T09:46:04.222+0000] {processor.py:175} INFO - Processing /home/airflow/.local/lib/python3.7/site-packages/airflow/example_dags/example_short_circuit_decorator.py took 0.067 seconds
[2023-03-09T09:46:34.640+0000] {processor.py:153} INFO - Started process (PID=3870) to work on /home/airflow/.local/lib/python3.7/site-packages/airflow/example_dags/example_short_circuit_decorator.py
[2023-03-09T09:46:34.643+0000] {processor.py:743} INFO - Processing file /home/airflow/.local/lib/python3.7/site-packages/airflow/example_dags/example_short_circuit_decorator.py for tasks to queue
[2023-03-09T09:46:34.644+0000] {logging_mixin.py:137} INFO - [2023-03-09T09:46:34.644+0000] {dagbag.py:538} INFO - Filling up the DagBag from /home/airflow/.local/lib/python3.7/site-packages/airflow/example_dags/example_short_circuit_decorator.py
[2023-03-09T09:46:34.666+0000] {processor.py:753} INFO - DAG(s) dict_keys(['example_short_circuit_decorator']) retrieved from /home/airflow/.local/lib/python3.7/site-packages/airflow/example_dags/example_short_circuit_decorator.py
[2023-03-09T09:46:34.691+0000] {logging_mixin.py:137} INFO - [2023-03-09T09:46:34.691+0000] {dag.py:2690} INFO - Sync 1 DAGs
[2023-03-09T09:46:34.710+0000] {logging_mixin.py:137} INFO - [2023-03-09T09:46:34.710+0000] {dag.py:3441} INFO - Setting next_dagrun for example_short_circuit_decorator to 2023-03-08T09:46:34.710556+00:00, run_after=2023-03-09T09:46:34.710556+00:00
[2023-03-09T09:46:34.723+0000] {processor.py:175} INFO - Processing /home/airflow/.local/lib/python3.7/site-packages/airflow/example_dags/example_short_circuit_decorator.py took 0.088 seconds
[2023-03-09T09:47:05.073+0000] {processor.py:153} INFO - Started process (PID=3953) to work on /home/airflow/.local/lib/python3.7/site-packages/airflow/example_dags/example_short_circuit_decorator.py
[2023-03-09T09:47:05.075+0000] {processor.py:743} INFO - Processing file /home/airflow/.local/lib/python3.7/site-packages/airflow/example_dags/example_short_circuit_decorator.py for tasks to queue
[2023-03-09T09:47:05.077+0000] {logging_mixin.py:137} INFO - [2023-03-09T09:47:05.076+0000] {dagbag.py:538} INFO - Filling up the DagBag from /home/airflow/.local/lib/python3.7/site-packages/airflow/example_dags/example_short_circuit_decorator.py
[2023-03-09T09:47:05.095+0000] {processor.py:753} INFO - DAG(s) dict_keys(['example_short_circuit_decorator']) retrieved from /home/airflow/.local/lib/python3.7/site-packages/airflow/example_dags/example_short_circuit_decorator.py
[2023-03-09T09:47:05.115+0000] {logging_mixin.py:137} INFO - [2023-03-09T09:47:05.115+0000] {dag.py:2690} INFO - Sync 1 DAGs
[2023-03-09T09:47:05.130+0000] {logging_mixin.py:137} INFO - [2023-03-09T09:47:05.130+0000] {dag.py:3441} INFO - Setting next_dagrun for example_short_circuit_decorator to 2023-03-08T09:47:05.130179+00:00, run_after=2023-03-09T09:47:05.130179+00:00
[2023-03-09T09:47:05.142+0000] {processor.py:175} INFO - Processing /home/airflow/.local/lib/python3.7/site-packages/airflow/example_dags/example_short_circuit_decorator.py took 0.071 seconds
[2023-03-09T09:47:35.337+0000] {processor.py:153} INFO - Started process (PID=4019) to work on /home/airflow/.local/lib/python3.7/site-packages/airflow/example_dags/example_short_circuit_decorator.py
[2023-03-09T09:47:35.340+0000] {processor.py:743} INFO - Processing file /home/airflow/.local/lib/python3.7/site-packages/airflow/example_dags/example_short_circuit_decorator.py for tasks to queue
[2023-03-09T09:47:35.341+0000] {logging_mixin.py:137} INFO - [2023-03-09T09:47:35.341+0000] {dagbag.py:538} INFO - Filling up the DagBag from /home/airflow/.local/lib/python3.7/site-packages/airflow/example_dags/example_short_circuit_decorator.py
[2023-03-09T09:47:35.356+0000] {processor.py:753} INFO - DAG(s) dict_keys(['example_short_circuit_decorator']) retrieved from /home/airflow/.local/lib/python3.7/site-packages/airflow/example_dags/example_short_circuit_decorator.py
[2023-03-09T09:47:35.372+0000] {logging_mixin.py:137} INFO - [2023-03-09T09:47:35.372+0000] {dag.py:2690} INFO - Sync 1 DAGs
[2023-03-09T09:47:35.388+0000] {logging_mixin.py:137} INFO - [2023-03-09T09:47:35.388+0000] {dag.py:3441} INFO - Setting next_dagrun for example_short_circuit_decorator to 2023-03-08T09:47:35.388241+00:00, run_after=2023-03-09T09:47:35.388241+00:00
[2023-03-09T09:47:35.401+0000] {processor.py:175} INFO - Processing /home/airflow/.local/lib/python3.7/site-packages/airflow/example_dags/example_short_circuit_decorator.py took 0.067 seconds
[2023-03-09T09:48:05.780+0000] {processor.py:153} INFO - Started process (PID=4096) to work on /home/airflow/.local/lib/python3.7/site-packages/airflow/example_dags/example_short_circuit_decorator.py
[2023-03-09T09:48:05.782+0000] {processor.py:743} INFO - Processing file /home/airflow/.local/lib/python3.7/site-packages/airflow/example_dags/example_short_circuit_decorator.py for tasks to queue
[2023-03-09T09:48:05.783+0000] {logging_mixin.py:137} INFO - [2023-03-09T09:48:05.783+0000] {dagbag.py:538} INFO - Filling up the DagBag from /home/airflow/.local/lib/python3.7/site-packages/airflow/example_dags/example_short_circuit_decorator.py
[2023-03-09T09:48:05.798+0000] {processor.py:753} INFO - DAG(s) dict_keys(['example_short_circuit_decorator']) retrieved from /home/airflow/.local/lib/python3.7/site-packages/airflow/example_dags/example_short_circuit_decorator.py
[2023-03-09T09:48:05.817+0000] {logging_mixin.py:137} INFO - [2023-03-09T09:48:05.817+0000] {dag.py:2690} INFO - Sync 1 DAGs
[2023-03-09T09:48:05.833+0000] {logging_mixin.py:137} INFO - [2023-03-09T09:48:05.833+0000] {dag.py:3441} INFO - Setting next_dagrun for example_short_circuit_decorator to 2023-03-08T09:48:05.833154+00:00, run_after=2023-03-09T09:48:05.833154+00:00
[2023-03-09T09:48:05.845+0000] {processor.py:175} INFO - Processing /home/airflow/.local/lib/python3.7/site-packages/airflow/example_dags/example_short_circuit_decorator.py took 0.070 seconds
[2023-03-09T09:48:35.924+0000] {processor.py:153} INFO - Started process (PID=4171) to work on /home/airflow/.local/lib/python3.7/site-packages/airflow/example_dags/example_short_circuit_decorator.py
[2023-03-09T09:48:35.928+0000] {processor.py:743} INFO - Processing file /home/airflow/.local/lib/python3.7/site-packages/airflow/example_dags/example_short_circuit_decorator.py for tasks to queue
[2023-03-09T09:48:35.930+0000] {logging_mixin.py:137} INFO - [2023-03-09T09:48:35.929+0000] {dagbag.py:538} INFO - Filling up the DagBag from /home/airflow/.local/lib/python3.7/site-packages/airflow/example_dags/example_short_circuit_decorator.py
[2023-03-09T09:48:35.966+0000] {processor.py:753} INFO - DAG(s) dict_keys(['example_short_circuit_decorator']) retrieved from /home/airflow/.local/lib/python3.7/site-packages/airflow/example_dags/example_short_circuit_decorator.py
[2023-03-09T09:48:36.012+0000] {logging_mixin.py:137} INFO - [2023-03-09T09:48:36.011+0000] {dag.py:2690} INFO - Sync 1 DAGs
[2023-03-09T09:48:36.038+0000] {logging_mixin.py:137} INFO - [2023-03-09T09:48:36.038+0000] {dag.py:3441} INFO - Setting next_dagrun for example_short_circuit_decorator to 2023-03-08T09:48:36.038355+00:00, run_after=2023-03-09T09:48:36.038355+00:00
[2023-03-09T09:48:36.056+0000] {processor.py:175} INFO - Processing /home/airflow/.local/lib/python3.7/site-packages/airflow/example_dags/example_short_circuit_decorator.py took 0.136 seconds
[2023-03-09T09:49:06.309+0000] {processor.py:153} INFO - Started process (PID=4239) to work on /home/airflow/.local/lib/python3.7/site-packages/airflow/example_dags/example_short_circuit_decorator.py
[2023-03-09T09:49:06.311+0000] {processor.py:743} INFO - Processing file /home/airflow/.local/lib/python3.7/site-packages/airflow/example_dags/example_short_circuit_decorator.py for tasks to queue
[2023-03-09T09:49:06.312+0000] {logging_mixin.py:137} INFO - [2023-03-09T09:49:06.311+0000] {dagbag.py:538} INFO - Filling up the DagBag from /home/airflow/.local/lib/python3.7/site-packages/airflow/example_dags/example_short_circuit_decorator.py
[2023-03-09T09:49:06.330+0000] {processor.py:753} INFO - DAG(s) dict_keys(['example_short_circuit_decorator']) retrieved from /home/airflow/.local/lib/python3.7/site-packages/airflow/example_dags/example_short_circuit_decorator.py
[2023-03-09T09:49:06.347+0000] {logging_mixin.py:137} INFO - [2023-03-09T09:49:06.347+0000] {dag.py:2690} INFO - Sync 1 DAGs
[2023-03-09T09:49:06.363+0000] {logging_mixin.py:137} INFO - [2023-03-09T09:49:06.363+0000] {dag.py:3441} INFO - Setting next_dagrun for example_short_circuit_decorator to 2023-03-08T09:49:06.363052+00:00, run_after=2023-03-09T09:49:06.363052+00:00
[2023-03-09T09:49:06.375+0000] {processor.py:175} INFO - Processing /home/airflow/.local/lib/python3.7/site-packages/airflow/example_dags/example_short_circuit_decorator.py took 0.069 seconds
[2023-03-09T09:49:36.810+0000] {processor.py:153} INFO - Started process (PID=4322) to work on /home/airflow/.local/lib/python3.7/site-packages/airflow/example_dags/example_short_circuit_decorator.py
[2023-03-09T09:49:36.812+0000] {processor.py:743} INFO - Processing file /home/airflow/.local/lib/python3.7/site-packages/airflow/example_dags/example_short_circuit_decorator.py for tasks to queue
[2023-03-09T09:49:36.813+0000] {logging_mixin.py:137} INFO - [2023-03-09T09:49:36.813+0000] {dagbag.py:538} INFO - Filling up the DagBag from /home/airflow/.local/lib/python3.7/site-packages/airflow/example_dags/example_short_circuit_decorator.py
[2023-03-09T09:49:36.829+0000] {processor.py:753} INFO - DAG(s) dict_keys(['example_short_circuit_decorator']) retrieved from /home/airflow/.local/lib/python3.7/site-packages/airflow/example_dags/example_short_circuit_decorator.py
[2023-03-09T09:49:36.848+0000] {logging_mixin.py:137} INFO - [2023-03-09T09:49:36.848+0000] {dag.py:2690} INFO - Sync 1 DAGs
[2023-03-09T09:49:36.863+0000] {logging_mixin.py:137} INFO - [2023-03-09T09:49:36.863+0000] {dag.py:3441} INFO - Setting next_dagrun for example_short_circuit_decorator to 2023-03-08T09:49:36.863403+00:00, run_after=2023-03-09T09:49:36.863403+00:00
[2023-03-09T09:49:36.876+0000] {processor.py:175} INFO - Processing /home/airflow/.local/lib/python3.7/site-packages/airflow/example_dags/example_short_circuit_decorator.py took 0.069 seconds
[2023-03-09T09:50:07.064+0000] {processor.py:153} INFO - Started process (PID=4401) to work on /home/airflow/.local/lib/python3.7/site-packages/airflow/example_dags/example_short_circuit_decorator.py
[2023-03-09T09:50:07.069+0000] {processor.py:743} INFO - Processing file /home/airflow/.local/lib/python3.7/site-packages/airflow/example_dags/example_short_circuit_decorator.py for tasks to queue
[2023-03-09T09:50:07.072+0000] {logging_mixin.py:137} INFO - [2023-03-09T09:50:07.072+0000] {dagbag.py:538} INFO - Filling up the DagBag from /home/airflow/.local/lib/python3.7/site-packages/airflow/example_dags/example_short_circuit_decorator.py
[2023-03-09T09:50:07.108+0000] {processor.py:753} INFO - DAG(s) dict_keys(['example_short_circuit_decorator']) retrieved from /home/airflow/.local/lib/python3.7/site-packages/airflow/example_dags/example_short_circuit_decorator.py
[2023-03-09T09:50:07.130+0000] {logging_mixin.py:137} INFO - [2023-03-09T09:50:07.129+0000] {dag.py:2690} INFO - Sync 1 DAGs
[2023-03-09T09:50:07.150+0000] {logging_mixin.py:137} INFO - [2023-03-09T09:50:07.150+0000] {dag.py:3441} INFO - Setting next_dagrun for example_short_circuit_decorator to 2023-03-08T09:50:07.150102+00:00, run_after=2023-03-09T09:50:07.150102+00:00
[2023-03-09T09:50:07.165+0000] {processor.py:175} INFO - Processing /home/airflow/.local/lib/python3.7/site-packages/airflow/example_dags/example_short_circuit_decorator.py took 0.103 seconds
