[2023-03-09T09:02:16.508+0000] {processor.py:153} INFO - Started process (PID=53) to work on /home/airflow/.local/lib/python3.7/site-packages/airflow/example_dags/example_xcom.py
[2023-03-09T09:02:16.515+0000] {processor.py:743} INFO - Processing file /home/airflow/.local/lib/python3.7/site-packages/airflow/example_dags/example_xcom.py for tasks to queue
[2023-03-09T09:02:16.517+0000] {logging_mixin.py:137} INFO - [2023-03-09T09:02:16.517+0000] {dagbag.py:538} INFO - Filling up the DagBag from /home/airflow/.local/lib/python3.7/site-packages/airflow/example_dags/example_xcom.py
[2023-03-09T09:02:16.673+0000] {processor.py:753} INFO - DAG(s) dict_keys(['example_xcom']) retrieved from /home/airflow/.local/lib/python3.7/site-packages/airflow/example_dags/example_xcom.py
[2023-03-09T09:02:16.814+0000] {logging_mixin.py:137} INFO - [2023-03-09T09:02:16.813+0000] {dag.py:2690} INFO - Sync 1 DAGs
[2023-03-09T09:02:16.991+0000] {logging_mixin.py:137} INFO - [2023-03-09T09:02:16.991+0000] {dag.py:3441} INFO - Setting next_dagrun for example_xcom to 2021-01-01T00:00:00+00:00, run_after=2021-01-01T00:00:00+00:00
[2023-03-09T09:02:17.157+0000] {processor.py:175} INFO - Processing /home/airflow/.local/lib/python3.7/site-packages/airflow/example_dags/example_xcom.py took 0.665 seconds
[2023-03-09T09:02:47.796+0000] {processor.py:153} INFO - Started process (PID=122) to work on /home/airflow/.local/lib/python3.7/site-packages/airflow/example_dags/example_xcom.py
[2023-03-09T09:02:47.797+0000] {processor.py:743} INFO - Processing file /home/airflow/.local/lib/python3.7/site-packages/airflow/example_dags/example_xcom.py for tasks to queue
[2023-03-09T09:02:47.799+0000] {logging_mixin.py:137} INFO - [2023-03-09T09:02:47.799+0000] {dagbag.py:538} INFO - Filling up the DagBag from /home/airflow/.local/lib/python3.7/site-packages/airflow/example_dags/example_xcom.py
[2023-03-09T09:02:47.816+0000] {processor.py:753} INFO - DAG(s) dict_keys(['example_xcom']) retrieved from /home/airflow/.local/lib/python3.7/site-packages/airflow/example_dags/example_xcom.py
[2023-03-09T09:02:47.835+0000] {logging_mixin.py:137} INFO - [2023-03-09T09:02:47.835+0000] {dag.py:2690} INFO - Sync 1 DAGs
[2023-03-09T09:02:47.851+0000] {logging_mixin.py:137} INFO - [2023-03-09T09:02:47.851+0000] {dag.py:3441} INFO - Setting next_dagrun for example_xcom to 2021-01-01T00:00:00+00:00, run_after=2021-01-01T00:00:00+00:00
[2023-03-09T09:02:47.863+0000] {processor.py:175} INFO - Processing /home/airflow/.local/lib/python3.7/site-packages/airflow/example_dags/example_xcom.py took 0.070 seconds
[2023-03-09T09:03:18.005+0000] {processor.py:153} INFO - Started process (PID=189) to work on /home/airflow/.local/lib/python3.7/site-packages/airflow/example_dags/example_xcom.py
[2023-03-09T09:03:18.007+0000] {processor.py:743} INFO - Processing file /home/airflow/.local/lib/python3.7/site-packages/airflow/example_dags/example_xcom.py for tasks to queue
[2023-03-09T09:03:18.009+0000] {logging_mixin.py:137} INFO - [2023-03-09T09:03:18.009+0000] {dagbag.py:538} INFO - Filling up the DagBag from /home/airflow/.local/lib/python3.7/site-packages/airflow/example_dags/example_xcom.py
[2023-03-09T09:03:18.033+0000] {processor.py:753} INFO - DAG(s) dict_keys(['example_xcom']) retrieved from /home/airflow/.local/lib/python3.7/site-packages/airflow/example_dags/example_xcom.py
[2023-03-09T09:03:18.059+0000] {logging_mixin.py:137} INFO - [2023-03-09T09:03:18.059+0000] {dag.py:2690} INFO - Sync 1 DAGs
[2023-03-09T09:03:18.083+0000] {logging_mixin.py:137} INFO - [2023-03-09T09:03:18.083+0000] {dag.py:3441} INFO - Setting next_dagrun for example_xcom to 2021-01-01T00:00:00+00:00, run_after=2021-01-01T00:00:00+00:00
[2023-03-09T09:03:18.111+0000] {processor.py:175} INFO - Processing /home/airflow/.local/lib/python3.7/site-packages/airflow/example_dags/example_xcom.py took 0.110 seconds
[2023-03-09T09:03:48.525+0000] {processor.py:153} INFO - Started process (PID=268) to work on /home/airflow/.local/lib/python3.7/site-packages/airflow/example_dags/example_xcom.py
[2023-03-09T09:03:48.526+0000] {processor.py:743} INFO - Processing file /home/airflow/.local/lib/python3.7/site-packages/airflow/example_dags/example_xcom.py for tasks to queue
[2023-03-09T09:03:48.528+0000] {logging_mixin.py:137} INFO - [2023-03-09T09:03:48.528+0000] {dagbag.py:538} INFO - Filling up the DagBag from /home/airflow/.local/lib/python3.7/site-packages/airflow/example_dags/example_xcom.py
[2023-03-09T09:03:48.541+0000] {processor.py:753} INFO - DAG(s) dict_keys(['example_xcom']) retrieved from /home/airflow/.local/lib/python3.7/site-packages/airflow/example_dags/example_xcom.py
[2023-03-09T09:03:48.562+0000] {logging_mixin.py:137} INFO - [2023-03-09T09:03:48.562+0000] {dag.py:2690} INFO - Sync 1 DAGs
[2023-03-09T09:03:48.578+0000] {logging_mixin.py:137} INFO - [2023-03-09T09:03:48.578+0000] {dag.py:3441} INFO - Setting next_dagrun for example_xcom to 2021-01-01T00:00:00+00:00, run_after=2021-01-01T00:00:00+00:00
[2023-03-09T09:03:48.595+0000] {processor.py:175} INFO - Processing /home/airflow/.local/lib/python3.7/site-packages/airflow/example_dags/example_xcom.py took 0.072 seconds
[2023-03-09T09:04:19.094+0000] {processor.py:153} INFO - Started process (PID=347) to work on /home/airflow/.local/lib/python3.7/site-packages/airflow/example_dags/example_xcom.py
[2023-03-09T09:04:19.100+0000] {processor.py:743} INFO - Processing file /home/airflow/.local/lib/python3.7/site-packages/airflow/example_dags/example_xcom.py for tasks to queue
[2023-03-09T09:04:19.103+0000] {logging_mixin.py:137} INFO - [2023-03-09T09:04:19.103+0000] {dagbag.py:538} INFO - Filling up the DagBag from /home/airflow/.local/lib/python3.7/site-packages/airflow/example_dags/example_xcom.py
[2023-03-09T09:04:21.342+0000] {logging_mixin.py:137} INFO - [2023-03-09T09:04:21.342+0000] {process_utils.py:256} INFO - Waiting up to 5 seconds for processes to exit...
[2023-03-09T09:20:40.951+0000] {processor.py:153} INFO - Started process (PID=44) to work on /home/airflow/.local/lib/python3.7/site-packages/airflow/example_dags/example_xcom.py
[2023-03-09T09:20:40.958+0000] {processor.py:743} INFO - Processing file /home/airflow/.local/lib/python3.7/site-packages/airflow/example_dags/example_xcom.py for tasks to queue
[2023-03-09T09:20:40.962+0000] {logging_mixin.py:137} INFO - [2023-03-09T09:20:40.961+0000] {dagbag.py:538} INFO - Filling up the DagBag from /home/airflow/.local/lib/python3.7/site-packages/airflow/example_dags/example_xcom.py
[2023-03-09T09:20:41.001+0000] {processor.py:753} INFO - DAG(s) dict_keys(['example_xcom']) retrieved from /home/airflow/.local/lib/python3.7/site-packages/airflow/example_dags/example_xcom.py
[2023-03-09T09:20:41.156+0000] {logging_mixin.py:137} INFO - [2023-03-09T09:20:41.155+0000] {manager.py:504} INFO - Created Permission View: can read on DAG:example_xcom
[2023-03-09T09:20:41.168+0000] {logging_mixin.py:137} INFO - [2023-03-09T09:20:41.168+0000] {manager.py:504} INFO - Created Permission View: can edit on DAG:example_xcom
[2023-03-09T09:20:41.174+0000] {logging_mixin.py:137} INFO - [2023-03-09T09:20:41.174+0000] {manager.py:504} INFO - Created Permission View: can delete on DAG:example_xcom
[2023-03-09T09:20:41.175+0000] {logging_mixin.py:137} INFO - [2023-03-09T09:20:41.175+0000] {dag.py:2690} INFO - Sync 1 DAGs
[2023-03-09T09:20:41.186+0000] {logging_mixin.py:137} INFO - [2023-03-09T09:20:41.186+0000] {dag.py:2711} INFO - Creating ORM DAG for example_xcom
[2023-03-09T09:20:41.196+0000] {logging_mixin.py:137} INFO - [2023-03-09T09:20:41.196+0000] {dag.py:3441} INFO - Setting next_dagrun for example_xcom to 2021-01-01T00:00:00+00:00, run_after=2021-01-01T00:00:00+00:00
[2023-03-09T09:20:41.213+0000] {processor.py:175} INFO - Processing /home/airflow/.local/lib/python3.7/site-packages/airflow/example_dags/example_xcom.py took 0.265 seconds
[2023-03-09T09:21:11.993+0000] {processor.py:153} INFO - Started process (PID=108) to work on /home/airflow/.local/lib/python3.7/site-packages/airflow/example_dags/example_xcom.py
[2023-03-09T09:21:11.996+0000] {processor.py:743} INFO - Processing file /home/airflow/.local/lib/python3.7/site-packages/airflow/example_dags/example_xcom.py for tasks to queue
[2023-03-09T09:21:11.999+0000] {logging_mixin.py:137} INFO - [2023-03-09T09:21:11.999+0000] {dagbag.py:538} INFO - Filling up the DagBag from /home/airflow/.local/lib/python3.7/site-packages/airflow/example_dags/example_xcom.py
[2023-03-09T09:21:12.047+0000] {processor.py:753} INFO - DAG(s) dict_keys(['example_xcom']) retrieved from /home/airflow/.local/lib/python3.7/site-packages/airflow/example_dags/example_xcom.py
[2023-03-09T09:21:12.105+0000] {logging_mixin.py:137} INFO - [2023-03-09T09:21:12.104+0000] {dag.py:2690} INFO - Sync 1 DAGs
[2023-03-09T09:21:12.147+0000] {logging_mixin.py:137} INFO - [2023-03-09T09:21:12.147+0000] {dag.py:3441} INFO - Setting next_dagrun for example_xcom to 2021-01-01T00:00:00+00:00, run_after=2021-01-01T00:00:00+00:00
[2023-03-09T09:21:12.172+0000] {processor.py:175} INFO - Processing /home/airflow/.local/lib/python3.7/site-packages/airflow/example_dags/example_xcom.py took 0.182 seconds
[2023-03-09T09:21:42.661+0000] {processor.py:153} INFO - Started process (PID=189) to work on /home/airflow/.local/lib/python3.7/site-packages/airflow/example_dags/example_xcom.py
[2023-03-09T09:21:42.662+0000] {processor.py:743} INFO - Processing file /home/airflow/.local/lib/python3.7/site-packages/airflow/example_dags/example_xcom.py for tasks to queue
[2023-03-09T09:21:42.664+0000] {logging_mixin.py:137} INFO - [2023-03-09T09:21:42.664+0000] {dagbag.py:538} INFO - Filling up the DagBag from /home/airflow/.local/lib/python3.7/site-packages/airflow/example_dags/example_xcom.py
[2023-03-09T09:21:42.681+0000] {processor.py:753} INFO - DAG(s) dict_keys(['example_xcom']) retrieved from /home/airflow/.local/lib/python3.7/site-packages/airflow/example_dags/example_xcom.py
[2023-03-09T09:21:42.699+0000] {logging_mixin.py:137} INFO - [2023-03-09T09:21:42.699+0000] {dag.py:2690} INFO - Sync 1 DAGs
[2023-03-09T09:21:42.715+0000] {logging_mixin.py:137} INFO - [2023-03-09T09:21:42.715+0000] {dag.py:3441} INFO - Setting next_dagrun for example_xcom to 2021-01-01T00:00:00+00:00, run_after=2021-01-01T00:00:00+00:00
[2023-03-09T09:21:42.727+0000] {processor.py:175} INFO - Processing /home/airflow/.local/lib/python3.7/site-packages/airflow/example_dags/example_xcom.py took 0.071 seconds
[2023-03-09T09:22:13.489+0000] {processor.py:153} INFO - Started process (PID=268) to work on /home/airflow/.local/lib/python3.7/site-packages/airflow/example_dags/example_xcom.py
[2023-03-09T09:22:13.490+0000] {processor.py:743} INFO - Processing file /home/airflow/.local/lib/python3.7/site-packages/airflow/example_dags/example_xcom.py for tasks to queue
[2023-03-09T09:22:13.492+0000] {logging_mixin.py:137} INFO - [2023-03-09T09:22:13.491+0000] {dagbag.py:538} INFO - Filling up the DagBag from /home/airflow/.local/lib/python3.7/site-packages/airflow/example_dags/example_xcom.py
[2023-03-09T09:22:13.510+0000] {processor.py:753} INFO - DAG(s) dict_keys(['example_xcom']) retrieved from /home/airflow/.local/lib/python3.7/site-packages/airflow/example_dags/example_xcom.py
[2023-03-09T09:22:13.530+0000] {logging_mixin.py:137} INFO - [2023-03-09T09:22:13.529+0000] {dag.py:2690} INFO - Sync 1 DAGs
[2023-03-09T09:22:13.545+0000] {logging_mixin.py:137} INFO - [2023-03-09T09:22:13.545+0000] {dag.py:3441} INFO - Setting next_dagrun for example_xcom to 2021-01-01T00:00:00+00:00, run_after=2021-01-01T00:00:00+00:00
[2023-03-09T09:22:13.557+0000] {processor.py:175} INFO - Processing /home/airflow/.local/lib/python3.7/site-packages/airflow/example_dags/example_xcom.py took 0.071 seconds
[2023-03-09T09:22:43.857+0000] {processor.py:153} INFO - Started process (PID=332) to work on /home/airflow/.local/lib/python3.7/site-packages/airflow/example_dags/example_xcom.py
[2023-03-09T09:22:43.858+0000] {processor.py:743} INFO - Processing file /home/airflow/.local/lib/python3.7/site-packages/airflow/example_dags/example_xcom.py for tasks to queue
[2023-03-09T09:22:43.860+0000] {logging_mixin.py:137} INFO - [2023-03-09T09:22:43.860+0000] {dagbag.py:538} INFO - Filling up the DagBag from /home/airflow/.local/lib/python3.7/site-packages/airflow/example_dags/example_xcom.py
[2023-03-09T09:22:43.876+0000] {processor.py:753} INFO - DAG(s) dict_keys(['example_xcom']) retrieved from /home/airflow/.local/lib/python3.7/site-packages/airflow/example_dags/example_xcom.py
[2023-03-09T09:22:43.897+0000] {logging_mixin.py:137} INFO - [2023-03-09T09:22:43.897+0000] {dag.py:2690} INFO - Sync 1 DAGs
[2023-03-09T09:22:43.918+0000] {logging_mixin.py:137} INFO - [2023-03-09T09:22:43.917+0000] {dag.py:3441} INFO - Setting next_dagrun for example_xcom to 2021-01-01T00:00:00+00:00, run_after=2021-01-01T00:00:00+00:00
[2023-03-09T09:22:43.932+0000] {processor.py:175} INFO - Processing /home/airflow/.local/lib/python3.7/site-packages/airflow/example_dags/example_xcom.py took 0.079 seconds
[2023-03-09T09:23:14.125+0000] {processor.py:153} INFO - Started process (PID=412) to work on /home/airflow/.local/lib/python3.7/site-packages/airflow/example_dags/example_xcom.py
[2023-03-09T09:23:14.127+0000] {processor.py:743} INFO - Processing file /home/airflow/.local/lib/python3.7/site-packages/airflow/example_dags/example_xcom.py for tasks to queue
[2023-03-09T09:23:14.128+0000] {logging_mixin.py:137} INFO - [2023-03-09T09:23:14.128+0000] {dagbag.py:538} INFO - Filling up the DagBag from /home/airflow/.local/lib/python3.7/site-packages/airflow/example_dags/example_xcom.py
[2023-03-09T09:23:14.143+0000] {processor.py:753} INFO - DAG(s) dict_keys(['example_xcom']) retrieved from /home/airflow/.local/lib/python3.7/site-packages/airflow/example_dags/example_xcom.py
[2023-03-09T09:23:14.162+0000] {logging_mixin.py:137} INFO - [2023-03-09T09:23:14.162+0000] {dag.py:2690} INFO - Sync 1 DAGs
[2023-03-09T09:23:14.179+0000] {logging_mixin.py:137} INFO - [2023-03-09T09:23:14.178+0000] {dag.py:3441} INFO - Setting next_dagrun for example_xcom to 2021-01-01T00:00:00+00:00, run_after=2021-01-01T00:00:00+00:00
[2023-03-09T09:23:14.191+0000] {processor.py:175} INFO - Processing /home/airflow/.local/lib/python3.7/site-packages/airflow/example_dags/example_xcom.py took 0.069 seconds
[2023-03-09T09:23:44.416+0000] {processor.py:153} INFO - Started process (PID=499) to work on /home/airflow/.local/lib/python3.7/site-packages/airflow/example_dags/example_xcom.py
[2023-03-09T09:23:44.418+0000] {processor.py:743} INFO - Processing file /home/airflow/.local/lib/python3.7/site-packages/airflow/example_dags/example_xcom.py for tasks to queue
[2023-03-09T09:23:44.419+0000] {logging_mixin.py:137} INFO - [2023-03-09T09:23:44.419+0000] {dagbag.py:538} INFO - Filling up the DagBag from /home/airflow/.local/lib/python3.7/site-packages/airflow/example_dags/example_xcom.py
[2023-03-09T09:23:44.435+0000] {processor.py:753} INFO - DAG(s) dict_keys(['example_xcom']) retrieved from /home/airflow/.local/lib/python3.7/site-packages/airflow/example_dags/example_xcom.py
[2023-03-09T09:23:44.454+0000] {logging_mixin.py:137} INFO - [2023-03-09T09:23:44.453+0000] {dag.py:2690} INFO - Sync 1 DAGs
[2023-03-09T09:23:44.469+0000] {logging_mixin.py:137} INFO - [2023-03-09T09:23:44.469+0000] {dag.py:3441} INFO - Setting next_dagrun for example_xcom to 2021-01-01T00:00:00+00:00, run_after=2021-01-01T00:00:00+00:00
[2023-03-09T09:23:44.482+0000] {processor.py:175} INFO - Processing /home/airflow/.local/lib/python3.7/site-packages/airflow/example_dags/example_xcom.py took 0.068 seconds
[2023-03-09T09:24:14.576+0000] {processor.py:153} INFO - Started process (PID=562) to work on /home/airflow/.local/lib/python3.7/site-packages/airflow/example_dags/example_xcom.py
[2023-03-09T09:24:14.578+0000] {processor.py:743} INFO - Processing file /home/airflow/.local/lib/python3.7/site-packages/airflow/example_dags/example_xcom.py for tasks to queue
[2023-03-09T09:24:14.579+0000] {logging_mixin.py:137} INFO - [2023-03-09T09:24:14.579+0000] {dagbag.py:538} INFO - Filling up the DagBag from /home/airflow/.local/lib/python3.7/site-packages/airflow/example_dags/example_xcom.py
[2023-03-09T09:24:14.595+0000] {processor.py:753} INFO - DAG(s) dict_keys(['example_xcom']) retrieved from /home/airflow/.local/lib/python3.7/site-packages/airflow/example_dags/example_xcom.py
[2023-03-09T09:24:14.615+0000] {logging_mixin.py:137} INFO - [2023-03-09T09:24:14.615+0000] {dag.py:2690} INFO - Sync 1 DAGs
[2023-03-09T09:24:14.630+0000] {logging_mixin.py:137} INFO - [2023-03-09T09:24:14.630+0000] {dag.py:3441} INFO - Setting next_dagrun for example_xcom to 2021-01-01T00:00:00+00:00, run_after=2021-01-01T00:00:00+00:00
[2023-03-09T09:24:14.643+0000] {processor.py:175} INFO - Processing /home/airflow/.local/lib/python3.7/site-packages/airflow/example_dags/example_xcom.py took 0.069 seconds
[2023-03-09T09:24:45.383+0000] {processor.py:153} INFO - Started process (PID=640) to work on /home/airflow/.local/lib/python3.7/site-packages/airflow/example_dags/example_xcom.py
[2023-03-09T09:24:45.385+0000] {processor.py:743} INFO - Processing file /home/airflow/.local/lib/python3.7/site-packages/airflow/example_dags/example_xcom.py for tasks to queue
[2023-03-09T09:24:45.386+0000] {logging_mixin.py:137} INFO - [2023-03-09T09:24:45.386+0000] {dagbag.py:538} INFO - Filling up the DagBag from /home/airflow/.local/lib/python3.7/site-packages/airflow/example_dags/example_xcom.py
[2023-03-09T09:24:45.399+0000] {processor.py:753} INFO - DAG(s) dict_keys(['example_xcom']) retrieved from /home/airflow/.local/lib/python3.7/site-packages/airflow/example_dags/example_xcom.py
[2023-03-09T09:24:45.417+0000] {logging_mixin.py:137} INFO - [2023-03-09T09:24:45.417+0000] {dag.py:2690} INFO - Sync 1 DAGs
[2023-03-09T09:24:45.431+0000] {logging_mixin.py:137} INFO - [2023-03-09T09:24:45.431+0000] {dag.py:3441} INFO - Setting next_dagrun for example_xcom to 2021-01-01T00:00:00+00:00, run_after=2021-01-01T00:00:00+00:00
[2023-03-09T09:24:45.442+0000] {processor.py:175} INFO - Processing /home/airflow/.local/lib/python3.7/site-packages/airflow/example_dags/example_xcom.py took 0.061 seconds
[2023-03-09T09:25:15.727+0000] {processor.py:153} INFO - Started process (PID=716) to work on /home/airflow/.local/lib/python3.7/site-packages/airflow/example_dags/example_xcom.py
[2023-03-09T09:25:15.729+0000] {processor.py:743} INFO - Processing file /home/airflow/.local/lib/python3.7/site-packages/airflow/example_dags/example_xcom.py for tasks to queue
[2023-03-09T09:25:15.732+0000] {logging_mixin.py:137} INFO - [2023-03-09T09:25:15.732+0000] {dagbag.py:538} INFO - Filling up the DagBag from /home/airflow/.local/lib/python3.7/site-packages/airflow/example_dags/example_xcom.py
[2023-03-09T09:25:15.750+0000] {processor.py:753} INFO - DAG(s) dict_keys(['example_xcom']) retrieved from /home/airflow/.local/lib/python3.7/site-packages/airflow/example_dags/example_xcom.py
[2023-03-09T09:25:15.775+0000] {logging_mixin.py:137} INFO - [2023-03-09T09:25:15.774+0000] {dag.py:2690} INFO - Sync 1 DAGs
[2023-03-09T09:25:15.796+0000] {logging_mixin.py:137} INFO - [2023-03-09T09:25:15.796+0000] {dag.py:3441} INFO - Setting next_dagrun for example_xcom to 2021-01-01T00:00:00+00:00, run_after=2021-01-01T00:00:00+00:00
[2023-03-09T09:25:15.812+0000] {processor.py:175} INFO - Processing /home/airflow/.local/lib/python3.7/site-packages/airflow/example_dags/example_xcom.py took 0.090 seconds
[2023-03-09T09:25:46.014+0000] {processor.py:153} INFO - Started process (PID=785) to work on /home/airflow/.local/lib/python3.7/site-packages/airflow/example_dags/example_xcom.py
[2023-03-09T09:25:46.016+0000] {processor.py:743} INFO - Processing file /home/airflow/.local/lib/python3.7/site-packages/airflow/example_dags/example_xcom.py for tasks to queue
[2023-03-09T09:25:46.019+0000] {logging_mixin.py:137} INFO - [2023-03-09T09:25:46.018+0000] {dagbag.py:538} INFO - Filling up the DagBag from /home/airflow/.local/lib/python3.7/site-packages/airflow/example_dags/example_xcom.py
[2023-03-09T09:25:46.043+0000] {processor.py:753} INFO - DAG(s) dict_keys(['example_xcom']) retrieved from /home/airflow/.local/lib/python3.7/site-packages/airflow/example_dags/example_xcom.py
[2023-03-09T09:25:46.068+0000] {logging_mixin.py:137} INFO - [2023-03-09T09:25:46.068+0000] {dag.py:2690} INFO - Sync 1 DAGs
[2023-03-09T09:25:46.104+0000] {logging_mixin.py:137} INFO - [2023-03-09T09:25:46.103+0000] {dag.py:3441} INFO - Setting next_dagrun for example_xcom to 2021-01-01T00:00:00+00:00, run_after=2021-01-01T00:00:00+00:00
[2023-03-09T09:25:46.232+0000] {processor.py:175} INFO - Processing /home/airflow/.local/lib/python3.7/site-packages/airflow/example_dags/example_xcom.py took 0.221 seconds
[2023-03-09T09:26:16.533+0000] {processor.py:153} INFO - Started process (PID=861) to work on /home/airflow/.local/lib/python3.7/site-packages/airflow/example_dags/example_xcom.py
[2023-03-09T09:26:16.534+0000] {processor.py:743} INFO - Processing file /home/airflow/.local/lib/python3.7/site-packages/airflow/example_dags/example_xcom.py for tasks to queue
[2023-03-09T09:26:16.535+0000] {logging_mixin.py:137} INFO - [2023-03-09T09:26:16.535+0000] {dagbag.py:538} INFO - Filling up the DagBag from /home/airflow/.local/lib/python3.7/site-packages/airflow/example_dags/example_xcom.py
[2023-03-09T09:26:16.551+0000] {processor.py:753} INFO - DAG(s) dict_keys(['example_xcom']) retrieved from /home/airflow/.local/lib/python3.7/site-packages/airflow/example_dags/example_xcom.py
[2023-03-09T09:26:16.571+0000] {logging_mixin.py:137} INFO - [2023-03-09T09:26:16.571+0000] {dag.py:2690} INFO - Sync 1 DAGs
[2023-03-09T09:26:16.587+0000] {logging_mixin.py:137} INFO - [2023-03-09T09:26:16.587+0000] {dag.py:3441} INFO - Setting next_dagrun for example_xcom to 2021-01-01T00:00:00+00:00, run_after=2021-01-01T00:00:00+00:00
[2023-03-09T09:26:16.600+0000] {processor.py:175} INFO - Processing /home/airflow/.local/lib/python3.7/site-packages/airflow/example_dags/example_xcom.py took 0.070 seconds
[2023-03-09T09:26:47.356+0000] {processor.py:153} INFO - Started process (PID=940) to work on /home/airflow/.local/lib/python3.7/site-packages/airflow/example_dags/example_xcom.py
[2023-03-09T09:26:47.358+0000] {processor.py:743} INFO - Processing file /home/airflow/.local/lib/python3.7/site-packages/airflow/example_dags/example_xcom.py for tasks to queue
[2023-03-09T09:26:47.359+0000] {logging_mixin.py:137} INFO - [2023-03-09T09:26:47.359+0000] {dagbag.py:538} INFO - Filling up the DagBag from /home/airflow/.local/lib/python3.7/site-packages/airflow/example_dags/example_xcom.py
[2023-03-09T09:26:47.373+0000] {processor.py:753} INFO - DAG(s) dict_keys(['example_xcom']) retrieved from /home/airflow/.local/lib/python3.7/site-packages/airflow/example_dags/example_xcom.py
[2023-03-09T09:26:47.390+0000] {logging_mixin.py:137} INFO - [2023-03-09T09:26:47.390+0000] {dag.py:2690} INFO - Sync 1 DAGs
[2023-03-09T09:26:47.404+0000] {logging_mixin.py:137} INFO - [2023-03-09T09:26:47.404+0000] {dag.py:3441} INFO - Setting next_dagrun for example_xcom to 2021-01-01T00:00:00+00:00, run_after=2021-01-01T00:00:00+00:00
[2023-03-09T09:26:47.415+0000] {processor.py:175} INFO - Processing /home/airflow/.local/lib/python3.7/site-packages/airflow/example_dags/example_xcom.py took 0.062 seconds
[2023-03-09T09:27:17.749+0000] {processor.py:153} INFO - Started process (PID=1009) to work on /home/airflow/.local/lib/python3.7/site-packages/airflow/example_dags/example_xcom.py
[2023-03-09T09:27:17.751+0000] {processor.py:743} INFO - Processing file /home/airflow/.local/lib/python3.7/site-packages/airflow/example_dags/example_xcom.py for tasks to queue
[2023-03-09T09:27:17.752+0000] {logging_mixin.py:137} INFO - [2023-03-09T09:27:17.752+0000] {dagbag.py:538} INFO - Filling up the DagBag from /home/airflow/.local/lib/python3.7/site-packages/airflow/example_dags/example_xcom.py
[2023-03-09T09:27:17.768+0000] {processor.py:753} INFO - DAG(s) dict_keys(['example_xcom']) retrieved from /home/airflow/.local/lib/python3.7/site-packages/airflow/example_dags/example_xcom.py
[2023-03-09T09:27:17.786+0000] {logging_mixin.py:137} INFO - [2023-03-09T09:27:17.786+0000] {dag.py:2690} INFO - Sync 1 DAGs
[2023-03-09T09:27:17.804+0000] {logging_mixin.py:137} INFO - [2023-03-09T09:27:17.804+0000] {dag.py:3441} INFO - Setting next_dagrun for example_xcom to 2021-01-01T00:00:00+00:00, run_after=2021-01-01T00:00:00+00:00
[2023-03-09T09:27:17.817+0000] {processor.py:175} INFO - Processing /home/airflow/.local/lib/python3.7/site-packages/airflow/example_dags/example_xcom.py took 0.071 seconds
[2023-03-09T09:27:48.874+0000] {processor.py:153} INFO - Started process (PID=1090) to work on /home/airflow/.local/lib/python3.7/site-packages/airflow/example_dags/example_xcom.py
[2023-03-09T09:27:48.875+0000] {processor.py:743} INFO - Processing file /home/airflow/.local/lib/python3.7/site-packages/airflow/example_dags/example_xcom.py for tasks to queue
[2023-03-09T09:27:48.877+0000] {logging_mixin.py:137} INFO - [2023-03-09T09:27:48.876+0000] {dagbag.py:538} INFO - Filling up the DagBag from /home/airflow/.local/lib/python3.7/site-packages/airflow/example_dags/example_xcom.py
[2023-03-09T09:27:48.893+0000] {processor.py:753} INFO - DAG(s) dict_keys(['example_xcom']) retrieved from /home/airflow/.local/lib/python3.7/site-packages/airflow/example_dags/example_xcom.py
[2023-03-09T09:27:48.920+0000] {logging_mixin.py:137} INFO - [2023-03-09T09:27:48.920+0000] {dag.py:2690} INFO - Sync 1 DAGs
[2023-03-09T09:27:48.938+0000] {logging_mixin.py:137} INFO - [2023-03-09T09:27:48.938+0000] {dag.py:3441} INFO - Setting next_dagrun for example_xcom to 2021-01-01T00:00:00+00:00, run_after=2021-01-01T00:00:00+00:00
[2023-03-09T09:27:48.951+0000] {processor.py:175} INFO - Processing /home/airflow/.local/lib/python3.7/site-packages/airflow/example_dags/example_xcom.py took 0.079 seconds
[2023-03-09T09:28:19.042+0000] {processor.py:153} INFO - Started process (PID=1170) to work on /home/airflow/.local/lib/python3.7/site-packages/airflow/example_dags/example_xcom.py
[2023-03-09T09:28:19.043+0000] {processor.py:743} INFO - Processing file /home/airflow/.local/lib/python3.7/site-packages/airflow/example_dags/example_xcom.py for tasks to queue
[2023-03-09T09:28:19.044+0000] {logging_mixin.py:137} INFO - [2023-03-09T09:28:19.044+0000] {dagbag.py:538} INFO - Filling up the DagBag from /home/airflow/.local/lib/python3.7/site-packages/airflow/example_dags/example_xcom.py
[2023-03-09T09:28:19.057+0000] {processor.py:753} INFO - DAG(s) dict_keys(['example_xcom']) retrieved from /home/airflow/.local/lib/python3.7/site-packages/airflow/example_dags/example_xcom.py
[2023-03-09T09:28:19.075+0000] {logging_mixin.py:137} INFO - [2023-03-09T09:28:19.075+0000] {dag.py:2690} INFO - Sync 1 DAGs
[2023-03-09T09:28:19.088+0000] {logging_mixin.py:137} INFO - [2023-03-09T09:28:19.088+0000] {dag.py:3441} INFO - Setting next_dagrun for example_xcom to 2021-01-01T00:00:00+00:00, run_after=2021-01-01T00:00:00+00:00
[2023-03-09T09:28:19.099+0000] {processor.py:175} INFO - Processing /home/airflow/.local/lib/python3.7/site-packages/airflow/example_dags/example_xcom.py took 0.060 seconds
[2023-03-09T09:28:49.539+0000] {processor.py:153} INFO - Started process (PID=1247) to work on /home/airflow/.local/lib/python3.7/site-packages/airflow/example_dags/example_xcom.py
[2023-03-09T09:28:49.541+0000] {processor.py:743} INFO - Processing file /home/airflow/.local/lib/python3.7/site-packages/airflow/example_dags/example_xcom.py for tasks to queue
[2023-03-09T09:28:49.544+0000] {logging_mixin.py:137} INFO - [2023-03-09T09:28:49.544+0000] {dagbag.py:538} INFO - Filling up the DagBag from /home/airflow/.local/lib/python3.7/site-packages/airflow/example_dags/example_xcom.py
[2023-03-09T09:28:49.562+0000] {processor.py:753} INFO - DAG(s) dict_keys(['example_xcom']) retrieved from /home/airflow/.local/lib/python3.7/site-packages/airflow/example_dags/example_xcom.py
[2023-03-09T09:28:49.592+0000] {logging_mixin.py:137} INFO - [2023-03-09T09:28:49.592+0000] {dag.py:2690} INFO - Sync 1 DAGs
[2023-03-09T09:28:49.616+0000] {logging_mixin.py:137} INFO - [2023-03-09T09:28:49.615+0000] {dag.py:3441} INFO - Setting next_dagrun for example_xcom to 2021-01-01T00:00:00+00:00, run_after=2021-01-01T00:00:00+00:00
[2023-03-09T09:28:49.632+0000] {processor.py:175} INFO - Processing /home/airflow/.local/lib/python3.7/site-packages/airflow/example_dags/example_xcom.py took 0.096 seconds
[2023-03-09T09:29:19.954+0000] {processor.py:153} INFO - Started process (PID=1315) to work on /home/airflow/.local/lib/python3.7/site-packages/airflow/example_dags/example_xcom.py
[2023-03-09T09:29:19.956+0000] {processor.py:743} INFO - Processing file /home/airflow/.local/lib/python3.7/site-packages/airflow/example_dags/example_xcom.py for tasks to queue
[2023-03-09T09:29:19.957+0000] {logging_mixin.py:137} INFO - [2023-03-09T09:29:19.957+0000] {dagbag.py:538} INFO - Filling up the DagBag from /home/airflow/.local/lib/python3.7/site-packages/airflow/example_dags/example_xcom.py
[2023-03-09T09:29:19.971+0000] {processor.py:753} INFO - DAG(s) dict_keys(['example_xcom']) retrieved from /home/airflow/.local/lib/python3.7/site-packages/airflow/example_dags/example_xcom.py
[2023-03-09T09:29:19.989+0000] {logging_mixin.py:137} INFO - [2023-03-09T09:29:19.989+0000] {dag.py:2690} INFO - Sync 1 DAGs
[2023-03-09T09:29:20.005+0000] {logging_mixin.py:137} INFO - [2023-03-09T09:29:20.005+0000] {dag.py:3441} INFO - Setting next_dagrun for example_xcom to 2021-01-01T00:00:00+00:00, run_after=2021-01-01T00:00:00+00:00
[2023-03-09T09:29:20.017+0000] {processor.py:175} INFO - Processing /home/airflow/.local/lib/python3.7/site-packages/airflow/example_dags/example_xcom.py took 0.066 seconds
[2023-03-09T09:29:50.192+0000] {processor.py:153} INFO - Started process (PID=1398) to work on /home/airflow/.local/lib/python3.7/site-packages/airflow/example_dags/example_xcom.py
[2023-03-09T09:29:50.194+0000] {processor.py:743} INFO - Processing file /home/airflow/.local/lib/python3.7/site-packages/airflow/example_dags/example_xcom.py for tasks to queue
[2023-03-09T09:29:50.195+0000] {logging_mixin.py:137} INFO - [2023-03-09T09:29:50.195+0000] {dagbag.py:538} INFO - Filling up the DagBag from /home/airflow/.local/lib/python3.7/site-packages/airflow/example_dags/example_xcom.py
[2023-03-09T09:29:50.210+0000] {processor.py:753} INFO - DAG(s) dict_keys(['example_xcom']) retrieved from /home/airflow/.local/lib/python3.7/site-packages/airflow/example_dags/example_xcom.py
[2023-03-09T09:29:50.230+0000] {logging_mixin.py:137} INFO - [2023-03-09T09:29:50.230+0000] {dag.py:2690} INFO - Sync 1 DAGs
[2023-03-09T09:29:50.245+0000] {logging_mixin.py:137} INFO - [2023-03-09T09:29:50.245+0000] {dag.py:3441} INFO - Setting next_dagrun for example_xcom to 2021-01-01T00:00:00+00:00, run_after=2021-01-01T00:00:00+00:00
[2023-03-09T09:29:50.255+0000] {processor.py:175} INFO - Processing /home/airflow/.local/lib/python3.7/site-packages/airflow/example_dags/example_xcom.py took 0.066 seconds
[2023-03-09T09:30:20.735+0000] {processor.py:153} INFO - Started process (PID=1465) to work on /home/airflow/.local/lib/python3.7/site-packages/airflow/example_dags/example_xcom.py
[2023-03-09T09:30:20.740+0000] {processor.py:743} INFO - Processing file /home/airflow/.local/lib/python3.7/site-packages/airflow/example_dags/example_xcom.py for tasks to queue
[2023-03-09T09:30:20.741+0000] {logging_mixin.py:137} INFO - [2023-03-09T09:30:20.741+0000] {dagbag.py:538} INFO - Filling up the DagBag from /home/airflow/.local/lib/python3.7/site-packages/airflow/example_dags/example_xcom.py
[2023-03-09T09:30:20.759+0000] {processor.py:753} INFO - DAG(s) dict_keys(['example_xcom']) retrieved from /home/airflow/.local/lib/python3.7/site-packages/airflow/example_dags/example_xcom.py
[2023-03-09T09:30:20.780+0000] {logging_mixin.py:137} INFO - [2023-03-09T09:30:20.780+0000] {dag.py:2690} INFO - Sync 1 DAGs
[2023-03-09T09:30:20.799+0000] {logging_mixin.py:137} INFO - [2023-03-09T09:30:20.799+0000] {dag.py:3441} INFO - Setting next_dagrun for example_xcom to 2021-01-01T00:00:00+00:00, run_after=2021-01-01T00:00:00+00:00
[2023-03-09T09:30:20.815+0000] {processor.py:175} INFO - Processing /home/airflow/.local/lib/python3.7/site-packages/airflow/example_dags/example_xcom.py took 0.082 seconds
[2023-03-09T09:30:51.038+0000] {processor.py:153} INFO - Started process (PID=1543) to work on /home/airflow/.local/lib/python3.7/site-packages/airflow/example_dags/example_xcom.py
[2023-03-09T09:30:51.040+0000] {processor.py:743} INFO - Processing file /home/airflow/.local/lib/python3.7/site-packages/airflow/example_dags/example_xcom.py for tasks to queue
[2023-03-09T09:30:51.041+0000] {logging_mixin.py:137} INFO - [2023-03-09T09:30:51.041+0000] {dagbag.py:538} INFO - Filling up the DagBag from /home/airflow/.local/lib/python3.7/site-packages/airflow/example_dags/example_xcom.py
[2023-03-09T09:30:51.055+0000] {processor.py:753} INFO - DAG(s) dict_keys(['example_xcom']) retrieved from /home/airflow/.local/lib/python3.7/site-packages/airflow/example_dags/example_xcom.py
[2023-03-09T09:30:51.073+0000] {logging_mixin.py:137} INFO - [2023-03-09T09:30:51.073+0000] {dag.py:2690} INFO - Sync 1 DAGs
[2023-03-09T09:30:51.088+0000] {logging_mixin.py:137} INFO - [2023-03-09T09:30:51.088+0000] {dag.py:3441} INFO - Setting next_dagrun for example_xcom to 2021-01-01T00:00:00+00:00, run_after=2021-01-01T00:00:00+00:00
[2023-03-09T09:30:51.099+0000] {processor.py:175} INFO - Processing /home/airflow/.local/lib/python3.7/site-packages/airflow/example_dags/example_xcom.py took 0.064 seconds
[2023-03-09T09:31:21.434+0000] {processor.py:153} INFO - Started process (PID=1626) to work on /home/airflow/.local/lib/python3.7/site-packages/airflow/example_dags/example_xcom.py
[2023-03-09T09:31:21.457+0000] {processor.py:743} INFO - Processing file /home/airflow/.local/lib/python3.7/site-packages/airflow/example_dags/example_xcom.py for tasks to queue
[2023-03-09T09:31:21.459+0000] {logging_mixin.py:137} INFO - [2023-03-09T09:31:21.459+0000] {dagbag.py:538} INFO - Filling up the DagBag from /home/airflow/.local/lib/python3.7/site-packages/airflow/example_dags/example_xcom.py
[2023-03-09T09:31:21.476+0000] {processor.py:753} INFO - DAG(s) dict_keys(['example_xcom']) retrieved from /home/airflow/.local/lib/python3.7/site-packages/airflow/example_dags/example_xcom.py
[2023-03-09T09:31:21.496+0000] {logging_mixin.py:137} INFO - [2023-03-09T09:31:21.496+0000] {dag.py:2690} INFO - Sync 1 DAGs
[2023-03-09T09:31:21.513+0000] {logging_mixin.py:137} INFO - [2023-03-09T09:31:21.513+0000] {dag.py:3441} INFO - Setting next_dagrun for example_xcom to 2021-01-01T00:00:00+00:00, run_after=2021-01-01T00:00:00+00:00
[2023-03-09T09:31:21.526+0000] {processor.py:175} INFO - Processing /home/airflow/.local/lib/python3.7/site-packages/airflow/example_dags/example_xcom.py took 0.095 seconds
[2023-03-09T09:31:51.775+0000] {processor.py:153} INFO - Started process (PID=1694) to work on /home/airflow/.local/lib/python3.7/site-packages/airflow/example_dags/example_xcom.py
[2023-03-09T09:31:51.777+0000] {processor.py:743} INFO - Processing file /home/airflow/.local/lib/python3.7/site-packages/airflow/example_dags/example_xcom.py for tasks to queue
[2023-03-09T09:31:51.778+0000] {logging_mixin.py:137} INFO - [2023-03-09T09:31:51.778+0000] {dagbag.py:538} INFO - Filling up the DagBag from /home/airflow/.local/lib/python3.7/site-packages/airflow/example_dags/example_xcom.py
[2023-03-09T09:31:51.791+0000] {processor.py:753} INFO - DAG(s) dict_keys(['example_xcom']) retrieved from /home/airflow/.local/lib/python3.7/site-packages/airflow/example_dags/example_xcom.py
[2023-03-09T09:31:51.809+0000] {logging_mixin.py:137} INFO - [2023-03-09T09:31:51.809+0000] {dag.py:2690} INFO - Sync 1 DAGs
[2023-03-09T09:31:51.823+0000] {logging_mixin.py:137} INFO - [2023-03-09T09:31:51.823+0000] {dag.py:3441} INFO - Setting next_dagrun for example_xcom to 2021-01-01T00:00:00+00:00, run_after=2021-01-01T00:00:00+00:00
[2023-03-09T09:31:51.834+0000] {processor.py:175} INFO - Processing /home/airflow/.local/lib/python3.7/site-packages/airflow/example_dags/example_xcom.py took 0.060 seconds
[2023-03-09T09:32:22.034+0000] {processor.py:153} INFO - Started process (PID=1777) to work on /home/airflow/.local/lib/python3.7/site-packages/airflow/example_dags/example_xcom.py
[2023-03-09T09:32:22.035+0000] {processor.py:743} INFO - Processing file /home/airflow/.local/lib/python3.7/site-packages/airflow/example_dags/example_xcom.py for tasks to queue
[2023-03-09T09:32:22.036+0000] {logging_mixin.py:137} INFO - [2023-03-09T09:32:22.036+0000] {dagbag.py:538} INFO - Filling up the DagBag from /home/airflow/.local/lib/python3.7/site-packages/airflow/example_dags/example_xcom.py
[2023-03-09T09:32:22.052+0000] {processor.py:753} INFO - DAG(s) dict_keys(['example_xcom']) retrieved from /home/airflow/.local/lib/python3.7/site-packages/airflow/example_dags/example_xcom.py
[2023-03-09T09:32:22.070+0000] {logging_mixin.py:137} INFO - [2023-03-09T09:32:22.070+0000] {dag.py:2690} INFO - Sync 1 DAGs
[2023-03-09T09:32:22.085+0000] {logging_mixin.py:137} INFO - [2023-03-09T09:32:22.085+0000] {dag.py:3441} INFO - Setting next_dagrun for example_xcom to 2021-01-01T00:00:00+00:00, run_after=2021-01-01T00:00:00+00:00
[2023-03-09T09:32:22.097+0000] {processor.py:175} INFO - Processing /home/airflow/.local/lib/python3.7/site-packages/airflow/example_dags/example_xcom.py took 0.066 seconds
[2023-03-09T09:32:52.365+0000] {processor.py:153} INFO - Started process (PID=1858) to work on /home/airflow/.local/lib/python3.7/site-packages/airflow/example_dags/example_xcom.py
[2023-03-09T09:32:52.366+0000] {processor.py:743} INFO - Processing file /home/airflow/.local/lib/python3.7/site-packages/airflow/example_dags/example_xcom.py for tasks to queue
[2023-03-09T09:32:52.367+0000] {logging_mixin.py:137} INFO - [2023-03-09T09:32:52.367+0000] {dagbag.py:538} INFO - Filling up the DagBag from /home/airflow/.local/lib/python3.7/site-packages/airflow/example_dags/example_xcom.py
[2023-03-09T09:32:52.382+0000] {processor.py:753} INFO - DAG(s) dict_keys(['example_xcom']) retrieved from /home/airflow/.local/lib/python3.7/site-packages/airflow/example_dags/example_xcom.py
[2023-03-09T09:32:52.399+0000] {logging_mixin.py:137} INFO - [2023-03-09T09:32:52.399+0000] {dag.py:2690} INFO - Sync 1 DAGs
[2023-03-09T09:32:52.413+0000] {logging_mixin.py:137} INFO - [2023-03-09T09:32:52.413+0000] {dag.py:3441} INFO - Setting next_dagrun for example_xcom to 2021-01-01T00:00:00+00:00, run_after=2021-01-01T00:00:00+00:00
[2023-03-09T09:32:52.424+0000] {processor.py:175} INFO - Processing /home/airflow/.local/lib/python3.7/site-packages/airflow/example_dags/example_xcom.py took 0.061 seconds
[2023-03-09T09:33:22.532+0000] {processor.py:153} INFO - Started process (PID=1924) to work on /home/airflow/.local/lib/python3.7/site-packages/airflow/example_dags/example_xcom.py
[2023-03-09T09:33:22.533+0000] {processor.py:743} INFO - Processing file /home/airflow/.local/lib/python3.7/site-packages/airflow/example_dags/example_xcom.py for tasks to queue
[2023-03-09T09:33:22.534+0000] {logging_mixin.py:137} INFO - [2023-03-09T09:33:22.534+0000] {dagbag.py:538} INFO - Filling up the DagBag from /home/airflow/.local/lib/python3.7/site-packages/airflow/example_dags/example_xcom.py
[2023-03-09T09:33:22.550+0000] {processor.py:753} INFO - DAG(s) dict_keys(['example_xcom']) retrieved from /home/airflow/.local/lib/python3.7/site-packages/airflow/example_dags/example_xcom.py
[2023-03-09T09:33:22.568+0000] {logging_mixin.py:137} INFO - [2023-03-09T09:33:22.568+0000] {dag.py:2690} INFO - Sync 1 DAGs
[2023-03-09T09:33:22.585+0000] {logging_mixin.py:137} INFO - [2023-03-09T09:33:22.585+0000] {dag.py:3441} INFO - Setting next_dagrun for example_xcom to 2021-01-01T00:00:00+00:00, run_after=2021-01-01T00:00:00+00:00
[2023-03-09T09:33:22.596+0000] {processor.py:175} INFO - Processing /home/airflow/.local/lib/python3.7/site-packages/airflow/example_dags/example_xcom.py took 0.066 seconds
[2023-03-09T09:33:52.776+0000] {processor.py:153} INFO - Started process (PID=2000) to work on /home/airflow/.local/lib/python3.7/site-packages/airflow/example_dags/example_xcom.py
[2023-03-09T09:33:52.778+0000] {processor.py:743} INFO - Processing file /home/airflow/.local/lib/python3.7/site-packages/airflow/example_dags/example_xcom.py for tasks to queue
[2023-03-09T09:33:52.779+0000] {logging_mixin.py:137} INFO - [2023-03-09T09:33:52.779+0000] {dagbag.py:538} INFO - Filling up the DagBag from /home/airflow/.local/lib/python3.7/site-packages/airflow/example_dags/example_xcom.py
[2023-03-09T09:33:52.794+0000] {processor.py:753} INFO - DAG(s) dict_keys(['example_xcom']) retrieved from /home/airflow/.local/lib/python3.7/site-packages/airflow/example_dags/example_xcom.py
[2023-03-09T09:33:52.812+0000] {logging_mixin.py:137} INFO - [2023-03-09T09:33:52.812+0000] {dag.py:2690} INFO - Sync 1 DAGs
[2023-03-09T09:33:52.828+0000] {logging_mixin.py:137} INFO - [2023-03-09T09:33:52.828+0000] {dag.py:3441} INFO - Setting next_dagrun for example_xcom to 2021-01-01T00:00:00+00:00, run_after=2021-01-01T00:00:00+00:00
[2023-03-09T09:33:52.839+0000] {processor.py:175} INFO - Processing /home/airflow/.local/lib/python3.7/site-packages/airflow/example_dags/example_xcom.py took 0.065 seconds
[2023-03-09T09:34:23.272+0000] {processor.py:153} INFO - Started process (PID=2071) to work on /home/airflow/.local/lib/python3.7/site-packages/airflow/example_dags/example_xcom.py
[2023-03-09T09:34:23.274+0000] {processor.py:743} INFO - Processing file /home/airflow/.local/lib/python3.7/site-packages/airflow/example_dags/example_xcom.py for tasks to queue
[2023-03-09T09:34:23.275+0000] {logging_mixin.py:137} INFO - [2023-03-09T09:34:23.275+0000] {dagbag.py:538} INFO - Filling up the DagBag from /home/airflow/.local/lib/python3.7/site-packages/airflow/example_dags/example_xcom.py
[2023-03-09T09:34:23.303+0000] {processor.py:753} INFO - DAG(s) dict_keys(['example_xcom']) retrieved from /home/airflow/.local/lib/python3.7/site-packages/airflow/example_dags/example_xcom.py
[2023-03-09T09:34:23.321+0000] {logging_mixin.py:137} INFO - [2023-03-09T09:34:23.321+0000] {dag.py:2690} INFO - Sync 1 DAGs
[2023-03-09T09:34:23.348+0000] {logging_mixin.py:137} INFO - [2023-03-09T09:34:23.347+0000] {dag.py:3441} INFO - Setting next_dagrun for example_xcom to 2021-01-01T00:00:00+00:00, run_after=2021-01-01T00:00:00+00:00
[2023-03-09T09:34:23.382+0000] {processor.py:175} INFO - Processing /home/airflow/.local/lib/python3.7/site-packages/airflow/example_dags/example_xcom.py took 0.112 seconds
[2023-03-09T09:34:53.485+0000] {processor.py:153} INFO - Started process (PID=2138) to work on /home/airflow/.local/lib/python3.7/site-packages/airflow/example_dags/example_xcom.py
[2023-03-09T09:34:53.487+0000] {processor.py:743} INFO - Processing file /home/airflow/.local/lib/python3.7/site-packages/airflow/example_dags/example_xcom.py for tasks to queue
[2023-03-09T09:34:53.488+0000] {logging_mixin.py:137} INFO - [2023-03-09T09:34:53.487+0000] {dagbag.py:538} INFO - Filling up the DagBag from /home/airflow/.local/lib/python3.7/site-packages/airflow/example_dags/example_xcom.py
[2023-03-09T09:34:53.501+0000] {processor.py:753} INFO - DAG(s) dict_keys(['example_xcom']) retrieved from /home/airflow/.local/lib/python3.7/site-packages/airflow/example_dags/example_xcom.py
[2023-03-09T09:34:53.518+0000] {logging_mixin.py:137} INFO - [2023-03-09T09:34:53.518+0000] {dag.py:2690} INFO - Sync 1 DAGs
[2023-03-09T09:34:53.533+0000] {logging_mixin.py:137} INFO - [2023-03-09T09:34:53.533+0000] {dag.py:3441} INFO - Setting next_dagrun for example_xcom to 2021-01-01T00:00:00+00:00, run_after=2021-01-01T00:00:00+00:00
[2023-03-09T09:34:53.543+0000] {processor.py:175} INFO - Processing /home/airflow/.local/lib/python3.7/site-packages/airflow/example_dags/example_xcom.py took 0.060 seconds
[2023-03-09T09:35:23.748+0000] {processor.py:153} INFO - Started process (PID=2216) to work on /home/airflow/.local/lib/python3.7/site-packages/airflow/example_dags/example_xcom.py
[2023-03-09T09:35:23.749+0000] {processor.py:743} INFO - Processing file /home/airflow/.local/lib/python3.7/site-packages/airflow/example_dags/example_xcom.py for tasks to queue
[2023-03-09T09:35:23.750+0000] {logging_mixin.py:137} INFO - [2023-03-09T09:35:23.750+0000] {dagbag.py:538} INFO - Filling up the DagBag from /home/airflow/.local/lib/python3.7/site-packages/airflow/example_dags/example_xcom.py
[2023-03-09T09:35:23.764+0000] {processor.py:753} INFO - DAG(s) dict_keys(['example_xcom']) retrieved from /home/airflow/.local/lib/python3.7/site-packages/airflow/example_dags/example_xcom.py
[2023-03-09T09:35:23.782+0000] {logging_mixin.py:137} INFO - [2023-03-09T09:35:23.782+0000] {dag.py:2690} INFO - Sync 1 DAGs
[2023-03-09T09:35:23.796+0000] {logging_mixin.py:137} INFO - [2023-03-09T09:35:23.796+0000] {dag.py:3441} INFO - Setting next_dagrun for example_xcom to 2021-01-01T00:00:00+00:00, run_after=2021-01-01T00:00:00+00:00
[2023-03-09T09:35:23.807+0000] {processor.py:175} INFO - Processing /home/airflow/.local/lib/python3.7/site-packages/airflow/example_dags/example_xcom.py took 0.062 seconds
[2023-03-09T09:35:54.233+0000] {processor.py:153} INFO - Started process (PID=2281) to work on /home/airflow/.local/lib/python3.7/site-packages/airflow/example_dags/example_xcom.py
[2023-03-09T09:35:54.234+0000] {processor.py:743} INFO - Processing file /home/airflow/.local/lib/python3.7/site-packages/airflow/example_dags/example_xcom.py for tasks to queue
[2023-03-09T09:35:54.235+0000] {logging_mixin.py:137} INFO - [2023-03-09T09:35:54.235+0000] {dagbag.py:538} INFO - Filling up the DagBag from /home/airflow/.local/lib/python3.7/site-packages/airflow/example_dags/example_xcom.py
[2023-03-09T09:35:54.254+0000] {processor.py:753} INFO - DAG(s) dict_keys(['example_xcom']) retrieved from /home/airflow/.local/lib/python3.7/site-packages/airflow/example_dags/example_xcom.py
[2023-03-09T09:35:54.273+0000] {logging_mixin.py:137} INFO - [2023-03-09T09:35:54.273+0000] {dag.py:2690} INFO - Sync 1 DAGs
[2023-03-09T09:35:54.292+0000] {logging_mixin.py:137} INFO - [2023-03-09T09:35:54.292+0000] {dag.py:3441} INFO - Setting next_dagrun for example_xcom to 2021-01-01T00:00:00+00:00, run_after=2021-01-01T00:00:00+00:00
[2023-03-09T09:35:54.305+0000] {processor.py:175} INFO - Processing /home/airflow/.local/lib/python3.7/site-packages/airflow/example_dags/example_xcom.py took 0.075 seconds
[2023-03-09T09:36:24.577+0000] {processor.py:153} INFO - Started process (PID=2359) to work on /home/airflow/.local/lib/python3.7/site-packages/airflow/example_dags/example_xcom.py
[2023-03-09T09:36:24.578+0000] {processor.py:743} INFO - Processing file /home/airflow/.local/lib/python3.7/site-packages/airflow/example_dags/example_xcom.py for tasks to queue
[2023-03-09T09:36:24.579+0000] {logging_mixin.py:137} INFO - [2023-03-09T09:36:24.579+0000] {dagbag.py:538} INFO - Filling up the DagBag from /home/airflow/.local/lib/python3.7/site-packages/airflow/example_dags/example_xcom.py
[2023-03-09T09:36:24.595+0000] {processor.py:753} INFO - DAG(s) dict_keys(['example_xcom']) retrieved from /home/airflow/.local/lib/python3.7/site-packages/airflow/example_dags/example_xcom.py
[2023-03-09T09:36:24.616+0000] {logging_mixin.py:137} INFO - [2023-03-09T09:36:24.616+0000] {dag.py:2690} INFO - Sync 1 DAGs
[2023-03-09T09:36:24.634+0000] {logging_mixin.py:137} INFO - [2023-03-09T09:36:24.633+0000] {dag.py:3441} INFO - Setting next_dagrun for example_xcom to 2021-01-01T00:00:00+00:00, run_after=2021-01-01T00:00:00+00:00
[2023-03-09T09:36:24.649+0000] {processor.py:175} INFO - Processing /home/airflow/.local/lib/python3.7/site-packages/airflow/example_dags/example_xcom.py took 0.075 seconds
[2023-03-09T09:36:54.754+0000] {processor.py:153} INFO - Started process (PID=2437) to work on /home/airflow/.local/lib/python3.7/site-packages/airflow/example_dags/example_xcom.py
[2023-03-09T09:36:54.755+0000] {processor.py:743} INFO - Processing file /home/airflow/.local/lib/python3.7/site-packages/airflow/example_dags/example_xcom.py for tasks to queue
[2023-03-09T09:36:54.756+0000] {logging_mixin.py:137} INFO - [2023-03-09T09:36:54.756+0000] {dagbag.py:538} INFO - Filling up the DagBag from /home/airflow/.local/lib/python3.7/site-packages/airflow/example_dags/example_xcom.py
[2023-03-09T09:36:54.770+0000] {processor.py:753} INFO - DAG(s) dict_keys(['example_xcom']) retrieved from /home/airflow/.local/lib/python3.7/site-packages/airflow/example_dags/example_xcom.py
[2023-03-09T09:36:54.788+0000] {logging_mixin.py:137} INFO - [2023-03-09T09:36:54.788+0000] {dag.py:2690} INFO - Sync 1 DAGs
[2023-03-09T09:36:54.803+0000] {logging_mixin.py:137} INFO - [2023-03-09T09:36:54.803+0000] {dag.py:3441} INFO - Setting next_dagrun for example_xcom to 2021-01-01T00:00:00+00:00, run_after=2021-01-01T00:00:00+00:00
[2023-03-09T09:36:54.815+0000] {processor.py:175} INFO - Processing /home/airflow/.local/lib/python3.7/site-packages/airflow/example_dags/example_xcom.py took 0.063 seconds
[2023-03-09T09:37:25.213+0000] {processor.py:153} INFO - Started process (PID=2503) to work on /home/airflow/.local/lib/python3.7/site-packages/airflow/example_dags/example_xcom.py
[2023-03-09T09:37:25.214+0000] {processor.py:743} INFO - Processing file /home/airflow/.local/lib/python3.7/site-packages/airflow/example_dags/example_xcom.py for tasks to queue
[2023-03-09T09:37:25.215+0000] {logging_mixin.py:137} INFO - [2023-03-09T09:37:25.215+0000] {dagbag.py:538} INFO - Filling up the DagBag from /home/airflow/.local/lib/python3.7/site-packages/airflow/example_dags/example_xcom.py
[2023-03-09T09:37:25.229+0000] {processor.py:753} INFO - DAG(s) dict_keys(['example_xcom']) retrieved from /home/airflow/.local/lib/python3.7/site-packages/airflow/example_dags/example_xcom.py
[2023-03-09T09:37:25.247+0000] {logging_mixin.py:137} INFO - [2023-03-09T09:37:25.247+0000] {dag.py:2690} INFO - Sync 1 DAGs
[2023-03-09T09:37:25.261+0000] {logging_mixin.py:137} INFO - [2023-03-09T09:37:25.261+0000] {dag.py:3441} INFO - Setting next_dagrun for example_xcom to 2021-01-01T00:00:00+00:00, run_after=2021-01-01T00:00:00+00:00
[2023-03-09T09:37:25.272+0000] {processor.py:175} INFO - Processing /home/airflow/.local/lib/python3.7/site-packages/airflow/example_dags/example_xcom.py took 0.061 seconds
[2023-03-09T09:37:55.436+0000] {processor.py:153} INFO - Started process (PID=2583) to work on /home/airflow/.local/lib/python3.7/site-packages/airflow/example_dags/example_xcom.py
[2023-03-09T09:37:55.437+0000] {processor.py:743} INFO - Processing file /home/airflow/.local/lib/python3.7/site-packages/airflow/example_dags/example_xcom.py for tasks to queue
[2023-03-09T09:37:55.438+0000] {logging_mixin.py:137} INFO - [2023-03-09T09:37:55.438+0000] {dagbag.py:538} INFO - Filling up the DagBag from /home/airflow/.local/lib/python3.7/site-packages/airflow/example_dags/example_xcom.py
[2023-03-09T09:37:55.452+0000] {processor.py:753} INFO - DAG(s) dict_keys(['example_xcom']) retrieved from /home/airflow/.local/lib/python3.7/site-packages/airflow/example_dags/example_xcom.py
[2023-03-09T09:37:55.470+0000] {logging_mixin.py:137} INFO - [2023-03-09T09:37:55.470+0000] {dag.py:2690} INFO - Sync 1 DAGs
[2023-03-09T09:37:55.483+0000] {logging_mixin.py:137} INFO - [2023-03-09T09:37:55.483+0000] {dag.py:3441} INFO - Setting next_dagrun for example_xcom to 2021-01-01T00:00:00+00:00, run_after=2021-01-01T00:00:00+00:00
[2023-03-09T09:37:55.496+0000] {processor.py:175} INFO - Processing /home/airflow/.local/lib/python3.7/site-packages/airflow/example_dags/example_xcom.py took 0.062 seconds
[2023-03-09T09:38:25.609+0000] {processor.py:153} INFO - Started process (PID=2661) to work on /home/airflow/.local/lib/python3.7/site-packages/airflow/example_dags/example_xcom.py
[2023-03-09T09:38:25.610+0000] {processor.py:743} INFO - Processing file /home/airflow/.local/lib/python3.7/site-packages/airflow/example_dags/example_xcom.py for tasks to queue
[2023-03-09T09:38:25.611+0000] {logging_mixin.py:137} INFO - [2023-03-09T09:38:25.611+0000] {dagbag.py:538} INFO - Filling up the DagBag from /home/airflow/.local/lib/python3.7/site-packages/airflow/example_dags/example_xcom.py
[2023-03-09T09:38:25.627+0000] {processor.py:753} INFO - DAG(s) dict_keys(['example_xcom']) retrieved from /home/airflow/.local/lib/python3.7/site-packages/airflow/example_dags/example_xcom.py
[2023-03-09T09:38:25.644+0000] {logging_mixin.py:137} INFO - [2023-03-09T09:38:25.644+0000] {dag.py:2690} INFO - Sync 1 DAGs
[2023-03-09T09:38:25.661+0000] {logging_mixin.py:137} INFO - [2023-03-09T09:38:25.661+0000] {dag.py:3441} INFO - Setting next_dagrun for example_xcom to 2021-01-01T00:00:00+00:00, run_after=2021-01-01T00:00:00+00:00
[2023-03-09T09:38:25.675+0000] {processor.py:175} INFO - Processing /home/airflow/.local/lib/python3.7/site-packages/airflow/example_dags/example_xcom.py took 0.069 seconds
[2023-03-09T09:38:56.744+0000] {processor.py:153} INFO - Started process (PID=2730) to work on /home/airflow/.local/lib/python3.7/site-packages/airflow/example_dags/example_xcom.py
[2023-03-09T09:38:56.746+0000] {processor.py:743} INFO - Processing file /home/airflow/.local/lib/python3.7/site-packages/airflow/example_dags/example_xcom.py for tasks to queue
[2023-03-09T09:38:56.747+0000] {logging_mixin.py:137} INFO - [2023-03-09T09:38:56.747+0000] {dagbag.py:538} INFO - Filling up the DagBag from /home/airflow/.local/lib/python3.7/site-packages/airflow/example_dags/example_xcom.py
[2023-03-09T09:38:56.761+0000] {processor.py:753} INFO - DAG(s) dict_keys(['example_xcom']) retrieved from /home/airflow/.local/lib/python3.7/site-packages/airflow/example_dags/example_xcom.py
[2023-03-09T09:38:56.778+0000] {logging_mixin.py:137} INFO - [2023-03-09T09:38:56.778+0000] {dag.py:2690} INFO - Sync 1 DAGs
[2023-03-09T09:38:56.792+0000] {logging_mixin.py:137} INFO - [2023-03-09T09:38:56.792+0000] {dag.py:3441} INFO - Setting next_dagrun for example_xcom to 2021-01-01T00:00:00+00:00, run_after=2021-01-01T00:00:00+00:00
[2023-03-09T09:38:56.803+0000] {processor.py:175} INFO - Processing /home/airflow/.local/lib/python3.7/site-packages/airflow/example_dags/example_xcom.py took 0.061 seconds
[2023-03-09T09:39:27.109+0000] {processor.py:153} INFO - Started process (PID=2813) to work on /home/airflow/.local/lib/python3.7/site-packages/airflow/example_dags/example_xcom.py
[2023-03-09T09:39:27.110+0000] {processor.py:743} INFO - Processing file /home/airflow/.local/lib/python3.7/site-packages/airflow/example_dags/example_xcom.py for tasks to queue
[2023-03-09T09:39:27.111+0000] {logging_mixin.py:137} INFO - [2023-03-09T09:39:27.111+0000] {dagbag.py:538} INFO - Filling up the DagBag from /home/airflow/.local/lib/python3.7/site-packages/airflow/example_dags/example_xcom.py
[2023-03-09T09:39:27.127+0000] {processor.py:753} INFO - DAG(s) dict_keys(['example_xcom']) retrieved from /home/airflow/.local/lib/python3.7/site-packages/airflow/example_dags/example_xcom.py
[2023-03-09T09:39:27.144+0000] {logging_mixin.py:137} INFO - [2023-03-09T09:39:27.144+0000] {dag.py:2690} INFO - Sync 1 DAGs
[2023-03-09T09:39:27.160+0000] {logging_mixin.py:137} INFO - [2023-03-09T09:39:27.160+0000] {dag.py:3441} INFO - Setting next_dagrun for example_xcom to 2021-01-01T00:00:00+00:00, run_after=2021-01-01T00:00:00+00:00
[2023-03-09T09:39:27.171+0000] {processor.py:175} INFO - Processing /home/airflow/.local/lib/python3.7/site-packages/airflow/example_dags/example_xcom.py took 0.065 seconds
[2023-03-09T09:39:57.510+0000] {processor.py:153} INFO - Started process (PID=2894) to work on /home/airflow/.local/lib/python3.7/site-packages/airflow/example_dags/example_xcom.py
[2023-03-09T09:39:57.512+0000] {processor.py:743} INFO - Processing file /home/airflow/.local/lib/python3.7/site-packages/airflow/example_dags/example_xcom.py for tasks to queue
[2023-03-09T09:39:57.513+0000] {logging_mixin.py:137} INFO - [2023-03-09T09:39:57.513+0000] {dagbag.py:538} INFO - Filling up the DagBag from /home/airflow/.local/lib/python3.7/site-packages/airflow/example_dags/example_xcom.py
[2023-03-09T09:39:57.530+0000] {processor.py:753} INFO - DAG(s) dict_keys(['example_xcom']) retrieved from /home/airflow/.local/lib/python3.7/site-packages/airflow/example_dags/example_xcom.py
[2023-03-09T09:39:57.548+0000] {logging_mixin.py:137} INFO - [2023-03-09T09:39:57.548+0000] {dag.py:2690} INFO - Sync 1 DAGs
[2023-03-09T09:39:57.565+0000] {logging_mixin.py:137} INFO - [2023-03-09T09:39:57.565+0000] {dag.py:3441} INFO - Setting next_dagrun for example_xcom to 2021-01-01T00:00:00+00:00, run_after=2021-01-01T00:00:00+00:00
[2023-03-09T09:39:57.578+0000] {processor.py:175} INFO - Processing /home/airflow/.local/lib/python3.7/site-packages/airflow/example_dags/example_xcom.py took 0.070 seconds
[2023-03-09T09:40:27.643+0000] {processor.py:153} INFO - Started process (PID=2958) to work on /home/airflow/.local/lib/python3.7/site-packages/airflow/example_dags/example_xcom.py
[2023-03-09T09:40:27.644+0000] {processor.py:743} INFO - Processing file /home/airflow/.local/lib/python3.7/site-packages/airflow/example_dags/example_xcom.py for tasks to queue
[2023-03-09T09:40:27.646+0000] {logging_mixin.py:137} INFO - [2023-03-09T09:40:27.646+0000] {dagbag.py:538} INFO - Filling up the DagBag from /home/airflow/.local/lib/python3.7/site-packages/airflow/example_dags/example_xcom.py
[2023-03-09T09:40:27.661+0000] {processor.py:753} INFO - DAG(s) dict_keys(['example_xcom']) retrieved from /home/airflow/.local/lib/python3.7/site-packages/airflow/example_dags/example_xcom.py
[2023-03-09T09:40:27.679+0000] {logging_mixin.py:137} INFO - [2023-03-09T09:40:27.679+0000] {dag.py:2690} INFO - Sync 1 DAGs
[2023-03-09T09:40:27.695+0000] {logging_mixin.py:137} INFO - [2023-03-09T09:40:27.694+0000] {dag.py:3441} INFO - Setting next_dagrun for example_xcom to 2021-01-01T00:00:00+00:00, run_after=2021-01-01T00:00:00+00:00
[2023-03-09T09:40:27.706+0000] {processor.py:175} INFO - Processing /home/airflow/.local/lib/python3.7/site-packages/airflow/example_dags/example_xcom.py took 0.066 seconds
[2023-03-09T09:40:57.830+0000] {processor.py:153} INFO - Started process (PID=3040) to work on /home/airflow/.local/lib/python3.7/site-packages/airflow/example_dags/example_xcom.py
[2023-03-09T09:40:57.831+0000] {processor.py:743} INFO - Processing file /home/airflow/.local/lib/python3.7/site-packages/airflow/example_dags/example_xcom.py for tasks to queue
[2023-03-09T09:40:57.832+0000] {logging_mixin.py:137} INFO - [2023-03-09T09:40:57.832+0000] {dagbag.py:538} INFO - Filling up the DagBag from /home/airflow/.local/lib/python3.7/site-packages/airflow/example_dags/example_xcom.py
[2023-03-09T09:40:57.846+0000] {processor.py:753} INFO - DAG(s) dict_keys(['example_xcom']) retrieved from /home/airflow/.local/lib/python3.7/site-packages/airflow/example_dags/example_xcom.py
[2023-03-09T09:40:57.864+0000] {logging_mixin.py:137} INFO - [2023-03-09T09:40:57.864+0000] {dag.py:2690} INFO - Sync 1 DAGs
[2023-03-09T09:40:57.878+0000] {logging_mixin.py:137} INFO - [2023-03-09T09:40:57.878+0000] {dag.py:3441} INFO - Setting next_dagrun for example_xcom to 2021-01-01T00:00:00+00:00, run_after=2021-01-01T00:00:00+00:00
[2023-03-09T09:40:57.888+0000] {processor.py:175} INFO - Processing /home/airflow/.local/lib/python3.7/site-packages/airflow/example_dags/example_xcom.py took 0.060 seconds
[2023-03-09T09:41:28.652+0000] {processor.py:153} INFO - Started process (PID=3117) to work on /home/airflow/.local/lib/python3.7/site-packages/airflow/example_dags/example_xcom.py
[2023-03-09T09:41:28.653+0000] {processor.py:743} INFO - Processing file /home/airflow/.local/lib/python3.7/site-packages/airflow/example_dags/example_xcom.py for tasks to queue
[2023-03-09T09:41:28.655+0000] {logging_mixin.py:137} INFO - [2023-03-09T09:41:28.655+0000] {dagbag.py:538} INFO - Filling up the DagBag from /home/airflow/.local/lib/python3.7/site-packages/airflow/example_dags/example_xcom.py
[2023-03-09T09:41:28.688+0000] {processor.py:753} INFO - DAG(s) dict_keys(['example_xcom']) retrieved from /home/airflow/.local/lib/python3.7/site-packages/airflow/example_dags/example_xcom.py
[2023-03-09T09:41:28.724+0000] {logging_mixin.py:137} INFO - [2023-03-09T09:41:28.724+0000] {dag.py:2690} INFO - Sync 1 DAGs
[2023-03-09T09:41:28.741+0000] {logging_mixin.py:137} INFO - [2023-03-09T09:41:28.741+0000] {dag.py:3441} INFO - Setting next_dagrun for example_xcom to 2021-01-01T00:00:00+00:00, run_after=2021-01-01T00:00:00+00:00
[2023-03-09T09:41:28.757+0000] {processor.py:175} INFO - Processing /home/airflow/.local/lib/python3.7/site-packages/airflow/example_dags/example_xcom.py took 0.108 seconds
[2023-03-09T09:41:59.123+0000] {processor.py:153} INFO - Started process (PID=3183) to work on /home/airflow/.local/lib/python3.7/site-packages/airflow/example_dags/example_xcom.py
[2023-03-09T09:41:59.125+0000] {processor.py:743} INFO - Processing file /home/airflow/.local/lib/python3.7/site-packages/airflow/example_dags/example_xcom.py for tasks to queue
[2023-03-09T09:41:59.126+0000] {logging_mixin.py:137} INFO - [2023-03-09T09:41:59.126+0000] {dagbag.py:538} INFO - Filling up the DagBag from /home/airflow/.local/lib/python3.7/site-packages/airflow/example_dags/example_xcom.py
[2023-03-09T09:41:59.142+0000] {processor.py:753} INFO - DAG(s) dict_keys(['example_xcom']) retrieved from /home/airflow/.local/lib/python3.7/site-packages/airflow/example_dags/example_xcom.py
[2023-03-09T09:41:59.162+0000] {logging_mixin.py:137} INFO - [2023-03-09T09:41:59.162+0000] {dag.py:2690} INFO - Sync 1 DAGs
[2023-03-09T09:41:59.177+0000] {logging_mixin.py:137} INFO - [2023-03-09T09:41:59.177+0000] {dag.py:3441} INFO - Setting next_dagrun for example_xcom to 2021-01-01T00:00:00+00:00, run_after=2021-01-01T00:00:00+00:00
[2023-03-09T09:41:59.189+0000] {processor.py:175} INFO - Processing /home/airflow/.local/lib/python3.7/site-packages/airflow/example_dags/example_xcom.py took 0.068 seconds
[2023-03-09T09:42:29.471+0000] {processor.py:153} INFO - Started process (PID=3262) to work on /home/airflow/.local/lib/python3.7/site-packages/airflow/example_dags/example_xcom.py
[2023-03-09T09:42:29.473+0000] {processor.py:743} INFO - Processing file /home/airflow/.local/lib/python3.7/site-packages/airflow/example_dags/example_xcom.py for tasks to queue
[2023-03-09T09:42:29.474+0000] {logging_mixin.py:137} INFO - [2023-03-09T09:42:29.474+0000] {dagbag.py:538} INFO - Filling up the DagBag from /home/airflow/.local/lib/python3.7/site-packages/airflow/example_dags/example_xcom.py
[2023-03-09T09:42:29.489+0000] {processor.py:753} INFO - DAG(s) dict_keys(['example_xcom']) retrieved from /home/airflow/.local/lib/python3.7/site-packages/airflow/example_dags/example_xcom.py
[2023-03-09T09:42:29.507+0000] {logging_mixin.py:137} INFO - [2023-03-09T09:42:29.507+0000] {dag.py:2690} INFO - Sync 1 DAGs
[2023-03-09T09:42:29.525+0000] {logging_mixin.py:137} INFO - [2023-03-09T09:42:29.525+0000] {dag.py:3441} INFO - Setting next_dagrun for example_xcom to 2021-01-01T00:00:00+00:00, run_after=2021-01-01T00:00:00+00:00
[2023-03-09T09:42:29.538+0000] {processor.py:175} INFO - Processing /home/airflow/.local/lib/python3.7/site-packages/airflow/example_dags/example_xcom.py took 0.069 seconds
[2023-03-09T09:42:59.863+0000] {processor.py:153} INFO - Started process (PID=3326) to work on /home/airflow/.local/lib/python3.7/site-packages/airflow/example_dags/example_xcom.py
[2023-03-09T09:42:59.864+0000] {processor.py:743} INFO - Processing file /home/airflow/.local/lib/python3.7/site-packages/airflow/example_dags/example_xcom.py for tasks to queue
[2023-03-09T09:42:59.865+0000] {logging_mixin.py:137} INFO - [2023-03-09T09:42:59.865+0000] {dagbag.py:538} INFO - Filling up the DagBag from /home/airflow/.local/lib/python3.7/site-packages/airflow/example_dags/example_xcom.py
[2023-03-09T09:42:59.880+0000] {processor.py:753} INFO - DAG(s) dict_keys(['example_xcom']) retrieved from /home/airflow/.local/lib/python3.7/site-packages/airflow/example_dags/example_xcom.py
[2023-03-09T09:42:59.900+0000] {logging_mixin.py:137} INFO - [2023-03-09T09:42:59.900+0000] {dag.py:2690} INFO - Sync 1 DAGs
[2023-03-09T09:42:59.915+0000] {logging_mixin.py:137} INFO - [2023-03-09T09:42:59.915+0000] {dag.py:3441} INFO - Setting next_dagrun for example_xcom to 2021-01-01T00:00:00+00:00, run_after=2021-01-01T00:00:00+00:00
[2023-03-09T09:42:59.927+0000] {processor.py:175} INFO - Processing /home/airflow/.local/lib/python3.7/site-packages/airflow/example_dags/example_xcom.py took 0.067 seconds
[2023-03-09T09:43:30.308+0000] {processor.py:153} INFO - Started process (PID=3408) to work on /home/airflow/.local/lib/python3.7/site-packages/airflow/example_dags/example_xcom.py
[2023-03-09T09:43:30.310+0000] {processor.py:743} INFO - Processing file /home/airflow/.local/lib/python3.7/site-packages/airflow/example_dags/example_xcom.py for tasks to queue
[2023-03-09T09:43:30.311+0000] {logging_mixin.py:137} INFO - [2023-03-09T09:43:30.311+0000] {dagbag.py:538} INFO - Filling up the DagBag from /home/airflow/.local/lib/python3.7/site-packages/airflow/example_dags/example_xcom.py
[2023-03-09T09:43:30.324+0000] {processor.py:753} INFO - DAG(s) dict_keys(['example_xcom']) retrieved from /home/airflow/.local/lib/python3.7/site-packages/airflow/example_dags/example_xcom.py
[2023-03-09T09:43:30.342+0000] {logging_mixin.py:137} INFO - [2023-03-09T09:43:30.342+0000] {dag.py:2690} INFO - Sync 1 DAGs
[2023-03-09T09:43:30.357+0000] {logging_mixin.py:137} INFO - [2023-03-09T09:43:30.357+0000] {dag.py:3441} INFO - Setting next_dagrun for example_xcom to 2021-01-01T00:00:00+00:00, run_after=2021-01-01T00:00:00+00:00
[2023-03-09T09:43:30.368+0000] {processor.py:175} INFO - Processing /home/airflow/.local/lib/python3.7/site-packages/airflow/example_dags/example_xcom.py took 0.062 seconds
[2023-03-09T09:44:00.691+0000] {processor.py:153} INFO - Started process (PID=3489) to work on /home/airflow/.local/lib/python3.7/site-packages/airflow/example_dags/example_xcom.py
[2023-03-09T09:44:00.692+0000] {processor.py:743} INFO - Processing file /home/airflow/.local/lib/python3.7/site-packages/airflow/example_dags/example_xcom.py for tasks to queue
[2023-03-09T09:44:00.693+0000] {logging_mixin.py:137} INFO - [2023-03-09T09:44:00.693+0000] {dagbag.py:538} INFO - Filling up the DagBag from /home/airflow/.local/lib/python3.7/site-packages/airflow/example_dags/example_xcom.py
[2023-03-09T09:44:00.706+0000] {processor.py:753} INFO - DAG(s) dict_keys(['example_xcom']) retrieved from /home/airflow/.local/lib/python3.7/site-packages/airflow/example_dags/example_xcom.py
[2023-03-09T09:44:00.724+0000] {logging_mixin.py:137} INFO - [2023-03-09T09:44:00.724+0000] {dag.py:2690} INFO - Sync 1 DAGs
[2023-03-09T09:44:00.739+0000] {logging_mixin.py:137} INFO - [2023-03-09T09:44:00.738+0000] {dag.py:3441} INFO - Setting next_dagrun for example_xcom to 2021-01-01T00:00:00+00:00, run_after=2021-01-01T00:00:00+00:00
[2023-03-09T09:44:00.749+0000] {processor.py:175} INFO - Processing /home/airflow/.local/lib/python3.7/site-packages/airflow/example_dags/example_xcom.py took 0.061 seconds
[2023-03-09T09:44:31.029+0000] {processor.py:153} INFO - Started process (PID=3557) to work on /home/airflow/.local/lib/python3.7/site-packages/airflow/example_dags/example_xcom.py
[2023-03-09T09:44:31.031+0000] {processor.py:743} INFO - Processing file /home/airflow/.local/lib/python3.7/site-packages/airflow/example_dags/example_xcom.py for tasks to queue
[2023-03-09T09:44:31.032+0000] {logging_mixin.py:137} INFO - [2023-03-09T09:44:31.031+0000] {dagbag.py:538} INFO - Filling up the DagBag from /home/airflow/.local/lib/python3.7/site-packages/airflow/example_dags/example_xcom.py
[2023-03-09T09:44:31.047+0000] {processor.py:753} INFO - DAG(s) dict_keys(['example_xcom']) retrieved from /home/airflow/.local/lib/python3.7/site-packages/airflow/example_dags/example_xcom.py
[2023-03-09T09:44:31.064+0000] {logging_mixin.py:137} INFO - [2023-03-09T09:44:31.064+0000] {dag.py:2690} INFO - Sync 1 DAGs
[2023-03-09T09:44:31.080+0000] {logging_mixin.py:137} INFO - [2023-03-09T09:44:31.080+0000] {dag.py:3441} INFO - Setting next_dagrun for example_xcom to 2021-01-01T00:00:00+00:00, run_after=2021-01-01T00:00:00+00:00
[2023-03-09T09:44:31.093+0000] {processor.py:175} INFO - Processing /home/airflow/.local/lib/python3.7/site-packages/airflow/example_dags/example_xcom.py took 0.071 seconds
[2023-03-09T09:45:01.189+0000] {processor.py:153} INFO - Started process (PID=3637) to work on /home/airflow/.local/lib/python3.7/site-packages/airflow/example_dags/example_xcom.py
[2023-03-09T09:45:01.191+0000] {processor.py:743} INFO - Processing file /home/airflow/.local/lib/python3.7/site-packages/airflow/example_dags/example_xcom.py for tasks to queue
[2023-03-09T09:45:01.192+0000] {logging_mixin.py:137} INFO - [2023-03-09T09:45:01.192+0000] {dagbag.py:538} INFO - Filling up the DagBag from /home/airflow/.local/lib/python3.7/site-packages/airflow/example_dags/example_xcom.py
[2023-03-09T09:45:01.209+0000] {processor.py:753} INFO - DAG(s) dict_keys(['example_xcom']) retrieved from /home/airflow/.local/lib/python3.7/site-packages/airflow/example_dags/example_xcom.py
[2023-03-09T09:45:01.228+0000] {logging_mixin.py:137} INFO - [2023-03-09T09:45:01.228+0000] {dag.py:2690} INFO - Sync 1 DAGs
[2023-03-09T09:45:01.245+0000] {logging_mixin.py:137} INFO - [2023-03-09T09:45:01.245+0000] {dag.py:3441} INFO - Setting next_dagrun for example_xcom to 2021-01-01T00:00:00+00:00, run_after=2021-01-01T00:00:00+00:00
[2023-03-09T09:45:01.262+0000] {processor.py:175} INFO - Processing /home/airflow/.local/lib/python3.7/site-packages/airflow/example_dags/example_xcom.py took 0.075 seconds
[2023-03-09T09:45:31.656+0000] {processor.py:153} INFO - Started process (PID=3715) to work on /home/airflow/.local/lib/python3.7/site-packages/airflow/example_dags/example_xcom.py
[2023-03-09T09:45:31.657+0000] {processor.py:743} INFO - Processing file /home/airflow/.local/lib/python3.7/site-packages/airflow/example_dags/example_xcom.py for tasks to queue
[2023-03-09T09:45:31.659+0000] {logging_mixin.py:137} INFO - [2023-03-09T09:45:31.658+0000] {dagbag.py:538} INFO - Filling up the DagBag from /home/airflow/.local/lib/python3.7/site-packages/airflow/example_dags/example_xcom.py
[2023-03-09T09:45:31.674+0000] {processor.py:753} INFO - DAG(s) dict_keys(['example_xcom']) retrieved from /home/airflow/.local/lib/python3.7/site-packages/airflow/example_dags/example_xcom.py
[2023-03-09T09:45:31.694+0000] {logging_mixin.py:137} INFO - [2023-03-09T09:45:31.694+0000] {dag.py:2690} INFO - Sync 1 DAGs
[2023-03-09T09:45:31.710+0000] {logging_mixin.py:137} INFO - [2023-03-09T09:45:31.710+0000] {dag.py:3441} INFO - Setting next_dagrun for example_xcom to 2021-01-01T00:00:00+00:00, run_after=2021-01-01T00:00:00+00:00
[2023-03-09T09:45:31.724+0000] {processor.py:175} INFO - Processing /home/airflow/.local/lib/python3.7/site-packages/airflow/example_dags/example_xcom.py took 0.070 seconds
[2023-03-09T09:46:01.862+0000] {processor.py:153} INFO - Started process (PID=3785) to work on /home/airflow/.local/lib/python3.7/site-packages/airflow/example_dags/example_xcom.py
[2023-03-09T09:46:01.863+0000] {processor.py:743} INFO - Processing file /home/airflow/.local/lib/python3.7/site-packages/airflow/example_dags/example_xcom.py for tasks to queue
[2023-03-09T09:46:01.864+0000] {logging_mixin.py:137} INFO - [2023-03-09T09:46:01.864+0000] {dagbag.py:538} INFO - Filling up the DagBag from /home/airflow/.local/lib/python3.7/site-packages/airflow/example_dags/example_xcom.py
[2023-03-09T09:46:01.879+0000] {processor.py:753} INFO - DAG(s) dict_keys(['example_xcom']) retrieved from /home/airflow/.local/lib/python3.7/site-packages/airflow/example_dags/example_xcom.py
[2023-03-09T09:46:01.897+0000] {logging_mixin.py:137} INFO - [2023-03-09T09:46:01.897+0000] {dag.py:2690} INFO - Sync 1 DAGs
[2023-03-09T09:46:01.913+0000] {logging_mixin.py:137} INFO - [2023-03-09T09:46:01.913+0000] {dag.py:3441} INFO - Setting next_dagrun for example_xcom to 2021-01-01T00:00:00+00:00, run_after=2021-01-01T00:00:00+00:00
[2023-03-09T09:46:01.925+0000] {processor.py:175} INFO - Processing /home/airflow/.local/lib/python3.7/site-packages/airflow/example_dags/example_xcom.py took 0.066 seconds
[2023-03-09T09:46:32.192+0000] {processor.py:153} INFO - Started process (PID=3864) to work on /home/airflow/.local/lib/python3.7/site-packages/airflow/example_dags/example_xcom.py
[2023-03-09T09:46:32.193+0000] {processor.py:743} INFO - Processing file /home/airflow/.local/lib/python3.7/site-packages/airflow/example_dags/example_xcom.py for tasks to queue
[2023-03-09T09:46:32.194+0000] {logging_mixin.py:137} INFO - [2023-03-09T09:46:32.194+0000] {dagbag.py:538} INFO - Filling up the DagBag from /home/airflow/.local/lib/python3.7/site-packages/airflow/example_dags/example_xcom.py
[2023-03-09T09:46:32.208+0000] {processor.py:753} INFO - DAG(s) dict_keys(['example_xcom']) retrieved from /home/airflow/.local/lib/python3.7/site-packages/airflow/example_dags/example_xcom.py
[2023-03-09T09:46:32.226+0000] {logging_mixin.py:137} INFO - [2023-03-09T09:46:32.226+0000] {dag.py:2690} INFO - Sync 1 DAGs
[2023-03-09T09:46:32.240+0000] {logging_mixin.py:137} INFO - [2023-03-09T09:46:32.240+0000] {dag.py:3441} INFO - Setting next_dagrun for example_xcom to 2021-01-01T00:00:00+00:00, run_after=2021-01-01T00:00:00+00:00
[2023-03-09T09:46:32.250+0000] {processor.py:175} INFO - Processing /home/airflow/.local/lib/python3.7/site-packages/airflow/example_dags/example_xcom.py took 0.061 seconds
[2023-03-09T09:47:02.570+0000] {processor.py:153} INFO - Started process (PID=3944) to work on /home/airflow/.local/lib/python3.7/site-packages/airflow/example_dags/example_xcom.py
[2023-03-09T09:47:02.573+0000] {processor.py:743} INFO - Processing file /home/airflow/.local/lib/python3.7/site-packages/airflow/example_dags/example_xcom.py for tasks to queue
[2023-03-09T09:47:02.577+0000] {logging_mixin.py:137} INFO - [2023-03-09T09:47:02.576+0000] {dagbag.py:538} INFO - Filling up the DagBag from /home/airflow/.local/lib/python3.7/site-packages/airflow/example_dags/example_xcom.py
[2023-03-09T09:47:02.608+0000] {processor.py:753} INFO - DAG(s) dict_keys(['example_xcom']) retrieved from /home/airflow/.local/lib/python3.7/site-packages/airflow/example_dags/example_xcom.py
[2023-03-09T09:47:02.663+0000] {logging_mixin.py:137} INFO - [2023-03-09T09:47:02.663+0000] {dag.py:2690} INFO - Sync 1 DAGs
[2023-03-09T09:47:02.690+0000] {logging_mixin.py:137} INFO - [2023-03-09T09:47:02.690+0000] {dag.py:3441} INFO - Setting next_dagrun for example_xcom to 2021-01-01T00:00:00+00:00, run_after=2021-01-01T00:00:00+00:00
[2023-03-09T09:47:02.708+0000] {processor.py:175} INFO - Processing /home/airflow/.local/lib/python3.7/site-packages/airflow/example_dags/example_xcom.py took 0.141 seconds
[2023-03-09T09:47:33.034+0000] {processor.py:153} INFO - Started process (PID=4013) to work on /home/airflow/.local/lib/python3.7/site-packages/airflow/example_dags/example_xcom.py
[2023-03-09T09:47:33.035+0000] {processor.py:743} INFO - Processing file /home/airflow/.local/lib/python3.7/site-packages/airflow/example_dags/example_xcom.py for tasks to queue
[2023-03-09T09:47:33.037+0000] {logging_mixin.py:137} INFO - [2023-03-09T09:47:33.037+0000] {dagbag.py:538} INFO - Filling up the DagBag from /home/airflow/.local/lib/python3.7/site-packages/airflow/example_dags/example_xcom.py
[2023-03-09T09:47:33.054+0000] {processor.py:753} INFO - DAG(s) dict_keys(['example_xcom']) retrieved from /home/airflow/.local/lib/python3.7/site-packages/airflow/example_dags/example_xcom.py
[2023-03-09T09:47:33.073+0000] {logging_mixin.py:137} INFO - [2023-03-09T09:47:33.073+0000] {dag.py:2690} INFO - Sync 1 DAGs
[2023-03-09T09:47:33.089+0000] {logging_mixin.py:137} INFO - [2023-03-09T09:47:33.089+0000] {dag.py:3441} INFO - Setting next_dagrun for example_xcom to 2021-01-01T00:00:00+00:00, run_after=2021-01-01T00:00:00+00:00
[2023-03-09T09:47:33.100+0000] {processor.py:175} INFO - Processing /home/airflow/.local/lib/python3.7/site-packages/airflow/example_dags/example_xcom.py took 0.074 seconds
[2023-03-09T09:48:03.392+0000] {processor.py:153} INFO - Started process (PID=4090) to work on /home/airflow/.local/lib/python3.7/site-packages/airflow/example_dags/example_xcom.py
[2023-03-09T09:48:03.393+0000] {processor.py:743} INFO - Processing file /home/airflow/.local/lib/python3.7/site-packages/airflow/example_dags/example_xcom.py for tasks to queue
[2023-03-09T09:48:03.394+0000] {logging_mixin.py:137} INFO - [2023-03-09T09:48:03.394+0000] {dagbag.py:538} INFO - Filling up the DagBag from /home/airflow/.local/lib/python3.7/site-packages/airflow/example_dags/example_xcom.py
[2023-03-09T09:48:03.407+0000] {processor.py:753} INFO - DAG(s) dict_keys(['example_xcom']) retrieved from /home/airflow/.local/lib/python3.7/site-packages/airflow/example_dags/example_xcom.py
[2023-03-09T09:48:03.425+0000] {logging_mixin.py:137} INFO - [2023-03-09T09:48:03.425+0000] {dag.py:2690} INFO - Sync 1 DAGs
[2023-03-09T09:48:03.439+0000] {logging_mixin.py:137} INFO - [2023-03-09T09:48:03.439+0000] {dag.py:3441} INFO - Setting next_dagrun for example_xcom to 2021-01-01T00:00:00+00:00, run_after=2021-01-01T00:00:00+00:00
[2023-03-09T09:48:03.449+0000] {processor.py:175} INFO - Processing /home/airflow/.local/lib/python3.7/site-packages/airflow/example_dags/example_xcom.py took 0.060 seconds
[2023-03-09T09:48:33.561+0000] {processor.py:153} INFO - Started process (PID=4153) to work on /home/airflow/.local/lib/python3.7/site-packages/airflow/example_dags/example_xcom.py
[2023-03-09T09:48:33.563+0000] {processor.py:743} INFO - Processing file /home/airflow/.local/lib/python3.7/site-packages/airflow/example_dags/example_xcom.py for tasks to queue
[2023-03-09T09:48:33.564+0000] {logging_mixin.py:137} INFO - [2023-03-09T09:48:33.564+0000] {dagbag.py:538} INFO - Filling up the DagBag from /home/airflow/.local/lib/python3.7/site-packages/airflow/example_dags/example_xcom.py
[2023-03-09T09:48:33.580+0000] {processor.py:753} INFO - DAG(s) dict_keys(['example_xcom']) retrieved from /home/airflow/.local/lib/python3.7/site-packages/airflow/example_dags/example_xcom.py
[2023-03-09T09:48:33.599+0000] {logging_mixin.py:137} INFO - [2023-03-09T09:48:33.599+0000] {dag.py:2690} INFO - Sync 1 DAGs
[2023-03-09T09:48:33.615+0000] {logging_mixin.py:137} INFO - [2023-03-09T09:48:33.615+0000] {dag.py:3441} INFO - Setting next_dagrun for example_xcom to 2021-01-01T00:00:00+00:00, run_after=2021-01-01T00:00:00+00:00
[2023-03-09T09:48:33.628+0000] {processor.py:175} INFO - Processing /home/airflow/.local/lib/python3.7/site-packages/airflow/example_dags/example_xcom.py took 0.069 seconds
[2023-03-09T09:49:03.993+0000] {processor.py:153} INFO - Started process (PID=4233) to work on /home/airflow/.local/lib/python3.7/site-packages/airflow/example_dags/example_xcom.py
[2023-03-09T09:49:03.994+0000] {processor.py:743} INFO - Processing file /home/airflow/.local/lib/python3.7/site-packages/airflow/example_dags/example_xcom.py for tasks to queue
[2023-03-09T09:49:03.995+0000] {logging_mixin.py:137} INFO - [2023-03-09T09:49:03.995+0000] {dagbag.py:538} INFO - Filling up the DagBag from /home/airflow/.local/lib/python3.7/site-packages/airflow/example_dags/example_xcom.py
[2023-03-09T09:49:04.009+0000] {processor.py:753} INFO - DAG(s) dict_keys(['example_xcom']) retrieved from /home/airflow/.local/lib/python3.7/site-packages/airflow/example_dags/example_xcom.py
[2023-03-09T09:49:04.027+0000] {logging_mixin.py:137} INFO - [2023-03-09T09:49:04.026+0000] {dag.py:2690} INFO - Sync 1 DAGs
[2023-03-09T09:49:04.041+0000] {logging_mixin.py:137} INFO - [2023-03-09T09:49:04.040+0000] {dag.py:3441} INFO - Setting next_dagrun for example_xcom to 2021-01-01T00:00:00+00:00, run_after=2021-01-01T00:00:00+00:00
[2023-03-09T09:49:04.052+0000] {processor.py:175} INFO - Processing /home/airflow/.local/lib/python3.7/site-packages/airflow/example_dags/example_xcom.py took 0.061 seconds
[2023-03-09T09:49:34.428+0000] {processor.py:153} INFO - Started process (PID=4316) to work on /home/airflow/.local/lib/python3.7/site-packages/airflow/example_dags/example_xcom.py
[2023-03-09T09:49:34.430+0000] {processor.py:743} INFO - Processing file /home/airflow/.local/lib/python3.7/site-packages/airflow/example_dags/example_xcom.py for tasks to queue
[2023-03-09T09:49:34.431+0000] {logging_mixin.py:137} INFO - [2023-03-09T09:49:34.431+0000] {dagbag.py:538} INFO - Filling up the DagBag from /home/airflow/.local/lib/python3.7/site-packages/airflow/example_dags/example_xcom.py
[2023-03-09T09:49:34.445+0000] {processor.py:753} INFO - DAG(s) dict_keys(['example_xcom']) retrieved from /home/airflow/.local/lib/python3.7/site-packages/airflow/example_dags/example_xcom.py
[2023-03-09T09:49:34.463+0000] {logging_mixin.py:137} INFO - [2023-03-09T09:49:34.463+0000] {dag.py:2690} INFO - Sync 1 DAGs
[2023-03-09T09:49:34.477+0000] {logging_mixin.py:137} INFO - [2023-03-09T09:49:34.477+0000] {dag.py:3441} INFO - Setting next_dagrun for example_xcom to 2021-01-01T00:00:00+00:00, run_after=2021-01-01T00:00:00+00:00
[2023-03-09T09:49:34.488+0000] {processor.py:175} INFO - Processing /home/airflow/.local/lib/python3.7/site-packages/airflow/example_dags/example_xcom.py took 0.062 seconds
[2023-03-09T09:50:04.630+0000] {processor.py:153} INFO - Started process (PID=4381) to work on /home/airflow/.local/lib/python3.7/site-packages/airflow/example_dags/example_xcom.py
[2023-03-09T09:50:04.632+0000] {processor.py:743} INFO - Processing file /home/airflow/.local/lib/python3.7/site-packages/airflow/example_dags/example_xcom.py for tasks to queue
[2023-03-09T09:50:04.634+0000] {logging_mixin.py:137} INFO - [2023-03-09T09:50:04.634+0000] {dagbag.py:538} INFO - Filling up the DagBag from /home/airflow/.local/lib/python3.7/site-packages/airflow/example_dags/example_xcom.py
[2023-03-09T09:50:04.651+0000] {processor.py:753} INFO - DAG(s) dict_keys(['example_xcom']) retrieved from /home/airflow/.local/lib/python3.7/site-packages/airflow/example_dags/example_xcom.py
[2023-03-09T09:50:04.670+0000] {logging_mixin.py:137} INFO - [2023-03-09T09:50:04.670+0000] {dag.py:2690} INFO - Sync 1 DAGs
[2023-03-09T09:50:04.686+0000] {logging_mixin.py:137} INFO - [2023-03-09T09:50:04.686+0000] {dag.py:3441} INFO - Setting next_dagrun for example_xcom to 2021-01-01T00:00:00+00:00, run_after=2021-01-01T00:00:00+00:00
[2023-03-09T09:50:04.697+0000] {processor.py:175} INFO - Processing /home/airflow/.local/lib/python3.7/site-packages/airflow/example_dags/example_xcom.py took 0.069 seconds
[2023-03-09T09:50:35.212+0000] {processor.py:153} INFO - Started process (PID=4461) to work on /home/airflow/.local/lib/python3.7/site-packages/airflow/example_dags/example_xcom.py
[2023-03-09T09:50:35.213+0000] {processor.py:743} INFO - Processing file /home/airflow/.local/lib/python3.7/site-packages/airflow/example_dags/example_xcom.py for tasks to queue
[2023-03-09T09:50:35.214+0000] {logging_mixin.py:137} INFO - [2023-03-09T09:50:35.214+0000] {dagbag.py:538} INFO - Filling up the DagBag from /home/airflow/.local/lib/python3.7/site-packages/airflow/example_dags/example_xcom.py
[2023-03-09T09:50:35.230+0000] {processor.py:753} INFO - DAG(s) dict_keys(['example_xcom']) retrieved from /home/airflow/.local/lib/python3.7/site-packages/airflow/example_dags/example_xcom.py
[2023-03-09T09:50:35.248+0000] {logging_mixin.py:137} INFO - [2023-03-09T09:50:35.248+0000] {dag.py:2690} INFO - Sync 1 DAGs
[2023-03-09T09:50:35.264+0000] {logging_mixin.py:137} INFO - [2023-03-09T09:50:35.264+0000] {dag.py:3441} INFO - Setting next_dagrun for example_xcom to 2021-01-01T00:00:00+00:00, run_after=2021-01-01T00:00:00+00:00
[2023-03-09T09:50:35.275+0000] {processor.py:175} INFO - Processing /home/airflow/.local/lib/python3.7/site-packages/airflow/example_dags/example_xcom.py took 0.066 seconds
