[2023-03-09T09:02:22.217+0000] {processor.py:153} INFO - Started process (PID=76) to work on /home/airflow/.local/lib/python3.7/site-packages/airflow/example_dags/example_short_circuit_operator.py
[2023-03-09T09:02:22.221+0000] {processor.py:743} INFO - Processing file /home/airflow/.local/lib/python3.7/site-packages/airflow/example_dags/example_short_circuit_operator.py for tasks to queue
[2023-03-09T09:02:22.229+0000] {logging_mixin.py:137} INFO - [2023-03-09T09:02:22.228+0000] {dagbag.py:538} INFO - Filling up the DagBag from /home/airflow/.local/lib/python3.7/site-packages/airflow/example_dags/example_short_circuit_operator.py
[2023-03-09T09:02:22.261+0000] {processor.py:753} INFO - DAG(s) dict_keys(['example_short_circuit_operator']) retrieved from /home/airflow/.local/lib/python3.7/site-packages/airflow/example_dags/example_short_circuit_operator.py
[2023-03-09T09:02:22.337+0000] {logging_mixin.py:137} INFO - [2023-03-09T09:02:22.337+0000] {dag.py:2690} INFO - Sync 1 DAGs
[2023-03-09T09:02:22.429+0000] {logging_mixin.py:137} INFO - [2023-03-09T09:02:22.429+0000] {dag.py:3441} INFO - Setting next_dagrun for example_short_circuit_operator to 2023-03-08T09:02:22.429009+00:00, run_after=2023-03-09T09:02:22.429009+00:00
[2023-03-09T09:02:22.463+0000] {processor.py:175} INFO - Processing /home/airflow/.local/lib/python3.7/site-packages/airflow/example_dags/example_short_circuit_operator.py took 0.274 seconds
[2023-03-09T09:02:52.928+0000] {processor.py:153} INFO - Started process (PID=142) to work on /home/airflow/.local/lib/python3.7/site-packages/airflow/example_dags/example_short_circuit_operator.py
[2023-03-09T09:02:52.930+0000] {processor.py:743} INFO - Processing file /home/airflow/.local/lib/python3.7/site-packages/airflow/example_dags/example_short_circuit_operator.py for tasks to queue
[2023-03-09T09:02:52.931+0000] {logging_mixin.py:137} INFO - [2023-03-09T09:02:52.931+0000] {dagbag.py:538} INFO - Filling up the DagBag from /home/airflow/.local/lib/python3.7/site-packages/airflow/example_dags/example_short_circuit_operator.py
[2023-03-09T09:02:52.943+0000] {processor.py:753} INFO - DAG(s) dict_keys(['example_short_circuit_operator']) retrieved from /home/airflow/.local/lib/python3.7/site-packages/airflow/example_dags/example_short_circuit_operator.py
[2023-03-09T09:02:52.966+0000] {logging_mixin.py:137} INFO - [2023-03-09T09:02:52.966+0000] {dag.py:2690} INFO - Sync 1 DAGs
[2023-03-09T09:02:52.983+0000] {logging_mixin.py:137} INFO - [2023-03-09T09:02:52.983+0000] {dag.py:3441} INFO - Setting next_dagrun for example_short_circuit_operator to 2023-03-08T09:02:52.983398+00:00, run_after=2023-03-09T09:02:52.983398+00:00
[2023-03-09T09:02:52.998+0000] {processor.py:175} INFO - Processing /home/airflow/.local/lib/python3.7/site-packages/airflow/example_dags/example_short_circuit_operator.py took 0.072 seconds
[2023-03-09T09:03:23.529+0000] {processor.py:153} INFO - Started process (PID=223) to work on /home/airflow/.local/lib/python3.7/site-packages/airflow/example_dags/example_short_circuit_operator.py
[2023-03-09T09:03:23.531+0000] {processor.py:743} INFO - Processing file /home/airflow/.local/lib/python3.7/site-packages/airflow/example_dags/example_short_circuit_operator.py for tasks to queue
[2023-03-09T09:03:23.532+0000] {logging_mixin.py:137} INFO - [2023-03-09T09:03:23.531+0000] {dagbag.py:538} INFO - Filling up the DagBag from /home/airflow/.local/lib/python3.7/site-packages/airflow/example_dags/example_short_circuit_operator.py
[2023-03-09T09:03:23.543+0000] {processor.py:753} INFO - DAG(s) dict_keys(['example_short_circuit_operator']) retrieved from /home/airflow/.local/lib/python3.7/site-packages/airflow/example_dags/example_short_circuit_operator.py
[2023-03-09T09:03:23.561+0000] {logging_mixin.py:137} INFO - [2023-03-09T09:03:23.560+0000] {dag.py:2690} INFO - Sync 1 DAGs
[2023-03-09T09:03:23.576+0000] {logging_mixin.py:137} INFO - [2023-03-09T09:03:23.576+0000] {dag.py:3441} INFO - Setting next_dagrun for example_short_circuit_operator to 2023-03-08T09:03:23.576420+00:00, run_after=2023-03-09T09:03:23.576420+00:00
[2023-03-09T09:03:23.590+0000] {processor.py:175} INFO - Processing /home/airflow/.local/lib/python3.7/site-packages/airflow/example_dags/example_short_circuit_operator.py took 0.063 seconds
[2023-03-09T09:03:53.748+0000] {processor.py:153} INFO - Started process (PID=288) to work on /home/airflow/.local/lib/python3.7/site-packages/airflow/example_dags/example_short_circuit_operator.py
[2023-03-09T09:03:53.750+0000] {processor.py:743} INFO - Processing file /home/airflow/.local/lib/python3.7/site-packages/airflow/example_dags/example_short_circuit_operator.py for tasks to queue
[2023-03-09T09:03:53.751+0000] {logging_mixin.py:137} INFO - [2023-03-09T09:03:53.751+0000] {dagbag.py:538} INFO - Filling up the DagBag from /home/airflow/.local/lib/python3.7/site-packages/airflow/example_dags/example_short_circuit_operator.py
[2023-03-09T09:03:53.762+0000] {processor.py:753} INFO - DAG(s) dict_keys(['example_short_circuit_operator']) retrieved from /home/airflow/.local/lib/python3.7/site-packages/airflow/example_dags/example_short_circuit_operator.py
[2023-03-09T09:03:53.779+0000] {logging_mixin.py:137} INFO - [2023-03-09T09:03:53.779+0000] {dag.py:2690} INFO - Sync 1 DAGs
[2023-03-09T09:03:53.795+0000] {logging_mixin.py:137} INFO - [2023-03-09T09:03:53.795+0000] {dag.py:3441} INFO - Setting next_dagrun for example_short_circuit_operator to 2023-03-08T09:03:53.795317+00:00, run_after=2023-03-09T09:03:53.795317+00:00
[2023-03-09T09:03:53.813+0000] {processor.py:175} INFO - Processing /home/airflow/.local/lib/python3.7/site-packages/airflow/example_dags/example_short_circuit_operator.py took 0.067 seconds
[2023-03-09T09:20:50.675+0000] {processor.py:153} INFO - Started process (PID=76) to work on /home/airflow/.local/lib/python3.7/site-packages/airflow/example_dags/example_short_circuit_operator.py
[2023-03-09T09:20:50.676+0000] {processor.py:743} INFO - Processing file /home/airflow/.local/lib/python3.7/site-packages/airflow/example_dags/example_short_circuit_operator.py for tasks to queue
[2023-03-09T09:20:50.678+0000] {logging_mixin.py:137} INFO - [2023-03-09T09:20:50.678+0000] {dagbag.py:538} INFO - Filling up the DagBag from /home/airflow/.local/lib/python3.7/site-packages/airflow/example_dags/example_short_circuit_operator.py
[2023-03-09T09:20:50.692+0000] {processor.py:753} INFO - DAG(s) dict_keys(['example_short_circuit_operator']) retrieved from /home/airflow/.local/lib/python3.7/site-packages/airflow/example_dags/example_short_circuit_operator.py
[2023-03-09T09:20:50.762+0000] {logging_mixin.py:137} INFO - [2023-03-09T09:20:50.761+0000] {manager.py:504} INFO - Created Permission View: can read on DAG:example_short_circuit_operator
[2023-03-09T09:20:50.769+0000] {logging_mixin.py:137} INFO - [2023-03-09T09:20:50.769+0000] {manager.py:504} INFO - Created Permission View: can edit on DAG:example_short_circuit_operator
[2023-03-09T09:20:50.780+0000] {logging_mixin.py:137} INFO - [2023-03-09T09:20:50.780+0000] {manager.py:504} INFO - Created Permission View: can delete on DAG:example_short_circuit_operator
[2023-03-09T09:20:50.781+0000] {logging_mixin.py:137} INFO - [2023-03-09T09:20:50.781+0000] {dag.py:2690} INFO - Sync 1 DAGs
[2023-03-09T09:20:50.792+0000] {logging_mixin.py:137} INFO - [2023-03-09T09:20:50.792+0000] {dag.py:2711} INFO - Creating ORM DAG for example_short_circuit_operator
[2023-03-09T09:20:50.802+0000] {logging_mixin.py:137} INFO - [2023-03-09T09:20:50.802+0000] {dag.py:3441} INFO - Setting next_dagrun for example_short_circuit_operator to 2023-03-08T09:20:50.801900+00:00, run_after=2023-03-09T09:20:50.801900+00:00
[2023-03-09T09:20:50.814+0000] {processor.py:175} INFO - Processing /home/airflow/.local/lib/python3.7/site-packages/airflow/example_dags/example_short_circuit_operator.py took 0.143 seconds
[2023-03-09T09:21:21.408+0000] {processor.py:153} INFO - Started process (PID=141) to work on /home/airflow/.local/lib/python3.7/site-packages/airflow/example_dags/example_short_circuit_operator.py
[2023-03-09T09:21:21.410+0000] {processor.py:743} INFO - Processing file /home/airflow/.local/lib/python3.7/site-packages/airflow/example_dags/example_short_circuit_operator.py for tasks to queue
[2023-03-09T09:21:21.414+0000] {logging_mixin.py:137} INFO - [2023-03-09T09:21:21.414+0000] {dagbag.py:538} INFO - Filling up the DagBag from /home/airflow/.local/lib/python3.7/site-packages/airflow/example_dags/example_short_circuit_operator.py
[2023-03-09T09:21:21.434+0000] {processor.py:753} INFO - DAG(s) dict_keys(['example_short_circuit_operator']) retrieved from /home/airflow/.local/lib/python3.7/site-packages/airflow/example_dags/example_short_circuit_operator.py
[2023-03-09T09:21:21.454+0000] {logging_mixin.py:137} INFO - [2023-03-09T09:21:21.454+0000] {dag.py:2690} INFO - Sync 1 DAGs
[2023-03-09T09:21:21.469+0000] {logging_mixin.py:137} INFO - [2023-03-09T09:21:21.469+0000] {dag.py:3441} INFO - Setting next_dagrun for example_short_circuit_operator to 2023-03-08T09:21:21.469758+00:00, run_after=2023-03-09T09:21:21.469758+00:00
[2023-03-09T09:21:21.483+0000] {processor.py:175} INFO - Processing /home/airflow/.local/lib/python3.7/site-packages/airflow/example_dags/example_short_circuit_operator.py took 0.078 seconds
[2023-03-09T09:21:52.247+0000] {processor.py:153} INFO - Started process (PID=223) to work on /home/airflow/.local/lib/python3.7/site-packages/airflow/example_dags/example_short_circuit_operator.py
[2023-03-09T09:21:52.250+0000] {processor.py:743} INFO - Processing file /home/airflow/.local/lib/python3.7/site-packages/airflow/example_dags/example_short_circuit_operator.py for tasks to queue
[2023-03-09T09:21:52.252+0000] {logging_mixin.py:137} INFO - [2023-03-09T09:21:52.252+0000] {dagbag.py:538} INFO - Filling up the DagBag from /home/airflow/.local/lib/python3.7/site-packages/airflow/example_dags/example_short_circuit_operator.py
[2023-03-09T09:21:52.270+0000] {processor.py:753} INFO - DAG(s) dict_keys(['example_short_circuit_operator']) retrieved from /home/airflow/.local/lib/python3.7/site-packages/airflow/example_dags/example_short_circuit_operator.py
[2023-03-09T09:21:52.299+0000] {logging_mixin.py:137} INFO - [2023-03-09T09:21:52.299+0000] {dag.py:2690} INFO - Sync 1 DAGs
[2023-03-09T09:21:52.320+0000] {logging_mixin.py:137} INFO - [2023-03-09T09:21:52.320+0000] {dag.py:3441} INFO - Setting next_dagrun for example_short_circuit_operator to 2023-03-08T09:21:52.320592+00:00, run_after=2023-03-09T09:21:52.320592+00:00
[2023-03-09T09:21:52.335+0000] {processor.py:175} INFO - Processing /home/airflow/.local/lib/python3.7/site-packages/airflow/example_dags/example_short_circuit_operator.py took 0.092 seconds
[2023-03-09T09:22:22.627+0000] {processor.py:153} INFO - Started process (PID=295) to work on /home/airflow/.local/lib/python3.7/site-packages/airflow/example_dags/example_short_circuit_operator.py
[2023-03-09T09:22:22.629+0000] {processor.py:743} INFO - Processing file /home/airflow/.local/lib/python3.7/site-packages/airflow/example_dags/example_short_circuit_operator.py for tasks to queue
[2023-03-09T09:22:22.631+0000] {logging_mixin.py:137} INFO - [2023-03-09T09:22:22.631+0000] {dagbag.py:538} INFO - Filling up the DagBag from /home/airflow/.local/lib/python3.7/site-packages/airflow/example_dags/example_short_circuit_operator.py
[2023-03-09T09:22:22.642+0000] {processor.py:753} INFO - DAG(s) dict_keys(['example_short_circuit_operator']) retrieved from /home/airflow/.local/lib/python3.7/site-packages/airflow/example_dags/example_short_circuit_operator.py
[2023-03-09T09:22:22.670+0000] {logging_mixin.py:137} INFO - [2023-03-09T09:22:22.670+0000] {dag.py:2690} INFO - Sync 1 DAGs
[2023-03-09T09:22:22.685+0000] {logging_mixin.py:137} INFO - [2023-03-09T09:22:22.685+0000] {dag.py:3441} INFO - Setting next_dagrun for example_short_circuit_operator to 2023-03-08T09:22:22.685762+00:00, run_after=2023-03-09T09:22:22.685762+00:00
[2023-03-09T09:22:22.698+0000] {processor.py:175} INFO - Processing /home/airflow/.local/lib/python3.7/site-packages/airflow/example_dags/example_short_circuit_operator.py took 0.073 seconds
[2023-03-09T09:22:52.930+0000] {processor.py:153} INFO - Started process (PID=365) to work on /home/airflow/.local/lib/python3.7/site-packages/airflow/example_dags/example_short_circuit_operator.py
[2023-03-09T09:22:52.932+0000] {processor.py:743} INFO - Processing file /home/airflow/.local/lib/python3.7/site-packages/airflow/example_dags/example_short_circuit_operator.py for tasks to queue
[2023-03-09T09:22:52.933+0000] {logging_mixin.py:137} INFO - [2023-03-09T09:22:52.933+0000] {dagbag.py:538} INFO - Filling up the DagBag from /home/airflow/.local/lib/python3.7/site-packages/airflow/example_dags/example_short_circuit_operator.py
[2023-03-09T09:22:52.945+0000] {processor.py:753} INFO - DAG(s) dict_keys(['example_short_circuit_operator']) retrieved from /home/airflow/.local/lib/python3.7/site-packages/airflow/example_dags/example_short_circuit_operator.py
[2023-03-09T09:22:52.964+0000] {logging_mixin.py:137} INFO - [2023-03-09T09:22:52.964+0000] {dag.py:2690} INFO - Sync 1 DAGs
[2023-03-09T09:22:52.980+0000] {logging_mixin.py:137} INFO - [2023-03-09T09:22:52.980+0000] {dag.py:3441} INFO - Setting next_dagrun for example_short_circuit_operator to 2023-03-08T09:22:52.980750+00:00, run_after=2023-03-09T09:22:52.980750+00:00
[2023-03-09T09:22:52.994+0000] {processor.py:175} INFO - Processing /home/airflow/.local/lib/python3.7/site-packages/airflow/example_dags/example_short_circuit_operator.py took 0.067 seconds
[2023-03-09T09:23:23.263+0000] {processor.py:153} INFO - Started process (PID=446) to work on /home/airflow/.local/lib/python3.7/site-packages/airflow/example_dags/example_short_circuit_operator.py
[2023-03-09T09:23:23.265+0000] {processor.py:743} INFO - Processing file /home/airflow/.local/lib/python3.7/site-packages/airflow/example_dags/example_short_circuit_operator.py for tasks to queue
[2023-03-09T09:23:23.266+0000] {logging_mixin.py:137} INFO - [2023-03-09T09:23:23.266+0000] {dagbag.py:538} INFO - Filling up the DagBag from /home/airflow/.local/lib/python3.7/site-packages/airflow/example_dags/example_short_circuit_operator.py
[2023-03-09T09:23:23.278+0000] {processor.py:753} INFO - DAG(s) dict_keys(['example_short_circuit_operator']) retrieved from /home/airflow/.local/lib/python3.7/site-packages/airflow/example_dags/example_short_circuit_operator.py
[2023-03-09T09:23:23.296+0000] {logging_mixin.py:137} INFO - [2023-03-09T09:23:23.296+0000] {dag.py:2690} INFO - Sync 1 DAGs
[2023-03-09T09:23:23.311+0000] {logging_mixin.py:137} INFO - [2023-03-09T09:23:23.311+0000] {dag.py:3441} INFO - Setting next_dagrun for example_short_circuit_operator to 2023-03-08T09:23:23.311608+00:00, run_after=2023-03-09T09:23:23.311608+00:00
[2023-03-09T09:23:23.324+0000] {processor.py:175} INFO - Processing /home/airflow/.local/lib/python3.7/site-packages/airflow/example_dags/example_short_circuit_operator.py took 0.064 seconds
[2023-03-09T09:23:53.413+0000] {processor.py:153} INFO - Started process (PID=528) to work on /home/airflow/.local/lib/python3.7/site-packages/airflow/example_dags/example_short_circuit_operator.py
[2023-03-09T09:23:53.415+0000] {processor.py:743} INFO - Processing file /home/airflow/.local/lib/python3.7/site-packages/airflow/example_dags/example_short_circuit_operator.py for tasks to queue
[2023-03-09T09:23:53.416+0000] {logging_mixin.py:137} INFO - [2023-03-09T09:23:53.416+0000] {dagbag.py:538} INFO - Filling up the DagBag from /home/airflow/.local/lib/python3.7/site-packages/airflow/example_dags/example_short_circuit_operator.py
[2023-03-09T09:23:53.431+0000] {processor.py:753} INFO - DAG(s) dict_keys(['example_short_circuit_operator']) retrieved from /home/airflow/.local/lib/python3.7/site-packages/airflow/example_dags/example_short_circuit_operator.py
[2023-03-09T09:23:53.452+0000] {logging_mixin.py:137} INFO - [2023-03-09T09:23:53.452+0000] {dag.py:2690} INFO - Sync 1 DAGs
[2023-03-09T09:23:53.473+0000] {logging_mixin.py:137} INFO - [2023-03-09T09:23:53.473+0000] {dag.py:3441} INFO - Setting next_dagrun for example_short_circuit_operator to 2023-03-08T09:23:53.473685+00:00, run_after=2023-03-09T09:23:53.473685+00:00
[2023-03-09T09:23:53.487+0000] {processor.py:175} INFO - Processing /home/airflow/.local/lib/python3.7/site-packages/airflow/example_dags/example_short_circuit_operator.py took 0.078 seconds
[2023-03-09T09:24:23.770+0000] {processor.py:153} INFO - Started process (PID=594) to work on /home/airflow/.local/lib/python3.7/site-packages/airflow/example_dags/example_short_circuit_operator.py
[2023-03-09T09:24:23.776+0000] {processor.py:743} INFO - Processing file /home/airflow/.local/lib/python3.7/site-packages/airflow/example_dags/example_short_circuit_operator.py for tasks to queue
[2023-03-09T09:24:23.782+0000] {logging_mixin.py:137} INFO - [2023-03-09T09:24:23.780+0000] {dagbag.py:538} INFO - Filling up the DagBag from /home/airflow/.local/lib/python3.7/site-packages/airflow/example_dags/example_short_circuit_operator.py
[2023-03-09T09:24:23.931+0000] {processor.py:753} INFO - DAG(s) dict_keys(['example_short_circuit_operator']) retrieved from /home/airflow/.local/lib/python3.7/site-packages/airflow/example_dags/example_short_circuit_operator.py
[2023-03-09T09:24:23.980+0000] {logging_mixin.py:137} INFO - [2023-03-09T09:24:23.980+0000] {dag.py:2690} INFO - Sync 1 DAGs
[2023-03-09T09:24:24.021+0000] {logging_mixin.py:137} INFO - [2023-03-09T09:24:24.021+0000] {dag.py:3441} INFO - Setting next_dagrun for example_short_circuit_operator to 2023-03-08T09:24:24.021405+00:00, run_after=2023-03-09T09:24:24.021405+00:00
[2023-03-09T09:24:24.080+0000] {processor.py:175} INFO - Processing /home/airflow/.local/lib/python3.7/site-packages/airflow/example_dags/example_short_circuit_operator.py took 0.320 seconds
[2023-03-09T09:24:54.568+0000] {processor.py:153} INFO - Started process (PID=671) to work on /home/airflow/.local/lib/python3.7/site-packages/airflow/example_dags/example_short_circuit_operator.py
[2023-03-09T09:24:54.569+0000] {processor.py:743} INFO - Processing file /home/airflow/.local/lib/python3.7/site-packages/airflow/example_dags/example_short_circuit_operator.py for tasks to queue
[2023-03-09T09:24:54.570+0000] {logging_mixin.py:137} INFO - [2023-03-09T09:24:54.570+0000] {dagbag.py:538} INFO - Filling up the DagBag from /home/airflow/.local/lib/python3.7/site-packages/airflow/example_dags/example_short_circuit_operator.py
[2023-03-09T09:24:54.584+0000] {processor.py:753} INFO - DAG(s) dict_keys(['example_short_circuit_operator']) retrieved from /home/airflow/.local/lib/python3.7/site-packages/airflow/example_dags/example_short_circuit_operator.py
[2023-03-09T09:24:54.604+0000] {logging_mixin.py:137} INFO - [2023-03-09T09:24:54.604+0000] {dag.py:2690} INFO - Sync 1 DAGs
[2023-03-09T09:24:54.622+0000] {logging_mixin.py:137} INFO - [2023-03-09T09:24:54.622+0000] {dag.py:3441} INFO - Setting next_dagrun for example_short_circuit_operator to 2023-03-08T09:24:54.622660+00:00, run_after=2023-03-09T09:24:54.622660+00:00
[2023-03-09T09:24:54.637+0000] {processor.py:175} INFO - Processing /home/airflow/.local/lib/python3.7/site-packages/airflow/example_dags/example_short_circuit_operator.py took 0.071 seconds
[2023-03-09T09:25:24.726+0000] {processor.py:153} INFO - Started process (PID=751) to work on /home/airflow/.local/lib/python3.7/site-packages/airflow/example_dags/example_short_circuit_operator.py
[2023-03-09T09:25:24.727+0000] {processor.py:743} INFO - Processing file /home/airflow/.local/lib/python3.7/site-packages/airflow/example_dags/example_short_circuit_operator.py for tasks to queue
[2023-03-09T09:25:24.728+0000] {logging_mixin.py:137} INFO - [2023-03-09T09:25:24.728+0000] {dagbag.py:538} INFO - Filling up the DagBag from /home/airflow/.local/lib/python3.7/site-packages/airflow/example_dags/example_short_circuit_operator.py
[2023-03-09T09:25:24.740+0000] {processor.py:753} INFO - DAG(s) dict_keys(['example_short_circuit_operator']) retrieved from /home/airflow/.local/lib/python3.7/site-packages/airflow/example_dags/example_short_circuit_operator.py
[2023-03-09T09:25:24.759+0000] {logging_mixin.py:137} INFO - [2023-03-09T09:25:24.759+0000] {dag.py:2690} INFO - Sync 1 DAGs
[2023-03-09T09:25:24.780+0000] {logging_mixin.py:137} INFO - [2023-03-09T09:25:24.780+0000] {dag.py:3441} INFO - Setting next_dagrun for example_short_circuit_operator to 2023-03-08T09:25:24.780386+00:00, run_after=2023-03-09T09:25:24.780386+00:00
[2023-03-09T09:25:24.797+0000] {processor.py:175} INFO - Processing /home/airflow/.local/lib/python3.7/site-packages/airflow/example_dags/example_short_circuit_operator.py took 0.074 seconds
[2023-03-09T09:25:55.209+0000] {processor.py:153} INFO - Started process (PID=817) to work on /home/airflow/.local/lib/python3.7/site-packages/airflow/example_dags/example_short_circuit_operator.py
[2023-03-09T09:25:55.210+0000] {processor.py:743} INFO - Processing file /home/airflow/.local/lib/python3.7/site-packages/airflow/example_dags/example_short_circuit_operator.py for tasks to queue
[2023-03-09T09:25:55.212+0000] {logging_mixin.py:137} INFO - [2023-03-09T09:25:55.211+0000] {dagbag.py:538} INFO - Filling up the DagBag from /home/airflow/.local/lib/python3.7/site-packages/airflow/example_dags/example_short_circuit_operator.py
[2023-03-09T09:25:55.223+0000] {processor.py:753} INFO - DAG(s) dict_keys(['example_short_circuit_operator']) retrieved from /home/airflow/.local/lib/python3.7/site-packages/airflow/example_dags/example_short_circuit_operator.py
[2023-03-09T09:25:55.242+0000] {logging_mixin.py:137} INFO - [2023-03-09T09:25:55.242+0000] {dag.py:2690} INFO - Sync 1 DAGs
[2023-03-09T09:25:55.258+0000] {logging_mixin.py:137} INFO - [2023-03-09T09:25:55.258+0000] {dag.py:3441} INFO - Setting next_dagrun for example_short_circuit_operator to 2023-03-08T09:25:55.258330+00:00, run_after=2023-03-09T09:25:55.258330+00:00
[2023-03-09T09:25:55.270+0000] {processor.py:175} INFO - Processing /home/airflow/.local/lib/python3.7/site-packages/airflow/example_dags/example_short_circuit_operator.py took 0.063 seconds
[2023-03-09T09:26:25.356+0000] {processor.py:153} INFO - Started process (PID=893) to work on /home/airflow/.local/lib/python3.7/site-packages/airflow/example_dags/example_short_circuit_operator.py
[2023-03-09T09:26:25.357+0000] {processor.py:743} INFO - Processing file /home/airflow/.local/lib/python3.7/site-packages/airflow/example_dags/example_short_circuit_operator.py for tasks to queue
[2023-03-09T09:26:25.358+0000] {logging_mixin.py:137} INFO - [2023-03-09T09:26:25.358+0000] {dagbag.py:538} INFO - Filling up the DagBag from /home/airflow/.local/lib/python3.7/site-packages/airflow/example_dags/example_short_circuit_operator.py
[2023-03-09T09:26:25.370+0000] {processor.py:753} INFO - DAG(s) dict_keys(['example_short_circuit_operator']) retrieved from /home/airflow/.local/lib/python3.7/site-packages/airflow/example_dags/example_short_circuit_operator.py
[2023-03-09T09:26:25.389+0000] {logging_mixin.py:137} INFO - [2023-03-09T09:26:25.389+0000] {dag.py:2690} INFO - Sync 1 DAGs
[2023-03-09T09:26:25.405+0000] {logging_mixin.py:137} INFO - [2023-03-09T09:26:25.405+0000] {dag.py:3441} INFO - Setting next_dagrun for example_short_circuit_operator to 2023-03-08T09:26:25.405575+00:00, run_after=2023-03-09T09:26:25.405575+00:00
[2023-03-09T09:26:25.418+0000] {processor.py:175} INFO - Processing /home/airflow/.local/lib/python3.7/site-packages/airflow/example_dags/example_short_circuit_operator.py took 0.065 seconds
[2023-03-09T09:26:55.526+0000] {processor.py:153} INFO - Started process (PID=974) to work on /home/airflow/.local/lib/python3.7/site-packages/airflow/example_dags/example_short_circuit_operator.py
[2023-03-09T09:26:55.529+0000] {processor.py:743} INFO - Processing file /home/airflow/.local/lib/python3.7/site-packages/airflow/example_dags/example_short_circuit_operator.py for tasks to queue
[2023-03-09T09:26:55.530+0000] {logging_mixin.py:137} INFO - [2023-03-09T09:26:55.530+0000] {dagbag.py:538} INFO - Filling up the DagBag from /home/airflow/.local/lib/python3.7/site-packages/airflow/example_dags/example_short_circuit_operator.py
[2023-03-09T09:26:55.543+0000] {processor.py:753} INFO - DAG(s) dict_keys(['example_short_circuit_operator']) retrieved from /home/airflow/.local/lib/python3.7/site-packages/airflow/example_dags/example_short_circuit_operator.py
[2023-03-09T09:26:55.575+0000] {logging_mixin.py:137} INFO - [2023-03-09T09:26:55.575+0000] {dag.py:2690} INFO - Sync 1 DAGs
[2023-03-09T09:26:55.604+0000] {logging_mixin.py:137} INFO - [2023-03-09T09:26:55.604+0000] {dag.py:3441} INFO - Setting next_dagrun for example_short_circuit_operator to 2023-03-08T09:26:55.604524+00:00, run_after=2023-03-09T09:26:55.604524+00:00
[2023-03-09T09:26:55.630+0000] {processor.py:175} INFO - Processing /home/airflow/.local/lib/python3.7/site-packages/airflow/example_dags/example_short_circuit_operator.py took 0.106 seconds
[2023-03-09T09:27:25.740+0000] {processor.py:153} INFO - Started process (PID=1042) to work on /home/airflow/.local/lib/python3.7/site-packages/airflow/example_dags/example_short_circuit_operator.py
[2023-03-09T09:27:25.742+0000] {processor.py:743} INFO - Processing file /home/airflow/.local/lib/python3.7/site-packages/airflow/example_dags/example_short_circuit_operator.py for tasks to queue
[2023-03-09T09:27:25.744+0000] {logging_mixin.py:137} INFO - [2023-03-09T09:27:25.744+0000] {dagbag.py:538} INFO - Filling up the DagBag from /home/airflow/.local/lib/python3.7/site-packages/airflow/example_dags/example_short_circuit_operator.py
[2023-03-09T09:27:25.759+0000] {processor.py:753} INFO - DAG(s) dict_keys(['example_short_circuit_operator']) retrieved from /home/airflow/.local/lib/python3.7/site-packages/airflow/example_dags/example_short_circuit_operator.py
[2023-03-09T09:27:25.778+0000] {logging_mixin.py:137} INFO - [2023-03-09T09:27:25.778+0000] {dag.py:2690} INFO - Sync 1 DAGs
[2023-03-09T09:27:25.794+0000] {logging_mixin.py:137} INFO - [2023-03-09T09:27:25.794+0000] {dag.py:3441} INFO - Setting next_dagrun for example_short_circuit_operator to 2023-03-08T09:27:25.793980+00:00, run_after=2023-03-09T09:27:25.793980+00:00
[2023-03-09T09:27:25.806+0000] {processor.py:175} INFO - Processing /home/airflow/.local/lib/python3.7/site-packages/airflow/example_dags/example_short_circuit_operator.py took 0.068 seconds
[2023-03-09T09:27:55.895+0000] {processor.py:153} INFO - Started process (PID=1122) to work on /home/airflow/.local/lib/python3.7/site-packages/airflow/example_dags/example_short_circuit_operator.py
[2023-03-09T09:27:55.897+0000] {processor.py:743} INFO - Processing file /home/airflow/.local/lib/python3.7/site-packages/airflow/example_dags/example_short_circuit_operator.py for tasks to queue
[2023-03-09T09:27:55.898+0000] {logging_mixin.py:137} INFO - [2023-03-09T09:27:55.898+0000] {dagbag.py:538} INFO - Filling up the DagBag from /home/airflow/.local/lib/python3.7/site-packages/airflow/example_dags/example_short_circuit_operator.py
[2023-03-09T09:27:55.909+0000] {processor.py:753} INFO - DAG(s) dict_keys(['example_short_circuit_operator']) retrieved from /home/airflow/.local/lib/python3.7/site-packages/airflow/example_dags/example_short_circuit_operator.py
[2023-03-09T09:27:55.931+0000] {logging_mixin.py:137} INFO - [2023-03-09T09:27:55.931+0000] {dag.py:2690} INFO - Sync 1 DAGs
[2023-03-09T09:27:55.948+0000] {logging_mixin.py:137} INFO - [2023-03-09T09:27:55.948+0000] {dag.py:3441} INFO - Setting next_dagrun for example_short_circuit_operator to 2023-03-08T09:27:55.948630+00:00, run_after=2023-03-09T09:27:55.948630+00:00
[2023-03-09T09:27:55.961+0000] {processor.py:175} INFO - Processing /home/airflow/.local/lib/python3.7/site-packages/airflow/example_dags/example_short_circuit_operator.py took 0.068 seconds
[2023-03-09T09:28:26.255+0000] {processor.py:153} INFO - Started process (PID=1197) to work on /home/airflow/.local/lib/python3.7/site-packages/airflow/example_dags/example_short_circuit_operator.py
[2023-03-09T09:28:26.257+0000] {processor.py:743} INFO - Processing file /home/airflow/.local/lib/python3.7/site-packages/airflow/example_dags/example_short_circuit_operator.py for tasks to queue
[2023-03-09T09:28:26.259+0000] {logging_mixin.py:137} INFO - [2023-03-09T09:28:26.259+0000] {dagbag.py:538} INFO - Filling up the DagBag from /home/airflow/.local/lib/python3.7/site-packages/airflow/example_dags/example_short_circuit_operator.py
[2023-03-09T09:28:26.277+0000] {processor.py:753} INFO - DAG(s) dict_keys(['example_short_circuit_operator']) retrieved from /home/airflow/.local/lib/python3.7/site-packages/airflow/example_dags/example_short_circuit_operator.py
[2023-03-09T09:28:26.298+0000] {logging_mixin.py:137} INFO - [2023-03-09T09:28:26.297+0000] {dag.py:2690} INFO - Sync 1 DAGs
[2023-03-09T09:28:26.315+0000] {logging_mixin.py:137} INFO - [2023-03-09T09:28:26.315+0000] {dag.py:3441} INFO - Setting next_dagrun for example_short_circuit_operator to 2023-03-08T09:28:26.315645+00:00, run_after=2023-03-09T09:28:26.315645+00:00
[2023-03-09T09:28:26.335+0000] {processor.py:175} INFO - Processing /home/airflow/.local/lib/python3.7/site-packages/airflow/example_dags/example_short_circuit_operator.py took 0.082 seconds
[2023-03-09T09:28:56.734+0000] {processor.py:153} INFO - Started process (PID=1270) to work on /home/airflow/.local/lib/python3.7/site-packages/airflow/example_dags/example_short_circuit_operator.py
[2023-03-09T09:28:56.736+0000] {processor.py:743} INFO - Processing file /home/airflow/.local/lib/python3.7/site-packages/airflow/example_dags/example_short_circuit_operator.py for tasks to queue
[2023-03-09T09:28:56.737+0000] {logging_mixin.py:137} INFO - [2023-03-09T09:28:56.737+0000] {dagbag.py:538} INFO - Filling up the DagBag from /home/airflow/.local/lib/python3.7/site-packages/airflow/example_dags/example_short_circuit_operator.py
[2023-03-09T09:28:56.751+0000] {processor.py:753} INFO - DAG(s) dict_keys(['example_short_circuit_operator']) retrieved from /home/airflow/.local/lib/python3.7/site-packages/airflow/example_dags/example_short_circuit_operator.py
[2023-03-09T09:28:56.773+0000] {logging_mixin.py:137} INFO - [2023-03-09T09:28:56.773+0000] {dag.py:2690} INFO - Sync 1 DAGs
[2023-03-09T09:28:56.793+0000] {logging_mixin.py:137} INFO - [2023-03-09T09:28:56.793+0000] {dag.py:3441} INFO - Setting next_dagrun for example_short_circuit_operator to 2023-03-08T09:28:56.793281+00:00, run_after=2023-03-09T09:28:56.793281+00:00
[2023-03-09T09:28:56.815+0000] {processor.py:175} INFO - Processing /home/airflow/.local/lib/python3.7/site-packages/airflow/example_dags/example_short_circuit_operator.py took 0.085 seconds
[2023-03-09T09:29:26.997+0000] {processor.py:153} INFO - Started process (PID=1349) to work on /home/airflow/.local/lib/python3.7/site-packages/airflow/example_dags/example_short_circuit_operator.py
[2023-03-09T09:29:26.998+0000] {processor.py:743} INFO - Processing file /home/airflow/.local/lib/python3.7/site-packages/airflow/example_dags/example_short_circuit_operator.py for tasks to queue
[2023-03-09T09:29:26.999+0000] {logging_mixin.py:137} INFO - [2023-03-09T09:29:26.999+0000] {dagbag.py:538} INFO - Filling up the DagBag from /home/airflow/.local/lib/python3.7/site-packages/airflow/example_dags/example_short_circuit_operator.py
[2023-03-09T09:29:27.013+0000] {processor.py:753} INFO - DAG(s) dict_keys(['example_short_circuit_operator']) retrieved from /home/airflow/.local/lib/python3.7/site-packages/airflow/example_dags/example_short_circuit_operator.py
[2023-03-09T09:29:27.031+0000] {logging_mixin.py:137} INFO - [2023-03-09T09:29:27.030+0000] {dag.py:2690} INFO - Sync 1 DAGs
[2023-03-09T09:29:27.047+0000] {logging_mixin.py:137} INFO - [2023-03-09T09:29:27.047+0000] {dag.py:3441} INFO - Setting next_dagrun for example_short_circuit_operator to 2023-03-08T09:29:27.047353+00:00, run_after=2023-03-09T09:29:27.047353+00:00
[2023-03-09T09:29:27.059+0000] {processor.py:175} INFO - Processing /home/airflow/.local/lib/python3.7/site-packages/airflow/example_dags/example_short_circuit_operator.py took 0.064 seconds
[2023-03-09T09:29:57.263+0000] {processor.py:153} INFO - Started process (PID=1418) to work on /home/airflow/.local/lib/python3.7/site-packages/airflow/example_dags/example_short_circuit_operator.py
[2023-03-09T09:29:57.265+0000] {processor.py:743} INFO - Processing file /home/airflow/.local/lib/python3.7/site-packages/airflow/example_dags/example_short_circuit_operator.py for tasks to queue
[2023-03-09T09:29:57.266+0000] {logging_mixin.py:137} INFO - [2023-03-09T09:29:57.266+0000] {dagbag.py:538} INFO - Filling up the DagBag from /home/airflow/.local/lib/python3.7/site-packages/airflow/example_dags/example_short_circuit_operator.py
[2023-03-09T09:29:57.276+0000] {processor.py:753} INFO - DAG(s) dict_keys(['example_short_circuit_operator']) retrieved from /home/airflow/.local/lib/python3.7/site-packages/airflow/example_dags/example_short_circuit_operator.py
[2023-03-09T09:29:57.294+0000] {logging_mixin.py:137} INFO - [2023-03-09T09:29:57.294+0000] {dag.py:2690} INFO - Sync 1 DAGs
[2023-03-09T09:29:57.308+0000] {logging_mixin.py:137} INFO - [2023-03-09T09:29:57.307+0000] {dag.py:3441} INFO - Setting next_dagrun for example_short_circuit_operator to 2023-03-08T09:29:57.307850+00:00, run_after=2023-03-09T09:29:57.307850+00:00
[2023-03-09T09:29:57.318+0000] {processor.py:175} INFO - Processing /home/airflow/.local/lib/python3.7/site-packages/airflow/example_dags/example_short_circuit_operator.py took 0.058 seconds
[2023-03-09T09:30:27.806+0000] {processor.py:153} INFO - Started process (PID=1498) to work on /home/airflow/.local/lib/python3.7/site-packages/airflow/example_dags/example_short_circuit_operator.py
[2023-03-09T09:30:27.807+0000] {processor.py:743} INFO - Processing file /home/airflow/.local/lib/python3.7/site-packages/airflow/example_dags/example_short_circuit_operator.py for tasks to queue
[2023-03-09T09:30:27.808+0000] {logging_mixin.py:137} INFO - [2023-03-09T09:30:27.808+0000] {dagbag.py:538} INFO - Filling up the DagBag from /home/airflow/.local/lib/python3.7/site-packages/airflow/example_dags/example_short_circuit_operator.py
[2023-03-09T09:30:27.819+0000] {processor.py:753} INFO - DAG(s) dict_keys(['example_short_circuit_operator']) retrieved from /home/airflow/.local/lib/python3.7/site-packages/airflow/example_dags/example_short_circuit_operator.py
[2023-03-09T09:30:27.836+0000] {logging_mixin.py:137} INFO - [2023-03-09T09:30:27.836+0000] {dag.py:2690} INFO - Sync 1 DAGs
[2023-03-09T09:30:27.850+0000] {logging_mixin.py:137} INFO - [2023-03-09T09:30:27.850+0000] {dag.py:3441} INFO - Setting next_dagrun for example_short_circuit_operator to 2023-03-08T09:30:27.850727+00:00, run_after=2023-03-09T09:30:27.850727+00:00
[2023-03-09T09:30:27.862+0000] {processor.py:175} INFO - Processing /home/airflow/.local/lib/python3.7/site-packages/airflow/example_dags/example_short_circuit_operator.py took 0.058 seconds
[2023-03-09T09:30:58.195+0000] {processor.py:153} INFO - Started process (PID=1578) to work on /home/airflow/.local/lib/python3.7/site-packages/airflow/example_dags/example_short_circuit_operator.py
[2023-03-09T09:30:58.197+0000] {processor.py:743} INFO - Processing file /home/airflow/.local/lib/python3.7/site-packages/airflow/example_dags/example_short_circuit_operator.py for tasks to queue
[2023-03-09T09:30:58.198+0000] {logging_mixin.py:137} INFO - [2023-03-09T09:30:58.198+0000] {dagbag.py:538} INFO - Filling up the DagBag from /home/airflow/.local/lib/python3.7/site-packages/airflow/example_dags/example_short_circuit_operator.py
[2023-03-09T09:30:58.210+0000] {processor.py:753} INFO - DAG(s) dict_keys(['example_short_circuit_operator']) retrieved from /home/airflow/.local/lib/python3.7/site-packages/airflow/example_dags/example_short_circuit_operator.py
[2023-03-09T09:30:58.230+0000] {logging_mixin.py:137} INFO - [2023-03-09T09:30:58.229+0000] {dag.py:2690} INFO - Sync 1 DAGs
[2023-03-09T09:30:58.247+0000] {logging_mixin.py:137} INFO - [2023-03-09T09:30:58.246+0000] {dag.py:3441} INFO - Setting next_dagrun for example_short_circuit_operator to 2023-03-08T09:30:58.246803+00:00, run_after=2023-03-09T09:30:58.246803+00:00
[2023-03-09T09:30:58.261+0000] {processor.py:175} INFO - Processing /home/airflow/.local/lib/python3.7/site-packages/airflow/example_dags/example_short_circuit_operator.py took 0.068 seconds
[2023-03-09T09:31:28.575+0000] {processor.py:153} INFO - Started process (PID=1646) to work on /home/airflow/.local/lib/python3.7/site-packages/airflow/example_dags/example_short_circuit_operator.py
[2023-03-09T09:31:28.577+0000] {processor.py:743} INFO - Processing file /home/airflow/.local/lib/python3.7/site-packages/airflow/example_dags/example_short_circuit_operator.py for tasks to queue
[2023-03-09T09:31:28.579+0000] {logging_mixin.py:137} INFO - [2023-03-09T09:31:28.578+0000] {dagbag.py:538} INFO - Filling up the DagBag from /home/airflow/.local/lib/python3.7/site-packages/airflow/example_dags/example_short_circuit_operator.py
[2023-03-09T09:31:28.589+0000] {processor.py:753} INFO - DAG(s) dict_keys(['example_short_circuit_operator']) retrieved from /home/airflow/.local/lib/python3.7/site-packages/airflow/example_dags/example_short_circuit_operator.py
[2023-03-09T09:31:28.608+0000] {logging_mixin.py:137} INFO - [2023-03-09T09:31:28.608+0000] {dag.py:2690} INFO - Sync 1 DAGs
[2023-03-09T09:31:28.623+0000] {logging_mixin.py:137} INFO - [2023-03-09T09:31:28.623+0000] {dag.py:3441} INFO - Setting next_dagrun for example_short_circuit_operator to 2023-03-08T09:31:28.623654+00:00, run_after=2023-03-09T09:31:28.623654+00:00
[2023-03-09T09:31:28.636+0000] {processor.py:175} INFO - Processing /home/airflow/.local/lib/python3.7/site-packages/airflow/example_dags/example_short_circuit_operator.py took 0.063 seconds
[2023-03-09T09:31:58.819+0000] {processor.py:153} INFO - Started process (PID=1729) to work on /home/airflow/.local/lib/python3.7/site-packages/airflow/example_dags/example_short_circuit_operator.py
[2023-03-09T09:31:58.820+0000] {processor.py:743} INFO - Processing file /home/airflow/.local/lib/python3.7/site-packages/airflow/example_dags/example_short_circuit_operator.py for tasks to queue
[2023-03-09T09:31:58.821+0000] {logging_mixin.py:137} INFO - [2023-03-09T09:31:58.821+0000] {dagbag.py:538} INFO - Filling up the DagBag from /home/airflow/.local/lib/python3.7/site-packages/airflow/example_dags/example_short_circuit_operator.py
[2023-03-09T09:31:58.832+0000] {processor.py:753} INFO - DAG(s) dict_keys(['example_short_circuit_operator']) retrieved from /home/airflow/.local/lib/python3.7/site-packages/airflow/example_dags/example_short_circuit_operator.py
[2023-03-09T09:31:58.850+0000] {logging_mixin.py:137} INFO - [2023-03-09T09:31:58.850+0000] {dag.py:2690} INFO - Sync 1 DAGs
[2023-03-09T09:31:58.865+0000] {logging_mixin.py:137} INFO - [2023-03-09T09:31:58.865+0000] {dag.py:3441} INFO - Setting next_dagrun for example_short_circuit_operator to 2023-03-08T09:31:58.865102+00:00, run_after=2023-03-09T09:31:58.865102+00:00
[2023-03-09T09:31:58.877+0000] {processor.py:175} INFO - Processing /home/airflow/.local/lib/python3.7/site-packages/airflow/example_dags/example_short_circuit_operator.py took 0.060 seconds
[2023-03-09T09:32:29.138+0000] {processor.py:153} INFO - Started process (PID=1811) to work on /home/airflow/.local/lib/python3.7/site-packages/airflow/example_dags/example_short_circuit_operator.py
[2023-03-09T09:32:29.139+0000] {processor.py:743} INFO - Processing file /home/airflow/.local/lib/python3.7/site-packages/airflow/example_dags/example_short_circuit_operator.py for tasks to queue
[2023-03-09T09:32:29.141+0000] {logging_mixin.py:137} INFO - [2023-03-09T09:32:29.141+0000] {dagbag.py:538} INFO - Filling up the DagBag from /home/airflow/.local/lib/python3.7/site-packages/airflow/example_dags/example_short_circuit_operator.py
[2023-03-09T09:32:29.153+0000] {processor.py:753} INFO - DAG(s) dict_keys(['example_short_circuit_operator']) retrieved from /home/airflow/.local/lib/python3.7/site-packages/airflow/example_dags/example_short_circuit_operator.py
[2023-03-09T09:32:29.173+0000] {logging_mixin.py:137} INFO - [2023-03-09T09:32:29.173+0000] {dag.py:2690} INFO - Sync 1 DAGs
[2023-03-09T09:32:29.189+0000] {logging_mixin.py:137} INFO - [2023-03-09T09:32:29.189+0000] {dag.py:3441} INFO - Setting next_dagrun for example_short_circuit_operator to 2023-03-08T09:32:29.189307+00:00, run_after=2023-03-09T09:32:29.189307+00:00
[2023-03-09T09:32:29.205+0000] {processor.py:175} INFO - Processing /home/airflow/.local/lib/python3.7/site-packages/airflow/example_dags/example_short_circuit_operator.py took 0.069 seconds
[2023-03-09T09:32:59.389+0000] {processor.py:153} INFO - Started process (PID=1878) to work on /home/airflow/.local/lib/python3.7/site-packages/airflow/example_dags/example_short_circuit_operator.py
[2023-03-09T09:32:59.392+0000] {processor.py:743} INFO - Processing file /home/airflow/.local/lib/python3.7/site-packages/airflow/example_dags/example_short_circuit_operator.py for tasks to queue
[2023-03-09T09:32:59.392+0000] {logging_mixin.py:137} INFO - [2023-03-09T09:32:59.392+0000] {dagbag.py:538} INFO - Filling up the DagBag from /home/airflow/.local/lib/python3.7/site-packages/airflow/example_dags/example_short_circuit_operator.py
[2023-03-09T09:32:59.404+0000] {processor.py:753} INFO - DAG(s) dict_keys(['example_short_circuit_operator']) retrieved from /home/airflow/.local/lib/python3.7/site-packages/airflow/example_dags/example_short_circuit_operator.py
[2023-03-09T09:32:59.420+0000] {logging_mixin.py:137} INFO - [2023-03-09T09:32:59.420+0000] {dag.py:2690} INFO - Sync 1 DAGs
[2023-03-09T09:32:59.436+0000] {logging_mixin.py:137} INFO - [2023-03-09T09:32:59.436+0000] {dag.py:3441} INFO - Setting next_dagrun for example_short_circuit_operator to 2023-03-08T09:32:59.435864+00:00, run_after=2023-03-09T09:32:59.435864+00:00
[2023-03-09T09:32:59.447+0000] {processor.py:175} INFO - Processing /home/airflow/.local/lib/python3.7/site-packages/airflow/example_dags/example_short_circuit_operator.py took 0.061 seconds
[2023-03-09T09:33:29.641+0000] {processor.py:153} INFO - Started process (PID=1957) to work on /home/airflow/.local/lib/python3.7/site-packages/airflow/example_dags/example_short_circuit_operator.py
[2023-03-09T09:33:29.645+0000] {processor.py:743} INFO - Processing file /home/airflow/.local/lib/python3.7/site-packages/airflow/example_dags/example_short_circuit_operator.py for tasks to queue
[2023-03-09T09:33:29.646+0000] {logging_mixin.py:137} INFO - [2023-03-09T09:33:29.646+0000] {dagbag.py:538} INFO - Filling up the DagBag from /home/airflow/.local/lib/python3.7/site-packages/airflow/example_dags/example_short_circuit_operator.py
[2023-03-09T09:33:29.659+0000] {processor.py:753} INFO - DAG(s) dict_keys(['example_short_circuit_operator']) retrieved from /home/airflow/.local/lib/python3.7/site-packages/airflow/example_dags/example_short_circuit_operator.py
[2023-03-09T09:33:29.676+0000] {logging_mixin.py:137} INFO - [2023-03-09T09:33:29.676+0000] {dag.py:2690} INFO - Sync 1 DAGs
[2023-03-09T09:33:29.692+0000] {logging_mixin.py:137} INFO - [2023-03-09T09:33:29.692+0000] {dag.py:3441} INFO - Setting next_dagrun for example_short_circuit_operator to 2023-03-08T09:33:29.692099+00:00, run_after=2023-03-09T09:33:29.692099+00:00
[2023-03-09T09:33:29.704+0000] {processor.py:175} INFO - Processing /home/airflow/.local/lib/python3.7/site-packages/airflow/example_dags/example_short_circuit_operator.py took 0.066 seconds
[2023-03-09T09:33:59.871+0000] {processor.py:153} INFO - Started process (PID=2027) to work on /home/airflow/.local/lib/python3.7/site-packages/airflow/example_dags/example_short_circuit_operator.py
[2023-03-09T09:33:59.873+0000] {processor.py:743} INFO - Processing file /home/airflow/.local/lib/python3.7/site-packages/airflow/example_dags/example_short_circuit_operator.py for tasks to queue
[2023-03-09T09:33:59.884+0000] {logging_mixin.py:137} INFO - [2023-03-09T09:33:59.884+0000] {dagbag.py:538} INFO - Filling up the DagBag from /home/airflow/.local/lib/python3.7/site-packages/airflow/example_dags/example_short_circuit_operator.py
[2023-03-09T09:33:59.907+0000] {processor.py:753} INFO - DAG(s) dict_keys(['example_short_circuit_operator']) retrieved from /home/airflow/.local/lib/python3.7/site-packages/airflow/example_dags/example_short_circuit_operator.py
[2023-03-09T09:33:59.950+0000] {logging_mixin.py:137} INFO - [2023-03-09T09:33:59.950+0000] {dag.py:2690} INFO - Sync 1 DAGs
[2023-03-09T09:33:59.988+0000] {logging_mixin.py:137} INFO - [2023-03-09T09:33:59.988+0000] {dag.py:3441} INFO - Setting next_dagrun for example_short_circuit_operator to 2023-03-08T09:33:59.988442+00:00, run_after=2023-03-09T09:33:59.988442+00:00
[2023-03-09T09:34:00.018+0000] {processor.py:175} INFO - Processing /home/airflow/.local/lib/python3.7/site-packages/airflow/example_dags/example_short_circuit_operator.py took 0.150 seconds
[2023-03-09T09:34:30.323+0000] {processor.py:153} INFO - Started process (PID=2094) to work on /home/airflow/.local/lib/python3.7/site-packages/airflow/example_dags/example_short_circuit_operator.py
[2023-03-09T09:34:30.325+0000] {processor.py:743} INFO - Processing file /home/airflow/.local/lib/python3.7/site-packages/airflow/example_dags/example_short_circuit_operator.py for tasks to queue
[2023-03-09T09:34:30.326+0000] {logging_mixin.py:137} INFO - [2023-03-09T09:34:30.326+0000] {dagbag.py:538} INFO - Filling up the DagBag from /home/airflow/.local/lib/python3.7/site-packages/airflow/example_dags/example_short_circuit_operator.py
[2023-03-09T09:34:30.337+0000] {processor.py:753} INFO - DAG(s) dict_keys(['example_short_circuit_operator']) retrieved from /home/airflow/.local/lib/python3.7/site-packages/airflow/example_dags/example_short_circuit_operator.py
[2023-03-09T09:34:30.355+0000] {logging_mixin.py:137} INFO - [2023-03-09T09:34:30.355+0000] {dag.py:2690} INFO - Sync 1 DAGs
[2023-03-09T09:34:30.370+0000] {logging_mixin.py:137} INFO - [2023-03-09T09:34:30.370+0000] {dag.py:3441} INFO - Setting next_dagrun for example_short_circuit_operator to 2023-03-08T09:34:30.370019+00:00, run_after=2023-03-09T09:34:30.370019+00:00
[2023-03-09T09:34:30.381+0000] {processor.py:175} INFO - Processing /home/airflow/.local/lib/python3.7/site-packages/airflow/example_dags/example_short_circuit_operator.py took 0.061 seconds
[2023-03-09T09:35:00.544+0000] {processor.py:153} INFO - Started process (PID=2171) to work on /home/airflow/.local/lib/python3.7/site-packages/airflow/example_dags/example_short_circuit_operator.py
[2023-03-09T09:35:00.546+0000] {processor.py:743} INFO - Processing file /home/airflow/.local/lib/python3.7/site-packages/airflow/example_dags/example_short_circuit_operator.py for tasks to queue
[2023-03-09T09:35:00.547+0000] {logging_mixin.py:137} INFO - [2023-03-09T09:35:00.547+0000] {dagbag.py:538} INFO - Filling up the DagBag from /home/airflow/.local/lib/python3.7/site-packages/airflow/example_dags/example_short_circuit_operator.py
[2023-03-09T09:35:00.559+0000] {processor.py:753} INFO - DAG(s) dict_keys(['example_short_circuit_operator']) retrieved from /home/airflow/.local/lib/python3.7/site-packages/airflow/example_dags/example_short_circuit_operator.py
[2023-03-09T09:35:00.580+0000] {logging_mixin.py:137} INFO - [2023-03-09T09:35:00.580+0000] {dag.py:2690} INFO - Sync 1 DAGs
[2023-03-09T09:35:00.603+0000] {logging_mixin.py:137} INFO - [2023-03-09T09:35:00.603+0000] {dag.py:3441} INFO - Setting next_dagrun for example_short_circuit_operator to 2023-03-08T09:35:00.602827+00:00, run_after=2023-03-09T09:35:00.602827+00:00
[2023-03-09T09:35:00.619+0000] {processor.py:175} INFO - Processing /home/airflow/.local/lib/python3.7/site-packages/airflow/example_dags/example_short_circuit_operator.py took 0.078 seconds
[2023-03-09T09:35:30.832+0000] {processor.py:153} INFO - Started process (PID=2236) to work on /home/airflow/.local/lib/python3.7/site-packages/airflow/example_dags/example_short_circuit_operator.py
[2023-03-09T09:35:30.834+0000] {processor.py:743} INFO - Processing file /home/airflow/.local/lib/python3.7/site-packages/airflow/example_dags/example_short_circuit_operator.py for tasks to queue
[2023-03-09T09:35:30.835+0000] {logging_mixin.py:137} INFO - [2023-03-09T09:35:30.835+0000] {dagbag.py:538} INFO - Filling up the DagBag from /home/airflow/.local/lib/python3.7/site-packages/airflow/example_dags/example_short_circuit_operator.py
[2023-03-09T09:35:30.846+0000] {processor.py:753} INFO - DAG(s) dict_keys(['example_short_circuit_operator']) retrieved from /home/airflow/.local/lib/python3.7/site-packages/airflow/example_dags/example_short_circuit_operator.py
[2023-03-09T09:35:30.863+0000] {logging_mixin.py:137} INFO - [2023-03-09T09:35:30.863+0000] {dag.py:2690} INFO - Sync 1 DAGs
[2023-03-09T09:35:30.878+0000] {logging_mixin.py:137} INFO - [2023-03-09T09:35:30.878+0000] {dag.py:3441} INFO - Setting next_dagrun for example_short_circuit_operator to 2023-03-08T09:35:30.878352+00:00, run_after=2023-03-09T09:35:30.878352+00:00
[2023-03-09T09:35:30.891+0000] {processor.py:175} INFO - Processing /home/airflow/.local/lib/python3.7/site-packages/airflow/example_dags/example_short_circuit_operator.py took 0.063 seconds
[2023-03-09T09:36:01.297+0000] {processor.py:153} INFO - Started process (PID=2313) to work on /home/airflow/.local/lib/python3.7/site-packages/airflow/example_dags/example_short_circuit_operator.py
[2023-03-09T09:36:01.298+0000] {processor.py:743} INFO - Processing file /home/airflow/.local/lib/python3.7/site-packages/airflow/example_dags/example_short_circuit_operator.py for tasks to queue
[2023-03-09T09:36:01.299+0000] {logging_mixin.py:137} INFO - [2023-03-09T09:36:01.299+0000] {dagbag.py:538} INFO - Filling up the DagBag from /home/airflow/.local/lib/python3.7/site-packages/airflow/example_dags/example_short_circuit_operator.py
[2023-03-09T09:36:01.310+0000] {processor.py:753} INFO - DAG(s) dict_keys(['example_short_circuit_operator']) retrieved from /home/airflow/.local/lib/python3.7/site-packages/airflow/example_dags/example_short_circuit_operator.py
[2023-03-09T09:36:01.334+0000] {logging_mixin.py:137} INFO - [2023-03-09T09:36:01.334+0000] {dag.py:2690} INFO - Sync 1 DAGs
[2023-03-09T09:36:01.353+0000] {logging_mixin.py:137} INFO - [2023-03-09T09:36:01.353+0000] {dag.py:3441} INFO - Setting next_dagrun for example_short_circuit_operator to 2023-03-08T09:36:01.353467+00:00, run_after=2023-03-09T09:36:01.353467+00:00
[2023-03-09T09:36:01.369+0000] {processor.py:175} INFO - Processing /home/airflow/.local/lib/python3.7/site-packages/airflow/example_dags/example_short_circuit_operator.py took 0.075 seconds
[2023-03-09T09:36:31.683+0000] {processor.py:153} INFO - Started process (PID=2392) to work on /home/airflow/.local/lib/python3.7/site-packages/airflow/example_dags/example_short_circuit_operator.py
[2023-03-09T09:36:31.685+0000] {processor.py:743} INFO - Processing file /home/airflow/.local/lib/python3.7/site-packages/airflow/example_dags/example_short_circuit_operator.py for tasks to queue
[2023-03-09T09:36:31.686+0000] {logging_mixin.py:137} INFO - [2023-03-09T09:36:31.686+0000] {dagbag.py:538} INFO - Filling up the DagBag from /home/airflow/.local/lib/python3.7/site-packages/airflow/example_dags/example_short_circuit_operator.py
[2023-03-09T09:36:31.697+0000] {processor.py:753} INFO - DAG(s) dict_keys(['example_short_circuit_operator']) retrieved from /home/airflow/.local/lib/python3.7/site-packages/airflow/example_dags/example_short_circuit_operator.py
[2023-03-09T09:36:31.715+0000] {logging_mixin.py:137} INFO - [2023-03-09T09:36:31.715+0000] {dag.py:2690} INFO - Sync 1 DAGs
[2023-03-09T09:36:31.731+0000] {logging_mixin.py:137} INFO - [2023-03-09T09:36:31.731+0000] {dag.py:3441} INFO - Setting next_dagrun for example_short_circuit_operator to 2023-03-08T09:36:31.731063+00:00, run_after=2023-03-09T09:36:31.731063+00:00
[2023-03-09T09:36:31.744+0000] {processor.py:175} INFO - Processing /home/airflow/.local/lib/python3.7/site-packages/airflow/example_dags/example_short_circuit_operator.py took 0.063 seconds
[2023-03-09T09:37:01.843+0000] {processor.py:153} INFO - Started process (PID=2457) to work on /home/airflow/.local/lib/python3.7/site-packages/airflow/example_dags/example_short_circuit_operator.py
[2023-03-09T09:37:01.845+0000] {processor.py:743} INFO - Processing file /home/airflow/.local/lib/python3.7/site-packages/airflow/example_dags/example_short_circuit_operator.py for tasks to queue
[2023-03-09T09:37:01.846+0000] {logging_mixin.py:137} INFO - [2023-03-09T09:37:01.846+0000] {dagbag.py:538} INFO - Filling up the DagBag from /home/airflow/.local/lib/python3.7/site-packages/airflow/example_dags/example_short_circuit_operator.py
[2023-03-09T09:37:01.857+0000] {processor.py:753} INFO - DAG(s) dict_keys(['example_short_circuit_operator']) retrieved from /home/airflow/.local/lib/python3.7/site-packages/airflow/example_dags/example_short_circuit_operator.py
[2023-03-09T09:37:01.875+0000] {logging_mixin.py:137} INFO - [2023-03-09T09:37:01.874+0000] {dag.py:2690} INFO - Sync 1 DAGs
[2023-03-09T09:37:01.892+0000] {logging_mixin.py:137} INFO - [2023-03-09T09:37:01.892+0000] {dag.py:3441} INFO - Setting next_dagrun for example_short_circuit_operator to 2023-03-08T09:37:01.892047+00:00, run_after=2023-03-09T09:37:01.892047+00:00
[2023-03-09T09:37:01.904+0000] {processor.py:175} INFO - Processing /home/airflow/.local/lib/python3.7/site-packages/airflow/example_dags/example_short_circuit_operator.py took 0.063 seconds
[2023-03-09T09:37:32.284+0000] {processor.py:153} INFO - Started process (PID=2537) to work on /home/airflow/.local/lib/python3.7/site-packages/airflow/example_dags/example_short_circuit_operator.py
[2023-03-09T09:37:32.285+0000] {processor.py:743} INFO - Processing file /home/airflow/.local/lib/python3.7/site-packages/airflow/example_dags/example_short_circuit_operator.py for tasks to queue
[2023-03-09T09:37:32.286+0000] {logging_mixin.py:137} INFO - [2023-03-09T09:37:32.286+0000] {dagbag.py:538} INFO - Filling up the DagBag from /home/airflow/.local/lib/python3.7/site-packages/airflow/example_dags/example_short_circuit_operator.py
[2023-03-09T09:37:32.298+0000] {processor.py:753} INFO - DAG(s) dict_keys(['example_short_circuit_operator']) retrieved from /home/airflow/.local/lib/python3.7/site-packages/airflow/example_dags/example_short_circuit_operator.py
[2023-03-09T09:37:32.323+0000] {logging_mixin.py:137} INFO - [2023-03-09T09:37:32.323+0000] {dag.py:2690} INFO - Sync 1 DAGs
[2023-03-09T09:37:32.343+0000] {logging_mixin.py:137} INFO - [2023-03-09T09:37:32.343+0000] {dag.py:3441} INFO - Setting next_dagrun for example_short_circuit_operator to 2023-03-08T09:37:32.342955+00:00, run_after=2023-03-09T09:37:32.342955+00:00
[2023-03-09T09:37:32.356+0000] {processor.py:175} INFO - Processing /home/airflow/.local/lib/python3.7/site-packages/airflow/example_dags/example_short_circuit_operator.py took 0.075 seconds
[2023-03-09T09:38:02.522+0000] {processor.py:153} INFO - Started process (PID=2619) to work on /home/airflow/.local/lib/python3.7/site-packages/airflow/example_dags/example_short_circuit_operator.py
[2023-03-09T09:38:02.523+0000] {processor.py:743} INFO - Processing file /home/airflow/.local/lib/python3.7/site-packages/airflow/example_dags/example_short_circuit_operator.py for tasks to queue
[2023-03-09T09:38:02.524+0000] {logging_mixin.py:137} INFO - [2023-03-09T09:38:02.524+0000] {dagbag.py:538} INFO - Filling up the DagBag from /home/airflow/.local/lib/python3.7/site-packages/airflow/example_dags/example_short_circuit_operator.py
[2023-03-09T09:38:02.537+0000] {processor.py:753} INFO - DAG(s) dict_keys(['example_short_circuit_operator']) retrieved from /home/airflow/.local/lib/python3.7/site-packages/airflow/example_dags/example_short_circuit_operator.py
[2023-03-09T09:38:02.556+0000] {logging_mixin.py:137} INFO - [2023-03-09T09:38:02.556+0000] {dag.py:2690} INFO - Sync 1 DAGs
[2023-03-09T09:38:02.572+0000] {logging_mixin.py:137} INFO - [2023-03-09T09:38:02.572+0000] {dag.py:3441} INFO - Setting next_dagrun for example_short_circuit_operator to 2023-03-08T09:38:02.572046+00:00, run_after=2023-03-09T09:38:02.572046+00:00
[2023-03-09T09:38:02.584+0000] {processor.py:175} INFO - Processing /home/airflow/.local/lib/python3.7/site-packages/airflow/example_dags/example_short_circuit_operator.py took 0.065 seconds
[2023-03-09T09:38:32.659+0000] {processor.py:153} INFO - Started process (PID=2681) to work on /home/airflow/.local/lib/python3.7/site-packages/airflow/example_dags/example_short_circuit_operator.py
[2023-03-09T09:38:32.661+0000] {processor.py:743} INFO - Processing file /home/airflow/.local/lib/python3.7/site-packages/airflow/example_dags/example_short_circuit_operator.py for tasks to queue
[2023-03-09T09:38:32.662+0000] {logging_mixin.py:137} INFO - [2023-03-09T09:38:32.662+0000] {dagbag.py:538} INFO - Filling up the DagBag from /home/airflow/.local/lib/python3.7/site-packages/airflow/example_dags/example_short_circuit_operator.py
[2023-03-09T09:38:32.673+0000] {processor.py:753} INFO - DAG(s) dict_keys(['example_short_circuit_operator']) retrieved from /home/airflow/.local/lib/python3.7/site-packages/airflow/example_dags/example_short_circuit_operator.py
[2023-03-09T09:38:32.694+0000] {logging_mixin.py:137} INFO - [2023-03-09T09:38:32.694+0000] {dag.py:2690} INFO - Sync 1 DAGs
[2023-03-09T09:38:32.709+0000] {logging_mixin.py:137} INFO - [2023-03-09T09:38:32.709+0000] {dag.py:3441} INFO - Setting next_dagrun for example_short_circuit_operator to 2023-03-08T09:38:32.709462+00:00, run_after=2023-03-09T09:38:32.709462+00:00
[2023-03-09T09:38:32.725+0000] {processor.py:175} INFO - Processing /home/airflow/.local/lib/python3.7/site-packages/airflow/example_dags/example_short_circuit_operator.py took 0.069 seconds
[2023-03-09T09:39:02.974+0000] {processor.py:153} INFO - Started process (PID=2765) to work on /home/airflow/.local/lib/python3.7/site-packages/airflow/example_dags/example_short_circuit_operator.py
[2023-03-09T09:39:02.976+0000] {processor.py:743} INFO - Processing file /home/airflow/.local/lib/python3.7/site-packages/airflow/example_dags/example_short_circuit_operator.py for tasks to queue
[2023-03-09T09:39:02.977+0000] {logging_mixin.py:137} INFO - [2023-03-09T09:39:02.977+0000] {dagbag.py:538} INFO - Filling up the DagBag from /home/airflow/.local/lib/python3.7/site-packages/airflow/example_dags/example_short_circuit_operator.py
[2023-03-09T09:39:02.989+0000] {processor.py:753} INFO - DAG(s) dict_keys(['example_short_circuit_operator']) retrieved from /home/airflow/.local/lib/python3.7/site-packages/airflow/example_dags/example_short_circuit_operator.py
[2023-03-09T09:39:03.011+0000] {logging_mixin.py:137} INFO - [2023-03-09T09:39:03.011+0000] {dag.py:2690} INFO - Sync 1 DAGs
[2023-03-09T09:39:03.027+0000] {logging_mixin.py:137} INFO - [2023-03-09T09:39:03.027+0000] {dag.py:3441} INFO - Setting next_dagrun for example_short_circuit_operator to 2023-03-08T09:39:03.027149+00:00, run_after=2023-03-09T09:39:03.027149+00:00
[2023-03-09T09:39:03.039+0000] {processor.py:175} INFO - Processing /home/airflow/.local/lib/python3.7/site-packages/airflow/example_dags/example_short_circuit_operator.py took 0.067 seconds
[2023-03-09T09:39:33.266+0000] {processor.py:153} INFO - Started process (PID=2847) to work on /home/airflow/.local/lib/python3.7/site-packages/airflow/example_dags/example_short_circuit_operator.py
[2023-03-09T09:39:33.268+0000] {processor.py:743} INFO - Processing file /home/airflow/.local/lib/python3.7/site-packages/airflow/example_dags/example_short_circuit_operator.py for tasks to queue
[2023-03-09T09:39:33.269+0000] {logging_mixin.py:137} INFO - [2023-03-09T09:39:33.269+0000] {dagbag.py:538} INFO - Filling up the DagBag from /home/airflow/.local/lib/python3.7/site-packages/airflow/example_dags/example_short_circuit_operator.py
[2023-03-09T09:39:33.284+0000] {processor.py:753} INFO - DAG(s) dict_keys(['example_short_circuit_operator']) retrieved from /home/airflow/.local/lib/python3.7/site-packages/airflow/example_dags/example_short_circuit_operator.py
[2023-03-09T09:39:33.305+0000] {logging_mixin.py:137} INFO - [2023-03-09T09:39:33.305+0000] {dag.py:2690} INFO - Sync 1 DAGs
[2023-03-09T09:39:33.328+0000] {logging_mixin.py:137} INFO - [2023-03-09T09:39:33.328+0000] {dag.py:3441} INFO - Setting next_dagrun for example_short_circuit_operator to 2023-03-08T09:39:33.328000+00:00, run_after=2023-03-09T09:39:33.328000+00:00
[2023-03-09T09:39:33.345+0000] {processor.py:175} INFO - Processing /home/airflow/.local/lib/python3.7/site-packages/airflow/example_dags/example_short_circuit_operator.py took 0.081 seconds
[2023-03-09T09:40:03.560+0000] {processor.py:153} INFO - Started process (PID=2914) to work on /home/airflow/.local/lib/python3.7/site-packages/airflow/example_dags/example_short_circuit_operator.py
[2023-03-09T09:40:03.561+0000] {processor.py:743} INFO - Processing file /home/airflow/.local/lib/python3.7/site-packages/airflow/example_dags/example_short_circuit_operator.py for tasks to queue
[2023-03-09T09:40:03.562+0000] {logging_mixin.py:137} INFO - [2023-03-09T09:40:03.562+0000] {dagbag.py:538} INFO - Filling up the DagBag from /home/airflow/.local/lib/python3.7/site-packages/airflow/example_dags/example_short_circuit_operator.py
[2023-03-09T09:40:03.574+0000] {processor.py:753} INFO - DAG(s) dict_keys(['example_short_circuit_operator']) retrieved from /home/airflow/.local/lib/python3.7/site-packages/airflow/example_dags/example_short_circuit_operator.py
[2023-03-09T09:40:03.591+0000] {logging_mixin.py:137} INFO - [2023-03-09T09:40:03.591+0000] {dag.py:2690} INFO - Sync 1 DAGs
[2023-03-09T09:40:03.605+0000] {logging_mixin.py:137} INFO - [2023-03-09T09:40:03.605+0000] {dag.py:3441} INFO - Setting next_dagrun for example_short_circuit_operator to 2023-03-08T09:40:03.605641+00:00, run_after=2023-03-09T09:40:03.605641+00:00
[2023-03-09T09:40:03.616+0000] {processor.py:175} INFO - Processing /home/airflow/.local/lib/python3.7/site-packages/airflow/example_dags/example_short_circuit_operator.py took 0.059 seconds
[2023-03-09T09:40:33.697+0000] {processor.py:153} INFO - Started process (PID=2992) to work on /home/airflow/.local/lib/python3.7/site-packages/airflow/example_dags/example_short_circuit_operator.py
[2023-03-09T09:40:33.699+0000] {processor.py:743} INFO - Processing file /home/airflow/.local/lib/python3.7/site-packages/airflow/example_dags/example_short_circuit_operator.py for tasks to queue
[2023-03-09T09:40:33.700+0000] {logging_mixin.py:137} INFO - [2023-03-09T09:40:33.700+0000] {dagbag.py:538} INFO - Filling up the DagBag from /home/airflow/.local/lib/python3.7/site-packages/airflow/example_dags/example_short_circuit_operator.py
[2023-03-09T09:40:33.711+0000] {processor.py:753} INFO - DAG(s) dict_keys(['example_short_circuit_operator']) retrieved from /home/airflow/.local/lib/python3.7/site-packages/airflow/example_dags/example_short_circuit_operator.py
[2023-03-09T09:40:33.731+0000] {logging_mixin.py:137} INFO - [2023-03-09T09:40:33.731+0000] {dag.py:2690} INFO - Sync 1 DAGs
[2023-03-09T09:40:33.748+0000] {logging_mixin.py:137} INFO - [2023-03-09T09:40:33.748+0000] {dag.py:3441} INFO - Setting next_dagrun for example_short_circuit_operator to 2023-03-08T09:40:33.748080+00:00, run_after=2023-03-09T09:40:33.748080+00:00
[2023-03-09T09:40:33.762+0000] {processor.py:175} INFO - Processing /home/airflow/.local/lib/python3.7/site-packages/airflow/example_dags/example_short_circuit_operator.py took 0.068 seconds
[2023-03-09T09:41:03.890+0000] {processor.py:153} INFO - Started process (PID=3060) to work on /home/airflow/.local/lib/python3.7/site-packages/airflow/example_dags/example_short_circuit_operator.py
[2023-03-09T09:41:03.892+0000] {processor.py:743} INFO - Processing file /home/airflow/.local/lib/python3.7/site-packages/airflow/example_dags/example_short_circuit_operator.py for tasks to queue
[2023-03-09T09:41:03.893+0000] {logging_mixin.py:137} INFO - [2023-03-09T09:41:03.893+0000] {dagbag.py:538} INFO - Filling up the DagBag from /home/airflow/.local/lib/python3.7/site-packages/airflow/example_dags/example_short_circuit_operator.py
[2023-03-09T09:41:03.904+0000] {processor.py:753} INFO - DAG(s) dict_keys(['example_short_circuit_operator']) retrieved from /home/airflow/.local/lib/python3.7/site-packages/airflow/example_dags/example_short_circuit_operator.py
[2023-03-09T09:41:03.924+0000] {logging_mixin.py:137} INFO - [2023-03-09T09:41:03.923+0000] {dag.py:2690} INFO - Sync 1 DAGs
[2023-03-09T09:41:03.940+0000] {logging_mixin.py:137} INFO - [2023-03-09T09:41:03.940+0000] {dag.py:3441} INFO - Setting next_dagrun for example_short_circuit_operator to 2023-03-08T09:41:03.940156+00:00, run_after=2023-03-09T09:41:03.940156+00:00
[2023-03-09T09:41:03.952+0000] {processor.py:175} INFO - Processing /home/airflow/.local/lib/python3.7/site-packages/airflow/example_dags/example_short_circuit_operator.py took 0.065 seconds
[2023-03-09T09:41:34.784+0000] {processor.py:153} INFO - Started process (PID=3137) to work on /home/airflow/.local/lib/python3.7/site-packages/airflow/example_dags/example_short_circuit_operator.py
[2023-03-09T09:41:34.785+0000] {processor.py:743} INFO - Processing file /home/airflow/.local/lib/python3.7/site-packages/airflow/example_dags/example_short_circuit_operator.py for tasks to queue
[2023-03-09T09:41:34.787+0000] {logging_mixin.py:137} INFO - [2023-03-09T09:41:34.787+0000] {dagbag.py:538} INFO - Filling up the DagBag from /home/airflow/.local/lib/python3.7/site-packages/airflow/example_dags/example_short_circuit_operator.py
[2023-03-09T09:41:34.798+0000] {processor.py:753} INFO - DAG(s) dict_keys(['example_short_circuit_operator']) retrieved from /home/airflow/.local/lib/python3.7/site-packages/airflow/example_dags/example_short_circuit_operator.py
[2023-03-09T09:41:34.815+0000] {logging_mixin.py:137} INFO - [2023-03-09T09:41:34.815+0000] {dag.py:2690} INFO - Sync 1 DAGs
[2023-03-09T09:41:34.830+0000] {logging_mixin.py:137} INFO - [2023-03-09T09:41:34.830+0000] {dag.py:3441} INFO - Setting next_dagrun for example_short_circuit_operator to 2023-03-08T09:41:34.830033+00:00, run_after=2023-03-09T09:41:34.830033+00:00
[2023-03-09T09:41:34.841+0000] {processor.py:175} INFO - Processing /home/airflow/.local/lib/python3.7/site-packages/airflow/example_dags/example_short_circuit_operator.py took 0.060 seconds
[2023-03-09T09:42:05.278+0000] {processor.py:153} INFO - Started process (PID=3215) to work on /home/airflow/.local/lib/python3.7/site-packages/airflow/example_dags/example_short_circuit_operator.py
[2023-03-09T09:42:05.280+0000] {processor.py:743} INFO - Processing file /home/airflow/.local/lib/python3.7/site-packages/airflow/example_dags/example_short_circuit_operator.py for tasks to queue
[2023-03-09T09:42:05.281+0000] {logging_mixin.py:137} INFO - [2023-03-09T09:42:05.281+0000] {dagbag.py:538} INFO - Filling up the DagBag from /home/airflow/.local/lib/python3.7/site-packages/airflow/example_dags/example_short_circuit_operator.py
[2023-03-09T09:42:05.292+0000] {processor.py:753} INFO - DAG(s) dict_keys(['example_short_circuit_operator']) retrieved from /home/airflow/.local/lib/python3.7/site-packages/airflow/example_dags/example_short_circuit_operator.py
[2023-03-09T09:42:05.310+0000] {logging_mixin.py:137} INFO - [2023-03-09T09:42:05.310+0000] {dag.py:2690} INFO - Sync 1 DAGs
[2023-03-09T09:42:05.326+0000] {logging_mixin.py:137} INFO - [2023-03-09T09:42:05.326+0000] {dag.py:3441} INFO - Setting next_dagrun for example_short_circuit_operator to 2023-03-08T09:42:05.325987+00:00, run_after=2023-03-09T09:42:05.325987+00:00
[2023-03-09T09:42:05.338+0000] {processor.py:175} INFO - Processing /home/airflow/.local/lib/python3.7/site-packages/airflow/example_dags/example_short_circuit_operator.py took 0.062 seconds
[2023-03-09T09:42:35.510+0000] {processor.py:153} INFO - Started process (PID=3282) to work on /home/airflow/.local/lib/python3.7/site-packages/airflow/example_dags/example_short_circuit_operator.py
[2023-03-09T09:42:35.522+0000] {processor.py:743} INFO - Processing file /home/airflow/.local/lib/python3.7/site-packages/airflow/example_dags/example_short_circuit_operator.py for tasks to queue
[2023-03-09T09:42:35.540+0000] {logging_mixin.py:137} INFO - [2023-03-09T09:42:35.540+0000] {dagbag.py:538} INFO - Filling up the DagBag from /home/airflow/.local/lib/python3.7/site-packages/airflow/example_dags/example_short_circuit_operator.py
[2023-03-09T09:42:35.580+0000] {processor.py:753} INFO - DAG(s) dict_keys(['example_short_circuit_operator']) retrieved from /home/airflow/.local/lib/python3.7/site-packages/airflow/example_dags/example_short_circuit_operator.py
[2023-03-09T09:42:35.601+0000] {logging_mixin.py:137} INFO - [2023-03-09T09:42:35.601+0000] {dag.py:2690} INFO - Sync 1 DAGs
[2023-03-09T09:42:35.619+0000] {logging_mixin.py:137} INFO - [2023-03-09T09:42:35.619+0000] {dag.py:3441} INFO - Setting next_dagrun for example_short_circuit_operator to 2023-03-08T09:42:35.619081+00:00, run_after=2023-03-09T09:42:35.619081+00:00
[2023-03-09T09:42:35.634+0000] {processor.py:175} INFO - Processing /home/airflow/.local/lib/python3.7/site-packages/airflow/example_dags/example_short_circuit_operator.py took 0.126 seconds
[2023-03-09T09:43:06.166+0000] {processor.py:153} INFO - Started process (PID=3360) to work on /home/airflow/.local/lib/python3.7/site-packages/airflow/example_dags/example_short_circuit_operator.py
[2023-03-09T09:43:06.169+0000] {processor.py:743} INFO - Processing file /home/airflow/.local/lib/python3.7/site-packages/airflow/example_dags/example_short_circuit_operator.py for tasks to queue
[2023-03-09T09:43:06.170+0000] {logging_mixin.py:137} INFO - [2023-03-09T09:43:06.170+0000] {dagbag.py:538} INFO - Filling up the DagBag from /home/airflow/.local/lib/python3.7/site-packages/airflow/example_dags/example_short_circuit_operator.py
[2023-03-09T09:43:06.181+0000] {processor.py:753} INFO - DAG(s) dict_keys(['example_short_circuit_operator']) retrieved from /home/airflow/.local/lib/python3.7/site-packages/airflow/example_dags/example_short_circuit_operator.py
[2023-03-09T09:43:06.200+0000] {logging_mixin.py:137} INFO - [2023-03-09T09:43:06.200+0000] {dag.py:2690} INFO - Sync 1 DAGs
[2023-03-09T09:43:06.216+0000] {logging_mixin.py:137} INFO - [2023-03-09T09:43:06.216+0000] {dag.py:3441} INFO - Setting next_dagrun for example_short_circuit_operator to 2023-03-08T09:43:06.216684+00:00, run_after=2023-03-09T09:43:06.216684+00:00
[2023-03-09T09:43:06.231+0000] {processor.py:175} INFO - Processing /home/airflow/.local/lib/python3.7/site-packages/airflow/example_dags/example_short_circuit_operator.py took 0.068 seconds
[2023-03-09T09:43:36.503+0000] {processor.py:153} INFO - Started process (PID=3443) to work on /home/airflow/.local/lib/python3.7/site-packages/airflow/example_dags/example_short_circuit_operator.py
[2023-03-09T09:43:36.505+0000] {processor.py:743} INFO - Processing file /home/airflow/.local/lib/python3.7/site-packages/airflow/example_dags/example_short_circuit_operator.py for tasks to queue
[2023-03-09T09:43:36.507+0000] {logging_mixin.py:137} INFO - [2023-03-09T09:43:36.506+0000] {dagbag.py:538} INFO - Filling up the DagBag from /home/airflow/.local/lib/python3.7/site-packages/airflow/example_dags/example_short_circuit_operator.py
[2023-03-09T09:43:36.517+0000] {processor.py:753} INFO - DAG(s) dict_keys(['example_short_circuit_operator']) retrieved from /home/airflow/.local/lib/python3.7/site-packages/airflow/example_dags/example_short_circuit_operator.py
[2023-03-09T09:43:36.535+0000] {logging_mixin.py:137} INFO - [2023-03-09T09:43:36.535+0000] {dag.py:2690} INFO - Sync 1 DAGs
[2023-03-09T09:43:36.552+0000] {logging_mixin.py:137} INFO - [2023-03-09T09:43:36.552+0000] {dag.py:3441} INFO - Setting next_dagrun for example_short_circuit_operator to 2023-03-08T09:43:36.552185+00:00, run_after=2023-03-09T09:43:36.552185+00:00
[2023-03-09T09:43:36.565+0000] {processor.py:175} INFO - Processing /home/airflow/.local/lib/python3.7/site-packages/airflow/example_dags/example_short_circuit_operator.py took 0.065 seconds
[2023-03-09T09:44:06.737+0000] {processor.py:153} INFO - Started process (PID=3509) to work on /home/airflow/.local/lib/python3.7/site-packages/airflow/example_dags/example_short_circuit_operator.py
[2023-03-09T09:44:06.739+0000] {processor.py:743} INFO - Processing file /home/airflow/.local/lib/python3.7/site-packages/airflow/example_dags/example_short_circuit_operator.py for tasks to queue
[2023-03-09T09:44:06.740+0000] {logging_mixin.py:137} INFO - [2023-03-09T09:44:06.740+0000] {dagbag.py:538} INFO - Filling up the DagBag from /home/airflow/.local/lib/python3.7/site-packages/airflow/example_dags/example_short_circuit_operator.py
[2023-03-09T09:44:06.751+0000] {processor.py:753} INFO - DAG(s) dict_keys(['example_short_circuit_operator']) retrieved from /home/airflow/.local/lib/python3.7/site-packages/airflow/example_dags/example_short_circuit_operator.py
[2023-03-09T09:44:06.774+0000] {logging_mixin.py:137} INFO - [2023-03-09T09:44:06.774+0000] {dag.py:2690} INFO - Sync 1 DAGs
[2023-03-09T09:44:06.789+0000] {logging_mixin.py:137} INFO - [2023-03-09T09:44:06.789+0000] {dag.py:3441} INFO - Setting next_dagrun for example_short_circuit_operator to 2023-03-08T09:44:06.789306+00:00, run_after=2023-03-09T09:44:06.789306+00:00
[2023-03-09T09:44:06.835+0000] {processor.py:175} INFO - Processing /home/airflow/.local/lib/python3.7/site-packages/airflow/example_dags/example_short_circuit_operator.py took 0.100 seconds
[2023-03-09T09:44:37.123+0000] {processor.py:153} INFO - Started process (PID=3591) to work on /home/airflow/.local/lib/python3.7/site-packages/airflow/example_dags/example_short_circuit_operator.py
[2023-03-09T09:44:37.124+0000] {processor.py:743} INFO - Processing file /home/airflow/.local/lib/python3.7/site-packages/airflow/example_dags/example_short_circuit_operator.py for tasks to queue
[2023-03-09T09:44:37.125+0000] {logging_mixin.py:137} INFO - [2023-03-09T09:44:37.125+0000] {dagbag.py:538} INFO - Filling up the DagBag from /home/airflow/.local/lib/python3.7/site-packages/airflow/example_dags/example_short_circuit_operator.py
[2023-03-09T09:44:37.136+0000] {processor.py:753} INFO - DAG(s) dict_keys(['example_short_circuit_operator']) retrieved from /home/airflow/.local/lib/python3.7/site-packages/airflow/example_dags/example_short_circuit_operator.py
[2023-03-09T09:44:37.155+0000] {logging_mixin.py:137} INFO - [2023-03-09T09:44:37.155+0000] {dag.py:2690} INFO - Sync 1 DAGs
[2023-03-09T09:44:37.171+0000] {logging_mixin.py:137} INFO - [2023-03-09T09:44:37.171+0000] {dag.py:3441} INFO - Setting next_dagrun for example_short_circuit_operator to 2023-03-08T09:44:37.171227+00:00, run_after=2023-03-09T09:44:37.171227+00:00
[2023-03-09T09:44:37.183+0000] {processor.py:175} INFO - Processing /home/airflow/.local/lib/python3.7/site-packages/airflow/example_dags/example_short_circuit_operator.py took 0.063 seconds
[2023-03-09T09:45:07.371+0000] {processor.py:153} INFO - Started process (PID=3669) to work on /home/airflow/.local/lib/python3.7/site-packages/airflow/example_dags/example_short_circuit_operator.py
[2023-03-09T09:45:07.374+0000] {processor.py:743} INFO - Processing file /home/airflow/.local/lib/python3.7/site-packages/airflow/example_dags/example_short_circuit_operator.py for tasks to queue
[2023-03-09T09:45:07.375+0000] {logging_mixin.py:137} INFO - [2023-03-09T09:45:07.375+0000] {dagbag.py:538} INFO - Filling up the DagBag from /home/airflow/.local/lib/python3.7/site-packages/airflow/example_dags/example_short_circuit_operator.py
[2023-03-09T09:45:07.390+0000] {processor.py:753} INFO - DAG(s) dict_keys(['example_short_circuit_operator']) retrieved from /home/airflow/.local/lib/python3.7/site-packages/airflow/example_dags/example_short_circuit_operator.py
[2023-03-09T09:45:07.420+0000] {logging_mixin.py:137} INFO - [2023-03-09T09:45:07.420+0000] {dag.py:2690} INFO - Sync 1 DAGs
[2023-03-09T09:45:07.439+0000] {logging_mixin.py:137} INFO - [2023-03-09T09:45:07.439+0000] {dag.py:3441} INFO - Setting next_dagrun for example_short_circuit_operator to 2023-03-08T09:45:07.439036+00:00, run_after=2023-03-09T09:45:07.439036+00:00
[2023-03-09T09:45:07.459+0000] {processor.py:175} INFO - Processing /home/airflow/.local/lib/python3.7/site-packages/airflow/example_dags/example_short_circuit_operator.py took 0.091 seconds
[2023-03-09T09:45:37.733+0000] {processor.py:153} INFO - Started process (PID=3735) to work on /home/airflow/.local/lib/python3.7/site-packages/airflow/example_dags/example_short_circuit_operator.py
[2023-03-09T09:45:37.735+0000] {processor.py:743} INFO - Processing file /home/airflow/.local/lib/python3.7/site-packages/airflow/example_dags/example_short_circuit_operator.py for tasks to queue
[2023-03-09T09:45:37.736+0000] {logging_mixin.py:137} INFO - [2023-03-09T09:45:37.735+0000] {dagbag.py:538} INFO - Filling up the DagBag from /home/airflow/.local/lib/python3.7/site-packages/airflow/example_dags/example_short_circuit_operator.py
[2023-03-09T09:45:37.747+0000] {processor.py:753} INFO - DAG(s) dict_keys(['example_short_circuit_operator']) retrieved from /home/airflow/.local/lib/python3.7/site-packages/airflow/example_dags/example_short_circuit_operator.py
[2023-03-09T09:45:37.766+0000] {logging_mixin.py:137} INFO - [2023-03-09T09:45:37.766+0000] {dag.py:2690} INFO - Sync 1 DAGs
[2023-03-09T09:45:37.780+0000] {logging_mixin.py:137} INFO - [2023-03-09T09:45:37.780+0000] {dag.py:3441} INFO - Setting next_dagrun for example_short_circuit_operator to 2023-03-08T09:45:37.780501+00:00, run_after=2023-03-09T09:45:37.780501+00:00
[2023-03-09T09:45:37.794+0000] {processor.py:175} INFO - Processing /home/airflow/.local/lib/python3.7/site-packages/airflow/example_dags/example_short_circuit_operator.py took 0.064 seconds
[2023-03-09T09:46:07.924+0000] {processor.py:153} INFO - Started process (PID=3819) to work on /home/airflow/.local/lib/python3.7/site-packages/airflow/example_dags/example_short_circuit_operator.py
[2023-03-09T09:46:07.926+0000] {processor.py:743} INFO - Processing file /home/airflow/.local/lib/python3.7/site-packages/airflow/example_dags/example_short_circuit_operator.py for tasks to queue
[2023-03-09T09:46:07.927+0000] {logging_mixin.py:137} INFO - [2023-03-09T09:46:07.927+0000] {dagbag.py:538} INFO - Filling up the DagBag from /home/airflow/.local/lib/python3.7/site-packages/airflow/example_dags/example_short_circuit_operator.py
[2023-03-09T09:46:07.939+0000] {processor.py:753} INFO - DAG(s) dict_keys(['example_short_circuit_operator']) retrieved from /home/airflow/.local/lib/python3.7/site-packages/airflow/example_dags/example_short_circuit_operator.py
[2023-03-09T09:46:07.958+0000] {logging_mixin.py:137} INFO - [2023-03-09T09:46:07.958+0000] {dag.py:2690} INFO - Sync 1 DAGs
[2023-03-09T09:46:07.978+0000] {logging_mixin.py:137} INFO - [2023-03-09T09:46:07.978+0000] {dag.py:3441} INFO - Setting next_dagrun for example_short_circuit_operator to 2023-03-08T09:46:07.978462+00:00, run_after=2023-03-09T09:46:07.978462+00:00
[2023-03-09T09:46:07.997+0000] {processor.py:175} INFO - Processing /home/airflow/.local/lib/python3.7/site-packages/airflow/example_dags/example_short_circuit_operator.py took 0.076 seconds
[2023-03-09T09:46:38.274+0000] {processor.py:153} INFO - Started process (PID=3884) to work on /home/airflow/.local/lib/python3.7/site-packages/airflow/example_dags/example_short_circuit_operator.py
[2023-03-09T09:46:38.275+0000] {processor.py:743} INFO - Processing file /home/airflow/.local/lib/python3.7/site-packages/airflow/example_dags/example_short_circuit_operator.py for tasks to queue
[2023-03-09T09:46:38.276+0000] {logging_mixin.py:137} INFO - [2023-03-09T09:46:38.276+0000] {dagbag.py:538} INFO - Filling up the DagBag from /home/airflow/.local/lib/python3.7/site-packages/airflow/example_dags/example_short_circuit_operator.py
[2023-03-09T09:46:38.289+0000] {processor.py:753} INFO - DAG(s) dict_keys(['example_short_circuit_operator']) retrieved from /home/airflow/.local/lib/python3.7/site-packages/airflow/example_dags/example_short_circuit_operator.py
[2023-03-09T09:46:38.310+0000] {logging_mixin.py:137} INFO - [2023-03-09T09:46:38.310+0000] {dag.py:2690} INFO - Sync 1 DAGs
[2023-03-09T09:46:38.328+0000] {logging_mixin.py:137} INFO - [2023-03-09T09:46:38.328+0000] {dag.py:3441} INFO - Setting next_dagrun for example_short_circuit_operator to 2023-03-08T09:46:38.328309+00:00, run_after=2023-03-09T09:46:38.328309+00:00
[2023-03-09T09:46:38.340+0000] {processor.py:175} INFO - Processing /home/airflow/.local/lib/python3.7/site-packages/airflow/example_dags/example_short_circuit_operator.py took 0.068 seconds
[2023-03-09T09:47:08.719+0000] {processor.py:153} INFO - Started process (PID=3967) to work on /home/airflow/.local/lib/python3.7/site-packages/airflow/example_dags/example_short_circuit_operator.py
[2023-03-09T09:47:08.721+0000] {processor.py:743} INFO - Processing file /home/airflow/.local/lib/python3.7/site-packages/airflow/example_dags/example_short_circuit_operator.py for tasks to queue
[2023-03-09T09:47:08.722+0000] {logging_mixin.py:137} INFO - [2023-03-09T09:47:08.722+0000] {dagbag.py:538} INFO - Filling up the DagBag from /home/airflow/.local/lib/python3.7/site-packages/airflow/example_dags/example_short_circuit_operator.py
[2023-03-09T09:47:08.732+0000] {processor.py:753} INFO - DAG(s) dict_keys(['example_short_circuit_operator']) retrieved from /home/airflow/.local/lib/python3.7/site-packages/airflow/example_dags/example_short_circuit_operator.py
[2023-03-09T09:47:08.750+0000] {logging_mixin.py:137} INFO - [2023-03-09T09:47:08.750+0000] {dag.py:2690} INFO - Sync 1 DAGs
[2023-03-09T09:47:08.766+0000] {logging_mixin.py:137} INFO - [2023-03-09T09:47:08.766+0000] {dag.py:3441} INFO - Setting next_dagrun for example_short_circuit_operator to 2023-03-08T09:47:08.766097+00:00, run_after=2023-03-09T09:47:08.766097+00:00
[2023-03-09T09:47:08.778+0000] {processor.py:175} INFO - Processing /home/airflow/.local/lib/python3.7/site-packages/airflow/example_dags/example_short_circuit_operator.py took 0.062 seconds
[2023-03-09T09:47:39.095+0000] {processor.py:153} INFO - Started process (PID=4046) to work on /home/airflow/.local/lib/python3.7/site-packages/airflow/example_dags/example_short_circuit_operator.py
[2023-03-09T09:47:39.096+0000] {processor.py:743} INFO - Processing file /home/airflow/.local/lib/python3.7/site-packages/airflow/example_dags/example_short_circuit_operator.py for tasks to queue
[2023-03-09T09:47:39.098+0000] {logging_mixin.py:137} INFO - [2023-03-09T09:47:39.097+0000] {dagbag.py:538} INFO - Filling up the DagBag from /home/airflow/.local/lib/python3.7/site-packages/airflow/example_dags/example_short_circuit_operator.py
[2023-03-09T09:47:39.109+0000] {processor.py:753} INFO - DAG(s) dict_keys(['example_short_circuit_operator']) retrieved from /home/airflow/.local/lib/python3.7/site-packages/airflow/example_dags/example_short_circuit_operator.py
[2023-03-09T09:47:39.128+0000] {logging_mixin.py:137} INFO - [2023-03-09T09:47:39.128+0000] {dag.py:2690} INFO - Sync 1 DAGs
[2023-03-09T09:47:39.144+0000] {logging_mixin.py:137} INFO - [2023-03-09T09:47:39.143+0000] {dag.py:3441} INFO - Setting next_dagrun for example_short_circuit_operator to 2023-03-08T09:47:39.143724+00:00, run_after=2023-03-09T09:47:39.143724+00:00
[2023-03-09T09:47:39.156+0000] {processor.py:175} INFO - Processing /home/airflow/.local/lib/python3.7/site-packages/airflow/example_dags/example_short_circuit_operator.py took 0.063 seconds
[2023-03-09T09:48:09.383+0000] {processor.py:153} INFO - Started process (PID=4110) to work on /home/airflow/.local/lib/python3.7/site-packages/airflow/example_dags/example_short_circuit_operator.py
[2023-03-09T09:48:09.385+0000] {processor.py:743} INFO - Processing file /home/airflow/.local/lib/python3.7/site-packages/airflow/example_dags/example_short_circuit_operator.py for tasks to queue
[2023-03-09T09:48:09.386+0000] {logging_mixin.py:137} INFO - [2023-03-09T09:48:09.386+0000] {dagbag.py:538} INFO - Filling up the DagBag from /home/airflow/.local/lib/python3.7/site-packages/airflow/example_dags/example_short_circuit_operator.py
[2023-03-09T09:48:09.397+0000] {processor.py:753} INFO - DAG(s) dict_keys(['example_short_circuit_operator']) retrieved from /home/airflow/.local/lib/python3.7/site-packages/airflow/example_dags/example_short_circuit_operator.py
[2023-03-09T09:48:09.416+0000] {logging_mixin.py:137} INFO - [2023-03-09T09:48:09.415+0000] {dag.py:2690} INFO - Sync 1 DAGs
[2023-03-09T09:48:09.431+0000] {logging_mixin.py:137} INFO - [2023-03-09T09:48:09.431+0000] {dag.py:3441} INFO - Setting next_dagrun for example_short_circuit_operator to 2023-03-08T09:48:09.431252+00:00, run_after=2023-03-09T09:48:09.431252+00:00
[2023-03-09T09:48:09.443+0000] {processor.py:175} INFO - Processing /home/airflow/.local/lib/python3.7/site-packages/airflow/example_dags/example_short_circuit_operator.py took 0.062 seconds
[2023-03-09T09:48:39.748+0000] {processor.py:153} INFO - Started process (PID=4185) to work on /home/airflow/.local/lib/python3.7/site-packages/airflow/example_dags/example_short_circuit_operator.py
[2023-03-09T09:48:39.749+0000] {processor.py:743} INFO - Processing file /home/airflow/.local/lib/python3.7/site-packages/airflow/example_dags/example_short_circuit_operator.py for tasks to queue
[2023-03-09T09:48:39.750+0000] {logging_mixin.py:137} INFO - [2023-03-09T09:48:39.750+0000] {dagbag.py:538} INFO - Filling up the DagBag from /home/airflow/.local/lib/python3.7/site-packages/airflow/example_dags/example_short_circuit_operator.py
[2023-03-09T09:48:39.762+0000] {processor.py:753} INFO - DAG(s) dict_keys(['example_short_circuit_operator']) retrieved from /home/airflow/.local/lib/python3.7/site-packages/airflow/example_dags/example_short_circuit_operator.py
[2023-03-09T09:48:39.786+0000] {logging_mixin.py:137} INFO - [2023-03-09T09:48:39.786+0000] {dag.py:2690} INFO - Sync 1 DAGs
[2023-03-09T09:48:39.805+0000] {logging_mixin.py:137} INFO - [2023-03-09T09:48:39.805+0000] {dag.py:3441} INFO - Setting next_dagrun for example_short_circuit_operator to 2023-03-08T09:48:39.804986+00:00, run_after=2023-03-09T09:48:39.804986+00:00
[2023-03-09T09:48:39.818+0000] {processor.py:175} INFO - Processing /home/airflow/.local/lib/python3.7/site-packages/airflow/example_dags/example_short_circuit_operator.py took 0.073 seconds
[2023-03-09T09:49:10.166+0000] {processor.py:153} INFO - Started process (PID=4269) to work on /home/airflow/.local/lib/python3.7/site-packages/airflow/example_dags/example_short_circuit_operator.py
[2023-03-09T09:49:10.168+0000] {processor.py:743} INFO - Processing file /home/airflow/.local/lib/python3.7/site-packages/airflow/example_dags/example_short_circuit_operator.py for tasks to queue
[2023-03-09T09:49:10.169+0000] {logging_mixin.py:137} INFO - [2023-03-09T09:49:10.169+0000] {dagbag.py:538} INFO - Filling up the DagBag from /home/airflow/.local/lib/python3.7/site-packages/airflow/example_dags/example_short_circuit_operator.py
[2023-03-09T09:49:10.181+0000] {processor.py:753} INFO - DAG(s) dict_keys(['example_short_circuit_operator']) retrieved from /home/airflow/.local/lib/python3.7/site-packages/airflow/example_dags/example_short_circuit_operator.py
[2023-03-09T09:49:10.200+0000] {logging_mixin.py:137} INFO - [2023-03-09T09:49:10.199+0000] {dag.py:2690} INFO - Sync 1 DAGs
[2023-03-09T09:49:10.215+0000] {logging_mixin.py:137} INFO - [2023-03-09T09:49:10.215+0000] {dag.py:3441} INFO - Setting next_dagrun for example_short_circuit_operator to 2023-03-08T09:49:10.215672+00:00, run_after=2023-03-09T09:49:10.215672+00:00
[2023-03-09T09:49:10.228+0000] {processor.py:175} INFO - Processing /home/airflow/.local/lib/python3.7/site-packages/airflow/example_dags/example_short_circuit_operator.py took 0.065 seconds
[2023-03-09T09:49:40.401+0000] {processor.py:153} INFO - Started process (PID=4336) to work on /home/airflow/.local/lib/python3.7/site-packages/airflow/example_dags/example_short_circuit_operator.py
[2023-03-09T09:49:40.403+0000] {processor.py:743} INFO - Processing file /home/airflow/.local/lib/python3.7/site-packages/airflow/example_dags/example_short_circuit_operator.py for tasks to queue
[2023-03-09T09:49:40.404+0000] {logging_mixin.py:137} INFO - [2023-03-09T09:49:40.404+0000] {dagbag.py:538} INFO - Filling up the DagBag from /home/airflow/.local/lib/python3.7/site-packages/airflow/example_dags/example_short_circuit_operator.py
[2023-03-09T09:49:40.415+0000] {processor.py:753} INFO - DAG(s) dict_keys(['example_short_circuit_operator']) retrieved from /home/airflow/.local/lib/python3.7/site-packages/airflow/example_dags/example_short_circuit_operator.py
[2023-03-09T09:49:40.433+0000] {logging_mixin.py:137} INFO - [2023-03-09T09:49:40.433+0000] {dag.py:2690} INFO - Sync 1 DAGs
[2023-03-09T09:49:40.448+0000] {logging_mixin.py:137} INFO - [2023-03-09T09:49:40.448+0000] {dag.py:3441} INFO - Setting next_dagrun for example_short_circuit_operator to 2023-03-08T09:49:40.448550+00:00, run_after=2023-03-09T09:49:40.448550+00:00
[2023-03-09T09:49:40.460+0000] {processor.py:175} INFO - Processing /home/airflow/.local/lib/python3.7/site-packages/airflow/example_dags/example_short_circuit_operator.py took 0.061 seconds
[2023-03-09T09:50:11.011+0000] {processor.py:153} INFO - Started process (PID=4415) to work on /home/airflow/.local/lib/python3.7/site-packages/airflow/example_dags/example_short_circuit_operator.py
[2023-03-09T09:50:11.013+0000] {processor.py:743} INFO - Processing file /home/airflow/.local/lib/python3.7/site-packages/airflow/example_dags/example_short_circuit_operator.py for tasks to queue
[2023-03-09T09:50:11.014+0000] {logging_mixin.py:137} INFO - [2023-03-09T09:50:11.014+0000] {dagbag.py:538} INFO - Filling up the DagBag from /home/airflow/.local/lib/python3.7/site-packages/airflow/example_dags/example_short_circuit_operator.py
[2023-03-09T09:50:11.027+0000] {processor.py:753} INFO - DAG(s) dict_keys(['example_short_circuit_operator']) retrieved from /home/airflow/.local/lib/python3.7/site-packages/airflow/example_dags/example_short_circuit_operator.py
[2023-03-09T09:50:11.046+0000] {logging_mixin.py:137} INFO - [2023-03-09T09:50:11.046+0000] {dag.py:2690} INFO - Sync 1 DAGs
[2023-03-09T09:50:11.062+0000] {logging_mixin.py:137} INFO - [2023-03-09T09:50:11.062+0000] {dag.py:3441} INFO - Setting next_dagrun for example_short_circuit_operator to 2023-03-08T09:50:11.062190+00:00, run_after=2023-03-09T09:50:11.062190+00:00
[2023-03-09T09:50:11.074+0000] {processor.py:175} INFO - Processing /home/airflow/.local/lib/python3.7/site-packages/airflow/example_dags/example_short_circuit_operator.py took 0.066 seconds
