[2023-03-09T09:02:19.819+0000] {processor.py:153} INFO - Started process (PID=67) to work on /home/airflow/.local/lib/python3.7/site-packages/airflow/example_dags/example_branch_python_dop_operator_3.py
[2023-03-09T09:02:19.823+0000] {processor.py:743} INFO - Processing file /home/airflow/.local/lib/python3.7/site-packages/airflow/example_dags/example_branch_python_dop_operator_3.py for tasks to queue
[2023-03-09T09:02:19.826+0000] {logging_mixin.py:137} INFO - [2023-03-09T09:02:19.826+0000] {dagbag.py:538} INFO - Filling up the DagBag from /home/airflow/.local/lib/python3.7/site-packages/airflow/example_dags/example_branch_python_dop_operator_3.py
[2023-03-09T09:02:19.938+0000] {processor.py:753} INFO - DAG(s) dict_keys(['example_branch_dop_operator_v3']) retrieved from /home/airflow/.local/lib/python3.7/site-packages/airflow/example_dags/example_branch_python_dop_operator_3.py
[2023-03-09T09:02:19.975+0000] {logging_mixin.py:137} INFO - [2023-03-09T09:02:19.975+0000] {dag.py:2690} INFO - Sync 1 DAGs
[2023-03-09T09:02:20.029+0000] {logging_mixin.py:137} INFO - [2023-03-09T09:02:20.029+0000] {dag.py:3441} INFO - Setting next_dagrun for example_branch_dop_operator_v3 to 2023-03-09T09:01:00+00:00, run_after=2023-03-09T09:02:00+00:00
[2023-03-09T09:02:20.148+0000] {processor.py:175} INFO - Processing /home/airflow/.local/lib/python3.7/site-packages/airflow/example_dags/example_branch_python_dop_operator_3.py took 0.333 seconds
[2023-03-09T09:02:50.423+0000] {processor.py:153} INFO - Started process (PID=133) to work on /home/airflow/.local/lib/python3.7/site-packages/airflow/example_dags/example_branch_python_dop_operator_3.py
[2023-03-09T09:02:50.425+0000] {processor.py:743} INFO - Processing file /home/airflow/.local/lib/python3.7/site-packages/airflow/example_dags/example_branch_python_dop_operator_3.py for tasks to queue
[2023-03-09T09:02:50.426+0000] {logging_mixin.py:137} INFO - [2023-03-09T09:02:50.426+0000] {dagbag.py:538} INFO - Filling up the DagBag from /home/airflow/.local/lib/python3.7/site-packages/airflow/example_dags/example_branch_python_dop_operator_3.py
[2023-03-09T09:02:50.443+0000] {processor.py:753} INFO - DAG(s) dict_keys(['example_branch_dop_operator_v3']) retrieved from /home/airflow/.local/lib/python3.7/site-packages/airflow/example_dags/example_branch_python_dop_operator_3.py
[2023-03-09T09:02:50.460+0000] {logging_mixin.py:137} INFO - [2023-03-09T09:02:50.460+0000] {dag.py:2690} INFO - Sync 1 DAGs
[2023-03-09T09:02:50.480+0000] {logging_mixin.py:137} INFO - [2023-03-09T09:02:50.480+0000] {dag.py:3441} INFO - Setting next_dagrun for example_branch_dop_operator_v3 to 2023-03-09T09:01:00+00:00, run_after=2023-03-09T09:02:00+00:00
[2023-03-09T09:02:50.491+0000] {processor.py:175} INFO - Processing /home/airflow/.local/lib/python3.7/site-packages/airflow/example_dags/example_branch_python_dop_operator_3.py took 0.070 seconds
[2023-03-09T09:03:21.134+0000] {processor.py:153} INFO - Started process (PID=214) to work on /home/airflow/.local/lib/python3.7/site-packages/airflow/example_dags/example_branch_python_dop_operator_3.py
[2023-03-09T09:03:21.136+0000] {processor.py:743} INFO - Processing file /home/airflow/.local/lib/python3.7/site-packages/airflow/example_dags/example_branch_python_dop_operator_3.py for tasks to queue
[2023-03-09T09:03:21.137+0000] {logging_mixin.py:137} INFO - [2023-03-09T09:03:21.137+0000] {dagbag.py:538} INFO - Filling up the DagBag from /home/airflow/.local/lib/python3.7/site-packages/airflow/example_dags/example_branch_python_dop_operator_3.py
[2023-03-09T09:03:21.153+0000] {processor.py:753} INFO - DAG(s) dict_keys(['example_branch_dop_operator_v3']) retrieved from /home/airflow/.local/lib/python3.7/site-packages/airflow/example_dags/example_branch_python_dop_operator_3.py
[2023-03-09T09:03:21.172+0000] {logging_mixin.py:137} INFO - [2023-03-09T09:03:21.172+0000] {dag.py:2690} INFO - Sync 1 DAGs
[2023-03-09T09:03:21.189+0000] {logging_mixin.py:137} INFO - [2023-03-09T09:03:21.189+0000] {dag.py:3441} INFO - Setting next_dagrun for example_branch_dop_operator_v3 to 2023-03-09T09:02:00+00:00, run_after=2023-03-09T09:03:00+00:00
[2023-03-09T09:03:21.200+0000] {processor.py:175} INFO - Processing /home/airflow/.local/lib/python3.7/site-packages/airflow/example_dags/example_branch_python_dop_operator_3.py took 0.068 seconds
[2023-03-09T09:03:51.307+0000] {processor.py:153} INFO - Started process (PID=279) to work on /home/airflow/.local/lib/python3.7/site-packages/airflow/example_dags/example_branch_python_dop_operator_3.py
[2023-03-09T09:03:51.308+0000] {processor.py:743} INFO - Processing file /home/airflow/.local/lib/python3.7/site-packages/airflow/example_dags/example_branch_python_dop_operator_3.py for tasks to queue
[2023-03-09T09:03:51.309+0000] {logging_mixin.py:137} INFO - [2023-03-09T09:03:51.309+0000] {dagbag.py:538} INFO - Filling up the DagBag from /home/airflow/.local/lib/python3.7/site-packages/airflow/example_dags/example_branch_python_dop_operator_3.py
[2023-03-09T09:03:51.324+0000] {processor.py:753} INFO - DAG(s) dict_keys(['example_branch_dop_operator_v3']) retrieved from /home/airflow/.local/lib/python3.7/site-packages/airflow/example_dags/example_branch_python_dop_operator_3.py
[2023-03-09T09:03:51.341+0000] {logging_mixin.py:137} INFO - [2023-03-09T09:03:51.341+0000] {dag.py:2690} INFO - Sync 1 DAGs
[2023-03-09T09:03:51.359+0000] {logging_mixin.py:137} INFO - [2023-03-09T09:03:51.359+0000] {dag.py:3441} INFO - Setting next_dagrun for example_branch_dop_operator_v3 to 2023-03-09T09:02:00+00:00, run_after=2023-03-09T09:03:00+00:00
[2023-03-09T09:03:51.370+0000] {processor.py:175} INFO - Processing /home/airflow/.local/lib/python3.7/site-packages/airflow/example_dags/example_branch_python_dop_operator_3.py took 0.065 seconds
[2023-03-09T09:20:47.968+0000] {processor.py:153} INFO - Started process (PID=67) to work on /home/airflow/.local/lib/python3.7/site-packages/airflow/example_dags/example_branch_python_dop_operator_3.py
[2023-03-09T09:20:47.982+0000] {processor.py:743} INFO - Processing file /home/airflow/.local/lib/python3.7/site-packages/airflow/example_dags/example_branch_python_dop_operator_3.py for tasks to queue
[2023-03-09T09:20:47.985+0000] {logging_mixin.py:137} INFO - [2023-03-09T09:20:47.985+0000] {dagbag.py:538} INFO - Filling up the DagBag from /home/airflow/.local/lib/python3.7/site-packages/airflow/example_dags/example_branch_python_dop_operator_3.py
[2023-03-09T09:20:48.051+0000] {processor.py:753} INFO - DAG(s) dict_keys(['example_branch_dop_operator_v3']) retrieved from /home/airflow/.local/lib/python3.7/site-packages/airflow/example_dags/example_branch_python_dop_operator_3.py
[2023-03-09T09:20:48.568+0000] {logging_mixin.py:137} INFO - [2023-03-09T09:20:48.568+0000] {manager.py:504} INFO - Created Permission View: can read on DAG:example_branch_dop_operator_v3
[2023-03-09T09:20:48.587+0000] {logging_mixin.py:137} INFO - [2023-03-09T09:20:48.586+0000] {manager.py:504} INFO - Created Permission View: can edit on DAG:example_branch_dop_operator_v3
[2023-03-09T09:20:48.600+0000] {logging_mixin.py:137} INFO - [2023-03-09T09:20:48.600+0000] {manager.py:504} INFO - Created Permission View: can delete on DAG:example_branch_dop_operator_v3
[2023-03-09T09:20:48.603+0000] {logging_mixin.py:137} INFO - [2023-03-09T09:20:48.603+0000] {dag.py:2690} INFO - Sync 1 DAGs
[2023-03-09T09:20:48.647+0000] {logging_mixin.py:137} INFO - [2023-03-09T09:20:48.647+0000] {dag.py:2711} INFO - Creating ORM DAG for example_branch_dop_operator_v3
[2023-03-09T09:20:48.709+0000] {logging_mixin.py:137} INFO - [2023-03-09T09:20:48.709+0000] {dag.py:3441} INFO - Setting next_dagrun for example_branch_dop_operator_v3 to 2023-03-09T09:19:00+00:00, run_after=2023-03-09T09:20:00+00:00
[2023-03-09T09:20:48.814+0000] {processor.py:175} INFO - Processing /home/airflow/.local/lib/python3.7/site-packages/airflow/example_dags/example_branch_python_dop_operator_3.py took 0.850 seconds
[2023-03-09T09:21:18.945+0000] {processor.py:153} INFO - Started process (PID=132) to work on /home/airflow/.local/lib/python3.7/site-packages/airflow/example_dags/example_branch_python_dop_operator_3.py
[2023-03-09T09:21:18.948+0000] {processor.py:743} INFO - Processing file /home/airflow/.local/lib/python3.7/site-packages/airflow/example_dags/example_branch_python_dop_operator_3.py for tasks to queue
[2023-03-09T09:21:18.950+0000] {logging_mixin.py:137} INFO - [2023-03-09T09:21:18.950+0000] {dagbag.py:538} INFO - Filling up the DagBag from /home/airflow/.local/lib/python3.7/site-packages/airflow/example_dags/example_branch_python_dop_operator_3.py
[2023-03-09T09:21:18.971+0000] {processor.py:753} INFO - DAG(s) dict_keys(['example_branch_dop_operator_v3']) retrieved from /home/airflow/.local/lib/python3.7/site-packages/airflow/example_dags/example_branch_python_dop_operator_3.py
[2023-03-09T09:21:19.000+0000] {logging_mixin.py:137} INFO - [2023-03-09T09:21:19.000+0000] {dag.py:2690} INFO - Sync 1 DAGs
[2023-03-09T09:21:19.030+0000] {logging_mixin.py:137} INFO - [2023-03-09T09:21:19.029+0000] {dag.py:3441} INFO - Setting next_dagrun for example_branch_dop_operator_v3 to 2023-03-09T09:20:00+00:00, run_after=2023-03-09T09:21:00+00:00
[2023-03-09T09:21:19.054+0000] {processor.py:175} INFO - Processing /home/airflow/.local/lib/python3.7/site-packages/airflow/example_dags/example_branch_python_dop_operator_3.py took 0.112 seconds
[2023-03-09T09:21:49.650+0000] {processor.py:153} INFO - Started process (PID=214) to work on /home/airflow/.local/lib/python3.7/site-packages/airflow/example_dags/example_branch_python_dop_operator_3.py
[2023-03-09T09:21:49.652+0000] {processor.py:743} INFO - Processing file /home/airflow/.local/lib/python3.7/site-packages/airflow/example_dags/example_branch_python_dop_operator_3.py for tasks to queue
[2023-03-09T09:21:49.652+0000] {logging_mixin.py:137} INFO - [2023-03-09T09:21:49.652+0000] {dagbag.py:538} INFO - Filling up the DagBag from /home/airflow/.local/lib/python3.7/site-packages/airflow/example_dags/example_branch_python_dop_operator_3.py
[2023-03-09T09:21:49.670+0000] {processor.py:753} INFO - DAG(s) dict_keys(['example_branch_dop_operator_v3']) retrieved from /home/airflow/.local/lib/python3.7/site-packages/airflow/example_dags/example_branch_python_dop_operator_3.py
[2023-03-09T09:21:49.690+0000] {logging_mixin.py:137} INFO - [2023-03-09T09:21:49.690+0000] {dag.py:2690} INFO - Sync 1 DAGs
[2023-03-09T09:21:49.714+0000] {logging_mixin.py:137} INFO - [2023-03-09T09:21:49.714+0000] {dag.py:3441} INFO - Setting next_dagrun for example_branch_dop_operator_v3 to 2023-03-09T09:20:00+00:00, run_after=2023-03-09T09:21:00+00:00
[2023-03-09T09:21:49.734+0000] {processor.py:175} INFO - Processing /home/airflow/.local/lib/python3.7/site-packages/airflow/example_dags/example_branch_python_dop_operator_3.py took 0.089 seconds
[2023-03-09T09:22:20.077+0000] {processor.py:153} INFO - Started process (PID=279) to work on /home/airflow/.local/lib/python3.7/site-packages/airflow/example_dags/example_branch_python_dop_operator_3.py
[2023-03-09T09:22:20.079+0000] {processor.py:743} INFO - Processing file /home/airflow/.local/lib/python3.7/site-packages/airflow/example_dags/example_branch_python_dop_operator_3.py for tasks to queue
[2023-03-09T09:22:20.079+0000] {logging_mixin.py:137} INFO - [2023-03-09T09:22:20.079+0000] {dagbag.py:538} INFO - Filling up the DagBag from /home/airflow/.local/lib/python3.7/site-packages/airflow/example_dags/example_branch_python_dop_operator_3.py
[2023-03-09T09:22:20.096+0000] {processor.py:753} INFO - DAG(s) dict_keys(['example_branch_dop_operator_v3']) retrieved from /home/airflow/.local/lib/python3.7/site-packages/airflow/example_dags/example_branch_python_dop_operator_3.py
[2023-03-09T09:22:20.116+0000] {logging_mixin.py:137} INFO - [2023-03-09T09:22:20.116+0000] {dag.py:2690} INFO - Sync 1 DAGs
[2023-03-09T09:22:20.134+0000] {logging_mixin.py:137} INFO - [2023-03-09T09:22:20.134+0000] {dag.py:3441} INFO - Setting next_dagrun for example_branch_dop_operator_v3 to 2023-03-09T09:21:00+00:00, run_after=2023-03-09T09:22:00+00:00
[2023-03-09T09:22:20.145+0000] {processor.py:175} INFO - Processing /home/airflow/.local/lib/python3.7/site-packages/airflow/example_dags/example_branch_python_dop_operator_3.py took 0.071 seconds
[2023-03-09T09:22:50.389+0000] {processor.py:153} INFO - Started process (PID=356) to work on /home/airflow/.local/lib/python3.7/site-packages/airflow/example_dags/example_branch_python_dop_operator_3.py
[2023-03-09T09:22:50.391+0000] {processor.py:743} INFO - Processing file /home/airflow/.local/lib/python3.7/site-packages/airflow/example_dags/example_branch_python_dop_operator_3.py for tasks to queue
[2023-03-09T09:22:50.392+0000] {logging_mixin.py:137} INFO - [2023-03-09T09:22:50.392+0000] {dagbag.py:538} INFO - Filling up the DagBag from /home/airflow/.local/lib/python3.7/site-packages/airflow/example_dags/example_branch_python_dop_operator_3.py
[2023-03-09T09:22:50.411+0000] {processor.py:753} INFO - DAG(s) dict_keys(['example_branch_dop_operator_v3']) retrieved from /home/airflow/.local/lib/python3.7/site-packages/airflow/example_dags/example_branch_python_dop_operator_3.py
[2023-03-09T09:22:50.428+0000] {logging_mixin.py:137} INFO - [2023-03-09T09:22:50.428+0000] {dag.py:2690} INFO - Sync 1 DAGs
[2023-03-09T09:22:50.447+0000] {logging_mixin.py:137} INFO - [2023-03-09T09:22:50.447+0000] {dag.py:3441} INFO - Setting next_dagrun for example_branch_dop_operator_v3 to 2023-03-09T09:21:00+00:00, run_after=2023-03-09T09:22:00+00:00
[2023-03-09T09:22:50.457+0000] {processor.py:175} INFO - Processing /home/airflow/.local/lib/python3.7/site-packages/airflow/example_dags/example_branch_python_dop_operator_3.py took 0.071 seconds
[2023-03-09T09:23:20.755+0000] {processor.py:153} INFO - Started process (PID=437) to work on /home/airflow/.local/lib/python3.7/site-packages/airflow/example_dags/example_branch_python_dop_operator_3.py
[2023-03-09T09:23:20.756+0000] {processor.py:743} INFO - Processing file /home/airflow/.local/lib/python3.7/site-packages/airflow/example_dags/example_branch_python_dop_operator_3.py for tasks to queue
[2023-03-09T09:23:20.757+0000] {logging_mixin.py:137} INFO - [2023-03-09T09:23:20.757+0000] {dagbag.py:538} INFO - Filling up the DagBag from /home/airflow/.local/lib/python3.7/site-packages/airflow/example_dags/example_branch_python_dop_operator_3.py
[2023-03-09T09:23:20.774+0000] {processor.py:753} INFO - DAG(s) dict_keys(['example_branch_dop_operator_v3']) retrieved from /home/airflow/.local/lib/python3.7/site-packages/airflow/example_dags/example_branch_python_dop_operator_3.py
[2023-03-09T09:23:20.798+0000] {logging_mixin.py:137} INFO - [2023-03-09T09:23:20.797+0000] {dag.py:2690} INFO - Sync 1 DAGs
[2023-03-09T09:23:20.819+0000] {logging_mixin.py:137} INFO - [2023-03-09T09:23:20.819+0000] {dag.py:3441} INFO - Setting next_dagrun for example_branch_dop_operator_v3 to 2023-03-09T09:22:00+00:00, run_after=2023-03-09T09:23:00+00:00
[2023-03-09T09:23:20.848+0000] {processor.py:175} INFO - Processing /home/airflow/.local/lib/python3.7/site-packages/airflow/example_dags/example_branch_python_dop_operator_3.py took 0.096 seconds
[2023-03-09T09:23:50.884+0000] {processor.py:153} INFO - Started process (PID=510) to work on /home/airflow/.local/lib/python3.7/site-packages/airflow/example_dags/example_branch_python_dop_operator_3.py
[2023-03-09T09:23:50.886+0000] {processor.py:743} INFO - Processing file /home/airflow/.local/lib/python3.7/site-packages/airflow/example_dags/example_branch_python_dop_operator_3.py for tasks to queue
[2023-03-09T09:23:50.887+0000] {logging_mixin.py:137} INFO - [2023-03-09T09:23:50.887+0000] {dagbag.py:538} INFO - Filling up the DagBag from /home/airflow/.local/lib/python3.7/site-packages/airflow/example_dags/example_branch_python_dop_operator_3.py
[2023-03-09T09:23:50.902+0000] {processor.py:753} INFO - DAG(s) dict_keys(['example_branch_dop_operator_v3']) retrieved from /home/airflow/.local/lib/python3.7/site-packages/airflow/example_dags/example_branch_python_dop_operator_3.py
[2023-03-09T09:23:50.919+0000] {logging_mixin.py:137} INFO - [2023-03-09T09:23:50.919+0000] {dag.py:2690} INFO - Sync 1 DAGs
[2023-03-09T09:23:50.939+0000] {logging_mixin.py:137} INFO - [2023-03-09T09:23:50.939+0000] {dag.py:3441} INFO - Setting next_dagrun for example_branch_dop_operator_v3 to 2023-03-09T09:22:00+00:00, run_after=2023-03-09T09:23:00+00:00
[2023-03-09T09:23:50.950+0000] {processor.py:175} INFO - Processing /home/airflow/.local/lib/python3.7/site-packages/airflow/example_dags/example_branch_python_dop_operator_3.py took 0.068 seconds
[2023-03-09T09:24:21.134+0000] {processor.py:153} INFO - Started process (PID=585) to work on /home/airflow/.local/lib/python3.7/site-packages/airflow/example_dags/example_branch_python_dop_operator_3.py
[2023-03-09T09:24:21.137+0000] {processor.py:743} INFO - Processing file /home/airflow/.local/lib/python3.7/site-packages/airflow/example_dags/example_branch_python_dop_operator_3.py for tasks to queue
[2023-03-09T09:24:21.139+0000] {logging_mixin.py:137} INFO - [2023-03-09T09:24:21.139+0000] {dagbag.py:538} INFO - Filling up the DagBag from /home/airflow/.local/lib/python3.7/site-packages/airflow/example_dags/example_branch_python_dop_operator_3.py
[2023-03-09T09:24:21.160+0000] {processor.py:753} INFO - DAG(s) dict_keys(['example_branch_dop_operator_v3']) retrieved from /home/airflow/.local/lib/python3.7/site-packages/airflow/example_dags/example_branch_python_dop_operator_3.py
[2023-03-09T09:24:21.187+0000] {logging_mixin.py:137} INFO - [2023-03-09T09:24:21.187+0000] {dag.py:2690} INFO - Sync 1 DAGs
[2023-03-09T09:24:21.208+0000] {logging_mixin.py:137} INFO - [2023-03-09T09:24:21.208+0000] {dag.py:3441} INFO - Setting next_dagrun for example_branch_dop_operator_v3 to 2023-03-09T09:23:00+00:00, run_after=2023-03-09T09:24:00+00:00
[2023-03-09T09:24:21.221+0000] {processor.py:175} INFO - Processing /home/airflow/.local/lib/python3.7/site-packages/airflow/example_dags/example_branch_python_dop_operator_3.py took 0.090 seconds
[2023-03-09T09:24:52.066+0000] {processor.py:153} INFO - Started process (PID=662) to work on /home/airflow/.local/lib/python3.7/site-packages/airflow/example_dags/example_branch_python_dop_operator_3.py
[2023-03-09T09:24:52.068+0000] {processor.py:743} INFO - Processing file /home/airflow/.local/lib/python3.7/site-packages/airflow/example_dags/example_branch_python_dop_operator_3.py for tasks to queue
[2023-03-09T09:24:52.069+0000] {logging_mixin.py:137} INFO - [2023-03-09T09:24:52.069+0000] {dagbag.py:538} INFO - Filling up the DagBag from /home/airflow/.local/lib/python3.7/site-packages/airflow/example_dags/example_branch_python_dop_operator_3.py
[2023-03-09T09:24:52.087+0000] {processor.py:753} INFO - DAG(s) dict_keys(['example_branch_dop_operator_v3']) retrieved from /home/airflow/.local/lib/python3.7/site-packages/airflow/example_dags/example_branch_python_dop_operator_3.py
[2023-03-09T09:24:52.106+0000] {logging_mixin.py:137} INFO - [2023-03-09T09:24:52.106+0000] {dag.py:2690} INFO - Sync 1 DAGs
[2023-03-09T09:24:52.127+0000] {logging_mixin.py:137} INFO - [2023-03-09T09:24:52.127+0000] {dag.py:3441} INFO - Setting next_dagrun for example_branch_dop_operator_v3 to 2023-03-09T09:23:00+00:00, run_after=2023-03-09T09:24:00+00:00
[2023-03-09T09:24:52.140+0000] {processor.py:175} INFO - Processing /home/airflow/.local/lib/python3.7/site-packages/airflow/example_dags/example_branch_python_dop_operator_3.py took 0.076 seconds
[2023-03-09T09:25:22.211+0000] {processor.py:153} INFO - Started process (PID=727) to work on /home/airflow/.local/lib/python3.7/site-packages/airflow/example_dags/example_branch_python_dop_operator_3.py
[2023-03-09T09:25:22.212+0000] {processor.py:743} INFO - Processing file /home/airflow/.local/lib/python3.7/site-packages/airflow/example_dags/example_branch_python_dop_operator_3.py for tasks to queue
[2023-03-09T09:25:22.213+0000] {logging_mixin.py:137} INFO - [2023-03-09T09:25:22.213+0000] {dagbag.py:538} INFO - Filling up the DagBag from /home/airflow/.local/lib/python3.7/site-packages/airflow/example_dags/example_branch_python_dop_operator_3.py
[2023-03-09T09:25:22.228+0000] {processor.py:753} INFO - DAG(s) dict_keys(['example_branch_dop_operator_v3']) retrieved from /home/airflow/.local/lib/python3.7/site-packages/airflow/example_dags/example_branch_python_dop_operator_3.py
[2023-03-09T09:25:22.248+0000] {logging_mixin.py:137} INFO - [2023-03-09T09:25:22.248+0000] {dag.py:2690} INFO - Sync 1 DAGs
[2023-03-09T09:25:22.268+0000] {logging_mixin.py:137} INFO - [2023-03-09T09:25:22.268+0000] {dag.py:3441} INFO - Setting next_dagrun for example_branch_dop_operator_v3 to 2023-03-09T09:24:00+00:00, run_after=2023-03-09T09:25:00+00:00
[2023-03-09T09:25:22.279+0000] {processor.py:175} INFO - Processing /home/airflow/.local/lib/python3.7/site-packages/airflow/example_dags/example_branch_python_dop_operator_3.py took 0.071 seconds
[2023-03-09T09:25:52.833+0000] {processor.py:153} INFO - Started process (PID=808) to work on /home/airflow/.local/lib/python3.7/site-packages/airflow/example_dags/example_branch_python_dop_operator_3.py
[2023-03-09T09:25:52.834+0000] {processor.py:743} INFO - Processing file /home/airflow/.local/lib/python3.7/site-packages/airflow/example_dags/example_branch_python_dop_operator_3.py for tasks to queue
[2023-03-09T09:25:52.835+0000] {logging_mixin.py:137} INFO - [2023-03-09T09:25:52.835+0000] {dagbag.py:538} INFO - Filling up the DagBag from /home/airflow/.local/lib/python3.7/site-packages/airflow/example_dags/example_branch_python_dop_operator_3.py
[2023-03-09T09:25:52.851+0000] {processor.py:753} INFO - DAG(s) dict_keys(['example_branch_dop_operator_v3']) retrieved from /home/airflow/.local/lib/python3.7/site-packages/airflow/example_dags/example_branch_python_dop_operator_3.py
[2023-03-09T09:25:52.869+0000] {logging_mixin.py:137} INFO - [2023-03-09T09:25:52.869+0000] {dag.py:2690} INFO - Sync 1 DAGs
[2023-03-09T09:25:52.887+0000] {logging_mixin.py:137} INFO - [2023-03-09T09:25:52.887+0000] {dag.py:3441} INFO - Setting next_dagrun for example_branch_dop_operator_v3 to 2023-03-09T09:24:00+00:00, run_after=2023-03-09T09:25:00+00:00
[2023-03-09T09:25:52.898+0000] {processor.py:175} INFO - Processing /home/airflow/.local/lib/python3.7/site-packages/airflow/example_dags/example_branch_python_dop_operator_3.py took 0.067 seconds
[2023-03-09T09:26:22.979+0000] {processor.py:153} INFO - Started process (PID=884) to work on /home/airflow/.local/lib/python3.7/site-packages/airflow/example_dags/example_branch_python_dop_operator_3.py
[2023-03-09T09:26:22.981+0000] {processor.py:743} INFO - Processing file /home/airflow/.local/lib/python3.7/site-packages/airflow/example_dags/example_branch_python_dop_operator_3.py for tasks to queue
[2023-03-09T09:26:22.982+0000] {logging_mixin.py:137} INFO - [2023-03-09T09:26:22.982+0000] {dagbag.py:538} INFO - Filling up the DagBag from /home/airflow/.local/lib/python3.7/site-packages/airflow/example_dags/example_branch_python_dop_operator_3.py
[2023-03-09T09:26:22.998+0000] {processor.py:753} INFO - DAG(s) dict_keys(['example_branch_dop_operator_v3']) retrieved from /home/airflow/.local/lib/python3.7/site-packages/airflow/example_dags/example_branch_python_dop_operator_3.py
[2023-03-09T09:26:23.015+0000] {logging_mixin.py:137} INFO - [2023-03-09T09:26:23.015+0000] {dag.py:2690} INFO - Sync 1 DAGs
[2023-03-09T09:26:23.033+0000] {logging_mixin.py:137} INFO - [2023-03-09T09:26:23.033+0000] {dag.py:3441} INFO - Setting next_dagrun for example_branch_dop_operator_v3 to 2023-03-09T09:25:00+00:00, run_after=2023-03-09T09:26:00+00:00
[2023-03-09T09:26:23.045+0000] {processor.py:175} INFO - Processing /home/airflow/.local/lib/python3.7/site-packages/airflow/example_dags/example_branch_python_dop_operator_3.py took 0.068 seconds
[2023-03-09T09:26:53.884+0000] {processor.py:153} INFO - Started process (PID=951) to work on /home/airflow/.local/lib/python3.7/site-packages/airflow/example_dags/example_branch_python_dop_operator_3.py
[2023-03-09T09:26:53.886+0000] {processor.py:743} INFO - Processing file /home/airflow/.local/lib/python3.7/site-packages/airflow/example_dags/example_branch_python_dop_operator_3.py for tasks to queue
[2023-03-09T09:26:53.888+0000] {logging_mixin.py:137} INFO - [2023-03-09T09:26:53.888+0000] {dagbag.py:538} INFO - Filling up the DagBag from /home/airflow/.local/lib/python3.7/site-packages/airflow/example_dags/example_branch_python_dop_operator_3.py
[2023-03-09T09:26:53.907+0000] {processor.py:753} INFO - DAG(s) dict_keys(['example_branch_dop_operator_v3']) retrieved from /home/airflow/.local/lib/python3.7/site-packages/airflow/example_dags/example_branch_python_dop_operator_3.py
[2023-03-09T09:26:53.931+0000] {logging_mixin.py:137} INFO - [2023-03-09T09:26:53.931+0000] {dag.py:2690} INFO - Sync 1 DAGs
[2023-03-09T09:26:53.951+0000] {logging_mixin.py:137} INFO - [2023-03-09T09:26:53.951+0000] {dag.py:3441} INFO - Setting next_dagrun for example_branch_dop_operator_v3 to 2023-03-09T09:25:00+00:00, run_after=2023-03-09T09:26:00+00:00
[2023-03-09T09:26:53.965+0000] {processor.py:175} INFO - Processing /home/airflow/.local/lib/python3.7/site-packages/airflow/example_dags/example_branch_python_dop_operator_3.py took 0.083 seconds
[2023-03-09T09:27:24.238+0000] {processor.py:153} INFO - Started process (PID=1033) to work on /home/airflow/.local/lib/python3.7/site-packages/airflow/example_dags/example_branch_python_dop_operator_3.py
[2023-03-09T09:27:24.240+0000] {processor.py:743} INFO - Processing file /home/airflow/.local/lib/python3.7/site-packages/airflow/example_dags/example_branch_python_dop_operator_3.py for tasks to queue
[2023-03-09T09:27:24.241+0000] {logging_mixin.py:137} INFO - [2023-03-09T09:27:24.240+0000] {dagbag.py:538} INFO - Filling up the DagBag from /home/airflow/.local/lib/python3.7/site-packages/airflow/example_dags/example_branch_python_dop_operator_3.py
[2023-03-09T09:27:24.255+0000] {processor.py:753} INFO - DAG(s) dict_keys(['example_branch_dop_operator_v3']) retrieved from /home/airflow/.local/lib/python3.7/site-packages/airflow/example_dags/example_branch_python_dop_operator_3.py
[2023-03-09T09:27:24.274+0000] {logging_mixin.py:137} INFO - [2023-03-09T09:27:24.274+0000] {dag.py:2690} INFO - Sync 1 DAGs
[2023-03-09T09:27:24.293+0000] {logging_mixin.py:137} INFO - [2023-03-09T09:27:24.293+0000] {dag.py:3441} INFO - Setting next_dagrun for example_branch_dop_operator_v3 to 2023-03-09T09:26:00+00:00, run_after=2023-03-09T09:27:00+00:00
[2023-03-09T09:27:24.304+0000] {processor.py:175} INFO - Processing /home/airflow/.local/lib/python3.7/site-packages/airflow/example_dags/example_branch_python_dop_operator_3.py took 0.068 seconds
[2023-03-09T09:27:54.404+0000] {processor.py:153} INFO - Started process (PID=1113) to work on /home/airflow/.local/lib/python3.7/site-packages/airflow/example_dags/example_branch_python_dop_operator_3.py
[2023-03-09T09:27:54.405+0000] {processor.py:743} INFO - Processing file /home/airflow/.local/lib/python3.7/site-packages/airflow/example_dags/example_branch_python_dop_operator_3.py for tasks to queue
[2023-03-09T09:27:54.406+0000] {logging_mixin.py:137} INFO - [2023-03-09T09:27:54.406+0000] {dagbag.py:538} INFO - Filling up the DagBag from /home/airflow/.local/lib/python3.7/site-packages/airflow/example_dags/example_branch_python_dop_operator_3.py
[2023-03-09T09:27:54.422+0000] {processor.py:753} INFO - DAG(s) dict_keys(['example_branch_dop_operator_v3']) retrieved from /home/airflow/.local/lib/python3.7/site-packages/airflow/example_dags/example_branch_python_dop_operator_3.py
[2023-03-09T09:27:54.439+0000] {logging_mixin.py:137} INFO - [2023-03-09T09:27:54.439+0000] {dag.py:2690} INFO - Sync 1 DAGs
[2023-03-09T09:27:54.455+0000] {logging_mixin.py:137} INFO - [2023-03-09T09:27:54.455+0000] {dag.py:3441} INFO - Setting next_dagrun for example_branch_dop_operator_v3 to 2023-03-09T09:26:00+00:00, run_after=2023-03-09T09:27:00+00:00
[2023-03-09T09:27:54.466+0000] {processor.py:175} INFO - Processing /home/airflow/.local/lib/python3.7/site-packages/airflow/example_dags/example_branch_python_dop_operator_3.py took 0.064 seconds
[2023-03-09T09:28:24.678+0000] {processor.py:153} INFO - Started process (PID=1181) to work on /home/airflow/.local/lib/python3.7/site-packages/airflow/example_dags/example_branch_python_dop_operator_3.py
[2023-03-09T09:28:24.680+0000] {processor.py:743} INFO - Processing file /home/airflow/.local/lib/python3.7/site-packages/airflow/example_dags/example_branch_python_dop_operator_3.py for tasks to queue
[2023-03-09T09:28:24.681+0000] {logging_mixin.py:137} INFO - [2023-03-09T09:28:24.681+0000] {dagbag.py:538} INFO - Filling up the DagBag from /home/airflow/.local/lib/python3.7/site-packages/airflow/example_dags/example_branch_python_dop_operator_3.py
[2023-03-09T09:28:24.699+0000] {processor.py:753} INFO - DAG(s) dict_keys(['example_branch_dop_operator_v3']) retrieved from /home/airflow/.local/lib/python3.7/site-packages/airflow/example_dags/example_branch_python_dop_operator_3.py
[2023-03-09T09:28:24.720+0000] {logging_mixin.py:137} INFO - [2023-03-09T09:28:24.719+0000] {dag.py:2690} INFO - Sync 1 DAGs
[2023-03-09T09:28:24.737+0000] {logging_mixin.py:137} INFO - [2023-03-09T09:28:24.736+0000] {dag.py:3441} INFO - Setting next_dagrun for example_branch_dop_operator_v3 to 2023-03-09T09:27:00+00:00, run_after=2023-03-09T09:28:00+00:00
[2023-03-09T09:28:24.748+0000] {processor.py:175} INFO - Processing /home/airflow/.local/lib/python3.7/site-packages/airflow/example_dags/example_branch_python_dop_operator_3.py took 0.072 seconds
[2023-03-09T09:28:55.212+0000] {processor.py:153} INFO - Started process (PID=1261) to work on /home/airflow/.local/lib/python3.7/site-packages/airflow/example_dags/example_branch_python_dop_operator_3.py
[2023-03-09T09:28:55.214+0000] {processor.py:743} INFO - Processing file /home/airflow/.local/lib/python3.7/site-packages/airflow/example_dags/example_branch_python_dop_operator_3.py for tasks to queue
[2023-03-09T09:28:55.215+0000] {logging_mixin.py:137} INFO - [2023-03-09T09:28:55.215+0000] {dagbag.py:538} INFO - Filling up the DagBag from /home/airflow/.local/lib/python3.7/site-packages/airflow/example_dags/example_branch_python_dop_operator_3.py
[2023-03-09T09:28:55.230+0000] {processor.py:753} INFO - DAG(s) dict_keys(['example_branch_dop_operator_v3']) retrieved from /home/airflow/.local/lib/python3.7/site-packages/airflow/example_dags/example_branch_python_dop_operator_3.py
[2023-03-09T09:28:55.248+0000] {logging_mixin.py:137} INFO - [2023-03-09T09:28:55.248+0000] {dag.py:2690} INFO - Sync 1 DAGs
[2023-03-09T09:28:55.265+0000] {logging_mixin.py:137} INFO - [2023-03-09T09:28:55.265+0000] {dag.py:3441} INFO - Setting next_dagrun for example_branch_dop_operator_v3 to 2023-03-09T09:27:00+00:00, run_after=2023-03-09T09:28:00+00:00
[2023-03-09T09:28:55.278+0000] {processor.py:175} INFO - Processing /home/airflow/.local/lib/python3.7/site-packages/airflow/example_dags/example_branch_python_dop_operator_3.py took 0.068 seconds
[2023-03-09T09:29:25.469+0000] {processor.py:153} INFO - Started process (PID=1340) to work on /home/airflow/.local/lib/python3.7/site-packages/airflow/example_dags/example_branch_python_dop_operator_3.py
[2023-03-09T09:29:25.470+0000] {processor.py:743} INFO - Processing file /home/airflow/.local/lib/python3.7/site-packages/airflow/example_dags/example_branch_python_dop_operator_3.py for tasks to queue
[2023-03-09T09:29:25.471+0000] {logging_mixin.py:137} INFO - [2023-03-09T09:29:25.471+0000] {dagbag.py:538} INFO - Filling up the DagBag from /home/airflow/.local/lib/python3.7/site-packages/airflow/example_dags/example_branch_python_dop_operator_3.py
[2023-03-09T09:29:25.485+0000] {processor.py:753} INFO - DAG(s) dict_keys(['example_branch_dop_operator_v3']) retrieved from /home/airflow/.local/lib/python3.7/site-packages/airflow/example_dags/example_branch_python_dop_operator_3.py
[2023-03-09T09:29:25.504+0000] {logging_mixin.py:137} INFO - [2023-03-09T09:29:25.504+0000] {dag.py:2690} INFO - Sync 1 DAGs
[2023-03-09T09:29:25.521+0000] {logging_mixin.py:137} INFO - [2023-03-09T09:29:25.521+0000] {dag.py:3441} INFO - Setting next_dagrun for example_branch_dop_operator_v3 to 2023-03-09T09:28:00+00:00, run_after=2023-03-09T09:29:00+00:00
[2023-03-09T09:29:25.532+0000] {processor.py:175} INFO - Processing /home/airflow/.local/lib/python3.7/site-packages/airflow/example_dags/example_branch_python_dop_operator_3.py took 0.065 seconds
[2023-03-09T09:29:55.753+0000] {processor.py:153} INFO - Started process (PID=1409) to work on /home/airflow/.local/lib/python3.7/site-packages/airflow/example_dags/example_branch_python_dop_operator_3.py
[2023-03-09T09:29:55.756+0000] {processor.py:743} INFO - Processing file /home/airflow/.local/lib/python3.7/site-packages/airflow/example_dags/example_branch_python_dop_operator_3.py for tasks to queue
[2023-03-09T09:29:55.757+0000] {logging_mixin.py:137} INFO - [2023-03-09T09:29:55.756+0000] {dagbag.py:538} INFO - Filling up the DagBag from /home/airflow/.local/lib/python3.7/site-packages/airflow/example_dags/example_branch_python_dop_operator_3.py
[2023-03-09T09:29:55.772+0000] {processor.py:753} INFO - DAG(s) dict_keys(['example_branch_dop_operator_v3']) retrieved from /home/airflow/.local/lib/python3.7/site-packages/airflow/example_dags/example_branch_python_dop_operator_3.py
[2023-03-09T09:29:55.791+0000] {logging_mixin.py:137} INFO - [2023-03-09T09:29:55.791+0000] {dag.py:2690} INFO - Sync 1 DAGs
[2023-03-09T09:29:55.809+0000] {logging_mixin.py:137} INFO - [2023-03-09T09:29:55.809+0000] {dag.py:3441} INFO - Setting next_dagrun for example_branch_dop_operator_v3 to 2023-03-09T09:28:00+00:00, run_after=2023-03-09T09:29:00+00:00
[2023-03-09T09:29:55.819+0000] {processor.py:175} INFO - Processing /home/airflow/.local/lib/python3.7/site-packages/airflow/example_dags/example_branch_python_dop_operator_3.py took 0.069 seconds
[2023-03-09T09:30:26.346+0000] {processor.py:153} INFO - Started process (PID=1489) to work on /home/airflow/.local/lib/python3.7/site-packages/airflow/example_dags/example_branch_python_dop_operator_3.py
[2023-03-09T09:30:26.351+0000] {processor.py:743} INFO - Processing file /home/airflow/.local/lib/python3.7/site-packages/airflow/example_dags/example_branch_python_dop_operator_3.py for tasks to queue
[2023-03-09T09:30:26.353+0000] {logging_mixin.py:137} INFO - [2023-03-09T09:30:26.353+0000] {dagbag.py:538} INFO - Filling up the DagBag from /home/airflow/.local/lib/python3.7/site-packages/airflow/example_dags/example_branch_python_dop_operator_3.py
[2023-03-09T09:30:26.385+0000] {processor.py:753} INFO - DAG(s) dict_keys(['example_branch_dop_operator_v3']) retrieved from /home/airflow/.local/lib/python3.7/site-packages/airflow/example_dags/example_branch_python_dop_operator_3.py
[2023-03-09T09:30:26.408+0000] {logging_mixin.py:137} INFO - [2023-03-09T09:30:26.408+0000] {dag.py:2690} INFO - Sync 1 DAGs
[2023-03-09T09:30:26.427+0000] {logging_mixin.py:137} INFO - [2023-03-09T09:30:26.427+0000] {dag.py:3441} INFO - Setting next_dagrun for example_branch_dop_operator_v3 to 2023-03-09T09:29:00+00:00, run_after=2023-03-09T09:30:00+00:00
[2023-03-09T09:30:26.438+0000] {processor.py:175} INFO - Processing /home/airflow/.local/lib/python3.7/site-packages/airflow/example_dags/example_branch_python_dop_operator_3.py took 0.095 seconds
[2023-03-09T09:30:56.731+0000] {processor.py:153} INFO - Started process (PID=1569) to work on /home/airflow/.local/lib/python3.7/site-packages/airflow/example_dags/example_branch_python_dop_operator_3.py
[2023-03-09T09:30:56.733+0000] {processor.py:743} INFO - Processing file /home/airflow/.local/lib/python3.7/site-packages/airflow/example_dags/example_branch_python_dop_operator_3.py for tasks to queue
[2023-03-09T09:30:56.735+0000] {logging_mixin.py:137} INFO - [2023-03-09T09:30:56.735+0000] {dagbag.py:538} INFO - Filling up the DagBag from /home/airflow/.local/lib/python3.7/site-packages/airflow/example_dags/example_branch_python_dop_operator_3.py
[2023-03-09T09:30:56.756+0000] {processor.py:753} INFO - DAG(s) dict_keys(['example_branch_dop_operator_v3']) retrieved from /home/airflow/.local/lib/python3.7/site-packages/airflow/example_dags/example_branch_python_dop_operator_3.py
[2023-03-09T09:30:56.783+0000] {logging_mixin.py:137} INFO - [2023-03-09T09:30:56.783+0000] {dag.py:2690} INFO - Sync 1 DAGs
[2023-03-09T09:30:56.806+0000] {logging_mixin.py:137} INFO - [2023-03-09T09:30:56.806+0000] {dag.py:3441} INFO - Setting next_dagrun for example_branch_dop_operator_v3 to 2023-03-09T09:29:00+00:00, run_after=2023-03-09T09:30:00+00:00
[2023-03-09T09:30:56.820+0000] {processor.py:175} INFO - Processing /home/airflow/.local/lib/python3.7/site-packages/airflow/example_dags/example_branch_python_dop_operator_3.py took 0.091 seconds
[2023-03-09T09:31:27.122+0000] {processor.py:153} INFO - Started process (PID=1637) to work on /home/airflow/.local/lib/python3.7/site-packages/airflow/example_dags/example_branch_python_dop_operator_3.py
[2023-03-09T09:31:27.124+0000] {processor.py:743} INFO - Processing file /home/airflow/.local/lib/python3.7/site-packages/airflow/example_dags/example_branch_python_dop_operator_3.py for tasks to queue
[2023-03-09T09:31:27.125+0000] {logging_mixin.py:137} INFO - [2023-03-09T09:31:27.125+0000] {dagbag.py:538} INFO - Filling up the DagBag from /home/airflow/.local/lib/python3.7/site-packages/airflow/example_dags/example_branch_python_dop_operator_3.py
[2023-03-09T09:31:27.140+0000] {processor.py:753} INFO - DAG(s) dict_keys(['example_branch_dop_operator_v3']) retrieved from /home/airflow/.local/lib/python3.7/site-packages/airflow/example_dags/example_branch_python_dop_operator_3.py
[2023-03-09T09:31:27.158+0000] {logging_mixin.py:137} INFO - [2023-03-09T09:31:27.158+0000] {dag.py:2690} INFO - Sync 1 DAGs
[2023-03-09T09:31:27.177+0000] {logging_mixin.py:137} INFO - [2023-03-09T09:31:27.176+0000] {dag.py:3441} INFO - Setting next_dagrun for example_branch_dop_operator_v3 to 2023-03-09T09:30:00+00:00, run_after=2023-03-09T09:31:00+00:00
[2023-03-09T09:31:27.187+0000] {processor.py:175} INFO - Processing /home/airflow/.local/lib/python3.7/site-packages/airflow/example_dags/example_branch_python_dop_operator_3.py took 0.067 seconds
[2023-03-09T09:31:57.368+0000] {processor.py:153} INFO - Started process (PID=1720) to work on /home/airflow/.local/lib/python3.7/site-packages/airflow/example_dags/example_branch_python_dop_operator_3.py
[2023-03-09T09:31:57.370+0000] {processor.py:743} INFO - Processing file /home/airflow/.local/lib/python3.7/site-packages/airflow/example_dags/example_branch_python_dop_operator_3.py for tasks to queue
[2023-03-09T09:31:57.371+0000] {logging_mixin.py:137} INFO - [2023-03-09T09:31:57.371+0000] {dagbag.py:538} INFO - Filling up the DagBag from /home/airflow/.local/lib/python3.7/site-packages/airflow/example_dags/example_branch_python_dop_operator_3.py
[2023-03-09T09:31:57.386+0000] {processor.py:753} INFO - DAG(s) dict_keys(['example_branch_dop_operator_v3']) retrieved from /home/airflow/.local/lib/python3.7/site-packages/airflow/example_dags/example_branch_python_dop_operator_3.py
[2023-03-09T09:31:57.404+0000] {logging_mixin.py:137} INFO - [2023-03-09T09:31:57.404+0000] {dag.py:2690} INFO - Sync 1 DAGs
[2023-03-09T09:31:57.421+0000] {logging_mixin.py:137} INFO - [2023-03-09T09:31:57.421+0000] {dag.py:3441} INFO - Setting next_dagrun for example_branch_dop_operator_v3 to 2023-03-09T09:30:00+00:00, run_after=2023-03-09T09:31:00+00:00
[2023-03-09T09:31:57.432+0000] {processor.py:175} INFO - Processing /home/airflow/.local/lib/python3.7/site-packages/airflow/example_dags/example_branch_python_dop_operator_3.py took 0.067 seconds
[2023-03-09T09:32:27.581+0000] {processor.py:153} INFO - Started process (PID=1799) to work on /home/airflow/.local/lib/python3.7/site-packages/airflow/example_dags/example_branch_python_dop_operator_3.py
[2023-03-09T09:32:27.583+0000] {processor.py:743} INFO - Processing file /home/airflow/.local/lib/python3.7/site-packages/airflow/example_dags/example_branch_python_dop_operator_3.py for tasks to queue
[2023-03-09T09:32:27.584+0000] {logging_mixin.py:137} INFO - [2023-03-09T09:32:27.584+0000] {dagbag.py:538} INFO - Filling up the DagBag from /home/airflow/.local/lib/python3.7/site-packages/airflow/example_dags/example_branch_python_dop_operator_3.py
[2023-03-09T09:32:27.602+0000] {processor.py:753} INFO - DAG(s) dict_keys(['example_branch_dop_operator_v3']) retrieved from /home/airflow/.local/lib/python3.7/site-packages/airflow/example_dags/example_branch_python_dop_operator_3.py
[2023-03-09T09:32:27.622+0000] {logging_mixin.py:137} INFO - [2023-03-09T09:32:27.622+0000] {dag.py:2690} INFO - Sync 1 DAGs
[2023-03-09T09:32:27.646+0000] {logging_mixin.py:137} INFO - [2023-03-09T09:32:27.645+0000] {dag.py:3441} INFO - Setting next_dagrun for example_branch_dop_operator_v3 to 2023-03-09T09:31:00+00:00, run_after=2023-03-09T09:32:00+00:00
[2023-03-09T09:32:27.659+0000] {processor.py:175} INFO - Processing /home/airflow/.local/lib/python3.7/site-packages/airflow/example_dags/example_branch_python_dop_operator_3.py took 0.080 seconds
[2023-03-09T09:32:57.864+0000] {processor.py:153} INFO - Started process (PID=1869) to work on /home/airflow/.local/lib/python3.7/site-packages/airflow/example_dags/example_branch_python_dop_operator_3.py
[2023-03-09T09:32:57.865+0000] {processor.py:743} INFO - Processing file /home/airflow/.local/lib/python3.7/site-packages/airflow/example_dags/example_branch_python_dop_operator_3.py for tasks to queue
[2023-03-09T09:32:57.866+0000] {logging_mixin.py:137} INFO - [2023-03-09T09:32:57.866+0000] {dagbag.py:538} INFO - Filling up the DagBag from /home/airflow/.local/lib/python3.7/site-packages/airflow/example_dags/example_branch_python_dop_operator_3.py
[2023-03-09T09:32:57.881+0000] {processor.py:753} INFO - DAG(s) dict_keys(['example_branch_dop_operator_v3']) retrieved from /home/airflow/.local/lib/python3.7/site-packages/airflow/example_dags/example_branch_python_dop_operator_3.py
[2023-03-09T09:32:57.899+0000] {logging_mixin.py:137} INFO - [2023-03-09T09:32:57.899+0000] {dag.py:2690} INFO - Sync 1 DAGs
[2023-03-09T09:32:57.918+0000] {logging_mixin.py:137} INFO - [2023-03-09T09:32:57.918+0000] {dag.py:3441} INFO - Setting next_dagrun for example_branch_dop_operator_v3 to 2023-03-09T09:31:00+00:00, run_after=2023-03-09T09:32:00+00:00
[2023-03-09T09:32:57.929+0000] {processor.py:175} INFO - Processing /home/airflow/.local/lib/python3.7/site-packages/airflow/example_dags/example_branch_python_dop_operator_3.py took 0.067 seconds
[2023-03-09T09:33:28.113+0000] {processor.py:153} INFO - Started process (PID=1948) to work on /home/airflow/.local/lib/python3.7/site-packages/airflow/example_dags/example_branch_python_dop_operator_3.py
[2023-03-09T09:33:28.115+0000] {processor.py:743} INFO - Processing file /home/airflow/.local/lib/python3.7/site-packages/airflow/example_dags/example_branch_python_dop_operator_3.py for tasks to queue
[2023-03-09T09:33:28.116+0000] {logging_mixin.py:137} INFO - [2023-03-09T09:33:28.116+0000] {dagbag.py:538} INFO - Filling up the DagBag from /home/airflow/.local/lib/python3.7/site-packages/airflow/example_dags/example_branch_python_dop_operator_3.py
[2023-03-09T09:33:28.132+0000] {processor.py:753} INFO - DAG(s) dict_keys(['example_branch_dop_operator_v3']) retrieved from /home/airflow/.local/lib/python3.7/site-packages/airflow/example_dags/example_branch_python_dop_operator_3.py
[2023-03-09T09:33:28.149+0000] {logging_mixin.py:137} INFO - [2023-03-09T09:33:28.149+0000] {dag.py:2690} INFO - Sync 1 DAGs
[2023-03-09T09:33:28.168+0000] {logging_mixin.py:137} INFO - [2023-03-09T09:33:28.168+0000] {dag.py:3441} INFO - Setting next_dagrun for example_branch_dop_operator_v3 to 2023-03-09T09:32:00+00:00, run_after=2023-03-09T09:33:00+00:00
[2023-03-09T09:33:28.179+0000] {processor.py:175} INFO - Processing /home/airflow/.local/lib/python3.7/site-packages/airflow/example_dags/example_branch_python_dop_operator_3.py took 0.068 seconds
[2023-03-09T09:33:58.259+0000] {processor.py:153} INFO - Started process (PID=2011) to work on /home/airflow/.local/lib/python3.7/site-packages/airflow/example_dags/example_branch_python_dop_operator_3.py
[2023-03-09T09:33:58.260+0000] {processor.py:743} INFO - Processing file /home/airflow/.local/lib/python3.7/site-packages/airflow/example_dags/example_branch_python_dop_operator_3.py for tasks to queue
[2023-03-09T09:33:58.261+0000] {logging_mixin.py:137} INFO - [2023-03-09T09:33:58.261+0000] {dagbag.py:538} INFO - Filling up the DagBag from /home/airflow/.local/lib/python3.7/site-packages/airflow/example_dags/example_branch_python_dop_operator_3.py
[2023-03-09T09:33:58.277+0000] {processor.py:753} INFO - DAG(s) dict_keys(['example_branch_dop_operator_v3']) retrieved from /home/airflow/.local/lib/python3.7/site-packages/airflow/example_dags/example_branch_python_dop_operator_3.py
[2023-03-09T09:33:58.296+0000] {logging_mixin.py:137} INFO - [2023-03-09T09:33:58.296+0000] {dag.py:2690} INFO - Sync 1 DAGs
[2023-03-09T09:33:58.313+0000] {logging_mixin.py:137} INFO - [2023-03-09T09:33:58.313+0000] {dag.py:3441} INFO - Setting next_dagrun for example_branch_dop_operator_v3 to 2023-03-09T09:32:00+00:00, run_after=2023-03-09T09:33:00+00:00
[2023-03-09T09:33:58.324+0000] {processor.py:175} INFO - Processing /home/airflow/.local/lib/python3.7/site-packages/airflow/example_dags/example_branch_python_dop_operator_3.py took 0.068 seconds
[2023-03-09T09:34:28.868+0000] {processor.py:153} INFO - Started process (PID=2085) to work on /home/airflow/.local/lib/python3.7/site-packages/airflow/example_dags/example_branch_python_dop_operator_3.py
[2023-03-09T09:34:28.870+0000] {processor.py:743} INFO - Processing file /home/airflow/.local/lib/python3.7/site-packages/airflow/example_dags/example_branch_python_dop_operator_3.py for tasks to queue
[2023-03-09T09:34:28.871+0000] {logging_mixin.py:137} INFO - [2023-03-09T09:34:28.871+0000] {dagbag.py:538} INFO - Filling up the DagBag from /home/airflow/.local/lib/python3.7/site-packages/airflow/example_dags/example_branch_python_dop_operator_3.py
[2023-03-09T09:34:28.887+0000] {processor.py:753} INFO - DAG(s) dict_keys(['example_branch_dop_operator_v3']) retrieved from /home/airflow/.local/lib/python3.7/site-packages/airflow/example_dags/example_branch_python_dop_operator_3.py
[2023-03-09T09:34:28.905+0000] {logging_mixin.py:137} INFO - [2023-03-09T09:34:28.905+0000] {dag.py:2690} INFO - Sync 1 DAGs
[2023-03-09T09:34:28.924+0000] {logging_mixin.py:137} INFO - [2023-03-09T09:34:28.924+0000] {dag.py:3441} INFO - Setting next_dagrun for example_branch_dop_operator_v3 to 2023-03-09T09:33:00+00:00, run_after=2023-03-09T09:34:00+00:00
[2023-03-09T09:34:28.936+0000] {processor.py:175} INFO - Processing /home/airflow/.local/lib/python3.7/site-packages/airflow/example_dags/example_branch_python_dop_operator_3.py took 0.070 seconds
[2023-03-09T09:34:59.056+0000] {processor.py:153} INFO - Started process (PID=2162) to work on /home/airflow/.local/lib/python3.7/site-packages/airflow/example_dags/example_branch_python_dop_operator_3.py
[2023-03-09T09:34:59.057+0000] {processor.py:743} INFO - Processing file /home/airflow/.local/lib/python3.7/site-packages/airflow/example_dags/example_branch_python_dop_operator_3.py for tasks to queue
[2023-03-09T09:34:59.058+0000] {logging_mixin.py:137} INFO - [2023-03-09T09:34:59.058+0000] {dagbag.py:538} INFO - Filling up the DagBag from /home/airflow/.local/lib/python3.7/site-packages/airflow/example_dags/example_branch_python_dop_operator_3.py
[2023-03-09T09:34:59.073+0000] {processor.py:753} INFO - DAG(s) dict_keys(['example_branch_dop_operator_v3']) retrieved from /home/airflow/.local/lib/python3.7/site-packages/airflow/example_dags/example_branch_python_dop_operator_3.py
[2023-03-09T09:34:59.091+0000] {logging_mixin.py:137} INFO - [2023-03-09T09:34:59.091+0000] {dag.py:2690} INFO - Sync 1 DAGs
[2023-03-09T09:34:59.109+0000] {logging_mixin.py:137} INFO - [2023-03-09T09:34:59.109+0000] {dag.py:3441} INFO - Setting next_dagrun for example_branch_dop_operator_v3 to 2023-03-09T09:33:00+00:00, run_after=2023-03-09T09:34:00+00:00
[2023-03-09T09:34:59.120+0000] {processor.py:175} INFO - Processing /home/airflow/.local/lib/python3.7/site-packages/airflow/example_dags/example_branch_python_dop_operator_3.py took 0.067 seconds
[2023-03-09T09:35:29.289+0000] {processor.py:153} INFO - Started process (PID=2227) to work on /home/airflow/.local/lib/python3.7/site-packages/airflow/example_dags/example_branch_python_dop_operator_3.py
[2023-03-09T09:35:29.290+0000] {processor.py:743} INFO - Processing file /home/airflow/.local/lib/python3.7/site-packages/airflow/example_dags/example_branch_python_dop_operator_3.py for tasks to queue
[2023-03-09T09:35:29.291+0000] {logging_mixin.py:137} INFO - [2023-03-09T09:35:29.291+0000] {dagbag.py:538} INFO - Filling up the DagBag from /home/airflow/.local/lib/python3.7/site-packages/airflow/example_dags/example_branch_python_dop_operator_3.py
[2023-03-09T09:35:29.319+0000] {processor.py:753} INFO - DAG(s) dict_keys(['example_branch_dop_operator_v3']) retrieved from /home/airflow/.local/lib/python3.7/site-packages/airflow/example_dags/example_branch_python_dop_operator_3.py
[2023-03-09T09:35:29.344+0000] {logging_mixin.py:137} INFO - [2023-03-09T09:35:29.344+0000] {dag.py:2690} INFO - Sync 1 DAGs
[2023-03-09T09:35:29.370+0000] {logging_mixin.py:137} INFO - [2023-03-09T09:35:29.370+0000] {dag.py:3441} INFO - Setting next_dagrun for example_branch_dop_operator_v3 to 2023-03-09T09:34:00+00:00, run_after=2023-03-09T09:35:00+00:00
[2023-03-09T09:35:29.387+0000] {processor.py:175} INFO - Processing /home/airflow/.local/lib/python3.7/site-packages/airflow/example_dags/example_branch_python_dop_operator_3.py took 0.101 seconds
[2023-03-09T09:35:59.761+0000] {processor.py:153} INFO - Started process (PID=2304) to work on /home/airflow/.local/lib/python3.7/site-packages/airflow/example_dags/example_branch_python_dop_operator_3.py
[2023-03-09T09:35:59.763+0000] {processor.py:743} INFO - Processing file /home/airflow/.local/lib/python3.7/site-packages/airflow/example_dags/example_branch_python_dop_operator_3.py for tasks to queue
[2023-03-09T09:35:59.764+0000] {logging_mixin.py:137} INFO - [2023-03-09T09:35:59.764+0000] {dagbag.py:538} INFO - Filling up the DagBag from /home/airflow/.local/lib/python3.7/site-packages/airflow/example_dags/example_branch_python_dop_operator_3.py
[2023-03-09T09:35:59.779+0000] {processor.py:753} INFO - DAG(s) dict_keys(['example_branch_dop_operator_v3']) retrieved from /home/airflow/.local/lib/python3.7/site-packages/airflow/example_dags/example_branch_python_dop_operator_3.py
[2023-03-09T09:35:59.797+0000] {logging_mixin.py:137} INFO - [2023-03-09T09:35:59.797+0000] {dag.py:2690} INFO - Sync 1 DAGs
[2023-03-09T09:35:59.815+0000] {logging_mixin.py:137} INFO - [2023-03-09T09:35:59.815+0000] {dag.py:3441} INFO - Setting next_dagrun for example_branch_dop_operator_v3 to 2023-03-09T09:34:00+00:00, run_after=2023-03-09T09:35:00+00:00
[2023-03-09T09:35:59.827+0000] {processor.py:175} INFO - Processing /home/airflow/.local/lib/python3.7/site-packages/airflow/example_dags/example_branch_python_dop_operator_3.py took 0.068 seconds
[2023-03-09T09:36:30.193+0000] {processor.py:153} INFO - Started process (PID=2383) to work on /home/airflow/.local/lib/python3.7/site-packages/airflow/example_dags/example_branch_python_dop_operator_3.py
[2023-03-09T09:36:30.195+0000] {processor.py:743} INFO - Processing file /home/airflow/.local/lib/python3.7/site-packages/airflow/example_dags/example_branch_python_dop_operator_3.py for tasks to queue
[2023-03-09T09:36:30.196+0000] {logging_mixin.py:137} INFO - [2023-03-09T09:36:30.196+0000] {dagbag.py:538} INFO - Filling up the DagBag from /home/airflow/.local/lib/python3.7/site-packages/airflow/example_dags/example_branch_python_dop_operator_3.py
[2023-03-09T09:36:30.212+0000] {processor.py:753} INFO - DAG(s) dict_keys(['example_branch_dop_operator_v3']) retrieved from /home/airflow/.local/lib/python3.7/site-packages/airflow/example_dags/example_branch_python_dop_operator_3.py
[2023-03-09T09:36:30.229+0000] {logging_mixin.py:137} INFO - [2023-03-09T09:36:30.229+0000] {dag.py:2690} INFO - Sync 1 DAGs
[2023-03-09T09:36:30.248+0000] {logging_mixin.py:137} INFO - [2023-03-09T09:36:30.248+0000] {dag.py:3441} INFO - Setting next_dagrun for example_branch_dop_operator_v3 to 2023-03-09T09:35:00+00:00, run_after=2023-03-09T09:36:00+00:00
[2023-03-09T09:36:30.260+0000] {processor.py:175} INFO - Processing /home/airflow/.local/lib/python3.7/site-packages/airflow/example_dags/example_branch_python_dop_operator_3.py took 0.073 seconds
[2023-03-09T09:37:00.345+0000] {processor.py:153} INFO - Started process (PID=2448) to work on /home/airflow/.local/lib/python3.7/site-packages/airflow/example_dags/example_branch_python_dop_operator_3.py
[2023-03-09T09:37:00.347+0000] {processor.py:743} INFO - Processing file /home/airflow/.local/lib/python3.7/site-packages/airflow/example_dags/example_branch_python_dop_operator_3.py for tasks to queue
[2023-03-09T09:37:00.348+0000] {logging_mixin.py:137} INFO - [2023-03-09T09:37:00.348+0000] {dagbag.py:538} INFO - Filling up the DagBag from /home/airflow/.local/lib/python3.7/site-packages/airflow/example_dags/example_branch_python_dop_operator_3.py
[2023-03-09T09:37:00.362+0000] {processor.py:753} INFO - DAG(s) dict_keys(['example_branch_dop_operator_v3']) retrieved from /home/airflow/.local/lib/python3.7/site-packages/airflow/example_dags/example_branch_python_dop_operator_3.py
[2023-03-09T09:37:00.380+0000] {logging_mixin.py:137} INFO - [2023-03-09T09:37:00.380+0000] {dag.py:2690} INFO - Sync 1 DAGs
[2023-03-09T09:37:00.396+0000] {logging_mixin.py:137} INFO - [2023-03-09T09:37:00.396+0000] {dag.py:3441} INFO - Setting next_dagrun for example_branch_dop_operator_v3 to 2023-03-09T09:36:00+00:00, run_after=2023-03-09T09:37:00+00:00
[2023-03-09T09:37:00.407+0000] {processor.py:175} INFO - Processing /home/airflow/.local/lib/python3.7/site-packages/airflow/example_dags/example_branch_python_dop_operator_3.py took 0.064 seconds
[2023-03-09T09:37:30.759+0000] {processor.py:153} INFO - Started process (PID=2528) to work on /home/airflow/.local/lib/python3.7/site-packages/airflow/example_dags/example_branch_python_dop_operator_3.py
[2023-03-09T09:37:30.761+0000] {processor.py:743} INFO - Processing file /home/airflow/.local/lib/python3.7/site-packages/airflow/example_dags/example_branch_python_dop_operator_3.py for tasks to queue
[2023-03-09T09:37:30.762+0000] {logging_mixin.py:137} INFO - [2023-03-09T09:37:30.762+0000] {dagbag.py:538} INFO - Filling up the DagBag from /home/airflow/.local/lib/python3.7/site-packages/airflow/example_dags/example_branch_python_dop_operator_3.py
[2023-03-09T09:37:30.779+0000] {processor.py:753} INFO - DAG(s) dict_keys(['example_branch_dop_operator_v3']) retrieved from /home/airflow/.local/lib/python3.7/site-packages/airflow/example_dags/example_branch_python_dop_operator_3.py
[2023-03-09T09:37:30.799+0000] {logging_mixin.py:137} INFO - [2023-03-09T09:37:30.799+0000] {dag.py:2690} INFO - Sync 1 DAGs
[2023-03-09T09:37:30.818+0000] {logging_mixin.py:137} INFO - [2023-03-09T09:37:30.818+0000] {dag.py:3441} INFO - Setting next_dagrun for example_branch_dop_operator_v3 to 2023-03-09T09:36:00+00:00, run_after=2023-03-09T09:37:00+00:00
[2023-03-09T09:37:30.829+0000] {processor.py:175} INFO - Processing /home/airflow/.local/lib/python3.7/site-packages/airflow/example_dags/example_branch_python_dop_operator_3.py took 0.072 seconds
[2023-03-09T09:38:00.977+0000] {processor.py:153} INFO - Started process (PID=2607) to work on /home/airflow/.local/lib/python3.7/site-packages/airflow/example_dags/example_branch_python_dop_operator_3.py
[2023-03-09T09:38:00.979+0000] {processor.py:743} INFO - Processing file /home/airflow/.local/lib/python3.7/site-packages/airflow/example_dags/example_branch_python_dop_operator_3.py for tasks to queue
[2023-03-09T09:38:00.980+0000] {logging_mixin.py:137} INFO - [2023-03-09T09:38:00.980+0000] {dagbag.py:538} INFO - Filling up the DagBag from /home/airflow/.local/lib/python3.7/site-packages/airflow/example_dags/example_branch_python_dop_operator_3.py
[2023-03-09T09:38:00.997+0000] {processor.py:753} INFO - DAG(s) dict_keys(['example_branch_dop_operator_v3']) retrieved from /home/airflow/.local/lib/python3.7/site-packages/airflow/example_dags/example_branch_python_dop_operator_3.py
[2023-03-09T09:38:01.016+0000] {logging_mixin.py:137} INFO - [2023-03-09T09:38:01.016+0000] {dag.py:2690} INFO - Sync 1 DAGs
[2023-03-09T09:38:01.036+0000] {logging_mixin.py:137} INFO - [2023-03-09T09:38:01.036+0000] {dag.py:3441} INFO - Setting next_dagrun for example_branch_dop_operator_v3 to 2023-03-09T09:37:00+00:00, run_after=2023-03-09T09:38:00+00:00
[2023-03-09T09:38:01.051+0000] {processor.py:175} INFO - Processing /home/airflow/.local/lib/python3.7/site-packages/airflow/example_dags/example_branch_python_dop_operator_3.py took 0.076 seconds
[2023-03-09T09:38:31.135+0000] {processor.py:153} INFO - Started process (PID=2672) to work on /home/airflow/.local/lib/python3.7/site-packages/airflow/example_dags/example_branch_python_dop_operator_3.py
[2023-03-09T09:38:31.137+0000] {processor.py:743} INFO - Processing file /home/airflow/.local/lib/python3.7/site-packages/airflow/example_dags/example_branch_python_dop_operator_3.py for tasks to queue
[2023-03-09T09:38:31.138+0000] {logging_mixin.py:137} INFO - [2023-03-09T09:38:31.138+0000] {dagbag.py:538} INFO - Filling up the DagBag from /home/airflow/.local/lib/python3.7/site-packages/airflow/example_dags/example_branch_python_dop_operator_3.py
[2023-03-09T09:38:31.153+0000] {processor.py:753} INFO - DAG(s) dict_keys(['example_branch_dop_operator_v3']) retrieved from /home/airflow/.local/lib/python3.7/site-packages/airflow/example_dags/example_branch_python_dop_operator_3.py
[2023-03-09T09:38:31.172+0000] {logging_mixin.py:137} INFO - [2023-03-09T09:38:31.172+0000] {dag.py:2690} INFO - Sync 1 DAGs
[2023-03-09T09:38:31.192+0000] {logging_mixin.py:137} INFO - [2023-03-09T09:38:31.191+0000] {dag.py:3441} INFO - Setting next_dagrun for example_branch_dop_operator_v3 to 2023-03-09T09:37:00+00:00, run_after=2023-03-09T09:38:00+00:00
[2023-03-09T09:38:31.204+0000] {processor.py:175} INFO - Processing /home/airflow/.local/lib/python3.7/site-packages/airflow/example_dags/example_branch_python_dop_operator_3.py took 0.071 seconds
[2023-03-09T09:39:01.454+0000] {processor.py:153} INFO - Started process (PID=2756) to work on /home/airflow/.local/lib/python3.7/site-packages/airflow/example_dags/example_branch_python_dop_operator_3.py
[2023-03-09T09:39:01.457+0000] {processor.py:743} INFO - Processing file /home/airflow/.local/lib/python3.7/site-packages/airflow/example_dags/example_branch_python_dop_operator_3.py for tasks to queue
[2023-03-09T09:39:01.458+0000] {logging_mixin.py:137} INFO - [2023-03-09T09:39:01.458+0000] {dagbag.py:538} INFO - Filling up the DagBag from /home/airflow/.local/lib/python3.7/site-packages/airflow/example_dags/example_branch_python_dop_operator_3.py
[2023-03-09T09:39:01.474+0000] {processor.py:753} INFO - DAG(s) dict_keys(['example_branch_dop_operator_v3']) retrieved from /home/airflow/.local/lib/python3.7/site-packages/airflow/example_dags/example_branch_python_dop_operator_3.py
[2023-03-09T09:39:01.493+0000] {logging_mixin.py:137} INFO - [2023-03-09T09:39:01.492+0000] {dag.py:2690} INFO - Sync 1 DAGs
[2023-03-09T09:39:01.513+0000] {logging_mixin.py:137} INFO - [2023-03-09T09:39:01.513+0000] {dag.py:3441} INFO - Setting next_dagrun for example_branch_dop_operator_v3 to 2023-03-09T09:38:00+00:00, run_after=2023-03-09T09:39:00+00:00
[2023-03-09T09:39:01.524+0000] {processor.py:175} INFO - Processing /home/airflow/.local/lib/python3.7/site-packages/airflow/example_dags/example_branch_python_dop_operator_3.py took 0.073 seconds
[2023-03-09T09:39:31.637+0000] {processor.py:153} INFO - Started process (PID=2824) to work on /home/airflow/.local/lib/python3.7/site-packages/airflow/example_dags/example_branch_python_dop_operator_3.py
[2023-03-09T09:39:31.638+0000] {processor.py:743} INFO - Processing file /home/airflow/.local/lib/python3.7/site-packages/airflow/example_dags/example_branch_python_dop_operator_3.py for tasks to queue
[2023-03-09T09:39:31.640+0000] {logging_mixin.py:137} INFO - [2023-03-09T09:39:31.639+0000] {dagbag.py:538} INFO - Filling up the DagBag from /home/airflow/.local/lib/python3.7/site-packages/airflow/example_dags/example_branch_python_dop_operator_3.py
[2023-03-09T09:39:31.654+0000] {processor.py:753} INFO - DAG(s) dict_keys(['example_branch_dop_operator_v3']) retrieved from /home/airflow/.local/lib/python3.7/site-packages/airflow/example_dags/example_branch_python_dop_operator_3.py
[2023-03-09T09:39:31.671+0000] {logging_mixin.py:137} INFO - [2023-03-09T09:39:31.671+0000] {dag.py:2690} INFO - Sync 1 DAGs
[2023-03-09T09:39:31.687+0000] {logging_mixin.py:137} INFO - [2023-03-09T09:39:31.687+0000] {dag.py:3441} INFO - Setting next_dagrun for example_branch_dop_operator_v3 to 2023-03-09T09:38:00+00:00, run_after=2023-03-09T09:39:00+00:00
[2023-03-09T09:39:31.698+0000] {processor.py:175} INFO - Processing /home/airflow/.local/lib/python3.7/site-packages/airflow/example_dags/example_branch_python_dop_operator_3.py took 0.064 seconds
[2023-03-09T09:40:02.043+0000] {processor.py:153} INFO - Started process (PID=2905) to work on /home/airflow/.local/lib/python3.7/site-packages/airflow/example_dags/example_branch_python_dop_operator_3.py
[2023-03-09T09:40:02.045+0000] {processor.py:743} INFO - Processing file /home/airflow/.local/lib/python3.7/site-packages/airflow/example_dags/example_branch_python_dop_operator_3.py for tasks to queue
[2023-03-09T09:40:02.046+0000] {logging_mixin.py:137} INFO - [2023-03-09T09:40:02.046+0000] {dagbag.py:538} INFO - Filling up the DagBag from /home/airflow/.local/lib/python3.7/site-packages/airflow/example_dags/example_branch_python_dop_operator_3.py
[2023-03-09T09:40:02.061+0000] {processor.py:753} INFO - DAG(s) dict_keys(['example_branch_dop_operator_v3']) retrieved from /home/airflow/.local/lib/python3.7/site-packages/airflow/example_dags/example_branch_python_dop_operator_3.py
[2023-03-09T09:40:02.079+0000] {logging_mixin.py:137} INFO - [2023-03-09T09:40:02.079+0000] {dag.py:2690} INFO - Sync 1 DAGs
[2023-03-09T09:40:02.097+0000] {logging_mixin.py:137} INFO - [2023-03-09T09:40:02.097+0000] {dag.py:3441} INFO - Setting next_dagrun for example_branch_dop_operator_v3 to 2023-03-09T09:39:00+00:00, run_after=2023-03-09T09:40:00+00:00
[2023-03-09T09:40:02.108+0000] {processor.py:175} INFO - Processing /home/airflow/.local/lib/python3.7/site-packages/airflow/example_dags/example_branch_python_dop_operator_3.py took 0.067 seconds
[2023-03-09T09:40:32.195+0000] {processor.py:153} INFO - Started process (PID=2983) to work on /home/airflow/.local/lib/python3.7/site-packages/airflow/example_dags/example_branch_python_dop_operator_3.py
[2023-03-09T09:40:32.197+0000] {processor.py:743} INFO - Processing file /home/airflow/.local/lib/python3.7/site-packages/airflow/example_dags/example_branch_python_dop_operator_3.py for tasks to queue
[2023-03-09T09:40:32.198+0000] {logging_mixin.py:137} INFO - [2023-03-09T09:40:32.198+0000] {dagbag.py:538} INFO - Filling up the DagBag from /home/airflow/.local/lib/python3.7/site-packages/airflow/example_dags/example_branch_python_dop_operator_3.py
[2023-03-09T09:40:32.213+0000] {processor.py:753} INFO - DAG(s) dict_keys(['example_branch_dop_operator_v3']) retrieved from /home/airflow/.local/lib/python3.7/site-packages/airflow/example_dags/example_branch_python_dop_operator_3.py
[2023-03-09T09:40:32.230+0000] {logging_mixin.py:137} INFO - [2023-03-09T09:40:32.230+0000] {dag.py:2690} INFO - Sync 1 DAGs
[2023-03-09T09:40:32.248+0000] {logging_mixin.py:137} INFO - [2023-03-09T09:40:32.248+0000] {dag.py:3441} INFO - Setting next_dagrun for example_branch_dop_operator_v3 to 2023-03-09T09:39:00+00:00, run_after=2023-03-09T09:40:00+00:00
[2023-03-09T09:40:32.260+0000] {processor.py:175} INFO - Processing /home/airflow/.local/lib/python3.7/site-packages/airflow/example_dags/example_branch_python_dop_operator_3.py took 0.068 seconds
[2023-03-09T09:41:02.322+0000] {processor.py:153} INFO - Started process (PID=3051) to work on /home/airflow/.local/lib/python3.7/site-packages/airflow/example_dags/example_branch_python_dop_operator_3.py
[2023-03-09T09:41:02.324+0000] {processor.py:743} INFO - Processing file /home/airflow/.local/lib/python3.7/site-packages/airflow/example_dags/example_branch_python_dop_operator_3.py for tasks to queue
[2023-03-09T09:41:02.324+0000] {logging_mixin.py:137} INFO - [2023-03-09T09:41:02.324+0000] {dagbag.py:538} INFO - Filling up the DagBag from /home/airflow/.local/lib/python3.7/site-packages/airflow/example_dags/example_branch_python_dop_operator_3.py
[2023-03-09T09:41:02.339+0000] {processor.py:753} INFO - DAG(s) dict_keys(['example_branch_dop_operator_v3']) retrieved from /home/airflow/.local/lib/python3.7/site-packages/airflow/example_dags/example_branch_python_dop_operator_3.py
[2023-03-09T09:41:02.358+0000] {logging_mixin.py:137} INFO - [2023-03-09T09:41:02.358+0000] {dag.py:2690} INFO - Sync 1 DAGs
[2023-03-09T09:41:02.376+0000] {logging_mixin.py:137} INFO - [2023-03-09T09:41:02.376+0000] {dag.py:3441} INFO - Setting next_dagrun for example_branch_dop_operator_v3 to 2023-03-09T09:40:00+00:00, run_after=2023-03-09T09:41:00+00:00
[2023-03-09T09:41:02.388+0000] {processor.py:175} INFO - Processing /home/airflow/.local/lib/python3.7/site-packages/airflow/example_dags/example_branch_python_dop_operator_3.py took 0.068 seconds
[2023-03-09T09:41:33.342+0000] {processor.py:153} INFO - Started process (PID=3128) to work on /home/airflow/.local/lib/python3.7/site-packages/airflow/example_dags/example_branch_python_dop_operator_3.py
[2023-03-09T09:41:33.343+0000] {processor.py:743} INFO - Processing file /home/airflow/.local/lib/python3.7/site-packages/airflow/example_dags/example_branch_python_dop_operator_3.py for tasks to queue
[2023-03-09T09:41:33.344+0000] {logging_mixin.py:137} INFO - [2023-03-09T09:41:33.344+0000] {dagbag.py:538} INFO - Filling up the DagBag from /home/airflow/.local/lib/python3.7/site-packages/airflow/example_dags/example_branch_python_dop_operator_3.py
[2023-03-09T09:41:33.360+0000] {processor.py:753} INFO - DAG(s) dict_keys(['example_branch_dop_operator_v3']) retrieved from /home/airflow/.local/lib/python3.7/site-packages/airflow/example_dags/example_branch_python_dop_operator_3.py
[2023-03-09T09:41:33.379+0000] {logging_mixin.py:137} INFO - [2023-03-09T09:41:33.379+0000] {dag.py:2690} INFO - Sync 1 DAGs
[2023-03-09T09:41:33.396+0000] {logging_mixin.py:137} INFO - [2023-03-09T09:41:33.396+0000] {dag.py:3441} INFO - Setting next_dagrun for example_branch_dop_operator_v3 to 2023-03-09T09:40:00+00:00, run_after=2023-03-09T09:41:00+00:00
[2023-03-09T09:41:33.407+0000] {processor.py:175} INFO - Processing /home/airflow/.local/lib/python3.7/site-packages/airflow/example_dags/example_branch_python_dop_operator_3.py took 0.068 seconds
[2023-03-09T09:42:03.796+0000] {processor.py:153} INFO - Started process (PID=3206) to work on /home/airflow/.local/lib/python3.7/site-packages/airflow/example_dags/example_branch_python_dop_operator_3.py
[2023-03-09T09:42:03.798+0000] {processor.py:743} INFO - Processing file /home/airflow/.local/lib/python3.7/site-packages/airflow/example_dags/example_branch_python_dop_operator_3.py for tasks to queue
[2023-03-09T09:42:03.800+0000] {logging_mixin.py:137} INFO - [2023-03-09T09:42:03.800+0000] {dagbag.py:538} INFO - Filling up the DagBag from /home/airflow/.local/lib/python3.7/site-packages/airflow/example_dags/example_branch_python_dop_operator_3.py
[2023-03-09T09:42:03.820+0000] {processor.py:753} INFO - DAG(s) dict_keys(['example_branch_dop_operator_v3']) retrieved from /home/airflow/.local/lib/python3.7/site-packages/airflow/example_dags/example_branch_python_dop_operator_3.py
[2023-03-09T09:42:03.879+0000] {logging_mixin.py:137} INFO - [2023-03-09T09:42:03.878+0000] {dag.py:2690} INFO - Sync 1 DAGs
[2023-03-09T09:42:03.906+0000] {logging_mixin.py:137} INFO - [2023-03-09T09:42:03.906+0000] {dag.py:3441} INFO - Setting next_dagrun for example_branch_dop_operator_v3 to 2023-03-09T09:41:00+00:00, run_after=2023-03-09T09:42:00+00:00
[2023-03-09T09:42:03.927+0000] {processor.py:175} INFO - Processing /home/airflow/.local/lib/python3.7/site-packages/airflow/example_dags/example_branch_python_dop_operator_3.py took 0.135 seconds
[2023-03-09T09:42:34.029+0000] {processor.py:153} INFO - Started process (PID=3273) to work on /home/airflow/.local/lib/python3.7/site-packages/airflow/example_dags/example_branch_python_dop_operator_3.py
[2023-03-09T09:42:34.031+0000] {processor.py:743} INFO - Processing file /home/airflow/.local/lib/python3.7/site-packages/airflow/example_dags/example_branch_python_dop_operator_3.py for tasks to queue
[2023-03-09T09:42:34.032+0000] {logging_mixin.py:137} INFO - [2023-03-09T09:42:34.032+0000] {dagbag.py:538} INFO - Filling up the DagBag from /home/airflow/.local/lib/python3.7/site-packages/airflow/example_dags/example_branch_python_dop_operator_3.py
[2023-03-09T09:42:34.048+0000] {processor.py:753} INFO - DAG(s) dict_keys(['example_branch_dop_operator_v3']) retrieved from /home/airflow/.local/lib/python3.7/site-packages/airflow/example_dags/example_branch_python_dop_operator_3.py
[2023-03-09T09:42:34.066+0000] {logging_mixin.py:137} INFO - [2023-03-09T09:42:34.065+0000] {dag.py:2690} INFO - Sync 1 DAGs
[2023-03-09T09:42:34.082+0000] {logging_mixin.py:137} INFO - [2023-03-09T09:42:34.082+0000] {dag.py:3441} INFO - Setting next_dagrun for example_branch_dop_operator_v3 to 2023-03-09T09:41:00+00:00, run_after=2023-03-09T09:42:00+00:00
[2023-03-09T09:42:34.094+0000] {processor.py:175} INFO - Processing /home/airflow/.local/lib/python3.7/site-packages/airflow/example_dags/example_branch_python_dop_operator_3.py took 0.067 seconds
[2023-03-09T09:43:04.466+0000] {processor.py:153} INFO - Started process (PID=3351) to work on /home/airflow/.local/lib/python3.7/site-packages/airflow/example_dags/example_branch_python_dop_operator_3.py
[2023-03-09T09:43:04.467+0000] {processor.py:743} INFO - Processing file /home/airflow/.local/lib/python3.7/site-packages/airflow/example_dags/example_branch_python_dop_operator_3.py for tasks to queue
[2023-03-09T09:43:04.468+0000] {logging_mixin.py:137} INFO - [2023-03-09T09:43:04.468+0000] {dagbag.py:538} INFO - Filling up the DagBag from /home/airflow/.local/lib/python3.7/site-packages/airflow/example_dags/example_branch_python_dop_operator_3.py
[2023-03-09T09:43:04.486+0000] {processor.py:753} INFO - DAG(s) dict_keys(['example_branch_dop_operator_v3']) retrieved from /home/airflow/.local/lib/python3.7/site-packages/airflow/example_dags/example_branch_python_dop_operator_3.py
[2023-03-09T09:43:04.509+0000] {logging_mixin.py:137} INFO - [2023-03-09T09:43:04.509+0000] {dag.py:2690} INFO - Sync 1 DAGs
[2023-03-09T09:43:04.526+0000] {logging_mixin.py:137} INFO - [2023-03-09T09:43:04.526+0000] {dag.py:3441} INFO - Setting next_dagrun for example_branch_dop_operator_v3 to 2023-03-09T09:42:00+00:00, run_after=2023-03-09T09:43:00+00:00
[2023-03-09T09:43:04.537+0000] {processor.py:175} INFO - Processing /home/airflow/.local/lib/python3.7/site-packages/airflow/example_dags/example_branch_python_dop_operator_3.py took 0.074 seconds
[2023-03-09T09:43:34.793+0000] {processor.py:153} INFO - Started process (PID=3419) to work on /home/airflow/.local/lib/python3.7/site-packages/airflow/example_dags/example_branch_python_dop_operator_3.py
[2023-03-09T09:43:34.795+0000] {processor.py:743} INFO - Processing file /home/airflow/.local/lib/python3.7/site-packages/airflow/example_dags/example_branch_python_dop_operator_3.py for tasks to queue
[2023-03-09T09:43:34.796+0000] {logging_mixin.py:137} INFO - [2023-03-09T09:43:34.796+0000] {dagbag.py:538} INFO - Filling up the DagBag from /home/airflow/.local/lib/python3.7/site-packages/airflow/example_dags/example_branch_python_dop_operator_3.py
[2023-03-09T09:43:34.813+0000] {processor.py:753} INFO - DAG(s) dict_keys(['example_branch_dop_operator_v3']) retrieved from /home/airflow/.local/lib/python3.7/site-packages/airflow/example_dags/example_branch_python_dop_operator_3.py
[2023-03-09T09:43:34.830+0000] {logging_mixin.py:137} INFO - [2023-03-09T09:43:34.830+0000] {dag.py:2690} INFO - Sync 1 DAGs
[2023-03-09T09:43:34.850+0000] {logging_mixin.py:137} INFO - [2023-03-09T09:43:34.850+0000] {dag.py:3441} INFO - Setting next_dagrun for example_branch_dop_operator_v3 to 2023-03-09T09:42:00+00:00, run_after=2023-03-09T09:43:00+00:00
[2023-03-09T09:43:34.861+0000] {processor.py:175} INFO - Processing /home/airflow/.local/lib/python3.7/site-packages/airflow/example_dags/example_branch_python_dop_operator_3.py took 0.070 seconds
[2023-03-09T09:44:05.279+0000] {processor.py:153} INFO - Started process (PID=3500) to work on /home/airflow/.local/lib/python3.7/site-packages/airflow/example_dags/example_branch_python_dop_operator_3.py
[2023-03-09T09:44:05.281+0000] {processor.py:743} INFO - Processing file /home/airflow/.local/lib/python3.7/site-packages/airflow/example_dags/example_branch_python_dop_operator_3.py for tasks to queue
[2023-03-09T09:44:05.282+0000] {logging_mixin.py:137} INFO - [2023-03-09T09:44:05.282+0000] {dagbag.py:538} INFO - Filling up the DagBag from /home/airflow/.local/lib/python3.7/site-packages/airflow/example_dags/example_branch_python_dop_operator_3.py
[2023-03-09T09:44:05.298+0000] {processor.py:753} INFO - DAG(s) dict_keys(['example_branch_dop_operator_v3']) retrieved from /home/airflow/.local/lib/python3.7/site-packages/airflow/example_dags/example_branch_python_dop_operator_3.py
[2023-03-09T09:44:05.318+0000] {logging_mixin.py:137} INFO - [2023-03-09T09:44:05.318+0000] {dag.py:2690} INFO - Sync 1 DAGs
[2023-03-09T09:44:05.339+0000] {logging_mixin.py:137} INFO - [2023-03-09T09:44:05.339+0000] {dag.py:3441} INFO - Setting next_dagrun for example_branch_dop_operator_v3 to 2023-03-09T09:43:00+00:00, run_after=2023-03-09T09:44:00+00:00
[2023-03-09T09:44:05.352+0000] {processor.py:175} INFO - Processing /home/airflow/.local/lib/python3.7/site-packages/airflow/example_dags/example_branch_python_dop_operator_3.py took 0.076 seconds
[2023-03-09T09:44:35.548+0000] {processor.py:153} INFO - Started process (PID=3582) to work on /home/airflow/.local/lib/python3.7/site-packages/airflow/example_dags/example_branch_python_dop_operator_3.py
[2023-03-09T09:44:35.549+0000] {processor.py:743} INFO - Processing file /home/airflow/.local/lib/python3.7/site-packages/airflow/example_dags/example_branch_python_dop_operator_3.py for tasks to queue
[2023-03-09T09:44:35.550+0000] {logging_mixin.py:137} INFO - [2023-03-09T09:44:35.550+0000] {dagbag.py:538} INFO - Filling up the DagBag from /home/airflow/.local/lib/python3.7/site-packages/airflow/example_dags/example_branch_python_dop_operator_3.py
[2023-03-09T09:44:35.565+0000] {processor.py:753} INFO - DAG(s) dict_keys(['example_branch_dop_operator_v3']) retrieved from /home/airflow/.local/lib/python3.7/site-packages/airflow/example_dags/example_branch_python_dop_operator_3.py
[2023-03-09T09:44:35.583+0000] {logging_mixin.py:137} INFO - [2023-03-09T09:44:35.583+0000] {dag.py:2690} INFO - Sync 1 DAGs
[2023-03-09T09:44:35.601+0000] {logging_mixin.py:137} INFO - [2023-03-09T09:44:35.601+0000] {dag.py:3441} INFO - Setting next_dagrun for example_branch_dop_operator_v3 to 2023-03-09T09:43:00+00:00, run_after=2023-03-09T09:44:00+00:00
[2023-03-09T09:44:35.611+0000] {processor.py:175} INFO - Processing /home/airflow/.local/lib/python3.7/site-packages/airflow/example_dags/example_branch_python_dop_operator_3.py took 0.066 seconds
[2023-03-09T09:45:05.759+0000] {processor.py:153} INFO - Started process (PID=3648) to work on /home/airflow/.local/lib/python3.7/site-packages/airflow/example_dags/example_branch_python_dop_operator_3.py
[2023-03-09T09:45:05.760+0000] {processor.py:743} INFO - Processing file /home/airflow/.local/lib/python3.7/site-packages/airflow/example_dags/example_branch_python_dop_operator_3.py for tasks to queue
[2023-03-09T09:45:05.761+0000] {logging_mixin.py:137} INFO - [2023-03-09T09:45:05.761+0000] {dagbag.py:538} INFO - Filling up the DagBag from /home/airflow/.local/lib/python3.7/site-packages/airflow/example_dags/example_branch_python_dop_operator_3.py
[2023-03-09T09:45:05.777+0000] {processor.py:753} INFO - DAG(s) dict_keys(['example_branch_dop_operator_v3']) retrieved from /home/airflow/.local/lib/python3.7/site-packages/airflow/example_dags/example_branch_python_dop_operator_3.py
[2023-03-09T09:45:05.797+0000] {logging_mixin.py:137} INFO - [2023-03-09T09:45:05.796+0000] {dag.py:2690} INFO - Sync 1 DAGs
[2023-03-09T09:45:05.819+0000] {logging_mixin.py:137} INFO - [2023-03-09T09:45:05.819+0000] {dag.py:3441} INFO - Setting next_dagrun for example_branch_dop_operator_v3 to 2023-03-09T09:44:00+00:00, run_after=2023-03-09T09:45:00+00:00
[2023-03-09T09:45:05.833+0000] {processor.py:175} INFO - Processing /home/airflow/.local/lib/python3.7/site-packages/airflow/example_dags/example_branch_python_dop_operator_3.py took 0.077 seconds
[2023-03-09T09:45:36.259+0000] {processor.py:153} INFO - Started process (PID=3726) to work on /home/airflow/.local/lib/python3.7/site-packages/airflow/example_dags/example_branch_python_dop_operator_3.py
[2023-03-09T09:45:36.261+0000] {processor.py:743} INFO - Processing file /home/airflow/.local/lib/python3.7/site-packages/airflow/example_dags/example_branch_python_dop_operator_3.py for tasks to queue
[2023-03-09T09:45:36.263+0000] {logging_mixin.py:137} INFO - [2023-03-09T09:45:36.263+0000] {dagbag.py:538} INFO - Filling up the DagBag from /home/airflow/.local/lib/python3.7/site-packages/airflow/example_dags/example_branch_python_dop_operator_3.py
[2023-03-09T09:45:36.279+0000] {processor.py:753} INFO - DAG(s) dict_keys(['example_branch_dop_operator_v3']) retrieved from /home/airflow/.local/lib/python3.7/site-packages/airflow/example_dags/example_branch_python_dop_operator_3.py
[2023-03-09T09:45:36.297+0000] {logging_mixin.py:137} INFO - [2023-03-09T09:45:36.297+0000] {dag.py:2690} INFO - Sync 1 DAGs
[2023-03-09T09:45:36.315+0000] {logging_mixin.py:137} INFO - [2023-03-09T09:45:36.315+0000] {dag.py:3441} INFO - Setting next_dagrun for example_branch_dop_operator_v3 to 2023-03-09T09:44:00+00:00, run_after=2023-03-09T09:45:00+00:00
[2023-03-09T09:45:36.326+0000] {processor.py:175} INFO - Processing /home/airflow/.local/lib/python3.7/site-packages/airflow/example_dags/example_branch_python_dop_operator_3.py took 0.069 seconds
[2023-03-09T09:46:06.370+0000] {processor.py:153} INFO - Started process (PID=3810) to work on /home/airflow/.local/lib/python3.7/site-packages/airflow/example_dags/example_branch_python_dop_operator_3.py
[2023-03-09T09:46:06.371+0000] {processor.py:743} INFO - Processing file /home/airflow/.local/lib/python3.7/site-packages/airflow/example_dags/example_branch_python_dop_operator_3.py for tasks to queue
[2023-03-09T09:46:06.372+0000] {logging_mixin.py:137} INFO - [2023-03-09T09:46:06.372+0000] {dagbag.py:538} INFO - Filling up the DagBag from /home/airflow/.local/lib/python3.7/site-packages/airflow/example_dags/example_branch_python_dop_operator_3.py
[2023-03-09T09:46:06.388+0000] {processor.py:753} INFO - DAG(s) dict_keys(['example_branch_dop_operator_v3']) retrieved from /home/airflow/.local/lib/python3.7/site-packages/airflow/example_dags/example_branch_python_dop_operator_3.py
[2023-03-09T09:46:06.406+0000] {logging_mixin.py:137} INFO - [2023-03-09T09:46:06.406+0000] {dag.py:2690} INFO - Sync 1 DAGs
[2023-03-09T09:46:06.424+0000] {logging_mixin.py:137} INFO - [2023-03-09T09:46:06.424+0000] {dag.py:3441} INFO - Setting next_dagrun for example_branch_dop_operator_v3 to 2023-03-09T09:45:00+00:00, run_after=2023-03-09T09:46:00+00:00
[2023-03-09T09:46:06.437+0000] {processor.py:175} INFO - Processing /home/airflow/.local/lib/python3.7/site-packages/airflow/example_dags/example_branch_python_dop_operator_3.py took 0.069 seconds
[2023-03-09T09:46:36.801+0000] {processor.py:153} INFO - Started process (PID=3875) to work on /home/airflow/.local/lib/python3.7/site-packages/airflow/example_dags/example_branch_python_dop_operator_3.py
[2023-03-09T09:46:36.802+0000] {processor.py:743} INFO - Processing file /home/airflow/.local/lib/python3.7/site-packages/airflow/example_dags/example_branch_python_dop_operator_3.py for tasks to queue
[2023-03-09T09:46:36.803+0000] {logging_mixin.py:137} INFO - [2023-03-09T09:46:36.803+0000] {dagbag.py:538} INFO - Filling up the DagBag from /home/airflow/.local/lib/python3.7/site-packages/airflow/example_dags/example_branch_python_dop_operator_3.py
[2023-03-09T09:46:36.818+0000] {processor.py:753} INFO - DAG(s) dict_keys(['example_branch_dop_operator_v3']) retrieved from /home/airflow/.local/lib/python3.7/site-packages/airflow/example_dags/example_branch_python_dop_operator_3.py
[2023-03-09T09:46:36.836+0000] {logging_mixin.py:137} INFO - [2023-03-09T09:46:36.836+0000] {dag.py:2690} INFO - Sync 1 DAGs
[2023-03-09T09:46:36.854+0000] {logging_mixin.py:137} INFO - [2023-03-09T09:46:36.853+0000] {dag.py:3441} INFO - Setting next_dagrun for example_branch_dop_operator_v3 to 2023-03-09T09:45:00+00:00, run_after=2023-03-09T09:46:00+00:00
[2023-03-09T09:46:36.866+0000] {processor.py:175} INFO - Processing /home/airflow/.local/lib/python3.7/site-packages/airflow/example_dags/example_branch_python_dop_operator_3.py took 0.068 seconds
[2023-03-09T09:47:07.239+0000] {processor.py:153} INFO - Started process (PID=3958) to work on /home/airflow/.local/lib/python3.7/site-packages/airflow/example_dags/example_branch_python_dop_operator_3.py
[2023-03-09T09:47:07.241+0000] {processor.py:743} INFO - Processing file /home/airflow/.local/lib/python3.7/site-packages/airflow/example_dags/example_branch_python_dop_operator_3.py for tasks to queue
[2023-03-09T09:47:07.243+0000] {logging_mixin.py:137} INFO - [2023-03-09T09:47:07.243+0000] {dagbag.py:538} INFO - Filling up the DagBag from /home/airflow/.local/lib/python3.7/site-packages/airflow/example_dags/example_branch_python_dop_operator_3.py
[2023-03-09T09:47:07.258+0000] {processor.py:753} INFO - DAG(s) dict_keys(['example_branch_dop_operator_v3']) retrieved from /home/airflow/.local/lib/python3.7/site-packages/airflow/example_dags/example_branch_python_dop_operator_3.py
[2023-03-09T09:47:07.276+0000] {logging_mixin.py:137} INFO - [2023-03-09T09:47:07.276+0000] {dag.py:2690} INFO - Sync 1 DAGs
[2023-03-09T09:47:07.295+0000] {logging_mixin.py:137} INFO - [2023-03-09T09:47:07.294+0000] {dag.py:3441} INFO - Setting next_dagrun for example_branch_dop_operator_v3 to 2023-03-09T09:46:00+00:00, run_after=2023-03-09T09:47:00+00:00
[2023-03-09T09:47:07.305+0000] {processor.py:175} INFO - Processing /home/airflow/.local/lib/python3.7/site-packages/airflow/example_dags/example_branch_python_dop_operator_3.py took 0.068 seconds
[2023-03-09T09:47:37.646+0000] {processor.py:153} INFO - Started process (PID=4037) to work on /home/airflow/.local/lib/python3.7/site-packages/airflow/example_dags/example_branch_python_dop_operator_3.py
[2023-03-09T09:47:37.649+0000] {processor.py:743} INFO - Processing file /home/airflow/.local/lib/python3.7/site-packages/airflow/example_dags/example_branch_python_dop_operator_3.py for tasks to queue
[2023-03-09T09:47:37.650+0000] {logging_mixin.py:137} INFO - [2023-03-09T09:47:37.650+0000] {dagbag.py:538} INFO - Filling up the DagBag from /home/airflow/.local/lib/python3.7/site-packages/airflow/example_dags/example_branch_python_dop_operator_3.py
[2023-03-09T09:47:37.676+0000] {processor.py:753} INFO - DAG(s) dict_keys(['example_branch_dop_operator_v3']) retrieved from /home/airflow/.local/lib/python3.7/site-packages/airflow/example_dags/example_branch_python_dop_operator_3.py
[2023-03-09T09:47:37.696+0000] {logging_mixin.py:137} INFO - [2023-03-09T09:47:37.696+0000] {dag.py:2690} INFO - Sync 1 DAGs
[2023-03-09T09:47:37.717+0000] {logging_mixin.py:137} INFO - [2023-03-09T09:47:37.717+0000] {dag.py:3441} INFO - Setting next_dagrun for example_branch_dop_operator_v3 to 2023-03-09T09:46:00+00:00, run_after=2023-03-09T09:47:00+00:00
[2023-03-09T09:47:37.735+0000] {processor.py:175} INFO - Processing /home/airflow/.local/lib/python3.7/site-packages/airflow/example_dags/example_branch_python_dop_operator_3.py took 0.094 seconds
[2023-03-09T09:48:07.923+0000] {processor.py:153} INFO - Started process (PID=4101) to work on /home/airflow/.local/lib/python3.7/site-packages/airflow/example_dags/example_branch_python_dop_operator_3.py
[2023-03-09T09:48:07.924+0000] {processor.py:743} INFO - Processing file /home/airflow/.local/lib/python3.7/site-packages/airflow/example_dags/example_branch_python_dop_operator_3.py for tasks to queue
[2023-03-09T09:48:07.925+0000] {logging_mixin.py:137} INFO - [2023-03-09T09:48:07.925+0000] {dagbag.py:538} INFO - Filling up the DagBag from /home/airflow/.local/lib/python3.7/site-packages/airflow/example_dags/example_branch_python_dop_operator_3.py
[2023-03-09T09:48:07.941+0000] {processor.py:753} INFO - DAG(s) dict_keys(['example_branch_dop_operator_v3']) retrieved from /home/airflow/.local/lib/python3.7/site-packages/airflow/example_dags/example_branch_python_dop_operator_3.py
[2023-03-09T09:48:07.961+0000] {logging_mixin.py:137} INFO - [2023-03-09T09:48:07.961+0000] {dag.py:2690} INFO - Sync 1 DAGs
[2023-03-09T09:48:07.981+0000] {logging_mixin.py:137} INFO - [2023-03-09T09:48:07.981+0000] {dag.py:3441} INFO - Setting next_dagrun for example_branch_dop_operator_v3 to 2023-03-09T09:47:00+00:00, run_after=2023-03-09T09:48:00+00:00
[2023-03-09T09:48:07.992+0000] {processor.py:175} INFO - Processing /home/airflow/.local/lib/python3.7/site-packages/airflow/example_dags/example_branch_python_dop_operator_3.py took 0.072 seconds
[2023-03-09T09:48:38.203+0000] {processor.py:153} INFO - Started process (PID=4176) to work on /home/airflow/.local/lib/python3.7/site-packages/airflow/example_dags/example_branch_python_dop_operator_3.py
[2023-03-09T09:48:38.204+0000] {processor.py:743} INFO - Processing file /home/airflow/.local/lib/python3.7/site-packages/airflow/example_dags/example_branch_python_dop_operator_3.py for tasks to queue
[2023-03-09T09:48:38.206+0000] {logging_mixin.py:137} INFO - [2023-03-09T09:48:38.206+0000] {dagbag.py:538} INFO - Filling up the DagBag from /home/airflow/.local/lib/python3.7/site-packages/airflow/example_dags/example_branch_python_dop_operator_3.py
[2023-03-09T09:48:38.221+0000] {processor.py:753} INFO - DAG(s) dict_keys(['example_branch_dop_operator_v3']) retrieved from /home/airflow/.local/lib/python3.7/site-packages/airflow/example_dags/example_branch_python_dop_operator_3.py
[2023-03-09T09:48:38.239+0000] {logging_mixin.py:137} INFO - [2023-03-09T09:48:38.239+0000] {dag.py:2690} INFO - Sync 1 DAGs
[2023-03-09T09:48:38.259+0000] {logging_mixin.py:137} INFO - [2023-03-09T09:48:38.259+0000] {dag.py:3441} INFO - Setting next_dagrun for example_branch_dop_operator_v3 to 2023-03-09T09:47:00+00:00, run_after=2023-03-09T09:48:00+00:00
[2023-03-09T09:48:38.270+0000] {processor.py:175} INFO - Processing /home/airflow/.local/lib/python3.7/site-packages/airflow/example_dags/example_branch_python_dop_operator_3.py took 0.070 seconds
[2023-03-09T09:49:08.513+0000] {processor.py:153} INFO - Started process (PID=4244) to work on /home/airflow/.local/lib/python3.7/site-packages/airflow/example_dags/example_branch_python_dop_operator_3.py
[2023-03-09T09:49:08.515+0000] {processor.py:743} INFO - Processing file /home/airflow/.local/lib/python3.7/site-packages/airflow/example_dags/example_branch_python_dop_operator_3.py for tasks to queue
[2023-03-09T09:49:08.516+0000] {logging_mixin.py:137} INFO - [2023-03-09T09:49:08.516+0000] {dagbag.py:538} INFO - Filling up the DagBag from /home/airflow/.local/lib/python3.7/site-packages/airflow/example_dags/example_branch_python_dop_operator_3.py
[2023-03-09T09:49:08.539+0000] {processor.py:753} INFO - DAG(s) dict_keys(['example_branch_dop_operator_v3']) retrieved from /home/airflow/.local/lib/python3.7/site-packages/airflow/example_dags/example_branch_python_dop_operator_3.py
[2023-03-09T09:49:08.558+0000] {logging_mixin.py:137} INFO - [2023-03-09T09:49:08.558+0000] {dag.py:2690} INFO - Sync 1 DAGs
[2023-03-09T09:49:08.576+0000] {logging_mixin.py:137} INFO - [2023-03-09T09:49:08.576+0000] {dag.py:3441} INFO - Setting next_dagrun for example_branch_dop_operator_v3 to 2023-03-09T09:48:00+00:00, run_after=2023-03-09T09:49:00+00:00
[2023-03-09T09:49:08.588+0000] {processor.py:175} INFO - Processing /home/airflow/.local/lib/python3.7/site-packages/airflow/example_dags/example_branch_python_dop_operator_3.py took 0.077 seconds
[2023-03-09T09:49:38.979+0000] {processor.py:153} INFO - Started process (PID=4327) to work on /home/airflow/.local/lib/python3.7/site-packages/airflow/example_dags/example_branch_python_dop_operator_3.py
[2023-03-09T09:49:38.980+0000] {processor.py:743} INFO - Processing file /home/airflow/.local/lib/python3.7/site-packages/airflow/example_dags/example_branch_python_dop_operator_3.py for tasks to queue
[2023-03-09T09:49:38.981+0000] {logging_mixin.py:137} INFO - [2023-03-09T09:49:38.981+0000] {dagbag.py:538} INFO - Filling up the DagBag from /home/airflow/.local/lib/python3.7/site-packages/airflow/example_dags/example_branch_python_dop_operator_3.py
[2023-03-09T09:49:38.997+0000] {processor.py:753} INFO - DAG(s) dict_keys(['example_branch_dop_operator_v3']) retrieved from /home/airflow/.local/lib/python3.7/site-packages/airflow/example_dags/example_branch_python_dop_operator_3.py
[2023-03-09T09:49:39.014+0000] {logging_mixin.py:137} INFO - [2023-03-09T09:49:39.014+0000] {dag.py:2690} INFO - Sync 1 DAGs
[2023-03-09T09:49:39.033+0000] {logging_mixin.py:137} INFO - [2023-03-09T09:49:39.033+0000] {dag.py:3441} INFO - Setting next_dagrun for example_branch_dop_operator_v3 to 2023-03-09T09:48:00+00:00, run_after=2023-03-09T09:49:00+00:00
[2023-03-09T09:49:39.044+0000] {processor.py:175} INFO - Processing /home/airflow/.local/lib/python3.7/site-packages/airflow/example_dags/example_branch_python_dop_operator_3.py took 0.067 seconds
[2023-03-09T09:50:09.463+0000] {processor.py:153} INFO - Started process (PID=4406) to work on /home/airflow/.local/lib/python3.7/site-packages/airflow/example_dags/example_branch_python_dop_operator_3.py
[2023-03-09T09:50:09.466+0000] {processor.py:743} INFO - Processing file /home/airflow/.local/lib/python3.7/site-packages/airflow/example_dags/example_branch_python_dop_operator_3.py for tasks to queue
[2023-03-09T09:50:09.499+0000] {logging_mixin.py:137} INFO - [2023-03-09T09:50:09.498+0000] {dagbag.py:538} INFO - Filling up the DagBag from /home/airflow/.local/lib/python3.7/site-packages/airflow/example_dags/example_branch_python_dop_operator_3.py
[2023-03-09T09:50:09.515+0000] {processor.py:753} INFO - DAG(s) dict_keys(['example_branch_dop_operator_v3']) retrieved from /home/airflow/.local/lib/python3.7/site-packages/airflow/example_dags/example_branch_python_dop_operator_3.py
[2023-03-09T09:50:09.600+0000] {logging_mixin.py:137} INFO - [2023-03-09T09:50:09.600+0000] {dag.py:2690} INFO - Sync 1 DAGs
[2023-03-09T09:50:09.622+0000] {logging_mixin.py:137} INFO - [2023-03-09T09:50:09.622+0000] {dag.py:3441} INFO - Setting next_dagrun for example_branch_dop_operator_v3 to 2023-03-09T09:49:00+00:00, run_after=2023-03-09T09:50:00+00:00
[2023-03-09T09:50:09.657+0000] {processor.py:175} INFO - Processing /home/airflow/.local/lib/python3.7/site-packages/airflow/example_dags/example_branch_python_dop_operator_3.py took 0.197 seconds
