[2023-03-09T09:02:21.165+0000] {processor.py:153} INFO - Started process (PID=71) to work on /home/airflow/.local/lib/python3.7/site-packages/airflow/example_dags/example_task_group.py
[2023-03-09T09:02:21.170+0000] {processor.py:743} INFO - Processing file /home/airflow/.local/lib/python3.7/site-packages/airflow/example_dags/example_task_group.py for tasks to queue
[2023-03-09T09:02:21.173+0000] {logging_mixin.py:137} INFO - [2023-03-09T09:02:21.173+0000] {dagbag.py:538} INFO - Filling up the DagBag from /home/airflow/.local/lib/python3.7/site-packages/airflow/example_dags/example_task_group.py
[2023-03-09T09:02:21.250+0000] {processor.py:753} INFO - DAG(s) dict_keys(['example_task_group']) retrieved from /home/airflow/.local/lib/python3.7/site-packages/airflow/example_dags/example_task_group.py
[2023-03-09T09:02:21.298+0000] {logging_mixin.py:137} INFO - [2023-03-09T09:02:21.298+0000] {dag.py:2690} INFO - Sync 1 DAGs
[2023-03-09T09:02:21.392+0000] {logging_mixin.py:137} INFO - [2023-03-09T09:02:21.391+0000] {dag.py:3441} INFO - Setting next_dagrun for example_task_group to 2023-03-08T09:02:21.391563+00:00, run_after=2023-03-09T09:02:21.391563+00:00
[2023-03-09T09:02:21.466+0000] {processor.py:175} INFO - Processing /home/airflow/.local/lib/python3.7/site-packages/airflow/example_dags/example_task_group.py took 0.346 seconds
[2023-03-09T09:02:51.686+0000] {processor.py:153} INFO - Started process (PID=137) to work on /home/airflow/.local/lib/python3.7/site-packages/airflow/example_dags/example_task_group.py
[2023-03-09T09:02:51.688+0000] {processor.py:743} INFO - Processing file /home/airflow/.local/lib/python3.7/site-packages/airflow/example_dags/example_task_group.py for tasks to queue
[2023-03-09T09:02:51.691+0000] {logging_mixin.py:137} INFO - [2023-03-09T09:02:51.691+0000] {dagbag.py:538} INFO - Filling up the DagBag from /home/airflow/.local/lib/python3.7/site-packages/airflow/example_dags/example_task_group.py
[2023-03-09T09:02:51.703+0000] {processor.py:753} INFO - DAG(s) dict_keys(['example_task_group']) retrieved from /home/airflow/.local/lib/python3.7/site-packages/airflow/example_dags/example_task_group.py
[2023-03-09T09:02:51.721+0000] {logging_mixin.py:137} INFO - [2023-03-09T09:02:51.721+0000] {dag.py:2690} INFO - Sync 1 DAGs
[2023-03-09T09:02:51.740+0000] {logging_mixin.py:137} INFO - [2023-03-09T09:02:51.740+0000] {dag.py:3441} INFO - Setting next_dagrun for example_task_group to 2023-03-08T09:02:51.739944+00:00, run_after=2023-03-09T09:02:51.739944+00:00
[2023-03-09T09:02:51.756+0000] {processor.py:175} INFO - Processing /home/airflow/.local/lib/python3.7/site-packages/airflow/example_dags/example_task_group.py took 0.072 seconds
[2023-03-09T09:03:22.303+0000] {processor.py:153} INFO - Started process (PID=218) to work on /home/airflow/.local/lib/python3.7/site-packages/airflow/example_dags/example_task_group.py
[2023-03-09T09:03:22.305+0000] {processor.py:743} INFO - Processing file /home/airflow/.local/lib/python3.7/site-packages/airflow/example_dags/example_task_group.py for tasks to queue
[2023-03-09T09:03:22.306+0000] {logging_mixin.py:137} INFO - [2023-03-09T09:03:22.306+0000] {dagbag.py:538} INFO - Filling up the DagBag from /home/airflow/.local/lib/python3.7/site-packages/airflow/example_dags/example_task_group.py
[2023-03-09T09:03:22.316+0000] {processor.py:753} INFO - DAG(s) dict_keys(['example_task_group']) retrieved from /home/airflow/.local/lib/python3.7/site-packages/airflow/example_dags/example_task_group.py
[2023-03-09T09:03:22.333+0000] {logging_mixin.py:137} INFO - [2023-03-09T09:03:22.333+0000] {dag.py:2690} INFO - Sync 1 DAGs
[2023-03-09T09:03:22.350+0000] {logging_mixin.py:137} INFO - [2023-03-09T09:03:22.350+0000] {dag.py:3441} INFO - Setting next_dagrun for example_task_group to 2023-03-08T09:03:22.350380+00:00, run_after=2023-03-09T09:03:22.350380+00:00
[2023-03-09T09:03:22.362+0000] {processor.py:175} INFO - Processing /home/airflow/.local/lib/python3.7/site-packages/airflow/example_dags/example_task_group.py took 0.061 seconds
[2023-03-09T09:03:52.548+0000] {processor.py:153} INFO - Started process (PID=283) to work on /home/airflow/.local/lib/python3.7/site-packages/airflow/example_dags/example_task_group.py
[2023-03-09T09:03:52.550+0000] {processor.py:743} INFO - Processing file /home/airflow/.local/lib/python3.7/site-packages/airflow/example_dags/example_task_group.py for tasks to queue
[2023-03-09T09:03:52.551+0000] {logging_mixin.py:137} INFO - [2023-03-09T09:03:52.551+0000] {dagbag.py:538} INFO - Filling up the DagBag from /home/airflow/.local/lib/python3.7/site-packages/airflow/example_dags/example_task_group.py
[2023-03-09T09:03:52.562+0000] {processor.py:753} INFO - DAG(s) dict_keys(['example_task_group']) retrieved from /home/airflow/.local/lib/python3.7/site-packages/airflow/example_dags/example_task_group.py
[2023-03-09T09:03:52.579+0000] {logging_mixin.py:137} INFO - [2023-03-09T09:03:52.579+0000] {dag.py:2690} INFO - Sync 1 DAGs
[2023-03-09T09:03:52.594+0000] {logging_mixin.py:137} INFO - [2023-03-09T09:03:52.594+0000] {dag.py:3441} INFO - Setting next_dagrun for example_task_group to 2023-03-08T09:03:52.594479+00:00, run_after=2023-03-09T09:03:52.594479+00:00
[2023-03-09T09:03:52.606+0000] {processor.py:175} INFO - Processing /home/airflow/.local/lib/python3.7/site-packages/airflow/example_dags/example_task_group.py took 0.061 seconds
[2023-03-09T09:20:49.632+0000] {processor.py:153} INFO - Started process (PID=71) to work on /home/airflow/.local/lib/python3.7/site-packages/airflow/example_dags/example_task_group.py
[2023-03-09T09:20:49.635+0000] {processor.py:743} INFO - Processing file /home/airflow/.local/lib/python3.7/site-packages/airflow/example_dags/example_task_group.py for tasks to queue
[2023-03-09T09:20:49.640+0000] {logging_mixin.py:137} INFO - [2023-03-09T09:20:49.639+0000] {dagbag.py:538} INFO - Filling up the DagBag from /home/airflow/.local/lib/python3.7/site-packages/airflow/example_dags/example_task_group.py
[2023-03-09T09:20:49.698+0000] {processor.py:753} INFO - DAG(s) dict_keys(['example_task_group']) retrieved from /home/airflow/.local/lib/python3.7/site-packages/airflow/example_dags/example_task_group.py
[2023-03-09T09:20:49.883+0000] {logging_mixin.py:137} INFO - [2023-03-09T09:20:49.883+0000] {manager.py:504} INFO - Created Permission View: can read on DAG:example_task_group
[2023-03-09T09:20:49.896+0000] {logging_mixin.py:137} INFO - [2023-03-09T09:20:49.896+0000] {manager.py:504} INFO - Created Permission View: can edit on DAG:example_task_group
[2023-03-09T09:20:49.909+0000] {logging_mixin.py:137} INFO - [2023-03-09T09:20:49.909+0000] {manager.py:504} INFO - Created Permission View: can delete on DAG:example_task_group
[2023-03-09T09:20:49.910+0000] {logging_mixin.py:137} INFO - [2023-03-09T09:20:49.910+0000] {dag.py:2690} INFO - Sync 1 DAGs
[2023-03-09T09:20:49.923+0000] {logging_mixin.py:137} INFO - [2023-03-09T09:20:49.923+0000] {dag.py:2711} INFO - Creating ORM DAG for example_task_group
[2023-03-09T09:20:49.936+0000] {logging_mixin.py:137} INFO - [2023-03-09T09:20:49.935+0000] {dag.py:3441} INFO - Setting next_dagrun for example_task_group to 2023-03-08T09:20:49.935697+00:00, run_after=2023-03-09T09:20:49.935697+00:00
[2023-03-09T09:20:49.957+0000] {processor.py:175} INFO - Processing /home/airflow/.local/lib/python3.7/site-packages/airflow/example_dags/example_task_group.py took 0.339 seconds
[2023-03-09T09:21:20.140+0000] {processor.py:153} INFO - Started process (PID=136) to work on /home/airflow/.local/lib/python3.7/site-packages/airflow/example_dags/example_task_group.py
[2023-03-09T09:21:20.142+0000] {processor.py:743} INFO - Processing file /home/airflow/.local/lib/python3.7/site-packages/airflow/example_dags/example_task_group.py for tasks to queue
[2023-03-09T09:21:20.143+0000] {logging_mixin.py:137} INFO - [2023-03-09T09:21:20.143+0000] {dagbag.py:538} INFO - Filling up the DagBag from /home/airflow/.local/lib/python3.7/site-packages/airflow/example_dags/example_task_group.py
[2023-03-09T09:21:20.156+0000] {processor.py:753} INFO - DAG(s) dict_keys(['example_task_group']) retrieved from /home/airflow/.local/lib/python3.7/site-packages/airflow/example_dags/example_task_group.py
[2023-03-09T09:21:20.174+0000] {logging_mixin.py:137} INFO - [2023-03-09T09:21:20.174+0000] {dag.py:2690} INFO - Sync 1 DAGs
[2023-03-09T09:21:20.188+0000] {logging_mixin.py:137} INFO - [2023-03-09T09:21:20.188+0000] {dag.py:3441} INFO - Setting next_dagrun for example_task_group to 2023-03-08T09:21:20.188165+00:00, run_after=2023-03-09T09:21:20.188165+00:00
[2023-03-09T09:21:20.200+0000] {processor.py:175} INFO - Processing /home/airflow/.local/lib/python3.7/site-packages/airflow/example_dags/example_task_group.py took 0.063 seconds
[2023-03-09T09:21:50.936+0000] {processor.py:153} INFO - Started process (PID=218) to work on /home/airflow/.local/lib/python3.7/site-packages/airflow/example_dags/example_task_group.py
[2023-03-09T09:21:50.937+0000] {processor.py:743} INFO - Processing file /home/airflow/.local/lib/python3.7/site-packages/airflow/example_dags/example_task_group.py for tasks to queue
[2023-03-09T09:21:50.938+0000] {logging_mixin.py:137} INFO - [2023-03-09T09:21:50.938+0000] {dagbag.py:538} INFO - Filling up the DagBag from /home/airflow/.local/lib/python3.7/site-packages/airflow/example_dags/example_task_group.py
[2023-03-09T09:21:50.950+0000] {processor.py:753} INFO - DAG(s) dict_keys(['example_task_group']) retrieved from /home/airflow/.local/lib/python3.7/site-packages/airflow/example_dags/example_task_group.py
[2023-03-09T09:21:50.973+0000] {logging_mixin.py:137} INFO - [2023-03-09T09:21:50.973+0000] {dag.py:2690} INFO - Sync 1 DAGs
[2023-03-09T09:21:51.000+0000] {logging_mixin.py:137} INFO - [2023-03-09T09:21:51.000+0000] {dag.py:3441} INFO - Setting next_dagrun for example_task_group to 2023-03-08T09:21:50.999923+00:00, run_after=2023-03-09T09:21:50.999923+00:00
[2023-03-09T09:21:51.029+0000] {processor.py:175} INFO - Processing /home/airflow/.local/lib/python3.7/site-packages/airflow/example_dags/example_task_group.py took 0.095 seconds
[2023-03-09T09:22:21.250+0000] {processor.py:153} INFO - Started process (PID=283) to work on /home/airflow/.local/lib/python3.7/site-packages/airflow/example_dags/example_task_group.py
[2023-03-09T09:22:21.251+0000] {processor.py:743} INFO - Processing file /home/airflow/.local/lib/python3.7/site-packages/airflow/example_dags/example_task_group.py for tasks to queue
[2023-03-09T09:22:21.252+0000] {logging_mixin.py:137} INFO - [2023-03-09T09:22:21.252+0000] {dagbag.py:538} INFO - Filling up the DagBag from /home/airflow/.local/lib/python3.7/site-packages/airflow/example_dags/example_task_group.py
[2023-03-09T09:22:21.262+0000] {processor.py:753} INFO - DAG(s) dict_keys(['example_task_group']) retrieved from /home/airflow/.local/lib/python3.7/site-packages/airflow/example_dags/example_task_group.py
[2023-03-09T09:22:21.281+0000] {logging_mixin.py:137} INFO - [2023-03-09T09:22:21.281+0000] {dag.py:2690} INFO - Sync 1 DAGs
[2023-03-09T09:22:21.296+0000] {logging_mixin.py:137} INFO - [2023-03-09T09:22:21.296+0000] {dag.py:3441} INFO - Setting next_dagrun for example_task_group to 2023-03-08T09:22:21.296260+00:00, run_after=2023-03-09T09:22:21.296260+00:00
[2023-03-09T09:22:21.311+0000] {processor.py:175} INFO - Processing /home/airflow/.local/lib/python3.7/site-packages/airflow/example_dags/example_task_group.py took 0.064 seconds
[2023-03-09T09:22:51.650+0000] {processor.py:153} INFO - Started process (PID=360) to work on /home/airflow/.local/lib/python3.7/site-packages/airflow/example_dags/example_task_group.py
[2023-03-09T09:22:51.651+0000] {processor.py:743} INFO - Processing file /home/airflow/.local/lib/python3.7/site-packages/airflow/example_dags/example_task_group.py for tasks to queue
[2023-03-09T09:22:51.652+0000] {logging_mixin.py:137} INFO - [2023-03-09T09:22:51.652+0000] {dagbag.py:538} INFO - Filling up the DagBag from /home/airflow/.local/lib/python3.7/site-packages/airflow/example_dags/example_task_group.py
[2023-03-09T09:22:51.662+0000] {processor.py:753} INFO - DAG(s) dict_keys(['example_task_group']) retrieved from /home/airflow/.local/lib/python3.7/site-packages/airflow/example_dags/example_task_group.py
[2023-03-09T09:22:51.680+0000] {logging_mixin.py:137} INFO - [2023-03-09T09:22:51.680+0000] {dag.py:2690} INFO - Sync 1 DAGs
[2023-03-09T09:22:51.695+0000] {logging_mixin.py:137} INFO - [2023-03-09T09:22:51.695+0000] {dag.py:3441} INFO - Setting next_dagrun for example_task_group to 2023-03-08T09:22:51.695199+00:00, run_after=2023-03-09T09:22:51.695199+00:00
[2023-03-09T09:22:51.705+0000] {processor.py:175} INFO - Processing /home/airflow/.local/lib/python3.7/site-packages/airflow/example_dags/example_task_group.py took 0.058 seconds
[2023-03-09T09:23:22.016+0000] {processor.py:153} INFO - Started process (PID=441) to work on /home/airflow/.local/lib/python3.7/site-packages/airflow/example_dags/example_task_group.py
[2023-03-09T09:23:22.019+0000] {processor.py:743} INFO - Processing file /home/airflow/.local/lib/python3.7/site-packages/airflow/example_dags/example_task_group.py for tasks to queue
[2023-03-09T09:23:22.020+0000] {logging_mixin.py:137} INFO - [2023-03-09T09:23:22.020+0000] {dagbag.py:538} INFO - Filling up the DagBag from /home/airflow/.local/lib/python3.7/site-packages/airflow/example_dags/example_task_group.py
[2023-03-09T09:23:22.033+0000] {processor.py:753} INFO - DAG(s) dict_keys(['example_task_group']) retrieved from /home/airflow/.local/lib/python3.7/site-packages/airflow/example_dags/example_task_group.py
[2023-03-09T09:23:22.052+0000] {logging_mixin.py:137} INFO - [2023-03-09T09:23:22.052+0000] {dag.py:2690} INFO - Sync 1 DAGs
[2023-03-09T09:23:22.067+0000] {logging_mixin.py:137} INFO - [2023-03-09T09:23:22.067+0000] {dag.py:3441} INFO - Setting next_dagrun for example_task_group to 2023-03-08T09:23:22.067022+00:00, run_after=2023-03-09T09:23:22.067022+00:00
[2023-03-09T09:23:22.079+0000] {processor.py:175} INFO - Processing /home/airflow/.local/lib/python3.7/site-packages/airflow/example_dags/example_task_group.py took 0.065 seconds
[2023-03-09T09:23:52.165+0000] {processor.py:153} INFO - Started process (PID=514) to work on /home/airflow/.local/lib/python3.7/site-packages/airflow/example_dags/example_task_group.py
[2023-03-09T09:23:52.166+0000] {processor.py:743} INFO - Processing file /home/airflow/.local/lib/python3.7/site-packages/airflow/example_dags/example_task_group.py for tasks to queue
[2023-03-09T09:23:52.167+0000] {logging_mixin.py:137} INFO - [2023-03-09T09:23:52.167+0000] {dagbag.py:538} INFO - Filling up the DagBag from /home/airflow/.local/lib/python3.7/site-packages/airflow/example_dags/example_task_group.py
[2023-03-09T09:23:52.177+0000] {processor.py:753} INFO - DAG(s) dict_keys(['example_task_group']) retrieved from /home/airflow/.local/lib/python3.7/site-packages/airflow/example_dags/example_task_group.py
[2023-03-09T09:23:52.194+0000] {logging_mixin.py:137} INFO - [2023-03-09T09:23:52.194+0000] {dag.py:2690} INFO - Sync 1 DAGs
[2023-03-09T09:23:52.209+0000] {logging_mixin.py:137} INFO - [2023-03-09T09:23:52.208+0000] {dag.py:3441} INFO - Setting next_dagrun for example_task_group to 2023-03-08T09:23:52.208813+00:00, run_after=2023-03-09T09:23:52.208813+00:00
[2023-03-09T09:23:52.220+0000] {processor.py:175} INFO - Processing /home/airflow/.local/lib/python3.7/site-packages/airflow/example_dags/example_task_group.py took 0.057 seconds
[2023-03-09T09:24:22.422+0000] {processor.py:153} INFO - Started process (PID=589) to work on /home/airflow/.local/lib/python3.7/site-packages/airflow/example_dags/example_task_group.py
[2023-03-09T09:24:22.424+0000] {processor.py:743} INFO - Processing file /home/airflow/.local/lib/python3.7/site-packages/airflow/example_dags/example_task_group.py for tasks to queue
[2023-03-09T09:24:22.425+0000] {logging_mixin.py:137} INFO - [2023-03-09T09:24:22.425+0000] {dagbag.py:538} INFO - Filling up the DagBag from /home/airflow/.local/lib/python3.7/site-packages/airflow/example_dags/example_task_group.py
[2023-03-09T09:24:22.439+0000] {processor.py:753} INFO - DAG(s) dict_keys(['example_task_group']) retrieved from /home/airflow/.local/lib/python3.7/site-packages/airflow/example_dags/example_task_group.py
[2023-03-09T09:24:22.458+0000] {logging_mixin.py:137} INFO - [2023-03-09T09:24:22.458+0000] {dag.py:2690} INFO - Sync 1 DAGs
[2023-03-09T09:24:22.473+0000] {logging_mixin.py:137} INFO - [2023-03-09T09:24:22.473+0000] {dag.py:3441} INFO - Setting next_dagrun for example_task_group to 2023-03-08T09:24:22.473216+00:00, run_after=2023-03-09T09:24:22.473216+00:00
[2023-03-09T09:24:22.485+0000] {processor.py:175} INFO - Processing /home/airflow/.local/lib/python3.7/site-packages/airflow/example_dags/example_task_group.py took 0.065 seconds
[2023-03-09T09:24:53.341+0000] {processor.py:153} INFO - Started process (PID=666) to work on /home/airflow/.local/lib/python3.7/site-packages/airflow/example_dags/example_task_group.py
[2023-03-09T09:24:53.343+0000] {processor.py:743} INFO - Processing file /home/airflow/.local/lib/python3.7/site-packages/airflow/example_dags/example_task_group.py for tasks to queue
[2023-03-09T09:24:53.344+0000] {logging_mixin.py:137} INFO - [2023-03-09T09:24:53.344+0000] {dagbag.py:538} INFO - Filling up the DagBag from /home/airflow/.local/lib/python3.7/site-packages/airflow/example_dags/example_task_group.py
[2023-03-09T09:24:53.355+0000] {processor.py:753} INFO - DAG(s) dict_keys(['example_task_group']) retrieved from /home/airflow/.local/lib/python3.7/site-packages/airflow/example_dags/example_task_group.py
[2023-03-09T09:24:53.373+0000] {logging_mixin.py:137} INFO - [2023-03-09T09:24:53.373+0000] {dag.py:2690} INFO - Sync 1 DAGs
[2023-03-09T09:24:53.388+0000] {logging_mixin.py:137} INFO - [2023-03-09T09:24:53.388+0000] {dag.py:3441} INFO - Setting next_dagrun for example_task_group to 2023-03-08T09:24:53.388420+00:00, run_after=2023-03-09T09:24:53.388420+00:00
[2023-03-09T09:24:53.402+0000] {processor.py:175} INFO - Processing /home/airflow/.local/lib/python3.7/site-packages/airflow/example_dags/example_task_group.py took 0.063 seconds
[2023-03-09T09:25:23.468+0000] {processor.py:153} INFO - Started process (PID=731) to work on /home/airflow/.local/lib/python3.7/site-packages/airflow/example_dags/example_task_group.py
[2023-03-09T09:25:23.470+0000] {processor.py:743} INFO - Processing file /home/airflow/.local/lib/python3.7/site-packages/airflow/example_dags/example_task_group.py for tasks to queue
[2023-03-09T09:25:23.473+0000] {logging_mixin.py:137} INFO - [2023-03-09T09:25:23.473+0000] {dagbag.py:538} INFO - Filling up the DagBag from /home/airflow/.local/lib/python3.7/site-packages/airflow/example_dags/example_task_group.py
[2023-03-09T09:25:23.491+0000] {processor.py:753} INFO - DAG(s) dict_keys(['example_task_group']) retrieved from /home/airflow/.local/lib/python3.7/site-packages/airflow/example_dags/example_task_group.py
[2023-03-09T09:25:23.528+0000] {logging_mixin.py:137} INFO - [2023-03-09T09:25:23.528+0000] {dag.py:2690} INFO - Sync 1 DAGs
[2023-03-09T09:25:23.559+0000] {logging_mixin.py:137} INFO - [2023-03-09T09:25:23.559+0000] {dag.py:3441} INFO - Setting next_dagrun for example_task_group to 2023-03-08T09:25:23.559128+00:00, run_after=2023-03-09T09:25:23.559128+00:00
[2023-03-09T09:25:23.579+0000] {processor.py:175} INFO - Processing /home/airflow/.local/lib/python3.7/site-packages/airflow/example_dags/example_task_group.py took 0.113 seconds
[2023-03-09T09:25:53.986+0000] {processor.py:153} INFO - Started process (PID=812) to work on /home/airflow/.local/lib/python3.7/site-packages/airflow/example_dags/example_task_group.py
[2023-03-09T09:25:53.987+0000] {processor.py:743} INFO - Processing file /home/airflow/.local/lib/python3.7/site-packages/airflow/example_dags/example_task_group.py for tasks to queue
[2023-03-09T09:25:53.988+0000] {logging_mixin.py:137} INFO - [2023-03-09T09:25:53.988+0000] {dagbag.py:538} INFO - Filling up the DagBag from /home/airflow/.local/lib/python3.7/site-packages/airflow/example_dags/example_task_group.py
[2023-03-09T09:25:53.998+0000] {processor.py:753} INFO - DAG(s) dict_keys(['example_task_group']) retrieved from /home/airflow/.local/lib/python3.7/site-packages/airflow/example_dags/example_task_group.py
[2023-03-09T09:25:54.016+0000] {logging_mixin.py:137} INFO - [2023-03-09T09:25:54.016+0000] {dag.py:2690} INFO - Sync 1 DAGs
[2023-03-09T09:25:54.032+0000] {logging_mixin.py:137} INFO - [2023-03-09T09:25:54.032+0000] {dag.py:3441} INFO - Setting next_dagrun for example_task_group to 2023-03-08T09:25:54.032045+00:00, run_after=2023-03-09T09:25:54.032045+00:00
[2023-03-09T09:25:54.043+0000] {processor.py:175} INFO - Processing /home/airflow/.local/lib/python3.7/site-packages/airflow/example_dags/example_task_group.py took 0.060 seconds
[2023-03-09T09:26:24.129+0000] {processor.py:153} INFO - Started process (PID=888) to work on /home/airflow/.local/lib/python3.7/site-packages/airflow/example_dags/example_task_group.py
[2023-03-09T09:26:24.130+0000] {processor.py:743} INFO - Processing file /home/airflow/.local/lib/python3.7/site-packages/airflow/example_dags/example_task_group.py for tasks to queue
[2023-03-09T09:26:24.131+0000] {logging_mixin.py:137} INFO - [2023-03-09T09:26:24.131+0000] {dagbag.py:538} INFO - Filling up the DagBag from /home/airflow/.local/lib/python3.7/site-packages/airflow/example_dags/example_task_group.py
[2023-03-09T09:26:24.142+0000] {processor.py:753} INFO - DAG(s) dict_keys(['example_task_group']) retrieved from /home/airflow/.local/lib/python3.7/site-packages/airflow/example_dags/example_task_group.py
[2023-03-09T09:26:24.160+0000] {logging_mixin.py:137} INFO - [2023-03-09T09:26:24.160+0000] {dag.py:2690} INFO - Sync 1 DAGs
[2023-03-09T09:26:24.176+0000] {logging_mixin.py:137} INFO - [2023-03-09T09:26:24.175+0000] {dag.py:3441} INFO - Setting next_dagrun for example_task_group to 2023-03-08T09:26:24.175751+00:00, run_after=2023-03-09T09:26:24.175751+00:00
[2023-03-09T09:26:24.188+0000] {processor.py:175} INFO - Processing /home/airflow/.local/lib/python3.7/site-packages/airflow/example_dags/example_task_group.py took 0.062 seconds
[2023-03-09T09:26:55.166+0000] {processor.py:153} INFO - Started process (PID=967) to work on /home/airflow/.local/lib/python3.7/site-packages/airflow/example_dags/example_task_group.py
[2023-03-09T09:26:55.168+0000] {processor.py:743} INFO - Processing file /home/airflow/.local/lib/python3.7/site-packages/airflow/example_dags/example_task_group.py for tasks to queue
[2023-03-09T09:26:55.169+0000] {logging_mixin.py:137} INFO - [2023-03-09T09:26:55.169+0000] {dagbag.py:538} INFO - Filling up the DagBag from /home/airflow/.local/lib/python3.7/site-packages/airflow/example_dags/example_task_group.py
[2023-03-09T09:26:55.182+0000] {processor.py:753} INFO - DAG(s) dict_keys(['example_task_group']) retrieved from /home/airflow/.local/lib/python3.7/site-packages/airflow/example_dags/example_task_group.py
[2023-03-09T09:26:55.201+0000] {logging_mixin.py:137} INFO - [2023-03-09T09:26:55.201+0000] {dag.py:2690} INFO - Sync 1 DAGs
[2023-03-09T09:26:55.217+0000] {logging_mixin.py:137} INFO - [2023-03-09T09:26:55.217+0000] {dag.py:3441} INFO - Setting next_dagrun for example_task_group to 2023-03-08T09:26:55.217737+00:00, run_after=2023-03-09T09:26:55.217737+00:00
[2023-03-09T09:26:55.231+0000] {processor.py:175} INFO - Processing /home/airflow/.local/lib/python3.7/site-packages/airflow/example_dags/example_task_group.py took 0.067 seconds
[2023-03-09T09:27:25.476+0000] {processor.py:153} INFO - Started process (PID=1037) to work on /home/airflow/.local/lib/python3.7/site-packages/airflow/example_dags/example_task_group.py
[2023-03-09T09:27:25.478+0000] {processor.py:743} INFO - Processing file /home/airflow/.local/lib/python3.7/site-packages/airflow/example_dags/example_task_group.py for tasks to queue
[2023-03-09T09:27:25.479+0000] {logging_mixin.py:137} INFO - [2023-03-09T09:27:25.479+0000] {dagbag.py:538} INFO - Filling up the DagBag from /home/airflow/.local/lib/python3.7/site-packages/airflow/example_dags/example_task_group.py
[2023-03-09T09:27:25.489+0000] {processor.py:753} INFO - DAG(s) dict_keys(['example_task_group']) retrieved from /home/airflow/.local/lib/python3.7/site-packages/airflow/example_dags/example_task_group.py
[2023-03-09T09:27:25.506+0000] {logging_mixin.py:137} INFO - [2023-03-09T09:27:25.506+0000] {dag.py:2690} INFO - Sync 1 DAGs
[2023-03-09T09:27:25.521+0000] {logging_mixin.py:137} INFO - [2023-03-09T09:27:25.521+0000] {dag.py:3441} INFO - Setting next_dagrun for example_task_group to 2023-03-08T09:27:25.520974+00:00, run_after=2023-03-09T09:27:25.520974+00:00
[2023-03-09T09:27:25.532+0000] {processor.py:175} INFO - Processing /home/airflow/.local/lib/python3.7/site-packages/airflow/example_dags/example_task_group.py took 0.058 seconds
[2023-03-09T09:27:55.609+0000] {processor.py:153} INFO - Started process (PID=1117) to work on /home/airflow/.local/lib/python3.7/site-packages/airflow/example_dags/example_task_group.py
[2023-03-09T09:27:55.610+0000] {processor.py:743} INFO - Processing file /home/airflow/.local/lib/python3.7/site-packages/airflow/example_dags/example_task_group.py for tasks to queue
[2023-03-09T09:27:55.612+0000] {logging_mixin.py:137} INFO - [2023-03-09T09:27:55.611+0000] {dagbag.py:538} INFO - Filling up the DagBag from /home/airflow/.local/lib/python3.7/site-packages/airflow/example_dags/example_task_group.py
[2023-03-09T09:27:55.627+0000] {processor.py:753} INFO - DAG(s) dict_keys(['example_task_group']) retrieved from /home/airflow/.local/lib/python3.7/site-packages/airflow/example_dags/example_task_group.py
[2023-03-09T09:27:55.648+0000] {logging_mixin.py:137} INFO - [2023-03-09T09:27:55.648+0000] {dag.py:2690} INFO - Sync 1 DAGs
[2023-03-09T09:27:55.666+0000] {logging_mixin.py:137} INFO - [2023-03-09T09:27:55.666+0000] {dag.py:3441} INFO - Setting next_dagrun for example_task_group to 2023-03-08T09:27:55.665847+00:00, run_after=2023-03-09T09:27:55.665847+00:00
[2023-03-09T09:27:55.679+0000] {processor.py:175} INFO - Processing /home/airflow/.local/lib/python3.7/site-packages/airflow/example_dags/example_task_group.py took 0.073 seconds
[2023-03-09T09:28:25.923+0000] {processor.py:153} INFO - Started process (PID=1185) to work on /home/airflow/.local/lib/python3.7/site-packages/airflow/example_dags/example_task_group.py
[2023-03-09T09:28:25.925+0000] {processor.py:743} INFO - Processing file /home/airflow/.local/lib/python3.7/site-packages/airflow/example_dags/example_task_group.py for tasks to queue
[2023-03-09T09:28:25.926+0000] {logging_mixin.py:137} INFO - [2023-03-09T09:28:25.926+0000] {dagbag.py:538} INFO - Filling up the DagBag from /home/airflow/.local/lib/python3.7/site-packages/airflow/example_dags/example_task_group.py
[2023-03-09T09:28:25.937+0000] {processor.py:753} INFO - DAG(s) dict_keys(['example_task_group']) retrieved from /home/airflow/.local/lib/python3.7/site-packages/airflow/example_dags/example_task_group.py
[2023-03-09T09:28:25.955+0000] {logging_mixin.py:137} INFO - [2023-03-09T09:28:25.955+0000] {dag.py:2690} INFO - Sync 1 DAGs
[2023-03-09T09:28:25.970+0000] {logging_mixin.py:137} INFO - [2023-03-09T09:28:25.970+0000] {dag.py:3441} INFO - Setting next_dagrun for example_task_group to 2023-03-08T09:28:25.970693+00:00, run_after=2023-03-09T09:28:25.970693+00:00
[2023-03-09T09:28:25.983+0000] {processor.py:175} INFO - Processing /home/airflow/.local/lib/python3.7/site-packages/airflow/example_dags/example_task_group.py took 0.062 seconds
[2023-03-09T09:28:56.423+0000] {processor.py:153} INFO - Started process (PID=1265) to work on /home/airflow/.local/lib/python3.7/site-packages/airflow/example_dags/example_task_group.py
[2023-03-09T09:28:56.425+0000] {processor.py:743} INFO - Processing file /home/airflow/.local/lib/python3.7/site-packages/airflow/example_dags/example_task_group.py for tasks to queue
[2023-03-09T09:28:56.426+0000] {logging_mixin.py:137} INFO - [2023-03-09T09:28:56.426+0000] {dagbag.py:538} INFO - Filling up the DagBag from /home/airflow/.local/lib/python3.7/site-packages/airflow/example_dags/example_task_group.py
[2023-03-09T09:28:56.439+0000] {processor.py:753} INFO - DAG(s) dict_keys(['example_task_group']) retrieved from /home/airflow/.local/lib/python3.7/site-packages/airflow/example_dags/example_task_group.py
[2023-03-09T09:28:56.458+0000] {logging_mixin.py:137} INFO - [2023-03-09T09:28:56.458+0000] {dag.py:2690} INFO - Sync 1 DAGs
[2023-03-09T09:28:56.477+0000] {logging_mixin.py:137} INFO - [2023-03-09T09:28:56.477+0000] {dag.py:3441} INFO - Setting next_dagrun for example_task_group to 2023-03-08T09:28:56.477263+00:00, run_after=2023-03-09T09:28:56.477263+00:00
[2023-03-09T09:28:56.495+0000] {processor.py:175} INFO - Processing /home/airflow/.local/lib/python3.7/site-packages/airflow/example_dags/example_task_group.py took 0.075 seconds
[2023-03-09T09:29:26.720+0000] {processor.py:153} INFO - Started process (PID=1344) to work on /home/airflow/.local/lib/python3.7/site-packages/airflow/example_dags/example_task_group.py
[2023-03-09T09:29:26.722+0000] {processor.py:743} INFO - Processing file /home/airflow/.local/lib/python3.7/site-packages/airflow/example_dags/example_task_group.py for tasks to queue
[2023-03-09T09:29:26.723+0000] {logging_mixin.py:137} INFO - [2023-03-09T09:29:26.722+0000] {dagbag.py:538} INFO - Filling up the DagBag from /home/airflow/.local/lib/python3.7/site-packages/airflow/example_dags/example_task_group.py
[2023-03-09T09:29:26.732+0000] {processor.py:753} INFO - DAG(s) dict_keys(['example_task_group']) retrieved from /home/airflow/.local/lib/python3.7/site-packages/airflow/example_dags/example_task_group.py
[2023-03-09T09:29:26.750+0000] {logging_mixin.py:137} INFO - [2023-03-09T09:29:26.750+0000] {dag.py:2690} INFO - Sync 1 DAGs
[2023-03-09T09:29:26.765+0000] {logging_mixin.py:137} INFO - [2023-03-09T09:29:26.765+0000] {dag.py:3441} INFO - Setting next_dagrun for example_task_group to 2023-03-08T09:29:26.765070+00:00, run_after=2023-03-09T09:29:26.765070+00:00
[2023-03-09T09:29:26.775+0000] {processor.py:175} INFO - Processing /home/airflow/.local/lib/python3.7/site-packages/airflow/example_dags/example_task_group.py took 0.057 seconds
[2023-03-09T09:29:56.903+0000] {processor.py:153} INFO - Started process (PID=1413) to work on /home/airflow/.local/lib/python3.7/site-packages/airflow/example_dags/example_task_group.py
[2023-03-09T09:29:56.905+0000] {processor.py:743} INFO - Processing file /home/airflow/.local/lib/python3.7/site-packages/airflow/example_dags/example_task_group.py for tasks to queue
[2023-03-09T09:29:56.906+0000] {logging_mixin.py:137} INFO - [2023-03-09T09:29:56.906+0000] {dagbag.py:538} INFO - Filling up the DagBag from /home/airflow/.local/lib/python3.7/site-packages/airflow/example_dags/example_task_group.py
[2023-03-09T09:29:56.916+0000] {processor.py:753} INFO - DAG(s) dict_keys(['example_task_group']) retrieved from /home/airflow/.local/lib/python3.7/site-packages/airflow/example_dags/example_task_group.py
[2023-03-09T09:29:56.934+0000] {logging_mixin.py:137} INFO - [2023-03-09T09:29:56.934+0000] {dag.py:2690} INFO - Sync 1 DAGs
[2023-03-09T09:29:56.950+0000] {logging_mixin.py:137} INFO - [2023-03-09T09:29:56.949+0000] {dag.py:3441} INFO - Setting next_dagrun for example_task_group to 2023-03-08T09:29:56.949806+00:00, run_after=2023-03-09T09:29:56.949806+00:00
[2023-03-09T09:29:56.962+0000] {processor.py:175} INFO - Processing /home/airflow/.local/lib/python3.7/site-packages/airflow/example_dags/example_task_group.py took 0.061 seconds
[2023-03-09T09:30:27.607+0000] {processor.py:153} INFO - Started process (PID=1493) to work on /home/airflow/.local/lib/python3.7/site-packages/airflow/example_dags/example_task_group.py
[2023-03-09T09:30:27.608+0000] {processor.py:743} INFO - Processing file /home/airflow/.local/lib/python3.7/site-packages/airflow/example_dags/example_task_group.py for tasks to queue
[2023-03-09T09:30:27.609+0000] {logging_mixin.py:137} INFO - [2023-03-09T09:30:27.609+0000] {dagbag.py:538} INFO - Filling up the DagBag from /home/airflow/.local/lib/python3.7/site-packages/airflow/example_dags/example_task_group.py
[2023-03-09T09:30:27.621+0000] {processor.py:753} INFO - DAG(s) dict_keys(['example_task_group']) retrieved from /home/airflow/.local/lib/python3.7/site-packages/airflow/example_dags/example_task_group.py
[2023-03-09T09:30:27.639+0000] {logging_mixin.py:137} INFO - [2023-03-09T09:30:27.639+0000] {dag.py:2690} INFO - Sync 1 DAGs
[2023-03-09T09:30:27.655+0000] {logging_mixin.py:137} INFO - [2023-03-09T09:30:27.655+0000] {dag.py:3441} INFO - Setting next_dagrun for example_task_group to 2023-03-08T09:30:27.655231+00:00, run_after=2023-03-09T09:30:27.655231+00:00
[2023-03-09T09:30:27.669+0000] {processor.py:175} INFO - Processing /home/airflow/.local/lib/python3.7/site-packages/airflow/example_dags/example_task_group.py took 0.065 seconds
[2023-03-09T09:30:57.905+0000] {processor.py:153} INFO - Started process (PID=1573) to work on /home/airflow/.local/lib/python3.7/site-packages/airflow/example_dags/example_task_group.py
[2023-03-09T09:30:57.906+0000] {processor.py:743} INFO - Processing file /home/airflow/.local/lib/python3.7/site-packages/airflow/example_dags/example_task_group.py for tasks to queue
[2023-03-09T09:30:57.907+0000] {logging_mixin.py:137} INFO - [2023-03-09T09:30:57.907+0000] {dagbag.py:538} INFO - Filling up the DagBag from /home/airflow/.local/lib/python3.7/site-packages/airflow/example_dags/example_task_group.py
[2023-03-09T09:30:57.917+0000] {processor.py:753} INFO - DAG(s) dict_keys(['example_task_group']) retrieved from /home/airflow/.local/lib/python3.7/site-packages/airflow/example_dags/example_task_group.py
[2023-03-09T09:30:57.937+0000] {logging_mixin.py:137} INFO - [2023-03-09T09:30:57.937+0000] {dag.py:2690} INFO - Sync 1 DAGs
[2023-03-09T09:30:57.954+0000] {logging_mixin.py:137} INFO - [2023-03-09T09:30:57.954+0000] {dag.py:3441} INFO - Setting next_dagrun for example_task_group to 2023-03-08T09:30:57.954000+00:00, run_after=2023-03-09T09:30:57.954000+00:00
[2023-03-09T09:30:57.968+0000] {processor.py:175} INFO - Processing /home/airflow/.local/lib/python3.7/site-packages/airflow/example_dags/example_task_group.py took 0.065 seconds
[2023-03-09T09:31:28.368+0000] {processor.py:153} INFO - Started process (PID=1641) to work on /home/airflow/.local/lib/python3.7/site-packages/airflow/example_dags/example_task_group.py
[2023-03-09T09:31:28.369+0000] {processor.py:743} INFO - Processing file /home/airflow/.local/lib/python3.7/site-packages/airflow/example_dags/example_task_group.py for tasks to queue
[2023-03-09T09:31:28.371+0000] {logging_mixin.py:137} INFO - [2023-03-09T09:31:28.371+0000] {dagbag.py:538} INFO - Filling up the DagBag from /home/airflow/.local/lib/python3.7/site-packages/airflow/example_dags/example_task_group.py
[2023-03-09T09:31:28.381+0000] {processor.py:753} INFO - DAG(s) dict_keys(['example_task_group']) retrieved from /home/airflow/.local/lib/python3.7/site-packages/airflow/example_dags/example_task_group.py
[2023-03-09T09:31:28.399+0000] {logging_mixin.py:137} INFO - [2023-03-09T09:31:28.399+0000] {dag.py:2690} INFO - Sync 1 DAGs
[2023-03-09T09:31:28.416+0000] {logging_mixin.py:137} INFO - [2023-03-09T09:31:28.416+0000] {dag.py:3441} INFO - Setting next_dagrun for example_task_group to 2023-03-08T09:31:28.415861+00:00, run_after=2023-03-09T09:31:28.415861+00:00
[2023-03-09T09:31:28.429+0000] {processor.py:175} INFO - Processing /home/airflow/.local/lib/python3.7/site-packages/airflow/example_dags/example_task_group.py took 0.067 seconds
[2023-03-09T09:31:58.626+0000] {processor.py:153} INFO - Started process (PID=1724) to work on /home/airflow/.local/lib/python3.7/site-packages/airflow/example_dags/example_task_group.py
[2023-03-09T09:31:58.627+0000] {processor.py:743} INFO - Processing file /home/airflow/.local/lib/python3.7/site-packages/airflow/example_dags/example_task_group.py for tasks to queue
[2023-03-09T09:31:58.628+0000] {logging_mixin.py:137} INFO - [2023-03-09T09:31:58.628+0000] {dagbag.py:538} INFO - Filling up the DagBag from /home/airflow/.local/lib/python3.7/site-packages/airflow/example_dags/example_task_group.py
[2023-03-09T09:31:58.638+0000] {processor.py:753} INFO - DAG(s) dict_keys(['example_task_group']) retrieved from /home/airflow/.local/lib/python3.7/site-packages/airflow/example_dags/example_task_group.py
[2023-03-09T09:31:58.657+0000] {logging_mixin.py:137} INFO - [2023-03-09T09:31:58.657+0000] {dag.py:2690} INFO - Sync 1 DAGs
[2023-03-09T09:31:58.672+0000] {logging_mixin.py:137} INFO - [2023-03-09T09:31:58.672+0000] {dag.py:3441} INFO - Setting next_dagrun for example_task_group to 2023-03-08T09:31:58.672497+00:00, run_after=2023-03-09T09:31:58.672497+00:00
[2023-03-09T09:31:58.686+0000] {processor.py:175} INFO - Processing /home/airflow/.local/lib/python3.7/site-packages/airflow/example_dags/example_task_group.py took 0.062 seconds
[2023-03-09T09:32:28.849+0000] {processor.py:153} INFO - Started process (PID=1806) to work on /home/airflow/.local/lib/python3.7/site-packages/airflow/example_dags/example_task_group.py
[2023-03-09T09:32:28.850+0000] {processor.py:743} INFO - Processing file /home/airflow/.local/lib/python3.7/site-packages/airflow/example_dags/example_task_group.py for tasks to queue
[2023-03-09T09:32:28.851+0000] {logging_mixin.py:137} INFO - [2023-03-09T09:32:28.851+0000] {dagbag.py:538} INFO - Filling up the DagBag from /home/airflow/.local/lib/python3.7/site-packages/airflow/example_dags/example_task_group.py
[2023-03-09T09:32:28.863+0000] {processor.py:753} INFO - DAG(s) dict_keys(['example_task_group']) retrieved from /home/airflow/.local/lib/python3.7/site-packages/airflow/example_dags/example_task_group.py
[2023-03-09T09:32:28.881+0000] {logging_mixin.py:137} INFO - [2023-03-09T09:32:28.880+0000] {dag.py:2690} INFO - Sync 1 DAGs
[2023-03-09T09:32:28.902+0000] {logging_mixin.py:137} INFO - [2023-03-09T09:32:28.902+0000] {dag.py:3441} INFO - Setting next_dagrun for example_task_group to 2023-03-08T09:32:28.901987+00:00, run_after=2023-03-09T09:32:28.901987+00:00
[2023-03-09T09:32:28.920+0000] {processor.py:175} INFO - Processing /home/airflow/.local/lib/python3.7/site-packages/airflow/example_dags/example_task_group.py took 0.075 seconds
[2023-03-09T09:32:59.119+0000] {processor.py:153} INFO - Started process (PID=1873) to work on /home/airflow/.local/lib/python3.7/site-packages/airflow/example_dags/example_task_group.py
[2023-03-09T09:32:59.120+0000] {processor.py:743} INFO - Processing file /home/airflow/.local/lib/python3.7/site-packages/airflow/example_dags/example_task_group.py for tasks to queue
[2023-03-09T09:32:59.121+0000] {logging_mixin.py:137} INFO - [2023-03-09T09:32:59.121+0000] {dagbag.py:538} INFO - Filling up the DagBag from /home/airflow/.local/lib/python3.7/site-packages/airflow/example_dags/example_task_group.py
[2023-03-09T09:32:59.133+0000] {processor.py:753} INFO - DAG(s) dict_keys(['example_task_group']) retrieved from /home/airflow/.local/lib/python3.7/site-packages/airflow/example_dags/example_task_group.py
[2023-03-09T09:32:59.150+0000] {logging_mixin.py:137} INFO - [2023-03-09T09:32:59.149+0000] {dag.py:2690} INFO - Sync 1 DAGs
[2023-03-09T09:32:59.165+0000] {logging_mixin.py:137} INFO - [2023-03-09T09:32:59.165+0000] {dag.py:3441} INFO - Setting next_dagrun for example_task_group to 2023-03-08T09:32:59.164766+00:00, run_after=2023-03-09T09:32:59.164766+00:00
[2023-03-09T09:32:59.176+0000] {processor.py:175} INFO - Processing /home/airflow/.local/lib/python3.7/site-packages/airflow/example_dags/example_task_group.py took 0.060 seconds
[2023-03-09T09:33:29.376+0000] {processor.py:153} INFO - Started process (PID=1952) to work on /home/airflow/.local/lib/python3.7/site-packages/airflow/example_dags/example_task_group.py
[2023-03-09T09:33:29.377+0000] {processor.py:743} INFO - Processing file /home/airflow/.local/lib/python3.7/site-packages/airflow/example_dags/example_task_group.py for tasks to queue
[2023-03-09T09:33:29.378+0000] {logging_mixin.py:137} INFO - [2023-03-09T09:33:29.378+0000] {dagbag.py:538} INFO - Filling up the DagBag from /home/airflow/.local/lib/python3.7/site-packages/airflow/example_dags/example_task_group.py
[2023-03-09T09:33:29.389+0000] {processor.py:753} INFO - DAG(s) dict_keys(['example_task_group']) retrieved from /home/airflow/.local/lib/python3.7/site-packages/airflow/example_dags/example_task_group.py
[2023-03-09T09:33:29.406+0000] {logging_mixin.py:137} INFO - [2023-03-09T09:33:29.406+0000] {dag.py:2690} INFO - Sync 1 DAGs
[2023-03-09T09:33:29.422+0000] {logging_mixin.py:137} INFO - [2023-03-09T09:33:29.422+0000] {dag.py:3441} INFO - Setting next_dagrun for example_task_group to 2023-03-08T09:33:29.422140+00:00, run_after=2023-03-09T09:33:29.422140+00:00
[2023-03-09T09:33:29.434+0000] {processor.py:175} INFO - Processing /home/airflow/.local/lib/python3.7/site-packages/airflow/example_dags/example_task_group.py took 0.061 seconds
[2023-03-09T09:33:59.502+0000] {processor.py:153} INFO - Started process (PID=2015) to work on /home/airflow/.local/lib/python3.7/site-packages/airflow/example_dags/example_task_group.py
[2023-03-09T09:33:59.504+0000] {processor.py:743} INFO - Processing file /home/airflow/.local/lib/python3.7/site-packages/airflow/example_dags/example_task_group.py for tasks to queue
[2023-03-09T09:33:59.505+0000] {logging_mixin.py:137} INFO - [2023-03-09T09:33:59.505+0000] {dagbag.py:538} INFO - Filling up the DagBag from /home/airflow/.local/lib/python3.7/site-packages/airflow/example_dags/example_task_group.py
[2023-03-09T09:33:59.516+0000] {processor.py:753} INFO - DAG(s) dict_keys(['example_task_group']) retrieved from /home/airflow/.local/lib/python3.7/site-packages/airflow/example_dags/example_task_group.py
[2023-03-09T09:33:59.534+0000] {logging_mixin.py:137} INFO - [2023-03-09T09:33:59.534+0000] {dag.py:2690} INFO - Sync 1 DAGs
[2023-03-09T09:33:59.552+0000] {logging_mixin.py:137} INFO - [2023-03-09T09:33:59.552+0000] {dag.py:3441} INFO - Setting next_dagrun for example_task_group to 2023-03-08T09:33:59.552120+00:00, run_after=2023-03-09T09:33:59.552120+00:00
[2023-03-09T09:33:59.565+0000] {processor.py:175} INFO - Processing /home/airflow/.local/lib/python3.7/site-packages/airflow/example_dags/example_task_group.py took 0.068 seconds
[2023-03-09T09:34:30.122+0000] {processor.py:153} INFO - Started process (PID=2089) to work on /home/airflow/.local/lib/python3.7/site-packages/airflow/example_dags/example_task_group.py
[2023-03-09T09:34:30.124+0000] {processor.py:743} INFO - Processing file /home/airflow/.local/lib/python3.7/site-packages/airflow/example_dags/example_task_group.py for tasks to queue
[2023-03-09T09:34:30.125+0000] {logging_mixin.py:137} INFO - [2023-03-09T09:34:30.125+0000] {dagbag.py:538} INFO - Filling up the DagBag from /home/airflow/.local/lib/python3.7/site-packages/airflow/example_dags/example_task_group.py
[2023-03-09T09:34:30.136+0000] {processor.py:753} INFO - DAG(s) dict_keys(['example_task_group']) retrieved from /home/airflow/.local/lib/python3.7/site-packages/airflow/example_dags/example_task_group.py
[2023-03-09T09:34:30.155+0000] {logging_mixin.py:137} INFO - [2023-03-09T09:34:30.155+0000] {dag.py:2690} INFO - Sync 1 DAGs
[2023-03-09T09:34:30.171+0000] {logging_mixin.py:137} INFO - [2023-03-09T09:34:30.171+0000] {dag.py:3441} INFO - Setting next_dagrun for example_task_group to 2023-03-08T09:34:30.171402+00:00, run_after=2023-03-09T09:34:30.171402+00:00
[2023-03-09T09:34:30.186+0000] {processor.py:175} INFO - Processing /home/airflow/.local/lib/python3.7/site-packages/airflow/example_dags/example_task_group.py took 0.066 seconds
[2023-03-09T09:35:00.310+0000] {processor.py:153} INFO - Started process (PID=2166) to work on /home/airflow/.local/lib/python3.7/site-packages/airflow/example_dags/example_task_group.py
[2023-03-09T09:35:00.312+0000] {processor.py:743} INFO - Processing file /home/airflow/.local/lib/python3.7/site-packages/airflow/example_dags/example_task_group.py for tasks to queue
[2023-03-09T09:35:00.313+0000] {logging_mixin.py:137} INFO - [2023-03-09T09:35:00.313+0000] {dagbag.py:538} INFO - Filling up the DagBag from /home/airflow/.local/lib/python3.7/site-packages/airflow/example_dags/example_task_group.py
[2023-03-09T09:35:00.323+0000] {processor.py:753} INFO - DAG(s) dict_keys(['example_task_group']) retrieved from /home/airflow/.local/lib/python3.7/site-packages/airflow/example_dags/example_task_group.py
[2023-03-09T09:35:00.341+0000] {logging_mixin.py:137} INFO - [2023-03-09T09:35:00.341+0000] {dag.py:2690} INFO - Sync 1 DAGs
[2023-03-09T09:35:00.356+0000] {logging_mixin.py:137} INFO - [2023-03-09T09:35:00.356+0000] {dag.py:3441} INFO - Setting next_dagrun for example_task_group to 2023-03-08T09:35:00.356674+00:00, run_after=2023-03-09T09:35:00.356674+00:00
[2023-03-09T09:35:00.368+0000] {processor.py:175} INFO - Processing /home/airflow/.local/lib/python3.7/site-packages/airflow/example_dags/example_task_group.py took 0.060 seconds
[2023-03-09T09:35:30.554+0000] {processor.py:153} INFO - Started process (PID=2231) to work on /home/airflow/.local/lib/python3.7/site-packages/airflow/example_dags/example_task_group.py
[2023-03-09T09:35:30.556+0000] {processor.py:743} INFO - Processing file /home/airflow/.local/lib/python3.7/site-packages/airflow/example_dags/example_task_group.py for tasks to queue
[2023-03-09T09:35:30.557+0000] {logging_mixin.py:137} INFO - [2023-03-09T09:35:30.557+0000] {dagbag.py:538} INFO - Filling up the DagBag from /home/airflow/.local/lib/python3.7/site-packages/airflow/example_dags/example_task_group.py
[2023-03-09T09:35:30.569+0000] {processor.py:753} INFO - DAG(s) dict_keys(['example_task_group']) retrieved from /home/airflow/.local/lib/python3.7/site-packages/airflow/example_dags/example_task_group.py
[2023-03-09T09:35:30.586+0000] {logging_mixin.py:137} INFO - [2023-03-09T09:35:30.586+0000] {dag.py:2690} INFO - Sync 1 DAGs
[2023-03-09T09:35:30.605+0000] {logging_mixin.py:137} INFO - [2023-03-09T09:35:30.605+0000] {dag.py:3441} INFO - Setting next_dagrun for example_task_group to 2023-03-08T09:35:30.604951+00:00, run_after=2023-03-09T09:35:30.604951+00:00
[2023-03-09T09:35:30.617+0000] {processor.py:175} INFO - Processing /home/airflow/.local/lib/python3.7/site-packages/airflow/example_dags/example_task_group.py took 0.066 seconds
[2023-03-09T09:36:01.016+0000] {processor.py:153} INFO - Started process (PID=2308) to work on /home/airflow/.local/lib/python3.7/site-packages/airflow/example_dags/example_task_group.py
[2023-03-09T09:36:01.017+0000] {processor.py:743} INFO - Processing file /home/airflow/.local/lib/python3.7/site-packages/airflow/example_dags/example_task_group.py for tasks to queue
[2023-03-09T09:36:01.019+0000] {logging_mixin.py:137} INFO - [2023-03-09T09:36:01.019+0000] {dagbag.py:538} INFO - Filling up the DagBag from /home/airflow/.local/lib/python3.7/site-packages/airflow/example_dags/example_task_group.py
[2023-03-09T09:36:01.030+0000] {processor.py:753} INFO - DAG(s) dict_keys(['example_task_group']) retrieved from /home/airflow/.local/lib/python3.7/site-packages/airflow/example_dags/example_task_group.py
[2023-03-09T09:36:01.052+0000] {logging_mixin.py:137} INFO - [2023-03-09T09:36:01.051+0000] {dag.py:2690} INFO - Sync 1 DAGs
[2023-03-09T09:36:01.069+0000] {logging_mixin.py:137} INFO - [2023-03-09T09:36:01.069+0000] {dag.py:3441} INFO - Setting next_dagrun for example_task_group to 2023-03-08T09:36:01.068967+00:00, run_after=2023-03-09T09:36:01.068967+00:00
[2023-03-09T09:36:01.082+0000] {processor.py:175} INFO - Processing /home/airflow/.local/lib/python3.7/site-packages/airflow/example_dags/example_task_group.py took 0.070 seconds
[2023-03-09T09:36:31.473+0000] {processor.py:153} INFO - Started process (PID=2387) to work on /home/airflow/.local/lib/python3.7/site-packages/airflow/example_dags/example_task_group.py
[2023-03-09T09:36:31.475+0000] {processor.py:743} INFO - Processing file /home/airflow/.local/lib/python3.7/site-packages/airflow/example_dags/example_task_group.py for tasks to queue
[2023-03-09T09:36:31.476+0000] {logging_mixin.py:137} INFO - [2023-03-09T09:36:31.476+0000] {dagbag.py:538} INFO - Filling up the DagBag from /home/airflow/.local/lib/python3.7/site-packages/airflow/example_dags/example_task_group.py
[2023-03-09T09:36:31.488+0000] {processor.py:753} INFO - DAG(s) dict_keys(['example_task_group']) retrieved from /home/airflow/.local/lib/python3.7/site-packages/airflow/example_dags/example_task_group.py
[2023-03-09T09:36:31.507+0000] {logging_mixin.py:137} INFO - [2023-03-09T09:36:31.506+0000] {dag.py:2690} INFO - Sync 1 DAGs
[2023-03-09T09:36:31.523+0000] {logging_mixin.py:137} INFO - [2023-03-09T09:36:31.522+0000] {dag.py:3441} INFO - Setting next_dagrun for example_task_group to 2023-03-08T09:36:31.522821+00:00, run_after=2023-03-09T09:36:31.522821+00:00
[2023-03-09T09:36:31.536+0000] {processor.py:175} INFO - Processing /home/airflow/.local/lib/python3.7/site-packages/airflow/example_dags/example_task_group.py took 0.065 seconds
[2023-03-09T09:37:01.642+0000] {processor.py:153} INFO - Started process (PID=2452) to work on /home/airflow/.local/lib/python3.7/site-packages/airflow/example_dags/example_task_group.py
[2023-03-09T09:37:01.643+0000] {processor.py:743} INFO - Processing file /home/airflow/.local/lib/python3.7/site-packages/airflow/example_dags/example_task_group.py for tasks to queue
[2023-03-09T09:37:01.644+0000] {logging_mixin.py:137} INFO - [2023-03-09T09:37:01.644+0000] {dagbag.py:538} INFO - Filling up the DagBag from /home/airflow/.local/lib/python3.7/site-packages/airflow/example_dags/example_task_group.py
[2023-03-09T09:37:01.655+0000] {processor.py:753} INFO - DAG(s) dict_keys(['example_task_group']) retrieved from /home/airflow/.local/lib/python3.7/site-packages/airflow/example_dags/example_task_group.py
[2023-03-09T09:37:01.672+0000] {logging_mixin.py:137} INFO - [2023-03-09T09:37:01.672+0000] {dag.py:2690} INFO - Sync 1 DAGs
[2023-03-09T09:37:01.689+0000] {logging_mixin.py:137} INFO - [2023-03-09T09:37:01.688+0000] {dag.py:3441} INFO - Setting next_dagrun for example_task_group to 2023-03-08T09:37:01.688657+00:00, run_after=2023-03-09T09:37:01.688657+00:00
[2023-03-09T09:37:01.701+0000] {processor.py:175} INFO - Processing /home/airflow/.local/lib/python3.7/site-packages/airflow/example_dags/example_task_group.py took 0.062 seconds
[2023-03-09T09:37:31.924+0000] {processor.py:153} INFO - Started process (PID=2532) to work on /home/airflow/.local/lib/python3.7/site-packages/airflow/example_dags/example_task_group.py
[2023-03-09T09:37:31.926+0000] {processor.py:743} INFO - Processing file /home/airflow/.local/lib/python3.7/site-packages/airflow/example_dags/example_task_group.py for tasks to queue
[2023-03-09T09:37:31.927+0000] {logging_mixin.py:137} INFO - [2023-03-09T09:37:31.927+0000] {dagbag.py:538} INFO - Filling up the DagBag from /home/airflow/.local/lib/python3.7/site-packages/airflow/example_dags/example_task_group.py
[2023-03-09T09:37:31.940+0000] {processor.py:753} INFO - DAG(s) dict_keys(['example_task_group']) retrieved from /home/airflow/.local/lib/python3.7/site-packages/airflow/example_dags/example_task_group.py
[2023-03-09T09:37:31.966+0000] {logging_mixin.py:137} INFO - [2023-03-09T09:37:31.966+0000] {dag.py:2690} INFO - Sync 1 DAGs
[2023-03-09T09:37:31.983+0000] {logging_mixin.py:137} INFO - [2023-03-09T09:37:31.983+0000] {dag.py:3441} INFO - Setting next_dagrun for example_task_group to 2023-03-08T09:37:31.983621+00:00, run_after=2023-03-09T09:37:31.983621+00:00
[2023-03-09T09:37:31.995+0000] {processor.py:175} INFO - Processing /home/airflow/.local/lib/python3.7/site-packages/airflow/example_dags/example_task_group.py took 0.074 seconds
[2023-03-09T09:38:02.259+0000] {processor.py:153} INFO - Started process (PID=2614) to work on /home/airflow/.local/lib/python3.7/site-packages/airflow/example_dags/example_task_group.py
[2023-03-09T09:38:02.260+0000] {processor.py:743} INFO - Processing file /home/airflow/.local/lib/python3.7/site-packages/airflow/example_dags/example_task_group.py for tasks to queue
[2023-03-09T09:38:02.261+0000] {logging_mixin.py:137} INFO - [2023-03-09T09:38:02.261+0000] {dagbag.py:538} INFO - Filling up the DagBag from /home/airflow/.local/lib/python3.7/site-packages/airflow/example_dags/example_task_group.py
[2023-03-09T09:38:02.271+0000] {processor.py:753} INFO - DAG(s) dict_keys(['example_task_group']) retrieved from /home/airflow/.local/lib/python3.7/site-packages/airflow/example_dags/example_task_group.py
[2023-03-09T09:38:02.289+0000] {logging_mixin.py:137} INFO - [2023-03-09T09:38:02.289+0000] {dag.py:2690} INFO - Sync 1 DAGs
[2023-03-09T09:38:02.303+0000] {logging_mixin.py:137} INFO - [2023-03-09T09:38:02.303+0000] {dag.py:3441} INFO - Setting next_dagrun for example_task_group to 2023-03-08T09:38:02.303063+00:00, run_after=2023-03-09T09:38:02.303063+00:00
[2023-03-09T09:38:02.313+0000] {processor.py:175} INFO - Processing /home/airflow/.local/lib/python3.7/site-packages/airflow/example_dags/example_task_group.py took 0.057 seconds
[2023-03-09T09:38:32.384+0000] {processor.py:153} INFO - Started process (PID=2676) to work on /home/airflow/.local/lib/python3.7/site-packages/airflow/example_dags/example_task_group.py
[2023-03-09T09:38:32.386+0000] {processor.py:743} INFO - Processing file /home/airflow/.local/lib/python3.7/site-packages/airflow/example_dags/example_task_group.py for tasks to queue
[2023-03-09T09:38:32.387+0000] {logging_mixin.py:137} INFO - [2023-03-09T09:38:32.387+0000] {dagbag.py:538} INFO - Filling up the DagBag from /home/airflow/.local/lib/python3.7/site-packages/airflow/example_dags/example_task_group.py
[2023-03-09T09:38:32.397+0000] {processor.py:753} INFO - DAG(s) dict_keys(['example_task_group']) retrieved from /home/airflow/.local/lib/python3.7/site-packages/airflow/example_dags/example_task_group.py
[2023-03-09T09:38:32.416+0000] {logging_mixin.py:137} INFO - [2023-03-09T09:38:32.416+0000] {dag.py:2690} INFO - Sync 1 DAGs
[2023-03-09T09:38:32.430+0000] {logging_mixin.py:137} INFO - [2023-03-09T09:38:32.430+0000] {dag.py:3441} INFO - Setting next_dagrun for example_task_group to 2023-03-08T09:38:32.430412+00:00, run_after=2023-03-09T09:38:32.430412+00:00
[2023-03-09T09:38:32.442+0000] {processor.py:175} INFO - Processing /home/airflow/.local/lib/python3.7/site-packages/airflow/example_dags/example_task_group.py took 0.060 seconds
[2023-03-09T09:39:02.712+0000] {processor.py:153} INFO - Started process (PID=2760) to work on /home/airflow/.local/lib/python3.7/site-packages/airflow/example_dags/example_task_group.py
[2023-03-09T09:39:02.714+0000] {processor.py:743} INFO - Processing file /home/airflow/.local/lib/python3.7/site-packages/airflow/example_dags/example_task_group.py for tasks to queue
[2023-03-09T09:39:02.716+0000] {logging_mixin.py:137} INFO - [2023-03-09T09:39:02.716+0000] {dagbag.py:538} INFO - Filling up the DagBag from /home/airflow/.local/lib/python3.7/site-packages/airflow/example_dags/example_task_group.py
[2023-03-09T09:39:02.726+0000] {processor.py:753} INFO - DAG(s) dict_keys(['example_task_group']) retrieved from /home/airflow/.local/lib/python3.7/site-packages/airflow/example_dags/example_task_group.py
[2023-03-09T09:39:02.744+0000] {logging_mixin.py:137} INFO - [2023-03-09T09:39:02.744+0000] {dag.py:2690} INFO - Sync 1 DAGs
[2023-03-09T09:39:02.758+0000] {logging_mixin.py:137} INFO - [2023-03-09T09:39:02.758+0000] {dag.py:3441} INFO - Setting next_dagrun for example_task_group to 2023-03-08T09:39:02.758213+00:00, run_after=2023-03-09T09:39:02.758213+00:00
[2023-03-09T09:39:02.768+0000] {processor.py:175} INFO - Processing /home/airflow/.local/lib/python3.7/site-packages/airflow/example_dags/example_task_group.py took 0.058 seconds
[2023-03-09T09:39:32.861+0000] {processor.py:153} INFO - Started process (PID=2839) to work on /home/airflow/.local/lib/python3.7/site-packages/airflow/example_dags/example_task_group.py
[2023-03-09T09:39:32.863+0000] {processor.py:743} INFO - Processing file /home/airflow/.local/lib/python3.7/site-packages/airflow/example_dags/example_task_group.py for tasks to queue
[2023-03-09T09:39:32.864+0000] {logging_mixin.py:137} INFO - [2023-03-09T09:39:32.864+0000] {dagbag.py:538} INFO - Filling up the DagBag from /home/airflow/.local/lib/python3.7/site-packages/airflow/example_dags/example_task_group.py
[2023-03-09T09:39:32.876+0000] {processor.py:753} INFO - DAG(s) dict_keys(['example_task_group']) retrieved from /home/airflow/.local/lib/python3.7/site-packages/airflow/example_dags/example_task_group.py
[2023-03-09T09:39:32.894+0000] {logging_mixin.py:137} INFO - [2023-03-09T09:39:32.894+0000] {dag.py:2690} INFO - Sync 1 DAGs
[2023-03-09T09:39:32.910+0000] {logging_mixin.py:137} INFO - [2023-03-09T09:39:32.910+0000] {dag.py:3441} INFO - Setting next_dagrun for example_task_group to 2023-03-08T09:39:32.910349+00:00, run_after=2023-03-09T09:39:32.910349+00:00
[2023-03-09T09:39:32.923+0000] {processor.py:175} INFO - Processing /home/airflow/.local/lib/python3.7/site-packages/airflow/example_dags/example_task_group.py took 0.066 seconds
[2023-03-09T09:40:03.289+0000] {processor.py:153} INFO - Started process (PID=2909) to work on /home/airflow/.local/lib/python3.7/site-packages/airflow/example_dags/example_task_group.py
[2023-03-09T09:40:03.291+0000] {processor.py:743} INFO - Processing file /home/airflow/.local/lib/python3.7/site-packages/airflow/example_dags/example_task_group.py for tasks to queue
[2023-03-09T09:40:03.292+0000] {logging_mixin.py:137} INFO - [2023-03-09T09:40:03.292+0000] {dagbag.py:538} INFO - Filling up the DagBag from /home/airflow/.local/lib/python3.7/site-packages/airflow/example_dags/example_task_group.py
[2023-03-09T09:40:03.304+0000] {processor.py:753} INFO - DAG(s) dict_keys(['example_task_group']) retrieved from /home/airflow/.local/lib/python3.7/site-packages/airflow/example_dags/example_task_group.py
[2023-03-09T09:40:03.321+0000] {logging_mixin.py:137} INFO - [2023-03-09T09:40:03.321+0000] {dag.py:2690} INFO - Sync 1 DAGs
[2023-03-09T09:40:03.336+0000] {logging_mixin.py:137} INFO - [2023-03-09T09:40:03.336+0000] {dag.py:3441} INFO - Setting next_dagrun for example_task_group to 2023-03-08T09:40:03.336612+00:00, run_after=2023-03-09T09:40:03.336612+00:00
[2023-03-09T09:40:03.348+0000] {processor.py:175} INFO - Processing /home/airflow/.local/lib/python3.7/site-packages/airflow/example_dags/example_task_group.py took 0.062 seconds
[2023-03-09T09:40:33.464+0000] {processor.py:153} INFO - Started process (PID=2987) to work on /home/airflow/.local/lib/python3.7/site-packages/airflow/example_dags/example_task_group.py
[2023-03-09T09:40:33.466+0000] {processor.py:743} INFO - Processing file /home/airflow/.local/lib/python3.7/site-packages/airflow/example_dags/example_task_group.py for tasks to queue
[2023-03-09T09:40:33.467+0000] {logging_mixin.py:137} INFO - [2023-03-09T09:40:33.467+0000] {dagbag.py:538} INFO - Filling up the DagBag from /home/airflow/.local/lib/python3.7/site-packages/airflow/example_dags/example_task_group.py
[2023-03-09T09:40:33.478+0000] {processor.py:753} INFO - DAG(s) dict_keys(['example_task_group']) retrieved from /home/airflow/.local/lib/python3.7/site-packages/airflow/example_dags/example_task_group.py
[2023-03-09T09:40:33.505+0000] {logging_mixin.py:137} INFO - [2023-03-09T09:40:33.505+0000] {dag.py:2690} INFO - Sync 1 DAGs
[2023-03-09T09:40:33.521+0000] {logging_mixin.py:137} INFO - [2023-03-09T09:40:33.521+0000] {dag.py:3441} INFO - Setting next_dagrun for example_task_group to 2023-03-08T09:40:33.520868+00:00, run_after=2023-03-09T09:40:33.520868+00:00
[2023-03-09T09:40:33.538+0000] {processor.py:175} INFO - Processing /home/airflow/.local/lib/python3.7/site-packages/airflow/example_dags/example_task_group.py took 0.076 seconds
[2023-03-09T09:41:03.596+0000] {processor.py:153} INFO - Started process (PID=3055) to work on /home/airflow/.local/lib/python3.7/site-packages/airflow/example_dags/example_task_group.py
[2023-03-09T09:41:03.610+0000] {processor.py:743} INFO - Processing file /home/airflow/.local/lib/python3.7/site-packages/airflow/example_dags/example_task_group.py for tasks to queue
[2023-03-09T09:41:03.611+0000] {logging_mixin.py:137} INFO - [2023-03-09T09:41:03.611+0000] {dagbag.py:538} INFO - Filling up the DagBag from /home/airflow/.local/lib/python3.7/site-packages/airflow/example_dags/example_task_group.py
[2023-03-09T09:41:03.637+0000] {processor.py:753} INFO - DAG(s) dict_keys(['example_task_group']) retrieved from /home/airflow/.local/lib/python3.7/site-packages/airflow/example_dags/example_task_group.py
[2023-03-09T09:41:03.654+0000] {logging_mixin.py:137} INFO - [2023-03-09T09:41:03.654+0000] {dag.py:2690} INFO - Sync 1 DAGs
[2023-03-09T09:41:03.669+0000] {logging_mixin.py:137} INFO - [2023-03-09T09:41:03.669+0000] {dag.py:3441} INFO - Setting next_dagrun for example_task_group to 2023-03-08T09:41:03.669134+00:00, run_after=2023-03-09T09:41:03.669134+00:00
[2023-03-09T09:41:03.680+0000] {processor.py:175} INFO - Processing /home/airflow/.local/lib/python3.7/site-packages/airflow/example_dags/example_task_group.py took 0.086 seconds
[2023-03-09T09:41:34.589+0000] {processor.py:153} INFO - Started process (PID=3132) to work on /home/airflow/.local/lib/python3.7/site-packages/airflow/example_dags/example_task_group.py
[2023-03-09T09:41:34.592+0000] {processor.py:743} INFO - Processing file /home/airflow/.local/lib/python3.7/site-packages/airflow/example_dags/example_task_group.py for tasks to queue
[2023-03-09T09:41:34.592+0000] {logging_mixin.py:137} INFO - [2023-03-09T09:41:34.592+0000] {dagbag.py:538} INFO - Filling up the DagBag from /home/airflow/.local/lib/python3.7/site-packages/airflow/example_dags/example_task_group.py
[2023-03-09T09:41:34.603+0000] {processor.py:753} INFO - DAG(s) dict_keys(['example_task_group']) retrieved from /home/airflow/.local/lib/python3.7/site-packages/airflow/example_dags/example_task_group.py
[2023-03-09T09:41:34.621+0000] {logging_mixin.py:137} INFO - [2023-03-09T09:41:34.621+0000] {dag.py:2690} INFO - Sync 1 DAGs
[2023-03-09T09:41:34.636+0000] {logging_mixin.py:137} INFO - [2023-03-09T09:41:34.636+0000] {dag.py:3441} INFO - Setting next_dagrun for example_task_group to 2023-03-08T09:41:34.636157+00:00, run_after=2023-03-09T09:41:34.636157+00:00
[2023-03-09T09:41:34.647+0000] {processor.py:175} INFO - Processing /home/airflow/.local/lib/python3.7/site-packages/airflow/example_dags/example_task_group.py took 0.061 seconds
[2023-03-09T09:42:05.077+0000] {processor.py:153} INFO - Started process (PID=3210) to work on /home/airflow/.local/lib/python3.7/site-packages/airflow/example_dags/example_task_group.py
[2023-03-09T09:42:05.078+0000] {processor.py:743} INFO - Processing file /home/airflow/.local/lib/python3.7/site-packages/airflow/example_dags/example_task_group.py for tasks to queue
[2023-03-09T09:42:05.079+0000] {logging_mixin.py:137} INFO - [2023-03-09T09:42:05.079+0000] {dagbag.py:538} INFO - Filling up the DagBag from /home/airflow/.local/lib/python3.7/site-packages/airflow/example_dags/example_task_group.py
[2023-03-09T09:42:05.091+0000] {processor.py:753} INFO - DAG(s) dict_keys(['example_task_group']) retrieved from /home/airflow/.local/lib/python3.7/site-packages/airflow/example_dags/example_task_group.py
[2023-03-09T09:42:05.108+0000] {logging_mixin.py:137} INFO - [2023-03-09T09:42:05.108+0000] {dag.py:2690} INFO - Sync 1 DAGs
[2023-03-09T09:42:05.124+0000] {logging_mixin.py:137} INFO - [2023-03-09T09:42:05.124+0000] {dag.py:3441} INFO - Setting next_dagrun for example_task_group to 2023-03-08T09:42:05.124619+00:00, run_after=2023-03-09T09:42:05.124619+00:00
[2023-03-09T09:42:05.138+0000] {processor.py:175} INFO - Processing /home/airflow/.local/lib/python3.7/site-packages/airflow/example_dags/example_task_group.py took 0.065 seconds
[2023-03-09T09:42:35.245+0000] {processor.py:153} INFO - Started process (PID=3277) to work on /home/airflow/.local/lib/python3.7/site-packages/airflow/example_dags/example_task_group.py
[2023-03-09T09:42:35.247+0000] {processor.py:743} INFO - Processing file /home/airflow/.local/lib/python3.7/site-packages/airflow/example_dags/example_task_group.py for tasks to queue
[2023-03-09T09:42:35.249+0000] {logging_mixin.py:137} INFO - [2023-03-09T09:42:35.248+0000] {dagbag.py:538} INFO - Filling up the DagBag from /home/airflow/.local/lib/python3.7/site-packages/airflow/example_dags/example_task_group.py
[2023-03-09T09:42:35.264+0000] {processor.py:753} INFO - DAG(s) dict_keys(['example_task_group']) retrieved from /home/airflow/.local/lib/python3.7/site-packages/airflow/example_dags/example_task_group.py
[2023-03-09T09:42:35.291+0000] {logging_mixin.py:137} INFO - [2023-03-09T09:42:35.290+0000] {dag.py:2690} INFO - Sync 1 DAGs
[2023-03-09T09:42:35.311+0000] {logging_mixin.py:137} INFO - [2023-03-09T09:42:35.311+0000] {dag.py:3441} INFO - Setting next_dagrun for example_task_group to 2023-03-08T09:42:35.311558+00:00, run_after=2023-03-09T09:42:35.311558+00:00
[2023-03-09T09:42:35.329+0000] {processor.py:175} INFO - Processing /home/airflow/.local/lib/python3.7/site-packages/airflow/example_dags/example_task_group.py took 0.089 seconds
[2023-03-09T09:43:05.654+0000] {processor.py:153} INFO - Started process (PID=3355) to work on /home/airflow/.local/lib/python3.7/site-packages/airflow/example_dags/example_task_group.py
[2023-03-09T09:43:05.656+0000] {processor.py:743} INFO - Processing file /home/airflow/.local/lib/python3.7/site-packages/airflow/example_dags/example_task_group.py for tasks to queue
[2023-03-09T09:43:05.657+0000] {logging_mixin.py:137} INFO - [2023-03-09T09:43:05.657+0000] {dagbag.py:538} INFO - Filling up the DagBag from /home/airflow/.local/lib/python3.7/site-packages/airflow/example_dags/example_task_group.py
[2023-03-09T09:43:05.670+0000] {processor.py:753} INFO - DAG(s) dict_keys(['example_task_group']) retrieved from /home/airflow/.local/lib/python3.7/site-packages/airflow/example_dags/example_task_group.py
[2023-03-09T09:43:05.691+0000] {logging_mixin.py:137} INFO - [2023-03-09T09:43:05.691+0000] {dag.py:2690} INFO - Sync 1 DAGs
[2023-03-09T09:43:05.708+0000] {logging_mixin.py:137} INFO - [2023-03-09T09:43:05.708+0000] {dag.py:3441} INFO - Setting next_dagrun for example_task_group to 2023-03-08T09:43:05.708348+00:00, run_after=2023-03-09T09:43:05.708348+00:00
[2023-03-09T09:43:05.721+0000] {processor.py:175} INFO - Processing /home/airflow/.local/lib/python3.7/site-packages/airflow/example_dags/example_task_group.py took 0.069 seconds
[2023-03-09T09:43:36.066+0000] {processor.py:153} INFO - Started process (PID=3438) to work on /home/airflow/.local/lib/python3.7/site-packages/airflow/example_dags/example_task_group.py
[2023-03-09T09:43:36.068+0000] {processor.py:743} INFO - Processing file /home/airflow/.local/lib/python3.7/site-packages/airflow/example_dags/example_task_group.py for tasks to queue
[2023-03-09T09:43:36.070+0000] {logging_mixin.py:137} INFO - [2023-03-09T09:43:36.069+0000] {dagbag.py:538} INFO - Filling up the DagBag from /home/airflow/.local/lib/python3.7/site-packages/airflow/example_dags/example_task_group.py
[2023-03-09T09:43:36.085+0000] {processor.py:753} INFO - DAG(s) dict_keys(['example_task_group']) retrieved from /home/airflow/.local/lib/python3.7/site-packages/airflow/example_dags/example_task_group.py
[2023-03-09T09:43:36.105+0000] {logging_mixin.py:137} INFO - [2023-03-09T09:43:36.105+0000] {dag.py:2690} INFO - Sync 1 DAGs
[2023-03-09T09:43:36.141+0000] {logging_mixin.py:137} INFO - [2023-03-09T09:43:36.141+0000] {dag.py:3441} INFO - Setting next_dagrun for example_task_group to 2023-03-08T09:43:36.141391+00:00, run_after=2023-03-09T09:43:36.141391+00:00
[2023-03-09T09:43:36.163+0000] {processor.py:175} INFO - Processing /home/airflow/.local/lib/python3.7/site-packages/airflow/example_dags/example_task_group.py took 0.100 seconds
[2023-03-09T09:44:06.535+0000] {processor.py:153} INFO - Started process (PID=3504) to work on /home/airflow/.local/lib/python3.7/site-packages/airflow/example_dags/example_task_group.py
[2023-03-09T09:44:06.536+0000] {processor.py:743} INFO - Processing file /home/airflow/.local/lib/python3.7/site-packages/airflow/example_dags/example_task_group.py for tasks to queue
[2023-03-09T09:44:06.537+0000] {logging_mixin.py:137} INFO - [2023-03-09T09:44:06.537+0000] {dagbag.py:538} INFO - Filling up the DagBag from /home/airflow/.local/lib/python3.7/site-packages/airflow/example_dags/example_task_group.py
[2023-03-09T09:44:06.547+0000] {processor.py:753} INFO - DAG(s) dict_keys(['example_task_group']) retrieved from /home/airflow/.local/lib/python3.7/site-packages/airflow/example_dags/example_task_group.py
[2023-03-09T09:44:06.565+0000] {logging_mixin.py:137} INFO - [2023-03-09T09:44:06.565+0000] {dag.py:2690} INFO - Sync 1 DAGs
[2023-03-09T09:44:06.580+0000] {logging_mixin.py:137} INFO - [2023-03-09T09:44:06.580+0000] {dag.py:3441} INFO - Setting next_dagrun for example_task_group to 2023-03-08T09:44:06.580198+00:00, run_after=2023-03-09T09:44:06.580198+00:00
[2023-03-09T09:44:06.594+0000] {processor.py:175} INFO - Processing /home/airflow/.local/lib/python3.7/site-packages/airflow/example_dags/example_task_group.py took 0.063 seconds
[2023-03-09T09:44:36.797+0000] {processor.py:153} INFO - Started process (PID=3586) to work on /home/airflow/.local/lib/python3.7/site-packages/airflow/example_dags/example_task_group.py
[2023-03-09T09:44:36.799+0000] {processor.py:743} INFO - Processing file /home/airflow/.local/lib/python3.7/site-packages/airflow/example_dags/example_task_group.py for tasks to queue
[2023-03-09T09:44:36.800+0000] {logging_mixin.py:137} INFO - [2023-03-09T09:44:36.800+0000] {dagbag.py:538} INFO - Filling up the DagBag from /home/airflow/.local/lib/python3.7/site-packages/airflow/example_dags/example_task_group.py
[2023-03-09T09:44:36.811+0000] {processor.py:753} INFO - DAG(s) dict_keys(['example_task_group']) retrieved from /home/airflow/.local/lib/python3.7/site-packages/airflow/example_dags/example_task_group.py
[2023-03-09T09:44:36.829+0000] {logging_mixin.py:137} INFO - [2023-03-09T09:44:36.829+0000] {dag.py:2690} INFO - Sync 1 DAGs
[2023-03-09T09:44:36.845+0000] {logging_mixin.py:137} INFO - [2023-03-09T09:44:36.845+0000] {dag.py:3441} INFO - Setting next_dagrun for example_task_group to 2023-03-08T09:44:36.845724+00:00, run_after=2023-03-09T09:44:36.845724+00:00
[2023-03-09T09:44:36.858+0000] {processor.py:175} INFO - Processing /home/airflow/.local/lib/python3.7/site-packages/airflow/example_dags/example_task_group.py took 0.064 seconds
[2023-03-09T09:45:06.945+0000] {processor.py:153} INFO - Started process (PID=3661) to work on /home/airflow/.local/lib/python3.7/site-packages/airflow/example_dags/example_task_group.py
[2023-03-09T09:45:06.949+0000] {processor.py:743} INFO - Processing file /home/airflow/.local/lib/python3.7/site-packages/airflow/example_dags/example_task_group.py for tasks to queue
[2023-03-09T09:45:06.951+0000] {logging_mixin.py:137} INFO - [2023-03-09T09:45:06.951+0000] {dagbag.py:538} INFO - Filling up the DagBag from /home/airflow/.local/lib/python3.7/site-packages/airflow/example_dags/example_task_group.py
[2023-03-09T09:45:06.963+0000] {processor.py:753} INFO - DAG(s) dict_keys(['example_task_group']) retrieved from /home/airflow/.local/lib/python3.7/site-packages/airflow/example_dags/example_task_group.py
[2023-03-09T09:45:06.985+0000] {logging_mixin.py:137} INFO - [2023-03-09T09:45:06.985+0000] {dag.py:2690} INFO - Sync 1 DAGs
[2023-03-09T09:45:07.007+0000] {logging_mixin.py:137} INFO - [2023-03-09T09:45:07.007+0000] {dag.py:3441} INFO - Setting next_dagrun for example_task_group to 2023-03-08T09:45:07.007121+00:00, run_after=2023-03-09T09:45:07.007121+00:00
[2023-03-09T09:45:07.036+0000] {processor.py:175} INFO - Processing /home/airflow/.local/lib/python3.7/site-packages/airflow/example_dags/example_task_group.py took 0.094 seconds
[2023-03-09T09:45:37.511+0000] {processor.py:153} INFO - Started process (PID=3730) to work on /home/airflow/.local/lib/python3.7/site-packages/airflow/example_dags/example_task_group.py
[2023-03-09T09:45:37.512+0000] {processor.py:743} INFO - Processing file /home/airflow/.local/lib/python3.7/site-packages/airflow/example_dags/example_task_group.py for tasks to queue
[2023-03-09T09:45:37.513+0000] {logging_mixin.py:137} INFO - [2023-03-09T09:45:37.513+0000] {dagbag.py:538} INFO - Filling up the DagBag from /home/airflow/.local/lib/python3.7/site-packages/airflow/example_dags/example_task_group.py
[2023-03-09T09:45:37.525+0000] {processor.py:753} INFO - DAG(s) dict_keys(['example_task_group']) retrieved from /home/airflow/.local/lib/python3.7/site-packages/airflow/example_dags/example_task_group.py
[2023-03-09T09:45:37.543+0000] {logging_mixin.py:137} INFO - [2023-03-09T09:45:37.543+0000] {dag.py:2690} INFO - Sync 1 DAGs
[2023-03-09T09:45:37.559+0000] {logging_mixin.py:137} INFO - [2023-03-09T09:45:37.559+0000] {dag.py:3441} INFO - Setting next_dagrun for example_task_group to 2023-03-08T09:45:37.559325+00:00, run_after=2023-03-09T09:45:37.559325+00:00
[2023-03-09T09:45:37.574+0000] {processor.py:175} INFO - Processing /home/airflow/.local/lib/python3.7/site-packages/airflow/example_dags/example_task_group.py took 0.066 seconds
[2023-03-09T09:46:07.619+0000] {processor.py:153} INFO - Started process (PID=3814) to work on /home/airflow/.local/lib/python3.7/site-packages/airflow/example_dags/example_task_group.py
[2023-03-09T09:46:07.621+0000] {processor.py:743} INFO - Processing file /home/airflow/.local/lib/python3.7/site-packages/airflow/example_dags/example_task_group.py for tasks to queue
[2023-03-09T09:46:07.622+0000] {logging_mixin.py:137} INFO - [2023-03-09T09:46:07.622+0000] {dagbag.py:538} INFO - Filling up the DagBag from /home/airflow/.local/lib/python3.7/site-packages/airflow/example_dags/example_task_group.py
[2023-03-09T09:46:07.632+0000] {processor.py:753} INFO - DAG(s) dict_keys(['example_task_group']) retrieved from /home/airflow/.local/lib/python3.7/site-packages/airflow/example_dags/example_task_group.py
[2023-03-09T09:46:07.650+0000] {logging_mixin.py:137} INFO - [2023-03-09T09:46:07.650+0000] {dag.py:2690} INFO - Sync 1 DAGs
[2023-03-09T09:46:07.665+0000] {logging_mixin.py:137} INFO - [2023-03-09T09:46:07.665+0000] {dag.py:3441} INFO - Setting next_dagrun for example_task_group to 2023-03-08T09:46:07.665387+00:00, run_after=2023-03-09T09:46:07.665387+00:00
[2023-03-09T09:46:07.676+0000] {processor.py:175} INFO - Processing /home/airflow/.local/lib/python3.7/site-packages/airflow/example_dags/example_task_group.py took 0.059 seconds
[2023-03-09T09:46:38.075+0000] {processor.py:153} INFO - Started process (PID=3879) to work on /home/airflow/.local/lib/python3.7/site-packages/airflow/example_dags/example_task_group.py
[2023-03-09T09:46:38.077+0000] {processor.py:743} INFO - Processing file /home/airflow/.local/lib/python3.7/site-packages/airflow/example_dags/example_task_group.py for tasks to queue
[2023-03-09T09:46:38.078+0000] {logging_mixin.py:137} INFO - [2023-03-09T09:46:38.078+0000] {dagbag.py:538} INFO - Filling up the DagBag from /home/airflow/.local/lib/python3.7/site-packages/airflow/example_dags/example_task_group.py
[2023-03-09T09:46:38.089+0000] {processor.py:753} INFO - DAG(s) dict_keys(['example_task_group']) retrieved from /home/airflow/.local/lib/python3.7/site-packages/airflow/example_dags/example_task_group.py
[2023-03-09T09:46:38.106+0000] {logging_mixin.py:137} INFO - [2023-03-09T09:46:38.106+0000] {dag.py:2690} INFO - Sync 1 DAGs
[2023-03-09T09:46:38.121+0000] {logging_mixin.py:137} INFO - [2023-03-09T09:46:38.121+0000] {dag.py:3441} INFO - Setting next_dagrun for example_task_group to 2023-03-08T09:46:38.121647+00:00, run_after=2023-03-09T09:46:38.121647+00:00
[2023-03-09T09:46:38.134+0000] {processor.py:175} INFO - Processing /home/airflow/.local/lib/python3.7/site-packages/airflow/example_dags/example_task_group.py took 0.062 seconds
[2023-03-09T09:47:08.520+0000] {processor.py:153} INFO - Started process (PID=3962) to work on /home/airflow/.local/lib/python3.7/site-packages/airflow/example_dags/example_task_group.py
[2023-03-09T09:47:08.521+0000] {processor.py:743} INFO - Processing file /home/airflow/.local/lib/python3.7/site-packages/airflow/example_dags/example_task_group.py for tasks to queue
[2023-03-09T09:47:08.522+0000] {logging_mixin.py:137} INFO - [2023-03-09T09:47:08.522+0000] {dagbag.py:538} INFO - Filling up the DagBag from /home/airflow/.local/lib/python3.7/site-packages/airflow/example_dags/example_task_group.py
[2023-03-09T09:47:08.533+0000] {processor.py:753} INFO - DAG(s) dict_keys(['example_task_group']) retrieved from /home/airflow/.local/lib/python3.7/site-packages/airflow/example_dags/example_task_group.py
[2023-03-09T09:47:08.550+0000] {logging_mixin.py:137} INFO - [2023-03-09T09:47:08.549+0000] {dag.py:2690} INFO - Sync 1 DAGs
[2023-03-09T09:47:08.566+0000] {logging_mixin.py:137} INFO - [2023-03-09T09:47:08.565+0000] {dag.py:3441} INFO - Setting next_dagrun for example_task_group to 2023-03-08T09:47:08.565702+00:00, run_after=2023-03-09T09:47:08.565702+00:00
[2023-03-09T09:47:08.579+0000] {processor.py:175} INFO - Processing /home/airflow/.local/lib/python3.7/site-packages/airflow/example_dags/example_task_group.py took 0.062 seconds
[2023-03-09T09:47:38.894+0000] {processor.py:153} INFO - Started process (PID=4041) to work on /home/airflow/.local/lib/python3.7/site-packages/airflow/example_dags/example_task_group.py
[2023-03-09T09:47:38.895+0000] {processor.py:743} INFO - Processing file /home/airflow/.local/lib/python3.7/site-packages/airflow/example_dags/example_task_group.py for tasks to queue
[2023-03-09T09:47:38.896+0000] {logging_mixin.py:137} INFO - [2023-03-09T09:47:38.896+0000] {dagbag.py:538} INFO - Filling up the DagBag from /home/airflow/.local/lib/python3.7/site-packages/airflow/example_dags/example_task_group.py
[2023-03-09T09:47:38.907+0000] {processor.py:753} INFO - DAG(s) dict_keys(['example_task_group']) retrieved from /home/airflow/.local/lib/python3.7/site-packages/airflow/example_dags/example_task_group.py
[2023-03-09T09:47:38.925+0000] {logging_mixin.py:137} INFO - [2023-03-09T09:47:38.924+0000] {dag.py:2690} INFO - Sync 1 DAGs
[2023-03-09T09:47:38.940+0000] {logging_mixin.py:137} INFO - [2023-03-09T09:47:38.940+0000] {dag.py:3441} INFO - Setting next_dagrun for example_task_group to 2023-03-08T09:47:38.940184+00:00, run_after=2023-03-09T09:47:38.940184+00:00
[2023-03-09T09:47:38.954+0000] {processor.py:175} INFO - Processing /home/airflow/.local/lib/python3.7/site-packages/airflow/example_dags/example_task_group.py took 0.064 seconds
[2023-03-09T09:48:09.186+0000] {processor.py:153} INFO - Started process (PID=4105) to work on /home/airflow/.local/lib/python3.7/site-packages/airflow/example_dags/example_task_group.py
[2023-03-09T09:48:09.187+0000] {processor.py:743} INFO - Processing file /home/airflow/.local/lib/python3.7/site-packages/airflow/example_dags/example_task_group.py for tasks to queue
[2023-03-09T09:48:09.188+0000] {logging_mixin.py:137} INFO - [2023-03-09T09:48:09.188+0000] {dagbag.py:538} INFO - Filling up the DagBag from /home/airflow/.local/lib/python3.7/site-packages/airflow/example_dags/example_task_group.py
[2023-03-09T09:48:09.198+0000] {processor.py:753} INFO - DAG(s) dict_keys(['example_task_group']) retrieved from /home/airflow/.local/lib/python3.7/site-packages/airflow/example_dags/example_task_group.py
[2023-03-09T09:48:09.216+0000] {logging_mixin.py:137} INFO - [2023-03-09T09:48:09.216+0000] {dag.py:2690} INFO - Sync 1 DAGs
[2023-03-09T09:48:09.232+0000] {logging_mixin.py:137} INFO - [2023-03-09T09:48:09.232+0000] {dag.py:3441} INFO - Setting next_dagrun for example_task_group to 2023-03-08T09:48:09.232176+00:00, run_after=2023-03-09T09:48:09.232176+00:00
[2023-03-09T09:48:09.245+0000] {processor.py:175} INFO - Processing /home/airflow/.local/lib/python3.7/site-packages/airflow/example_dags/example_task_group.py took 0.062 seconds
[2023-03-09T09:48:39.445+0000] {processor.py:153} INFO - Started process (PID=4180) to work on /home/airflow/.local/lib/python3.7/site-packages/airflow/example_dags/example_task_group.py
[2023-03-09T09:48:39.447+0000] {processor.py:743} INFO - Processing file /home/airflow/.local/lib/python3.7/site-packages/airflow/example_dags/example_task_group.py for tasks to queue
[2023-03-09T09:48:39.448+0000] {logging_mixin.py:137} INFO - [2023-03-09T09:48:39.448+0000] {dagbag.py:538} INFO - Filling up the DagBag from /home/airflow/.local/lib/python3.7/site-packages/airflow/example_dags/example_task_group.py
[2023-03-09T09:48:39.458+0000] {processor.py:753} INFO - DAG(s) dict_keys(['example_task_group']) retrieved from /home/airflow/.local/lib/python3.7/site-packages/airflow/example_dags/example_task_group.py
[2023-03-09T09:48:39.475+0000] {logging_mixin.py:137} INFO - [2023-03-09T09:48:39.475+0000] {dag.py:2690} INFO - Sync 1 DAGs
[2023-03-09T09:48:39.490+0000] {logging_mixin.py:137} INFO - [2023-03-09T09:48:39.490+0000] {dag.py:3441} INFO - Setting next_dagrun for example_task_group to 2023-03-08T09:48:39.490727+00:00, run_after=2023-03-09T09:48:39.490727+00:00
[2023-03-09T09:48:39.501+0000] {processor.py:175} INFO - Processing /home/airflow/.local/lib/python3.7/site-packages/airflow/example_dags/example_task_group.py took 0.058 seconds
[2023-03-09T09:49:09.792+0000] {processor.py:153} INFO - Started process (PID=4264) to work on /home/airflow/.local/lib/python3.7/site-packages/airflow/example_dags/example_task_group.py
[2023-03-09T09:49:09.797+0000] {processor.py:743} INFO - Processing file /home/airflow/.local/lib/python3.7/site-packages/airflow/example_dags/example_task_group.py for tasks to queue
[2023-03-09T09:49:09.800+0000] {logging_mixin.py:137} INFO - [2023-03-09T09:49:09.799+0000] {dagbag.py:538} INFO - Filling up the DagBag from /home/airflow/.local/lib/python3.7/site-packages/airflow/example_dags/example_task_group.py
[2023-03-09T09:49:09.826+0000] {processor.py:753} INFO - DAG(s) dict_keys(['example_task_group']) retrieved from /home/airflow/.local/lib/python3.7/site-packages/airflow/example_dags/example_task_group.py
[2023-03-09T09:49:09.857+0000] {logging_mixin.py:137} INFO - [2023-03-09T09:49:09.857+0000] {dag.py:2690} INFO - Sync 1 DAGs
[2023-03-09T09:49:09.874+0000] {logging_mixin.py:137} INFO - [2023-03-09T09:49:09.874+0000] {dag.py:3441} INFO - Setting next_dagrun for example_task_group to 2023-03-08T09:49:09.874571+00:00, run_after=2023-03-09T09:49:09.874571+00:00
[2023-03-09T09:49:09.889+0000] {processor.py:175} INFO - Processing /home/airflow/.local/lib/python3.7/site-packages/airflow/example_dags/example_task_group.py took 0.099 seconds
[2023-03-09T09:49:40.202+0000] {processor.py:153} INFO - Started process (PID=4331) to work on /home/airflow/.local/lib/python3.7/site-packages/airflow/example_dags/example_task_group.py
[2023-03-09T09:49:40.204+0000] {processor.py:743} INFO - Processing file /home/airflow/.local/lib/python3.7/site-packages/airflow/example_dags/example_task_group.py for tasks to queue
[2023-03-09T09:49:40.205+0000] {logging_mixin.py:137} INFO - [2023-03-09T09:49:40.205+0000] {dagbag.py:538} INFO - Filling up the DagBag from /home/airflow/.local/lib/python3.7/site-packages/airflow/example_dags/example_task_group.py
[2023-03-09T09:49:40.216+0000] {processor.py:753} INFO - DAG(s) dict_keys(['example_task_group']) retrieved from /home/airflow/.local/lib/python3.7/site-packages/airflow/example_dags/example_task_group.py
[2023-03-09T09:49:40.233+0000] {logging_mixin.py:137} INFO - [2023-03-09T09:49:40.233+0000] {dag.py:2690} INFO - Sync 1 DAGs
[2023-03-09T09:49:40.250+0000] {logging_mixin.py:137} INFO - [2023-03-09T09:49:40.250+0000] {dag.py:3441} INFO - Setting next_dagrun for example_task_group to 2023-03-08T09:49:40.250275+00:00, run_after=2023-03-09T09:49:40.250275+00:00
[2023-03-09T09:49:40.262+0000] {processor.py:175} INFO - Processing /home/airflow/.local/lib/python3.7/site-packages/airflow/example_dags/example_task_group.py took 0.063 seconds
[2023-03-09T09:50:10.727+0000] {processor.py:153} INFO - Started process (PID=4410) to work on /home/airflow/.local/lib/python3.7/site-packages/airflow/example_dags/example_task_group.py
[2023-03-09T09:50:10.729+0000] {processor.py:743} INFO - Processing file /home/airflow/.local/lib/python3.7/site-packages/airflow/example_dags/example_task_group.py for tasks to queue
[2023-03-09T09:50:10.730+0000] {logging_mixin.py:137} INFO - [2023-03-09T09:50:10.730+0000] {dagbag.py:538} INFO - Filling up the DagBag from /home/airflow/.local/lib/python3.7/site-packages/airflow/example_dags/example_task_group.py
[2023-03-09T09:50:10.740+0000] {processor.py:753} INFO - DAG(s) dict_keys(['example_task_group']) retrieved from /home/airflow/.local/lib/python3.7/site-packages/airflow/example_dags/example_task_group.py
[2023-03-09T09:50:10.760+0000] {logging_mixin.py:137} INFO - [2023-03-09T09:50:10.760+0000] {dag.py:2690} INFO - Sync 1 DAGs
[2023-03-09T09:50:10.775+0000] {logging_mixin.py:137} INFO - [2023-03-09T09:50:10.775+0000] {dag.py:3441} INFO - Setting next_dagrun for example_task_group to 2023-03-08T09:50:10.775610+00:00, run_after=2023-03-09T09:50:10.775610+00:00
[2023-03-09T09:50:10.788+0000] {processor.py:175} INFO - Processing /home/airflow/.local/lib/python3.7/site-packages/airflow/example_dags/example_task_group.py took 0.062 seconds
