[2023-03-09T09:02:20.128+0000] {processor.py:153} INFO - Started process (PID=68) to work on /home/airflow/.local/lib/python3.7/site-packages/airflow/example_dags/example_branch_day_of_week_operator.py
[2023-03-09T09:02:20.134+0000] {processor.py:743} INFO - Processing file /home/airflow/.local/lib/python3.7/site-packages/airflow/example_dags/example_branch_day_of_week_operator.py for tasks to queue
[2023-03-09T09:02:20.139+0000] {logging_mixin.py:137} INFO - [2023-03-09T09:02:20.139+0000] {dagbag.py:538} INFO - Filling up the DagBag from /home/airflow/.local/lib/python3.7/site-packages/airflow/example_dags/example_branch_day_of_week_operator.py
[2023-03-09T09:02:20.263+0000] {processor.py:753} INFO - DAG(s) dict_keys(['example_weekday_branch_operator']) retrieved from /home/airflow/.local/lib/python3.7/site-packages/airflow/example_dags/example_branch_day_of_week_operator.py
[2023-03-09T09:02:20.321+0000] {logging_mixin.py:137} INFO - [2023-03-09T09:02:20.321+0000] {dag.py:2690} INFO - Sync 1 DAGs
[2023-03-09T09:02:20.454+0000] {logging_mixin.py:137} INFO - [2023-03-09T09:02:20.454+0000] {dag.py:3441} INFO - Setting next_dagrun for example_weekday_branch_operator to 2023-03-08T00:00:00+00:00, run_after=2023-03-09T00:00:00+00:00
[2023-03-09T09:02:20.616+0000] {processor.py:175} INFO - Processing /home/airflow/.local/lib/python3.7/site-packages/airflow/example_dags/example_branch_day_of_week_operator.py took 0.512 seconds
[2023-03-09T09:02:51.494+0000] {processor.py:153} INFO - Started process (PID=134) to work on /home/airflow/.local/lib/python3.7/site-packages/airflow/example_dags/example_branch_day_of_week_operator.py
[2023-03-09T09:02:51.496+0000] {processor.py:743} INFO - Processing file /home/airflow/.local/lib/python3.7/site-packages/airflow/example_dags/example_branch_day_of_week_operator.py for tasks to queue
[2023-03-09T09:02:51.498+0000] {logging_mixin.py:137} INFO - [2023-03-09T09:02:51.498+0000] {dagbag.py:538} INFO - Filling up the DagBag from /home/airflow/.local/lib/python3.7/site-packages/airflow/example_dags/example_branch_day_of_week_operator.py
[2023-03-09T09:02:51.514+0000] {processor.py:753} INFO - DAG(s) dict_keys(['example_weekday_branch_operator']) retrieved from /home/airflow/.local/lib/python3.7/site-packages/airflow/example_dags/example_branch_day_of_week_operator.py
[2023-03-09T09:02:51.533+0000] {logging_mixin.py:137} INFO - [2023-03-09T09:02:51.533+0000] {dag.py:2690} INFO - Sync 1 DAGs
[2023-03-09T09:02:51.552+0000] {logging_mixin.py:137} INFO - [2023-03-09T09:02:51.552+0000] {dag.py:3441} INFO - Setting next_dagrun for example_weekday_branch_operator to 2023-03-08T00:00:00+00:00, run_after=2023-03-09T00:00:00+00:00
[2023-03-09T09:02:51.568+0000] {processor.py:175} INFO - Processing /home/airflow/.local/lib/python3.7/site-packages/airflow/example_dags/example_branch_day_of_week_operator.py took 0.077 seconds
[2023-03-09T09:03:22.203+0000] {processor.py:153} INFO - Started process (PID=215) to work on /home/airflow/.local/lib/python3.7/site-packages/airflow/example_dags/example_branch_day_of_week_operator.py
[2023-03-09T09:03:22.205+0000] {processor.py:743} INFO - Processing file /home/airflow/.local/lib/python3.7/site-packages/airflow/example_dags/example_branch_day_of_week_operator.py for tasks to queue
[2023-03-09T09:03:22.206+0000] {logging_mixin.py:137} INFO - [2023-03-09T09:03:22.206+0000] {dagbag.py:538} INFO - Filling up the DagBag from /home/airflow/.local/lib/python3.7/site-packages/airflow/example_dags/example_branch_day_of_week_operator.py
[2023-03-09T09:03:22.218+0000] {processor.py:753} INFO - DAG(s) dict_keys(['example_weekday_branch_operator']) retrieved from /home/airflow/.local/lib/python3.7/site-packages/airflow/example_dags/example_branch_day_of_week_operator.py
[2023-03-09T09:03:22.241+0000] {logging_mixin.py:137} INFO - [2023-03-09T09:03:22.241+0000] {dag.py:2690} INFO - Sync 1 DAGs
[2023-03-09T09:03:22.260+0000] {logging_mixin.py:137} INFO - [2023-03-09T09:03:22.260+0000] {dag.py:3441} INFO - Setting next_dagrun for example_weekday_branch_operator to 2023-03-08T00:00:00+00:00, run_after=2023-03-09T00:00:00+00:00
[2023-03-09T09:03:22.274+0000] {processor.py:175} INFO - Processing /home/airflow/.local/lib/python3.7/site-packages/airflow/example_dags/example_branch_day_of_week_operator.py took 0.074 seconds
[2023-03-09T09:03:52.367+0000] {processor.py:153} INFO - Started process (PID=280) to work on /home/airflow/.local/lib/python3.7/site-packages/airflow/example_dags/example_branch_day_of_week_operator.py
[2023-03-09T09:03:52.370+0000] {processor.py:743} INFO - Processing file /home/airflow/.local/lib/python3.7/site-packages/airflow/example_dags/example_branch_day_of_week_operator.py for tasks to queue
[2023-03-09T09:03:52.371+0000] {logging_mixin.py:137} INFO - [2023-03-09T09:03:52.371+0000] {dagbag.py:538} INFO - Filling up the DagBag from /home/airflow/.local/lib/python3.7/site-packages/airflow/example_dags/example_branch_day_of_week_operator.py
[2023-03-09T09:03:52.382+0000] {processor.py:753} INFO - DAG(s) dict_keys(['example_weekday_branch_operator']) retrieved from /home/airflow/.local/lib/python3.7/site-packages/airflow/example_dags/example_branch_day_of_week_operator.py
[2023-03-09T09:03:52.403+0000] {logging_mixin.py:137} INFO - [2023-03-09T09:03:52.402+0000] {dag.py:2690} INFO - Sync 1 DAGs
[2023-03-09T09:03:52.420+0000] {logging_mixin.py:137} INFO - [2023-03-09T09:03:52.420+0000] {dag.py:3441} INFO - Setting next_dagrun for example_weekday_branch_operator to 2023-03-08T00:00:00+00:00, run_after=2023-03-09T00:00:00+00:00
[2023-03-09T09:03:52.434+0000] {processor.py:175} INFO - Processing /home/airflow/.local/lib/python3.7/site-packages/airflow/example_dags/example_branch_day_of_week_operator.py took 0.071 seconds
[2023-03-09T09:20:48.436+0000] {processor.py:153} INFO - Started process (PID=68) to work on /home/airflow/.local/lib/python3.7/site-packages/airflow/example_dags/example_branch_day_of_week_operator.py
[2023-03-09T09:20:48.443+0000] {processor.py:743} INFO - Processing file /home/airflow/.local/lib/python3.7/site-packages/airflow/example_dags/example_branch_day_of_week_operator.py for tasks to queue
[2023-03-09T09:20:48.445+0000] {logging_mixin.py:137} INFO - [2023-03-09T09:20:48.445+0000] {dagbag.py:538} INFO - Filling up the DagBag from /home/airflow/.local/lib/python3.7/site-packages/airflow/example_dags/example_branch_day_of_week_operator.py
[2023-03-09T09:20:48.511+0000] {processor.py:753} INFO - DAG(s) dict_keys(['example_weekday_branch_operator']) retrieved from /home/airflow/.local/lib/python3.7/site-packages/airflow/example_dags/example_branch_day_of_week_operator.py
[2023-03-09T09:20:49.002+0000] {logging_mixin.py:137} INFO - [2023-03-09T09:20:49.002+0000] {manager.py:504} INFO - Created Permission View: can read on DAG:example_weekday_branch_operator
[2023-03-09T09:20:49.025+0000] {logging_mixin.py:137} INFO - [2023-03-09T09:20:49.025+0000] {manager.py:504} INFO - Created Permission View: can edit on DAG:example_weekday_branch_operator
[2023-03-09T09:20:49.051+0000] {logging_mixin.py:137} INFO - [2023-03-09T09:20:49.049+0000] {manager.py:504} INFO - Created Permission View: can delete on DAG:example_weekday_branch_operator
[2023-03-09T09:20:49.057+0000] {logging_mixin.py:137} INFO - [2023-03-09T09:20:49.057+0000] {dag.py:2690} INFO - Sync 1 DAGs
[2023-03-09T09:20:49.118+0000] {logging_mixin.py:137} INFO - [2023-03-09T09:20:49.118+0000] {dag.py:2711} INFO - Creating ORM DAG for example_weekday_branch_operator
[2023-03-09T09:20:49.168+0000] {logging_mixin.py:137} INFO - [2023-03-09T09:20:49.168+0000] {dag.py:3441} INFO - Setting next_dagrun for example_weekday_branch_operator to 2023-03-08T00:00:00+00:00, run_after=2023-03-09T00:00:00+00:00
[2023-03-09T09:20:49.245+0000] {processor.py:175} INFO - Processing /home/airflow/.local/lib/python3.7/site-packages/airflow/example_dags/example_branch_day_of_week_operator.py took 0.820 seconds
[2023-03-09T09:21:19.949+0000] {processor.py:153} INFO - Started process (PID=133) to work on /home/airflow/.local/lib/python3.7/site-packages/airflow/example_dags/example_branch_day_of_week_operator.py
[2023-03-09T09:21:19.950+0000] {processor.py:743} INFO - Processing file /home/airflow/.local/lib/python3.7/site-packages/airflow/example_dags/example_branch_day_of_week_operator.py for tasks to queue
[2023-03-09T09:21:19.952+0000] {logging_mixin.py:137} INFO - [2023-03-09T09:21:19.952+0000] {dagbag.py:538} INFO - Filling up the DagBag from /home/airflow/.local/lib/python3.7/site-packages/airflow/example_dags/example_branch_day_of_week_operator.py
[2023-03-09T09:21:19.964+0000] {processor.py:753} INFO - DAG(s) dict_keys(['example_weekday_branch_operator']) retrieved from /home/airflow/.local/lib/python3.7/site-packages/airflow/example_dags/example_branch_day_of_week_operator.py
[2023-03-09T09:21:19.983+0000] {logging_mixin.py:137} INFO - [2023-03-09T09:21:19.983+0000] {dag.py:2690} INFO - Sync 1 DAGs
[2023-03-09T09:21:20.000+0000] {logging_mixin.py:137} INFO - [2023-03-09T09:21:19.999+0000] {dag.py:3441} INFO - Setting next_dagrun for example_weekday_branch_operator to 2023-03-08T00:00:00+00:00, run_after=2023-03-09T00:00:00+00:00
[2023-03-09T09:21:20.011+0000] {processor.py:175} INFO - Processing /home/airflow/.local/lib/python3.7/site-packages/airflow/example_dags/example_branch_day_of_week_operator.py took 0.065 seconds
[2023-03-09T09:21:50.749+0000] {processor.py:153} INFO - Started process (PID=215) to work on /home/airflow/.local/lib/python3.7/site-packages/airflow/example_dags/example_branch_day_of_week_operator.py
[2023-03-09T09:21:50.750+0000] {processor.py:743} INFO - Processing file /home/airflow/.local/lib/python3.7/site-packages/airflow/example_dags/example_branch_day_of_week_operator.py for tasks to queue
[2023-03-09T09:21:50.751+0000] {logging_mixin.py:137} INFO - [2023-03-09T09:21:50.751+0000] {dagbag.py:538} INFO - Filling up the DagBag from /home/airflow/.local/lib/python3.7/site-packages/airflow/example_dags/example_branch_day_of_week_operator.py
[2023-03-09T09:21:50.765+0000] {processor.py:753} INFO - DAG(s) dict_keys(['example_weekday_branch_operator']) retrieved from /home/airflow/.local/lib/python3.7/site-packages/airflow/example_dags/example_branch_day_of_week_operator.py
[2023-03-09T09:21:50.786+0000] {logging_mixin.py:137} INFO - [2023-03-09T09:21:50.786+0000] {dag.py:2690} INFO - Sync 1 DAGs
[2023-03-09T09:21:50.805+0000] {logging_mixin.py:137} INFO - [2023-03-09T09:21:50.805+0000] {dag.py:3441} INFO - Setting next_dagrun for example_weekday_branch_operator to 2023-03-08T00:00:00+00:00, run_after=2023-03-09T00:00:00+00:00
[2023-03-09T09:21:50.818+0000] {processor.py:175} INFO - Processing /home/airflow/.local/lib/python3.7/site-packages/airflow/example_dags/example_branch_day_of_week_operator.py took 0.072 seconds
[2023-03-09T09:22:21.164+0000] {processor.py:153} INFO - Started process (PID=280) to work on /home/airflow/.local/lib/python3.7/site-packages/airflow/example_dags/example_branch_day_of_week_operator.py
[2023-03-09T09:22:21.167+0000] {processor.py:743} INFO - Processing file /home/airflow/.local/lib/python3.7/site-packages/airflow/example_dags/example_branch_day_of_week_operator.py for tasks to queue
[2023-03-09T09:22:21.168+0000] {logging_mixin.py:137} INFO - [2023-03-09T09:22:21.168+0000] {dagbag.py:538} INFO - Filling up the DagBag from /home/airflow/.local/lib/python3.7/site-packages/airflow/example_dags/example_branch_day_of_week_operator.py
[2023-03-09T09:22:21.180+0000] {processor.py:753} INFO - DAG(s) dict_keys(['example_weekday_branch_operator']) retrieved from /home/airflow/.local/lib/python3.7/site-packages/airflow/example_dags/example_branch_day_of_week_operator.py
[2023-03-09T09:22:21.197+0000] {logging_mixin.py:137} INFO - [2023-03-09T09:22:21.197+0000] {dag.py:2690} INFO - Sync 1 DAGs
[2023-03-09T09:22:21.214+0000] {logging_mixin.py:137} INFO - [2023-03-09T09:22:21.214+0000] {dag.py:3441} INFO - Setting next_dagrun for example_weekday_branch_operator to 2023-03-08T00:00:00+00:00, run_after=2023-03-09T00:00:00+00:00
[2023-03-09T09:22:21.225+0000] {processor.py:175} INFO - Processing /home/airflow/.local/lib/python3.7/site-packages/airflow/example_dags/example_branch_day_of_week_operator.py took 0.065 seconds
[2023-03-09T09:22:51.479+0000] {processor.py:153} INFO - Started process (PID=357) to work on /home/airflow/.local/lib/python3.7/site-packages/airflow/example_dags/example_branch_day_of_week_operator.py
[2023-03-09T09:22:51.481+0000] {processor.py:743} INFO - Processing file /home/airflow/.local/lib/python3.7/site-packages/airflow/example_dags/example_branch_day_of_week_operator.py for tasks to queue
[2023-03-09T09:22:51.482+0000] {logging_mixin.py:137} INFO - [2023-03-09T09:22:51.482+0000] {dagbag.py:538} INFO - Filling up the DagBag from /home/airflow/.local/lib/python3.7/site-packages/airflow/example_dags/example_branch_day_of_week_operator.py
[2023-03-09T09:22:51.493+0000] {processor.py:753} INFO - DAG(s) dict_keys(['example_weekday_branch_operator']) retrieved from /home/airflow/.local/lib/python3.7/site-packages/airflow/example_dags/example_branch_day_of_week_operator.py
[2023-03-09T09:22:51.511+0000] {logging_mixin.py:137} INFO - [2023-03-09T09:22:51.511+0000] {dag.py:2690} INFO - Sync 1 DAGs
[2023-03-09T09:22:51.526+0000] {logging_mixin.py:137} INFO - [2023-03-09T09:22:51.526+0000] {dag.py:3441} INFO - Setting next_dagrun for example_weekday_branch_operator to 2023-03-08T00:00:00+00:00, run_after=2023-03-09T00:00:00+00:00
[2023-03-09T09:22:51.537+0000] {processor.py:175} INFO - Processing /home/airflow/.local/lib/python3.7/site-packages/airflow/example_dags/example_branch_day_of_week_operator.py took 0.061 seconds
[2023-03-09T09:23:21.838+0000] {processor.py:153} INFO - Started process (PID=438) to work on /home/airflow/.local/lib/python3.7/site-packages/airflow/example_dags/example_branch_day_of_week_operator.py
[2023-03-09T09:23:21.840+0000] {processor.py:743} INFO - Processing file /home/airflow/.local/lib/python3.7/site-packages/airflow/example_dags/example_branch_day_of_week_operator.py for tasks to queue
[2023-03-09T09:23:21.841+0000] {logging_mixin.py:137} INFO - [2023-03-09T09:23:21.841+0000] {dagbag.py:538} INFO - Filling up the DagBag from /home/airflow/.local/lib/python3.7/site-packages/airflow/example_dags/example_branch_day_of_week_operator.py
[2023-03-09T09:23:21.852+0000] {processor.py:753} INFO - DAG(s) dict_keys(['example_weekday_branch_operator']) retrieved from /home/airflow/.local/lib/python3.7/site-packages/airflow/example_dags/example_branch_day_of_week_operator.py
[2023-03-09T09:23:21.871+0000] {logging_mixin.py:137} INFO - [2023-03-09T09:23:21.871+0000] {dag.py:2690} INFO - Sync 1 DAGs
[2023-03-09T09:23:21.888+0000] {logging_mixin.py:137} INFO - [2023-03-09T09:23:21.888+0000] {dag.py:3441} INFO - Setting next_dagrun for example_weekday_branch_operator to 2023-03-08T00:00:00+00:00, run_after=2023-03-09T00:00:00+00:00
[2023-03-09T09:23:21.900+0000] {processor.py:175} INFO - Processing /home/airflow/.local/lib/python3.7/site-packages/airflow/example_dags/example_branch_day_of_week_operator.py took 0.065 seconds
[2023-03-09T09:23:51.954+0000] {processor.py:153} INFO - Started process (PID=511) to work on /home/airflow/.local/lib/python3.7/site-packages/airflow/example_dags/example_branch_day_of_week_operator.py
[2023-03-09T09:23:51.956+0000] {processor.py:743} INFO - Processing file /home/airflow/.local/lib/python3.7/site-packages/airflow/example_dags/example_branch_day_of_week_operator.py for tasks to queue
[2023-03-09T09:23:51.958+0000] {logging_mixin.py:137} INFO - [2023-03-09T09:23:51.958+0000] {dagbag.py:538} INFO - Filling up the DagBag from /home/airflow/.local/lib/python3.7/site-packages/airflow/example_dags/example_branch_day_of_week_operator.py
[2023-03-09T09:23:51.974+0000] {processor.py:753} INFO - DAG(s) dict_keys(['example_weekday_branch_operator']) retrieved from /home/airflow/.local/lib/python3.7/site-packages/airflow/example_dags/example_branch_day_of_week_operator.py
[2023-03-09T09:23:52.004+0000] {logging_mixin.py:137} INFO - [2023-03-09T09:23:52.004+0000] {dag.py:2690} INFO - Sync 1 DAGs
[2023-03-09T09:23:52.026+0000] {logging_mixin.py:137} INFO - [2023-03-09T09:23:52.026+0000] {dag.py:3441} INFO - Setting next_dagrun for example_weekday_branch_operator to 2023-03-08T00:00:00+00:00, run_after=2023-03-09T00:00:00+00:00
[2023-03-09T09:23:52.039+0000] {processor.py:175} INFO - Processing /home/airflow/.local/lib/python3.7/site-packages/airflow/example_dags/example_branch_day_of_week_operator.py took 0.090 seconds
[2023-03-09T09:24:22.239+0000] {processor.py:153} INFO - Started process (PID=586) to work on /home/airflow/.local/lib/python3.7/site-packages/airflow/example_dags/example_branch_day_of_week_operator.py
[2023-03-09T09:24:22.240+0000] {processor.py:743} INFO - Processing file /home/airflow/.local/lib/python3.7/site-packages/airflow/example_dags/example_branch_day_of_week_operator.py for tasks to queue
[2023-03-09T09:24:22.241+0000] {logging_mixin.py:137} INFO - [2023-03-09T09:24:22.241+0000] {dagbag.py:538} INFO - Filling up the DagBag from /home/airflow/.local/lib/python3.7/site-packages/airflow/example_dags/example_branch_day_of_week_operator.py
[2023-03-09T09:24:22.252+0000] {processor.py:753} INFO - DAG(s) dict_keys(['example_weekday_branch_operator']) retrieved from /home/airflow/.local/lib/python3.7/site-packages/airflow/example_dags/example_branch_day_of_week_operator.py
[2023-03-09T09:24:22.271+0000] {logging_mixin.py:137} INFO - [2023-03-09T09:24:22.271+0000] {dag.py:2690} INFO - Sync 1 DAGs
[2023-03-09T09:24:22.290+0000] {logging_mixin.py:137} INFO - [2023-03-09T09:24:22.290+0000] {dag.py:3441} INFO - Setting next_dagrun for example_weekday_branch_operator to 2023-03-08T00:00:00+00:00, run_after=2023-03-09T00:00:00+00:00
[2023-03-09T09:24:22.302+0000] {processor.py:175} INFO - Processing /home/airflow/.local/lib/python3.7/site-packages/airflow/example_dags/example_branch_day_of_week_operator.py took 0.068 seconds
[2023-03-09T09:24:53.147+0000] {processor.py:153} INFO - Started process (PID=663) to work on /home/airflow/.local/lib/python3.7/site-packages/airflow/example_dags/example_branch_day_of_week_operator.py
[2023-03-09T09:24:53.149+0000] {processor.py:743} INFO - Processing file /home/airflow/.local/lib/python3.7/site-packages/airflow/example_dags/example_branch_day_of_week_operator.py for tasks to queue
[2023-03-09T09:24:53.150+0000] {logging_mixin.py:137} INFO - [2023-03-09T09:24:53.150+0000] {dagbag.py:538} INFO - Filling up the DagBag from /home/airflow/.local/lib/python3.7/site-packages/airflow/example_dags/example_branch_day_of_week_operator.py
[2023-03-09T09:24:53.164+0000] {processor.py:753} INFO - DAG(s) dict_keys(['example_weekday_branch_operator']) retrieved from /home/airflow/.local/lib/python3.7/site-packages/airflow/example_dags/example_branch_day_of_week_operator.py
[2023-03-09T09:24:53.185+0000] {logging_mixin.py:137} INFO - [2023-03-09T09:24:53.185+0000] {dag.py:2690} INFO - Sync 1 DAGs
[2023-03-09T09:24:53.202+0000] {logging_mixin.py:137} INFO - [2023-03-09T09:24:53.202+0000] {dag.py:3441} INFO - Setting next_dagrun for example_weekday_branch_operator to 2023-03-08T00:00:00+00:00, run_after=2023-03-09T00:00:00+00:00
[2023-03-09T09:24:53.217+0000] {processor.py:175} INFO - Processing /home/airflow/.local/lib/python3.7/site-packages/airflow/example_dags/example_branch_day_of_week_operator.py took 0.074 seconds
[2023-03-09T09:25:23.287+0000] {processor.py:153} INFO - Started process (PID=728) to work on /home/airflow/.local/lib/python3.7/site-packages/airflow/example_dags/example_branch_day_of_week_operator.py
[2023-03-09T09:25:23.289+0000] {processor.py:743} INFO - Processing file /home/airflow/.local/lib/python3.7/site-packages/airflow/example_dags/example_branch_day_of_week_operator.py for tasks to queue
[2023-03-09T09:25:23.290+0000] {logging_mixin.py:137} INFO - [2023-03-09T09:25:23.290+0000] {dagbag.py:538} INFO - Filling up the DagBag from /home/airflow/.local/lib/python3.7/site-packages/airflow/example_dags/example_branch_day_of_week_operator.py
[2023-03-09T09:25:23.310+0000] {processor.py:753} INFO - DAG(s) dict_keys(['example_weekday_branch_operator']) retrieved from /home/airflow/.local/lib/python3.7/site-packages/airflow/example_dags/example_branch_day_of_week_operator.py
[2023-03-09T09:25:23.361+0000] {logging_mixin.py:137} INFO - [2023-03-09T09:25:23.361+0000] {dag.py:2690} INFO - Sync 1 DAGs
[2023-03-09T09:25:23.397+0000] {logging_mixin.py:137} INFO - [2023-03-09T09:25:23.396+0000] {dag.py:3441} INFO - Setting next_dagrun for example_weekday_branch_operator to 2023-03-08T00:00:00+00:00, run_after=2023-03-09T00:00:00+00:00
[2023-03-09T09:25:23.428+0000] {processor.py:175} INFO - Processing /home/airflow/.local/lib/python3.7/site-packages/airflow/example_dags/example_branch_day_of_week_operator.py took 0.144 seconds
[2023-03-09T09:25:53.899+0000] {processor.py:153} INFO - Started process (PID=809) to work on /home/airflow/.local/lib/python3.7/site-packages/airflow/example_dags/example_branch_day_of_week_operator.py
[2023-03-09T09:25:53.901+0000] {processor.py:743} INFO - Processing file /home/airflow/.local/lib/python3.7/site-packages/airflow/example_dags/example_branch_day_of_week_operator.py for tasks to queue
[2023-03-09T09:25:53.902+0000] {logging_mixin.py:137} INFO - [2023-03-09T09:25:53.902+0000] {dagbag.py:538} INFO - Filling up the DagBag from /home/airflow/.local/lib/python3.7/site-packages/airflow/example_dags/example_branch_day_of_week_operator.py
[2023-03-09T09:25:53.914+0000] {processor.py:753} INFO - DAG(s) dict_keys(['example_weekday_branch_operator']) retrieved from /home/airflow/.local/lib/python3.7/site-packages/airflow/example_dags/example_branch_day_of_week_operator.py
[2023-03-09T09:25:53.932+0000] {logging_mixin.py:137} INFO - [2023-03-09T09:25:53.931+0000] {dag.py:2690} INFO - Sync 1 DAGs
[2023-03-09T09:25:53.948+0000] {logging_mixin.py:137} INFO - [2023-03-09T09:25:53.948+0000] {dag.py:3441} INFO - Setting next_dagrun for example_weekday_branch_operator to 2023-03-08T00:00:00+00:00, run_after=2023-03-09T00:00:00+00:00
[2023-03-09T09:25:53.959+0000] {processor.py:175} INFO - Processing /home/airflow/.local/lib/python3.7/site-packages/airflow/example_dags/example_branch_day_of_week_operator.py took 0.062 seconds
[2023-03-09T09:26:24.039+0000] {processor.py:153} INFO - Started process (PID=885) to work on /home/airflow/.local/lib/python3.7/site-packages/airflow/example_dags/example_branch_day_of_week_operator.py
[2023-03-09T09:26:24.041+0000] {processor.py:743} INFO - Processing file /home/airflow/.local/lib/python3.7/site-packages/airflow/example_dags/example_branch_day_of_week_operator.py for tasks to queue
[2023-03-09T09:26:24.042+0000] {logging_mixin.py:137} INFO - [2023-03-09T09:26:24.042+0000] {dagbag.py:538} INFO - Filling up the DagBag from /home/airflow/.local/lib/python3.7/site-packages/airflow/example_dags/example_branch_day_of_week_operator.py
[2023-03-09T09:26:24.053+0000] {processor.py:753} INFO - DAG(s) dict_keys(['example_weekday_branch_operator']) retrieved from /home/airflow/.local/lib/python3.7/site-packages/airflow/example_dags/example_branch_day_of_week_operator.py
[2023-03-09T09:26:24.072+0000] {logging_mixin.py:137} INFO - [2023-03-09T09:26:24.072+0000] {dag.py:2690} INFO - Sync 1 DAGs
[2023-03-09T09:26:24.088+0000] {logging_mixin.py:137} INFO - [2023-03-09T09:26:24.088+0000] {dag.py:3441} INFO - Setting next_dagrun for example_weekday_branch_operator to 2023-03-08T00:00:00+00:00, run_after=2023-03-09T00:00:00+00:00
[2023-03-09T09:26:24.100+0000] {processor.py:175} INFO - Processing /home/airflow/.local/lib/python3.7/site-packages/airflow/example_dags/example_branch_day_of_week_operator.py took 0.064 seconds
[2023-03-09T09:26:54.950+0000] {processor.py:153} INFO - Started process (PID=952) to work on /home/airflow/.local/lib/python3.7/site-packages/airflow/example_dags/example_branch_day_of_week_operator.py
[2023-03-09T09:26:54.953+0000] {processor.py:743} INFO - Processing file /home/airflow/.local/lib/python3.7/site-packages/airflow/example_dags/example_branch_day_of_week_operator.py for tasks to queue
[2023-03-09T09:26:54.954+0000] {logging_mixin.py:137} INFO - [2023-03-09T09:26:54.954+0000] {dagbag.py:538} INFO - Filling up the DagBag from /home/airflow/.local/lib/python3.7/site-packages/airflow/example_dags/example_branch_day_of_week_operator.py
[2023-03-09T09:26:54.970+0000] {processor.py:753} INFO - DAG(s) dict_keys(['example_weekday_branch_operator']) retrieved from /home/airflow/.local/lib/python3.7/site-packages/airflow/example_dags/example_branch_day_of_week_operator.py
[2023-03-09T09:26:54.990+0000] {logging_mixin.py:137} INFO - [2023-03-09T09:26:54.990+0000] {dag.py:2690} INFO - Sync 1 DAGs
[2023-03-09T09:26:55.007+0000] {logging_mixin.py:137} INFO - [2023-03-09T09:26:55.007+0000] {dag.py:3441} INFO - Setting next_dagrun for example_weekday_branch_operator to 2023-03-08T00:00:00+00:00, run_after=2023-03-09T00:00:00+00:00
[2023-03-09T09:26:55.020+0000] {processor.py:175} INFO - Processing /home/airflow/.local/lib/python3.7/site-packages/airflow/example_dags/example_branch_day_of_week_operator.py took 0.074 seconds
[2023-03-09T09:27:25.301+0000] {processor.py:153} INFO - Started process (PID=1034) to work on /home/airflow/.local/lib/python3.7/site-packages/airflow/example_dags/example_branch_day_of_week_operator.py
[2023-03-09T09:27:25.303+0000] {processor.py:743} INFO - Processing file /home/airflow/.local/lib/python3.7/site-packages/airflow/example_dags/example_branch_day_of_week_operator.py for tasks to queue
[2023-03-09T09:27:25.304+0000] {logging_mixin.py:137} INFO - [2023-03-09T09:27:25.304+0000] {dagbag.py:538} INFO - Filling up the DagBag from /home/airflow/.local/lib/python3.7/site-packages/airflow/example_dags/example_branch_day_of_week_operator.py
[2023-03-09T09:27:25.318+0000] {processor.py:753} INFO - DAG(s) dict_keys(['example_weekday_branch_operator']) retrieved from /home/airflow/.local/lib/python3.7/site-packages/airflow/example_dags/example_branch_day_of_week_operator.py
[2023-03-09T09:27:25.336+0000] {logging_mixin.py:137} INFO - [2023-03-09T09:27:25.336+0000] {dag.py:2690} INFO - Sync 1 DAGs
[2023-03-09T09:27:25.352+0000] {logging_mixin.py:137} INFO - [2023-03-09T09:27:25.352+0000] {dag.py:3441} INFO - Setting next_dagrun for example_weekday_branch_operator to 2023-03-08T00:00:00+00:00, run_after=2023-03-09T00:00:00+00:00
[2023-03-09T09:27:25.364+0000] {processor.py:175} INFO - Processing /home/airflow/.local/lib/python3.7/site-packages/airflow/example_dags/example_branch_day_of_week_operator.py took 0.066 seconds
[2023-03-09T09:27:55.435+0000] {processor.py:153} INFO - Started process (PID=1114) to work on /home/airflow/.local/lib/python3.7/site-packages/airflow/example_dags/example_branch_day_of_week_operator.py
[2023-03-09T09:27:55.437+0000] {processor.py:743} INFO - Processing file /home/airflow/.local/lib/python3.7/site-packages/airflow/example_dags/example_branch_day_of_week_operator.py for tasks to queue
[2023-03-09T09:27:55.438+0000] {logging_mixin.py:137} INFO - [2023-03-09T09:27:55.438+0000] {dagbag.py:538} INFO - Filling up the DagBag from /home/airflow/.local/lib/python3.7/site-packages/airflow/example_dags/example_branch_day_of_week_operator.py
[2023-03-09T09:27:55.450+0000] {processor.py:753} INFO - DAG(s) dict_keys(['example_weekday_branch_operator']) retrieved from /home/airflow/.local/lib/python3.7/site-packages/airflow/example_dags/example_branch_day_of_week_operator.py
[2023-03-09T09:27:55.468+0000] {logging_mixin.py:137} INFO - [2023-03-09T09:27:55.468+0000] {dag.py:2690} INFO - Sync 1 DAGs
[2023-03-09T09:27:55.485+0000] {logging_mixin.py:137} INFO - [2023-03-09T09:27:55.485+0000] {dag.py:3441} INFO - Setting next_dagrun for example_weekday_branch_operator to 2023-03-08T00:00:00+00:00, run_after=2023-03-09T00:00:00+00:00
[2023-03-09T09:27:55.497+0000] {processor.py:175} INFO - Processing /home/airflow/.local/lib/python3.7/site-packages/airflow/example_dags/example_branch_day_of_week_operator.py took 0.064 seconds
[2023-03-09T09:28:25.738+0000] {processor.py:153} INFO - Started process (PID=1182) to work on /home/airflow/.local/lib/python3.7/site-packages/airflow/example_dags/example_branch_day_of_week_operator.py
[2023-03-09T09:28:25.740+0000] {processor.py:743} INFO - Processing file /home/airflow/.local/lib/python3.7/site-packages/airflow/example_dags/example_branch_day_of_week_operator.py for tasks to queue
[2023-03-09T09:28:25.741+0000] {logging_mixin.py:137} INFO - [2023-03-09T09:28:25.741+0000] {dagbag.py:538} INFO - Filling up the DagBag from /home/airflow/.local/lib/python3.7/site-packages/airflow/example_dags/example_branch_day_of_week_operator.py
[2023-03-09T09:28:25.754+0000] {processor.py:753} INFO - DAG(s) dict_keys(['example_weekday_branch_operator']) retrieved from /home/airflow/.local/lib/python3.7/site-packages/airflow/example_dags/example_branch_day_of_week_operator.py
[2023-03-09T09:28:25.772+0000] {logging_mixin.py:137} INFO - [2023-03-09T09:28:25.772+0000] {dag.py:2690} INFO - Sync 1 DAGs
[2023-03-09T09:28:25.789+0000] {logging_mixin.py:137} INFO - [2023-03-09T09:28:25.788+0000] {dag.py:3441} INFO - Setting next_dagrun for example_weekday_branch_operator to 2023-03-08T00:00:00+00:00, run_after=2023-03-09T00:00:00+00:00
[2023-03-09T09:28:25.799+0000] {processor.py:175} INFO - Processing /home/airflow/.local/lib/python3.7/site-packages/airflow/example_dags/example_branch_day_of_week_operator.py took 0.064 seconds
[2023-03-09T09:28:56.283+0000] {processor.py:153} INFO - Started process (PID=1262) to work on /home/airflow/.local/lib/python3.7/site-packages/airflow/example_dags/example_branch_day_of_week_operator.py
[2023-03-09T09:28:56.286+0000] {processor.py:743} INFO - Processing file /home/airflow/.local/lib/python3.7/site-packages/airflow/example_dags/example_branch_day_of_week_operator.py for tasks to queue
[2023-03-09T09:28:56.287+0000] {logging_mixin.py:137} INFO - [2023-03-09T09:28:56.287+0000] {dagbag.py:538} INFO - Filling up the DagBag from /home/airflow/.local/lib/python3.7/site-packages/airflow/example_dags/example_branch_day_of_week_operator.py
[2023-03-09T09:28:56.303+0000] {processor.py:753} INFO - DAG(s) dict_keys(['example_weekday_branch_operator']) retrieved from /home/airflow/.local/lib/python3.7/site-packages/airflow/example_dags/example_branch_day_of_week_operator.py
[2023-03-09T09:28:56.342+0000] {logging_mixin.py:137} INFO - [2023-03-09T09:28:56.342+0000] {dag.py:2690} INFO - Sync 1 DAGs
[2023-03-09T09:28:56.362+0000] {logging_mixin.py:137} INFO - [2023-03-09T09:28:56.362+0000] {dag.py:3441} INFO - Setting next_dagrun for example_weekday_branch_operator to 2023-03-08T00:00:00+00:00, run_after=2023-03-09T00:00:00+00:00
[2023-03-09T09:28:56.382+0000] {processor.py:175} INFO - Processing /home/airflow/.local/lib/python3.7/site-packages/airflow/example_dags/example_branch_day_of_week_operator.py took 0.102 seconds
[2023-03-09T09:29:26.536+0000] {processor.py:153} INFO - Started process (PID=1341) to work on /home/airflow/.local/lib/python3.7/site-packages/airflow/example_dags/example_branch_day_of_week_operator.py
[2023-03-09T09:29:26.538+0000] {processor.py:743} INFO - Processing file /home/airflow/.local/lib/python3.7/site-packages/airflow/example_dags/example_branch_day_of_week_operator.py for tasks to queue
[2023-03-09T09:29:26.540+0000] {logging_mixin.py:137} INFO - [2023-03-09T09:29:26.540+0000] {dagbag.py:538} INFO - Filling up the DagBag from /home/airflow/.local/lib/python3.7/site-packages/airflow/example_dags/example_branch_day_of_week_operator.py
[2023-03-09T09:29:26.559+0000] {processor.py:753} INFO - DAG(s) dict_keys(['example_weekday_branch_operator']) retrieved from /home/airflow/.local/lib/python3.7/site-packages/airflow/example_dags/example_branch_day_of_week_operator.py
[2023-03-09T09:29:26.582+0000] {logging_mixin.py:137} INFO - [2023-03-09T09:29:26.582+0000] {dag.py:2690} INFO - Sync 1 DAGs
[2023-03-09T09:29:26.599+0000] {logging_mixin.py:137} INFO - [2023-03-09T09:29:26.599+0000] {dag.py:3441} INFO - Setting next_dagrun for example_weekday_branch_operator to 2023-03-08T00:00:00+00:00, run_after=2023-03-09T00:00:00+00:00
[2023-03-09T09:29:26.611+0000] {processor.py:175} INFO - Processing /home/airflow/.local/lib/python3.7/site-packages/airflow/example_dags/example_branch_day_of_week_operator.py took 0.081 seconds
[2023-03-09T09:29:56.814+0000] {processor.py:153} INFO - Started process (PID=1410) to work on /home/airflow/.local/lib/python3.7/site-packages/airflow/example_dags/example_branch_day_of_week_operator.py
[2023-03-09T09:29:56.816+0000] {processor.py:743} INFO - Processing file /home/airflow/.local/lib/python3.7/site-packages/airflow/example_dags/example_branch_day_of_week_operator.py for tasks to queue
[2023-03-09T09:29:56.818+0000] {logging_mixin.py:137} INFO - [2023-03-09T09:29:56.817+0000] {dagbag.py:538} INFO - Filling up the DagBag from /home/airflow/.local/lib/python3.7/site-packages/airflow/example_dags/example_branch_day_of_week_operator.py
[2023-03-09T09:29:56.829+0000] {processor.py:753} INFO - DAG(s) dict_keys(['example_weekday_branch_operator']) retrieved from /home/airflow/.local/lib/python3.7/site-packages/airflow/example_dags/example_branch_day_of_week_operator.py
[2023-03-09T09:29:56.847+0000] {logging_mixin.py:137} INFO - [2023-03-09T09:29:56.847+0000] {dag.py:2690} INFO - Sync 1 DAGs
[2023-03-09T09:29:56.865+0000] {logging_mixin.py:137} INFO - [2023-03-09T09:29:56.864+0000] {dag.py:3441} INFO - Setting next_dagrun for example_weekday_branch_operator to 2023-03-08T00:00:00+00:00, run_after=2023-03-09T00:00:00+00:00
[2023-03-09T09:29:56.876+0000] {processor.py:175} INFO - Processing /home/airflow/.local/lib/python3.7/site-packages/airflow/example_dags/example_branch_day_of_week_operator.py took 0.065 seconds
[2023-03-09T09:30:27.440+0000] {processor.py:153} INFO - Started process (PID=1490) to work on /home/airflow/.local/lib/python3.7/site-packages/airflow/example_dags/example_branch_day_of_week_operator.py
[2023-03-09T09:30:27.441+0000] {processor.py:743} INFO - Processing file /home/airflow/.local/lib/python3.7/site-packages/airflow/example_dags/example_branch_day_of_week_operator.py for tasks to queue
[2023-03-09T09:30:27.442+0000] {logging_mixin.py:137} INFO - [2023-03-09T09:30:27.442+0000] {dagbag.py:538} INFO - Filling up the DagBag from /home/airflow/.local/lib/python3.7/site-packages/airflow/example_dags/example_branch_day_of_week_operator.py
[2023-03-09T09:30:27.453+0000] {processor.py:753} INFO - DAG(s) dict_keys(['example_weekday_branch_operator']) retrieved from /home/airflow/.local/lib/python3.7/site-packages/airflow/example_dags/example_branch_day_of_week_operator.py
[2023-03-09T09:30:27.472+0000] {logging_mixin.py:137} INFO - [2023-03-09T09:30:27.472+0000] {dag.py:2690} INFO - Sync 1 DAGs
[2023-03-09T09:30:27.488+0000] {logging_mixin.py:137} INFO - [2023-03-09T09:30:27.488+0000] {dag.py:3441} INFO - Setting next_dagrun for example_weekday_branch_operator to 2023-03-08T00:00:00+00:00, run_after=2023-03-09T00:00:00+00:00
[2023-03-09T09:30:27.500+0000] {processor.py:175} INFO - Processing /home/airflow/.local/lib/python3.7/site-packages/airflow/example_dags/example_branch_day_of_week_operator.py took 0.063 seconds
[2023-03-09T09:30:57.816+0000] {processor.py:153} INFO - Started process (PID=1570) to work on /home/airflow/.local/lib/python3.7/site-packages/airflow/example_dags/example_branch_day_of_week_operator.py
[2023-03-09T09:30:57.818+0000] {processor.py:743} INFO - Processing file /home/airflow/.local/lib/python3.7/site-packages/airflow/example_dags/example_branch_day_of_week_operator.py for tasks to queue
[2023-03-09T09:30:57.819+0000] {logging_mixin.py:137} INFO - [2023-03-09T09:30:57.819+0000] {dagbag.py:538} INFO - Filling up the DagBag from /home/airflow/.local/lib/python3.7/site-packages/airflow/example_dags/example_branch_day_of_week_operator.py
[2023-03-09T09:30:57.831+0000] {processor.py:753} INFO - DAG(s) dict_keys(['example_weekday_branch_operator']) retrieved from /home/airflow/.local/lib/python3.7/site-packages/airflow/example_dags/example_branch_day_of_week_operator.py
[2023-03-09T09:30:57.850+0000] {logging_mixin.py:137} INFO - [2023-03-09T09:30:57.849+0000] {dag.py:2690} INFO - Sync 1 DAGs
[2023-03-09T09:30:57.865+0000] {logging_mixin.py:137} INFO - [2023-03-09T09:30:57.865+0000] {dag.py:3441} INFO - Setting next_dagrun for example_weekday_branch_operator to 2023-03-08T00:00:00+00:00, run_after=2023-03-09T00:00:00+00:00
[2023-03-09T09:30:57.878+0000] {processor.py:175} INFO - Processing /home/airflow/.local/lib/python3.7/site-packages/airflow/example_dags/example_branch_day_of_week_operator.py took 0.065 seconds
[2023-03-09T09:31:28.188+0000] {processor.py:153} INFO - Started process (PID=1638) to work on /home/airflow/.local/lib/python3.7/site-packages/airflow/example_dags/example_branch_day_of_week_operator.py
[2023-03-09T09:31:28.190+0000] {processor.py:743} INFO - Processing file /home/airflow/.local/lib/python3.7/site-packages/airflow/example_dags/example_branch_day_of_week_operator.py for tasks to queue
[2023-03-09T09:31:28.191+0000] {logging_mixin.py:137} INFO - [2023-03-09T09:31:28.191+0000] {dagbag.py:538} INFO - Filling up the DagBag from /home/airflow/.local/lib/python3.7/site-packages/airflow/example_dags/example_branch_day_of_week_operator.py
[2023-03-09T09:31:28.204+0000] {processor.py:753} INFO - DAG(s) dict_keys(['example_weekday_branch_operator']) retrieved from /home/airflow/.local/lib/python3.7/site-packages/airflow/example_dags/example_branch_day_of_week_operator.py
[2023-03-09T09:31:28.223+0000] {logging_mixin.py:137} INFO - [2023-03-09T09:31:28.223+0000] {dag.py:2690} INFO - Sync 1 DAGs
[2023-03-09T09:31:28.240+0000] {logging_mixin.py:137} INFO - [2023-03-09T09:31:28.240+0000] {dag.py:3441} INFO - Setting next_dagrun for example_weekday_branch_operator to 2023-03-08T00:00:00+00:00, run_after=2023-03-09T00:00:00+00:00
[2023-03-09T09:31:28.252+0000] {processor.py:175} INFO - Processing /home/airflow/.local/lib/python3.7/site-packages/airflow/example_dags/example_branch_day_of_week_operator.py took 0.067 seconds
[2023-03-09T09:31:58.441+0000] {processor.py:153} INFO - Started process (PID=1721) to work on /home/airflow/.local/lib/python3.7/site-packages/airflow/example_dags/example_branch_day_of_week_operator.py
[2023-03-09T09:31:58.443+0000] {processor.py:743} INFO - Processing file /home/airflow/.local/lib/python3.7/site-packages/airflow/example_dags/example_branch_day_of_week_operator.py for tasks to queue
[2023-03-09T09:31:58.444+0000] {logging_mixin.py:137} INFO - [2023-03-09T09:31:58.444+0000] {dagbag.py:538} INFO - Filling up the DagBag from /home/airflow/.local/lib/python3.7/site-packages/airflow/example_dags/example_branch_day_of_week_operator.py
[2023-03-09T09:31:58.456+0000] {processor.py:753} INFO - DAG(s) dict_keys(['example_weekday_branch_operator']) retrieved from /home/airflow/.local/lib/python3.7/site-packages/airflow/example_dags/example_branch_day_of_week_operator.py
[2023-03-09T09:31:58.479+0000] {logging_mixin.py:137} INFO - [2023-03-09T09:31:58.478+0000] {dag.py:2690} INFO - Sync 1 DAGs
[2023-03-09T09:31:58.496+0000] {logging_mixin.py:137} INFO - [2023-03-09T09:31:58.496+0000] {dag.py:3441} INFO - Setting next_dagrun for example_weekday_branch_operator to 2023-03-08T00:00:00+00:00, run_after=2023-03-09T00:00:00+00:00
[2023-03-09T09:31:58.513+0000] {processor.py:175} INFO - Processing /home/airflow/.local/lib/python3.7/site-packages/airflow/example_dags/example_branch_day_of_week_operator.py took 0.075 seconds
[2023-03-09T09:32:28.655+0000] {processor.py:153} INFO - Started process (PID=1803) to work on /home/airflow/.local/lib/python3.7/site-packages/airflow/example_dags/example_branch_day_of_week_operator.py
[2023-03-09T09:32:28.657+0000] {processor.py:743} INFO - Processing file /home/airflow/.local/lib/python3.7/site-packages/airflow/example_dags/example_branch_day_of_week_operator.py for tasks to queue
[2023-03-09T09:32:28.658+0000] {logging_mixin.py:137} INFO - [2023-03-09T09:32:28.658+0000] {dagbag.py:538} INFO - Filling up the DagBag from /home/airflow/.local/lib/python3.7/site-packages/airflow/example_dags/example_branch_day_of_week_operator.py
[2023-03-09T09:32:28.671+0000] {processor.py:753} INFO - DAG(s) dict_keys(['example_weekday_branch_operator']) retrieved from /home/airflow/.local/lib/python3.7/site-packages/airflow/example_dags/example_branch_day_of_week_operator.py
[2023-03-09T09:32:28.691+0000] {logging_mixin.py:137} INFO - [2023-03-09T09:32:28.691+0000] {dag.py:2690} INFO - Sync 1 DAGs
[2023-03-09T09:32:28.710+0000] {logging_mixin.py:137} INFO - [2023-03-09T09:32:28.710+0000] {dag.py:3441} INFO - Setting next_dagrun for example_weekday_branch_operator to 2023-03-08T00:00:00+00:00, run_after=2023-03-09T00:00:00+00:00
[2023-03-09T09:32:28.723+0000] {processor.py:175} INFO - Processing /home/airflow/.local/lib/python3.7/site-packages/airflow/example_dags/example_branch_day_of_week_operator.py took 0.071 seconds
[2023-03-09T09:32:58.951+0000] {processor.py:153} INFO - Started process (PID=1870) to work on /home/airflow/.local/lib/python3.7/site-packages/airflow/example_dags/example_branch_day_of_week_operator.py
[2023-03-09T09:32:58.954+0000] {processor.py:743} INFO - Processing file /home/airflow/.local/lib/python3.7/site-packages/airflow/example_dags/example_branch_day_of_week_operator.py for tasks to queue
[2023-03-09T09:32:58.955+0000] {logging_mixin.py:137} INFO - [2023-03-09T09:32:58.955+0000] {dagbag.py:538} INFO - Filling up the DagBag from /home/airflow/.local/lib/python3.7/site-packages/airflow/example_dags/example_branch_day_of_week_operator.py
[2023-03-09T09:32:58.966+0000] {processor.py:753} INFO - DAG(s) dict_keys(['example_weekday_branch_operator']) retrieved from /home/airflow/.local/lib/python3.7/site-packages/airflow/example_dags/example_branch_day_of_week_operator.py
[2023-03-09T09:32:58.982+0000] {logging_mixin.py:137} INFO - [2023-03-09T09:32:58.982+0000] {dag.py:2690} INFO - Sync 1 DAGs
[2023-03-09T09:32:58.998+0000] {logging_mixin.py:137} INFO - [2023-03-09T09:32:58.998+0000] {dag.py:3441} INFO - Setting next_dagrun for example_weekday_branch_operator to 2023-03-08T00:00:00+00:00, run_after=2023-03-09T00:00:00+00:00
[2023-03-09T09:32:59.010+0000] {processor.py:175} INFO - Processing /home/airflow/.local/lib/python3.7/site-packages/airflow/example_dags/example_branch_day_of_week_operator.py took 0.063 seconds
[2023-03-09T09:33:29.205+0000] {processor.py:153} INFO - Started process (PID=1949) to work on /home/airflow/.local/lib/python3.7/site-packages/airflow/example_dags/example_branch_day_of_week_operator.py
[2023-03-09T09:33:29.208+0000] {processor.py:743} INFO - Processing file /home/airflow/.local/lib/python3.7/site-packages/airflow/example_dags/example_branch_day_of_week_operator.py for tasks to queue
[2023-03-09T09:33:29.209+0000] {logging_mixin.py:137} INFO - [2023-03-09T09:33:29.208+0000] {dagbag.py:538} INFO - Filling up the DagBag from /home/airflow/.local/lib/python3.7/site-packages/airflow/example_dags/example_branch_day_of_week_operator.py
[2023-03-09T09:33:29.220+0000] {processor.py:753} INFO - DAG(s) dict_keys(['example_weekday_branch_operator']) retrieved from /home/airflow/.local/lib/python3.7/site-packages/airflow/example_dags/example_branch_day_of_week_operator.py
[2023-03-09T09:33:29.238+0000] {logging_mixin.py:137} INFO - [2023-03-09T09:33:29.238+0000] {dag.py:2690} INFO - Sync 1 DAGs
[2023-03-09T09:33:29.256+0000] {logging_mixin.py:137} INFO - [2023-03-09T09:33:29.256+0000] {dag.py:3441} INFO - Setting next_dagrun for example_weekday_branch_operator to 2023-03-08T00:00:00+00:00, run_after=2023-03-09T00:00:00+00:00
[2023-03-09T09:33:29.267+0000] {processor.py:175} INFO - Processing /home/airflow/.local/lib/python3.7/site-packages/airflow/example_dags/example_branch_day_of_week_operator.py took 0.065 seconds
[2023-03-09T09:33:59.318+0000] {processor.py:153} INFO - Started process (PID=2012) to work on /home/airflow/.local/lib/python3.7/site-packages/airflow/example_dags/example_branch_day_of_week_operator.py
[2023-03-09T09:33:59.320+0000] {processor.py:743} INFO - Processing file /home/airflow/.local/lib/python3.7/site-packages/airflow/example_dags/example_branch_day_of_week_operator.py for tasks to queue
[2023-03-09T09:33:59.322+0000] {logging_mixin.py:137} INFO - [2023-03-09T09:33:59.321+0000] {dagbag.py:538} INFO - Filling up the DagBag from /home/airflow/.local/lib/python3.7/site-packages/airflow/example_dags/example_branch_day_of_week_operator.py
[2023-03-09T09:33:59.333+0000] {processor.py:753} INFO - DAG(s) dict_keys(['example_weekday_branch_operator']) retrieved from /home/airflow/.local/lib/python3.7/site-packages/airflow/example_dags/example_branch_day_of_week_operator.py
[2023-03-09T09:33:59.352+0000] {logging_mixin.py:137} INFO - [2023-03-09T09:33:59.352+0000] {dag.py:2690} INFO - Sync 1 DAGs
[2023-03-09T09:33:59.371+0000] {logging_mixin.py:137} INFO - [2023-03-09T09:33:59.371+0000] {dag.py:3441} INFO - Setting next_dagrun for example_weekday_branch_operator to 2023-03-08T00:00:00+00:00, run_after=2023-03-09T00:00:00+00:00
[2023-03-09T09:33:59.383+0000] {processor.py:175} INFO - Processing /home/airflow/.local/lib/python3.7/site-packages/airflow/example_dags/example_branch_day_of_week_operator.py took 0.068 seconds
[2023-03-09T09:34:29.952+0000] {processor.py:153} INFO - Started process (PID=2086) to work on /home/airflow/.local/lib/python3.7/site-packages/airflow/example_dags/example_branch_day_of_week_operator.py
[2023-03-09T09:34:29.954+0000] {processor.py:743} INFO - Processing file /home/airflow/.local/lib/python3.7/site-packages/airflow/example_dags/example_branch_day_of_week_operator.py for tasks to queue
[2023-03-09T09:34:29.955+0000] {logging_mixin.py:137} INFO - [2023-03-09T09:34:29.955+0000] {dagbag.py:538} INFO - Filling up the DagBag from /home/airflow/.local/lib/python3.7/site-packages/airflow/example_dags/example_branch_day_of_week_operator.py
[2023-03-09T09:34:29.967+0000] {processor.py:753} INFO - DAG(s) dict_keys(['example_weekday_branch_operator']) retrieved from /home/airflow/.local/lib/python3.7/site-packages/airflow/example_dags/example_branch_day_of_week_operator.py
[2023-03-09T09:34:29.987+0000] {logging_mixin.py:137} INFO - [2023-03-09T09:34:29.987+0000] {dag.py:2690} INFO - Sync 1 DAGs
[2023-03-09T09:34:30.002+0000] {logging_mixin.py:137} INFO - [2023-03-09T09:34:30.002+0000] {dag.py:3441} INFO - Setting next_dagrun for example_weekday_branch_operator to 2023-03-08T00:00:00+00:00, run_after=2023-03-09T00:00:00+00:00
[2023-03-09T09:34:30.013+0000] {processor.py:175} INFO - Processing /home/airflow/.local/lib/python3.7/site-packages/airflow/example_dags/example_branch_day_of_week_operator.py took 0.064 seconds
[2023-03-09T09:35:00.143+0000] {processor.py:153} INFO - Started process (PID=2163) to work on /home/airflow/.local/lib/python3.7/site-packages/airflow/example_dags/example_branch_day_of_week_operator.py
[2023-03-09T09:35:00.145+0000] {processor.py:743} INFO - Processing file /home/airflow/.local/lib/python3.7/site-packages/airflow/example_dags/example_branch_day_of_week_operator.py for tasks to queue
[2023-03-09T09:35:00.146+0000] {logging_mixin.py:137} INFO - [2023-03-09T09:35:00.146+0000] {dagbag.py:538} INFO - Filling up the DagBag from /home/airflow/.local/lib/python3.7/site-packages/airflow/example_dags/example_branch_day_of_week_operator.py
[2023-03-09T09:35:00.156+0000] {processor.py:753} INFO - DAG(s) dict_keys(['example_weekday_branch_operator']) retrieved from /home/airflow/.local/lib/python3.7/site-packages/airflow/example_dags/example_branch_day_of_week_operator.py
[2023-03-09T09:35:00.175+0000] {logging_mixin.py:137} INFO - [2023-03-09T09:35:00.175+0000] {dag.py:2690} INFO - Sync 1 DAGs
[2023-03-09T09:35:00.191+0000] {logging_mixin.py:137} INFO - [2023-03-09T09:35:00.191+0000] {dag.py:3441} INFO - Setting next_dagrun for example_weekday_branch_operator to 2023-03-08T00:00:00+00:00, run_after=2023-03-09T00:00:00+00:00
[2023-03-09T09:35:00.202+0000] {processor.py:175} INFO - Processing /home/airflow/.local/lib/python3.7/site-packages/airflow/example_dags/example_branch_day_of_week_operator.py took 0.066 seconds
[2023-03-09T09:35:30.383+0000] {processor.py:153} INFO - Started process (PID=2228) to work on /home/airflow/.local/lib/python3.7/site-packages/airflow/example_dags/example_branch_day_of_week_operator.py
[2023-03-09T09:35:30.385+0000] {processor.py:743} INFO - Processing file /home/airflow/.local/lib/python3.7/site-packages/airflow/example_dags/example_branch_day_of_week_operator.py for tasks to queue
[2023-03-09T09:35:30.386+0000] {logging_mixin.py:137} INFO - [2023-03-09T09:35:30.386+0000] {dagbag.py:538} INFO - Filling up the DagBag from /home/airflow/.local/lib/python3.7/site-packages/airflow/example_dags/example_branch_day_of_week_operator.py
[2023-03-09T09:35:30.398+0000] {processor.py:753} INFO - DAG(s) dict_keys(['example_weekday_branch_operator']) retrieved from /home/airflow/.local/lib/python3.7/site-packages/airflow/example_dags/example_branch_day_of_week_operator.py
[2023-03-09T09:35:30.417+0000] {logging_mixin.py:137} INFO - [2023-03-09T09:35:30.417+0000] {dag.py:2690} INFO - Sync 1 DAGs
[2023-03-09T09:35:30.433+0000] {logging_mixin.py:137} INFO - [2023-03-09T09:35:30.433+0000] {dag.py:3441} INFO - Setting next_dagrun for example_weekday_branch_operator to 2023-03-08T00:00:00+00:00, run_after=2023-03-09T00:00:00+00:00
[2023-03-09T09:35:30.447+0000] {processor.py:175} INFO - Processing /home/airflow/.local/lib/python3.7/site-packages/airflow/example_dags/example_branch_day_of_week_operator.py took 0.066 seconds
[2023-03-09T09:36:00.843+0000] {processor.py:153} INFO - Started process (PID=2305) to work on /home/airflow/.local/lib/python3.7/site-packages/airflow/example_dags/example_branch_day_of_week_operator.py
[2023-03-09T09:36:00.845+0000] {processor.py:743} INFO - Processing file /home/airflow/.local/lib/python3.7/site-packages/airflow/example_dags/example_branch_day_of_week_operator.py for tasks to queue
[2023-03-09T09:36:00.847+0000] {logging_mixin.py:137} INFO - [2023-03-09T09:36:00.846+0000] {dagbag.py:538} INFO - Filling up the DagBag from /home/airflow/.local/lib/python3.7/site-packages/airflow/example_dags/example_branch_day_of_week_operator.py
[2023-03-09T09:36:00.857+0000] {processor.py:753} INFO - DAG(s) dict_keys(['example_weekday_branch_operator']) retrieved from /home/airflow/.local/lib/python3.7/site-packages/airflow/example_dags/example_branch_day_of_week_operator.py
[2023-03-09T09:36:00.878+0000] {logging_mixin.py:137} INFO - [2023-03-09T09:36:00.877+0000] {dag.py:2690} INFO - Sync 1 DAGs
[2023-03-09T09:36:00.894+0000] {logging_mixin.py:137} INFO - [2023-03-09T09:36:00.894+0000] {dag.py:3441} INFO - Setting next_dagrun for example_weekday_branch_operator to 2023-03-08T00:00:00+00:00, run_after=2023-03-09T00:00:00+00:00
[2023-03-09T09:36:00.905+0000] {processor.py:175} INFO - Processing /home/airflow/.local/lib/python3.7/site-packages/airflow/example_dags/example_branch_day_of_week_operator.py took 0.065 seconds
[2023-03-09T09:36:31.292+0000] {processor.py:153} INFO - Started process (PID=2384) to work on /home/airflow/.local/lib/python3.7/site-packages/airflow/example_dags/example_branch_day_of_week_operator.py
[2023-03-09T09:36:31.294+0000] {processor.py:743} INFO - Processing file /home/airflow/.local/lib/python3.7/site-packages/airflow/example_dags/example_branch_day_of_week_operator.py for tasks to queue
[2023-03-09T09:36:31.295+0000] {logging_mixin.py:137} INFO - [2023-03-09T09:36:31.295+0000] {dagbag.py:538} INFO - Filling up the DagBag from /home/airflow/.local/lib/python3.7/site-packages/airflow/example_dags/example_branch_day_of_week_operator.py
[2023-03-09T09:36:31.307+0000] {processor.py:753} INFO - DAG(s) dict_keys(['example_weekday_branch_operator']) retrieved from /home/airflow/.local/lib/python3.7/site-packages/airflow/example_dags/example_branch_day_of_week_operator.py
[2023-03-09T09:36:31.328+0000] {logging_mixin.py:137} INFO - [2023-03-09T09:36:31.328+0000] {dag.py:2690} INFO - Sync 1 DAGs
[2023-03-09T09:36:31.345+0000] {logging_mixin.py:137} INFO - [2023-03-09T09:36:31.345+0000] {dag.py:3441} INFO - Setting next_dagrun for example_weekday_branch_operator to 2023-03-08T00:00:00+00:00, run_after=2023-03-09T00:00:00+00:00
[2023-03-09T09:36:31.359+0000] {processor.py:175} INFO - Processing /home/airflow/.local/lib/python3.7/site-packages/airflow/example_dags/example_branch_day_of_week_operator.py took 0.070 seconds
[2023-03-09T09:37:01.458+0000] {processor.py:153} INFO - Started process (PID=2449) to work on /home/airflow/.local/lib/python3.7/site-packages/airflow/example_dags/example_branch_day_of_week_operator.py
[2023-03-09T09:37:01.460+0000] {processor.py:743} INFO - Processing file /home/airflow/.local/lib/python3.7/site-packages/airflow/example_dags/example_branch_day_of_week_operator.py for tasks to queue
[2023-03-09T09:37:01.461+0000] {logging_mixin.py:137} INFO - [2023-03-09T09:37:01.461+0000] {dagbag.py:538} INFO - Filling up the DagBag from /home/airflow/.local/lib/python3.7/site-packages/airflow/example_dags/example_branch_day_of_week_operator.py
[2023-03-09T09:37:01.478+0000] {processor.py:753} INFO - DAG(s) dict_keys(['example_weekday_branch_operator']) retrieved from /home/airflow/.local/lib/python3.7/site-packages/airflow/example_dags/example_branch_day_of_week_operator.py
[2023-03-09T09:37:01.500+0000] {logging_mixin.py:137} INFO - [2023-03-09T09:37:01.500+0000] {dag.py:2690} INFO - Sync 1 DAGs
[2023-03-09T09:37:01.519+0000] {logging_mixin.py:137} INFO - [2023-03-09T09:37:01.519+0000] {dag.py:3441} INFO - Setting next_dagrun for example_weekday_branch_operator to 2023-03-08T00:00:00+00:00, run_after=2023-03-09T00:00:00+00:00
[2023-03-09T09:37:01.531+0000] {processor.py:175} INFO - Processing /home/airflow/.local/lib/python3.7/site-packages/airflow/example_dags/example_branch_day_of_week_operator.py took 0.076 seconds
[2023-03-09T09:37:31.824+0000] {processor.py:153} INFO - Started process (PID=2529) to work on /home/airflow/.local/lib/python3.7/site-packages/airflow/example_dags/example_branch_day_of_week_operator.py
[2023-03-09T09:37:31.827+0000] {processor.py:743} INFO - Processing file /home/airflow/.local/lib/python3.7/site-packages/airflow/example_dags/example_branch_day_of_week_operator.py for tasks to queue
[2023-03-09T09:37:31.828+0000] {logging_mixin.py:137} INFO - [2023-03-09T09:37:31.828+0000] {dagbag.py:538} INFO - Filling up the DagBag from /home/airflow/.local/lib/python3.7/site-packages/airflow/example_dags/example_branch_day_of_week_operator.py
[2023-03-09T09:37:31.839+0000] {processor.py:753} INFO - DAG(s) dict_keys(['example_weekday_branch_operator']) retrieved from /home/airflow/.local/lib/python3.7/site-packages/airflow/example_dags/example_branch_day_of_week_operator.py
[2023-03-09T09:37:31.856+0000] {logging_mixin.py:137} INFO - [2023-03-09T09:37:31.856+0000] {dag.py:2690} INFO - Sync 1 DAGs
[2023-03-09T09:37:31.878+0000] {logging_mixin.py:137} INFO - [2023-03-09T09:37:31.878+0000] {dag.py:3441} INFO - Setting next_dagrun for example_weekday_branch_operator to 2023-03-08T00:00:00+00:00, run_after=2023-03-09T00:00:00+00:00
[2023-03-09T09:37:31.894+0000] {processor.py:175} INFO - Processing /home/airflow/.local/lib/python3.7/site-packages/airflow/example_dags/example_branch_day_of_week_operator.py took 0.074 seconds
[2023-03-09T09:38:02.067+0000] {processor.py:153} INFO - Started process (PID=2611) to work on /home/airflow/.local/lib/python3.7/site-packages/airflow/example_dags/example_branch_day_of_week_operator.py
[2023-03-09T09:38:02.069+0000] {processor.py:743} INFO - Processing file /home/airflow/.local/lib/python3.7/site-packages/airflow/example_dags/example_branch_day_of_week_operator.py for tasks to queue
[2023-03-09T09:38:02.074+0000] {logging_mixin.py:137} INFO - [2023-03-09T09:38:02.074+0000] {dagbag.py:538} INFO - Filling up the DagBag from /home/airflow/.local/lib/python3.7/site-packages/airflow/example_dags/example_branch_day_of_week_operator.py
[2023-03-09T09:38:02.092+0000] {processor.py:753} INFO - DAG(s) dict_keys(['example_weekday_branch_operator']) retrieved from /home/airflow/.local/lib/python3.7/site-packages/airflow/example_dags/example_branch_day_of_week_operator.py
[2023-03-09T09:38:02.114+0000] {logging_mixin.py:137} INFO - [2023-03-09T09:38:02.114+0000] {dag.py:2690} INFO - Sync 1 DAGs
[2023-03-09T09:38:02.132+0000] {logging_mixin.py:137} INFO - [2023-03-09T09:38:02.132+0000] {dag.py:3441} INFO - Setting next_dagrun for example_weekday_branch_operator to 2023-03-08T00:00:00+00:00, run_after=2023-03-09T00:00:00+00:00
[2023-03-09T09:38:02.146+0000] {processor.py:175} INFO - Processing /home/airflow/.local/lib/python3.7/site-packages/airflow/example_dags/example_branch_day_of_week_operator.py took 0.082 seconds
[2023-03-09T09:38:32.209+0000] {processor.py:153} INFO - Started process (PID=2673) to work on /home/airflow/.local/lib/python3.7/site-packages/airflow/example_dags/example_branch_day_of_week_operator.py
[2023-03-09T09:38:32.212+0000] {processor.py:743} INFO - Processing file /home/airflow/.local/lib/python3.7/site-packages/airflow/example_dags/example_branch_day_of_week_operator.py for tasks to queue
[2023-03-09T09:38:32.213+0000] {logging_mixin.py:137} INFO - [2023-03-09T09:38:32.213+0000] {dagbag.py:538} INFO - Filling up the DagBag from /home/airflow/.local/lib/python3.7/site-packages/airflow/example_dags/example_branch_day_of_week_operator.py
[2023-03-09T09:38:32.224+0000] {processor.py:753} INFO - DAG(s) dict_keys(['example_weekday_branch_operator']) retrieved from /home/airflow/.local/lib/python3.7/site-packages/airflow/example_dags/example_branch_day_of_week_operator.py
[2023-03-09T09:38:32.242+0000] {logging_mixin.py:137} INFO - [2023-03-09T09:38:32.242+0000] {dag.py:2690} INFO - Sync 1 DAGs
[2023-03-09T09:38:32.258+0000] {logging_mixin.py:137} INFO - [2023-03-09T09:38:32.258+0000] {dag.py:3441} INFO - Setting next_dagrun for example_weekday_branch_operator to 2023-03-08T00:00:00+00:00, run_after=2023-03-09T00:00:00+00:00
[2023-03-09T09:38:32.270+0000] {processor.py:175} INFO - Processing /home/airflow/.local/lib/python3.7/site-packages/airflow/example_dags/example_branch_day_of_week_operator.py took 0.064 seconds
[2023-03-09T09:39:02.547+0000] {processor.py:153} INFO - Started process (PID=2757) to work on /home/airflow/.local/lib/python3.7/site-packages/airflow/example_dags/example_branch_day_of_week_operator.py
[2023-03-09T09:39:02.549+0000] {processor.py:743} INFO - Processing file /home/airflow/.local/lib/python3.7/site-packages/airflow/example_dags/example_branch_day_of_week_operator.py for tasks to queue
[2023-03-09T09:39:02.550+0000] {logging_mixin.py:137} INFO - [2023-03-09T09:39:02.550+0000] {dagbag.py:538} INFO - Filling up the DagBag from /home/airflow/.local/lib/python3.7/site-packages/airflow/example_dags/example_branch_day_of_week_operator.py
[2023-03-09T09:39:02.560+0000] {processor.py:753} INFO - DAG(s) dict_keys(['example_weekday_branch_operator']) retrieved from /home/airflow/.local/lib/python3.7/site-packages/airflow/example_dags/example_branch_day_of_week_operator.py
[2023-03-09T09:39:02.576+0000] {logging_mixin.py:137} INFO - [2023-03-09T09:39:02.576+0000] {dag.py:2690} INFO - Sync 1 DAGs
[2023-03-09T09:39:02.592+0000] {logging_mixin.py:137} INFO - [2023-03-09T09:39:02.592+0000] {dag.py:3441} INFO - Setting next_dagrun for example_weekday_branch_operator to 2023-03-08T00:00:00+00:00, run_after=2023-03-09T00:00:00+00:00
[2023-03-09T09:39:02.603+0000] {processor.py:175} INFO - Processing /home/airflow/.local/lib/python3.7/site-packages/airflow/example_dags/example_branch_day_of_week_operator.py took 0.061 seconds
[2023-03-09T09:39:32.661+0000] {processor.py:153} INFO - Started process (PID=2836) to work on /home/airflow/.local/lib/python3.7/site-packages/airflow/example_dags/example_branch_day_of_week_operator.py
[2023-03-09T09:39:32.664+0000] {processor.py:743} INFO - Processing file /home/airflow/.local/lib/python3.7/site-packages/airflow/example_dags/example_branch_day_of_week_operator.py for tasks to queue
[2023-03-09T09:39:32.666+0000] {logging_mixin.py:137} INFO - [2023-03-09T09:39:32.666+0000] {dagbag.py:538} INFO - Filling up the DagBag from /home/airflow/.local/lib/python3.7/site-packages/airflow/example_dags/example_branch_day_of_week_operator.py
[2023-03-09T09:39:32.678+0000] {processor.py:753} INFO - DAG(s) dict_keys(['example_weekday_branch_operator']) retrieved from /home/airflow/.local/lib/python3.7/site-packages/airflow/example_dags/example_branch_day_of_week_operator.py
[2023-03-09T09:39:32.698+0000] {logging_mixin.py:137} INFO - [2023-03-09T09:39:32.698+0000] {dag.py:2690} INFO - Sync 1 DAGs
[2023-03-09T09:39:32.718+0000] {logging_mixin.py:137} INFO - [2023-03-09T09:39:32.718+0000] {dag.py:3441} INFO - Setting next_dagrun for example_weekday_branch_operator to 2023-03-08T00:00:00+00:00, run_after=2023-03-09T00:00:00+00:00
[2023-03-09T09:39:32.734+0000] {processor.py:175} INFO - Processing /home/airflow/.local/lib/python3.7/site-packages/airflow/example_dags/example_branch_day_of_week_operator.py took 0.078 seconds
[2023-03-09T09:40:03.124+0000] {processor.py:153} INFO - Started process (PID=2906) to work on /home/airflow/.local/lib/python3.7/site-packages/airflow/example_dags/example_branch_day_of_week_operator.py
[2023-03-09T09:40:03.126+0000] {processor.py:743} INFO - Processing file /home/airflow/.local/lib/python3.7/site-packages/airflow/example_dags/example_branch_day_of_week_operator.py for tasks to queue
[2023-03-09T09:40:03.127+0000] {logging_mixin.py:137} INFO - [2023-03-09T09:40:03.127+0000] {dagbag.py:538} INFO - Filling up the DagBag from /home/airflow/.local/lib/python3.7/site-packages/airflow/example_dags/example_branch_day_of_week_operator.py
[2023-03-09T09:40:03.138+0000] {processor.py:753} INFO - DAG(s) dict_keys(['example_weekday_branch_operator']) retrieved from /home/airflow/.local/lib/python3.7/site-packages/airflow/example_dags/example_branch_day_of_week_operator.py
[2023-03-09T09:40:03.155+0000] {logging_mixin.py:137} INFO - [2023-03-09T09:40:03.155+0000] {dag.py:2690} INFO - Sync 1 DAGs
[2023-03-09T09:40:03.170+0000] {logging_mixin.py:137} INFO - [2023-03-09T09:40:03.170+0000] {dag.py:3441} INFO - Setting next_dagrun for example_weekday_branch_operator to 2023-03-08T00:00:00+00:00, run_after=2023-03-09T00:00:00+00:00
[2023-03-09T09:40:03.181+0000] {processor.py:175} INFO - Processing /home/airflow/.local/lib/python3.7/site-packages/airflow/example_dags/example_branch_day_of_week_operator.py took 0.062 seconds
[2023-03-09T09:40:33.294+0000] {processor.py:153} INFO - Started process (PID=2984) to work on /home/airflow/.local/lib/python3.7/site-packages/airflow/example_dags/example_branch_day_of_week_operator.py
[2023-03-09T09:40:33.296+0000] {processor.py:743} INFO - Processing file /home/airflow/.local/lib/python3.7/site-packages/airflow/example_dags/example_branch_day_of_week_operator.py for tasks to queue
[2023-03-09T09:40:33.298+0000] {logging_mixin.py:137} INFO - [2023-03-09T09:40:33.298+0000] {dagbag.py:538} INFO - Filling up the DagBag from /home/airflow/.local/lib/python3.7/site-packages/airflow/example_dags/example_branch_day_of_week_operator.py
[2023-03-09T09:40:33.308+0000] {processor.py:753} INFO - DAG(s) dict_keys(['example_weekday_branch_operator']) retrieved from /home/airflow/.local/lib/python3.7/site-packages/airflow/example_dags/example_branch_day_of_week_operator.py
[2023-03-09T09:40:33.325+0000] {logging_mixin.py:137} INFO - [2023-03-09T09:40:33.324+0000] {dag.py:2690} INFO - Sync 1 DAGs
[2023-03-09T09:40:33.340+0000] {logging_mixin.py:137} INFO - [2023-03-09T09:40:33.340+0000] {dag.py:3441} INFO - Setting next_dagrun for example_weekday_branch_operator to 2023-03-08T00:00:00+00:00, run_after=2023-03-09T00:00:00+00:00
[2023-03-09T09:40:33.353+0000] {processor.py:175} INFO - Processing /home/airflow/.local/lib/python3.7/site-packages/airflow/example_dags/example_branch_day_of_week_operator.py took 0.062 seconds
[2023-03-09T09:41:03.400+0000] {processor.py:153} INFO - Started process (PID=3052) to work on /home/airflow/.local/lib/python3.7/site-packages/airflow/example_dags/example_branch_day_of_week_operator.py
[2023-03-09T09:41:03.402+0000] {processor.py:743} INFO - Processing file /home/airflow/.local/lib/python3.7/site-packages/airflow/example_dags/example_branch_day_of_week_operator.py for tasks to queue
[2023-03-09T09:41:03.404+0000] {logging_mixin.py:137} INFO - [2023-03-09T09:41:03.404+0000] {dagbag.py:538} INFO - Filling up the DagBag from /home/airflow/.local/lib/python3.7/site-packages/airflow/example_dags/example_branch_day_of_week_operator.py
[2023-03-09T09:41:03.414+0000] {processor.py:753} INFO - DAG(s) dict_keys(['example_weekday_branch_operator']) retrieved from /home/airflow/.local/lib/python3.7/site-packages/airflow/example_dags/example_branch_day_of_week_operator.py
[2023-03-09T09:41:03.434+0000] {logging_mixin.py:137} INFO - [2023-03-09T09:41:03.434+0000] {dag.py:2690} INFO - Sync 1 DAGs
[2023-03-09T09:41:03.450+0000] {logging_mixin.py:137} INFO - [2023-03-09T09:41:03.450+0000] {dag.py:3441} INFO - Setting next_dagrun for example_weekday_branch_operator to 2023-03-08T00:00:00+00:00, run_after=2023-03-09T00:00:00+00:00
[2023-03-09T09:41:03.463+0000] {processor.py:175} INFO - Processing /home/airflow/.local/lib/python3.7/site-packages/airflow/example_dags/example_branch_day_of_week_operator.py took 0.065 seconds
[2023-03-09T09:41:34.400+0000] {processor.py:153} INFO - Started process (PID=3129) to work on /home/airflow/.local/lib/python3.7/site-packages/airflow/example_dags/example_branch_day_of_week_operator.py
[2023-03-09T09:41:34.402+0000] {processor.py:743} INFO - Processing file /home/airflow/.local/lib/python3.7/site-packages/airflow/example_dags/example_branch_day_of_week_operator.py for tasks to queue
[2023-03-09T09:41:34.403+0000] {logging_mixin.py:137} INFO - [2023-03-09T09:41:34.403+0000] {dagbag.py:538} INFO - Filling up the DagBag from /home/airflow/.local/lib/python3.7/site-packages/airflow/example_dags/example_branch_day_of_week_operator.py
[2023-03-09T09:41:34.414+0000] {processor.py:753} INFO - DAG(s) dict_keys(['example_weekday_branch_operator']) retrieved from /home/airflow/.local/lib/python3.7/site-packages/airflow/example_dags/example_branch_day_of_week_operator.py
[2023-03-09T09:41:34.431+0000] {logging_mixin.py:137} INFO - [2023-03-09T09:41:34.431+0000] {dag.py:2690} INFO - Sync 1 DAGs
[2023-03-09T09:41:34.447+0000] {logging_mixin.py:137} INFO - [2023-03-09T09:41:34.447+0000] {dag.py:3441} INFO - Setting next_dagrun for example_weekday_branch_operator to 2023-03-08T00:00:00+00:00, run_after=2023-03-09T00:00:00+00:00
[2023-03-09T09:41:34.457+0000] {processor.py:175} INFO - Processing /home/airflow/.local/lib/python3.7/site-packages/airflow/example_dags/example_branch_day_of_week_operator.py took 0.061 seconds
[2023-03-09T09:42:04.900+0000] {processor.py:153} INFO - Started process (PID=3207) to work on /home/airflow/.local/lib/python3.7/site-packages/airflow/example_dags/example_branch_day_of_week_operator.py
[2023-03-09T09:42:04.902+0000] {processor.py:743} INFO - Processing file /home/airflow/.local/lib/python3.7/site-packages/airflow/example_dags/example_branch_day_of_week_operator.py for tasks to queue
[2023-03-09T09:42:04.903+0000] {logging_mixin.py:137} INFO - [2023-03-09T09:42:04.903+0000] {dagbag.py:538} INFO - Filling up the DagBag from /home/airflow/.local/lib/python3.7/site-packages/airflow/example_dags/example_branch_day_of_week_operator.py
[2023-03-09T09:42:04.916+0000] {processor.py:753} INFO - DAG(s) dict_keys(['example_weekday_branch_operator']) retrieved from /home/airflow/.local/lib/python3.7/site-packages/airflow/example_dags/example_branch_day_of_week_operator.py
[2023-03-09T09:42:04.935+0000] {logging_mixin.py:137} INFO - [2023-03-09T09:42:04.935+0000] {dag.py:2690} INFO - Sync 1 DAGs
[2023-03-09T09:42:04.951+0000] {logging_mixin.py:137} INFO - [2023-03-09T09:42:04.951+0000] {dag.py:3441} INFO - Setting next_dagrun for example_weekday_branch_operator to 2023-03-08T00:00:00+00:00, run_after=2023-03-09T00:00:00+00:00
[2023-03-09T09:42:04.963+0000] {processor.py:175} INFO - Processing /home/airflow/.local/lib/python3.7/site-packages/airflow/example_dags/example_branch_day_of_week_operator.py took 0.066 seconds
[2023-03-09T09:42:35.038+0000] {processor.py:153} INFO - Started process (PID=3274) to work on /home/airflow/.local/lib/python3.7/site-packages/airflow/example_dags/example_branch_day_of_week_operator.py
[2023-03-09T09:42:35.040+0000] {processor.py:743} INFO - Processing file /home/airflow/.local/lib/python3.7/site-packages/airflow/example_dags/example_branch_day_of_week_operator.py for tasks to queue
[2023-03-09T09:42:35.041+0000] {logging_mixin.py:137} INFO - [2023-03-09T09:42:35.041+0000] {dagbag.py:538} INFO - Filling up the DagBag from /home/airflow/.local/lib/python3.7/site-packages/airflow/example_dags/example_branch_day_of_week_operator.py
[2023-03-09T09:42:35.057+0000] {processor.py:753} INFO - DAG(s) dict_keys(['example_weekday_branch_operator']) retrieved from /home/airflow/.local/lib/python3.7/site-packages/airflow/example_dags/example_branch_day_of_week_operator.py
[2023-03-09T09:42:35.079+0000] {logging_mixin.py:137} INFO - [2023-03-09T09:42:35.079+0000] {dag.py:2690} INFO - Sync 1 DAGs
[2023-03-09T09:42:35.098+0000] {logging_mixin.py:137} INFO - [2023-03-09T09:42:35.098+0000] {dag.py:3441} INFO - Setting next_dagrun for example_weekday_branch_operator to 2023-03-08T00:00:00+00:00, run_after=2023-03-09T00:00:00+00:00
[2023-03-09T09:42:35.111+0000] {processor.py:175} INFO - Processing /home/airflow/.local/lib/python3.7/site-packages/airflow/example_dags/example_branch_day_of_week_operator.py took 0.076 seconds
[2023-03-09T09:43:05.548+0000] {processor.py:153} INFO - Started process (PID=3352) to work on /home/airflow/.local/lib/python3.7/site-packages/airflow/example_dags/example_branch_day_of_week_operator.py
[2023-03-09T09:43:05.549+0000] {processor.py:743} INFO - Processing file /home/airflow/.local/lib/python3.7/site-packages/airflow/example_dags/example_branch_day_of_week_operator.py for tasks to queue
[2023-03-09T09:43:05.550+0000] {logging_mixin.py:137} INFO - [2023-03-09T09:43:05.550+0000] {dagbag.py:538} INFO - Filling up the DagBag from /home/airflow/.local/lib/python3.7/site-packages/airflow/example_dags/example_branch_day_of_week_operator.py
[2023-03-09T09:43:05.565+0000] {processor.py:753} INFO - DAG(s) dict_keys(['example_weekday_branch_operator']) retrieved from /home/airflow/.local/lib/python3.7/site-packages/airflow/example_dags/example_branch_day_of_week_operator.py
[2023-03-09T09:43:05.594+0000] {logging_mixin.py:137} INFO - [2023-03-09T09:43:05.594+0000] {dag.py:2690} INFO - Sync 1 DAGs
[2023-03-09T09:43:05.614+0000] {logging_mixin.py:137} INFO - [2023-03-09T09:43:05.613+0000] {dag.py:3441} INFO - Setting next_dagrun for example_weekday_branch_operator to 2023-03-08T00:00:00+00:00, run_after=2023-03-09T00:00:00+00:00
[2023-03-09T09:43:05.626+0000] {processor.py:175} INFO - Processing /home/airflow/.local/lib/python3.7/site-packages/airflow/example_dags/example_branch_day_of_week_operator.py took 0.082 seconds
[2023-03-09T09:43:35.870+0000] {processor.py:153} INFO - Started process (PID=3435) to work on /home/airflow/.local/lib/python3.7/site-packages/airflow/example_dags/example_branch_day_of_week_operator.py
[2023-03-09T09:43:35.872+0000] {processor.py:743} INFO - Processing file /home/airflow/.local/lib/python3.7/site-packages/airflow/example_dags/example_branch_day_of_week_operator.py for tasks to queue
[2023-03-09T09:43:35.877+0000] {logging_mixin.py:137} INFO - [2023-03-09T09:43:35.877+0000] {dagbag.py:538} INFO - Filling up the DagBag from /home/airflow/.local/lib/python3.7/site-packages/airflow/example_dags/example_branch_day_of_week_operator.py
[2023-03-09T09:43:35.889+0000] {processor.py:753} INFO - DAG(s) dict_keys(['example_weekday_branch_operator']) retrieved from /home/airflow/.local/lib/python3.7/site-packages/airflow/example_dags/example_branch_day_of_week_operator.py
[2023-03-09T09:43:35.913+0000] {logging_mixin.py:137} INFO - [2023-03-09T09:43:35.913+0000] {dag.py:2690} INFO - Sync 1 DAGs
[2023-03-09T09:43:35.942+0000] {logging_mixin.py:137} INFO - [2023-03-09T09:43:35.942+0000] {dag.py:3441} INFO - Setting next_dagrun for example_weekday_branch_operator to 2023-03-08T00:00:00+00:00, run_after=2023-03-09T00:00:00+00:00
[2023-03-09T09:43:36.029+0000] {processor.py:175} INFO - Processing /home/airflow/.local/lib/python3.7/site-packages/airflow/example_dags/example_branch_day_of_week_operator.py took 0.162 seconds
[2023-03-09T09:44:06.368+0000] {processor.py:153} INFO - Started process (PID=3501) to work on /home/airflow/.local/lib/python3.7/site-packages/airflow/example_dags/example_branch_day_of_week_operator.py
[2023-03-09T09:44:06.371+0000] {processor.py:743} INFO - Processing file /home/airflow/.local/lib/python3.7/site-packages/airflow/example_dags/example_branch_day_of_week_operator.py for tasks to queue
[2023-03-09T09:44:06.372+0000] {logging_mixin.py:137} INFO - [2023-03-09T09:44:06.372+0000] {dagbag.py:538} INFO - Filling up the DagBag from /home/airflow/.local/lib/python3.7/site-packages/airflow/example_dags/example_branch_day_of_week_operator.py
[2023-03-09T09:44:06.382+0000] {processor.py:753} INFO - DAG(s) dict_keys(['example_weekday_branch_operator']) retrieved from /home/airflow/.local/lib/python3.7/site-packages/airflow/example_dags/example_branch_day_of_week_operator.py
[2023-03-09T09:44:06.399+0000] {logging_mixin.py:137} INFO - [2023-03-09T09:44:06.399+0000] {dag.py:2690} INFO - Sync 1 DAGs
[2023-03-09T09:44:06.415+0000] {logging_mixin.py:137} INFO - [2023-03-09T09:44:06.415+0000] {dag.py:3441} INFO - Setting next_dagrun for example_weekday_branch_operator to 2023-03-08T00:00:00+00:00, run_after=2023-03-09T00:00:00+00:00
[2023-03-09T09:44:06.426+0000] {processor.py:175} INFO - Processing /home/airflow/.local/lib/python3.7/site-packages/airflow/example_dags/example_branch_day_of_week_operator.py took 0.062 seconds
[2023-03-09T09:44:36.628+0000] {processor.py:153} INFO - Started process (PID=3583) to work on /home/airflow/.local/lib/python3.7/site-packages/airflow/example_dags/example_branch_day_of_week_operator.py
[2023-03-09T09:44:36.631+0000] {processor.py:743} INFO - Processing file /home/airflow/.local/lib/python3.7/site-packages/airflow/example_dags/example_branch_day_of_week_operator.py for tasks to queue
[2023-03-09T09:44:36.632+0000] {logging_mixin.py:137} INFO - [2023-03-09T09:44:36.631+0000] {dagbag.py:538} INFO - Filling up the DagBag from /home/airflow/.local/lib/python3.7/site-packages/airflow/example_dags/example_branch_day_of_week_operator.py
[2023-03-09T09:44:36.642+0000] {processor.py:753} INFO - DAG(s) dict_keys(['example_weekday_branch_operator']) retrieved from /home/airflow/.local/lib/python3.7/site-packages/airflow/example_dags/example_branch_day_of_week_operator.py
[2023-03-09T09:44:36.660+0000] {logging_mixin.py:137} INFO - [2023-03-09T09:44:36.660+0000] {dag.py:2690} INFO - Sync 1 DAGs
[2023-03-09T09:44:36.676+0000] {logging_mixin.py:137} INFO - [2023-03-09T09:44:36.676+0000] {dag.py:3441} INFO - Setting next_dagrun for example_weekday_branch_operator to 2023-03-08T00:00:00+00:00, run_after=2023-03-09T00:00:00+00:00
[2023-03-09T09:44:36.688+0000] {processor.py:175} INFO - Processing /home/airflow/.local/lib/python3.7/site-packages/airflow/example_dags/example_branch_day_of_week_operator.py took 0.063 seconds
[2023-03-09T09:45:06.838+0000] {processor.py:153} INFO - Started process (PID=3658) to work on /home/airflow/.local/lib/python3.7/site-packages/airflow/example_dags/example_branch_day_of_week_operator.py
[2023-03-09T09:45:06.840+0000] {processor.py:743} INFO - Processing file /home/airflow/.local/lib/python3.7/site-packages/airflow/example_dags/example_branch_day_of_week_operator.py for tasks to queue
[2023-03-09T09:45:06.842+0000] {logging_mixin.py:137} INFO - [2023-03-09T09:45:06.841+0000] {dagbag.py:538} INFO - Filling up the DagBag from /home/airflow/.local/lib/python3.7/site-packages/airflow/example_dags/example_branch_day_of_week_operator.py
[2023-03-09T09:45:06.854+0000] {processor.py:753} INFO - DAG(s) dict_keys(['example_weekday_branch_operator']) retrieved from /home/airflow/.local/lib/python3.7/site-packages/airflow/example_dags/example_branch_day_of_week_operator.py
[2023-03-09T09:45:06.874+0000] {logging_mixin.py:137} INFO - [2023-03-09T09:45:06.874+0000] {dag.py:2690} INFO - Sync 1 DAGs
[2023-03-09T09:45:06.892+0000] {logging_mixin.py:137} INFO - [2023-03-09T09:45:06.891+0000] {dag.py:3441} INFO - Setting next_dagrun for example_weekday_branch_operator to 2023-03-08T00:00:00+00:00, run_after=2023-03-09T00:00:00+00:00
[2023-03-09T09:45:06.907+0000] {processor.py:175} INFO - Processing /home/airflow/.local/lib/python3.7/site-packages/airflow/example_dags/example_branch_day_of_week_operator.py took 0.075 seconds
[2023-03-09T09:45:37.322+0000] {processor.py:153} INFO - Started process (PID=3727) to work on /home/airflow/.local/lib/python3.7/site-packages/airflow/example_dags/example_branch_day_of_week_operator.py
[2023-03-09T09:45:37.324+0000] {processor.py:743} INFO - Processing file /home/airflow/.local/lib/python3.7/site-packages/airflow/example_dags/example_branch_day_of_week_operator.py for tasks to queue
[2023-03-09T09:45:37.325+0000] {logging_mixin.py:137} INFO - [2023-03-09T09:45:37.325+0000] {dagbag.py:538} INFO - Filling up the DagBag from /home/airflow/.local/lib/python3.7/site-packages/airflow/example_dags/example_branch_day_of_week_operator.py
[2023-03-09T09:45:37.339+0000] {processor.py:753} INFO - DAG(s) dict_keys(['example_weekday_branch_operator']) retrieved from /home/airflow/.local/lib/python3.7/site-packages/airflow/example_dags/example_branch_day_of_week_operator.py
[2023-03-09T09:45:37.362+0000] {logging_mixin.py:137} INFO - [2023-03-09T09:45:37.362+0000] {dag.py:2690} INFO - Sync 1 DAGs
[2023-03-09T09:45:37.380+0000] {logging_mixin.py:137} INFO - [2023-03-09T09:45:37.380+0000] {dag.py:3441} INFO - Setting next_dagrun for example_weekday_branch_operator to 2023-03-08T00:00:00+00:00, run_after=2023-03-09T00:00:00+00:00
[2023-03-09T09:45:37.394+0000] {processor.py:175} INFO - Processing /home/airflow/.local/lib/python3.7/site-packages/airflow/example_dags/example_branch_day_of_week_operator.py took 0.076 seconds
[2023-03-09T09:46:07.452+0000] {processor.py:153} INFO - Started process (PID=3811) to work on /home/airflow/.local/lib/python3.7/site-packages/airflow/example_dags/example_branch_day_of_week_operator.py
[2023-03-09T09:46:07.454+0000] {processor.py:743} INFO - Processing file /home/airflow/.local/lib/python3.7/site-packages/airflow/example_dags/example_branch_day_of_week_operator.py for tasks to queue
[2023-03-09T09:46:07.455+0000] {logging_mixin.py:137} INFO - [2023-03-09T09:46:07.455+0000] {dagbag.py:538} INFO - Filling up the DagBag from /home/airflow/.local/lib/python3.7/site-packages/airflow/example_dags/example_branch_day_of_week_operator.py
[2023-03-09T09:46:07.465+0000] {processor.py:753} INFO - DAG(s) dict_keys(['example_weekday_branch_operator']) retrieved from /home/airflow/.local/lib/python3.7/site-packages/airflow/example_dags/example_branch_day_of_week_operator.py
[2023-03-09T09:46:07.484+0000] {logging_mixin.py:137} INFO - [2023-03-09T09:46:07.483+0000] {dag.py:2690} INFO - Sync 1 DAGs
[2023-03-09T09:46:07.499+0000] {logging_mixin.py:137} INFO - [2023-03-09T09:46:07.499+0000] {dag.py:3441} INFO - Setting next_dagrun for example_weekday_branch_operator to 2023-03-08T00:00:00+00:00, run_after=2023-03-09T00:00:00+00:00
[2023-03-09T09:46:07.511+0000] {processor.py:175} INFO - Processing /home/airflow/.local/lib/python3.7/site-packages/airflow/example_dags/example_branch_day_of_week_operator.py took 0.061 seconds
[2023-03-09T09:46:37.906+0000] {processor.py:153} INFO - Started process (PID=3876) to work on /home/airflow/.local/lib/python3.7/site-packages/airflow/example_dags/example_branch_day_of_week_operator.py
[2023-03-09T09:46:37.908+0000] {processor.py:743} INFO - Processing file /home/airflow/.local/lib/python3.7/site-packages/airflow/example_dags/example_branch_day_of_week_operator.py for tasks to queue
[2023-03-09T09:46:37.909+0000] {logging_mixin.py:137} INFO - [2023-03-09T09:46:37.909+0000] {dagbag.py:538} INFO - Filling up the DagBag from /home/airflow/.local/lib/python3.7/site-packages/airflow/example_dags/example_branch_day_of_week_operator.py
[2023-03-09T09:46:37.920+0000] {processor.py:753} INFO - DAG(s) dict_keys(['example_weekday_branch_operator']) retrieved from /home/airflow/.local/lib/python3.7/site-packages/airflow/example_dags/example_branch_day_of_week_operator.py
[2023-03-09T09:46:37.939+0000] {logging_mixin.py:137} INFO - [2023-03-09T09:46:37.939+0000] {dag.py:2690} INFO - Sync 1 DAGs
[2023-03-09T09:46:37.956+0000] {logging_mixin.py:137} INFO - [2023-03-09T09:46:37.956+0000] {dag.py:3441} INFO - Setting next_dagrun for example_weekday_branch_operator to 2023-03-08T00:00:00+00:00, run_after=2023-03-09T00:00:00+00:00
[2023-03-09T09:46:37.968+0000] {processor.py:175} INFO - Processing /home/airflow/.local/lib/python3.7/site-packages/airflow/example_dags/example_branch_day_of_week_operator.py took 0.065 seconds
[2023-03-09T09:47:08.327+0000] {processor.py:153} INFO - Started process (PID=3959) to work on /home/airflow/.local/lib/python3.7/site-packages/airflow/example_dags/example_branch_day_of_week_operator.py
[2023-03-09T09:47:08.330+0000] {processor.py:743} INFO - Processing file /home/airflow/.local/lib/python3.7/site-packages/airflow/example_dags/example_branch_day_of_week_operator.py for tasks to queue
[2023-03-09T09:47:08.331+0000] {logging_mixin.py:137} INFO - [2023-03-09T09:47:08.331+0000] {dagbag.py:538} INFO - Filling up the DagBag from /home/airflow/.local/lib/python3.7/site-packages/airflow/example_dags/example_branch_day_of_week_operator.py
[2023-03-09T09:47:08.346+0000] {processor.py:753} INFO - DAG(s) dict_keys(['example_weekday_branch_operator']) retrieved from /home/airflow/.local/lib/python3.7/site-packages/airflow/example_dags/example_branch_day_of_week_operator.py
[2023-03-09T09:47:08.369+0000] {logging_mixin.py:137} INFO - [2023-03-09T09:47:08.369+0000] {dag.py:2690} INFO - Sync 1 DAGs
[2023-03-09T09:47:08.389+0000] {logging_mixin.py:137} INFO - [2023-03-09T09:47:08.389+0000] {dag.py:3441} INFO - Setting next_dagrun for example_weekday_branch_operator to 2023-03-08T00:00:00+00:00, run_after=2023-03-09T00:00:00+00:00
[2023-03-09T09:47:08.408+0000] {processor.py:175} INFO - Processing /home/airflow/.local/lib/python3.7/site-packages/airflow/example_dags/example_branch_day_of_week_operator.py took 0.078 seconds
[2023-03-09T09:47:38.697+0000] {processor.py:153} INFO - Started process (PID=4038) to work on /home/airflow/.local/lib/python3.7/site-packages/airflow/example_dags/example_branch_day_of_week_operator.py
[2023-03-09T09:47:38.700+0000] {processor.py:743} INFO - Processing file /home/airflow/.local/lib/python3.7/site-packages/airflow/example_dags/example_branch_day_of_week_operator.py for tasks to queue
[2023-03-09T09:47:38.701+0000] {logging_mixin.py:137} INFO - [2023-03-09T09:47:38.701+0000] {dagbag.py:538} INFO - Filling up the DagBag from /home/airflow/.local/lib/python3.7/site-packages/airflow/example_dags/example_branch_day_of_week_operator.py
[2023-03-09T09:47:38.716+0000] {processor.py:753} INFO - DAG(s) dict_keys(['example_weekday_branch_operator']) retrieved from /home/airflow/.local/lib/python3.7/site-packages/airflow/example_dags/example_branch_day_of_week_operator.py
[2023-03-09T09:47:38.738+0000] {logging_mixin.py:137} INFO - [2023-03-09T09:47:38.738+0000] {dag.py:2690} INFO - Sync 1 DAGs
[2023-03-09T09:47:38.757+0000] {logging_mixin.py:137} INFO - [2023-03-09T09:47:38.757+0000] {dag.py:3441} INFO - Setting next_dagrun for example_weekday_branch_operator to 2023-03-08T00:00:00+00:00, run_after=2023-03-09T00:00:00+00:00
[2023-03-09T09:47:38.771+0000] {processor.py:175} INFO - Processing /home/airflow/.local/lib/python3.7/site-packages/airflow/example_dags/example_branch_day_of_week_operator.py took 0.076 seconds
[2023-03-09T09:48:09.017+0000] {processor.py:153} INFO - Started process (PID=4102) to work on /home/airflow/.local/lib/python3.7/site-packages/airflow/example_dags/example_branch_day_of_week_operator.py
[2023-03-09T09:48:09.019+0000] {processor.py:743} INFO - Processing file /home/airflow/.local/lib/python3.7/site-packages/airflow/example_dags/example_branch_day_of_week_operator.py for tasks to queue
[2023-03-09T09:48:09.021+0000] {logging_mixin.py:137} INFO - [2023-03-09T09:48:09.021+0000] {dagbag.py:538} INFO - Filling up the DagBag from /home/airflow/.local/lib/python3.7/site-packages/airflow/example_dags/example_branch_day_of_week_operator.py
[2023-03-09T09:48:09.031+0000] {processor.py:753} INFO - DAG(s) dict_keys(['example_weekday_branch_operator']) retrieved from /home/airflow/.local/lib/python3.7/site-packages/airflow/example_dags/example_branch_day_of_week_operator.py
[2023-03-09T09:48:09.050+0000] {logging_mixin.py:137} INFO - [2023-03-09T09:48:09.050+0000] {dag.py:2690} INFO - Sync 1 DAGs
[2023-03-09T09:48:09.067+0000] {logging_mixin.py:137} INFO - [2023-03-09T09:48:09.067+0000] {dag.py:3441} INFO - Setting next_dagrun for example_weekday_branch_operator to 2023-03-08T00:00:00+00:00, run_after=2023-03-09T00:00:00+00:00
[2023-03-09T09:48:09.077+0000] {processor.py:175} INFO - Processing /home/airflow/.local/lib/python3.7/site-packages/airflow/example_dags/example_branch_day_of_week_operator.py took 0.063 seconds
[2023-03-09T09:48:39.274+0000] {processor.py:153} INFO - Started process (PID=4177) to work on /home/airflow/.local/lib/python3.7/site-packages/airflow/example_dags/example_branch_day_of_week_operator.py
[2023-03-09T09:48:39.276+0000] {processor.py:743} INFO - Processing file /home/airflow/.local/lib/python3.7/site-packages/airflow/example_dags/example_branch_day_of_week_operator.py for tasks to queue
[2023-03-09T09:48:39.277+0000] {logging_mixin.py:137} INFO - [2023-03-09T09:48:39.277+0000] {dagbag.py:538} INFO - Filling up the DagBag from /home/airflow/.local/lib/python3.7/site-packages/airflow/example_dags/example_branch_day_of_week_operator.py
[2023-03-09T09:48:39.290+0000] {processor.py:753} INFO - DAG(s) dict_keys(['example_weekday_branch_operator']) retrieved from /home/airflow/.local/lib/python3.7/site-packages/airflow/example_dags/example_branch_day_of_week_operator.py
[2023-03-09T09:48:39.308+0000] {logging_mixin.py:137} INFO - [2023-03-09T09:48:39.308+0000] {dag.py:2690} INFO - Sync 1 DAGs
[2023-03-09T09:48:39.325+0000] {logging_mixin.py:137} INFO - [2023-03-09T09:48:39.325+0000] {dag.py:3441} INFO - Setting next_dagrun for example_weekday_branch_operator to 2023-03-08T00:00:00+00:00, run_after=2023-03-09T00:00:00+00:00
[2023-03-09T09:48:39.336+0000] {processor.py:175} INFO - Processing /home/airflow/.local/lib/python3.7/site-packages/airflow/example_dags/example_branch_day_of_week_operator.py took 0.065 seconds
[2023-03-09T09:49:09.581+0000] {processor.py:153} INFO - Started process (PID=4258) to work on /home/airflow/.local/lib/python3.7/site-packages/airflow/example_dags/example_branch_day_of_week_operator.py
[2023-03-09T09:49:09.586+0000] {processor.py:743} INFO - Processing file /home/airflow/.local/lib/python3.7/site-packages/airflow/example_dags/example_branch_day_of_week_operator.py for tasks to queue
[2023-03-09T09:49:09.587+0000] {logging_mixin.py:137} INFO - [2023-03-09T09:49:09.587+0000] {dagbag.py:538} INFO - Filling up the DagBag from /home/airflow/.local/lib/python3.7/site-packages/airflow/example_dags/example_branch_day_of_week_operator.py
[2023-03-09T09:49:09.601+0000] {processor.py:753} INFO - DAG(s) dict_keys(['example_weekday_branch_operator']) retrieved from /home/airflow/.local/lib/python3.7/site-packages/airflow/example_dags/example_branch_day_of_week_operator.py
[2023-03-09T09:49:09.622+0000] {logging_mixin.py:137} INFO - [2023-03-09T09:49:09.621+0000] {dag.py:2690} INFO - Sync 1 DAGs
[2023-03-09T09:49:09.643+0000] {logging_mixin.py:137} INFO - [2023-03-09T09:49:09.643+0000] {dag.py:3441} INFO - Setting next_dagrun for example_weekday_branch_operator to 2023-03-08T00:00:00+00:00, run_after=2023-03-09T00:00:00+00:00
[2023-03-09T09:49:09.658+0000] {processor.py:175} INFO - Processing /home/airflow/.local/lib/python3.7/site-packages/airflow/example_dags/example_branch_day_of_week_operator.py took 0.082 seconds
[2023-03-09T09:49:40.038+0000] {processor.py:153} INFO - Started process (PID=4328) to work on /home/airflow/.local/lib/python3.7/site-packages/airflow/example_dags/example_branch_day_of_week_operator.py
[2023-03-09T09:49:40.039+0000] {processor.py:743} INFO - Processing file /home/airflow/.local/lib/python3.7/site-packages/airflow/example_dags/example_branch_day_of_week_operator.py for tasks to queue
[2023-03-09T09:49:40.040+0000] {logging_mixin.py:137} INFO - [2023-03-09T09:49:40.040+0000] {dagbag.py:538} INFO - Filling up the DagBag from /home/airflow/.local/lib/python3.7/site-packages/airflow/example_dags/example_branch_day_of_week_operator.py
[2023-03-09T09:49:40.051+0000] {processor.py:753} INFO - DAG(s) dict_keys(['example_weekday_branch_operator']) retrieved from /home/airflow/.local/lib/python3.7/site-packages/airflow/example_dags/example_branch_day_of_week_operator.py
[2023-03-09T09:49:40.068+0000] {logging_mixin.py:137} INFO - [2023-03-09T09:49:40.068+0000] {dag.py:2690} INFO - Sync 1 DAGs
[2023-03-09T09:49:40.084+0000] {logging_mixin.py:137} INFO - [2023-03-09T09:49:40.084+0000] {dag.py:3441} INFO - Setting next_dagrun for example_weekday_branch_operator to 2023-03-08T00:00:00+00:00, run_after=2023-03-09T00:00:00+00:00
[2023-03-09T09:49:40.095+0000] {processor.py:175} INFO - Processing /home/airflow/.local/lib/python3.7/site-packages/airflow/example_dags/example_branch_day_of_week_operator.py took 0.060 seconds
[2023-03-09T09:50:10.621+0000] {processor.py:153} INFO - Started process (PID=4407) to work on /home/airflow/.local/lib/python3.7/site-packages/airflow/example_dags/example_branch_day_of_week_operator.py
[2023-03-09T09:50:10.628+0000] {processor.py:743} INFO - Processing file /home/airflow/.local/lib/python3.7/site-packages/airflow/example_dags/example_branch_day_of_week_operator.py for tasks to queue
[2023-03-09T09:50:10.646+0000] {logging_mixin.py:137} INFO - [2023-03-09T09:50:10.645+0000] {dagbag.py:538} INFO - Filling up the DagBag from /home/airflow/.local/lib/python3.7/site-packages/airflow/example_dags/example_branch_day_of_week_operator.py
[2023-03-09T09:50:10.657+0000] {processor.py:753} INFO - DAG(s) dict_keys(['example_weekday_branch_operator']) retrieved from /home/airflow/.local/lib/python3.7/site-packages/airflow/example_dags/example_branch_day_of_week_operator.py
[2023-03-09T09:50:10.674+0000] {logging_mixin.py:137} INFO - [2023-03-09T09:50:10.674+0000] {dag.py:2690} INFO - Sync 1 DAGs
[2023-03-09T09:50:10.690+0000] {logging_mixin.py:137} INFO - [2023-03-09T09:50:10.690+0000] {dag.py:3441} INFO - Setting next_dagrun for example_weekday_branch_operator to 2023-03-08T00:00:00+00:00, run_after=2023-03-09T00:00:00+00:00
[2023-03-09T09:50:10.702+0000] {processor.py:175} INFO - Processing /home/airflow/.local/lib/python3.7/site-packages/airflow/example_dags/example_branch_day_of_week_operator.py took 0.084 seconds
