[2023-03-09T09:02:15.850+0000] {processor.py:153} INFO - Started process (PID=50) to work on /home/airflow/.local/lib/python3.7/site-packages/airflow/example_dags/example_bash_operator.py
[2023-03-09T09:02:15.856+0000] {processor.py:743} INFO - Processing file /home/airflow/.local/lib/python3.7/site-packages/airflow/example_dags/example_bash_operator.py for tasks to queue
[2023-03-09T09:02:15.862+0000] {logging_mixin.py:137} INFO - [2023-03-09T09:02:15.861+0000] {dagbag.py:538} INFO - Filling up the DagBag from /home/airflow/.local/lib/python3.7/site-packages/airflow/example_dags/example_bash_operator.py
[2023-03-09T09:02:15.987+0000] {processor.py:753} INFO - DAG(s) dict_keys(['example_bash_operator']) retrieved from /home/airflow/.local/lib/python3.7/site-packages/airflow/example_dags/example_bash_operator.py
[2023-03-09T09:02:16.070+0000] {logging_mixin.py:137} INFO - [2023-03-09T09:02:16.069+0000] {dag.py:2690} INFO - Sync 1 DAGs
[2023-03-09T09:02:16.205+0000] {logging_mixin.py:137} INFO - [2023-03-09T09:02:16.205+0000] {dag.py:3441} INFO - Setting next_dagrun for example_bash_operator to 2023-03-08T00:00:00+00:00, run_after=2023-03-09T00:00:00+00:00
[2023-03-09T09:02:16.372+0000] {processor.py:175} INFO - Processing /home/airflow/.local/lib/python3.7/site-packages/airflow/example_dags/example_bash_operator.py took 0.526 seconds
[2023-03-09T09:02:46.685+0000] {processor.py:153} INFO - Started process (PID=119) to work on /home/airflow/.local/lib/python3.7/site-packages/airflow/example_dags/example_bash_operator.py
[2023-03-09T09:02:46.688+0000] {processor.py:743} INFO - Processing file /home/airflow/.local/lib/python3.7/site-packages/airflow/example_dags/example_bash_operator.py for tasks to queue
[2023-03-09T09:02:46.691+0000] {logging_mixin.py:137} INFO - [2023-03-09T09:02:46.691+0000] {dagbag.py:538} INFO - Filling up the DagBag from /home/airflow/.local/lib/python3.7/site-packages/airflow/example_dags/example_bash_operator.py
[2023-03-09T09:02:46.707+0000] {processor.py:753} INFO - DAG(s) dict_keys(['example_bash_operator']) retrieved from /home/airflow/.local/lib/python3.7/site-packages/airflow/example_dags/example_bash_operator.py
[2023-03-09T09:02:46.728+0000] {logging_mixin.py:137} INFO - [2023-03-09T09:02:46.728+0000] {dag.py:2690} INFO - Sync 1 DAGs
[2023-03-09T09:02:46.743+0000] {logging_mixin.py:137} INFO - [2023-03-09T09:02:46.743+0000] {dag.py:3441} INFO - Setting next_dagrun for example_bash_operator to 2023-03-08T00:00:00+00:00, run_after=2023-03-09T00:00:00+00:00
[2023-03-09T09:02:46.754+0000] {processor.py:175} INFO - Processing /home/airflow/.local/lib/python3.7/site-packages/airflow/example_dags/example_bash_operator.py took 0.071 seconds
[2023-03-09T09:03:16.891+0000] {processor.py:153} INFO - Started process (PID=186) to work on /home/airflow/.local/lib/python3.7/site-packages/airflow/example_dags/example_bash_operator.py
[2023-03-09T09:03:16.893+0000] {processor.py:743} INFO - Processing file /home/airflow/.local/lib/python3.7/site-packages/airflow/example_dags/example_bash_operator.py for tasks to queue
[2023-03-09T09:03:16.894+0000] {logging_mixin.py:137} INFO - [2023-03-09T09:03:16.894+0000] {dagbag.py:538} INFO - Filling up the DagBag from /home/airflow/.local/lib/python3.7/site-packages/airflow/example_dags/example_bash_operator.py
[2023-03-09T09:03:16.908+0000] {processor.py:753} INFO - DAG(s) dict_keys(['example_bash_operator']) retrieved from /home/airflow/.local/lib/python3.7/site-packages/airflow/example_dags/example_bash_operator.py
[2023-03-09T09:03:16.930+0000] {logging_mixin.py:137} INFO - [2023-03-09T09:03:16.930+0000] {dag.py:2690} INFO - Sync 1 DAGs
[2023-03-09T09:03:16.945+0000] {logging_mixin.py:137} INFO - [2023-03-09T09:03:16.945+0000] {dag.py:3441} INFO - Setting next_dagrun for example_bash_operator to 2023-03-08T00:00:00+00:00, run_after=2023-03-09T00:00:00+00:00
[2023-03-09T09:03:16.956+0000] {processor.py:175} INFO - Processing /home/airflow/.local/lib/python3.7/site-packages/airflow/example_dags/example_bash_operator.py took 0.067 seconds
[2023-03-09T09:03:47.418+0000] {processor.py:153} INFO - Started process (PID=265) to work on /home/airflow/.local/lib/python3.7/site-packages/airflow/example_dags/example_bash_operator.py
[2023-03-09T09:03:47.420+0000] {processor.py:743} INFO - Processing file /home/airflow/.local/lib/python3.7/site-packages/airflow/example_dags/example_bash_operator.py for tasks to queue
[2023-03-09T09:03:47.421+0000] {logging_mixin.py:137} INFO - [2023-03-09T09:03:47.421+0000] {dagbag.py:538} INFO - Filling up the DagBag from /home/airflow/.local/lib/python3.7/site-packages/airflow/example_dags/example_bash_operator.py
[2023-03-09T09:03:47.437+0000] {processor.py:753} INFO - DAG(s) dict_keys(['example_bash_operator']) retrieved from /home/airflow/.local/lib/python3.7/site-packages/airflow/example_dags/example_bash_operator.py
[2023-03-09T09:03:47.461+0000] {logging_mixin.py:137} INFO - [2023-03-09T09:03:47.460+0000] {dag.py:2690} INFO - Sync 1 DAGs
[2023-03-09T09:03:47.477+0000] {logging_mixin.py:137} INFO - [2023-03-09T09:03:47.477+0000] {dag.py:3441} INFO - Setting next_dagrun for example_bash_operator to 2023-03-08T00:00:00+00:00, run_after=2023-03-09T00:00:00+00:00
[2023-03-09T09:03:47.488+0000] {processor.py:175} INFO - Processing /home/airflow/.local/lib/python3.7/site-packages/airflow/example_dags/example_bash_operator.py took 0.073 seconds
[2023-03-09T09:04:17.789+0000] {processor.py:153} INFO - Started process (PID=344) to work on /home/airflow/.local/lib/python3.7/site-packages/airflow/example_dags/example_bash_operator.py
[2023-03-09T09:04:17.793+0000] {processor.py:743} INFO - Processing file /home/airflow/.local/lib/python3.7/site-packages/airflow/example_dags/example_bash_operator.py for tasks to queue
[2023-03-09T09:04:17.795+0000] {logging_mixin.py:137} INFO - [2023-03-09T09:04:17.795+0000] {dagbag.py:538} INFO - Filling up the DagBag from /home/airflow/.local/lib/python3.7/site-packages/airflow/example_dags/example_bash_operator.py
[2023-03-09T09:04:17.823+0000] {processor.py:753} INFO - DAG(s) dict_keys(['example_bash_operator']) retrieved from /home/airflow/.local/lib/python3.7/site-packages/airflow/example_dags/example_bash_operator.py
[2023-03-09T09:04:17.863+0000] {logging_mixin.py:137} INFO - [2023-03-09T09:04:17.863+0000] {dag.py:2690} INFO - Sync 1 DAGs
[2023-03-09T09:04:17.893+0000] {logging_mixin.py:137} INFO - [2023-03-09T09:04:17.893+0000] {dag.py:3441} INFO - Setting next_dagrun for example_bash_operator to 2023-03-08T00:00:00+00:00, run_after=2023-03-09T00:00:00+00:00
[2023-03-09T09:04:17.913+0000] {processor.py:175} INFO - Processing /home/airflow/.local/lib/python3.7/site-packages/airflow/example_dags/example_bash_operator.py took 0.129 seconds
[2023-03-09T09:20:40.572+0000] {processor.py:153} INFO - Started process (PID=41) to work on /home/airflow/.local/lib/python3.7/site-packages/airflow/example_dags/example_bash_operator.py
[2023-03-09T09:20:40.575+0000] {processor.py:743} INFO - Processing file /home/airflow/.local/lib/python3.7/site-packages/airflow/example_dags/example_bash_operator.py for tasks to queue
[2023-03-09T09:20:40.577+0000] {logging_mixin.py:137} INFO - [2023-03-09T09:20:40.576+0000] {dagbag.py:538} INFO - Filling up the DagBag from /home/airflow/.local/lib/python3.7/site-packages/airflow/example_dags/example_bash_operator.py
[2023-03-09T09:20:40.616+0000] {processor.py:753} INFO - DAG(s) dict_keys(['example_bash_operator']) retrieved from /home/airflow/.local/lib/python3.7/site-packages/airflow/example_dags/example_bash_operator.py
[2023-03-09T09:20:40.748+0000] {logging_mixin.py:137} INFO - [2023-03-09T09:20:40.748+0000] {manager.py:504} INFO - Created Permission View: can read on DAG:example_bash_operator
[2023-03-09T09:20:40.757+0000] {logging_mixin.py:137} INFO - [2023-03-09T09:20:40.757+0000] {manager.py:504} INFO - Created Permission View: can edit on DAG:example_bash_operator
[2023-03-09T09:20:40.763+0000] {logging_mixin.py:137} INFO - [2023-03-09T09:20:40.763+0000] {manager.py:504} INFO - Created Permission View: can delete on DAG:example_bash_operator
[2023-03-09T09:20:40.764+0000] {logging_mixin.py:137} INFO - [2023-03-09T09:20:40.764+0000] {dag.py:2690} INFO - Sync 1 DAGs
[2023-03-09T09:20:40.785+0000] {logging_mixin.py:137} INFO - [2023-03-09T09:20:40.785+0000] {dag.py:2711} INFO - Creating ORM DAG for example_bash_operator
[2023-03-09T09:20:40.808+0000] {logging_mixin.py:137} INFO - [2023-03-09T09:20:40.807+0000] {dag.py:3441} INFO - Setting next_dagrun for example_bash_operator to 2023-03-08T00:00:00+00:00, run_after=2023-03-09T00:00:00+00:00
[2023-03-09T09:20:40.836+0000] {processor.py:175} INFO - Processing /home/airflow/.local/lib/python3.7/site-packages/airflow/example_dags/example_bash_operator.py took 0.267 seconds
[2023-03-09T09:21:11.783+0000] {processor.py:153} INFO - Started process (PID=105) to work on /home/airflow/.local/lib/python3.7/site-packages/airflow/example_dags/example_bash_operator.py
[2023-03-09T09:21:11.788+0000] {processor.py:743} INFO - Processing file /home/airflow/.local/lib/python3.7/site-packages/airflow/example_dags/example_bash_operator.py for tasks to queue
[2023-03-09T09:21:11.789+0000] {logging_mixin.py:137} INFO - [2023-03-09T09:21:11.789+0000] {dagbag.py:538} INFO - Filling up the DagBag from /home/airflow/.local/lib/python3.7/site-packages/airflow/example_dags/example_bash_operator.py
[2023-03-09T09:21:11.813+0000] {processor.py:753} INFO - DAG(s) dict_keys(['example_bash_operator']) retrieved from /home/airflow/.local/lib/python3.7/site-packages/airflow/example_dags/example_bash_operator.py
[2023-03-09T09:21:11.868+0000] {logging_mixin.py:137} INFO - [2023-03-09T09:21:11.868+0000] {dag.py:2690} INFO - Sync 1 DAGs
[2023-03-09T09:21:11.904+0000] {logging_mixin.py:137} INFO - [2023-03-09T09:21:11.903+0000] {dag.py:3441} INFO - Setting next_dagrun for example_bash_operator to 2023-03-08T00:00:00+00:00, run_after=2023-03-09T00:00:00+00:00
[2023-03-09T09:21:11.943+0000] {processor.py:175} INFO - Processing /home/airflow/.local/lib/python3.7/site-packages/airflow/example_dags/example_bash_operator.py took 0.162 seconds
[2023-03-09T09:21:42.451+0000] {processor.py:153} INFO - Started process (PID=186) to work on /home/airflow/.local/lib/python3.7/site-packages/airflow/example_dags/example_bash_operator.py
[2023-03-09T09:21:42.453+0000] {processor.py:743} INFO - Processing file /home/airflow/.local/lib/python3.7/site-packages/airflow/example_dags/example_bash_operator.py for tasks to queue
[2023-03-09T09:21:42.454+0000] {logging_mixin.py:137} INFO - [2023-03-09T09:21:42.454+0000] {dagbag.py:538} INFO - Filling up the DagBag from /home/airflow/.local/lib/python3.7/site-packages/airflow/example_dags/example_bash_operator.py
[2023-03-09T09:21:42.476+0000] {processor.py:753} INFO - DAG(s) dict_keys(['example_bash_operator']) retrieved from /home/airflow/.local/lib/python3.7/site-packages/airflow/example_dags/example_bash_operator.py
[2023-03-09T09:21:42.509+0000] {logging_mixin.py:137} INFO - [2023-03-09T09:21:42.509+0000] {dag.py:2690} INFO - Sync 1 DAGs
[2023-03-09T09:21:42.532+0000] {logging_mixin.py:137} INFO - [2023-03-09T09:21:42.532+0000] {dag.py:3441} INFO - Setting next_dagrun for example_bash_operator to 2023-03-08T00:00:00+00:00, run_after=2023-03-09T00:00:00+00:00
[2023-03-09T09:21:42.547+0000] {processor.py:175} INFO - Processing /home/airflow/.local/lib/python3.7/site-packages/airflow/example_dags/example_bash_operator.py took 0.099 seconds
[2023-03-09T09:22:13.286+0000] {processor.py:153} INFO - Started process (PID=265) to work on /home/airflow/.local/lib/python3.7/site-packages/airflow/example_dags/example_bash_operator.py
[2023-03-09T09:22:13.287+0000] {processor.py:743} INFO - Processing file /home/airflow/.local/lib/python3.7/site-packages/airflow/example_dags/example_bash_operator.py for tasks to queue
[2023-03-09T09:22:13.288+0000] {logging_mixin.py:137} INFO - [2023-03-09T09:22:13.288+0000] {dagbag.py:538} INFO - Filling up the DagBag from /home/airflow/.local/lib/python3.7/site-packages/airflow/example_dags/example_bash_operator.py
[2023-03-09T09:22:13.305+0000] {processor.py:753} INFO - DAG(s) dict_keys(['example_bash_operator']) retrieved from /home/airflow/.local/lib/python3.7/site-packages/airflow/example_dags/example_bash_operator.py
[2023-03-09T09:22:13.333+0000] {logging_mixin.py:137} INFO - [2023-03-09T09:22:13.333+0000] {dag.py:2690} INFO - Sync 1 DAGs
[2023-03-09T09:22:13.350+0000] {logging_mixin.py:137} INFO - [2023-03-09T09:22:13.350+0000] {dag.py:3441} INFO - Setting next_dagrun for example_bash_operator to 2023-03-08T00:00:00+00:00, run_after=2023-03-09T00:00:00+00:00
[2023-03-09T09:22:13.362+0000] {processor.py:175} INFO - Processing /home/airflow/.local/lib/python3.7/site-packages/airflow/example_dags/example_bash_operator.py took 0.079 seconds
[2023-03-09T09:22:43.658+0000] {processor.py:153} INFO - Started process (PID=329) to work on /home/airflow/.local/lib/python3.7/site-packages/airflow/example_dags/example_bash_operator.py
[2023-03-09T09:22:43.663+0000] {processor.py:743} INFO - Processing file /home/airflow/.local/lib/python3.7/site-packages/airflow/example_dags/example_bash_operator.py for tasks to queue
[2023-03-09T09:22:43.664+0000] {logging_mixin.py:137} INFO - [2023-03-09T09:22:43.664+0000] {dagbag.py:538} INFO - Filling up the DagBag from /home/airflow/.local/lib/python3.7/site-packages/airflow/example_dags/example_bash_operator.py
[2023-03-09T09:22:43.683+0000] {processor.py:753} INFO - DAG(s) dict_keys(['example_bash_operator']) retrieved from /home/airflow/.local/lib/python3.7/site-packages/airflow/example_dags/example_bash_operator.py
[2023-03-09T09:22:43.711+0000] {logging_mixin.py:137} INFO - [2023-03-09T09:22:43.711+0000] {dag.py:2690} INFO - Sync 1 DAGs
[2023-03-09T09:22:43.728+0000] {logging_mixin.py:137} INFO - [2023-03-09T09:22:43.728+0000] {dag.py:3441} INFO - Setting next_dagrun for example_bash_operator to 2023-03-08T00:00:00+00:00, run_after=2023-03-09T00:00:00+00:00
[2023-03-09T09:22:43.741+0000] {processor.py:175} INFO - Processing /home/airflow/.local/lib/python3.7/site-packages/airflow/example_dags/example_bash_operator.py took 0.086 seconds
[2023-03-09T09:23:13.890+0000] {processor.py:153} INFO - Started process (PID=409) to work on /home/airflow/.local/lib/python3.7/site-packages/airflow/example_dags/example_bash_operator.py
[2023-03-09T09:23:13.892+0000] {processor.py:743} INFO - Processing file /home/airflow/.local/lib/python3.7/site-packages/airflow/example_dags/example_bash_operator.py for tasks to queue
[2023-03-09T09:23:13.894+0000] {logging_mixin.py:137} INFO - [2023-03-09T09:23:13.894+0000] {dagbag.py:538} INFO - Filling up the DagBag from /home/airflow/.local/lib/python3.7/site-packages/airflow/example_dags/example_bash_operator.py
[2023-03-09T09:23:13.911+0000] {processor.py:753} INFO - DAG(s) dict_keys(['example_bash_operator']) retrieved from /home/airflow/.local/lib/python3.7/site-packages/airflow/example_dags/example_bash_operator.py
[2023-03-09T09:23:13.940+0000] {logging_mixin.py:137} INFO - [2023-03-09T09:23:13.940+0000] {dag.py:2690} INFO - Sync 1 DAGs
[2023-03-09T09:23:13.974+0000] {logging_mixin.py:137} INFO - [2023-03-09T09:23:13.973+0000] {dag.py:3441} INFO - Setting next_dagrun for example_bash_operator to 2023-03-08T00:00:00+00:00, run_after=2023-03-09T00:00:00+00:00
[2023-03-09T09:23:14.002+0000] {processor.py:175} INFO - Processing /home/airflow/.local/lib/python3.7/site-packages/airflow/example_dags/example_bash_operator.py took 0.115 seconds
[2023-03-09T09:23:44.195+0000] {processor.py:153} INFO - Started process (PID=496) to work on /home/airflow/.local/lib/python3.7/site-packages/airflow/example_dags/example_bash_operator.py
[2023-03-09T09:23:44.197+0000] {processor.py:743} INFO - Processing file /home/airflow/.local/lib/python3.7/site-packages/airflow/example_dags/example_bash_operator.py for tasks to queue
[2023-03-09T09:23:44.198+0000] {logging_mixin.py:137} INFO - [2023-03-09T09:23:44.198+0000] {dagbag.py:538} INFO - Filling up the DagBag from /home/airflow/.local/lib/python3.7/site-packages/airflow/example_dags/example_bash_operator.py
[2023-03-09T09:23:44.237+0000] {processor.py:753} INFO - DAG(s) dict_keys(['example_bash_operator']) retrieved from /home/airflow/.local/lib/python3.7/site-packages/airflow/example_dags/example_bash_operator.py
[2023-03-09T09:23:44.270+0000] {logging_mixin.py:137} INFO - [2023-03-09T09:23:44.270+0000] {dag.py:2690} INFO - Sync 1 DAGs
[2023-03-09T09:23:44.288+0000] {logging_mixin.py:137} INFO - [2023-03-09T09:23:44.288+0000] {dag.py:3441} INFO - Setting next_dagrun for example_bash_operator to 2023-03-08T00:00:00+00:00, run_after=2023-03-09T00:00:00+00:00
[2023-03-09T09:23:44.301+0000] {processor.py:175} INFO - Processing /home/airflow/.local/lib/python3.7/site-packages/airflow/example_dags/example_bash_operator.py took 0.111 seconds
[2023-03-09T09:24:14.460+0000] {processor.py:153} INFO - Started process (PID=559) to work on /home/airflow/.local/lib/python3.7/site-packages/airflow/example_dags/example_bash_operator.py
[2023-03-09T09:24:14.462+0000] {processor.py:743} INFO - Processing file /home/airflow/.local/lib/python3.7/site-packages/airflow/example_dags/example_bash_operator.py for tasks to queue
[2023-03-09T09:24:14.463+0000] {logging_mixin.py:137} INFO - [2023-03-09T09:24:14.463+0000] {dagbag.py:538} INFO - Filling up the DagBag from /home/airflow/.local/lib/python3.7/site-packages/airflow/example_dags/example_bash_operator.py
[2023-03-09T09:24:14.483+0000] {processor.py:753} INFO - DAG(s) dict_keys(['example_bash_operator']) retrieved from /home/airflow/.local/lib/python3.7/site-packages/airflow/example_dags/example_bash_operator.py
[2023-03-09T09:24:14.515+0000] {logging_mixin.py:137} INFO - [2023-03-09T09:24:14.515+0000] {dag.py:2690} INFO - Sync 1 DAGs
[2023-03-09T09:24:14.532+0000] {logging_mixin.py:137} INFO - [2023-03-09T09:24:14.532+0000] {dag.py:3441} INFO - Setting next_dagrun for example_bash_operator to 2023-03-08T00:00:00+00:00, run_after=2023-03-09T00:00:00+00:00
[2023-03-09T09:24:14.544+0000] {processor.py:175} INFO - Processing /home/airflow/.local/lib/python3.7/site-packages/airflow/example_dags/example_bash_operator.py took 0.087 seconds
[2023-03-09T09:24:45.198+0000] {processor.py:153} INFO - Started process (PID=637) to work on /home/airflow/.local/lib/python3.7/site-packages/airflow/example_dags/example_bash_operator.py
[2023-03-09T09:24:45.199+0000] {processor.py:743} INFO - Processing file /home/airflow/.local/lib/python3.7/site-packages/airflow/example_dags/example_bash_operator.py for tasks to queue
[2023-03-09T09:24:45.200+0000] {logging_mixin.py:137} INFO - [2023-03-09T09:24:45.200+0000] {dagbag.py:538} INFO - Filling up the DagBag from /home/airflow/.local/lib/python3.7/site-packages/airflow/example_dags/example_bash_operator.py
[2023-03-09T09:24:45.216+0000] {processor.py:753} INFO - DAG(s) dict_keys(['example_bash_operator']) retrieved from /home/airflow/.local/lib/python3.7/site-packages/airflow/example_dags/example_bash_operator.py
[2023-03-09T09:24:45.239+0000] {logging_mixin.py:137} INFO - [2023-03-09T09:24:45.239+0000] {dag.py:2690} INFO - Sync 1 DAGs
[2023-03-09T09:24:45.256+0000] {logging_mixin.py:137} INFO - [2023-03-09T09:24:45.256+0000] {dag.py:3441} INFO - Setting next_dagrun for example_bash_operator to 2023-03-08T00:00:00+00:00, run_after=2023-03-09T00:00:00+00:00
[2023-03-09T09:24:45.270+0000] {processor.py:175} INFO - Processing /home/airflow/.local/lib/python3.7/site-packages/airflow/example_dags/example_bash_operator.py took 0.075 seconds
[2023-03-09T09:25:15.490+0000] {processor.py:153} INFO - Started process (PID=713) to work on /home/airflow/.local/lib/python3.7/site-packages/airflow/example_dags/example_bash_operator.py
[2023-03-09T09:25:15.493+0000] {processor.py:743} INFO - Processing file /home/airflow/.local/lib/python3.7/site-packages/airflow/example_dags/example_bash_operator.py for tasks to queue
[2023-03-09T09:25:15.495+0000] {logging_mixin.py:137} INFO - [2023-03-09T09:25:15.495+0000] {dagbag.py:538} INFO - Filling up the DagBag from /home/airflow/.local/lib/python3.7/site-packages/airflow/example_dags/example_bash_operator.py
[2023-03-09T09:25:15.510+0000] {processor.py:753} INFO - DAG(s) dict_keys(['example_bash_operator']) retrieved from /home/airflow/.local/lib/python3.7/site-packages/airflow/example_dags/example_bash_operator.py
[2023-03-09T09:25:15.537+0000] {logging_mixin.py:137} INFO - [2023-03-09T09:25:15.537+0000] {dag.py:2690} INFO - Sync 1 DAGs
[2023-03-09T09:25:15.555+0000] {logging_mixin.py:137} INFO - [2023-03-09T09:25:15.555+0000] {dag.py:3441} INFO - Setting next_dagrun for example_bash_operator to 2023-03-08T00:00:00+00:00, run_after=2023-03-09T00:00:00+00:00
[2023-03-09T09:25:15.572+0000] {processor.py:175} INFO - Processing /home/airflow/.local/lib/python3.7/site-packages/airflow/example_dags/example_bash_operator.py took 0.084 seconds
[2023-03-09T09:25:45.716+0000] {processor.py:153} INFO - Started process (PID=782) to work on /home/airflow/.local/lib/python3.7/site-packages/airflow/example_dags/example_bash_operator.py
[2023-03-09T09:25:45.718+0000] {processor.py:743} INFO - Processing file /home/airflow/.local/lib/python3.7/site-packages/airflow/example_dags/example_bash_operator.py for tasks to queue
[2023-03-09T09:25:45.719+0000] {logging_mixin.py:137} INFO - [2023-03-09T09:25:45.719+0000] {dagbag.py:538} INFO - Filling up the DagBag from /home/airflow/.local/lib/python3.7/site-packages/airflow/example_dags/example_bash_operator.py
[2023-03-09T09:25:45.736+0000] {processor.py:753} INFO - DAG(s) dict_keys(['example_bash_operator']) retrieved from /home/airflow/.local/lib/python3.7/site-packages/airflow/example_dags/example_bash_operator.py
[2023-03-09T09:25:45.775+0000] {logging_mixin.py:137} INFO - [2023-03-09T09:25:45.775+0000] {dag.py:2690} INFO - Sync 1 DAGs
[2023-03-09T09:25:45.809+0000] {logging_mixin.py:137} INFO - [2023-03-09T09:25:45.808+0000] {dag.py:3441} INFO - Setting next_dagrun for example_bash_operator to 2023-03-08T00:00:00+00:00, run_after=2023-03-09T00:00:00+00:00
[2023-03-09T09:25:45.859+0000] {processor.py:175} INFO - Processing /home/airflow/.local/lib/python3.7/site-packages/airflow/example_dags/example_bash_operator.py took 0.145 seconds
[2023-03-09T09:26:16.185+0000] {processor.py:153} INFO - Started process (PID=858) to work on /home/airflow/.local/lib/python3.7/site-packages/airflow/example_dags/example_bash_operator.py
[2023-03-09T09:26:16.187+0000] {processor.py:743} INFO - Processing file /home/airflow/.local/lib/python3.7/site-packages/airflow/example_dags/example_bash_operator.py for tasks to queue
[2023-03-09T09:26:16.187+0000] {logging_mixin.py:137} INFO - [2023-03-09T09:26:16.187+0000] {dagbag.py:538} INFO - Filling up the DagBag from /home/airflow/.local/lib/python3.7/site-packages/airflow/example_dags/example_bash_operator.py
[2023-03-09T09:26:16.203+0000] {processor.py:753} INFO - DAG(s) dict_keys(['example_bash_operator']) retrieved from /home/airflow/.local/lib/python3.7/site-packages/airflow/example_dags/example_bash_operator.py
[2023-03-09T09:26:16.227+0000] {logging_mixin.py:137} INFO - [2023-03-09T09:26:16.227+0000] {dag.py:2690} INFO - Sync 1 DAGs
[2023-03-09T09:26:16.244+0000] {logging_mixin.py:137} INFO - [2023-03-09T09:26:16.244+0000] {dag.py:3441} INFO - Setting next_dagrun for example_bash_operator to 2023-03-08T00:00:00+00:00, run_after=2023-03-09T00:00:00+00:00
[2023-03-09T09:26:16.294+0000] {processor.py:175} INFO - Processing /home/airflow/.local/lib/python3.7/site-packages/airflow/example_dags/example_bash_operator.py took 0.111 seconds
[2023-03-09T09:26:47.177+0000] {processor.py:153} INFO - Started process (PID=937) to work on /home/airflow/.local/lib/python3.7/site-packages/airflow/example_dags/example_bash_operator.py
[2023-03-09T09:26:47.178+0000] {processor.py:743} INFO - Processing file /home/airflow/.local/lib/python3.7/site-packages/airflow/example_dags/example_bash_operator.py for tasks to queue
[2023-03-09T09:26:47.179+0000] {logging_mixin.py:137} INFO - [2023-03-09T09:26:47.179+0000] {dagbag.py:538} INFO - Filling up the DagBag from /home/airflow/.local/lib/python3.7/site-packages/airflow/example_dags/example_bash_operator.py
[2023-03-09T09:26:47.193+0000] {processor.py:753} INFO - DAG(s) dict_keys(['example_bash_operator']) retrieved from /home/airflow/.local/lib/python3.7/site-packages/airflow/example_dags/example_bash_operator.py
[2023-03-09T09:26:47.216+0000] {logging_mixin.py:137} INFO - [2023-03-09T09:26:47.216+0000] {dag.py:2690} INFO - Sync 1 DAGs
[2023-03-09T09:26:47.233+0000] {logging_mixin.py:137} INFO - [2023-03-09T09:26:47.233+0000] {dag.py:3441} INFO - Setting next_dagrun for example_bash_operator to 2023-03-08T00:00:00+00:00, run_after=2023-03-09T00:00:00+00:00
[2023-03-09T09:26:47.246+0000] {processor.py:175} INFO - Processing /home/airflow/.local/lib/python3.7/site-packages/airflow/example_dags/example_bash_operator.py took 0.072 seconds
[2023-03-09T09:27:17.561+0000] {processor.py:153} INFO - Started process (PID=1006) to work on /home/airflow/.local/lib/python3.7/site-packages/airflow/example_dags/example_bash_operator.py
[2023-03-09T09:27:17.562+0000] {processor.py:743} INFO - Processing file /home/airflow/.local/lib/python3.7/site-packages/airflow/example_dags/example_bash_operator.py for tasks to queue
[2023-03-09T09:27:17.563+0000] {logging_mixin.py:137} INFO - [2023-03-09T09:27:17.563+0000] {dagbag.py:538} INFO - Filling up the DagBag from /home/airflow/.local/lib/python3.7/site-packages/airflow/example_dags/example_bash_operator.py
[2023-03-09T09:27:17.577+0000] {processor.py:753} INFO - DAG(s) dict_keys(['example_bash_operator']) retrieved from /home/airflow/.local/lib/python3.7/site-packages/airflow/example_dags/example_bash_operator.py
[2023-03-09T09:27:17.599+0000] {logging_mixin.py:137} INFO - [2023-03-09T09:27:17.599+0000] {dag.py:2690} INFO - Sync 1 DAGs
[2023-03-09T09:27:17.615+0000] {logging_mixin.py:137} INFO - [2023-03-09T09:27:17.615+0000] {dag.py:3441} INFO - Setting next_dagrun for example_bash_operator to 2023-03-08T00:00:00+00:00, run_after=2023-03-09T00:00:00+00:00
[2023-03-09T09:27:17.628+0000] {processor.py:175} INFO - Processing /home/airflow/.local/lib/python3.7/site-packages/airflow/example_dags/example_bash_operator.py took 0.070 seconds
[2023-03-09T09:27:48.677+0000] {processor.py:153} INFO - Started process (PID=1087) to work on /home/airflow/.local/lib/python3.7/site-packages/airflow/example_dags/example_bash_operator.py
[2023-03-09T09:27:48.679+0000] {processor.py:743} INFO - Processing file /home/airflow/.local/lib/python3.7/site-packages/airflow/example_dags/example_bash_operator.py for tasks to queue
[2023-03-09T09:27:48.680+0000] {logging_mixin.py:137} INFO - [2023-03-09T09:27:48.680+0000] {dagbag.py:538} INFO - Filling up the DagBag from /home/airflow/.local/lib/python3.7/site-packages/airflow/example_dags/example_bash_operator.py
[2023-03-09T09:27:48.695+0000] {processor.py:753} INFO - DAG(s) dict_keys(['example_bash_operator']) retrieved from /home/airflow/.local/lib/python3.7/site-packages/airflow/example_dags/example_bash_operator.py
[2023-03-09T09:27:48.721+0000] {logging_mixin.py:137} INFO - [2023-03-09T09:27:48.721+0000] {dag.py:2690} INFO - Sync 1 DAGs
[2023-03-09T09:27:48.745+0000] {logging_mixin.py:137} INFO - [2023-03-09T09:27:48.745+0000] {dag.py:3441} INFO - Setting next_dagrun for example_bash_operator to 2023-03-08T00:00:00+00:00, run_after=2023-03-09T00:00:00+00:00
[2023-03-09T09:27:48.767+0000] {processor.py:175} INFO - Processing /home/airflow/.local/lib/python3.7/site-packages/airflow/example_dags/example_bash_operator.py took 0.093 seconds
[2023-03-09T09:28:18.858+0000] {processor.py:153} INFO - Started process (PID=1167) to work on /home/airflow/.local/lib/python3.7/site-packages/airflow/example_dags/example_bash_operator.py
[2023-03-09T09:28:18.860+0000] {processor.py:743} INFO - Processing file /home/airflow/.local/lib/python3.7/site-packages/airflow/example_dags/example_bash_operator.py for tasks to queue
[2023-03-09T09:28:18.861+0000] {logging_mixin.py:137} INFO - [2023-03-09T09:28:18.861+0000] {dagbag.py:538} INFO - Filling up the DagBag from /home/airflow/.local/lib/python3.7/site-packages/airflow/example_dags/example_bash_operator.py
[2023-03-09T09:28:18.875+0000] {processor.py:753} INFO - DAG(s) dict_keys(['example_bash_operator']) retrieved from /home/airflow/.local/lib/python3.7/site-packages/airflow/example_dags/example_bash_operator.py
[2023-03-09T09:28:18.898+0000] {logging_mixin.py:137} INFO - [2023-03-09T09:28:18.898+0000] {dag.py:2690} INFO - Sync 1 DAGs
[2023-03-09T09:28:18.915+0000] {logging_mixin.py:137} INFO - [2023-03-09T09:28:18.915+0000] {dag.py:3441} INFO - Setting next_dagrun for example_bash_operator to 2023-03-08T00:00:00+00:00, run_after=2023-03-09T00:00:00+00:00
[2023-03-09T09:28:18.930+0000] {processor.py:175} INFO - Processing /home/airflow/.local/lib/python3.7/site-packages/airflow/example_dags/example_bash_operator.py took 0.074 seconds
[2023-03-09T09:28:49.375+0000] {processor.py:153} INFO - Started process (PID=1244) to work on /home/airflow/.local/lib/python3.7/site-packages/airflow/example_dags/example_bash_operator.py
[2023-03-09T09:28:49.377+0000] {processor.py:743} INFO - Processing file /home/airflow/.local/lib/python3.7/site-packages/airflow/example_dags/example_bash_operator.py for tasks to queue
[2023-03-09T09:28:49.378+0000] {logging_mixin.py:137} INFO - [2023-03-09T09:28:49.378+0000] {dagbag.py:538} INFO - Filling up the DagBag from /home/airflow/.local/lib/python3.7/site-packages/airflow/example_dags/example_bash_operator.py
[2023-03-09T09:28:49.394+0000] {processor.py:753} INFO - DAG(s) dict_keys(['example_bash_operator']) retrieved from /home/airflow/.local/lib/python3.7/site-packages/airflow/example_dags/example_bash_operator.py
[2023-03-09T09:28:49.417+0000] {logging_mixin.py:137} INFO - [2023-03-09T09:28:49.417+0000] {dag.py:2690} INFO - Sync 1 DAGs
[2023-03-09T09:28:49.438+0000] {logging_mixin.py:137} INFO - [2023-03-09T09:28:49.438+0000] {dag.py:3441} INFO - Setting next_dagrun for example_bash_operator to 2023-03-08T00:00:00+00:00, run_after=2023-03-09T00:00:00+00:00
[2023-03-09T09:28:49.462+0000] {processor.py:175} INFO - Processing /home/airflow/.local/lib/python3.7/site-packages/airflow/example_dags/example_bash_operator.py took 0.089 seconds
[2023-03-09T09:29:19.769+0000] {processor.py:153} INFO - Started process (PID=1312) to work on /home/airflow/.local/lib/python3.7/site-packages/airflow/example_dags/example_bash_operator.py
[2023-03-09T09:29:19.771+0000] {processor.py:743} INFO - Processing file /home/airflow/.local/lib/python3.7/site-packages/airflow/example_dags/example_bash_operator.py for tasks to queue
[2023-03-09T09:29:19.772+0000] {logging_mixin.py:137} INFO - [2023-03-09T09:29:19.772+0000] {dagbag.py:538} INFO - Filling up the DagBag from /home/airflow/.local/lib/python3.7/site-packages/airflow/example_dags/example_bash_operator.py
[2023-03-09T09:29:19.785+0000] {processor.py:753} INFO - DAG(s) dict_keys(['example_bash_operator']) retrieved from /home/airflow/.local/lib/python3.7/site-packages/airflow/example_dags/example_bash_operator.py
[2023-03-09T09:29:19.808+0000] {logging_mixin.py:137} INFO - [2023-03-09T09:29:19.808+0000] {dag.py:2690} INFO - Sync 1 DAGs
[2023-03-09T09:29:19.823+0000] {logging_mixin.py:137} INFO - [2023-03-09T09:29:19.823+0000] {dag.py:3441} INFO - Setting next_dagrun for example_bash_operator to 2023-03-08T00:00:00+00:00, run_after=2023-03-09T00:00:00+00:00
[2023-03-09T09:29:19.834+0000] {processor.py:175} INFO - Processing /home/airflow/.local/lib/python3.7/site-packages/airflow/example_dags/example_bash_operator.py took 0.066 seconds
[2023-03-09T09:29:50.015+0000] {processor.py:153} INFO - Started process (PID=1395) to work on /home/airflow/.local/lib/python3.7/site-packages/airflow/example_dags/example_bash_operator.py
[2023-03-09T09:29:50.016+0000] {processor.py:743} INFO - Processing file /home/airflow/.local/lib/python3.7/site-packages/airflow/example_dags/example_bash_operator.py for tasks to queue
[2023-03-09T09:29:50.017+0000] {logging_mixin.py:137} INFO - [2023-03-09T09:29:50.017+0000] {dagbag.py:538} INFO - Filling up the DagBag from /home/airflow/.local/lib/python3.7/site-packages/airflow/example_dags/example_bash_operator.py
[2023-03-09T09:29:50.032+0000] {processor.py:753} INFO - DAG(s) dict_keys(['example_bash_operator']) retrieved from /home/airflow/.local/lib/python3.7/site-packages/airflow/example_dags/example_bash_operator.py
[2023-03-09T09:29:50.056+0000] {logging_mixin.py:137} INFO - [2023-03-09T09:29:50.056+0000] {dag.py:2690} INFO - Sync 1 DAGs
[2023-03-09T09:29:50.073+0000] {logging_mixin.py:137} INFO - [2023-03-09T09:29:50.073+0000] {dag.py:3441} INFO - Setting next_dagrun for example_bash_operator to 2023-03-08T00:00:00+00:00, run_after=2023-03-09T00:00:00+00:00
[2023-03-09T09:29:50.085+0000] {processor.py:175} INFO - Processing /home/airflow/.local/lib/python3.7/site-packages/airflow/example_dags/example_bash_operator.py took 0.075 seconds
[2023-03-09T09:30:20.465+0000] {processor.py:153} INFO - Started process (PID=1462) to work on /home/airflow/.local/lib/python3.7/site-packages/airflow/example_dags/example_bash_operator.py
[2023-03-09T09:30:20.467+0000] {processor.py:743} INFO - Processing file /home/airflow/.local/lib/python3.7/site-packages/airflow/example_dags/example_bash_operator.py for tasks to queue
[2023-03-09T09:30:20.468+0000] {logging_mixin.py:137} INFO - [2023-03-09T09:30:20.468+0000] {dagbag.py:538} INFO - Filling up the DagBag from /home/airflow/.local/lib/python3.7/site-packages/airflow/example_dags/example_bash_operator.py
[2023-03-09T09:30:20.486+0000] {processor.py:753} INFO - DAG(s) dict_keys(['example_bash_operator']) retrieved from /home/airflow/.local/lib/python3.7/site-packages/airflow/example_dags/example_bash_operator.py
[2023-03-09T09:30:20.542+0000] {logging_mixin.py:137} INFO - [2023-03-09T09:30:20.542+0000] {dag.py:2690} INFO - Sync 1 DAGs
[2023-03-09T09:30:20.563+0000] {logging_mixin.py:137} INFO - [2023-03-09T09:30:20.562+0000] {dag.py:3441} INFO - Setting next_dagrun for example_bash_operator to 2023-03-08T00:00:00+00:00, run_after=2023-03-09T00:00:00+00:00
[2023-03-09T09:30:20.587+0000] {processor.py:175} INFO - Processing /home/airflow/.local/lib/python3.7/site-packages/airflow/example_dags/example_bash_operator.py took 0.124 seconds
[2023-03-09T09:30:50.857+0000] {processor.py:153} INFO - Started process (PID=1540) to work on /home/airflow/.local/lib/python3.7/site-packages/airflow/example_dags/example_bash_operator.py
[2023-03-09T09:30:50.858+0000] {processor.py:743} INFO - Processing file /home/airflow/.local/lib/python3.7/site-packages/airflow/example_dags/example_bash_operator.py for tasks to queue
[2023-03-09T09:30:50.859+0000] {logging_mixin.py:137} INFO - [2023-03-09T09:30:50.859+0000] {dagbag.py:538} INFO - Filling up the DagBag from /home/airflow/.local/lib/python3.7/site-packages/airflow/example_dags/example_bash_operator.py
[2023-03-09T09:30:50.874+0000] {processor.py:753} INFO - DAG(s) dict_keys(['example_bash_operator']) retrieved from /home/airflow/.local/lib/python3.7/site-packages/airflow/example_dags/example_bash_operator.py
[2023-03-09T09:30:50.900+0000] {logging_mixin.py:137} INFO - [2023-03-09T09:30:50.900+0000] {dag.py:2690} INFO - Sync 1 DAGs
[2023-03-09T09:30:50.918+0000] {logging_mixin.py:137} INFO - [2023-03-09T09:30:50.917+0000] {dag.py:3441} INFO - Setting next_dagrun for example_bash_operator to 2023-03-08T00:00:00+00:00, run_after=2023-03-09T00:00:00+00:00
[2023-03-09T09:30:50.931+0000] {processor.py:175} INFO - Processing /home/airflow/.local/lib/python3.7/site-packages/airflow/example_dags/example_bash_operator.py took 0.077 seconds
[2023-03-09T09:31:21.266+0000] {processor.py:153} INFO - Started process (PID=1623) to work on /home/airflow/.local/lib/python3.7/site-packages/airflow/example_dags/example_bash_operator.py
[2023-03-09T09:31:21.268+0000] {processor.py:743} INFO - Processing file /home/airflow/.local/lib/python3.7/site-packages/airflow/example_dags/example_bash_operator.py for tasks to queue
[2023-03-09T09:31:21.271+0000] {logging_mixin.py:137} INFO - [2023-03-09T09:31:21.270+0000] {dagbag.py:538} INFO - Filling up the DagBag from /home/airflow/.local/lib/python3.7/site-packages/airflow/example_dags/example_bash_operator.py
[2023-03-09T09:31:21.288+0000] {processor.py:753} INFO - DAG(s) dict_keys(['example_bash_operator']) retrieved from /home/airflow/.local/lib/python3.7/site-packages/airflow/example_dags/example_bash_operator.py
[2023-03-09T09:31:21.319+0000] {logging_mixin.py:137} INFO - [2023-03-09T09:31:21.319+0000] {dag.py:2690} INFO - Sync 1 DAGs
[2023-03-09T09:31:21.341+0000] {logging_mixin.py:137} INFO - [2023-03-09T09:31:21.341+0000] {dag.py:3441} INFO - Setting next_dagrun for example_bash_operator to 2023-03-08T00:00:00+00:00, run_after=2023-03-09T00:00:00+00:00
[2023-03-09T09:31:21.354+0000] {processor.py:175} INFO - Processing /home/airflow/.local/lib/python3.7/site-packages/airflow/example_dags/example_bash_operator.py took 0.093 seconds
[2023-03-09T09:31:51.604+0000] {processor.py:153} INFO - Started process (PID=1691) to work on /home/airflow/.local/lib/python3.7/site-packages/airflow/example_dags/example_bash_operator.py
[2023-03-09T09:31:51.605+0000] {processor.py:743} INFO - Processing file /home/airflow/.local/lib/python3.7/site-packages/airflow/example_dags/example_bash_operator.py for tasks to queue
[2023-03-09T09:31:51.606+0000] {logging_mixin.py:137} INFO - [2023-03-09T09:31:51.606+0000] {dagbag.py:538} INFO - Filling up the DagBag from /home/airflow/.local/lib/python3.7/site-packages/airflow/example_dags/example_bash_operator.py
[2023-03-09T09:31:51.621+0000] {processor.py:753} INFO - DAG(s) dict_keys(['example_bash_operator']) retrieved from /home/airflow/.local/lib/python3.7/site-packages/airflow/example_dags/example_bash_operator.py
[2023-03-09T09:31:51.644+0000] {logging_mixin.py:137} INFO - [2023-03-09T09:31:51.644+0000] {dag.py:2690} INFO - Sync 1 DAGs
[2023-03-09T09:31:51.661+0000] {logging_mixin.py:137} INFO - [2023-03-09T09:31:51.661+0000] {dag.py:3441} INFO - Setting next_dagrun for example_bash_operator to 2023-03-08T00:00:00+00:00, run_after=2023-03-09T00:00:00+00:00
[2023-03-09T09:31:51.672+0000] {processor.py:175} INFO - Processing /home/airflow/.local/lib/python3.7/site-packages/airflow/example_dags/example_bash_operator.py took 0.071 seconds
[2023-03-09T09:32:21.923+0000] {processor.py:153} INFO - Started process (PID=1774) to work on /home/airflow/.local/lib/python3.7/site-packages/airflow/example_dags/example_bash_operator.py
[2023-03-09T09:32:21.924+0000] {processor.py:743} INFO - Processing file /home/airflow/.local/lib/python3.7/site-packages/airflow/example_dags/example_bash_operator.py for tasks to queue
[2023-03-09T09:32:21.925+0000] {logging_mixin.py:137} INFO - [2023-03-09T09:32:21.925+0000] {dagbag.py:538} INFO - Filling up the DagBag from /home/airflow/.local/lib/python3.7/site-packages/airflow/example_dags/example_bash_operator.py
[2023-03-09T09:32:21.941+0000] {processor.py:753} INFO - DAG(s) dict_keys(['example_bash_operator']) retrieved from /home/airflow/.local/lib/python3.7/site-packages/airflow/example_dags/example_bash_operator.py
[2023-03-09T09:32:21.965+0000] {logging_mixin.py:137} INFO - [2023-03-09T09:32:21.965+0000] {dag.py:2690} INFO - Sync 1 DAGs
[2023-03-09T09:32:21.981+0000] {logging_mixin.py:137} INFO - [2023-03-09T09:32:21.981+0000] {dag.py:3441} INFO - Setting next_dagrun for example_bash_operator to 2023-03-08T00:00:00+00:00, run_after=2023-03-09T00:00:00+00:00
[2023-03-09T09:32:21.992+0000] {processor.py:175} INFO - Processing /home/airflow/.local/lib/python3.7/site-packages/airflow/example_dags/example_bash_operator.py took 0.072 seconds
[2023-03-09T09:32:52.189+0000] {processor.py:153} INFO - Started process (PID=1855) to work on /home/airflow/.local/lib/python3.7/site-packages/airflow/example_dags/example_bash_operator.py
[2023-03-09T09:32:52.190+0000] {processor.py:743} INFO - Processing file /home/airflow/.local/lib/python3.7/site-packages/airflow/example_dags/example_bash_operator.py for tasks to queue
[2023-03-09T09:32:52.191+0000] {logging_mixin.py:137} INFO - [2023-03-09T09:32:52.191+0000] {dagbag.py:538} INFO - Filling up the DagBag from /home/airflow/.local/lib/python3.7/site-packages/airflow/example_dags/example_bash_operator.py
[2023-03-09T09:32:52.205+0000] {processor.py:753} INFO - DAG(s) dict_keys(['example_bash_operator']) retrieved from /home/airflow/.local/lib/python3.7/site-packages/airflow/example_dags/example_bash_operator.py
[2023-03-09T09:32:52.232+0000] {logging_mixin.py:137} INFO - [2023-03-09T09:32:52.232+0000] {dag.py:2690} INFO - Sync 1 DAGs
[2023-03-09T09:32:52.250+0000] {logging_mixin.py:137} INFO - [2023-03-09T09:32:52.250+0000] {dag.py:3441} INFO - Setting next_dagrun for example_bash_operator to 2023-03-08T00:00:00+00:00, run_after=2023-03-09T00:00:00+00:00
[2023-03-09T09:32:52.262+0000] {processor.py:175} INFO - Processing /home/airflow/.local/lib/python3.7/site-packages/airflow/example_dags/example_bash_operator.py took 0.075 seconds
[2023-03-09T09:33:22.340+0000] {processor.py:153} INFO - Started process (PID=1921) to work on /home/airflow/.local/lib/python3.7/site-packages/airflow/example_dags/example_bash_operator.py
[2023-03-09T09:33:22.341+0000] {processor.py:743} INFO - Processing file /home/airflow/.local/lib/python3.7/site-packages/airflow/example_dags/example_bash_operator.py for tasks to queue
[2023-03-09T09:33:22.342+0000] {logging_mixin.py:137} INFO - [2023-03-09T09:33:22.342+0000] {dagbag.py:538} INFO - Filling up the DagBag from /home/airflow/.local/lib/python3.7/site-packages/airflow/example_dags/example_bash_operator.py
[2023-03-09T09:33:22.356+0000] {processor.py:753} INFO - DAG(s) dict_keys(['example_bash_operator']) retrieved from /home/airflow/.local/lib/python3.7/site-packages/airflow/example_dags/example_bash_operator.py
[2023-03-09T09:33:22.380+0000] {logging_mixin.py:137} INFO - [2023-03-09T09:33:22.380+0000] {dag.py:2690} INFO - Sync 1 DAGs
[2023-03-09T09:33:22.396+0000] {logging_mixin.py:137} INFO - [2023-03-09T09:33:22.396+0000] {dag.py:3441} INFO - Setting next_dagrun for example_bash_operator to 2023-03-08T00:00:00+00:00, run_after=2023-03-09T00:00:00+00:00
[2023-03-09T09:33:22.422+0000] {processor.py:175} INFO - Processing /home/airflow/.local/lib/python3.7/site-packages/airflow/example_dags/example_bash_operator.py took 0.085 seconds
[2023-03-09T09:33:52.590+0000] {processor.py:153} INFO - Started process (PID=1997) to work on /home/airflow/.local/lib/python3.7/site-packages/airflow/example_dags/example_bash_operator.py
[2023-03-09T09:33:52.591+0000] {processor.py:743} INFO - Processing file /home/airflow/.local/lib/python3.7/site-packages/airflow/example_dags/example_bash_operator.py for tasks to queue
[2023-03-09T09:33:52.592+0000] {logging_mixin.py:137} INFO - [2023-03-09T09:33:52.592+0000] {dagbag.py:538} INFO - Filling up the DagBag from /home/airflow/.local/lib/python3.7/site-packages/airflow/example_dags/example_bash_operator.py
[2023-03-09T09:33:52.607+0000] {processor.py:753} INFO - DAG(s) dict_keys(['example_bash_operator']) retrieved from /home/airflow/.local/lib/python3.7/site-packages/airflow/example_dags/example_bash_operator.py
[2023-03-09T09:33:52.631+0000] {logging_mixin.py:137} INFO - [2023-03-09T09:33:52.631+0000] {dag.py:2690} INFO - Sync 1 DAGs
[2023-03-09T09:33:52.650+0000] {logging_mixin.py:137} INFO - [2023-03-09T09:33:52.650+0000] {dag.py:3441} INFO - Setting next_dagrun for example_bash_operator to 2023-03-08T00:00:00+00:00, run_after=2023-03-09T00:00:00+00:00
[2023-03-09T09:33:52.663+0000] {processor.py:175} INFO - Processing /home/airflow/.local/lib/python3.7/site-packages/airflow/example_dags/example_bash_operator.py took 0.076 seconds
[2023-03-09T09:34:23.046+0000] {processor.py:153} INFO - Started process (PID=2068) to work on /home/airflow/.local/lib/python3.7/site-packages/airflow/example_dags/example_bash_operator.py
[2023-03-09T09:34:23.048+0000] {processor.py:743} INFO - Processing file /home/airflow/.local/lib/python3.7/site-packages/airflow/example_dags/example_bash_operator.py for tasks to queue
[2023-03-09T09:34:23.051+0000] {logging_mixin.py:137} INFO - [2023-03-09T09:34:23.050+0000] {dagbag.py:538} INFO - Filling up the DagBag from /home/airflow/.local/lib/python3.7/site-packages/airflow/example_dags/example_bash_operator.py
[2023-03-09T09:34:23.067+0000] {processor.py:753} INFO - DAG(s) dict_keys(['example_bash_operator']) retrieved from /home/airflow/.local/lib/python3.7/site-packages/airflow/example_dags/example_bash_operator.py
[2023-03-09T09:34:23.105+0000] {logging_mixin.py:137} INFO - [2023-03-09T09:34:23.105+0000] {dag.py:2690} INFO - Sync 1 DAGs
[2023-03-09T09:34:23.124+0000] {logging_mixin.py:137} INFO - [2023-03-09T09:34:23.124+0000] {dag.py:3441} INFO - Setting next_dagrun for example_bash_operator to 2023-03-08T00:00:00+00:00, run_after=2023-03-09T00:00:00+00:00
[2023-03-09T09:34:23.142+0000] {processor.py:175} INFO - Processing /home/airflow/.local/lib/python3.7/site-packages/airflow/example_dags/example_bash_operator.py took 0.100 seconds
[2023-03-09T09:34:53.283+0000] {processor.py:153} INFO - Started process (PID=2135) to work on /home/airflow/.local/lib/python3.7/site-packages/airflow/example_dags/example_bash_operator.py
[2023-03-09T09:34:53.284+0000] {processor.py:743} INFO - Processing file /home/airflow/.local/lib/python3.7/site-packages/airflow/example_dags/example_bash_operator.py for tasks to queue
[2023-03-09T09:34:53.285+0000] {logging_mixin.py:137} INFO - [2023-03-09T09:34:53.285+0000] {dagbag.py:538} INFO - Filling up the DagBag from /home/airflow/.local/lib/python3.7/site-packages/airflow/example_dags/example_bash_operator.py
[2023-03-09T09:34:53.300+0000] {processor.py:753} INFO - DAG(s) dict_keys(['example_bash_operator']) retrieved from /home/airflow/.local/lib/python3.7/site-packages/airflow/example_dags/example_bash_operator.py
[2023-03-09T09:34:53.323+0000] {logging_mixin.py:137} INFO - [2023-03-09T09:34:53.323+0000] {dag.py:2690} INFO - Sync 1 DAGs
[2023-03-09T09:34:53.339+0000] {logging_mixin.py:137} INFO - [2023-03-09T09:34:53.339+0000] {dag.py:3441} INFO - Setting next_dagrun for example_bash_operator to 2023-03-08T00:00:00+00:00, run_after=2023-03-09T00:00:00+00:00
[2023-03-09T09:34:53.353+0000] {processor.py:175} INFO - Processing /home/airflow/.local/lib/python3.7/site-packages/airflow/example_dags/example_bash_operator.py took 0.073 seconds
[2023-03-09T09:35:23.556+0000] {processor.py:153} INFO - Started process (PID=2213) to work on /home/airflow/.local/lib/python3.7/site-packages/airflow/example_dags/example_bash_operator.py
[2023-03-09T09:35:23.558+0000] {processor.py:743} INFO - Processing file /home/airflow/.local/lib/python3.7/site-packages/airflow/example_dags/example_bash_operator.py for tasks to queue
[2023-03-09T09:35:23.559+0000] {logging_mixin.py:137} INFO - [2023-03-09T09:35:23.559+0000] {dagbag.py:538} INFO - Filling up the DagBag from /home/airflow/.local/lib/python3.7/site-packages/airflow/example_dags/example_bash_operator.py
[2023-03-09T09:35:23.574+0000] {processor.py:753} INFO - DAG(s) dict_keys(['example_bash_operator']) retrieved from /home/airflow/.local/lib/python3.7/site-packages/airflow/example_dags/example_bash_operator.py
[2023-03-09T09:35:23.596+0000] {logging_mixin.py:137} INFO - [2023-03-09T09:35:23.596+0000] {dag.py:2690} INFO - Sync 1 DAGs
[2023-03-09T09:35:23.613+0000] {logging_mixin.py:137} INFO - [2023-03-09T09:35:23.613+0000] {dag.py:3441} INFO - Setting next_dagrun for example_bash_operator to 2023-03-08T00:00:00+00:00, run_after=2023-03-09T00:00:00+00:00
[2023-03-09T09:35:23.626+0000] {processor.py:175} INFO - Processing /home/airflow/.local/lib/python3.7/site-packages/airflow/example_dags/example_bash_operator.py took 0.072 seconds
[2023-03-09T09:35:53.968+0000] {processor.py:153} INFO - Started process (PID=2278) to work on /home/airflow/.local/lib/python3.7/site-packages/airflow/example_dags/example_bash_operator.py
[2023-03-09T09:35:53.969+0000] {processor.py:743} INFO - Processing file /home/airflow/.local/lib/python3.7/site-packages/airflow/example_dags/example_bash_operator.py for tasks to queue
[2023-03-09T09:35:53.970+0000] {logging_mixin.py:137} INFO - [2023-03-09T09:35:53.970+0000] {dagbag.py:538} INFO - Filling up the DagBag from /home/airflow/.local/lib/python3.7/site-packages/airflow/example_dags/example_bash_operator.py
[2023-03-09T09:35:53.984+0000] {processor.py:753} INFO - DAG(s) dict_keys(['example_bash_operator']) retrieved from /home/airflow/.local/lib/python3.7/site-packages/airflow/example_dags/example_bash_operator.py
[2023-03-09T09:35:54.008+0000] {logging_mixin.py:137} INFO - [2023-03-09T09:35:54.008+0000] {dag.py:2690} INFO - Sync 1 DAGs
[2023-03-09T09:35:54.025+0000] {logging_mixin.py:137} INFO - [2023-03-09T09:35:54.025+0000] {dag.py:3441} INFO - Setting next_dagrun for example_bash_operator to 2023-03-08T00:00:00+00:00, run_after=2023-03-09T00:00:00+00:00
[2023-03-09T09:35:54.040+0000] {processor.py:175} INFO - Processing /home/airflow/.local/lib/python3.7/site-packages/airflow/example_dags/example_bash_operator.py took 0.075 seconds
[2023-03-09T09:36:24.446+0000] {processor.py:153} INFO - Started process (PID=2356) to work on /home/airflow/.local/lib/python3.7/site-packages/airflow/example_dags/example_bash_operator.py
[2023-03-09T09:36:24.448+0000] {processor.py:743} INFO - Processing file /home/airflow/.local/lib/python3.7/site-packages/airflow/example_dags/example_bash_operator.py for tasks to queue
[2023-03-09T09:36:24.449+0000] {logging_mixin.py:137} INFO - [2023-03-09T09:36:24.449+0000] {dagbag.py:538} INFO - Filling up the DagBag from /home/airflow/.local/lib/python3.7/site-packages/airflow/example_dags/example_bash_operator.py
[2023-03-09T09:36:24.467+0000] {processor.py:753} INFO - DAG(s) dict_keys(['example_bash_operator']) retrieved from /home/airflow/.local/lib/python3.7/site-packages/airflow/example_dags/example_bash_operator.py
[2023-03-09T09:36:24.491+0000] {logging_mixin.py:137} INFO - [2023-03-09T09:36:24.491+0000] {dag.py:2690} INFO - Sync 1 DAGs
[2023-03-09T09:36:24.508+0000] {logging_mixin.py:137} INFO - [2023-03-09T09:36:24.508+0000] {dag.py:3441} INFO - Setting next_dagrun for example_bash_operator to 2023-03-08T00:00:00+00:00, run_after=2023-03-09T00:00:00+00:00
[2023-03-09T09:36:24.521+0000] {processor.py:175} INFO - Processing /home/airflow/.local/lib/python3.7/site-packages/airflow/example_dags/example_bash_operator.py took 0.077 seconds
[2023-03-09T09:36:54.558+0000] {processor.py:153} INFO - Started process (PID=2434) to work on /home/airflow/.local/lib/python3.7/site-packages/airflow/example_dags/example_bash_operator.py
[2023-03-09T09:36:54.559+0000] {processor.py:743} INFO - Processing file /home/airflow/.local/lib/python3.7/site-packages/airflow/example_dags/example_bash_operator.py for tasks to queue
[2023-03-09T09:36:54.560+0000] {logging_mixin.py:137} INFO - [2023-03-09T09:36:54.560+0000] {dagbag.py:538} INFO - Filling up the DagBag from /home/airflow/.local/lib/python3.7/site-packages/airflow/example_dags/example_bash_operator.py
[2023-03-09T09:36:54.574+0000] {processor.py:753} INFO - DAG(s) dict_keys(['example_bash_operator']) retrieved from /home/airflow/.local/lib/python3.7/site-packages/airflow/example_dags/example_bash_operator.py
[2023-03-09T09:36:54.597+0000] {logging_mixin.py:137} INFO - [2023-03-09T09:36:54.597+0000] {dag.py:2690} INFO - Sync 1 DAGs
[2023-03-09T09:36:54.612+0000] {logging_mixin.py:137} INFO - [2023-03-09T09:36:54.612+0000] {dag.py:3441} INFO - Setting next_dagrun for example_bash_operator to 2023-03-08T00:00:00+00:00, run_after=2023-03-09T00:00:00+00:00
[2023-03-09T09:36:54.623+0000] {processor.py:175} INFO - Processing /home/airflow/.local/lib/python3.7/site-packages/airflow/example_dags/example_bash_operator.py took 0.068 seconds
[2023-03-09T09:37:25.027+0000] {processor.py:153} INFO - Started process (PID=2500) to work on /home/airflow/.local/lib/python3.7/site-packages/airflow/example_dags/example_bash_operator.py
[2023-03-09T09:37:25.028+0000] {processor.py:743} INFO - Processing file /home/airflow/.local/lib/python3.7/site-packages/airflow/example_dags/example_bash_operator.py for tasks to queue
[2023-03-09T09:37:25.029+0000] {logging_mixin.py:137} INFO - [2023-03-09T09:37:25.029+0000] {dagbag.py:538} INFO - Filling up the DagBag from /home/airflow/.local/lib/python3.7/site-packages/airflow/example_dags/example_bash_operator.py
[2023-03-09T09:37:25.044+0000] {processor.py:753} INFO - DAG(s) dict_keys(['example_bash_operator']) retrieved from /home/airflow/.local/lib/python3.7/site-packages/airflow/example_dags/example_bash_operator.py
[2023-03-09T09:37:25.074+0000] {logging_mixin.py:137} INFO - [2023-03-09T09:37:25.074+0000] {dag.py:2690} INFO - Sync 1 DAGs
[2023-03-09T09:37:25.091+0000] {logging_mixin.py:137} INFO - [2023-03-09T09:37:25.091+0000] {dag.py:3441} INFO - Setting next_dagrun for example_bash_operator to 2023-03-08T00:00:00+00:00, run_after=2023-03-09T00:00:00+00:00
[2023-03-09T09:37:25.104+0000] {processor.py:175} INFO - Processing /home/airflow/.local/lib/python3.7/site-packages/airflow/example_dags/example_bash_operator.py took 0.079 seconds
[2023-03-09T09:37:55.250+0000] {processor.py:153} INFO - Started process (PID=2580) to work on /home/airflow/.local/lib/python3.7/site-packages/airflow/example_dags/example_bash_operator.py
[2023-03-09T09:37:55.252+0000] {processor.py:743} INFO - Processing file /home/airflow/.local/lib/python3.7/site-packages/airflow/example_dags/example_bash_operator.py for tasks to queue
[2023-03-09T09:37:55.253+0000] {logging_mixin.py:137} INFO - [2023-03-09T09:37:55.253+0000] {dagbag.py:538} INFO - Filling up the DagBag from /home/airflow/.local/lib/python3.7/site-packages/airflow/example_dags/example_bash_operator.py
[2023-03-09T09:37:55.267+0000] {processor.py:753} INFO - DAG(s) dict_keys(['example_bash_operator']) retrieved from /home/airflow/.local/lib/python3.7/site-packages/airflow/example_dags/example_bash_operator.py
[2023-03-09T09:37:55.289+0000] {logging_mixin.py:137} INFO - [2023-03-09T09:37:55.289+0000] {dag.py:2690} INFO - Sync 1 DAGs
[2023-03-09T09:37:55.305+0000] {logging_mixin.py:137} INFO - [2023-03-09T09:37:55.305+0000] {dag.py:3441} INFO - Setting next_dagrun for example_bash_operator to 2023-03-08T00:00:00+00:00, run_after=2023-03-09T00:00:00+00:00
[2023-03-09T09:37:55.318+0000] {processor.py:175} INFO - Processing /home/airflow/.local/lib/python3.7/site-packages/airflow/example_dags/example_bash_operator.py took 0.070 seconds
[2023-03-09T09:38:25.435+0000] {processor.py:153} INFO - Started process (PID=2658) to work on /home/airflow/.local/lib/python3.7/site-packages/airflow/example_dags/example_bash_operator.py
[2023-03-09T09:38:25.437+0000] {processor.py:743} INFO - Processing file /home/airflow/.local/lib/python3.7/site-packages/airflow/example_dags/example_bash_operator.py for tasks to queue
[2023-03-09T09:38:25.438+0000] {logging_mixin.py:137} INFO - [2023-03-09T09:38:25.438+0000] {dagbag.py:538} INFO - Filling up the DagBag from /home/airflow/.local/lib/python3.7/site-packages/airflow/example_dags/example_bash_operator.py
[2023-03-09T09:38:25.452+0000] {processor.py:753} INFO - DAG(s) dict_keys(['example_bash_operator']) retrieved from /home/airflow/.local/lib/python3.7/site-packages/airflow/example_dags/example_bash_operator.py
[2023-03-09T09:38:25.474+0000] {logging_mixin.py:137} INFO - [2023-03-09T09:38:25.474+0000] {dag.py:2690} INFO - Sync 1 DAGs
[2023-03-09T09:38:25.491+0000] {logging_mixin.py:137} INFO - [2023-03-09T09:38:25.491+0000] {dag.py:3441} INFO - Setting next_dagrun for example_bash_operator to 2023-03-08T00:00:00+00:00, run_after=2023-03-09T00:00:00+00:00
[2023-03-09T09:38:25.505+0000] {processor.py:175} INFO - Processing /home/airflow/.local/lib/python3.7/site-packages/airflow/example_dags/example_bash_operator.py took 0.072 seconds
[2023-03-09T09:38:56.564+0000] {processor.py:153} INFO - Started process (PID=2727) to work on /home/airflow/.local/lib/python3.7/site-packages/airflow/example_dags/example_bash_operator.py
[2023-03-09T09:38:56.565+0000] {processor.py:743} INFO - Processing file /home/airflow/.local/lib/python3.7/site-packages/airflow/example_dags/example_bash_operator.py for tasks to queue
[2023-03-09T09:38:56.566+0000] {logging_mixin.py:137} INFO - [2023-03-09T09:38:56.566+0000] {dagbag.py:538} INFO - Filling up the DagBag from /home/airflow/.local/lib/python3.7/site-packages/airflow/example_dags/example_bash_operator.py
[2023-03-09T09:38:56.581+0000] {processor.py:753} INFO - DAG(s) dict_keys(['example_bash_operator']) retrieved from /home/airflow/.local/lib/python3.7/site-packages/airflow/example_dags/example_bash_operator.py
[2023-03-09T09:38:56.604+0000] {logging_mixin.py:137} INFO - [2023-03-09T09:38:56.604+0000] {dag.py:2690} INFO - Sync 1 DAGs
[2023-03-09T09:38:56.621+0000] {logging_mixin.py:137} INFO - [2023-03-09T09:38:56.621+0000] {dag.py:3441} INFO - Setting next_dagrun for example_bash_operator to 2023-03-08T00:00:00+00:00, run_after=2023-03-09T00:00:00+00:00
[2023-03-09T09:38:56.635+0000] {processor.py:175} INFO - Processing /home/airflow/.local/lib/python3.7/site-packages/airflow/example_dags/example_bash_operator.py took 0.074 seconds
[2023-03-09T09:39:26.937+0000] {processor.py:153} INFO - Started process (PID=2810) to work on /home/airflow/.local/lib/python3.7/site-packages/airflow/example_dags/example_bash_operator.py
[2023-03-09T09:39:26.939+0000] {processor.py:743} INFO - Processing file /home/airflow/.local/lib/python3.7/site-packages/airflow/example_dags/example_bash_operator.py for tasks to queue
[2023-03-09T09:39:26.939+0000] {logging_mixin.py:137} INFO - [2023-03-09T09:39:26.939+0000] {dagbag.py:538} INFO - Filling up the DagBag from /home/airflow/.local/lib/python3.7/site-packages/airflow/example_dags/example_bash_operator.py
[2023-03-09T09:39:26.954+0000] {processor.py:753} INFO - DAG(s) dict_keys(['example_bash_operator']) retrieved from /home/airflow/.local/lib/python3.7/site-packages/airflow/example_dags/example_bash_operator.py
[2023-03-09T09:39:26.976+0000] {logging_mixin.py:137} INFO - [2023-03-09T09:39:26.976+0000] {dag.py:2690} INFO - Sync 1 DAGs
[2023-03-09T09:39:26.992+0000] {logging_mixin.py:137} INFO - [2023-03-09T09:39:26.992+0000] {dag.py:3441} INFO - Setting next_dagrun for example_bash_operator to 2023-03-08T00:00:00+00:00, run_after=2023-03-09T00:00:00+00:00
[2023-03-09T09:39:27.005+0000] {processor.py:175} INFO - Processing /home/airflow/.local/lib/python3.7/site-packages/airflow/example_dags/example_bash_operator.py took 0.071 seconds
[2023-03-09T09:39:57.315+0000] {processor.py:153} INFO - Started process (PID=2891) to work on /home/airflow/.local/lib/python3.7/site-packages/airflow/example_dags/example_bash_operator.py
[2023-03-09T09:39:57.318+0000] {processor.py:743} INFO - Processing file /home/airflow/.local/lib/python3.7/site-packages/airflow/example_dags/example_bash_operator.py for tasks to queue
[2023-03-09T09:39:57.321+0000] {logging_mixin.py:137} INFO - [2023-03-09T09:39:57.321+0000] {dagbag.py:538} INFO - Filling up the DagBag from /home/airflow/.local/lib/python3.7/site-packages/airflow/example_dags/example_bash_operator.py
[2023-03-09T09:39:57.340+0000] {processor.py:753} INFO - DAG(s) dict_keys(['example_bash_operator']) retrieved from /home/airflow/.local/lib/python3.7/site-packages/airflow/example_dags/example_bash_operator.py
[2023-03-09T09:39:57.364+0000] {logging_mixin.py:137} INFO - [2023-03-09T09:39:57.364+0000] {dag.py:2690} INFO - Sync 1 DAGs
[2023-03-09T09:39:57.385+0000] {logging_mixin.py:137} INFO - [2023-03-09T09:39:57.385+0000] {dag.py:3441} INFO - Setting next_dagrun for example_bash_operator to 2023-03-08T00:00:00+00:00, run_after=2023-03-09T00:00:00+00:00
[2023-03-09T09:39:57.399+0000] {processor.py:175} INFO - Processing /home/airflow/.local/lib/python3.7/site-packages/airflow/example_dags/example_bash_operator.py took 0.086 seconds
[2023-03-09T09:40:27.463+0000] {processor.py:153} INFO - Started process (PID=2955) to work on /home/airflow/.local/lib/python3.7/site-packages/airflow/example_dags/example_bash_operator.py
[2023-03-09T09:40:27.465+0000] {processor.py:743} INFO - Processing file /home/airflow/.local/lib/python3.7/site-packages/airflow/example_dags/example_bash_operator.py for tasks to queue
[2023-03-09T09:40:27.466+0000] {logging_mixin.py:137} INFO - [2023-03-09T09:40:27.465+0000] {dagbag.py:538} INFO - Filling up the DagBag from /home/airflow/.local/lib/python3.7/site-packages/airflow/example_dags/example_bash_operator.py
[2023-03-09T09:40:27.480+0000] {processor.py:753} INFO - DAG(s) dict_keys(['example_bash_operator']) retrieved from /home/airflow/.local/lib/python3.7/site-packages/airflow/example_dags/example_bash_operator.py
[2023-03-09T09:40:27.503+0000] {logging_mixin.py:137} INFO - [2023-03-09T09:40:27.503+0000] {dag.py:2690} INFO - Sync 1 DAGs
[2023-03-09T09:40:27.519+0000] {logging_mixin.py:137} INFO - [2023-03-09T09:40:27.519+0000] {dag.py:3441} INFO - Setting next_dagrun for example_bash_operator to 2023-03-08T00:00:00+00:00, run_after=2023-03-09T00:00:00+00:00
[2023-03-09T09:40:27.532+0000] {processor.py:175} INFO - Processing /home/airflow/.local/lib/python3.7/site-packages/airflow/example_dags/example_bash_operator.py took 0.071 seconds
[2023-03-09T09:40:57.655+0000] {processor.py:153} INFO - Started process (PID=3037) to work on /home/airflow/.local/lib/python3.7/site-packages/airflow/example_dags/example_bash_operator.py
[2023-03-09T09:40:57.656+0000] {processor.py:743} INFO - Processing file /home/airflow/.local/lib/python3.7/site-packages/airflow/example_dags/example_bash_operator.py for tasks to queue
[2023-03-09T09:40:57.657+0000] {logging_mixin.py:137} INFO - [2023-03-09T09:40:57.657+0000] {dagbag.py:538} INFO - Filling up the DagBag from /home/airflow/.local/lib/python3.7/site-packages/airflow/example_dags/example_bash_operator.py
[2023-03-09T09:40:57.671+0000] {processor.py:753} INFO - DAG(s) dict_keys(['example_bash_operator']) retrieved from /home/airflow/.local/lib/python3.7/site-packages/airflow/example_dags/example_bash_operator.py
[2023-03-09T09:40:57.694+0000] {logging_mixin.py:137} INFO - [2023-03-09T09:40:57.694+0000] {dag.py:2690} INFO - Sync 1 DAGs
[2023-03-09T09:40:57.710+0000] {logging_mixin.py:137} INFO - [2023-03-09T09:40:57.710+0000] {dag.py:3441} INFO - Setting next_dagrun for example_bash_operator to 2023-03-08T00:00:00+00:00, run_after=2023-03-09T00:00:00+00:00
[2023-03-09T09:40:57.723+0000] {processor.py:175} INFO - Processing /home/airflow/.local/lib/python3.7/site-packages/airflow/example_dags/example_bash_operator.py took 0.071 seconds
[2023-03-09T09:41:28.353+0000] {processor.py:153} INFO - Started process (PID=3111) to work on /home/airflow/.local/lib/python3.7/site-packages/airflow/example_dags/example_bash_operator.py
[2023-03-09T09:41:28.355+0000] {processor.py:743} INFO - Processing file /home/airflow/.local/lib/python3.7/site-packages/airflow/example_dags/example_bash_operator.py for tasks to queue
[2023-03-09T09:41:28.357+0000] {logging_mixin.py:137} INFO - [2023-03-09T09:41:28.356+0000] {dagbag.py:538} INFO - Filling up the DagBag from /home/airflow/.local/lib/python3.7/site-packages/airflow/example_dags/example_bash_operator.py
[2023-03-09T09:41:28.379+0000] {processor.py:753} INFO - DAG(s) dict_keys(['example_bash_operator']) retrieved from /home/airflow/.local/lib/python3.7/site-packages/airflow/example_dags/example_bash_operator.py
[2023-03-09T09:41:28.421+0000] {logging_mixin.py:137} INFO - [2023-03-09T09:41:28.421+0000] {dag.py:2690} INFO - Sync 1 DAGs
[2023-03-09T09:41:28.449+0000] {logging_mixin.py:137} INFO - [2023-03-09T09:41:28.449+0000] {dag.py:3441} INFO - Setting next_dagrun for example_bash_operator to 2023-03-08T00:00:00+00:00, run_after=2023-03-09T00:00:00+00:00
[2023-03-09T09:41:28.465+0000] {processor.py:175} INFO - Processing /home/airflow/.local/lib/python3.7/site-packages/airflow/example_dags/example_bash_operator.py took 0.114 seconds
[2023-03-09T09:41:58.925+0000] {processor.py:153} INFO - Started process (PID=3180) to work on /home/airflow/.local/lib/python3.7/site-packages/airflow/example_dags/example_bash_operator.py
[2023-03-09T09:41:58.926+0000] {processor.py:743} INFO - Processing file /home/airflow/.local/lib/python3.7/site-packages/airflow/example_dags/example_bash_operator.py for tasks to queue
[2023-03-09T09:41:58.927+0000] {logging_mixin.py:137} INFO - [2023-03-09T09:41:58.927+0000] {dagbag.py:538} INFO - Filling up the DagBag from /home/airflow/.local/lib/python3.7/site-packages/airflow/example_dags/example_bash_operator.py
[2023-03-09T09:41:58.942+0000] {processor.py:753} INFO - DAG(s) dict_keys(['example_bash_operator']) retrieved from /home/airflow/.local/lib/python3.7/site-packages/airflow/example_dags/example_bash_operator.py
[2023-03-09T09:41:58.969+0000] {logging_mixin.py:137} INFO - [2023-03-09T09:41:58.969+0000] {dag.py:2690} INFO - Sync 1 DAGs
[2023-03-09T09:41:58.988+0000] {logging_mixin.py:137} INFO - [2023-03-09T09:41:58.987+0000] {dag.py:3441} INFO - Setting next_dagrun for example_bash_operator to 2023-03-08T00:00:00+00:00, run_after=2023-03-09T00:00:00+00:00
[2023-03-09T09:41:59.003+0000] {processor.py:175} INFO - Processing /home/airflow/.local/lib/python3.7/site-packages/airflow/example_dags/example_bash_operator.py took 0.082 seconds
[2023-03-09T09:42:29.363+0000] {processor.py:153} INFO - Started process (PID=3259) to work on /home/airflow/.local/lib/python3.7/site-packages/airflow/example_dags/example_bash_operator.py
[2023-03-09T09:42:29.364+0000] {processor.py:743} INFO - Processing file /home/airflow/.local/lib/python3.7/site-packages/airflow/example_dags/example_bash_operator.py for tasks to queue
[2023-03-09T09:42:29.365+0000] {logging_mixin.py:137} INFO - [2023-03-09T09:42:29.365+0000] {dagbag.py:538} INFO - Filling up the DagBag from /home/airflow/.local/lib/python3.7/site-packages/airflow/example_dags/example_bash_operator.py
[2023-03-09T09:42:29.380+0000] {processor.py:753} INFO - DAG(s) dict_keys(['example_bash_operator']) retrieved from /home/airflow/.local/lib/python3.7/site-packages/airflow/example_dags/example_bash_operator.py
[2023-03-09T09:42:29.407+0000] {logging_mixin.py:137} INFO - [2023-03-09T09:42:29.406+0000] {dag.py:2690} INFO - Sync 1 DAGs
[2023-03-09T09:42:29.423+0000] {logging_mixin.py:137} INFO - [2023-03-09T09:42:29.423+0000] {dag.py:3441} INFO - Setting next_dagrun for example_bash_operator to 2023-03-08T00:00:00+00:00, run_after=2023-03-09T00:00:00+00:00
[2023-03-09T09:42:29.435+0000] {processor.py:175} INFO - Processing /home/airflow/.local/lib/python3.7/site-packages/airflow/example_dags/example_bash_operator.py took 0.075 seconds
[2023-03-09T09:42:59.677+0000] {processor.py:153} INFO - Started process (PID=3323) to work on /home/airflow/.local/lib/python3.7/site-packages/airflow/example_dags/example_bash_operator.py
[2023-03-09T09:42:59.678+0000] {processor.py:743} INFO - Processing file /home/airflow/.local/lib/python3.7/site-packages/airflow/example_dags/example_bash_operator.py for tasks to queue
[2023-03-09T09:42:59.680+0000] {logging_mixin.py:137} INFO - [2023-03-09T09:42:59.680+0000] {dagbag.py:538} INFO - Filling up the DagBag from /home/airflow/.local/lib/python3.7/site-packages/airflow/example_dags/example_bash_operator.py
[2023-03-09T09:42:59.698+0000] {processor.py:753} INFO - DAG(s) dict_keys(['example_bash_operator']) retrieved from /home/airflow/.local/lib/python3.7/site-packages/airflow/example_dags/example_bash_operator.py
[2023-03-09T09:42:59.724+0000] {logging_mixin.py:137} INFO - [2023-03-09T09:42:59.724+0000] {dag.py:2690} INFO - Sync 1 DAGs
[2023-03-09T09:42:59.740+0000] {logging_mixin.py:137} INFO - [2023-03-09T09:42:59.740+0000] {dag.py:3441} INFO - Setting next_dagrun for example_bash_operator to 2023-03-08T00:00:00+00:00, run_after=2023-03-09T00:00:00+00:00
[2023-03-09T09:42:59.752+0000] {processor.py:175} INFO - Processing /home/airflow/.local/lib/python3.7/site-packages/airflow/example_dags/example_bash_operator.py took 0.079 seconds
[2023-03-09T09:43:30.131+0000] {processor.py:153} INFO - Started process (PID=3405) to work on /home/airflow/.local/lib/python3.7/site-packages/airflow/example_dags/example_bash_operator.py
[2023-03-09T09:43:30.133+0000] {processor.py:743} INFO - Processing file /home/airflow/.local/lib/python3.7/site-packages/airflow/example_dags/example_bash_operator.py for tasks to queue
[2023-03-09T09:43:30.134+0000] {logging_mixin.py:137} INFO - [2023-03-09T09:43:30.134+0000] {dagbag.py:538} INFO - Filling up the DagBag from /home/airflow/.local/lib/python3.7/site-packages/airflow/example_dags/example_bash_operator.py
[2023-03-09T09:43:30.149+0000] {processor.py:753} INFO - DAG(s) dict_keys(['example_bash_operator']) retrieved from /home/airflow/.local/lib/python3.7/site-packages/airflow/example_dags/example_bash_operator.py
[2023-03-09T09:43:30.174+0000] {logging_mixin.py:137} INFO - [2023-03-09T09:43:30.174+0000] {dag.py:2690} INFO - Sync 1 DAGs
[2023-03-09T09:43:30.190+0000] {logging_mixin.py:137} INFO - [2023-03-09T09:43:30.190+0000] {dag.py:3441} INFO - Setting next_dagrun for example_bash_operator to 2023-03-08T00:00:00+00:00, run_after=2023-03-09T00:00:00+00:00
[2023-03-09T09:43:30.204+0000] {processor.py:175} INFO - Processing /home/airflow/.local/lib/python3.7/site-packages/airflow/example_dags/example_bash_operator.py took 0.075 seconds
[2023-03-09T09:44:00.493+0000] {processor.py:153} INFO - Started process (PID=3486) to work on /home/airflow/.local/lib/python3.7/site-packages/airflow/example_dags/example_bash_operator.py
[2023-03-09T09:44:00.494+0000] {processor.py:743} INFO - Processing file /home/airflow/.local/lib/python3.7/site-packages/airflow/example_dags/example_bash_operator.py for tasks to queue
[2023-03-09T09:44:00.495+0000] {logging_mixin.py:137} INFO - [2023-03-09T09:44:00.495+0000] {dagbag.py:538} INFO - Filling up the DagBag from /home/airflow/.local/lib/python3.7/site-packages/airflow/example_dags/example_bash_operator.py
[2023-03-09T09:44:00.516+0000] {processor.py:753} INFO - DAG(s) dict_keys(['example_bash_operator']) retrieved from /home/airflow/.local/lib/python3.7/site-packages/airflow/example_dags/example_bash_operator.py
[2023-03-09T09:44:00.544+0000] {logging_mixin.py:137} INFO - [2023-03-09T09:44:00.544+0000] {dag.py:2690} INFO - Sync 1 DAGs
[2023-03-09T09:44:00.561+0000] {logging_mixin.py:137} INFO - [2023-03-09T09:44:00.561+0000] {dag.py:3441} INFO - Setting next_dagrun for example_bash_operator to 2023-03-08T00:00:00+00:00, run_after=2023-03-09T00:00:00+00:00
[2023-03-09T09:44:00.575+0000] {processor.py:175} INFO - Processing /home/airflow/.local/lib/python3.7/site-packages/airflow/example_dags/example_bash_operator.py took 0.086 seconds
[2023-03-09T09:44:30.901+0000] {processor.py:153} INFO - Started process (PID=3554) to work on /home/airflow/.local/lib/python3.7/site-packages/airflow/example_dags/example_bash_operator.py
[2023-03-09T09:44:30.903+0000] {processor.py:743} INFO - Processing file /home/airflow/.local/lib/python3.7/site-packages/airflow/example_dags/example_bash_operator.py for tasks to queue
[2023-03-09T09:44:30.905+0000] {logging_mixin.py:137} INFO - [2023-03-09T09:44:30.905+0000] {dagbag.py:538} INFO - Filling up the DagBag from /home/airflow/.local/lib/python3.7/site-packages/airflow/example_dags/example_bash_operator.py
[2023-03-09T09:44:30.924+0000] {processor.py:753} INFO - DAG(s) dict_keys(['example_bash_operator']) retrieved from /home/airflow/.local/lib/python3.7/site-packages/airflow/example_dags/example_bash_operator.py
[2023-03-09T09:44:30.956+0000] {logging_mixin.py:137} INFO - [2023-03-09T09:44:30.956+0000] {dag.py:2690} INFO - Sync 1 DAGs
[2023-03-09T09:44:30.973+0000] {logging_mixin.py:137} INFO - [2023-03-09T09:44:30.973+0000] {dag.py:3441} INFO - Setting next_dagrun for example_bash_operator to 2023-03-08T00:00:00+00:00, run_after=2023-03-09T00:00:00+00:00
[2023-03-09T09:44:30.985+0000] {processor.py:175} INFO - Processing /home/airflow/.local/lib/python3.7/site-packages/airflow/example_dags/example_bash_operator.py took 0.087 seconds
[2023-03-09T09:45:01.060+0000] {processor.py:153} INFO - Started process (PID=3634) to work on /home/airflow/.local/lib/python3.7/site-packages/airflow/example_dags/example_bash_operator.py
[2023-03-09T09:45:01.061+0000] {processor.py:743} INFO - Processing file /home/airflow/.local/lib/python3.7/site-packages/airflow/example_dags/example_bash_operator.py for tasks to queue
[2023-03-09T09:45:01.062+0000] {logging_mixin.py:137} INFO - [2023-03-09T09:45:01.062+0000] {dagbag.py:538} INFO - Filling up the DagBag from /home/airflow/.local/lib/python3.7/site-packages/airflow/example_dags/example_bash_operator.py
[2023-03-09T09:45:01.078+0000] {processor.py:753} INFO - DAG(s) dict_keys(['example_bash_operator']) retrieved from /home/airflow/.local/lib/python3.7/site-packages/airflow/example_dags/example_bash_operator.py
[2023-03-09T09:45:01.102+0000] {logging_mixin.py:137} INFO - [2023-03-09T09:45:01.102+0000] {dag.py:2690} INFO - Sync 1 DAGs
[2023-03-09T09:45:01.121+0000] {logging_mixin.py:137} INFO - [2023-03-09T09:45:01.121+0000] {dag.py:3441} INFO - Setting next_dagrun for example_bash_operator to 2023-03-08T00:00:00+00:00, run_after=2023-03-09T00:00:00+00:00
[2023-03-09T09:45:01.134+0000] {processor.py:175} INFO - Processing /home/airflow/.local/lib/python3.7/site-packages/airflow/example_dags/example_bash_operator.py took 0.077 seconds
[2023-03-09T09:45:31.472+0000] {processor.py:153} INFO - Started process (PID=3712) to work on /home/airflow/.local/lib/python3.7/site-packages/airflow/example_dags/example_bash_operator.py
[2023-03-09T09:45:31.474+0000] {processor.py:743} INFO - Processing file /home/airflow/.local/lib/python3.7/site-packages/airflow/example_dags/example_bash_operator.py for tasks to queue
[2023-03-09T09:45:31.475+0000] {logging_mixin.py:137} INFO - [2023-03-09T09:45:31.475+0000] {dagbag.py:538} INFO - Filling up the DagBag from /home/airflow/.local/lib/python3.7/site-packages/airflow/example_dags/example_bash_operator.py
[2023-03-09T09:45:31.491+0000] {processor.py:753} INFO - DAG(s) dict_keys(['example_bash_operator']) retrieved from /home/airflow/.local/lib/python3.7/site-packages/airflow/example_dags/example_bash_operator.py
[2023-03-09T09:45:31.519+0000] {logging_mixin.py:137} INFO - [2023-03-09T09:45:31.519+0000] {dag.py:2690} INFO - Sync 1 DAGs
[2023-03-09T09:45:31.537+0000] {logging_mixin.py:137} INFO - [2023-03-09T09:45:31.537+0000] {dag.py:3441} INFO - Setting next_dagrun for example_bash_operator to 2023-03-08T00:00:00+00:00, run_after=2023-03-09T00:00:00+00:00
[2023-03-09T09:45:31.549+0000] {processor.py:175} INFO - Processing /home/airflow/.local/lib/python3.7/site-packages/airflow/example_dags/example_bash_operator.py took 0.079 seconds
[2023-03-09T09:46:01.753+0000] {processor.py:153} INFO - Started process (PID=3782) to work on /home/airflow/.local/lib/python3.7/site-packages/airflow/example_dags/example_bash_operator.py
[2023-03-09T09:46:01.754+0000] {processor.py:743} INFO - Processing file /home/airflow/.local/lib/python3.7/site-packages/airflow/example_dags/example_bash_operator.py for tasks to queue
[2023-03-09T09:46:01.755+0000] {logging_mixin.py:137} INFO - [2023-03-09T09:46:01.755+0000] {dagbag.py:538} INFO - Filling up the DagBag from /home/airflow/.local/lib/python3.7/site-packages/airflow/example_dags/example_bash_operator.py
[2023-03-09T09:46:01.770+0000] {processor.py:753} INFO - DAG(s) dict_keys(['example_bash_operator']) retrieved from /home/airflow/.local/lib/python3.7/site-packages/airflow/example_dags/example_bash_operator.py
[2023-03-09T09:46:01.793+0000] {logging_mixin.py:137} INFO - [2023-03-09T09:46:01.793+0000] {dag.py:2690} INFO - Sync 1 DAGs
[2023-03-09T09:46:01.811+0000] {logging_mixin.py:137} INFO - [2023-03-09T09:46:01.811+0000] {dag.py:3441} INFO - Setting next_dagrun for example_bash_operator to 2023-03-08T00:00:00+00:00, run_after=2023-03-09T00:00:00+00:00
[2023-03-09T09:46:01.823+0000] {processor.py:175} INFO - Processing /home/airflow/.local/lib/python3.7/site-packages/airflow/example_dags/example_bash_operator.py took 0.072 seconds
[2023-03-09T09:46:31.999+0000] {processor.py:153} INFO - Started process (PID=3861) to work on /home/airflow/.local/lib/python3.7/site-packages/airflow/example_dags/example_bash_operator.py
[2023-03-09T09:46:32.001+0000] {processor.py:743} INFO - Processing file /home/airflow/.local/lib/python3.7/site-packages/airflow/example_dags/example_bash_operator.py for tasks to queue
[2023-03-09T09:46:32.002+0000] {logging_mixin.py:137} INFO - [2023-03-09T09:46:32.002+0000] {dagbag.py:538} INFO - Filling up the DagBag from /home/airflow/.local/lib/python3.7/site-packages/airflow/example_dags/example_bash_operator.py
[2023-03-09T09:46:32.017+0000] {processor.py:753} INFO - DAG(s) dict_keys(['example_bash_operator']) retrieved from /home/airflow/.local/lib/python3.7/site-packages/airflow/example_dags/example_bash_operator.py
[2023-03-09T09:46:32.048+0000] {logging_mixin.py:137} INFO - [2023-03-09T09:46:32.047+0000] {dag.py:2690} INFO - Sync 1 DAGs
[2023-03-09T09:46:32.067+0000] {logging_mixin.py:137} INFO - [2023-03-09T09:46:32.067+0000] {dag.py:3441} INFO - Setting next_dagrun for example_bash_operator to 2023-03-08T00:00:00+00:00, run_after=2023-03-09T00:00:00+00:00
[2023-03-09T09:46:32.085+0000] {processor.py:175} INFO - Processing /home/airflow/.local/lib/python3.7/site-packages/airflow/example_dags/example_bash_operator.py took 0.088 seconds
[2023-03-09T09:47:02.399+0000] {processor.py:153} INFO - Started process (PID=3941) to work on /home/airflow/.local/lib/python3.7/site-packages/airflow/example_dags/example_bash_operator.py
[2023-03-09T09:47:02.401+0000] {processor.py:743} INFO - Processing file /home/airflow/.local/lib/python3.7/site-packages/airflow/example_dags/example_bash_operator.py for tasks to queue
[2023-03-09T09:47:02.402+0000] {logging_mixin.py:137} INFO - [2023-03-09T09:47:02.402+0000] {dagbag.py:538} INFO - Filling up the DagBag from /home/airflow/.local/lib/python3.7/site-packages/airflow/example_dags/example_bash_operator.py
[2023-03-09T09:47:02.422+0000] {processor.py:753} INFO - DAG(s) dict_keys(['example_bash_operator']) retrieved from /home/airflow/.local/lib/python3.7/site-packages/airflow/example_dags/example_bash_operator.py
[2023-03-09T09:47:02.450+0000] {logging_mixin.py:137} INFO - [2023-03-09T09:47:02.450+0000] {dag.py:2690} INFO - Sync 1 DAGs
[2023-03-09T09:47:02.469+0000] {logging_mixin.py:137} INFO - [2023-03-09T09:47:02.469+0000] {dag.py:3441} INFO - Setting next_dagrun for example_bash_operator to 2023-03-08T00:00:00+00:00, run_after=2023-03-09T00:00:00+00:00
[2023-03-09T09:47:02.491+0000] {processor.py:175} INFO - Processing /home/airflow/.local/lib/python3.7/site-packages/airflow/example_dags/example_bash_operator.py took 0.097 seconds
[2023-03-09T09:47:32.843+0000] {processor.py:153} INFO - Started process (PID=4010) to work on /home/airflow/.local/lib/python3.7/site-packages/airflow/example_dags/example_bash_operator.py
[2023-03-09T09:47:32.844+0000] {processor.py:743} INFO - Processing file /home/airflow/.local/lib/python3.7/site-packages/airflow/example_dags/example_bash_operator.py for tasks to queue
[2023-03-09T09:47:32.845+0000] {logging_mixin.py:137} INFO - [2023-03-09T09:47:32.845+0000] {dagbag.py:538} INFO - Filling up the DagBag from /home/airflow/.local/lib/python3.7/site-packages/airflow/example_dags/example_bash_operator.py
[2023-03-09T09:47:32.860+0000] {processor.py:753} INFO - DAG(s) dict_keys(['example_bash_operator']) retrieved from /home/airflow/.local/lib/python3.7/site-packages/airflow/example_dags/example_bash_operator.py
[2023-03-09T09:47:32.883+0000] {logging_mixin.py:137} INFO - [2023-03-09T09:47:32.883+0000] {dag.py:2690} INFO - Sync 1 DAGs
[2023-03-09T09:47:32.898+0000] {logging_mixin.py:137} INFO - [2023-03-09T09:47:32.898+0000] {dag.py:3441} INFO - Setting next_dagrun for example_bash_operator to 2023-03-08T00:00:00+00:00, run_after=2023-03-09T00:00:00+00:00
[2023-03-09T09:47:32.911+0000] {processor.py:175} INFO - Processing /home/airflow/.local/lib/python3.7/site-packages/airflow/example_dags/example_bash_operator.py took 0.071 seconds
[2023-03-09T09:48:03.213+0000] {processor.py:153} INFO - Started process (PID=4087) to work on /home/airflow/.local/lib/python3.7/site-packages/airflow/example_dags/example_bash_operator.py
[2023-03-09T09:48:03.214+0000] {processor.py:743} INFO - Processing file /home/airflow/.local/lib/python3.7/site-packages/airflow/example_dags/example_bash_operator.py for tasks to queue
[2023-03-09T09:48:03.215+0000] {logging_mixin.py:137} INFO - [2023-03-09T09:48:03.215+0000] {dagbag.py:538} INFO - Filling up the DagBag from /home/airflow/.local/lib/python3.7/site-packages/airflow/example_dags/example_bash_operator.py
[2023-03-09T09:48:03.230+0000] {processor.py:753} INFO - DAG(s) dict_keys(['example_bash_operator']) retrieved from /home/airflow/.local/lib/python3.7/site-packages/airflow/example_dags/example_bash_operator.py
[2023-03-09T09:48:03.252+0000] {logging_mixin.py:137} INFO - [2023-03-09T09:48:03.252+0000] {dag.py:2690} INFO - Sync 1 DAGs
[2023-03-09T09:48:03.268+0000] {logging_mixin.py:137} INFO - [2023-03-09T09:48:03.268+0000] {dag.py:3441} INFO - Setting next_dagrun for example_bash_operator to 2023-03-08T00:00:00+00:00, run_after=2023-03-09T00:00:00+00:00
[2023-03-09T09:48:03.282+0000] {processor.py:175} INFO - Processing /home/airflow/.local/lib/python3.7/site-packages/airflow/example_dags/example_bash_operator.py took 0.072 seconds
[2023-03-09T09:48:33.386+0000] {processor.py:153} INFO - Started process (PID=4150) to work on /home/airflow/.local/lib/python3.7/site-packages/airflow/example_dags/example_bash_operator.py
[2023-03-09T09:48:33.388+0000] {processor.py:743} INFO - Processing file /home/airflow/.local/lib/python3.7/site-packages/airflow/example_dags/example_bash_operator.py for tasks to queue
[2023-03-09T09:48:33.389+0000] {logging_mixin.py:137} INFO - [2023-03-09T09:48:33.389+0000] {dagbag.py:538} INFO - Filling up the DagBag from /home/airflow/.local/lib/python3.7/site-packages/airflow/example_dags/example_bash_operator.py
[2023-03-09T09:48:33.403+0000] {processor.py:753} INFO - DAG(s) dict_keys(['example_bash_operator']) retrieved from /home/airflow/.local/lib/python3.7/site-packages/airflow/example_dags/example_bash_operator.py
[2023-03-09T09:48:33.424+0000] {logging_mixin.py:137} INFO - [2023-03-09T09:48:33.424+0000] {dag.py:2690} INFO - Sync 1 DAGs
[2023-03-09T09:48:33.439+0000] {logging_mixin.py:137} INFO - [2023-03-09T09:48:33.439+0000] {dag.py:3441} INFO - Setting next_dagrun for example_bash_operator to 2023-03-08T00:00:00+00:00, run_after=2023-03-09T00:00:00+00:00
[2023-03-09T09:48:33.450+0000] {processor.py:175} INFO - Processing /home/airflow/.local/lib/python3.7/site-packages/airflow/example_dags/example_bash_operator.py took 0.066 seconds
[2023-03-09T09:49:03.803+0000] {processor.py:153} INFO - Started process (PID=4230) to work on /home/airflow/.local/lib/python3.7/site-packages/airflow/example_dags/example_bash_operator.py
[2023-03-09T09:49:03.804+0000] {processor.py:743} INFO - Processing file /home/airflow/.local/lib/python3.7/site-packages/airflow/example_dags/example_bash_operator.py for tasks to queue
[2023-03-09T09:49:03.805+0000] {logging_mixin.py:137} INFO - [2023-03-09T09:49:03.805+0000] {dagbag.py:538} INFO - Filling up the DagBag from /home/airflow/.local/lib/python3.7/site-packages/airflow/example_dags/example_bash_operator.py
[2023-03-09T09:49:03.821+0000] {processor.py:753} INFO - DAG(s) dict_keys(['example_bash_operator']) retrieved from /home/airflow/.local/lib/python3.7/site-packages/airflow/example_dags/example_bash_operator.py
[2023-03-09T09:49:03.844+0000] {logging_mixin.py:137} INFO - [2023-03-09T09:49:03.844+0000] {dag.py:2690} INFO - Sync 1 DAGs
[2023-03-09T09:49:03.861+0000] {logging_mixin.py:137} INFO - [2023-03-09T09:49:03.861+0000] {dag.py:3441} INFO - Setting next_dagrun for example_bash_operator to 2023-03-08T00:00:00+00:00, run_after=2023-03-09T00:00:00+00:00
[2023-03-09T09:49:03.873+0000] {processor.py:175} INFO - Processing /home/airflow/.local/lib/python3.7/site-packages/airflow/example_dags/example_bash_operator.py took 0.072 seconds
[2023-03-09T09:49:34.249+0000] {processor.py:153} INFO - Started process (PID=4313) to work on /home/airflow/.local/lib/python3.7/site-packages/airflow/example_dags/example_bash_operator.py
[2023-03-09T09:49:34.250+0000] {processor.py:743} INFO - Processing file /home/airflow/.local/lib/python3.7/site-packages/airflow/example_dags/example_bash_operator.py for tasks to queue
[2023-03-09T09:49:34.251+0000] {logging_mixin.py:137} INFO - [2023-03-09T09:49:34.251+0000] {dagbag.py:538} INFO - Filling up the DagBag from /home/airflow/.local/lib/python3.7/site-packages/airflow/example_dags/example_bash_operator.py
[2023-03-09T09:49:34.267+0000] {processor.py:753} INFO - DAG(s) dict_keys(['example_bash_operator']) retrieved from /home/airflow/.local/lib/python3.7/site-packages/airflow/example_dags/example_bash_operator.py
[2023-03-09T09:49:34.290+0000] {logging_mixin.py:137} INFO - [2023-03-09T09:49:34.290+0000] {dag.py:2690} INFO - Sync 1 DAGs
[2023-03-09T09:49:34.306+0000] {logging_mixin.py:137} INFO - [2023-03-09T09:49:34.306+0000] {dag.py:3441} INFO - Setting next_dagrun for example_bash_operator to 2023-03-08T00:00:00+00:00, run_after=2023-03-09T00:00:00+00:00
[2023-03-09T09:49:34.318+0000] {processor.py:175} INFO - Processing /home/airflow/.local/lib/python3.7/site-packages/airflow/example_dags/example_bash_operator.py took 0.071 seconds
[2023-03-09T09:50:04.434+0000] {processor.py:153} INFO - Started process (PID=4378) to work on /home/airflow/.local/lib/python3.7/site-packages/airflow/example_dags/example_bash_operator.py
[2023-03-09T09:50:04.436+0000] {processor.py:743} INFO - Processing file /home/airflow/.local/lib/python3.7/site-packages/airflow/example_dags/example_bash_operator.py for tasks to queue
[2023-03-09T09:50:04.438+0000] {logging_mixin.py:137} INFO - [2023-03-09T09:50:04.438+0000] {dagbag.py:538} INFO - Filling up the DagBag from /home/airflow/.local/lib/python3.7/site-packages/airflow/example_dags/example_bash_operator.py
[2023-03-09T09:50:04.458+0000] {processor.py:753} INFO - DAG(s) dict_keys(['example_bash_operator']) retrieved from /home/airflow/.local/lib/python3.7/site-packages/airflow/example_dags/example_bash_operator.py
[2023-03-09T09:50:04.482+0000] {logging_mixin.py:137} INFO - [2023-03-09T09:50:04.482+0000] {dag.py:2690} INFO - Sync 1 DAGs
[2023-03-09T09:50:04.500+0000] {logging_mixin.py:137} INFO - [2023-03-09T09:50:04.500+0000] {dag.py:3441} INFO - Setting next_dagrun for example_bash_operator to 2023-03-08T00:00:00+00:00, run_after=2023-03-09T00:00:00+00:00
[2023-03-09T09:50:04.516+0000] {processor.py:175} INFO - Processing /home/airflow/.local/lib/python3.7/site-packages/airflow/example_dags/example_bash_operator.py took 0.085 seconds
[2023-03-09T09:50:35.028+0000] {processor.py:153} INFO - Started process (PID=4458) to work on /home/airflow/.local/lib/python3.7/site-packages/airflow/example_dags/example_bash_operator.py
[2023-03-09T09:50:35.029+0000] {processor.py:743} INFO - Processing file /home/airflow/.local/lib/python3.7/site-packages/airflow/example_dags/example_bash_operator.py for tasks to queue
[2023-03-09T09:50:35.030+0000] {logging_mixin.py:137} INFO - [2023-03-09T09:50:35.030+0000] {dagbag.py:538} INFO - Filling up the DagBag from /home/airflow/.local/lib/python3.7/site-packages/airflow/example_dags/example_bash_operator.py
[2023-03-09T09:50:35.045+0000] {processor.py:753} INFO - DAG(s) dict_keys(['example_bash_operator']) retrieved from /home/airflow/.local/lib/python3.7/site-packages/airflow/example_dags/example_bash_operator.py
[2023-03-09T09:50:35.069+0000] {logging_mixin.py:137} INFO - [2023-03-09T09:50:35.069+0000] {dag.py:2690} INFO - Sync 1 DAGs
[2023-03-09T09:50:35.086+0000] {logging_mixin.py:137} INFO - [2023-03-09T09:50:35.086+0000] {dag.py:3441} INFO - Setting next_dagrun for example_bash_operator to 2023-03-08T00:00:00+00:00, run_after=2023-03-09T00:00:00+00:00
[2023-03-09T09:50:35.100+0000] {processor.py:175} INFO - Processing /home/airflow/.local/lib/python3.7/site-packages/airflow/example_dags/example_bash_operator.py took 0.075 seconds
