[2023-03-09T09:02:19.341+0000] {processor.py:153} INFO - Started process (PID=65) to work on /home/airflow/.local/lib/python3.7/site-packages/airflow/example_dags/example_xcomargs.py
[2023-03-09T09:02:19.347+0000] {processor.py:743} INFO - Processing file /home/airflow/.local/lib/python3.7/site-packages/airflow/example_dags/example_xcomargs.py for tasks to queue
[2023-03-09T09:02:19.351+0000] {logging_mixin.py:137} INFO - [2023-03-09T09:02:19.351+0000] {dagbag.py:538} INFO - Filling up the DagBag from /home/airflow/.local/lib/python3.7/site-packages/airflow/example_dags/example_xcomargs.py
[2023-03-09T09:02:19.495+0000] {processor.py:753} INFO - DAG(s) dict_keys(['example_xcom_args_with_operators', 'example_xcom_args']) retrieved from /home/airflow/.local/lib/python3.7/site-packages/airflow/example_dags/example_xcomargs.py
[2023-03-09T09:02:19.530+0000] {logging_mixin.py:137} INFO - [2023-03-09T09:02:19.530+0000] {dag.py:2690} INFO - Sync 2 DAGs
[2023-03-09T09:02:19.577+0000] {logging_mixin.py:137} INFO - [2023-03-09T09:02:19.577+0000] {dag.py:3441} INFO - Setting next_dagrun for example_xcom_args to None, run_after=None
[2023-03-09T09:02:19.587+0000] {logging_mixin.py:137} INFO - [2023-03-09T09:02:19.587+0000] {dag.py:3441} INFO - Setting next_dagrun for example_xcom_args_with_operators to None, run_after=None
[2023-03-09T09:02:19.625+0000] {processor.py:175} INFO - Processing /home/airflow/.local/lib/python3.7/site-packages/airflow/example_dags/example_xcomargs.py took 0.332 seconds
[2023-03-09T09:02:50.273+0000] {processor.py:153} INFO - Started process (PID=131) to work on /home/airflow/.local/lib/python3.7/site-packages/airflow/example_dags/example_xcomargs.py
[2023-03-09T09:02:50.276+0000] {processor.py:743} INFO - Processing file /home/airflow/.local/lib/python3.7/site-packages/airflow/example_dags/example_xcomargs.py for tasks to queue
[2023-03-09T09:02:50.278+0000] {logging_mixin.py:137} INFO - [2023-03-09T09:02:50.278+0000] {dagbag.py:538} INFO - Filling up the DagBag from /home/airflow/.local/lib/python3.7/site-packages/airflow/example_dags/example_xcomargs.py
[2023-03-09T09:02:50.300+0000] {processor.py:753} INFO - DAG(s) dict_keys(['example_xcom_args_with_operators', 'example_xcom_args']) retrieved from /home/airflow/.local/lib/python3.7/site-packages/airflow/example_dags/example_xcomargs.py
[2023-03-09T09:02:50.333+0000] {logging_mixin.py:137} INFO - [2023-03-09T09:02:50.333+0000] {dag.py:2690} INFO - Sync 2 DAGs
[2023-03-09T09:02:50.354+0000] {logging_mixin.py:137} INFO - [2023-03-09T09:02:50.354+0000] {dag.py:3441} INFO - Setting next_dagrun for example_xcom_args to None, run_after=None
[2023-03-09T09:02:50.358+0000] {logging_mixin.py:137} INFO - [2023-03-09T09:02:50.358+0000] {dag.py:3441} INFO - Setting next_dagrun for example_xcom_args_with_operators to None, run_after=None
[2023-03-09T09:02:50.372+0000] {processor.py:175} INFO - Processing /home/airflow/.local/lib/python3.7/site-packages/airflow/example_dags/example_xcomargs.py took 0.103 seconds
[2023-03-09T09:03:20.915+0000] {processor.py:153} INFO - Started process (PID=212) to work on /home/airflow/.local/lib/python3.7/site-packages/airflow/example_dags/example_xcomargs.py
[2023-03-09T09:03:20.917+0000] {processor.py:743} INFO - Processing file /home/airflow/.local/lib/python3.7/site-packages/airflow/example_dags/example_xcomargs.py for tasks to queue
[2023-03-09T09:03:20.918+0000] {logging_mixin.py:137} INFO - [2023-03-09T09:03:20.918+0000] {dagbag.py:538} INFO - Filling up the DagBag from /home/airflow/.local/lib/python3.7/site-packages/airflow/example_dags/example_xcomargs.py
[2023-03-09T09:03:20.936+0000] {processor.py:753} INFO - DAG(s) dict_keys(['example_xcom_args_with_operators', 'example_xcom_args']) retrieved from /home/airflow/.local/lib/python3.7/site-packages/airflow/example_dags/example_xcomargs.py
[2023-03-09T09:03:20.963+0000] {logging_mixin.py:137} INFO - [2023-03-09T09:03:20.963+0000] {dag.py:2690} INFO - Sync 2 DAGs
[2023-03-09T09:03:20.987+0000] {logging_mixin.py:137} INFO - [2023-03-09T09:03:20.986+0000] {dag.py:3441} INFO - Setting next_dagrun for example_xcom_args to None, run_after=None
[2023-03-09T09:03:20.991+0000] {logging_mixin.py:137} INFO - [2023-03-09T09:03:20.991+0000] {dag.py:3441} INFO - Setting next_dagrun for example_xcom_args_with_operators to None, run_after=None
[2023-03-09T09:03:21.005+0000] {processor.py:175} INFO - Processing /home/airflow/.local/lib/python3.7/site-packages/airflow/example_dags/example_xcomargs.py took 0.093 seconds
[2023-03-09T09:03:51.188+0000] {processor.py:153} INFO - Started process (PID=277) to work on /home/airflow/.local/lib/python3.7/site-packages/airflow/example_dags/example_xcomargs.py
[2023-03-09T09:03:51.190+0000] {processor.py:743} INFO - Processing file /home/airflow/.local/lib/python3.7/site-packages/airflow/example_dags/example_xcomargs.py for tasks to queue
[2023-03-09T09:03:51.191+0000] {logging_mixin.py:137} INFO - [2023-03-09T09:03:51.191+0000] {dagbag.py:538} INFO - Filling up the DagBag from /home/airflow/.local/lib/python3.7/site-packages/airflow/example_dags/example_xcomargs.py
[2023-03-09T09:03:51.207+0000] {processor.py:753} INFO - DAG(s) dict_keys(['example_xcom_args_with_operators', 'example_xcom_args']) retrieved from /home/airflow/.local/lib/python3.7/site-packages/airflow/example_dags/example_xcomargs.py
[2023-03-09T09:03:51.228+0000] {logging_mixin.py:137} INFO - [2023-03-09T09:03:51.228+0000] {dag.py:2690} INFO - Sync 2 DAGs
[2023-03-09T09:03:51.243+0000] {logging_mixin.py:137} INFO - [2023-03-09T09:03:51.243+0000] {dag.py:3441} INFO - Setting next_dagrun for example_xcom_args to None, run_after=None
[2023-03-09T09:03:51.246+0000] {logging_mixin.py:137} INFO - [2023-03-09T09:03:51.246+0000] {dag.py:3441} INFO - Setting next_dagrun for example_xcom_args_with_operators to None, run_after=None
[2023-03-09T09:03:51.257+0000] {processor.py:175} INFO - Processing /home/airflow/.local/lib/python3.7/site-packages/airflow/example_dags/example_xcomargs.py took 0.071 seconds
[2023-03-09T09:20:46.548+0000] {processor.py:153} INFO - Started process (PID=65) to work on /home/airflow/.local/lib/python3.7/site-packages/airflow/example_dags/example_xcomargs.py
[2023-03-09T09:20:46.571+0000] {processor.py:743} INFO - Processing file /home/airflow/.local/lib/python3.7/site-packages/airflow/example_dags/example_xcomargs.py for tasks to queue
[2023-03-09T09:20:46.575+0000] {logging_mixin.py:137} INFO - [2023-03-09T09:20:46.575+0000] {dagbag.py:538} INFO - Filling up the DagBag from /home/airflow/.local/lib/python3.7/site-packages/airflow/example_dags/example_xcomargs.py
[2023-03-09T09:20:46.656+0000] {processor.py:753} INFO - DAG(s) dict_keys(['example_xcom_args_with_operators', 'example_xcom_args']) retrieved from /home/airflow/.local/lib/python3.7/site-packages/airflow/example_dags/example_xcomargs.py
[2023-03-09T09:20:47.555+0000] {logging_mixin.py:137} INFO - [2023-03-09T09:20:47.554+0000] {manager.py:504} INFO - Created Permission View: can read on DAG:example_xcom_args_with_operators
[2023-03-09T09:20:47.583+0000] {logging_mixin.py:137} INFO - [2023-03-09T09:20:47.583+0000] {manager.py:504} INFO - Created Permission View: can edit on DAG:example_xcom_args_with_operators
[2023-03-09T09:20:47.626+0000] {logging_mixin.py:137} INFO - [2023-03-09T09:20:47.626+0000] {manager.py:504} INFO - Created Permission View: can delete on DAG:example_xcom_args_with_operators
[2023-03-09T09:20:47.707+0000] {logging_mixin.py:137} INFO - [2023-03-09T09:20:47.707+0000] {manager.py:504} INFO - Created Permission View: can read on DAG:example_xcom_args
[2023-03-09T09:20:47.731+0000] {logging_mixin.py:137} INFO - [2023-03-09T09:20:47.730+0000] {manager.py:504} INFO - Created Permission View: can edit on DAG:example_xcom_args
[2023-03-09T09:20:47.748+0000] {logging_mixin.py:137} INFO - [2023-03-09T09:20:47.748+0000] {manager.py:504} INFO - Created Permission View: can delete on DAG:example_xcom_args
[2023-03-09T09:20:47.751+0000] {logging_mixin.py:137} INFO - [2023-03-09T09:20:47.750+0000] {dag.py:2690} INFO - Sync 2 DAGs
[2023-03-09T09:20:47.771+0000] {logging_mixin.py:137} INFO - [2023-03-09T09:20:47.771+0000] {dag.py:2711} INFO - Creating ORM DAG for example_xcom_args_with_operators
[2023-03-09T09:20:47.781+0000] {logging_mixin.py:137} INFO - [2023-03-09T09:20:47.780+0000] {dag.py:2711} INFO - Creating ORM DAG for example_xcom_args
[2023-03-09T09:20:47.812+0000] {logging_mixin.py:137} INFO - [2023-03-09T09:20:47.811+0000] {dag.py:3441} INFO - Setting next_dagrun for example_xcom_args to None, run_after=None
[2023-03-09T09:20:47.821+0000] {logging_mixin.py:137} INFO - [2023-03-09T09:20:47.821+0000] {dag.py:3441} INFO - Setting next_dagrun for example_xcom_args_with_operators to None, run_after=None
[2023-03-09T09:20:47.888+0000] {processor.py:175} INFO - Processing /home/airflow/.local/lib/python3.7/site-packages/airflow/example_dags/example_xcomargs.py took 1.356 seconds
[2023-03-09T09:21:18.627+0000] {processor.py:153} INFO - Started process (PID=130) to work on /home/airflow/.local/lib/python3.7/site-packages/airflow/example_dags/example_xcomargs.py
[2023-03-09T09:21:18.629+0000] {processor.py:743} INFO - Processing file /home/airflow/.local/lib/python3.7/site-packages/airflow/example_dags/example_xcomargs.py for tasks to queue
[2023-03-09T09:21:18.630+0000] {logging_mixin.py:137} INFO - [2023-03-09T09:21:18.630+0000] {dagbag.py:538} INFO - Filling up the DagBag from /home/airflow/.local/lib/python3.7/site-packages/airflow/example_dags/example_xcomargs.py
[2023-03-09T09:21:18.651+0000] {processor.py:753} INFO - DAG(s) dict_keys(['example_xcom_args_with_operators', 'example_xcom_args']) retrieved from /home/airflow/.local/lib/python3.7/site-packages/airflow/example_dags/example_xcomargs.py
[2023-03-09T09:21:18.676+0000] {logging_mixin.py:137} INFO - [2023-03-09T09:21:18.676+0000] {dag.py:2690} INFO - Sync 2 DAGs
[2023-03-09T09:21:18.694+0000] {logging_mixin.py:137} INFO - [2023-03-09T09:21:18.694+0000] {dag.py:3441} INFO - Setting next_dagrun for example_xcom_args to None, run_after=None
[2023-03-09T09:21:18.697+0000] {logging_mixin.py:137} INFO - [2023-03-09T09:21:18.697+0000] {dag.py:3441} INFO - Setting next_dagrun for example_xcom_args_with_operators to None, run_after=None
[2023-03-09T09:21:18.715+0000] {processor.py:175} INFO - Processing /home/airflow/.local/lib/python3.7/site-packages/airflow/example_dags/example_xcomargs.py took 0.091 seconds
[2023-03-09T09:21:49.467+0000] {processor.py:153} INFO - Started process (PID=212) to work on /home/airflow/.local/lib/python3.7/site-packages/airflow/example_dags/example_xcomargs.py
[2023-03-09T09:21:49.470+0000] {processor.py:743} INFO - Processing file /home/airflow/.local/lib/python3.7/site-packages/airflow/example_dags/example_xcomargs.py for tasks to queue
[2023-03-09T09:21:49.473+0000] {logging_mixin.py:137} INFO - [2023-03-09T09:21:49.473+0000] {dagbag.py:538} INFO - Filling up the DagBag from /home/airflow/.local/lib/python3.7/site-packages/airflow/example_dags/example_xcomargs.py
[2023-03-09T09:21:49.516+0000] {processor.py:753} INFO - DAG(s) dict_keys(['example_xcom_args_with_operators', 'example_xcom_args']) retrieved from /home/airflow/.local/lib/python3.7/site-packages/airflow/example_dags/example_xcomargs.py
[2023-03-09T09:21:49.552+0000] {logging_mixin.py:137} INFO - [2023-03-09T09:21:49.551+0000] {dag.py:2690} INFO - Sync 2 DAGs
[2023-03-09T09:21:49.573+0000] {logging_mixin.py:137} INFO - [2023-03-09T09:21:49.573+0000] {dag.py:3441} INFO - Setting next_dagrun for example_xcom_args to None, run_after=None
[2023-03-09T09:21:49.579+0000] {logging_mixin.py:137} INFO - [2023-03-09T09:21:49.579+0000] {dag.py:3441} INFO - Setting next_dagrun for example_xcom_args_with_operators to None, run_after=None
[2023-03-09T09:21:49.604+0000] {processor.py:175} INFO - Processing /home/airflow/.local/lib/python3.7/site-packages/airflow/example_dags/example_xcomargs.py took 0.141 seconds
[2023-03-09T09:22:19.903+0000] {processor.py:153} INFO - Started process (PID=277) to work on /home/airflow/.local/lib/python3.7/site-packages/airflow/example_dags/example_xcomargs.py
[2023-03-09T09:22:19.905+0000] {processor.py:743} INFO - Processing file /home/airflow/.local/lib/python3.7/site-packages/airflow/example_dags/example_xcomargs.py for tasks to queue
[2023-03-09T09:22:19.907+0000] {logging_mixin.py:137} INFO - [2023-03-09T09:22:19.907+0000] {dagbag.py:538} INFO - Filling up the DagBag from /home/airflow/.local/lib/python3.7/site-packages/airflow/example_dags/example_xcomargs.py
[2023-03-09T09:22:19.934+0000] {processor.py:753} INFO - DAG(s) dict_keys(['example_xcom_args', 'example_xcom_args_with_operators']) retrieved from /home/airflow/.local/lib/python3.7/site-packages/airflow/example_dags/example_xcomargs.py
[2023-03-09T09:22:19.972+0000] {logging_mixin.py:137} INFO - [2023-03-09T09:22:19.972+0000] {dag.py:2690} INFO - Sync 2 DAGs
[2023-03-09T09:22:19.990+0000] {logging_mixin.py:137} INFO - [2023-03-09T09:22:19.990+0000] {dag.py:3441} INFO - Setting next_dagrun for example_xcom_args to None, run_after=None
[2023-03-09T09:22:20.001+0000] {logging_mixin.py:137} INFO - [2023-03-09T09:22:20.001+0000] {dag.py:3441} INFO - Setting next_dagrun for example_xcom_args_with_operators to None, run_after=None
[2023-03-09T09:22:20.025+0000] {processor.py:175} INFO - Processing /home/airflow/.local/lib/python3.7/site-packages/airflow/example_dags/example_xcomargs.py took 0.127 seconds
[2023-03-09T09:22:50.259+0000] {processor.py:153} INFO - Started process (PID=354) to work on /home/airflow/.local/lib/python3.7/site-packages/airflow/example_dags/example_xcomargs.py
[2023-03-09T09:22:50.261+0000] {processor.py:743} INFO - Processing file /home/airflow/.local/lib/python3.7/site-packages/airflow/example_dags/example_xcomargs.py for tasks to queue
[2023-03-09T09:22:50.262+0000] {logging_mixin.py:137} INFO - [2023-03-09T09:22:50.262+0000] {dagbag.py:538} INFO - Filling up the DagBag from /home/airflow/.local/lib/python3.7/site-packages/airflow/example_dags/example_xcomargs.py
[2023-03-09T09:22:50.278+0000] {processor.py:753} INFO - DAG(s) dict_keys(['example_xcom_args', 'example_xcom_args_with_operators']) retrieved from /home/airflow/.local/lib/python3.7/site-packages/airflow/example_dags/example_xcomargs.py
[2023-03-09T09:22:50.300+0000] {logging_mixin.py:137} INFO - [2023-03-09T09:22:50.300+0000] {dag.py:2690} INFO - Sync 2 DAGs
[2023-03-09T09:22:50.318+0000] {logging_mixin.py:137} INFO - [2023-03-09T09:22:50.318+0000] {dag.py:3441} INFO - Setting next_dagrun for example_xcom_args to None, run_after=None
[2023-03-09T09:22:50.321+0000] {logging_mixin.py:137} INFO - [2023-03-09T09:22:50.321+0000] {dag.py:3441} INFO - Setting next_dagrun for example_xcom_args_with_operators to None, run_after=None
[2023-03-09T09:22:50.333+0000] {processor.py:175} INFO - Processing /home/airflow/.local/lib/python3.7/site-packages/airflow/example_dags/example_xcomargs.py took 0.077 seconds
[2023-03-09T09:23:20.525+0000] {processor.py:153} INFO - Started process (PID=435) to work on /home/airflow/.local/lib/python3.7/site-packages/airflow/example_dags/example_xcomargs.py
[2023-03-09T09:23:20.527+0000] {processor.py:743} INFO - Processing file /home/airflow/.local/lib/python3.7/site-packages/airflow/example_dags/example_xcomargs.py for tasks to queue
[2023-03-09T09:23:20.529+0000] {logging_mixin.py:137} INFO - [2023-03-09T09:23:20.529+0000] {dagbag.py:538} INFO - Filling up the DagBag from /home/airflow/.local/lib/python3.7/site-packages/airflow/example_dags/example_xcomargs.py
[2023-03-09T09:23:20.556+0000] {processor.py:753} INFO - DAG(s) dict_keys(['example_xcom_args_with_operators', 'example_xcom_args']) retrieved from /home/airflow/.local/lib/python3.7/site-packages/airflow/example_dags/example_xcomargs.py
[2023-03-09T09:23:20.588+0000] {logging_mixin.py:137} INFO - [2023-03-09T09:23:20.588+0000] {dag.py:2690} INFO - Sync 2 DAGs
[2023-03-09T09:23:20.612+0000] {logging_mixin.py:137} INFO - [2023-03-09T09:23:20.612+0000] {dag.py:3441} INFO - Setting next_dagrun for example_xcom_args to None, run_after=None
[2023-03-09T09:23:20.617+0000] {logging_mixin.py:137} INFO - [2023-03-09T09:23:20.617+0000] {dag.py:3441} INFO - Setting next_dagrun for example_xcom_args_with_operators to None, run_after=None
[2023-03-09T09:23:20.673+0000] {processor.py:175} INFO - Processing /home/airflow/.local/lib/python3.7/site-packages/airflow/example_dags/example_xcomargs.py took 0.151 seconds
[2023-03-09T09:23:50.770+0000] {processor.py:153} INFO - Started process (PID=508) to work on /home/airflow/.local/lib/python3.7/site-packages/airflow/example_dags/example_xcomargs.py
[2023-03-09T09:23:50.772+0000] {processor.py:743} INFO - Processing file /home/airflow/.local/lib/python3.7/site-packages/airflow/example_dags/example_xcomargs.py for tasks to queue
[2023-03-09T09:23:50.773+0000] {logging_mixin.py:137} INFO - [2023-03-09T09:23:50.773+0000] {dagbag.py:538} INFO - Filling up the DagBag from /home/airflow/.local/lib/python3.7/site-packages/airflow/example_dags/example_xcomargs.py
[2023-03-09T09:23:50.788+0000] {processor.py:753} INFO - DAG(s) dict_keys(['example_xcom_args', 'example_xcom_args_with_operators']) retrieved from /home/airflow/.local/lib/python3.7/site-packages/airflow/example_dags/example_xcomargs.py
[2023-03-09T09:23:50.808+0000] {logging_mixin.py:137} INFO - [2023-03-09T09:23:50.808+0000] {dag.py:2690} INFO - Sync 2 DAGs
[2023-03-09T09:23:50.824+0000] {logging_mixin.py:137} INFO - [2023-03-09T09:23:50.824+0000] {dag.py:3441} INFO - Setting next_dagrun for example_xcom_args to None, run_after=None
[2023-03-09T09:23:50.827+0000] {logging_mixin.py:137} INFO - [2023-03-09T09:23:50.827+0000] {dag.py:3441} INFO - Setting next_dagrun for example_xcom_args_with_operators to None, run_after=None
[2023-03-09T09:23:50.839+0000] {processor.py:175} INFO - Processing /home/airflow/.local/lib/python3.7/site-packages/airflow/example_dags/example_xcomargs.py took 0.071 seconds
[2023-03-09T09:24:20.982+0000] {processor.py:153} INFO - Started process (PID=583) to work on /home/airflow/.local/lib/python3.7/site-packages/airflow/example_dags/example_xcomargs.py
[2023-03-09T09:24:20.985+0000] {processor.py:743} INFO - Processing file /home/airflow/.local/lib/python3.7/site-packages/airflow/example_dags/example_xcomargs.py for tasks to queue
[2023-03-09T09:24:20.988+0000] {logging_mixin.py:137} INFO - [2023-03-09T09:24:20.987+0000] {dagbag.py:538} INFO - Filling up the DagBag from /home/airflow/.local/lib/python3.7/site-packages/airflow/example_dags/example_xcomargs.py
[2023-03-09T09:24:21.010+0000] {processor.py:753} INFO - DAG(s) dict_keys(['example_xcom_args', 'example_xcom_args_with_operators']) retrieved from /home/airflow/.local/lib/python3.7/site-packages/airflow/example_dags/example_xcomargs.py
[2023-03-09T09:24:21.042+0000] {logging_mixin.py:137} INFO - [2023-03-09T09:24:21.042+0000] {dag.py:2690} INFO - Sync 2 DAGs
[2023-03-09T09:24:21.059+0000] {logging_mixin.py:137} INFO - [2023-03-09T09:24:21.059+0000] {dag.py:3441} INFO - Setting next_dagrun for example_xcom_args to None, run_after=None
[2023-03-09T09:24:21.063+0000] {logging_mixin.py:137} INFO - [2023-03-09T09:24:21.063+0000] {dag.py:3441} INFO - Setting next_dagrun for example_xcom_args_with_operators to None, run_after=None
[2023-03-09T09:24:21.077+0000] {processor.py:175} INFO - Processing /home/airflow/.local/lib/python3.7/site-packages/airflow/example_dags/example_xcomargs.py took 0.098 seconds
[2023-03-09T09:24:51.937+0000] {processor.py:153} INFO - Started process (PID=660) to work on /home/airflow/.local/lib/python3.7/site-packages/airflow/example_dags/example_xcomargs.py
[2023-03-09T09:24:51.938+0000] {processor.py:743} INFO - Processing file /home/airflow/.local/lib/python3.7/site-packages/airflow/example_dags/example_xcomargs.py for tasks to queue
[2023-03-09T09:24:51.939+0000] {logging_mixin.py:137} INFO - [2023-03-09T09:24:51.939+0000] {dagbag.py:538} INFO - Filling up the DagBag from /home/airflow/.local/lib/python3.7/site-packages/airflow/example_dags/example_xcomargs.py
[2023-03-09T09:24:51.957+0000] {processor.py:753} INFO - DAG(s) dict_keys(['example_xcom_args_with_operators', 'example_xcom_args']) retrieved from /home/airflow/.local/lib/python3.7/site-packages/airflow/example_dags/example_xcomargs.py
[2023-03-09T09:24:51.979+0000] {logging_mixin.py:137} INFO - [2023-03-09T09:24:51.979+0000] {dag.py:2690} INFO - Sync 2 DAGs
[2023-03-09T09:24:51.999+0000] {logging_mixin.py:137} INFO - [2023-03-09T09:24:51.998+0000] {dag.py:3441} INFO - Setting next_dagrun for example_xcom_args to None, run_after=None
[2023-03-09T09:24:52.002+0000] {logging_mixin.py:137} INFO - [2023-03-09T09:24:52.002+0000] {dag.py:3441} INFO - Setting next_dagrun for example_xcom_args_with_operators to None, run_after=None
[2023-03-09T09:24:52.016+0000] {processor.py:175} INFO - Processing /home/airflow/.local/lib/python3.7/site-packages/airflow/example_dags/example_xcomargs.py took 0.082 seconds
[2023-03-09T09:25:22.086+0000] {processor.py:153} INFO - Started process (PID=725) to work on /home/airflow/.local/lib/python3.7/site-packages/airflow/example_dags/example_xcomargs.py
[2023-03-09T09:25:22.087+0000] {processor.py:743} INFO - Processing file /home/airflow/.local/lib/python3.7/site-packages/airflow/example_dags/example_xcomargs.py for tasks to queue
[2023-03-09T09:25:22.088+0000] {logging_mixin.py:137} INFO - [2023-03-09T09:25:22.088+0000] {dagbag.py:538} INFO - Filling up the DagBag from /home/airflow/.local/lib/python3.7/site-packages/airflow/example_dags/example_xcomargs.py
[2023-03-09T09:25:22.106+0000] {processor.py:753} INFO - DAG(s) dict_keys(['example_xcom_args_with_operators', 'example_xcom_args']) retrieved from /home/airflow/.local/lib/python3.7/site-packages/airflow/example_dags/example_xcomargs.py
[2023-03-09T09:25:22.129+0000] {logging_mixin.py:137} INFO - [2023-03-09T09:25:22.129+0000] {dag.py:2690} INFO - Sync 2 DAGs
[2023-03-09T09:25:22.146+0000] {logging_mixin.py:137} INFO - [2023-03-09T09:25:22.146+0000] {dag.py:3441} INFO - Setting next_dagrun for example_xcom_args to None, run_after=None
[2023-03-09T09:25:22.149+0000] {logging_mixin.py:137} INFO - [2023-03-09T09:25:22.149+0000] {dag.py:3441} INFO - Setting next_dagrun for example_xcom_args_with_operators to None, run_after=None
[2023-03-09T09:25:22.161+0000] {processor.py:175} INFO - Processing /home/airflow/.local/lib/python3.7/site-packages/airflow/example_dags/example_xcomargs.py took 0.078 seconds
[2023-03-09T09:25:52.713+0000] {processor.py:153} INFO - Started process (PID=806) to work on /home/airflow/.local/lib/python3.7/site-packages/airflow/example_dags/example_xcomargs.py
[2023-03-09T09:25:52.715+0000] {processor.py:743} INFO - Processing file /home/airflow/.local/lib/python3.7/site-packages/airflow/example_dags/example_xcomargs.py for tasks to queue
[2023-03-09T09:25:52.716+0000] {logging_mixin.py:137} INFO - [2023-03-09T09:25:52.716+0000] {dagbag.py:538} INFO - Filling up the DagBag from /home/airflow/.local/lib/python3.7/site-packages/airflow/example_dags/example_xcomargs.py
[2023-03-09T09:25:52.732+0000] {processor.py:753} INFO - DAG(s) dict_keys(['example_xcom_args_with_operators', 'example_xcom_args']) retrieved from /home/airflow/.local/lib/python3.7/site-packages/airflow/example_dags/example_xcomargs.py
[2023-03-09T09:25:52.753+0000] {logging_mixin.py:137} INFO - [2023-03-09T09:25:52.753+0000] {dag.py:2690} INFO - Sync 2 DAGs
[2023-03-09T09:25:52.768+0000] {logging_mixin.py:137} INFO - [2023-03-09T09:25:52.768+0000] {dag.py:3441} INFO - Setting next_dagrun for example_xcom_args to None, run_after=None
[2023-03-09T09:25:52.772+0000] {logging_mixin.py:137} INFO - [2023-03-09T09:25:52.771+0000] {dag.py:3441} INFO - Setting next_dagrun for example_xcom_args_with_operators to None, run_after=None
[2023-03-09T09:25:52.784+0000] {processor.py:175} INFO - Processing /home/airflow/.local/lib/python3.7/site-packages/airflow/example_dags/example_xcomargs.py took 0.073 seconds
[2023-03-09T09:26:22.857+0000] {processor.py:153} INFO - Started process (PID=882) to work on /home/airflow/.local/lib/python3.7/site-packages/airflow/example_dags/example_xcomargs.py
[2023-03-09T09:26:22.858+0000] {processor.py:743} INFO - Processing file /home/airflow/.local/lib/python3.7/site-packages/airflow/example_dags/example_xcomargs.py for tasks to queue
[2023-03-09T09:26:22.859+0000] {logging_mixin.py:137} INFO - [2023-03-09T09:26:22.859+0000] {dagbag.py:538} INFO - Filling up the DagBag from /home/airflow/.local/lib/python3.7/site-packages/airflow/example_dags/example_xcomargs.py
[2023-03-09T09:26:22.875+0000] {processor.py:753} INFO - DAG(s) dict_keys(['example_xcom_args', 'example_xcom_args_with_operators']) retrieved from /home/airflow/.local/lib/python3.7/site-packages/airflow/example_dags/example_xcomargs.py
[2023-03-09T09:26:22.896+0000] {logging_mixin.py:137} INFO - [2023-03-09T09:26:22.896+0000] {dag.py:2690} INFO - Sync 2 DAGs
[2023-03-09T09:26:22.912+0000] {logging_mixin.py:137} INFO - [2023-03-09T09:26:22.911+0000] {dag.py:3441} INFO - Setting next_dagrun for example_xcom_args to None, run_after=None
[2023-03-09T09:26:22.915+0000] {logging_mixin.py:137} INFO - [2023-03-09T09:26:22.915+0000] {dag.py:3441} INFO - Setting next_dagrun for example_xcom_args_with_operators to None, run_after=None
[2023-03-09T09:26:22.926+0000] {processor.py:175} INFO - Processing /home/airflow/.local/lib/python3.7/site-packages/airflow/example_dags/example_xcomargs.py took 0.071 seconds
[2023-03-09T09:26:53.743+0000] {processor.py:153} INFO - Started process (PID=949) to work on /home/airflow/.local/lib/python3.7/site-packages/airflow/example_dags/example_xcomargs.py
[2023-03-09T09:26:53.744+0000] {processor.py:743} INFO - Processing file /home/airflow/.local/lib/python3.7/site-packages/airflow/example_dags/example_xcomargs.py for tasks to queue
[2023-03-09T09:26:53.745+0000] {logging_mixin.py:137} INFO - [2023-03-09T09:26:53.745+0000] {dagbag.py:538} INFO - Filling up the DagBag from /home/airflow/.local/lib/python3.7/site-packages/airflow/example_dags/example_xcomargs.py
[2023-03-09T09:26:53.761+0000] {processor.py:753} INFO - DAG(s) dict_keys(['example_xcom_args_with_operators', 'example_xcom_args']) retrieved from /home/airflow/.local/lib/python3.7/site-packages/airflow/example_dags/example_xcomargs.py
[2023-03-09T09:26:53.782+0000] {logging_mixin.py:137} INFO - [2023-03-09T09:26:53.782+0000] {dag.py:2690} INFO - Sync 2 DAGs
[2023-03-09T09:26:53.799+0000] {logging_mixin.py:137} INFO - [2023-03-09T09:26:53.798+0000] {dag.py:3441} INFO - Setting next_dagrun for example_xcom_args to None, run_after=None
[2023-03-09T09:26:53.802+0000] {logging_mixin.py:137} INFO - [2023-03-09T09:26:53.802+0000] {dag.py:3441} INFO - Setting next_dagrun for example_xcom_args_with_operators to None, run_after=None
[2023-03-09T09:26:53.815+0000] {processor.py:175} INFO - Processing /home/airflow/.local/lib/python3.7/site-packages/airflow/example_dags/example_xcomargs.py took 0.074 seconds
[2023-03-09T09:27:24.121+0000] {processor.py:153} INFO - Started process (PID=1031) to work on /home/airflow/.local/lib/python3.7/site-packages/airflow/example_dags/example_xcomargs.py
[2023-03-09T09:27:24.123+0000] {processor.py:743} INFO - Processing file /home/airflow/.local/lib/python3.7/site-packages/airflow/example_dags/example_xcomargs.py for tasks to queue
[2023-03-09T09:27:24.124+0000] {logging_mixin.py:137} INFO - [2023-03-09T09:27:24.124+0000] {dagbag.py:538} INFO - Filling up the DagBag from /home/airflow/.local/lib/python3.7/site-packages/airflow/example_dags/example_xcomargs.py
[2023-03-09T09:27:24.138+0000] {processor.py:753} INFO - DAG(s) dict_keys(['example_xcom_args', 'example_xcom_args_with_operators']) retrieved from /home/airflow/.local/lib/python3.7/site-packages/airflow/example_dags/example_xcomargs.py
[2023-03-09T09:27:24.159+0000] {logging_mixin.py:137} INFO - [2023-03-09T09:27:24.159+0000] {dag.py:2690} INFO - Sync 2 DAGs
[2023-03-09T09:27:24.175+0000] {logging_mixin.py:137} INFO - [2023-03-09T09:27:24.175+0000] {dag.py:3441} INFO - Setting next_dagrun for example_xcom_args to None, run_after=None
[2023-03-09T09:27:24.178+0000] {logging_mixin.py:137} INFO - [2023-03-09T09:27:24.178+0000] {dag.py:3441} INFO - Setting next_dagrun for example_xcom_args_with_operators to None, run_after=None
[2023-03-09T09:27:24.190+0000] {processor.py:175} INFO - Processing /home/airflow/.local/lib/python3.7/site-packages/airflow/example_dags/example_xcomargs.py took 0.071 seconds
[2023-03-09T09:27:54.231+0000] {processor.py:153} INFO - Started process (PID=1110) to work on /home/airflow/.local/lib/python3.7/site-packages/airflow/example_dags/example_xcomargs.py
[2023-03-09T09:27:54.234+0000] {processor.py:743} INFO - Processing file /home/airflow/.local/lib/python3.7/site-packages/airflow/example_dags/example_xcomargs.py for tasks to queue
[2023-03-09T09:27:54.236+0000] {logging_mixin.py:137} INFO - [2023-03-09T09:27:54.235+0000] {dagbag.py:538} INFO - Filling up the DagBag from /home/airflow/.local/lib/python3.7/site-packages/airflow/example_dags/example_xcomargs.py
[2023-03-09T09:27:54.250+0000] {processor.py:753} INFO - DAG(s) dict_keys(['example_xcom_args', 'example_xcom_args_with_operators']) retrieved from /home/airflow/.local/lib/python3.7/site-packages/airflow/example_dags/example_xcomargs.py
[2023-03-09T09:27:54.271+0000] {logging_mixin.py:137} INFO - [2023-03-09T09:27:54.271+0000] {dag.py:2690} INFO - Sync 2 DAGs
[2023-03-09T09:27:54.285+0000] {logging_mixin.py:137} INFO - [2023-03-09T09:27:54.285+0000] {dag.py:3441} INFO - Setting next_dagrun for example_xcom_args to None, run_after=None
[2023-03-09T09:27:54.288+0000] {logging_mixin.py:137} INFO - [2023-03-09T09:27:54.288+0000] {dag.py:3441} INFO - Setting next_dagrun for example_xcom_args_with_operators to None, run_after=None
[2023-03-09T09:27:54.298+0000] {processor.py:175} INFO - Processing /home/airflow/.local/lib/python3.7/site-packages/airflow/example_dags/example_xcomargs.py took 0.071 seconds
[2023-03-09T09:28:24.496+0000] {processor.py:153} INFO - Started process (PID=1179) to work on /home/airflow/.local/lib/python3.7/site-packages/airflow/example_dags/example_xcomargs.py
[2023-03-09T09:28:24.497+0000] {processor.py:743} INFO - Processing file /home/airflow/.local/lib/python3.7/site-packages/airflow/example_dags/example_xcomargs.py for tasks to queue
[2023-03-09T09:28:24.498+0000] {logging_mixin.py:137} INFO - [2023-03-09T09:28:24.498+0000] {dagbag.py:538} INFO - Filling up the DagBag from /home/airflow/.local/lib/python3.7/site-packages/airflow/example_dags/example_xcomargs.py
[2023-03-09T09:28:24.514+0000] {processor.py:753} INFO - DAG(s) dict_keys(['example_xcom_args_with_operators', 'example_xcom_args']) retrieved from /home/airflow/.local/lib/python3.7/site-packages/airflow/example_dags/example_xcomargs.py
[2023-03-09T09:28:24.582+0000] {logging_mixin.py:137} INFO - [2023-03-09T09:28:24.582+0000] {dag.py:2690} INFO - Sync 2 DAGs
[2023-03-09T09:28:24.604+0000] {logging_mixin.py:137} INFO - [2023-03-09T09:28:24.604+0000] {dag.py:3441} INFO - Setting next_dagrun for example_xcom_args to None, run_after=None
[2023-03-09T09:28:24.607+0000] {logging_mixin.py:137} INFO - [2023-03-09T09:28:24.607+0000] {dag.py:3441} INFO - Setting next_dagrun for example_xcom_args_with_operators to None, run_after=None
[2023-03-09T09:28:24.618+0000] {processor.py:175} INFO - Processing /home/airflow/.local/lib/python3.7/site-packages/airflow/example_dags/example_xcomargs.py took 0.125 seconds
[2023-03-09T09:28:55.089+0000] {processor.py:153} INFO - Started process (PID=1259) to work on /home/airflow/.local/lib/python3.7/site-packages/airflow/example_dags/example_xcomargs.py
[2023-03-09T09:28:55.091+0000] {processor.py:743} INFO - Processing file /home/airflow/.local/lib/python3.7/site-packages/airflow/example_dags/example_xcomargs.py for tasks to queue
[2023-03-09T09:28:55.092+0000] {logging_mixin.py:137} INFO - [2023-03-09T09:28:55.092+0000] {dagbag.py:538} INFO - Filling up the DagBag from /home/airflow/.local/lib/python3.7/site-packages/airflow/example_dags/example_xcomargs.py
[2023-03-09T09:28:55.109+0000] {processor.py:753} INFO - DAG(s) dict_keys(['example_xcom_args_with_operators', 'example_xcom_args']) retrieved from /home/airflow/.local/lib/python3.7/site-packages/airflow/example_dags/example_xcomargs.py
[2023-03-09T09:28:55.131+0000] {logging_mixin.py:137} INFO - [2023-03-09T09:28:55.131+0000] {dag.py:2690} INFO - Sync 2 DAGs
[2023-03-09T09:28:55.147+0000] {logging_mixin.py:137} INFO - [2023-03-09T09:28:55.147+0000] {dag.py:3441} INFO - Setting next_dagrun for example_xcom_args to None, run_after=None
[2023-03-09T09:28:55.151+0000] {logging_mixin.py:137} INFO - [2023-03-09T09:28:55.151+0000] {dag.py:3441} INFO - Setting next_dagrun for example_xcom_args_with_operators to None, run_after=None
[2023-03-09T09:28:55.164+0000] {processor.py:175} INFO - Processing /home/airflow/.local/lib/python3.7/site-packages/airflow/example_dags/example_xcomargs.py took 0.078 seconds
[2023-03-09T09:29:25.343+0000] {processor.py:153} INFO - Started process (PID=1338) to work on /home/airflow/.local/lib/python3.7/site-packages/airflow/example_dags/example_xcomargs.py
[2023-03-09T09:29:25.344+0000] {processor.py:743} INFO - Processing file /home/airflow/.local/lib/python3.7/site-packages/airflow/example_dags/example_xcomargs.py for tasks to queue
[2023-03-09T09:29:25.345+0000] {logging_mixin.py:137} INFO - [2023-03-09T09:29:25.345+0000] {dagbag.py:538} INFO - Filling up the DagBag from /home/airflow/.local/lib/python3.7/site-packages/airflow/example_dags/example_xcomargs.py
[2023-03-09T09:29:25.360+0000] {processor.py:753} INFO - DAG(s) dict_keys(['example_xcom_args_with_operators', 'example_xcom_args']) retrieved from /home/airflow/.local/lib/python3.7/site-packages/airflow/example_dags/example_xcomargs.py
[2023-03-09T09:29:25.381+0000] {logging_mixin.py:137} INFO - [2023-03-09T09:29:25.381+0000] {dag.py:2690} INFO - Sync 2 DAGs
[2023-03-09T09:29:25.397+0000] {logging_mixin.py:137} INFO - [2023-03-09T09:29:25.397+0000] {dag.py:3441} INFO - Setting next_dagrun for example_xcom_args to None, run_after=None
[2023-03-09T09:29:25.400+0000] {logging_mixin.py:137} INFO - [2023-03-09T09:29:25.400+0000] {dag.py:3441} INFO - Setting next_dagrun for example_xcom_args_with_operators to None, run_after=None
[2023-03-09T09:29:25.410+0000] {processor.py:175} INFO - Processing /home/airflow/.local/lib/python3.7/site-packages/airflow/example_dags/example_xcomargs.py took 0.069 seconds
[2023-03-09T09:29:55.636+0000] {processor.py:153} INFO - Started process (PID=1407) to work on /home/airflow/.local/lib/python3.7/site-packages/airflow/example_dags/example_xcomargs.py
[2023-03-09T09:29:55.637+0000] {processor.py:743} INFO - Processing file /home/airflow/.local/lib/python3.7/site-packages/airflow/example_dags/example_xcomargs.py for tasks to queue
[2023-03-09T09:29:55.638+0000] {logging_mixin.py:137} INFO - [2023-03-09T09:29:55.638+0000] {dagbag.py:538} INFO - Filling up the DagBag from /home/airflow/.local/lib/python3.7/site-packages/airflow/example_dags/example_xcomargs.py
[2023-03-09T09:29:55.652+0000] {processor.py:753} INFO - DAG(s) dict_keys(['example_xcom_args_with_operators', 'example_xcom_args']) retrieved from /home/airflow/.local/lib/python3.7/site-packages/airflow/example_dags/example_xcomargs.py
[2023-03-09T09:29:55.673+0000] {logging_mixin.py:137} INFO - [2023-03-09T09:29:55.673+0000] {dag.py:2690} INFO - Sync 2 DAGs
[2023-03-09T09:29:55.689+0000] {logging_mixin.py:137} INFO - [2023-03-09T09:29:55.688+0000] {dag.py:3441} INFO - Setting next_dagrun for example_xcom_args to None, run_after=None
[2023-03-09T09:29:55.691+0000] {logging_mixin.py:137} INFO - [2023-03-09T09:29:55.691+0000] {dag.py:3441} INFO - Setting next_dagrun for example_xcom_args_with_operators to None, run_after=None
[2023-03-09T09:29:55.703+0000] {processor.py:175} INFO - Processing /home/airflow/.local/lib/python3.7/site-packages/airflow/example_dags/example_xcomargs.py took 0.070 seconds
[2023-03-09T09:30:26.182+0000] {processor.py:153} INFO - Started process (PID=1487) to work on /home/airflow/.local/lib/python3.7/site-packages/airflow/example_dags/example_xcomargs.py
[2023-03-09T09:30:26.184+0000] {processor.py:743} INFO - Processing file /home/airflow/.local/lib/python3.7/site-packages/airflow/example_dags/example_xcomargs.py for tasks to queue
[2023-03-09T09:30:26.185+0000] {logging_mixin.py:137} INFO - [2023-03-09T09:30:26.185+0000] {dagbag.py:538} INFO - Filling up the DagBag from /home/airflow/.local/lib/python3.7/site-packages/airflow/example_dags/example_xcomargs.py
[2023-03-09T09:30:26.203+0000] {processor.py:753} INFO - DAG(s) dict_keys(['example_xcom_args_with_operators', 'example_xcom_args']) retrieved from /home/airflow/.local/lib/python3.7/site-packages/airflow/example_dags/example_xcomargs.py
[2023-03-09T09:30:26.229+0000] {logging_mixin.py:137} INFO - [2023-03-09T09:30:26.229+0000] {dag.py:2690} INFO - Sync 2 DAGs
[2023-03-09T09:30:26.248+0000] {logging_mixin.py:137} INFO - [2023-03-09T09:30:26.248+0000] {dag.py:3441} INFO - Setting next_dagrun for example_xcom_args to None, run_after=None
[2023-03-09T09:30:26.252+0000] {logging_mixin.py:137} INFO - [2023-03-09T09:30:26.251+0000] {dag.py:3441} INFO - Setting next_dagrun for example_xcom_args_with_operators to None, run_after=None
[2023-03-09T09:30:26.266+0000] {processor.py:175} INFO - Processing /home/airflow/.local/lib/python3.7/site-packages/airflow/example_dags/example_xcomargs.py took 0.087 seconds
[2023-03-09T09:30:56.475+0000] {processor.py:153} INFO - Started process (PID=1567) to work on /home/airflow/.local/lib/python3.7/site-packages/airflow/example_dags/example_xcomargs.py
[2023-03-09T09:30:56.476+0000] {processor.py:743} INFO - Processing file /home/airflow/.local/lib/python3.7/site-packages/airflow/example_dags/example_xcomargs.py for tasks to queue
[2023-03-09T09:30:56.477+0000] {logging_mixin.py:137} INFO - [2023-03-09T09:30:56.477+0000] {dagbag.py:538} INFO - Filling up the DagBag from /home/airflow/.local/lib/python3.7/site-packages/airflow/example_dags/example_xcomargs.py
[2023-03-09T09:30:56.499+0000] {processor.py:753} INFO - DAG(s) dict_keys(['example_xcom_args', 'example_xcom_args_with_operators']) retrieved from /home/airflow/.local/lib/python3.7/site-packages/airflow/example_dags/example_xcomargs.py
[2023-03-09T09:30:56.558+0000] {logging_mixin.py:137} INFO - [2023-03-09T09:30:56.558+0000] {dag.py:2690} INFO - Sync 2 DAGs
[2023-03-09T09:30:56.599+0000] {logging_mixin.py:137} INFO - [2023-03-09T09:30:56.599+0000] {dag.py:3441} INFO - Setting next_dagrun for example_xcom_args to None, run_after=None
[2023-03-09T09:30:56.607+0000] {logging_mixin.py:137} INFO - [2023-03-09T09:30:56.607+0000] {dag.py:3441} INFO - Setting next_dagrun for example_xcom_args_with_operators to None, run_after=None
[2023-03-09T09:30:56.637+0000] {processor.py:175} INFO - Processing /home/airflow/.local/lib/python3.7/site-packages/airflow/example_dags/example_xcomargs.py took 0.166 seconds
[2023-03-09T09:31:26.999+0000] {processor.py:153} INFO - Started process (PID=1635) to work on /home/airflow/.local/lib/python3.7/site-packages/airflow/example_dags/example_xcomargs.py
[2023-03-09T09:31:27.000+0000] {processor.py:743} INFO - Processing file /home/airflow/.local/lib/python3.7/site-packages/airflow/example_dags/example_xcomargs.py for tasks to queue
[2023-03-09T09:31:27.009+0000] {logging_mixin.py:137} INFO - [2023-03-09T09:31:27.009+0000] {dagbag.py:538} INFO - Filling up the DagBag from /home/airflow/.local/lib/python3.7/site-packages/airflow/example_dags/example_xcomargs.py
[2023-03-09T09:31:27.026+0000] {processor.py:753} INFO - DAG(s) dict_keys(['example_xcom_args', 'example_xcom_args_with_operators']) retrieved from /home/airflow/.local/lib/python3.7/site-packages/airflow/example_dags/example_xcomargs.py
[2023-03-09T09:31:27.046+0000] {logging_mixin.py:137} INFO - [2023-03-09T09:31:27.046+0000] {dag.py:2690} INFO - Sync 2 DAGs
[2023-03-09T09:31:27.062+0000] {logging_mixin.py:137} INFO - [2023-03-09T09:31:27.062+0000] {dag.py:3441} INFO - Setting next_dagrun for example_xcom_args to None, run_after=None
[2023-03-09T09:31:27.065+0000] {logging_mixin.py:137} INFO - [2023-03-09T09:31:27.065+0000] {dag.py:3441} INFO - Setting next_dagrun for example_xcom_args_with_operators to None, run_after=None
[2023-03-09T09:31:27.076+0000] {processor.py:175} INFO - Processing /home/airflow/.local/lib/python3.7/site-packages/airflow/example_dags/example_xcomargs.py took 0.080 seconds
[2023-03-09T09:31:57.244+0000] {processor.py:153} INFO - Started process (PID=1718) to work on /home/airflow/.local/lib/python3.7/site-packages/airflow/example_dags/example_xcomargs.py
[2023-03-09T09:31:57.246+0000] {processor.py:743} INFO - Processing file /home/airflow/.local/lib/python3.7/site-packages/airflow/example_dags/example_xcomargs.py for tasks to queue
[2023-03-09T09:31:57.248+0000] {logging_mixin.py:137} INFO - [2023-03-09T09:31:57.248+0000] {dagbag.py:538} INFO - Filling up the DagBag from /home/airflow/.local/lib/python3.7/site-packages/airflow/example_dags/example_xcomargs.py
[2023-03-09T09:31:57.263+0000] {processor.py:753} INFO - DAG(s) dict_keys(['example_xcom_args_with_operators', 'example_xcom_args']) retrieved from /home/airflow/.local/lib/python3.7/site-packages/airflow/example_dags/example_xcomargs.py
[2023-03-09T09:31:57.285+0000] {logging_mixin.py:137} INFO - [2023-03-09T09:31:57.285+0000] {dag.py:2690} INFO - Sync 2 DAGs
[2023-03-09T09:31:57.302+0000] {logging_mixin.py:137} INFO - [2023-03-09T09:31:57.301+0000] {dag.py:3441} INFO - Setting next_dagrun for example_xcom_args to None, run_after=None
[2023-03-09T09:31:57.304+0000] {logging_mixin.py:137} INFO - [2023-03-09T09:31:57.304+0000] {dag.py:3441} INFO - Setting next_dagrun for example_xcom_args_with_operators to None, run_after=None
[2023-03-09T09:31:57.316+0000] {processor.py:175} INFO - Processing /home/airflow/.local/lib/python3.7/site-packages/airflow/example_dags/example_xcomargs.py took 0.074 seconds
[2023-03-09T09:32:27.427+0000] {processor.py:153} INFO - Started process (PID=1797) to work on /home/airflow/.local/lib/python3.7/site-packages/airflow/example_dags/example_xcomargs.py
[2023-03-09T09:32:27.429+0000] {processor.py:743} INFO - Processing file /home/airflow/.local/lib/python3.7/site-packages/airflow/example_dags/example_xcomargs.py for tasks to queue
[2023-03-09T09:32:27.430+0000] {logging_mixin.py:137} INFO - [2023-03-09T09:32:27.430+0000] {dagbag.py:538} INFO - Filling up the DagBag from /home/airflow/.local/lib/python3.7/site-packages/airflow/example_dags/example_xcomargs.py
[2023-03-09T09:32:27.449+0000] {processor.py:753} INFO - DAG(s) dict_keys(['example_xcom_args_with_operators', 'example_xcom_args']) retrieved from /home/airflow/.local/lib/python3.7/site-packages/airflow/example_dags/example_xcomargs.py
[2023-03-09T09:32:27.476+0000] {logging_mixin.py:137} INFO - [2023-03-09T09:32:27.476+0000] {dag.py:2690} INFO - Sync 2 DAGs
[2023-03-09T09:32:27.495+0000] {logging_mixin.py:137} INFO - [2023-03-09T09:32:27.495+0000] {dag.py:3441} INFO - Setting next_dagrun for example_xcom_args to None, run_after=None
[2023-03-09T09:32:27.499+0000] {logging_mixin.py:137} INFO - [2023-03-09T09:32:27.499+0000] {dag.py:3441} INFO - Setting next_dagrun for example_xcom_args_with_operators to None, run_after=None
[2023-03-09T09:32:27.516+0000] {processor.py:175} INFO - Processing /home/airflow/.local/lib/python3.7/site-packages/airflow/example_dags/example_xcomargs.py took 0.093 seconds
[2023-03-09T09:32:57.743+0000] {processor.py:153} INFO - Started process (PID=1867) to work on /home/airflow/.local/lib/python3.7/site-packages/airflow/example_dags/example_xcomargs.py
[2023-03-09T09:32:57.745+0000] {processor.py:743} INFO - Processing file /home/airflow/.local/lib/python3.7/site-packages/airflow/example_dags/example_xcomargs.py for tasks to queue
[2023-03-09T09:32:57.746+0000] {logging_mixin.py:137} INFO - [2023-03-09T09:32:57.746+0000] {dagbag.py:538} INFO - Filling up the DagBag from /home/airflow/.local/lib/python3.7/site-packages/airflow/example_dags/example_xcomargs.py
[2023-03-09T09:32:57.765+0000] {processor.py:753} INFO - DAG(s) dict_keys(['example_xcom_args_with_operators', 'example_xcom_args']) retrieved from /home/airflow/.local/lib/python3.7/site-packages/airflow/example_dags/example_xcomargs.py
[2023-03-09T09:32:57.788+0000] {logging_mixin.py:137} INFO - [2023-03-09T09:32:57.788+0000] {dag.py:2690} INFO - Sync 2 DAGs
[2023-03-09T09:32:57.804+0000] {logging_mixin.py:137} INFO - [2023-03-09T09:32:57.804+0000] {dag.py:3441} INFO - Setting next_dagrun for example_xcom_args to None, run_after=None
[2023-03-09T09:32:57.807+0000] {logging_mixin.py:137} INFO - [2023-03-09T09:32:57.807+0000] {dag.py:3441} INFO - Setting next_dagrun for example_xcom_args_with_operators to None, run_after=None
[2023-03-09T09:32:57.819+0000] {processor.py:175} INFO - Processing /home/airflow/.local/lib/python3.7/site-packages/airflow/example_dags/example_xcomargs.py took 0.080 seconds
[2023-03-09T09:33:28.001+0000] {processor.py:153} INFO - Started process (PID=1946) to work on /home/airflow/.local/lib/python3.7/site-packages/airflow/example_dags/example_xcomargs.py
[2023-03-09T09:33:28.002+0000] {processor.py:743} INFO - Processing file /home/airflow/.local/lib/python3.7/site-packages/airflow/example_dags/example_xcomargs.py for tasks to queue
[2023-03-09T09:33:28.003+0000] {logging_mixin.py:137} INFO - [2023-03-09T09:33:28.003+0000] {dagbag.py:538} INFO - Filling up the DagBag from /home/airflow/.local/lib/python3.7/site-packages/airflow/example_dags/example_xcomargs.py
[2023-03-09T09:33:28.020+0000] {processor.py:753} INFO - DAG(s) dict_keys(['example_xcom_args_with_operators', 'example_xcom_args']) retrieved from /home/airflow/.local/lib/python3.7/site-packages/airflow/example_dags/example_xcomargs.py
[2023-03-09T09:33:28.040+0000] {logging_mixin.py:137} INFO - [2023-03-09T09:33:28.040+0000] {dag.py:2690} INFO - Sync 2 DAGs
[2023-03-09T09:33:28.055+0000] {logging_mixin.py:137} INFO - [2023-03-09T09:33:28.055+0000] {dag.py:3441} INFO - Setting next_dagrun for example_xcom_args to None, run_after=None
[2023-03-09T09:33:28.058+0000] {logging_mixin.py:137} INFO - [2023-03-09T09:33:28.058+0000] {dag.py:3441} INFO - Setting next_dagrun for example_xcom_args_with_operators to None, run_after=None
[2023-03-09T09:33:28.070+0000] {processor.py:175} INFO - Processing /home/airflow/.local/lib/python3.7/site-packages/airflow/example_dags/example_xcomargs.py took 0.072 seconds
[2023-03-09T09:33:58.133+0000] {processor.py:153} INFO - Started process (PID=2009) to work on /home/airflow/.local/lib/python3.7/site-packages/airflow/example_dags/example_xcomargs.py
[2023-03-09T09:33:58.134+0000] {processor.py:743} INFO - Processing file /home/airflow/.local/lib/python3.7/site-packages/airflow/example_dags/example_xcomargs.py for tasks to queue
[2023-03-09T09:33:58.135+0000] {logging_mixin.py:137} INFO - [2023-03-09T09:33:58.135+0000] {dagbag.py:538} INFO - Filling up the DagBag from /home/airflow/.local/lib/python3.7/site-packages/airflow/example_dags/example_xcomargs.py
[2023-03-09T09:33:58.153+0000] {processor.py:753} INFO - DAG(s) dict_keys(['example_xcom_args_with_operators', 'example_xcom_args']) retrieved from /home/airflow/.local/lib/python3.7/site-packages/airflow/example_dags/example_xcomargs.py
[2023-03-09T09:33:58.175+0000] {logging_mixin.py:137} INFO - [2023-03-09T09:33:58.175+0000] {dag.py:2690} INFO - Sync 2 DAGs
[2023-03-09T09:33:58.193+0000] {logging_mixin.py:137} INFO - [2023-03-09T09:33:58.193+0000] {dag.py:3441} INFO - Setting next_dagrun for example_xcom_args to None, run_after=None
[2023-03-09T09:33:58.196+0000] {logging_mixin.py:137} INFO - [2023-03-09T09:33:58.195+0000] {dag.py:3441} INFO - Setting next_dagrun for example_xcom_args_with_operators to None, run_after=None
[2023-03-09T09:33:58.207+0000] {processor.py:175} INFO - Processing /home/airflow/.local/lib/python3.7/site-packages/airflow/example_dags/example_xcomargs.py took 0.077 seconds
[2023-03-09T09:34:28.755+0000] {processor.py:153} INFO - Started process (PID=2083) to work on /home/airflow/.local/lib/python3.7/site-packages/airflow/example_dags/example_xcomargs.py
[2023-03-09T09:34:28.756+0000] {processor.py:743} INFO - Processing file /home/airflow/.local/lib/python3.7/site-packages/airflow/example_dags/example_xcomargs.py for tasks to queue
[2023-03-09T09:34:28.757+0000] {logging_mixin.py:137} INFO - [2023-03-09T09:34:28.757+0000] {dagbag.py:538} INFO - Filling up the DagBag from /home/airflow/.local/lib/python3.7/site-packages/airflow/example_dags/example_xcomargs.py
[2023-03-09T09:34:28.773+0000] {processor.py:753} INFO - DAG(s) dict_keys(['example_xcom_args_with_operators', 'example_xcom_args']) retrieved from /home/airflow/.local/lib/python3.7/site-packages/airflow/example_dags/example_xcomargs.py
[2023-03-09T09:34:28.793+0000] {logging_mixin.py:137} INFO - [2023-03-09T09:34:28.793+0000] {dag.py:2690} INFO - Sync 2 DAGs
[2023-03-09T09:34:28.810+0000] {logging_mixin.py:137} INFO - [2023-03-09T09:34:28.810+0000] {dag.py:3441} INFO - Setting next_dagrun for example_xcom_args to None, run_after=None
[2023-03-09T09:34:28.813+0000] {logging_mixin.py:137} INFO - [2023-03-09T09:34:28.813+0000] {dag.py:3441} INFO - Setting next_dagrun for example_xcom_args_with_operators to None, run_after=None
[2023-03-09T09:34:28.825+0000] {processor.py:175} INFO - Processing /home/airflow/.local/lib/python3.7/site-packages/airflow/example_dags/example_xcomargs.py took 0.074 seconds
[2023-03-09T09:34:58.937+0000] {processor.py:153} INFO - Started process (PID=2160) to work on /home/airflow/.local/lib/python3.7/site-packages/airflow/example_dags/example_xcomargs.py
[2023-03-09T09:34:58.939+0000] {processor.py:743} INFO - Processing file /home/airflow/.local/lib/python3.7/site-packages/airflow/example_dags/example_xcomargs.py for tasks to queue
[2023-03-09T09:34:58.939+0000] {logging_mixin.py:137} INFO - [2023-03-09T09:34:58.939+0000] {dagbag.py:538} INFO - Filling up the DagBag from /home/airflow/.local/lib/python3.7/site-packages/airflow/example_dags/example_xcomargs.py
[2023-03-09T09:34:58.954+0000] {processor.py:753} INFO - DAG(s) dict_keys(['example_xcom_args', 'example_xcom_args_with_operators']) retrieved from /home/airflow/.local/lib/python3.7/site-packages/airflow/example_dags/example_xcomargs.py
[2023-03-09T09:34:58.975+0000] {logging_mixin.py:137} INFO - [2023-03-09T09:34:58.975+0000] {dag.py:2690} INFO - Sync 2 DAGs
[2023-03-09T09:34:58.992+0000] {logging_mixin.py:137} INFO - [2023-03-09T09:34:58.992+0000] {dag.py:3441} INFO - Setting next_dagrun for example_xcom_args to None, run_after=None
[2023-03-09T09:34:58.995+0000] {logging_mixin.py:137} INFO - [2023-03-09T09:34:58.995+0000] {dag.py:3441} INFO - Setting next_dagrun for example_xcom_args_with_operators to None, run_after=None
[2023-03-09T09:34:59.008+0000] {processor.py:175} INFO - Processing /home/airflow/.local/lib/python3.7/site-packages/airflow/example_dags/example_xcomargs.py took 0.074 seconds
[2023-03-09T09:35:29.158+0000] {processor.py:153} INFO - Started process (PID=2225) to work on /home/airflow/.local/lib/python3.7/site-packages/airflow/example_dags/example_xcomargs.py
[2023-03-09T09:35:29.159+0000] {processor.py:743} INFO - Processing file /home/airflow/.local/lib/python3.7/site-packages/airflow/example_dags/example_xcomargs.py for tasks to queue
[2023-03-09T09:35:29.161+0000] {logging_mixin.py:137} INFO - [2023-03-09T09:35:29.161+0000] {dagbag.py:538} INFO - Filling up the DagBag from /home/airflow/.local/lib/python3.7/site-packages/airflow/example_dags/example_xcomargs.py
[2023-03-09T09:35:29.177+0000] {processor.py:753} INFO - DAG(s) dict_keys(['example_xcom_args_with_operators', 'example_xcom_args']) retrieved from /home/airflow/.local/lib/python3.7/site-packages/airflow/example_dags/example_xcomargs.py
[2023-03-09T09:35:29.197+0000] {logging_mixin.py:137} INFO - [2023-03-09T09:35:29.197+0000] {dag.py:2690} INFO - Sync 2 DAGs
[2023-03-09T09:35:29.214+0000] {logging_mixin.py:137} INFO - [2023-03-09T09:35:29.214+0000] {dag.py:3441} INFO - Setting next_dagrun for example_xcom_args to None, run_after=None
[2023-03-09T09:35:29.217+0000] {logging_mixin.py:137} INFO - [2023-03-09T09:35:29.217+0000] {dag.py:3441} INFO - Setting next_dagrun for example_xcom_args_with_operators to None, run_after=None
[2023-03-09T09:35:29.229+0000] {processor.py:175} INFO - Processing /home/airflow/.local/lib/python3.7/site-packages/airflow/example_dags/example_xcomargs.py took 0.074 seconds
[2023-03-09T09:35:59.639+0000] {processor.py:153} INFO - Started process (PID=2302) to work on /home/airflow/.local/lib/python3.7/site-packages/airflow/example_dags/example_xcomargs.py
[2023-03-09T09:35:59.641+0000] {processor.py:743} INFO - Processing file /home/airflow/.local/lib/python3.7/site-packages/airflow/example_dags/example_xcomargs.py for tasks to queue
[2023-03-09T09:35:59.642+0000] {logging_mixin.py:137} INFO - [2023-03-09T09:35:59.642+0000] {dagbag.py:538} INFO - Filling up the DagBag from /home/airflow/.local/lib/python3.7/site-packages/airflow/example_dags/example_xcomargs.py
[2023-03-09T09:35:59.659+0000] {processor.py:753} INFO - DAG(s) dict_keys(['example_xcom_args', 'example_xcom_args_with_operators']) retrieved from /home/airflow/.local/lib/python3.7/site-packages/airflow/example_dags/example_xcomargs.py
[2023-03-09T09:35:59.679+0000] {logging_mixin.py:137} INFO - [2023-03-09T09:35:59.679+0000] {dag.py:2690} INFO - Sync 2 DAGs
[2023-03-09T09:35:59.694+0000] {logging_mixin.py:137} INFO - [2023-03-09T09:35:59.694+0000] {dag.py:3441} INFO - Setting next_dagrun for example_xcom_args to None, run_after=None
[2023-03-09T09:35:59.698+0000] {logging_mixin.py:137} INFO - [2023-03-09T09:35:59.697+0000] {dag.py:3441} INFO - Setting next_dagrun for example_xcom_args_with_operators to None, run_after=None
[2023-03-09T09:35:59.709+0000] {processor.py:175} INFO - Processing /home/airflow/.local/lib/python3.7/site-packages/airflow/example_dags/example_xcomargs.py took 0.072 seconds
[2023-03-09T09:36:29.981+0000] {processor.py:153} INFO - Started process (PID=2381) to work on /home/airflow/.local/lib/python3.7/site-packages/airflow/example_dags/example_xcomargs.py
[2023-03-09T09:36:29.984+0000] {processor.py:743} INFO - Processing file /home/airflow/.local/lib/python3.7/site-packages/airflow/example_dags/example_xcomargs.py for tasks to queue
[2023-03-09T09:36:29.986+0000] {logging_mixin.py:137} INFO - [2023-03-09T09:36:29.985+0000] {dagbag.py:538} INFO - Filling up the DagBag from /home/airflow/.local/lib/python3.7/site-packages/airflow/example_dags/example_xcomargs.py
[2023-03-09T09:36:30.020+0000] {processor.py:753} INFO - DAG(s) dict_keys(['example_xcom_args_with_operators', 'example_xcom_args']) retrieved from /home/airflow/.local/lib/python3.7/site-packages/airflow/example_dags/example_xcomargs.py
[2023-03-09T09:36:30.056+0000] {logging_mixin.py:137} INFO - [2023-03-09T09:36:30.055+0000] {dag.py:2690} INFO - Sync 2 DAGs
[2023-03-09T09:36:30.092+0000] {logging_mixin.py:137} INFO - [2023-03-09T09:36:30.092+0000] {dag.py:3441} INFO - Setting next_dagrun for example_xcom_args to None, run_after=None
[2023-03-09T09:36:30.100+0000] {logging_mixin.py:137} INFO - [2023-03-09T09:36:30.100+0000] {dag.py:3441} INFO - Setting next_dagrun for example_xcom_args_with_operators to None, run_after=None
[2023-03-09T09:36:30.128+0000] {processor.py:175} INFO - Processing /home/airflow/.local/lib/python3.7/site-packages/airflow/example_dags/example_xcomargs.py took 0.155 seconds
[2023-03-09T09:37:00.170+0000] {processor.py:153} INFO - Started process (PID=2445) to work on /home/airflow/.local/lib/python3.7/site-packages/airflow/example_dags/example_xcomargs.py
[2023-03-09T09:37:00.171+0000] {processor.py:743} INFO - Processing file /home/airflow/.local/lib/python3.7/site-packages/airflow/example_dags/example_xcomargs.py for tasks to queue
[2023-03-09T09:37:00.173+0000] {logging_mixin.py:137} INFO - [2023-03-09T09:37:00.172+0000] {dagbag.py:538} INFO - Filling up the DagBag from /home/airflow/.local/lib/python3.7/site-packages/airflow/example_dags/example_xcomargs.py
[2023-03-09T09:37:00.186+0000] {processor.py:753} INFO - DAG(s) dict_keys(['example_xcom_args', 'example_xcom_args_with_operators']) retrieved from /home/airflow/.local/lib/python3.7/site-packages/airflow/example_dags/example_xcomargs.py
[2023-03-09T09:37:00.205+0000] {logging_mixin.py:137} INFO - [2023-03-09T09:37:00.205+0000] {dag.py:2690} INFO - Sync 2 DAGs
[2023-03-09T09:37:00.220+0000] {logging_mixin.py:137} INFO - [2023-03-09T09:37:00.220+0000] {dag.py:3441} INFO - Setting next_dagrun for example_xcom_args to None, run_after=None
[2023-03-09T09:37:00.224+0000] {logging_mixin.py:137} INFO - [2023-03-09T09:37:00.224+0000] {dag.py:3441} INFO - Setting next_dagrun for example_xcom_args_with_operators to None, run_after=None
[2023-03-09T09:37:00.239+0000] {processor.py:175} INFO - Processing /home/airflow/.local/lib/python3.7/site-packages/airflow/example_dags/example_xcomargs.py took 0.072 seconds
[2023-03-09T09:37:30.635+0000] {processor.py:153} INFO - Started process (PID=2526) to work on /home/airflow/.local/lib/python3.7/site-packages/airflow/example_dags/example_xcomargs.py
[2023-03-09T09:37:30.638+0000] {processor.py:743} INFO - Processing file /home/airflow/.local/lib/python3.7/site-packages/airflow/example_dags/example_xcomargs.py for tasks to queue
[2023-03-09T09:37:30.639+0000] {logging_mixin.py:137} INFO - [2023-03-09T09:37:30.639+0000] {dagbag.py:538} INFO - Filling up the DagBag from /home/airflow/.local/lib/python3.7/site-packages/airflow/example_dags/example_xcomargs.py
[2023-03-09T09:37:30.660+0000] {processor.py:753} INFO - DAG(s) dict_keys(['example_xcom_args', 'example_xcom_args_with_operators']) retrieved from /home/airflow/.local/lib/python3.7/site-packages/airflow/example_dags/example_xcomargs.py
[2023-03-09T09:37:30.681+0000] {logging_mixin.py:137} INFO - [2023-03-09T09:37:30.681+0000] {dag.py:2690} INFO - Sync 2 DAGs
[2023-03-09T09:37:30.696+0000] {logging_mixin.py:137} INFO - [2023-03-09T09:37:30.696+0000] {dag.py:3441} INFO - Setting next_dagrun for example_xcom_args to None, run_after=None
[2023-03-09T09:37:30.699+0000] {logging_mixin.py:137} INFO - [2023-03-09T09:37:30.699+0000] {dag.py:3441} INFO - Setting next_dagrun for example_xcom_args_with_operators to None, run_after=None
[2023-03-09T09:37:30.711+0000] {processor.py:175} INFO - Processing /home/airflow/.local/lib/python3.7/site-packages/airflow/example_dags/example_xcomargs.py took 0.079 seconds
[2023-03-09T09:38:00.823+0000] {processor.py:153} INFO - Started process (PID=2605) to work on /home/airflow/.local/lib/python3.7/site-packages/airflow/example_dags/example_xcomargs.py
[2023-03-09T09:38:00.825+0000] {processor.py:743} INFO - Processing file /home/airflow/.local/lib/python3.7/site-packages/airflow/example_dags/example_xcomargs.py for tasks to queue
[2023-03-09T09:38:00.829+0000] {logging_mixin.py:137} INFO - [2023-03-09T09:38:00.829+0000] {dagbag.py:538} INFO - Filling up the DagBag from /home/airflow/.local/lib/python3.7/site-packages/airflow/example_dags/example_xcomargs.py
[2023-03-09T09:38:00.856+0000] {processor.py:753} INFO - DAG(s) dict_keys(['example_xcom_args_with_operators', 'example_xcom_args']) retrieved from /home/airflow/.local/lib/python3.7/site-packages/airflow/example_dags/example_xcomargs.py
[2023-03-09T09:38:00.884+0000] {logging_mixin.py:137} INFO - [2023-03-09T09:38:00.884+0000] {dag.py:2690} INFO - Sync 2 DAGs
[2023-03-09T09:38:00.904+0000] {logging_mixin.py:137} INFO - [2023-03-09T09:38:00.904+0000] {dag.py:3441} INFO - Setting next_dagrun for example_xcom_args to None, run_after=None
[2023-03-09T09:38:00.908+0000] {logging_mixin.py:137} INFO - [2023-03-09T09:38:00.908+0000] {dag.py:3441} INFO - Setting next_dagrun for example_xcom_args_with_operators to None, run_after=None
[2023-03-09T09:38:00.922+0000] {processor.py:175} INFO - Processing /home/airflow/.local/lib/python3.7/site-packages/airflow/example_dags/example_xcomargs.py took 0.102 seconds
[2023-03-09T09:38:31.010+0000] {processor.py:153} INFO - Started process (PID=2670) to work on /home/airflow/.local/lib/python3.7/site-packages/airflow/example_dags/example_xcomargs.py
[2023-03-09T09:38:31.012+0000] {processor.py:743} INFO - Processing file /home/airflow/.local/lib/python3.7/site-packages/airflow/example_dags/example_xcomargs.py for tasks to queue
[2023-03-09T09:38:31.013+0000] {logging_mixin.py:137} INFO - [2023-03-09T09:38:31.012+0000] {dagbag.py:538} INFO - Filling up the DagBag from /home/airflow/.local/lib/python3.7/site-packages/airflow/example_dags/example_xcomargs.py
[2023-03-09T09:38:31.029+0000] {processor.py:753} INFO - DAG(s) dict_keys(['example_xcom_args', 'example_xcom_args_with_operators']) retrieved from /home/airflow/.local/lib/python3.7/site-packages/airflow/example_dags/example_xcomargs.py
[2023-03-09T09:38:31.051+0000] {logging_mixin.py:137} INFO - [2023-03-09T09:38:31.051+0000] {dag.py:2690} INFO - Sync 2 DAGs
[2023-03-09T09:38:31.070+0000] {logging_mixin.py:137} INFO - [2023-03-09T09:38:31.069+0000] {dag.py:3441} INFO - Setting next_dagrun for example_xcom_args to None, run_after=None
[2023-03-09T09:38:31.075+0000] {logging_mixin.py:137} INFO - [2023-03-09T09:38:31.075+0000] {dag.py:3441} INFO - Setting next_dagrun for example_xcom_args_with_operators to None, run_after=None
[2023-03-09T09:38:31.087+0000] {processor.py:175} INFO - Processing /home/airflow/.local/lib/python3.7/site-packages/airflow/example_dags/example_xcomargs.py took 0.080 seconds
[2023-03-09T09:39:01.311+0000] {processor.py:153} INFO - Started process (PID=2754) to work on /home/airflow/.local/lib/python3.7/site-packages/airflow/example_dags/example_xcomargs.py
[2023-03-09T09:39:01.313+0000] {processor.py:743} INFO - Processing file /home/airflow/.local/lib/python3.7/site-packages/airflow/example_dags/example_xcomargs.py for tasks to queue
[2023-03-09T09:39:01.314+0000] {logging_mixin.py:137} INFO - [2023-03-09T09:39:01.313+0000] {dagbag.py:538} INFO - Filling up the DagBag from /home/airflow/.local/lib/python3.7/site-packages/airflow/example_dags/example_xcomargs.py
[2023-03-09T09:39:01.330+0000] {processor.py:753} INFO - DAG(s) dict_keys(['example_xcom_args_with_operators', 'example_xcom_args']) retrieved from /home/airflow/.local/lib/python3.7/site-packages/airflow/example_dags/example_xcomargs.py
[2023-03-09T09:39:01.361+0000] {logging_mixin.py:137} INFO - [2023-03-09T09:39:01.361+0000] {dag.py:2690} INFO - Sync 2 DAGs
[2023-03-09T09:39:01.380+0000] {logging_mixin.py:137} INFO - [2023-03-09T09:39:01.380+0000] {dag.py:3441} INFO - Setting next_dagrun for example_xcom_args to None, run_after=None
[2023-03-09T09:39:01.383+0000] {logging_mixin.py:137} INFO - [2023-03-09T09:39:01.383+0000] {dag.py:3441} INFO - Setting next_dagrun for example_xcom_args_with_operators to None, run_after=None
[2023-03-09T09:39:01.398+0000] {processor.py:175} INFO - Processing /home/airflow/.local/lib/python3.7/site-packages/airflow/example_dags/example_xcomargs.py took 0.089 seconds
[2023-03-09T09:39:31.456+0000] {processor.py:153} INFO - Started process (PID=2821) to work on /home/airflow/.local/lib/python3.7/site-packages/airflow/example_dags/example_xcomargs.py
[2023-03-09T09:39:31.459+0000] {processor.py:743} INFO - Processing file /home/airflow/.local/lib/python3.7/site-packages/airflow/example_dags/example_xcomargs.py for tasks to queue
[2023-03-09T09:39:31.460+0000] {logging_mixin.py:137} INFO - [2023-03-09T09:39:31.460+0000] {dagbag.py:538} INFO - Filling up the DagBag from /home/airflow/.local/lib/python3.7/site-packages/airflow/example_dags/example_xcomargs.py
[2023-03-09T09:39:31.481+0000] {processor.py:753} INFO - DAG(s) dict_keys(['example_xcom_args', 'example_xcom_args_with_operators']) retrieved from /home/airflow/.local/lib/python3.7/site-packages/airflow/example_dags/example_xcomargs.py
[2023-03-09T09:39:31.506+0000] {logging_mixin.py:137} INFO - [2023-03-09T09:39:31.506+0000] {dag.py:2690} INFO - Sync 2 DAGs
[2023-03-09T09:39:31.525+0000] {logging_mixin.py:137} INFO - [2023-03-09T09:39:31.525+0000] {dag.py:3441} INFO - Setting next_dagrun for example_xcom_args to None, run_after=None
[2023-03-09T09:39:31.528+0000] {logging_mixin.py:137} INFO - [2023-03-09T09:39:31.528+0000] {dag.py:3441} INFO - Setting next_dagrun for example_xcom_args_with_operators to None, run_after=None
[2023-03-09T09:39:31.542+0000] {processor.py:175} INFO - Processing /home/airflow/.local/lib/python3.7/site-packages/airflow/example_dags/example_xcomargs.py took 0.089 seconds
[2023-03-09T09:40:01.911+0000] {processor.py:153} INFO - Started process (PID=2903) to work on /home/airflow/.local/lib/python3.7/site-packages/airflow/example_dags/example_xcomargs.py
[2023-03-09T09:40:01.912+0000] {processor.py:743} INFO - Processing file /home/airflow/.local/lib/python3.7/site-packages/airflow/example_dags/example_xcomargs.py for tasks to queue
[2023-03-09T09:40:01.913+0000] {logging_mixin.py:137} INFO - [2023-03-09T09:40:01.913+0000] {dagbag.py:538} INFO - Filling up the DagBag from /home/airflow/.local/lib/python3.7/site-packages/airflow/example_dags/example_xcomargs.py
[2023-03-09T09:40:01.931+0000] {processor.py:753} INFO - DAG(s) dict_keys(['example_xcom_args_with_operators', 'example_xcom_args']) retrieved from /home/airflow/.local/lib/python3.7/site-packages/airflow/example_dags/example_xcomargs.py
[2023-03-09T09:40:01.956+0000] {logging_mixin.py:137} INFO - [2023-03-09T09:40:01.956+0000] {dag.py:2690} INFO - Sync 2 DAGs
[2023-03-09T09:40:01.975+0000] {logging_mixin.py:137} INFO - [2023-03-09T09:40:01.974+0000] {dag.py:3441} INFO - Setting next_dagrun for example_xcom_args to None, run_after=None
[2023-03-09T09:40:01.978+0000] {logging_mixin.py:137} INFO - [2023-03-09T09:40:01.978+0000] {dag.py:3441} INFO - Setting next_dagrun for example_xcom_args_with_operators to None, run_after=None
[2023-03-09T09:40:01.991+0000] {processor.py:175} INFO - Processing /home/airflow/.local/lib/python3.7/site-packages/airflow/example_dags/example_xcomargs.py took 0.083 seconds
[2023-03-09T09:40:32.061+0000] {processor.py:153} INFO - Started process (PID=2981) to work on /home/airflow/.local/lib/python3.7/site-packages/airflow/example_dags/example_xcomargs.py
[2023-03-09T09:40:32.062+0000] {processor.py:743} INFO - Processing file /home/airflow/.local/lib/python3.7/site-packages/airflow/example_dags/example_xcomargs.py for tasks to queue
[2023-03-09T09:40:32.063+0000] {logging_mixin.py:137} INFO - [2023-03-09T09:40:32.063+0000] {dagbag.py:538} INFO - Filling up the DagBag from /home/airflow/.local/lib/python3.7/site-packages/airflow/example_dags/example_xcomargs.py
[2023-03-09T09:40:32.079+0000] {processor.py:753} INFO - DAG(s) dict_keys(['example_xcom_args', 'example_xcom_args_with_operators']) retrieved from /home/airflow/.local/lib/python3.7/site-packages/airflow/example_dags/example_xcomargs.py
[2023-03-09T09:40:32.100+0000] {logging_mixin.py:137} INFO - [2023-03-09T09:40:32.100+0000] {dag.py:2690} INFO - Sync 2 DAGs
[2023-03-09T09:40:32.118+0000] {logging_mixin.py:137} INFO - [2023-03-09T09:40:32.118+0000] {dag.py:3441} INFO - Setting next_dagrun for example_xcom_args to None, run_after=None
[2023-03-09T09:40:32.121+0000] {logging_mixin.py:137} INFO - [2023-03-09T09:40:32.121+0000] {dag.py:3441} INFO - Setting next_dagrun for example_xcom_args_with_operators to None, run_after=None
[2023-03-09T09:40:32.141+0000] {processor.py:175} INFO - Processing /home/airflow/.local/lib/python3.7/site-packages/airflow/example_dags/example_xcomargs.py took 0.082 seconds
[2023-03-09T09:41:02.196+0000] {processor.py:153} INFO - Started process (PID=3049) to work on /home/airflow/.local/lib/python3.7/site-packages/airflow/example_dags/example_xcomargs.py
[2023-03-09T09:41:02.198+0000] {processor.py:743} INFO - Processing file /home/airflow/.local/lib/python3.7/site-packages/airflow/example_dags/example_xcomargs.py for tasks to queue
[2023-03-09T09:41:02.199+0000] {logging_mixin.py:137} INFO - [2023-03-09T09:41:02.199+0000] {dagbag.py:538} INFO - Filling up the DagBag from /home/airflow/.local/lib/python3.7/site-packages/airflow/example_dags/example_xcomargs.py
[2023-03-09T09:41:02.220+0000] {processor.py:753} INFO - DAG(s) dict_keys(['example_xcom_args', 'example_xcom_args_with_operators']) retrieved from /home/airflow/.local/lib/python3.7/site-packages/airflow/example_dags/example_xcomargs.py
[2023-03-09T09:41:02.243+0000] {logging_mixin.py:137} INFO - [2023-03-09T09:41:02.243+0000] {dag.py:2690} INFO - Sync 2 DAGs
[2023-03-09T09:41:02.259+0000] {logging_mixin.py:137} INFO - [2023-03-09T09:41:02.259+0000] {dag.py:3441} INFO - Setting next_dagrun for example_xcom_args to None, run_after=None
[2023-03-09T09:41:02.262+0000] {logging_mixin.py:137} INFO - [2023-03-09T09:41:02.262+0000] {dag.py:3441} INFO - Setting next_dagrun for example_xcom_args_with_operators to None, run_after=None
[2023-03-09T09:41:02.274+0000] {processor.py:175} INFO - Processing /home/airflow/.local/lib/python3.7/site-packages/airflow/example_dags/example_xcomargs.py took 0.083 seconds
[2023-03-09T09:41:33.220+0000] {processor.py:153} INFO - Started process (PID=3126) to work on /home/airflow/.local/lib/python3.7/site-packages/airflow/example_dags/example_xcomargs.py
[2023-03-09T09:41:33.221+0000] {processor.py:743} INFO - Processing file /home/airflow/.local/lib/python3.7/site-packages/airflow/example_dags/example_xcomargs.py for tasks to queue
[2023-03-09T09:41:33.222+0000] {logging_mixin.py:137} INFO - [2023-03-09T09:41:33.222+0000] {dagbag.py:538} INFO - Filling up the DagBag from /home/airflow/.local/lib/python3.7/site-packages/airflow/example_dags/example_xcomargs.py
[2023-03-09T09:41:33.239+0000] {processor.py:753} INFO - DAG(s) dict_keys(['example_xcom_args_with_operators', 'example_xcom_args']) retrieved from /home/airflow/.local/lib/python3.7/site-packages/airflow/example_dags/example_xcomargs.py
[2023-03-09T09:41:33.261+0000] {logging_mixin.py:137} INFO - [2023-03-09T09:41:33.261+0000] {dag.py:2690} INFO - Sync 2 DAGs
[2023-03-09T09:41:33.278+0000] {logging_mixin.py:137} INFO - [2023-03-09T09:41:33.278+0000] {dag.py:3441} INFO - Setting next_dagrun for example_xcom_args to None, run_after=None
[2023-03-09T09:41:33.281+0000] {logging_mixin.py:137} INFO - [2023-03-09T09:41:33.281+0000] {dag.py:3441} INFO - Setting next_dagrun for example_xcom_args_with_operators to None, run_after=None
[2023-03-09T09:41:33.292+0000] {processor.py:175} INFO - Processing /home/airflow/.local/lib/python3.7/site-packages/airflow/example_dags/example_xcomargs.py took 0.075 seconds
[2023-03-09T09:42:03.580+0000] {processor.py:153} INFO - Started process (PID=3204) to work on /home/airflow/.local/lib/python3.7/site-packages/airflow/example_dags/example_xcomargs.py
[2023-03-09T09:42:03.586+0000] {processor.py:743} INFO - Processing file /home/airflow/.local/lib/python3.7/site-packages/airflow/example_dags/example_xcomargs.py for tasks to queue
[2023-03-09T09:42:03.587+0000] {logging_mixin.py:137} INFO - [2023-03-09T09:42:03.587+0000] {dagbag.py:538} INFO - Filling up the DagBag from /home/airflow/.local/lib/python3.7/site-packages/airflow/example_dags/example_xcomargs.py
[2023-03-09T09:42:03.610+0000] {processor.py:753} INFO - DAG(s) dict_keys(['example_xcom_args', 'example_xcom_args_with_operators']) retrieved from /home/airflow/.local/lib/python3.7/site-packages/airflow/example_dags/example_xcomargs.py
[2023-03-09T09:42:03.645+0000] {logging_mixin.py:137} INFO - [2023-03-09T09:42:03.645+0000] {dag.py:2690} INFO - Sync 2 DAGs
[2023-03-09T09:42:03.681+0000] {logging_mixin.py:137} INFO - [2023-03-09T09:42:03.681+0000] {dag.py:3441} INFO - Setting next_dagrun for example_xcom_args to None, run_after=None
[2023-03-09T09:42:03.687+0000] {logging_mixin.py:137} INFO - [2023-03-09T09:42:03.686+0000] {dag.py:3441} INFO - Setting next_dagrun for example_xcom_args_with_operators to None, run_after=None
[2023-03-09T09:42:03.703+0000] {processor.py:175} INFO - Processing /home/airflow/.local/lib/python3.7/site-packages/airflow/example_dags/example_xcomargs.py took 0.126 seconds
[2023-03-09T09:42:33.848+0000] {processor.py:153} INFO - Started process (PID=3271) to work on /home/airflow/.local/lib/python3.7/site-packages/airflow/example_dags/example_xcomargs.py
[2023-03-09T09:42:33.849+0000] {processor.py:743} INFO - Processing file /home/airflow/.local/lib/python3.7/site-packages/airflow/example_dags/example_xcomargs.py for tasks to queue
[2023-03-09T09:42:33.850+0000] {logging_mixin.py:137} INFO - [2023-03-09T09:42:33.850+0000] {dagbag.py:538} INFO - Filling up the DagBag from /home/airflow/.local/lib/python3.7/site-packages/airflow/example_dags/example_xcomargs.py
[2023-03-09T09:42:33.866+0000] {processor.py:753} INFO - DAG(s) dict_keys(['example_xcom_args_with_operators', 'example_xcom_args']) retrieved from /home/airflow/.local/lib/python3.7/site-packages/airflow/example_dags/example_xcomargs.py
[2023-03-09T09:42:33.887+0000] {logging_mixin.py:137} INFO - [2023-03-09T09:42:33.887+0000] {dag.py:2690} INFO - Sync 2 DAGs
[2023-03-09T09:42:33.916+0000] {logging_mixin.py:137} INFO - [2023-03-09T09:42:33.916+0000] {dag.py:3441} INFO - Setting next_dagrun for example_xcom_args to None, run_after=None
[2023-03-09T09:42:33.919+0000] {logging_mixin.py:137} INFO - [2023-03-09T09:42:33.919+0000] {dag.py:3441} INFO - Setting next_dagrun for example_xcom_args_with_operators to None, run_after=None
[2023-03-09T09:42:33.930+0000] {processor.py:175} INFO - Processing /home/airflow/.local/lib/python3.7/site-packages/airflow/example_dags/example_xcomargs.py took 0.086 seconds
[2023-03-09T09:43:04.244+0000] {processor.py:153} INFO - Started process (PID=3349) to work on /home/airflow/.local/lib/python3.7/site-packages/airflow/example_dags/example_xcomargs.py
[2023-03-09T09:43:04.247+0000] {processor.py:743} INFO - Processing file /home/airflow/.local/lib/python3.7/site-packages/airflow/example_dags/example_xcomargs.py for tasks to queue
[2023-03-09T09:43:04.249+0000] {logging_mixin.py:137} INFO - [2023-03-09T09:43:04.248+0000] {dagbag.py:538} INFO - Filling up the DagBag from /home/airflow/.local/lib/python3.7/site-packages/airflow/example_dags/example_xcomargs.py
[2023-03-09T09:43:04.307+0000] {processor.py:753} INFO - DAG(s) dict_keys(['example_xcom_args', 'example_xcom_args_with_operators']) retrieved from /home/airflow/.local/lib/python3.7/site-packages/airflow/example_dags/example_xcomargs.py
[2023-03-09T09:43:04.348+0000] {logging_mixin.py:137} INFO - [2023-03-09T09:43:04.348+0000] {dag.py:2690} INFO - Sync 2 DAGs
[2023-03-09T09:43:04.368+0000] {logging_mixin.py:137} INFO - [2023-03-09T09:43:04.368+0000] {dag.py:3441} INFO - Setting next_dagrun for example_xcom_args to None, run_after=None
[2023-03-09T09:43:04.372+0000] {logging_mixin.py:137} INFO - [2023-03-09T09:43:04.372+0000] {dag.py:3441} INFO - Setting next_dagrun for example_xcom_args_with_operators to None, run_after=None
[2023-03-09T09:43:04.392+0000] {processor.py:175} INFO - Processing /home/airflow/.local/lib/python3.7/site-packages/airflow/example_dags/example_xcomargs.py took 0.155 seconds
[2023-03-09T09:43:34.684+0000] {processor.py:153} INFO - Started process (PID=3417) to work on /home/airflow/.local/lib/python3.7/site-packages/airflow/example_dags/example_xcomargs.py
[2023-03-09T09:43:34.685+0000] {processor.py:743} INFO - Processing file /home/airflow/.local/lib/python3.7/site-packages/airflow/example_dags/example_xcomargs.py for tasks to queue
[2023-03-09T09:43:34.686+0000] {logging_mixin.py:137} INFO - [2023-03-09T09:43:34.686+0000] {dagbag.py:538} INFO - Filling up the DagBag from /home/airflow/.local/lib/python3.7/site-packages/airflow/example_dags/example_xcomargs.py
[2023-03-09T09:43:34.701+0000] {processor.py:753} INFO - DAG(s) dict_keys(['example_xcom_args', 'example_xcom_args_with_operators']) retrieved from /home/airflow/.local/lib/python3.7/site-packages/airflow/example_dags/example_xcomargs.py
[2023-03-09T09:43:34.721+0000] {logging_mixin.py:137} INFO - [2023-03-09T09:43:34.720+0000] {dag.py:2690} INFO - Sync 2 DAGs
[2023-03-09T09:43:34.736+0000] {logging_mixin.py:137} INFO - [2023-03-09T09:43:34.736+0000] {dag.py:3441} INFO - Setting next_dagrun for example_xcom_args to None, run_after=None
[2023-03-09T09:43:34.739+0000] {logging_mixin.py:137} INFO - [2023-03-09T09:43:34.739+0000] {dag.py:3441} INFO - Setting next_dagrun for example_xcom_args_with_operators to None, run_after=None
[2023-03-09T09:43:34.749+0000] {processor.py:175} INFO - Processing /home/airflow/.local/lib/python3.7/site-packages/airflow/example_dags/example_xcomargs.py took 0.067 seconds
[2023-03-09T09:44:05.155+0000] {processor.py:153} INFO - Started process (PID=3498) to work on /home/airflow/.local/lib/python3.7/site-packages/airflow/example_dags/example_xcomargs.py
[2023-03-09T09:44:05.156+0000] {processor.py:743} INFO - Processing file /home/airflow/.local/lib/python3.7/site-packages/airflow/example_dags/example_xcomargs.py for tasks to queue
[2023-03-09T09:44:05.157+0000] {logging_mixin.py:137} INFO - [2023-03-09T09:44:05.157+0000] {dagbag.py:538} INFO - Filling up the DagBag from /home/airflow/.local/lib/python3.7/site-packages/airflow/example_dags/example_xcomargs.py
[2023-03-09T09:44:05.175+0000] {processor.py:753} INFO - DAG(s) dict_keys(['example_xcom_args_with_operators', 'example_xcom_args']) retrieved from /home/airflow/.local/lib/python3.7/site-packages/airflow/example_dags/example_xcomargs.py
[2023-03-09T09:44:05.195+0000] {logging_mixin.py:137} INFO - [2023-03-09T09:44:05.195+0000] {dag.py:2690} INFO - Sync 2 DAGs
[2023-03-09T09:44:05.212+0000] {logging_mixin.py:137} INFO - [2023-03-09T09:44:05.211+0000] {dag.py:3441} INFO - Setting next_dagrun for example_xcom_args to None, run_after=None
[2023-03-09T09:44:05.215+0000] {logging_mixin.py:137} INFO - [2023-03-09T09:44:05.215+0000] {dag.py:3441} INFO - Setting next_dagrun for example_xcom_args_with_operators to None, run_after=None
[2023-03-09T09:44:05.226+0000] {processor.py:175} INFO - Processing /home/airflow/.local/lib/python3.7/site-packages/airflow/example_dags/example_xcomargs.py took 0.074 seconds
[2023-03-09T09:44:35.429+0000] {processor.py:153} INFO - Started process (PID=3580) to work on /home/airflow/.local/lib/python3.7/site-packages/airflow/example_dags/example_xcomargs.py
[2023-03-09T09:44:35.430+0000] {processor.py:743} INFO - Processing file /home/airflow/.local/lib/python3.7/site-packages/airflow/example_dags/example_xcomargs.py for tasks to queue
[2023-03-09T09:44:35.431+0000] {logging_mixin.py:137} INFO - [2023-03-09T09:44:35.431+0000] {dagbag.py:538} INFO - Filling up the DagBag from /home/airflow/.local/lib/python3.7/site-packages/airflow/example_dags/example_xcomargs.py
[2023-03-09T09:44:35.445+0000] {processor.py:753} INFO - DAG(s) dict_keys(['example_xcom_args', 'example_xcom_args_with_operators']) retrieved from /home/airflow/.local/lib/python3.7/site-packages/airflow/example_dags/example_xcomargs.py
[2023-03-09T09:44:35.465+0000] {logging_mixin.py:137} INFO - [2023-03-09T09:44:35.465+0000] {dag.py:2690} INFO - Sync 2 DAGs
[2023-03-09T09:44:35.481+0000] {logging_mixin.py:137} INFO - [2023-03-09T09:44:35.481+0000] {dag.py:3441} INFO - Setting next_dagrun for example_xcom_args to None, run_after=None
[2023-03-09T09:44:35.484+0000] {logging_mixin.py:137} INFO - [2023-03-09T09:44:35.484+0000] {dag.py:3441} INFO - Setting next_dagrun for example_xcom_args_with_operators to None, run_after=None
[2023-03-09T09:44:35.494+0000] {processor.py:175} INFO - Processing /home/airflow/.local/lib/python3.7/site-packages/airflow/example_dags/example_xcomargs.py took 0.068 seconds
[2023-03-09T09:45:05.631+0000] {processor.py:153} INFO - Started process (PID=3646) to work on /home/airflow/.local/lib/python3.7/site-packages/airflow/example_dags/example_xcomargs.py
[2023-03-09T09:45:05.634+0000] {processor.py:743} INFO - Processing file /home/airflow/.local/lib/python3.7/site-packages/airflow/example_dags/example_xcomargs.py for tasks to queue
[2023-03-09T09:45:05.637+0000] {logging_mixin.py:137} INFO - [2023-03-09T09:45:05.637+0000] {dagbag.py:538} INFO - Filling up the DagBag from /home/airflow/.local/lib/python3.7/site-packages/airflow/example_dags/example_xcomargs.py
[2023-03-09T09:45:05.656+0000] {processor.py:753} INFO - DAG(s) dict_keys(['example_xcom_args_with_operators', 'example_xcom_args']) retrieved from /home/airflow/.local/lib/python3.7/site-packages/airflow/example_dags/example_xcomargs.py
[2023-03-09T09:45:05.683+0000] {logging_mixin.py:137} INFO - [2023-03-09T09:45:05.683+0000] {dag.py:2690} INFO - Sync 2 DAGs
[2023-03-09T09:45:05.698+0000] {logging_mixin.py:137} INFO - [2023-03-09T09:45:05.698+0000] {dag.py:3441} INFO - Setting next_dagrun for example_xcom_args to None, run_after=None
[2023-03-09T09:45:05.701+0000] {logging_mixin.py:137} INFO - [2023-03-09T09:45:05.701+0000] {dag.py:3441} INFO - Setting next_dagrun for example_xcom_args_with_operators to None, run_after=None
[2023-03-09T09:45:05.713+0000] {processor.py:175} INFO - Processing /home/airflow/.local/lib/python3.7/site-packages/airflow/example_dags/example_xcomargs.py took 0.084 seconds
[2023-03-09T09:45:36.112+0000] {processor.py:153} INFO - Started process (PID=3724) to work on /home/airflow/.local/lib/python3.7/site-packages/airflow/example_dags/example_xcomargs.py
[2023-03-09T09:45:36.113+0000] {processor.py:743} INFO - Processing file /home/airflow/.local/lib/python3.7/site-packages/airflow/example_dags/example_xcomargs.py for tasks to queue
[2023-03-09T09:45:36.114+0000] {logging_mixin.py:137} INFO - [2023-03-09T09:45:36.114+0000] {dagbag.py:538} INFO - Filling up the DagBag from /home/airflow/.local/lib/python3.7/site-packages/airflow/example_dags/example_xcomargs.py
[2023-03-09T09:45:36.129+0000] {processor.py:753} INFO - DAG(s) dict_keys(['example_xcom_args_with_operators', 'example_xcom_args']) retrieved from /home/airflow/.local/lib/python3.7/site-packages/airflow/example_dags/example_xcomargs.py
[2023-03-09T09:45:36.152+0000] {logging_mixin.py:137} INFO - [2023-03-09T09:45:36.151+0000] {dag.py:2690} INFO - Sync 2 DAGs
[2023-03-09T09:45:36.170+0000] {logging_mixin.py:137} INFO - [2023-03-09T09:45:36.170+0000] {dag.py:3441} INFO - Setting next_dagrun for example_xcom_args to None, run_after=None
[2023-03-09T09:45:36.176+0000] {logging_mixin.py:137} INFO - [2023-03-09T09:45:36.176+0000] {dag.py:3441} INFO - Setting next_dagrun for example_xcom_args_with_operators to None, run_after=None
[2023-03-09T09:45:36.188+0000] {processor.py:175} INFO - Processing /home/airflow/.local/lib/python3.7/site-packages/airflow/example_dags/example_xcomargs.py took 0.078 seconds
[2023-03-09T09:46:06.210+0000] {processor.py:153} INFO - Started process (PID=3807) to work on /home/airflow/.local/lib/python3.7/site-packages/airflow/example_dags/example_xcomargs.py
[2023-03-09T09:46:06.211+0000] {processor.py:743} INFO - Processing file /home/airflow/.local/lib/python3.7/site-packages/airflow/example_dags/example_xcomargs.py for tasks to queue
[2023-03-09T09:46:06.212+0000] {logging_mixin.py:137} INFO - [2023-03-09T09:46:06.212+0000] {dagbag.py:538} INFO - Filling up the DagBag from /home/airflow/.local/lib/python3.7/site-packages/airflow/example_dags/example_xcomargs.py
[2023-03-09T09:46:06.227+0000] {processor.py:753} INFO - DAG(s) dict_keys(['example_xcom_args_with_operators', 'example_xcom_args']) retrieved from /home/airflow/.local/lib/python3.7/site-packages/airflow/example_dags/example_xcomargs.py
[2023-03-09T09:46:06.246+0000] {logging_mixin.py:137} INFO - [2023-03-09T09:46:06.246+0000] {dag.py:2690} INFO - Sync 2 DAGs
[2023-03-09T09:46:06.263+0000] {logging_mixin.py:137} INFO - [2023-03-09T09:46:06.263+0000] {dag.py:3441} INFO - Setting next_dagrun for example_xcom_args to None, run_after=None
[2023-03-09T09:46:06.266+0000] {logging_mixin.py:137} INFO - [2023-03-09T09:46:06.266+0000] {dag.py:3441} INFO - Setting next_dagrun for example_xcom_args_with_operators to None, run_after=None
[2023-03-09T09:46:06.276+0000] {processor.py:175} INFO - Processing /home/airflow/.local/lib/python3.7/site-packages/airflow/example_dags/example_xcomargs.py took 0.068 seconds
[2023-03-09T09:46:36.677+0000] {processor.py:153} INFO - Started process (PID=3873) to work on /home/airflow/.local/lib/python3.7/site-packages/airflow/example_dags/example_xcomargs.py
[2023-03-09T09:46:36.678+0000] {processor.py:743} INFO - Processing file /home/airflow/.local/lib/python3.7/site-packages/airflow/example_dags/example_xcomargs.py for tasks to queue
[2023-03-09T09:46:36.679+0000] {logging_mixin.py:137} INFO - [2023-03-09T09:46:36.679+0000] {dagbag.py:538} INFO - Filling up the DagBag from /home/airflow/.local/lib/python3.7/site-packages/airflow/example_dags/example_xcomargs.py
[2023-03-09T09:46:36.694+0000] {processor.py:753} INFO - DAG(s) dict_keys(['example_xcom_args_with_operators', 'example_xcom_args']) retrieved from /home/airflow/.local/lib/python3.7/site-packages/airflow/example_dags/example_xcomargs.py
[2023-03-09T09:46:36.715+0000] {logging_mixin.py:137} INFO - [2023-03-09T09:46:36.715+0000] {dag.py:2690} INFO - Sync 2 DAGs
[2023-03-09T09:46:36.730+0000] {logging_mixin.py:137} INFO - [2023-03-09T09:46:36.730+0000] {dag.py:3441} INFO - Setting next_dagrun for example_xcom_args to None, run_after=None
[2023-03-09T09:46:36.733+0000] {logging_mixin.py:137} INFO - [2023-03-09T09:46:36.733+0000] {dag.py:3441} INFO - Setting next_dagrun for example_xcom_args_with_operators to None, run_after=None
[2023-03-09T09:46:36.744+0000] {processor.py:175} INFO - Processing /home/airflow/.local/lib/python3.7/site-packages/airflow/example_dags/example_xcomargs.py took 0.069 seconds
[2023-03-09T09:47:07.126+0000] {processor.py:153} INFO - Started process (PID=3956) to work on /home/airflow/.local/lib/python3.7/site-packages/airflow/example_dags/example_xcomargs.py
[2023-03-09T09:47:07.127+0000] {processor.py:743} INFO - Processing file /home/airflow/.local/lib/python3.7/site-packages/airflow/example_dags/example_xcomargs.py for tasks to queue
[2023-03-09T09:47:07.128+0000] {logging_mixin.py:137} INFO - [2023-03-09T09:47:07.128+0000] {dagbag.py:538} INFO - Filling up the DagBag from /home/airflow/.local/lib/python3.7/site-packages/airflow/example_dags/example_xcomargs.py
[2023-03-09T09:47:07.144+0000] {processor.py:753} INFO - DAG(s) dict_keys(['example_xcom_args', 'example_xcom_args_with_operators']) retrieved from /home/airflow/.local/lib/python3.7/site-packages/airflow/example_dags/example_xcomargs.py
[2023-03-09T09:47:07.164+0000] {logging_mixin.py:137} INFO - [2023-03-09T09:47:07.164+0000] {dag.py:2690} INFO - Sync 2 DAGs
[2023-03-09T09:47:07.179+0000] {logging_mixin.py:137} INFO - [2023-03-09T09:47:07.179+0000] {dag.py:3441} INFO - Setting next_dagrun for example_xcom_args to None, run_after=None
[2023-03-09T09:47:07.182+0000] {logging_mixin.py:137} INFO - [2023-03-09T09:47:07.182+0000] {dag.py:3441} INFO - Setting next_dagrun for example_xcom_args_with_operators to None, run_after=None
[2023-03-09T09:47:07.192+0000] {processor.py:175} INFO - Processing /home/airflow/.local/lib/python3.7/site-packages/airflow/example_dags/example_xcomargs.py took 0.069 seconds
[2023-03-09T09:47:37.397+0000] {processor.py:153} INFO - Started process (PID=4035) to work on /home/airflow/.local/lib/python3.7/site-packages/airflow/example_dags/example_xcomargs.py
[2023-03-09T09:47:37.400+0000] {processor.py:743} INFO - Processing file /home/airflow/.local/lib/python3.7/site-packages/airflow/example_dags/example_xcomargs.py for tasks to queue
[2023-03-09T09:47:37.402+0000] {logging_mixin.py:137} INFO - [2023-03-09T09:47:37.402+0000] {dagbag.py:538} INFO - Filling up the DagBag from /home/airflow/.local/lib/python3.7/site-packages/airflow/example_dags/example_xcomargs.py
[2023-03-09T09:47:37.429+0000] {processor.py:753} INFO - DAG(s) dict_keys(['example_xcom_args', 'example_xcom_args_with_operators']) retrieved from /home/airflow/.local/lib/python3.7/site-packages/airflow/example_dags/example_xcomargs.py
[2023-03-09T09:47:37.453+0000] {logging_mixin.py:137} INFO - [2023-03-09T09:47:37.452+0000] {dag.py:2690} INFO - Sync 2 DAGs
[2023-03-09T09:47:37.475+0000] {logging_mixin.py:137} INFO - [2023-03-09T09:47:37.474+0000] {dag.py:3441} INFO - Setting next_dagrun for example_xcom_args to None, run_after=None
[2023-03-09T09:47:37.488+0000] {logging_mixin.py:137} INFO - [2023-03-09T09:47:37.488+0000] {dag.py:3441} INFO - Setting next_dagrun for example_xcom_args_with_operators to None, run_after=None
[2023-03-09T09:47:37.510+0000] {processor.py:175} INFO - Processing /home/airflow/.local/lib/python3.7/site-packages/airflow/example_dags/example_xcomargs.py took 0.117 seconds
[2023-03-09T09:48:07.811+0000] {processor.py:153} INFO - Started process (PID=4099) to work on /home/airflow/.local/lib/python3.7/site-packages/airflow/example_dags/example_xcomargs.py
[2023-03-09T09:48:07.813+0000] {processor.py:743} INFO - Processing file /home/airflow/.local/lib/python3.7/site-packages/airflow/example_dags/example_xcomargs.py for tasks to queue
[2023-03-09T09:48:07.814+0000] {logging_mixin.py:137} INFO - [2023-03-09T09:48:07.814+0000] {dagbag.py:538} INFO - Filling up the DagBag from /home/airflow/.local/lib/python3.7/site-packages/airflow/example_dags/example_xcomargs.py
[2023-03-09T09:48:07.828+0000] {processor.py:753} INFO - DAG(s) dict_keys(['example_xcom_args', 'example_xcom_args_with_operators']) retrieved from /home/airflow/.local/lib/python3.7/site-packages/airflow/example_dags/example_xcomargs.py
[2023-03-09T09:48:07.848+0000] {logging_mixin.py:137} INFO - [2023-03-09T09:48:07.848+0000] {dag.py:2690} INFO - Sync 2 DAGs
[2023-03-09T09:48:07.864+0000] {logging_mixin.py:137} INFO - [2023-03-09T09:48:07.864+0000] {dag.py:3441} INFO - Setting next_dagrun for example_xcom_args to None, run_after=None
[2023-03-09T09:48:07.868+0000] {logging_mixin.py:137} INFO - [2023-03-09T09:48:07.868+0000] {dag.py:3441} INFO - Setting next_dagrun for example_xcom_args_with_operators to None, run_after=None
[2023-03-09T09:48:07.880+0000] {processor.py:175} INFO - Processing /home/airflow/.local/lib/python3.7/site-packages/airflow/example_dags/example_xcomargs.py took 0.071 seconds
[2023-03-09T09:48:38.086+0000] {processor.py:153} INFO - Started process (PID=4174) to work on /home/airflow/.local/lib/python3.7/site-packages/airflow/example_dags/example_xcomargs.py
[2023-03-09T09:48:38.087+0000] {processor.py:743} INFO - Processing file /home/airflow/.local/lib/python3.7/site-packages/airflow/example_dags/example_xcomargs.py for tasks to queue
[2023-03-09T09:48:38.088+0000] {logging_mixin.py:137} INFO - [2023-03-09T09:48:38.088+0000] {dagbag.py:538} INFO - Filling up the DagBag from /home/airflow/.local/lib/python3.7/site-packages/airflow/example_dags/example_xcomargs.py
[2023-03-09T09:48:38.103+0000] {processor.py:753} INFO - DAG(s) dict_keys(['example_xcom_args', 'example_xcom_args_with_operators']) retrieved from /home/airflow/.local/lib/python3.7/site-packages/airflow/example_dags/example_xcomargs.py
[2023-03-09T09:48:38.123+0000] {logging_mixin.py:137} INFO - [2023-03-09T09:48:38.123+0000] {dag.py:2690} INFO - Sync 2 DAGs
[2023-03-09T09:48:38.139+0000] {logging_mixin.py:137} INFO - [2023-03-09T09:48:38.139+0000] {dag.py:3441} INFO - Setting next_dagrun for example_xcom_args to None, run_after=None
[2023-03-09T09:48:38.141+0000] {logging_mixin.py:137} INFO - [2023-03-09T09:48:38.141+0000] {dag.py:3441} INFO - Setting next_dagrun for example_xcom_args_with_operators to None, run_after=None
[2023-03-09T09:48:38.153+0000] {processor.py:175} INFO - Processing /home/airflow/.local/lib/python3.7/site-packages/airflow/example_dags/example_xcomargs.py took 0.069 seconds
[2023-03-09T09:49:08.362+0000] {processor.py:153} INFO - Started process (PID=4242) to work on /home/airflow/.local/lib/python3.7/site-packages/airflow/example_dags/example_xcomargs.py
[2023-03-09T09:49:08.364+0000] {processor.py:743} INFO - Processing file /home/airflow/.local/lib/python3.7/site-packages/airflow/example_dags/example_xcomargs.py for tasks to queue
[2023-03-09T09:49:08.366+0000] {logging_mixin.py:137} INFO - [2023-03-09T09:49:08.366+0000] {dagbag.py:538} INFO - Filling up the DagBag from /home/airflow/.local/lib/python3.7/site-packages/airflow/example_dags/example_xcomargs.py
[2023-03-09T09:49:08.382+0000] {processor.py:753} INFO - DAG(s) dict_keys(['example_xcom_args', 'example_xcom_args_with_operators']) retrieved from /home/airflow/.local/lib/python3.7/site-packages/airflow/example_dags/example_xcomargs.py
[2023-03-09T09:49:08.405+0000] {logging_mixin.py:137} INFO - [2023-03-09T09:49:08.405+0000] {dag.py:2690} INFO - Sync 2 DAGs
[2023-03-09T09:49:08.424+0000] {logging_mixin.py:137} INFO - [2023-03-09T09:49:08.423+0000] {dag.py:3441} INFO - Setting next_dagrun for example_xcom_args to None, run_after=None
[2023-03-09T09:49:08.427+0000] {logging_mixin.py:137} INFO - [2023-03-09T09:49:08.427+0000] {dag.py:3441} INFO - Setting next_dagrun for example_xcom_args_with_operators to None, run_after=None
[2023-03-09T09:49:08.438+0000] {processor.py:175} INFO - Processing /home/airflow/.local/lib/python3.7/site-packages/airflow/example_dags/example_xcomargs.py took 0.079 seconds
[2023-03-09T09:49:38.854+0000] {processor.py:153} INFO - Started process (PID=4325) to work on /home/airflow/.local/lib/python3.7/site-packages/airflow/example_dags/example_xcomargs.py
[2023-03-09T09:49:38.856+0000] {processor.py:743} INFO - Processing file /home/airflow/.local/lib/python3.7/site-packages/airflow/example_dags/example_xcomargs.py for tasks to queue
[2023-03-09T09:49:38.858+0000] {logging_mixin.py:137} INFO - [2023-03-09T09:49:38.858+0000] {dagbag.py:538} INFO - Filling up the DagBag from /home/airflow/.local/lib/python3.7/site-packages/airflow/example_dags/example_xcomargs.py
[2023-03-09T09:49:38.877+0000] {processor.py:753} INFO - DAG(s) dict_keys(['example_xcom_args_with_operators', 'example_xcom_args']) retrieved from /home/airflow/.local/lib/python3.7/site-packages/airflow/example_dags/example_xcomargs.py
[2023-03-09T09:49:38.899+0000] {logging_mixin.py:137} INFO - [2023-03-09T09:49:38.898+0000] {dag.py:2690} INFO - Sync 2 DAGs
[2023-03-09T09:49:38.914+0000] {logging_mixin.py:137} INFO - [2023-03-09T09:49:38.914+0000] {dag.py:3441} INFO - Setting next_dagrun for example_xcom_args to None, run_after=None
[2023-03-09T09:49:38.918+0000] {logging_mixin.py:137} INFO - [2023-03-09T09:49:38.918+0000] {dag.py:3441} INFO - Setting next_dagrun for example_xcom_args_with_operators to None, run_after=None
[2023-03-09T09:49:38.929+0000] {processor.py:175} INFO - Processing /home/airflow/.local/lib/python3.7/site-packages/airflow/example_dags/example_xcomargs.py took 0.078 seconds
[2023-03-09T09:50:09.271+0000] {processor.py:153} INFO - Started process (PID=4404) to work on /home/airflow/.local/lib/python3.7/site-packages/airflow/example_dags/example_xcomargs.py
[2023-03-09T09:50:09.274+0000] {processor.py:743} INFO - Processing file /home/airflow/.local/lib/python3.7/site-packages/airflow/example_dags/example_xcomargs.py for tasks to queue
[2023-03-09T09:50:09.278+0000] {logging_mixin.py:137} INFO - [2023-03-09T09:50:09.278+0000] {dagbag.py:538} INFO - Filling up the DagBag from /home/airflow/.local/lib/python3.7/site-packages/airflow/example_dags/example_xcomargs.py
[2023-03-09T09:50:09.310+0000] {processor.py:753} INFO - DAG(s) dict_keys(['example_xcom_args', 'example_xcom_args_with_operators']) retrieved from /home/airflow/.local/lib/python3.7/site-packages/airflow/example_dags/example_xcomargs.py
[2023-03-09T09:50:09.357+0000] {logging_mixin.py:137} INFO - [2023-03-09T09:50:09.357+0000] {dag.py:2690} INFO - Sync 2 DAGs
[2023-03-09T09:50:09.388+0000] {logging_mixin.py:137} INFO - [2023-03-09T09:50:09.388+0000] {dag.py:3441} INFO - Setting next_dagrun for example_xcom_args to None, run_after=None
[2023-03-09T09:50:09.392+0000] {logging_mixin.py:137} INFO - [2023-03-09T09:50:09.392+0000] {dag.py:3441} INFO - Setting next_dagrun for example_xcom_args_with_operators to None, run_after=None
[2023-03-09T09:50:09.407+0000] {processor.py:175} INFO - Processing /home/airflow/.local/lib/python3.7/site-packages/airflow/example_dags/example_xcomargs.py took 0.142 seconds
