[2023-03-09T09:02:19.736+0000] {processor.py:153} INFO - Started process (PID=66) to work on /home/airflow/.local/lib/python3.7/site-packages/airflow/example_dags/example_latest_only.py
[2023-03-09T09:02:19.750+0000] {processor.py:743} INFO - Processing file /home/airflow/.local/lib/python3.7/site-packages/airflow/example_dags/example_latest_only.py for tasks to queue
[2023-03-09T09:02:19.753+0000] {logging_mixin.py:137} INFO - [2023-03-09T09:02:19.752+0000] {dagbag.py:538} INFO - Filling up the DagBag from /home/airflow/.local/lib/python3.7/site-packages/airflow/example_dags/example_latest_only.py
[2023-03-09T09:02:19.821+0000] {processor.py:753} INFO - DAG(s) dict_keys(['latest_only']) retrieved from /home/airflow/.local/lib/python3.7/site-packages/airflow/example_dags/example_latest_only.py
[2023-03-09T09:02:19.865+0000] {logging_mixin.py:137} INFO - [2023-03-09T09:02:19.864+0000] {dag.py:2690} INFO - Sync 1 DAGs
[2023-03-09T09:02:19.965+0000] {logging_mixin.py:137} INFO - [2023-03-09T09:02:19.965+0000] {dag.py:3441} INFO - Setting next_dagrun for latest_only to 2023-03-09T05:02:19.965305+00:00, run_after=2023-03-09T09:02:19.965305+00:00
[2023-03-09T09:02:20.006+0000] {processor.py:175} INFO - Processing /home/airflow/.local/lib/python3.7/site-packages/airflow/example_dags/example_latest_only.py took 0.284 seconds
[2023-03-09T09:02:50.398+0000] {processor.py:153} INFO - Started process (PID=132) to work on /home/airflow/.local/lib/python3.7/site-packages/airflow/example_dags/example_latest_only.py
[2023-03-09T09:02:50.400+0000] {processor.py:743} INFO - Processing file /home/airflow/.local/lib/python3.7/site-packages/airflow/example_dags/example_latest_only.py for tasks to queue
[2023-03-09T09:02:50.401+0000] {logging_mixin.py:137} INFO - [2023-03-09T09:02:50.401+0000] {dagbag.py:538} INFO - Filling up the DagBag from /home/airflow/.local/lib/python3.7/site-packages/airflow/example_dags/example_latest_only.py
[2023-03-09T09:02:50.413+0000] {processor.py:753} INFO - DAG(s) dict_keys(['latest_only']) retrieved from /home/airflow/.local/lib/python3.7/site-packages/airflow/example_dags/example_latest_only.py
[2023-03-09T09:02:50.431+0000] {logging_mixin.py:137} INFO - [2023-03-09T09:02:50.431+0000] {dag.py:2690} INFO - Sync 1 DAGs
[2023-03-09T09:02:50.448+0000] {logging_mixin.py:137} INFO - [2023-03-09T09:02:50.448+0000] {dag.py:3441} INFO - Setting next_dagrun for latest_only to 2023-03-09T05:02:50.448304+00:00, run_after=2023-03-09T09:02:50.448304+00:00
[2023-03-09T09:02:50.461+0000] {processor.py:175} INFO - Processing /home/airflow/.local/lib/python3.7/site-packages/airflow/example_dags/example_latest_only.py took 0.066 seconds
[2023-03-09T09:03:21.041+0000] {processor.py:153} INFO - Started process (PID=213) to work on /home/airflow/.local/lib/python3.7/site-packages/airflow/example_dags/example_latest_only.py
[2023-03-09T09:03:21.053+0000] {processor.py:743} INFO - Processing file /home/airflow/.local/lib/python3.7/site-packages/airflow/example_dags/example_latest_only.py for tasks to queue
[2023-03-09T09:03:21.071+0000] {logging_mixin.py:137} INFO - [2023-03-09T09:03:21.071+0000] {dagbag.py:538} INFO - Filling up the DagBag from /home/airflow/.local/lib/python3.7/site-packages/airflow/example_dags/example_latest_only.py
[2023-03-09T09:03:21.083+0000] {processor.py:753} INFO - DAG(s) dict_keys(['latest_only']) retrieved from /home/airflow/.local/lib/python3.7/site-packages/airflow/example_dags/example_latest_only.py
[2023-03-09T09:03:21.125+0000] {logging_mixin.py:137} INFO - [2023-03-09T09:03:21.125+0000] {dag.py:2690} INFO - Sync 1 DAGs
[2023-03-09T09:03:21.142+0000] {logging_mixin.py:137} INFO - [2023-03-09T09:03:21.142+0000] {dag.py:3441} INFO - Setting next_dagrun for latest_only to 2023-03-09T05:03:21.142207+00:00, run_after=2023-03-09T09:03:21.142207+00:00
[2023-03-09T09:03:21.153+0000] {processor.py:175} INFO - Processing /home/airflow/.local/lib/python3.7/site-packages/airflow/example_dags/example_latest_only.py took 0.115 seconds
[2023-03-09T09:03:51.278+0000] {processor.py:153} INFO - Started process (PID=278) to work on /home/airflow/.local/lib/python3.7/site-packages/airflow/example_dags/example_latest_only.py
[2023-03-09T09:03:51.280+0000] {processor.py:743} INFO - Processing file /home/airflow/.local/lib/python3.7/site-packages/airflow/example_dags/example_latest_only.py for tasks to queue
[2023-03-09T09:03:51.281+0000] {logging_mixin.py:137} INFO - [2023-03-09T09:03:51.281+0000] {dagbag.py:538} INFO - Filling up the DagBag from /home/airflow/.local/lib/python3.7/site-packages/airflow/example_dags/example_latest_only.py
[2023-03-09T09:03:51.291+0000] {processor.py:753} INFO - DAG(s) dict_keys(['latest_only']) retrieved from /home/airflow/.local/lib/python3.7/site-packages/airflow/example_dags/example_latest_only.py
[2023-03-09T09:03:51.309+0000] {logging_mixin.py:137} INFO - [2023-03-09T09:03:51.308+0000] {dag.py:2690} INFO - Sync 1 DAGs
[2023-03-09T09:03:51.323+0000] {logging_mixin.py:137} INFO - [2023-03-09T09:03:51.323+0000] {dag.py:3441} INFO - Setting next_dagrun for latest_only to 2023-03-09T05:03:51.323644+00:00, run_after=2023-03-09T09:03:51.323644+00:00
[2023-03-09T09:03:51.336+0000] {processor.py:175} INFO - Processing /home/airflow/.local/lib/python3.7/site-packages/airflow/example_dags/example_latest_only.py took 0.060 seconds
[2023-03-09T09:20:47.772+0000] {processor.py:153} INFO - Started process (PID=66) to work on /home/airflow/.local/lib/python3.7/site-packages/airflow/example_dags/example_latest_only.py
[2023-03-09T09:20:47.780+0000] {processor.py:743} INFO - Processing file /home/airflow/.local/lib/python3.7/site-packages/airflow/example_dags/example_latest_only.py for tasks to queue
[2023-03-09T09:20:47.783+0000] {logging_mixin.py:137} INFO - [2023-03-09T09:20:47.783+0000] {dagbag.py:538} INFO - Filling up the DagBag from /home/airflow/.local/lib/python3.7/site-packages/airflow/example_dags/example_latest_only.py
[2023-03-09T09:20:47.833+0000] {processor.py:753} INFO - DAG(s) dict_keys(['latest_only']) retrieved from /home/airflow/.local/lib/python3.7/site-packages/airflow/example_dags/example_latest_only.py
[2023-03-09T09:20:48.031+0000] {logging_mixin.py:137} INFO - [2023-03-09T09:20:48.031+0000] {manager.py:504} INFO - Created Permission View: can read on DAG:latest_only
[2023-03-09T09:20:48.058+0000] {logging_mixin.py:137} INFO - [2023-03-09T09:20:48.057+0000] {manager.py:504} INFO - Created Permission View: can edit on DAG:latest_only
[2023-03-09T09:20:48.079+0000] {logging_mixin.py:137} INFO - [2023-03-09T09:20:48.079+0000] {manager.py:504} INFO - Created Permission View: can delete on DAG:latest_only
[2023-03-09T09:20:48.083+0000] {logging_mixin.py:137} INFO - [2023-03-09T09:20:48.082+0000] {dag.py:2690} INFO - Sync 1 DAGs
[2023-03-09T09:20:48.171+0000] {logging_mixin.py:137} INFO - [2023-03-09T09:20:48.171+0000] {dag.py:2711} INFO - Creating ORM DAG for latest_only
[2023-03-09T09:20:48.197+0000] {logging_mixin.py:137} INFO - [2023-03-09T09:20:48.197+0000] {dag.py:3441} INFO - Setting next_dagrun for latest_only to 2023-03-09T05:20:48.197000+00:00, run_after=2023-03-09T09:20:48.197000+00:00
[2023-03-09T09:20:48.276+0000] {processor.py:175} INFO - Processing /home/airflow/.local/lib/python3.7/site-packages/airflow/example_dags/example_latest_only.py took 0.509 seconds
[2023-03-09T09:21:18.743+0000] {processor.py:153} INFO - Started process (PID=131) to work on /home/airflow/.local/lib/python3.7/site-packages/airflow/example_dags/example_latest_only.py
[2023-03-09T09:21:18.749+0000] {processor.py:743} INFO - Processing file /home/airflow/.local/lib/python3.7/site-packages/airflow/example_dags/example_latest_only.py for tasks to queue
[2023-03-09T09:21:18.798+0000] {logging_mixin.py:137} INFO - [2023-03-09T09:21:18.787+0000] {dagbag.py:538} INFO - Filling up the DagBag from /home/airflow/.local/lib/python3.7/site-packages/airflow/example_dags/example_latest_only.py
[2023-03-09T09:21:18.849+0000] {processor.py:753} INFO - DAG(s) dict_keys(['latest_only']) retrieved from /home/airflow/.local/lib/python3.7/site-packages/airflow/example_dags/example_latest_only.py
[2023-03-09T09:21:18.873+0000] {logging_mixin.py:137} INFO - [2023-03-09T09:21:18.873+0000] {dag.py:2690} INFO - Sync 1 DAGs
[2023-03-09T09:21:18.895+0000] {logging_mixin.py:137} INFO - [2023-03-09T09:21:18.894+0000] {dag.py:3441} INFO - Setting next_dagrun for latest_only to 2023-03-09T05:21:18.894671+00:00, run_after=2023-03-09T09:21:18.894671+00:00
[2023-03-09T09:21:18.913+0000] {processor.py:175} INFO - Processing /home/airflow/.local/lib/python3.7/site-packages/airflow/example_dags/example_latest_only.py took 0.174 seconds
[2023-03-09T09:21:49.632+0000] {processor.py:153} INFO - Started process (PID=213) to work on /home/airflow/.local/lib/python3.7/site-packages/airflow/example_dags/example_latest_only.py
[2023-03-09T09:21:49.634+0000] {processor.py:743} INFO - Processing file /home/airflow/.local/lib/python3.7/site-packages/airflow/example_dags/example_latest_only.py for tasks to queue
[2023-03-09T09:21:49.635+0000] {logging_mixin.py:137} INFO - [2023-03-09T09:21:49.635+0000] {dagbag.py:538} INFO - Filling up the DagBag from /home/airflow/.local/lib/python3.7/site-packages/airflow/example_dags/example_latest_only.py
[2023-03-09T09:21:49.655+0000] {processor.py:753} INFO - DAG(s) dict_keys(['latest_only']) retrieved from /home/airflow/.local/lib/python3.7/site-packages/airflow/example_dags/example_latest_only.py
[2023-03-09T09:21:49.674+0000] {logging_mixin.py:137} INFO - [2023-03-09T09:21:49.674+0000] {dag.py:2690} INFO - Sync 1 DAGs
[2023-03-09T09:21:49.692+0000] {logging_mixin.py:137} INFO - [2023-03-09T09:21:49.692+0000] {dag.py:3441} INFO - Setting next_dagrun for latest_only to 2023-03-09T05:21:49.692171+00:00, run_after=2023-03-09T09:21:49.692171+00:00
[2023-03-09T09:21:49.706+0000] {processor.py:175} INFO - Processing /home/airflow/.local/lib/python3.7/site-packages/airflow/example_dags/example_latest_only.py took 0.076 seconds
[2023-03-09T09:22:20.048+0000] {processor.py:153} INFO - Started process (PID=278) to work on /home/airflow/.local/lib/python3.7/site-packages/airflow/example_dags/example_latest_only.py
[2023-03-09T09:22:20.050+0000] {processor.py:743} INFO - Processing file /home/airflow/.local/lib/python3.7/site-packages/airflow/example_dags/example_latest_only.py for tasks to queue
[2023-03-09T09:22:20.051+0000] {logging_mixin.py:137} INFO - [2023-03-09T09:22:20.051+0000] {dagbag.py:538} INFO - Filling up the DagBag from /home/airflow/.local/lib/python3.7/site-packages/airflow/example_dags/example_latest_only.py
[2023-03-09T09:22:20.061+0000] {processor.py:753} INFO - DAG(s) dict_keys(['latest_only']) retrieved from /home/airflow/.local/lib/python3.7/site-packages/airflow/example_dags/example_latest_only.py
[2023-03-09T09:22:20.080+0000] {logging_mixin.py:137} INFO - [2023-03-09T09:22:20.080+0000] {dag.py:2690} INFO - Sync 1 DAGs
[2023-03-09T09:22:20.097+0000] {logging_mixin.py:137} INFO - [2023-03-09T09:22:20.097+0000] {dag.py:3441} INFO - Setting next_dagrun for latest_only to 2023-03-09T05:22:20.096850+00:00, run_after=2023-03-09T09:22:20.096850+00:00
[2023-03-09T09:22:20.108+0000] {processor.py:175} INFO - Processing /home/airflow/.local/lib/python3.7/site-packages/airflow/example_dags/example_latest_only.py took 0.063 seconds
[2023-03-09T09:22:50.357+0000] {processor.py:153} INFO - Started process (PID=355) to work on /home/airflow/.local/lib/python3.7/site-packages/airflow/example_dags/example_latest_only.py
[2023-03-09T09:22:50.359+0000] {processor.py:743} INFO - Processing file /home/airflow/.local/lib/python3.7/site-packages/airflow/example_dags/example_latest_only.py for tasks to queue
[2023-03-09T09:22:50.363+0000] {logging_mixin.py:137} INFO - [2023-03-09T09:22:50.363+0000] {dagbag.py:538} INFO - Filling up the DagBag from /home/airflow/.local/lib/python3.7/site-packages/airflow/example_dags/example_latest_only.py
[2023-03-09T09:22:50.375+0000] {processor.py:753} INFO - DAG(s) dict_keys(['latest_only']) retrieved from /home/airflow/.local/lib/python3.7/site-packages/airflow/example_dags/example_latest_only.py
[2023-03-09T09:22:50.399+0000] {logging_mixin.py:137} INFO - [2023-03-09T09:22:50.399+0000] {dag.py:2690} INFO - Sync 1 DAGs
[2023-03-09T09:22:50.420+0000] {logging_mixin.py:137} INFO - [2023-03-09T09:22:50.419+0000] {dag.py:3441} INFO - Setting next_dagrun for latest_only to 2023-03-09T05:22:50.419772+00:00, run_after=2023-03-09T09:22:50.419772+00:00
[2023-03-09T09:22:50.432+0000] {processor.py:175} INFO - Processing /home/airflow/.local/lib/python3.7/site-packages/airflow/example_dags/example_latest_only.py took 0.078 seconds
[2023-03-09T09:23:20.723+0000] {processor.py:153} INFO - Started process (PID=436) to work on /home/airflow/.local/lib/python3.7/site-packages/airflow/example_dags/example_latest_only.py
[2023-03-09T09:23:20.725+0000] {processor.py:743} INFO - Processing file /home/airflow/.local/lib/python3.7/site-packages/airflow/example_dags/example_latest_only.py for tasks to queue
[2023-03-09T09:23:20.727+0000] {logging_mixin.py:137} INFO - [2023-03-09T09:23:20.727+0000] {dagbag.py:538} INFO - Filling up the DagBag from /home/airflow/.local/lib/python3.7/site-packages/airflow/example_dags/example_latest_only.py
[2023-03-09T09:23:20.739+0000] {processor.py:753} INFO - DAG(s) dict_keys(['latest_only']) retrieved from /home/airflow/.local/lib/python3.7/site-packages/airflow/example_dags/example_latest_only.py
[2023-03-09T09:23:20.757+0000] {logging_mixin.py:137} INFO - [2023-03-09T09:23:20.757+0000] {dag.py:2690} INFO - Sync 1 DAGs
[2023-03-09T09:23:20.774+0000] {logging_mixin.py:137} INFO - [2023-03-09T09:23:20.774+0000] {dag.py:3441} INFO - Setting next_dagrun for latest_only to 2023-03-09T05:23:20.774210+00:00, run_after=2023-03-09T09:23:20.774210+00:00
[2023-03-09T09:23:20.787+0000] {processor.py:175} INFO - Processing /home/airflow/.local/lib/python3.7/site-packages/airflow/example_dags/example_latest_only.py took 0.067 seconds
[2023-03-09T09:23:50.861+0000] {processor.py:153} INFO - Started process (PID=509) to work on /home/airflow/.local/lib/python3.7/site-packages/airflow/example_dags/example_latest_only.py
[2023-03-09T09:23:50.864+0000] {processor.py:743} INFO - Processing file /home/airflow/.local/lib/python3.7/site-packages/airflow/example_dags/example_latest_only.py for tasks to queue
[2023-03-09T09:23:50.865+0000] {logging_mixin.py:137} INFO - [2023-03-09T09:23:50.865+0000] {dagbag.py:538} INFO - Filling up the DagBag from /home/airflow/.local/lib/python3.7/site-packages/airflow/example_dags/example_latest_only.py
[2023-03-09T09:23:50.874+0000] {processor.py:753} INFO - DAG(s) dict_keys(['latest_only']) retrieved from /home/airflow/.local/lib/python3.7/site-packages/airflow/example_dags/example_latest_only.py
[2023-03-09T09:23:50.894+0000] {logging_mixin.py:137} INFO - [2023-03-09T09:23:50.894+0000] {dag.py:2690} INFO - Sync 1 DAGs
[2023-03-09T09:23:50.910+0000] {logging_mixin.py:137} INFO - [2023-03-09T09:23:50.910+0000] {dag.py:3441} INFO - Setting next_dagrun for latest_only to 2023-03-09T05:23:50.910253+00:00, run_after=2023-03-09T09:23:50.910253+00:00
[2023-03-09T09:23:50.922+0000] {processor.py:175} INFO - Processing /home/airflow/.local/lib/python3.7/site-packages/airflow/example_dags/example_latest_only.py took 0.064 seconds
[2023-03-09T09:24:21.103+0000] {processor.py:153} INFO - Started process (PID=584) to work on /home/airflow/.local/lib/python3.7/site-packages/airflow/example_dags/example_latest_only.py
[2023-03-09T09:24:21.104+0000] {processor.py:743} INFO - Processing file /home/airflow/.local/lib/python3.7/site-packages/airflow/example_dags/example_latest_only.py for tasks to queue
[2023-03-09T09:24:21.106+0000] {logging_mixin.py:137} INFO - [2023-03-09T09:24:21.106+0000] {dagbag.py:538} INFO - Filling up the DagBag from /home/airflow/.local/lib/python3.7/site-packages/airflow/example_dags/example_latest_only.py
[2023-03-09T09:24:21.120+0000] {processor.py:753} INFO - DAG(s) dict_keys(['latest_only']) retrieved from /home/airflow/.local/lib/python3.7/site-packages/airflow/example_dags/example_latest_only.py
[2023-03-09T09:24:21.148+0000] {logging_mixin.py:137} INFO - [2023-03-09T09:24:21.147+0000] {dag.py:2690} INFO - Sync 1 DAGs
[2023-03-09T09:24:21.170+0000] {logging_mixin.py:137} INFO - [2023-03-09T09:24:21.170+0000] {dag.py:3441} INFO - Setting next_dagrun for latest_only to 2023-03-09T05:24:21.170148+00:00, run_after=2023-03-09T09:24:21.170148+00:00
[2023-03-09T09:24:21.191+0000] {processor.py:175} INFO - Processing /home/airflow/.local/lib/python3.7/site-packages/airflow/example_dags/example_latest_only.py took 0.091 seconds
[2023-03-09T09:24:52.042+0000] {processor.py:153} INFO - Started process (PID=661) to work on /home/airflow/.local/lib/python3.7/site-packages/airflow/example_dags/example_latest_only.py
[2023-03-09T09:24:52.044+0000] {processor.py:743} INFO - Processing file /home/airflow/.local/lib/python3.7/site-packages/airflow/example_dags/example_latest_only.py for tasks to queue
[2023-03-09T09:24:52.045+0000] {logging_mixin.py:137} INFO - [2023-03-09T09:24:52.045+0000] {dagbag.py:538} INFO - Filling up the DagBag from /home/airflow/.local/lib/python3.7/site-packages/airflow/example_dags/example_latest_only.py
[2023-03-09T09:24:52.057+0000] {processor.py:753} INFO - DAG(s) dict_keys(['latest_only']) retrieved from /home/airflow/.local/lib/python3.7/site-packages/airflow/example_dags/example_latest_only.py
[2023-03-09T09:24:52.076+0000] {logging_mixin.py:137} INFO - [2023-03-09T09:24:52.076+0000] {dag.py:2690} INFO - Sync 1 DAGs
[2023-03-09T09:24:52.094+0000] {logging_mixin.py:137} INFO - [2023-03-09T09:24:52.094+0000] {dag.py:3441} INFO - Setting next_dagrun for latest_only to 2023-03-09T05:24:52.094263+00:00, run_after=2023-03-09T09:24:52.094263+00:00
[2023-03-09T09:24:52.108+0000] {processor.py:175} INFO - Processing /home/airflow/.local/lib/python3.7/site-packages/airflow/example_dags/example_latest_only.py took 0.069 seconds
[2023-03-09T09:25:22.184+0000] {processor.py:153} INFO - Started process (PID=726) to work on /home/airflow/.local/lib/python3.7/site-packages/airflow/example_dags/example_latest_only.py
[2023-03-09T09:25:22.185+0000] {processor.py:743} INFO - Processing file /home/airflow/.local/lib/python3.7/site-packages/airflow/example_dags/example_latest_only.py for tasks to queue
[2023-03-09T09:25:22.188+0000] {logging_mixin.py:137} INFO - [2023-03-09T09:25:22.188+0000] {dagbag.py:538} INFO - Filling up the DagBag from /home/airflow/.local/lib/python3.7/site-packages/airflow/example_dags/example_latest_only.py
[2023-03-09T09:25:22.198+0000] {processor.py:753} INFO - DAG(s) dict_keys(['latest_only']) retrieved from /home/airflow/.local/lib/python3.7/site-packages/airflow/example_dags/example_latest_only.py
[2023-03-09T09:25:22.218+0000] {logging_mixin.py:137} INFO - [2023-03-09T09:25:22.218+0000] {dag.py:2690} INFO - Sync 1 DAGs
[2023-03-09T09:25:22.235+0000] {logging_mixin.py:137} INFO - [2023-03-09T09:25:22.235+0000] {dag.py:3441} INFO - Setting next_dagrun for latest_only to 2023-03-09T05:25:22.234914+00:00, run_after=2023-03-09T09:25:22.234914+00:00
[2023-03-09T09:25:22.249+0000] {processor.py:175} INFO - Processing /home/airflow/.local/lib/python3.7/site-packages/airflow/example_dags/example_latest_only.py took 0.068 seconds
[2023-03-09T09:25:52.806+0000] {processor.py:153} INFO - Started process (PID=807) to work on /home/airflow/.local/lib/python3.7/site-packages/airflow/example_dags/example_latest_only.py
[2023-03-09T09:25:52.808+0000] {processor.py:743} INFO - Processing file /home/airflow/.local/lib/python3.7/site-packages/airflow/example_dags/example_latest_only.py for tasks to queue
[2023-03-09T09:25:52.809+0000] {logging_mixin.py:137} INFO - [2023-03-09T09:25:52.809+0000] {dagbag.py:538} INFO - Filling up the DagBag from /home/airflow/.local/lib/python3.7/site-packages/airflow/example_dags/example_latest_only.py
[2023-03-09T09:25:52.820+0000] {processor.py:753} INFO - DAG(s) dict_keys(['latest_only']) retrieved from /home/airflow/.local/lib/python3.7/site-packages/airflow/example_dags/example_latest_only.py
[2023-03-09T09:25:52.838+0000] {logging_mixin.py:137} INFO - [2023-03-09T09:25:52.838+0000] {dag.py:2690} INFO - Sync 1 DAGs
[2023-03-09T09:25:52.855+0000] {logging_mixin.py:137} INFO - [2023-03-09T09:25:52.855+0000] {dag.py:3441} INFO - Setting next_dagrun for latest_only to 2023-03-09T05:25:52.855691+00:00, run_after=2023-03-09T09:25:52.855691+00:00
[2023-03-09T09:25:52.868+0000] {processor.py:175} INFO - Processing /home/airflow/.local/lib/python3.7/site-packages/airflow/example_dags/example_latest_only.py took 0.065 seconds
[2023-03-09T09:26:22.949+0000] {processor.py:153} INFO - Started process (PID=883) to work on /home/airflow/.local/lib/python3.7/site-packages/airflow/example_dags/example_latest_only.py
[2023-03-09T09:26:22.950+0000] {processor.py:743} INFO - Processing file /home/airflow/.local/lib/python3.7/site-packages/airflow/example_dags/example_latest_only.py for tasks to queue
[2023-03-09T09:26:22.951+0000] {logging_mixin.py:137} INFO - [2023-03-09T09:26:22.951+0000] {dagbag.py:538} INFO - Filling up the DagBag from /home/airflow/.local/lib/python3.7/site-packages/airflow/example_dags/example_latest_only.py
[2023-03-09T09:26:22.961+0000] {processor.py:753} INFO - DAG(s) dict_keys(['latest_only']) retrieved from /home/airflow/.local/lib/python3.7/site-packages/airflow/example_dags/example_latest_only.py
[2023-03-09T09:26:22.980+0000] {logging_mixin.py:137} INFO - [2023-03-09T09:26:22.980+0000] {dag.py:2690} INFO - Sync 1 DAGs
[2023-03-09T09:26:22.996+0000] {logging_mixin.py:137} INFO - [2023-03-09T09:26:22.996+0000] {dag.py:3441} INFO - Setting next_dagrun for latest_only to 2023-03-09T05:26:22.996113+00:00, run_after=2023-03-09T09:26:22.996113+00:00
[2023-03-09T09:26:23.008+0000] {processor.py:175} INFO - Processing /home/airflow/.local/lib/python3.7/site-packages/airflow/example_dags/example_latest_only.py took 0.062 seconds
[2023-03-09T09:26:53.839+0000] {processor.py:153} INFO - Started process (PID=950) to work on /home/airflow/.local/lib/python3.7/site-packages/airflow/example_dags/example_latest_only.py
[2023-03-09T09:26:53.841+0000] {processor.py:743} INFO - Processing file /home/airflow/.local/lib/python3.7/site-packages/airflow/example_dags/example_latest_only.py for tasks to queue
[2023-03-09T09:26:53.843+0000] {logging_mixin.py:137} INFO - [2023-03-09T09:26:53.842+0000] {dagbag.py:538} INFO - Filling up the DagBag from /home/airflow/.local/lib/python3.7/site-packages/airflow/example_dags/example_latest_only.py
[2023-03-09T09:26:53.854+0000] {processor.py:753} INFO - DAG(s) dict_keys(['latest_only']) retrieved from /home/airflow/.local/lib/python3.7/site-packages/airflow/example_dags/example_latest_only.py
[2023-03-09T09:26:53.881+0000] {logging_mixin.py:137} INFO - [2023-03-09T09:26:53.881+0000] {dag.py:2690} INFO - Sync 1 DAGs
[2023-03-09T09:26:53.900+0000] {logging_mixin.py:137} INFO - [2023-03-09T09:26:53.900+0000] {dag.py:3441} INFO - Setting next_dagrun for latest_only to 2023-03-09T05:26:53.899946+00:00, run_after=2023-03-09T09:26:53.899946+00:00
[2023-03-09T09:26:53.915+0000] {processor.py:175} INFO - Processing /home/airflow/.local/lib/python3.7/site-packages/airflow/example_dags/example_latest_only.py took 0.079 seconds
[2023-03-09T09:27:24.213+0000] {processor.py:153} INFO - Started process (PID=1032) to work on /home/airflow/.local/lib/python3.7/site-packages/airflow/example_dags/example_latest_only.py
[2023-03-09T09:27:24.215+0000] {processor.py:743} INFO - Processing file /home/airflow/.local/lib/python3.7/site-packages/airflow/example_dags/example_latest_only.py for tasks to queue
[2023-03-09T09:27:24.216+0000] {logging_mixin.py:137} INFO - [2023-03-09T09:27:24.216+0000] {dagbag.py:538} INFO - Filling up the DagBag from /home/airflow/.local/lib/python3.7/site-packages/airflow/example_dags/example_latest_only.py
[2023-03-09T09:27:24.226+0000] {processor.py:753} INFO - DAG(s) dict_keys(['latest_only']) retrieved from /home/airflow/.local/lib/python3.7/site-packages/airflow/example_dags/example_latest_only.py
[2023-03-09T09:27:24.244+0000] {logging_mixin.py:137} INFO - [2023-03-09T09:27:24.244+0000] {dag.py:2690} INFO - Sync 1 DAGs
[2023-03-09T09:27:24.259+0000] {logging_mixin.py:137} INFO - [2023-03-09T09:27:24.259+0000] {dag.py:3441} INFO - Setting next_dagrun for latest_only to 2023-03-09T05:27:24.259735+00:00, run_after=2023-03-09T09:27:24.259735+00:00
[2023-03-09T09:27:24.272+0000] {processor.py:175} INFO - Processing /home/airflow/.local/lib/python3.7/site-packages/airflow/example_dags/example_latest_only.py took 0.061 seconds
[2023-03-09T09:27:54.323+0000] {processor.py:153} INFO - Started process (PID=1112) to work on /home/airflow/.local/lib/python3.7/site-packages/airflow/example_dags/example_latest_only.py
[2023-03-09T09:27:54.325+0000] {processor.py:743} INFO - Processing file /home/airflow/.local/lib/python3.7/site-packages/airflow/example_dags/example_latest_only.py for tasks to queue
[2023-03-09T09:27:54.326+0000] {logging_mixin.py:137} INFO - [2023-03-09T09:27:54.326+0000] {dagbag.py:538} INFO - Filling up the DagBag from /home/airflow/.local/lib/python3.7/site-packages/airflow/example_dags/example_latest_only.py
[2023-03-09T09:27:54.336+0000] {processor.py:753} INFO - DAG(s) dict_keys(['latest_only']) retrieved from /home/airflow/.local/lib/python3.7/site-packages/airflow/example_dags/example_latest_only.py
[2023-03-09T09:27:54.352+0000] {logging_mixin.py:137} INFO - [2023-03-09T09:27:54.352+0000] {dag.py:2690} INFO - Sync 1 DAGs
[2023-03-09T09:27:54.368+0000] {logging_mixin.py:137} INFO - [2023-03-09T09:27:54.368+0000] {dag.py:3441} INFO - Setting next_dagrun for latest_only to 2023-03-09T05:27:54.368321+00:00, run_after=2023-03-09T09:27:54.368321+00:00
[2023-03-09T09:27:54.380+0000] {processor.py:175} INFO - Processing /home/airflow/.local/lib/python3.7/site-packages/airflow/example_dags/example_latest_only.py took 0.059 seconds
[2023-03-09T09:28:24.643+0000] {processor.py:153} INFO - Started process (PID=1180) to work on /home/airflow/.local/lib/python3.7/site-packages/airflow/example_dags/example_latest_only.py
[2023-03-09T09:28:24.645+0000] {processor.py:743} INFO - Processing file /home/airflow/.local/lib/python3.7/site-packages/airflow/example_dags/example_latest_only.py for tasks to queue
[2023-03-09T09:28:24.646+0000] {logging_mixin.py:137} INFO - [2023-03-09T09:28:24.646+0000] {dagbag.py:538} INFO - Filling up the DagBag from /home/airflow/.local/lib/python3.7/site-packages/airflow/example_dags/example_latest_only.py
[2023-03-09T09:28:24.656+0000] {processor.py:753} INFO - DAG(s) dict_keys(['latest_only']) retrieved from /home/airflow/.local/lib/python3.7/site-packages/airflow/example_dags/example_latest_only.py
[2023-03-09T09:28:24.676+0000] {logging_mixin.py:137} INFO - [2023-03-09T09:28:24.676+0000] {dag.py:2690} INFO - Sync 1 DAGs
[2023-03-09T09:28:24.695+0000] {logging_mixin.py:137} INFO - [2023-03-09T09:28:24.695+0000] {dag.py:3441} INFO - Setting next_dagrun for latest_only to 2023-03-09T05:28:24.695321+00:00, run_after=2023-03-09T09:28:24.695321+00:00
[2023-03-09T09:28:24.709+0000] {processor.py:175} INFO - Processing /home/airflow/.local/lib/python3.7/site-packages/airflow/example_dags/example_latest_only.py took 0.067 seconds
[2023-03-09T09:28:55.187+0000] {processor.py:153} INFO - Started process (PID=1260) to work on /home/airflow/.local/lib/python3.7/site-packages/airflow/example_dags/example_latest_only.py
[2023-03-09T09:28:55.189+0000] {processor.py:743} INFO - Processing file /home/airflow/.local/lib/python3.7/site-packages/airflow/example_dags/example_latest_only.py for tasks to queue
[2023-03-09T09:28:55.190+0000] {logging_mixin.py:137} INFO - [2023-03-09T09:28:55.190+0000] {dagbag.py:538} INFO - Filling up the DagBag from /home/airflow/.local/lib/python3.7/site-packages/airflow/example_dags/example_latest_only.py
[2023-03-09T09:28:55.201+0000] {processor.py:753} INFO - DAG(s) dict_keys(['latest_only']) retrieved from /home/airflow/.local/lib/python3.7/site-packages/airflow/example_dags/example_latest_only.py
[2023-03-09T09:28:55.218+0000] {logging_mixin.py:137} INFO - [2023-03-09T09:28:55.218+0000] {dag.py:2690} INFO - Sync 1 DAGs
[2023-03-09T09:28:55.233+0000] {logging_mixin.py:137} INFO - [2023-03-09T09:28:55.233+0000] {dag.py:3441} INFO - Setting next_dagrun for latest_only to 2023-03-09T05:28:55.233735+00:00, run_after=2023-03-09T09:28:55.233735+00:00
[2023-03-09T09:28:55.245+0000] {processor.py:175} INFO - Processing /home/airflow/.local/lib/python3.7/site-packages/airflow/example_dags/example_latest_only.py took 0.061 seconds
[2023-03-09T09:29:25.433+0000] {processor.py:153} INFO - Started process (PID=1339) to work on /home/airflow/.local/lib/python3.7/site-packages/airflow/example_dags/example_latest_only.py
[2023-03-09T09:29:25.435+0000] {processor.py:743} INFO - Processing file /home/airflow/.local/lib/python3.7/site-packages/airflow/example_dags/example_latest_only.py for tasks to queue
[2023-03-09T09:29:25.436+0000] {logging_mixin.py:137} INFO - [2023-03-09T09:29:25.436+0000] {dagbag.py:538} INFO - Filling up the DagBag from /home/airflow/.local/lib/python3.7/site-packages/airflow/example_dags/example_latest_only.py
[2023-03-09T09:29:25.445+0000] {processor.py:753} INFO - DAG(s) dict_keys(['latest_only']) retrieved from /home/airflow/.local/lib/python3.7/site-packages/airflow/example_dags/example_latest_only.py
[2023-03-09T09:29:25.462+0000] {logging_mixin.py:137} INFO - [2023-03-09T09:29:25.462+0000] {dag.py:2690} INFO - Sync 1 DAGs
[2023-03-09T09:29:25.479+0000] {logging_mixin.py:137} INFO - [2023-03-09T09:29:25.479+0000] {dag.py:3441} INFO - Setting next_dagrun for latest_only to 2023-03-09T05:29:25.479445+00:00, run_after=2023-03-09T09:29:25.479445+00:00
[2023-03-09T09:29:25.492+0000] {processor.py:175} INFO - Processing /home/airflow/.local/lib/python3.7/site-packages/airflow/example_dags/example_latest_only.py took 0.061 seconds
[2023-03-09T09:29:55.725+0000] {processor.py:153} INFO - Started process (PID=1408) to work on /home/airflow/.local/lib/python3.7/site-packages/airflow/example_dags/example_latest_only.py
[2023-03-09T09:29:55.727+0000] {processor.py:743} INFO - Processing file /home/airflow/.local/lib/python3.7/site-packages/airflow/example_dags/example_latest_only.py for tasks to queue
[2023-03-09T09:29:55.727+0000] {logging_mixin.py:137} INFO - [2023-03-09T09:29:55.727+0000] {dagbag.py:538} INFO - Filling up the DagBag from /home/airflow/.local/lib/python3.7/site-packages/airflow/example_dags/example_latest_only.py
[2023-03-09T09:29:55.738+0000] {processor.py:753} INFO - DAG(s) dict_keys(['latest_only']) retrieved from /home/airflow/.local/lib/python3.7/site-packages/airflow/example_dags/example_latest_only.py
[2023-03-09T09:29:55.755+0000] {logging_mixin.py:137} INFO - [2023-03-09T09:29:55.755+0000] {dag.py:2690} INFO - Sync 1 DAGs
[2023-03-09T09:29:55.770+0000] {logging_mixin.py:137} INFO - [2023-03-09T09:29:55.770+0000] {dag.py:3441} INFO - Setting next_dagrun for latest_only to 2023-03-09T05:29:55.770717+00:00, run_after=2023-03-09T09:29:55.770717+00:00
[2023-03-09T09:29:55.784+0000] {processor.py:175} INFO - Processing /home/airflow/.local/lib/python3.7/site-packages/airflow/example_dags/example_latest_only.py took 0.061 seconds
[2023-03-09T09:30:26.310+0000] {processor.py:153} INFO - Started process (PID=1488) to work on /home/airflow/.local/lib/python3.7/site-packages/airflow/example_dags/example_latest_only.py
[2023-03-09T09:30:26.312+0000] {processor.py:743} INFO - Processing file /home/airflow/.local/lib/python3.7/site-packages/airflow/example_dags/example_latest_only.py for tasks to queue
[2023-03-09T09:30:26.316+0000] {logging_mixin.py:137} INFO - [2023-03-09T09:30:26.316+0000] {dagbag.py:538} INFO - Filling up the DagBag from /home/airflow/.local/lib/python3.7/site-packages/airflow/example_dags/example_latest_only.py
[2023-03-09T09:30:26.333+0000] {processor.py:753} INFO - DAG(s) dict_keys(['latest_only']) retrieved from /home/airflow/.local/lib/python3.7/site-packages/airflow/example_dags/example_latest_only.py
[2023-03-09T09:30:26.368+0000] {logging_mixin.py:137} INFO - [2023-03-09T09:30:26.368+0000] {dag.py:2690} INFO - Sync 1 DAGs
[2023-03-09T09:30:26.392+0000] {logging_mixin.py:137} INFO - [2023-03-09T09:30:26.392+0000] {dag.py:3441} INFO - Setting next_dagrun for latest_only to 2023-03-09T05:30:26.392624+00:00, run_after=2023-03-09T09:30:26.392624+00:00
[2023-03-09T09:30:26.406+0000] {processor.py:175} INFO - Processing /home/airflow/.local/lib/python3.7/site-packages/airflow/example_dags/example_latest_only.py took 0.100 seconds
[2023-03-09T09:30:56.686+0000] {processor.py:153} INFO - Started process (PID=1568) to work on /home/airflow/.local/lib/python3.7/site-packages/airflow/example_dags/example_latest_only.py
[2023-03-09T09:30:56.699+0000] {processor.py:743} INFO - Processing file /home/airflow/.local/lib/python3.7/site-packages/airflow/example_dags/example_latest_only.py for tasks to queue
[2023-03-09T09:30:56.701+0000] {logging_mixin.py:137} INFO - [2023-03-09T09:30:56.701+0000] {dagbag.py:538} INFO - Filling up the DagBag from /home/airflow/.local/lib/python3.7/site-packages/airflow/example_dags/example_latest_only.py
[2023-03-09T09:30:56.724+0000] {processor.py:753} INFO - DAG(s) dict_keys(['latest_only']) retrieved from /home/airflow/.local/lib/python3.7/site-packages/airflow/example_dags/example_latest_only.py
[2023-03-09T09:30:56.748+0000] {logging_mixin.py:137} INFO - [2023-03-09T09:30:56.747+0000] {dag.py:2690} INFO - Sync 1 DAGs
[2023-03-09T09:30:56.768+0000] {logging_mixin.py:137} INFO - [2023-03-09T09:30:56.768+0000] {dag.py:3441} INFO - Setting next_dagrun for latest_only to 2023-03-09T05:30:56.767852+00:00, run_after=2023-03-09T09:30:56.767852+00:00
[2023-03-09T09:30:56.785+0000] {processor.py:175} INFO - Processing /home/airflow/.local/lib/python3.7/site-packages/airflow/example_dags/example_latest_only.py took 0.105 seconds
[2023-03-09T09:31:27.100+0000] {processor.py:153} INFO - Started process (PID=1636) to work on /home/airflow/.local/lib/python3.7/site-packages/airflow/example_dags/example_latest_only.py
[2023-03-09T09:31:27.102+0000] {processor.py:743} INFO - Processing file /home/airflow/.local/lib/python3.7/site-packages/airflow/example_dags/example_latest_only.py for tasks to queue
[2023-03-09T09:31:27.103+0000] {logging_mixin.py:137} INFO - [2023-03-09T09:31:27.103+0000] {dagbag.py:538} INFO - Filling up the DagBag from /home/airflow/.local/lib/python3.7/site-packages/airflow/example_dags/example_latest_only.py
[2023-03-09T09:31:27.113+0000] {processor.py:753} INFO - DAG(s) dict_keys(['latest_only']) retrieved from /home/airflow/.local/lib/python3.7/site-packages/airflow/example_dags/example_latest_only.py
[2023-03-09T09:31:27.132+0000] {logging_mixin.py:137} INFO - [2023-03-09T09:31:27.132+0000] {dag.py:2690} INFO - Sync 1 DAGs
[2023-03-09T09:31:27.148+0000] {logging_mixin.py:137} INFO - [2023-03-09T09:31:27.148+0000] {dag.py:3441} INFO - Setting next_dagrun for latest_only to 2023-03-09T05:31:27.148714+00:00, run_after=2023-03-09T09:31:27.148714+00:00
[2023-03-09T09:31:27.161+0000] {processor.py:175} INFO - Processing /home/airflow/.local/lib/python3.7/site-packages/airflow/example_dags/example_latest_only.py took 0.063 seconds
[2023-03-09T09:31:57.339+0000] {processor.py:153} INFO - Started process (PID=1719) to work on /home/airflow/.local/lib/python3.7/site-packages/airflow/example_dags/example_latest_only.py
[2023-03-09T09:31:57.340+0000] {processor.py:743} INFO - Processing file /home/airflow/.local/lib/python3.7/site-packages/airflow/example_dags/example_latest_only.py for tasks to queue
[2023-03-09T09:31:57.341+0000] {logging_mixin.py:137} INFO - [2023-03-09T09:31:57.341+0000] {dagbag.py:538} INFO - Filling up the DagBag from /home/airflow/.local/lib/python3.7/site-packages/airflow/example_dags/example_latest_only.py
[2023-03-09T09:31:57.351+0000] {processor.py:753} INFO - DAG(s) dict_keys(['latest_only']) retrieved from /home/airflow/.local/lib/python3.7/site-packages/airflow/example_dags/example_latest_only.py
[2023-03-09T09:31:57.370+0000] {logging_mixin.py:137} INFO - [2023-03-09T09:31:57.369+0000] {dag.py:2690} INFO - Sync 1 DAGs
[2023-03-09T09:31:57.384+0000] {logging_mixin.py:137} INFO - [2023-03-09T09:31:57.384+0000] {dag.py:3441} INFO - Setting next_dagrun for latest_only to 2023-03-09T05:31:57.384253+00:00, run_after=2023-03-09T09:31:57.384253+00:00
[2023-03-09T09:31:57.397+0000] {processor.py:175} INFO - Processing /home/airflow/.local/lib/python3.7/site-packages/airflow/example_dags/example_latest_only.py took 0.061 seconds
[2023-03-09T09:32:27.556+0000] {processor.py:153} INFO - Started process (PID=1798) to work on /home/airflow/.local/lib/python3.7/site-packages/airflow/example_dags/example_latest_only.py
[2023-03-09T09:32:27.559+0000] {processor.py:743} INFO - Processing file /home/airflow/.local/lib/python3.7/site-packages/airflow/example_dags/example_latest_only.py for tasks to queue
[2023-03-09T09:32:27.560+0000] {logging_mixin.py:137} INFO - [2023-03-09T09:32:27.560+0000] {dagbag.py:538} INFO - Filling up the DagBag from /home/airflow/.local/lib/python3.7/site-packages/airflow/example_dags/example_latest_only.py
[2023-03-09T09:32:27.569+0000] {processor.py:753} INFO - DAG(s) dict_keys(['latest_only']) retrieved from /home/airflow/.local/lib/python3.7/site-packages/airflow/example_dags/example_latest_only.py
[2023-03-09T09:32:27.591+0000] {logging_mixin.py:137} INFO - [2023-03-09T09:32:27.591+0000] {dag.py:2690} INFO - Sync 1 DAGs
[2023-03-09T09:32:27.609+0000] {logging_mixin.py:137} INFO - [2023-03-09T09:32:27.609+0000] {dag.py:3441} INFO - Setting next_dagrun for latest_only to 2023-03-09T05:32:27.609457+00:00, run_after=2023-03-09T09:32:27.609457+00:00
[2023-03-09T09:32:27.624+0000] {processor.py:175} INFO - Processing /home/airflow/.local/lib/python3.7/site-packages/airflow/example_dags/example_latest_only.py took 0.070 seconds
[2023-03-09T09:32:57.841+0000] {processor.py:153} INFO - Started process (PID=1868) to work on /home/airflow/.local/lib/python3.7/site-packages/airflow/example_dags/example_latest_only.py
[2023-03-09T09:32:57.843+0000] {processor.py:743} INFO - Processing file /home/airflow/.local/lib/python3.7/site-packages/airflow/example_dags/example_latest_only.py for tasks to queue
[2023-03-09T09:32:57.844+0000] {logging_mixin.py:137} INFO - [2023-03-09T09:32:57.844+0000] {dagbag.py:538} INFO - Filling up the DagBag from /home/airflow/.local/lib/python3.7/site-packages/airflow/example_dags/example_latest_only.py
[2023-03-09T09:32:57.853+0000] {processor.py:753} INFO - DAG(s) dict_keys(['latest_only']) retrieved from /home/airflow/.local/lib/python3.7/site-packages/airflow/example_dags/example_latest_only.py
[2023-03-09T09:32:57.873+0000] {logging_mixin.py:137} INFO - [2023-03-09T09:32:57.873+0000] {dag.py:2690} INFO - Sync 1 DAGs
[2023-03-09T09:32:57.889+0000] {logging_mixin.py:137} INFO - [2023-03-09T09:32:57.889+0000] {dag.py:3441} INFO - Setting next_dagrun for latest_only to 2023-03-09T05:32:57.889604+00:00, run_after=2023-03-09T09:32:57.889604+00:00
[2023-03-09T09:32:57.903+0000] {processor.py:175} INFO - Processing /home/airflow/.local/lib/python3.7/site-packages/airflow/example_dags/example_latest_only.py took 0.064 seconds
[2023-03-09T09:33:28.093+0000] {processor.py:153} INFO - Started process (PID=1947) to work on /home/airflow/.local/lib/python3.7/site-packages/airflow/example_dags/example_latest_only.py
[2023-03-09T09:33:28.095+0000] {processor.py:743} INFO - Processing file /home/airflow/.local/lib/python3.7/site-packages/airflow/example_dags/example_latest_only.py for tasks to queue
[2023-03-09T09:33:28.096+0000] {logging_mixin.py:137} INFO - [2023-03-09T09:33:28.096+0000] {dagbag.py:538} INFO - Filling up the DagBag from /home/airflow/.local/lib/python3.7/site-packages/airflow/example_dags/example_latest_only.py
[2023-03-09T09:33:28.106+0000] {processor.py:753} INFO - DAG(s) dict_keys(['latest_only']) retrieved from /home/airflow/.local/lib/python3.7/site-packages/airflow/example_dags/example_latest_only.py
[2023-03-09T09:33:28.126+0000] {logging_mixin.py:137} INFO - [2023-03-09T09:33:28.126+0000] {dag.py:2690} INFO - Sync 1 DAGs
[2023-03-09T09:33:28.143+0000] {logging_mixin.py:137} INFO - [2023-03-09T09:33:28.143+0000] {dag.py:3441} INFO - Setting next_dagrun for latest_only to 2023-03-09T05:33:28.143010+00:00, run_after=2023-03-09T09:33:28.143010+00:00
[2023-03-09T09:33:28.155+0000] {processor.py:175} INFO - Processing /home/airflow/.local/lib/python3.7/site-packages/airflow/example_dags/example_latest_only.py took 0.065 seconds
[2023-03-09T09:33:58.229+0000] {processor.py:153} INFO - Started process (PID=2010) to work on /home/airflow/.local/lib/python3.7/site-packages/airflow/example_dags/example_latest_only.py
[2023-03-09T09:33:58.232+0000] {processor.py:743} INFO - Processing file /home/airflow/.local/lib/python3.7/site-packages/airflow/example_dags/example_latest_only.py for tasks to queue
[2023-03-09T09:33:58.233+0000] {logging_mixin.py:137} INFO - [2023-03-09T09:33:58.233+0000] {dagbag.py:538} INFO - Filling up the DagBag from /home/airflow/.local/lib/python3.7/site-packages/airflow/example_dags/example_latest_only.py
[2023-03-09T09:33:58.244+0000] {processor.py:753} INFO - DAG(s) dict_keys(['latest_only']) retrieved from /home/airflow/.local/lib/python3.7/site-packages/airflow/example_dags/example_latest_only.py
[2023-03-09T09:33:58.263+0000] {logging_mixin.py:137} INFO - [2023-03-09T09:33:58.263+0000] {dag.py:2690} INFO - Sync 1 DAGs
[2023-03-09T09:33:58.278+0000] {logging_mixin.py:137} INFO - [2023-03-09T09:33:58.278+0000] {dag.py:3441} INFO - Setting next_dagrun for latest_only to 2023-03-09T05:33:58.277841+00:00, run_after=2023-03-09T09:33:58.277841+00:00
[2023-03-09T09:33:58.290+0000] {processor.py:175} INFO - Processing /home/airflow/.local/lib/python3.7/site-packages/airflow/example_dags/example_latest_only.py took 0.063 seconds
[2023-03-09T09:34:28.848+0000] {processor.py:153} INFO - Started process (PID=2084) to work on /home/airflow/.local/lib/python3.7/site-packages/airflow/example_dags/example_latest_only.py
[2023-03-09T09:34:28.850+0000] {processor.py:743} INFO - Processing file /home/airflow/.local/lib/python3.7/site-packages/airflow/example_dags/example_latest_only.py for tasks to queue
[2023-03-09T09:34:28.851+0000] {logging_mixin.py:137} INFO - [2023-03-09T09:34:28.851+0000] {dagbag.py:538} INFO - Filling up the DagBag from /home/airflow/.local/lib/python3.7/site-packages/airflow/example_dags/example_latest_only.py
[2023-03-09T09:34:28.862+0000] {processor.py:753} INFO - DAG(s) dict_keys(['latest_only']) retrieved from /home/airflow/.local/lib/python3.7/site-packages/airflow/example_dags/example_latest_only.py
[2023-03-09T09:34:28.881+0000] {logging_mixin.py:137} INFO - [2023-03-09T09:34:28.881+0000] {dag.py:2690} INFO - Sync 1 DAGs
[2023-03-09T09:34:28.898+0000] {logging_mixin.py:137} INFO - [2023-03-09T09:34:28.898+0000] {dag.py:3441} INFO - Setting next_dagrun for latest_only to 2023-03-09T05:34:28.897871+00:00, run_after=2023-03-09T09:34:28.897871+00:00
[2023-03-09T09:34:28.909+0000] {processor.py:175} INFO - Processing /home/airflow/.local/lib/python3.7/site-packages/airflow/example_dags/example_latest_only.py took 0.064 seconds
[2023-03-09T09:34:59.031+0000] {processor.py:153} INFO - Started process (PID=2161) to work on /home/airflow/.local/lib/python3.7/site-packages/airflow/example_dags/example_latest_only.py
[2023-03-09T09:34:59.033+0000] {processor.py:743} INFO - Processing file /home/airflow/.local/lib/python3.7/site-packages/airflow/example_dags/example_latest_only.py for tasks to queue
[2023-03-09T09:34:59.034+0000] {logging_mixin.py:137} INFO - [2023-03-09T09:34:59.034+0000] {dagbag.py:538} INFO - Filling up the DagBag from /home/airflow/.local/lib/python3.7/site-packages/airflow/example_dags/example_latest_only.py
[2023-03-09T09:34:59.043+0000] {processor.py:753} INFO - DAG(s) dict_keys(['latest_only']) retrieved from /home/airflow/.local/lib/python3.7/site-packages/airflow/example_dags/example_latest_only.py
[2023-03-09T09:34:59.062+0000] {logging_mixin.py:137} INFO - [2023-03-09T09:34:59.062+0000] {dag.py:2690} INFO - Sync 1 DAGs
[2023-03-09T09:34:59.078+0000] {logging_mixin.py:137} INFO - [2023-03-09T09:34:59.078+0000] {dag.py:3441} INFO - Setting next_dagrun for latest_only to 2023-03-09T05:34:59.078673+00:00, run_after=2023-03-09T09:34:59.078673+00:00
[2023-03-09T09:34:59.091+0000] {processor.py:175} INFO - Processing /home/airflow/.local/lib/python3.7/site-packages/airflow/example_dags/example_latest_only.py took 0.062 seconds
[2023-03-09T09:35:29.253+0000] {processor.py:153} INFO - Started process (PID=2226) to work on /home/airflow/.local/lib/python3.7/site-packages/airflow/example_dags/example_latest_only.py
[2023-03-09T09:35:29.255+0000] {processor.py:743} INFO - Processing file /home/airflow/.local/lib/python3.7/site-packages/airflow/example_dags/example_latest_only.py for tasks to queue
[2023-03-09T09:35:29.256+0000] {logging_mixin.py:137} INFO - [2023-03-09T09:35:29.256+0000] {dagbag.py:538} INFO - Filling up the DagBag from /home/airflow/.local/lib/python3.7/site-packages/airflow/example_dags/example_latest_only.py
[2023-03-09T09:35:29.267+0000] {processor.py:753} INFO - DAG(s) dict_keys(['latest_only']) retrieved from /home/airflow/.local/lib/python3.7/site-packages/airflow/example_dags/example_latest_only.py
[2023-03-09T09:35:29.284+0000] {logging_mixin.py:137} INFO - [2023-03-09T09:35:29.284+0000] {dag.py:2690} INFO - Sync 1 DAGs
[2023-03-09T09:35:29.310+0000] {logging_mixin.py:137} INFO - [2023-03-09T09:35:29.310+0000] {dag.py:3441} INFO - Setting next_dagrun for latest_only to 2023-03-09T05:35:29.310493+00:00, run_after=2023-03-09T09:35:29.310493+00:00
[2023-03-09T09:35:29.330+0000] {processor.py:175} INFO - Processing /home/airflow/.local/lib/python3.7/site-packages/airflow/example_dags/example_latest_only.py took 0.080 seconds
[2023-03-09T09:35:59.732+0000] {processor.py:153} INFO - Started process (PID=2303) to work on /home/airflow/.local/lib/python3.7/site-packages/airflow/example_dags/example_latest_only.py
[2023-03-09T09:35:59.733+0000] {processor.py:743} INFO - Processing file /home/airflow/.local/lib/python3.7/site-packages/airflow/example_dags/example_latest_only.py for tasks to queue
[2023-03-09T09:35:59.734+0000] {logging_mixin.py:137} INFO - [2023-03-09T09:35:59.734+0000] {dagbag.py:538} INFO - Filling up the DagBag from /home/airflow/.local/lib/python3.7/site-packages/airflow/example_dags/example_latest_only.py
[2023-03-09T09:35:59.745+0000] {processor.py:753} INFO - DAG(s) dict_keys(['latest_only']) retrieved from /home/airflow/.local/lib/python3.7/site-packages/airflow/example_dags/example_latest_only.py
[2023-03-09T09:35:59.766+0000] {logging_mixin.py:137} INFO - [2023-03-09T09:35:59.766+0000] {dag.py:2690} INFO - Sync 1 DAGs
[2023-03-09T09:35:59.782+0000] {logging_mixin.py:137} INFO - [2023-03-09T09:35:59.781+0000] {dag.py:3441} INFO - Setting next_dagrun for latest_only to 2023-03-09T05:35:59.781669+00:00, run_after=2023-03-09T09:35:59.781669+00:00
[2023-03-09T09:35:59.794+0000] {processor.py:175} INFO - Processing /home/airflow/.local/lib/python3.7/site-packages/airflow/example_dags/example_latest_only.py took 0.064 seconds
[2023-03-09T09:36:30.170+0000] {processor.py:153} INFO - Started process (PID=2382) to work on /home/airflow/.local/lib/python3.7/site-packages/airflow/example_dags/example_latest_only.py
[2023-03-09T09:36:30.173+0000] {processor.py:743} INFO - Processing file /home/airflow/.local/lib/python3.7/site-packages/airflow/example_dags/example_latest_only.py for tasks to queue
[2023-03-09T09:36:30.174+0000] {logging_mixin.py:137} INFO - [2023-03-09T09:36:30.174+0000] {dagbag.py:538} INFO - Filling up the DagBag from /home/airflow/.local/lib/python3.7/site-packages/airflow/example_dags/example_latest_only.py
[2023-03-09T09:36:30.185+0000] {processor.py:753} INFO - DAG(s) dict_keys(['latest_only']) retrieved from /home/airflow/.local/lib/python3.7/site-packages/airflow/example_dags/example_latest_only.py
[2023-03-09T09:36:30.208+0000] {logging_mixin.py:137} INFO - [2023-03-09T09:36:30.207+0000] {dag.py:2690} INFO - Sync 1 DAGs
[2023-03-09T09:36:30.224+0000] {logging_mixin.py:137} INFO - [2023-03-09T09:36:30.224+0000] {dag.py:3441} INFO - Setting next_dagrun for latest_only to 2023-03-09T05:36:30.224025+00:00, run_after=2023-03-09T09:36:30.224025+00:00
[2023-03-09T09:36:30.237+0000] {processor.py:175} INFO - Processing /home/airflow/.local/lib/python3.7/site-packages/airflow/example_dags/example_latest_only.py took 0.070 seconds
[2023-03-09T09:37:00.264+0000] {processor.py:153} INFO - Started process (PID=2447) to work on /home/airflow/.local/lib/python3.7/site-packages/airflow/example_dags/example_latest_only.py
[2023-03-09T09:37:00.266+0000] {processor.py:743} INFO - Processing file /home/airflow/.local/lib/python3.7/site-packages/airflow/example_dags/example_latest_only.py for tasks to queue
[2023-03-09T09:37:00.267+0000] {logging_mixin.py:137} INFO - [2023-03-09T09:37:00.267+0000] {dagbag.py:538} INFO - Filling up the DagBag from /home/airflow/.local/lib/python3.7/site-packages/airflow/example_dags/example_latest_only.py
[2023-03-09T09:37:00.276+0000] {processor.py:753} INFO - DAG(s) dict_keys(['latest_only']) retrieved from /home/airflow/.local/lib/python3.7/site-packages/airflow/example_dags/example_latest_only.py
[2023-03-09T09:37:00.293+0000] {logging_mixin.py:137} INFO - [2023-03-09T09:37:00.293+0000] {dag.py:2690} INFO - Sync 1 DAGs
[2023-03-09T09:37:00.309+0000] {logging_mixin.py:137} INFO - [2023-03-09T09:37:00.309+0000] {dag.py:3441} INFO - Setting next_dagrun for latest_only to 2023-03-09T05:37:00.309607+00:00, run_after=2023-03-09T09:37:00.309607+00:00
[2023-03-09T09:37:00.322+0000] {processor.py:175} INFO - Processing /home/airflow/.local/lib/python3.7/site-packages/airflow/example_dags/example_latest_only.py took 0.061 seconds
[2023-03-09T09:37:30.734+0000] {processor.py:153} INFO - Started process (PID=2527) to work on /home/airflow/.local/lib/python3.7/site-packages/airflow/example_dags/example_latest_only.py
[2023-03-09T09:37:30.736+0000] {processor.py:743} INFO - Processing file /home/airflow/.local/lib/python3.7/site-packages/airflow/example_dags/example_latest_only.py for tasks to queue
[2023-03-09T09:37:30.737+0000] {logging_mixin.py:137} INFO - [2023-03-09T09:37:30.736+0000] {dagbag.py:538} INFO - Filling up the DagBag from /home/airflow/.local/lib/python3.7/site-packages/airflow/example_dags/example_latest_only.py
[2023-03-09T09:37:30.746+0000] {processor.py:753} INFO - DAG(s) dict_keys(['latest_only']) retrieved from /home/airflow/.local/lib/python3.7/site-packages/airflow/example_dags/example_latest_only.py
[2023-03-09T09:37:30.766+0000] {logging_mixin.py:137} INFO - [2023-03-09T09:37:30.766+0000] {dag.py:2690} INFO - Sync 1 DAGs
[2023-03-09T09:37:30.782+0000] {logging_mixin.py:137} INFO - [2023-03-09T09:37:30.782+0000] {dag.py:3441} INFO - Setting next_dagrun for latest_only to 2023-03-09T05:37:30.781859+00:00, run_after=2023-03-09T09:37:30.781859+00:00
[2023-03-09T09:37:30.794+0000] {processor.py:175} INFO - Processing /home/airflow/.local/lib/python3.7/site-packages/airflow/example_dags/example_latest_only.py took 0.062 seconds
[2023-03-09T09:38:00.953+0000] {processor.py:153} INFO - Started process (PID=2606) to work on /home/airflow/.local/lib/python3.7/site-packages/airflow/example_dags/example_latest_only.py
[2023-03-09T09:38:00.955+0000] {processor.py:743} INFO - Processing file /home/airflow/.local/lib/python3.7/site-packages/airflow/example_dags/example_latest_only.py for tasks to queue
[2023-03-09T09:38:00.956+0000] {logging_mixin.py:137} INFO - [2023-03-09T09:38:00.956+0000] {dagbag.py:538} INFO - Filling up the DagBag from /home/airflow/.local/lib/python3.7/site-packages/airflow/example_dags/example_latest_only.py
[2023-03-09T09:38:00.969+0000] {processor.py:753} INFO - DAG(s) dict_keys(['latest_only']) retrieved from /home/airflow/.local/lib/python3.7/site-packages/airflow/example_dags/example_latest_only.py
[2023-03-09T09:38:00.993+0000] {logging_mixin.py:137} INFO - [2023-03-09T09:38:00.993+0000] {dag.py:2690} INFO - Sync 1 DAGs
[2023-03-09T09:38:01.011+0000] {logging_mixin.py:137} INFO - [2023-03-09T09:38:01.010+0000] {dag.py:3441} INFO - Setting next_dagrun for latest_only to 2023-03-09T05:38:01.010759+00:00, run_after=2023-03-09T09:38:01.010759+00:00
[2023-03-09T09:38:01.033+0000] {processor.py:175} INFO - Processing /home/airflow/.local/lib/python3.7/site-packages/airflow/example_dags/example_latest_only.py took 0.084 seconds
[2023-03-09T09:38:31.111+0000] {processor.py:153} INFO - Started process (PID=2671) to work on /home/airflow/.local/lib/python3.7/site-packages/airflow/example_dags/example_latest_only.py
[2023-03-09T09:38:31.112+0000] {processor.py:743} INFO - Processing file /home/airflow/.local/lib/python3.7/site-packages/airflow/example_dags/example_latest_only.py for tasks to queue
[2023-03-09T09:38:31.114+0000] {logging_mixin.py:137} INFO - [2023-03-09T09:38:31.114+0000] {dagbag.py:538} INFO - Filling up the DagBag from /home/airflow/.local/lib/python3.7/site-packages/airflow/example_dags/example_latest_only.py
[2023-03-09T09:38:31.124+0000] {processor.py:753} INFO - DAG(s) dict_keys(['latest_only']) retrieved from /home/airflow/.local/lib/python3.7/site-packages/airflow/example_dags/example_latest_only.py
[2023-03-09T09:38:31.141+0000] {logging_mixin.py:137} INFO - [2023-03-09T09:38:31.141+0000] {dag.py:2690} INFO - Sync 1 DAGs
[2023-03-09T09:38:31.158+0000] {logging_mixin.py:137} INFO - [2023-03-09T09:38:31.158+0000] {dag.py:3441} INFO - Setting next_dagrun for latest_only to 2023-03-09T05:38:31.158048+00:00, run_after=2023-03-09T09:38:31.158048+00:00
[2023-03-09T09:38:31.171+0000] {processor.py:175} INFO - Processing /home/airflow/.local/lib/python3.7/site-packages/airflow/example_dags/example_latest_only.py took 0.063 seconds
[2023-03-09T09:39:01.426+0000] {processor.py:153} INFO - Started process (PID=2755) to work on /home/airflow/.local/lib/python3.7/site-packages/airflow/example_dags/example_latest_only.py
[2023-03-09T09:39:01.428+0000] {processor.py:743} INFO - Processing file /home/airflow/.local/lib/python3.7/site-packages/airflow/example_dags/example_latest_only.py for tasks to queue
[2023-03-09T09:39:01.429+0000] {logging_mixin.py:137} INFO - [2023-03-09T09:39:01.429+0000] {dagbag.py:538} INFO - Filling up the DagBag from /home/airflow/.local/lib/python3.7/site-packages/airflow/example_dags/example_latest_only.py
[2023-03-09T09:39:01.441+0000] {processor.py:753} INFO - DAG(s) dict_keys(['latest_only']) retrieved from /home/airflow/.local/lib/python3.7/site-packages/airflow/example_dags/example_latest_only.py
[2023-03-09T09:39:01.466+0000] {logging_mixin.py:137} INFO - [2023-03-09T09:39:01.466+0000] {dag.py:2690} INFO - Sync 1 DAGs
[2023-03-09T09:39:01.484+0000] {logging_mixin.py:137} INFO - [2023-03-09T09:39:01.483+0000] {dag.py:3441} INFO - Setting next_dagrun for latest_only to 2023-03-09T05:39:01.483766+00:00, run_after=2023-03-09T09:39:01.483766+00:00
[2023-03-09T09:39:01.497+0000] {processor.py:175} INFO - Processing /home/airflow/.local/lib/python3.7/site-packages/airflow/example_dags/example_latest_only.py took 0.073 seconds
[2023-03-09T09:39:31.567+0000] {processor.py:153} INFO - Started process (PID=2823) to work on /home/airflow/.local/lib/python3.7/site-packages/airflow/example_dags/example_latest_only.py
[2023-03-09T09:39:31.568+0000] {processor.py:743} INFO - Processing file /home/airflow/.local/lib/python3.7/site-packages/airflow/example_dags/example_latest_only.py for tasks to queue
[2023-03-09T09:39:31.569+0000] {logging_mixin.py:137} INFO - [2023-03-09T09:39:31.569+0000] {dagbag.py:538} INFO - Filling up the DagBag from /home/airflow/.local/lib/python3.7/site-packages/airflow/example_dags/example_latest_only.py
[2023-03-09T09:39:31.578+0000] {processor.py:753} INFO - DAG(s) dict_keys(['latest_only']) retrieved from /home/airflow/.local/lib/python3.7/site-packages/airflow/example_dags/example_latest_only.py
[2023-03-09T09:39:31.596+0000] {logging_mixin.py:137} INFO - [2023-03-09T09:39:31.596+0000] {dag.py:2690} INFO - Sync 1 DAGs
[2023-03-09T09:39:31.612+0000] {logging_mixin.py:137} INFO - [2023-03-09T09:39:31.612+0000] {dag.py:3441} INFO - Setting next_dagrun for latest_only to 2023-03-09T05:39:31.612730+00:00, run_after=2023-03-09T09:39:31.612730+00:00
[2023-03-09T09:39:31.625+0000] {processor.py:175} INFO - Processing /home/airflow/.local/lib/python3.7/site-packages/airflow/example_dags/example_latest_only.py took 0.061 seconds
[2023-03-09T09:40:02.013+0000] {processor.py:153} INFO - Started process (PID=2904) to work on /home/airflow/.local/lib/python3.7/site-packages/airflow/example_dags/example_latest_only.py
[2023-03-09T09:40:02.015+0000] {processor.py:743} INFO - Processing file /home/airflow/.local/lib/python3.7/site-packages/airflow/example_dags/example_latest_only.py for tasks to queue
[2023-03-09T09:40:02.017+0000] {logging_mixin.py:137} INFO - [2023-03-09T09:40:02.016+0000] {dagbag.py:538} INFO - Filling up the DagBag from /home/airflow/.local/lib/python3.7/site-packages/airflow/example_dags/example_latest_only.py
[2023-03-09T09:40:02.027+0000] {processor.py:753} INFO - DAG(s) dict_keys(['latest_only']) retrieved from /home/airflow/.local/lib/python3.7/site-packages/airflow/example_dags/example_latest_only.py
[2023-03-09T09:40:02.046+0000] {logging_mixin.py:137} INFO - [2023-03-09T09:40:02.045+0000] {dag.py:2690} INFO - Sync 1 DAGs
[2023-03-09T09:40:02.061+0000] {logging_mixin.py:137} INFO - [2023-03-09T09:40:02.060+0000] {dag.py:3441} INFO - Setting next_dagrun for latest_only to 2023-03-09T05:40:02.060787+00:00, run_after=2023-03-09T09:40:02.060787+00:00
[2023-03-09T09:40:02.074+0000] {processor.py:175} INFO - Processing /home/airflow/.local/lib/python3.7/site-packages/airflow/example_dags/example_latest_only.py took 0.063 seconds
[2023-03-09T09:40:32.183+0000] {processor.py:153} INFO - Started process (PID=2982) to work on /home/airflow/.local/lib/python3.7/site-packages/airflow/example_dags/example_latest_only.py
[2023-03-09T09:40:32.185+0000] {processor.py:743} INFO - Processing file /home/airflow/.local/lib/python3.7/site-packages/airflow/example_dags/example_latest_only.py for tasks to queue
[2023-03-09T09:40:32.186+0000] {logging_mixin.py:137} INFO - [2023-03-09T09:40:32.186+0000] {dagbag.py:538} INFO - Filling up the DagBag from /home/airflow/.local/lib/python3.7/site-packages/airflow/example_dags/example_latest_only.py
[2023-03-09T09:40:32.197+0000] {processor.py:753} INFO - DAG(s) dict_keys(['latest_only']) retrieved from /home/airflow/.local/lib/python3.7/site-packages/airflow/example_dags/example_latest_only.py
[2023-03-09T09:40:32.213+0000] {logging_mixin.py:137} INFO - [2023-03-09T09:40:32.213+0000] {dag.py:2690} INFO - Sync 1 DAGs
[2023-03-09T09:40:32.229+0000] {logging_mixin.py:137} INFO - [2023-03-09T09:40:32.228+0000] {dag.py:3441} INFO - Setting next_dagrun for latest_only to 2023-03-09T05:40:32.228790+00:00, run_after=2023-03-09T09:40:32.228790+00:00
[2023-03-09T09:40:32.241+0000] {processor.py:175} INFO - Processing /home/airflow/.local/lib/python3.7/site-packages/airflow/example_dags/example_latest_only.py took 0.061 seconds
[2023-03-09T09:41:02.298+0000] {processor.py:153} INFO - Started process (PID=3050) to work on /home/airflow/.local/lib/python3.7/site-packages/airflow/example_dags/example_latest_only.py
[2023-03-09T09:41:02.300+0000] {processor.py:743} INFO - Processing file /home/airflow/.local/lib/python3.7/site-packages/airflow/example_dags/example_latest_only.py for tasks to queue
[2023-03-09T09:41:02.301+0000] {logging_mixin.py:137} INFO - [2023-03-09T09:41:02.300+0000] {dagbag.py:538} INFO - Filling up the DagBag from /home/airflow/.local/lib/python3.7/site-packages/airflow/example_dags/example_latest_only.py
[2023-03-09T09:41:02.310+0000] {processor.py:753} INFO - DAG(s) dict_keys(['latest_only']) retrieved from /home/airflow/.local/lib/python3.7/site-packages/airflow/example_dags/example_latest_only.py
[2023-03-09T09:41:02.328+0000] {logging_mixin.py:137} INFO - [2023-03-09T09:41:02.328+0000] {dag.py:2690} INFO - Sync 1 DAGs
[2023-03-09T09:41:02.344+0000] {logging_mixin.py:137} INFO - [2023-03-09T09:41:02.344+0000] {dag.py:3441} INFO - Setting next_dagrun for latest_only to 2023-03-09T05:41:02.344001+00:00, run_after=2023-03-09T09:41:02.344001+00:00
[2023-03-09T09:41:02.356+0000] {processor.py:175} INFO - Processing /home/airflow/.local/lib/python3.7/site-packages/airflow/example_dags/example_latest_only.py took 0.061 seconds
[2023-03-09T09:41:33.315+0000] {processor.py:153} INFO - Started process (PID=3127) to work on /home/airflow/.local/lib/python3.7/site-packages/airflow/example_dags/example_latest_only.py
[2023-03-09T09:41:33.317+0000] {processor.py:743} INFO - Processing file /home/airflow/.local/lib/python3.7/site-packages/airflow/example_dags/example_latest_only.py for tasks to queue
[2023-03-09T09:41:33.317+0000] {logging_mixin.py:137} INFO - [2023-03-09T09:41:33.317+0000] {dagbag.py:538} INFO - Filling up the DagBag from /home/airflow/.local/lib/python3.7/site-packages/airflow/example_dags/example_latest_only.py
[2023-03-09T09:41:33.327+0000] {processor.py:753} INFO - DAG(s) dict_keys(['latest_only']) retrieved from /home/airflow/.local/lib/python3.7/site-packages/airflow/example_dags/example_latest_only.py
[2023-03-09T09:41:33.346+0000] {logging_mixin.py:137} INFO - [2023-03-09T09:41:33.346+0000] {dag.py:2690} INFO - Sync 1 DAGs
[2023-03-09T09:41:33.360+0000] {logging_mixin.py:137} INFO - [2023-03-09T09:41:33.360+0000] {dag.py:3441} INFO - Setting next_dagrun for latest_only to 2023-03-09T05:41:33.360344+00:00, run_after=2023-03-09T09:41:33.360344+00:00
[2023-03-09T09:41:33.372+0000] {processor.py:175} INFO - Processing /home/airflow/.local/lib/python3.7/site-packages/airflow/example_dags/example_latest_only.py took 0.059 seconds
[2023-03-09T09:42:03.731+0000] {processor.py:153} INFO - Started process (PID=3205) to work on /home/airflow/.local/lib/python3.7/site-packages/airflow/example_dags/example_latest_only.py
[2023-03-09T09:42:03.733+0000] {processor.py:743} INFO - Processing file /home/airflow/.local/lib/python3.7/site-packages/airflow/example_dags/example_latest_only.py for tasks to queue
[2023-03-09T09:42:03.736+0000] {logging_mixin.py:137} INFO - [2023-03-09T09:42:03.736+0000] {dagbag.py:538} INFO - Filling up the DagBag from /home/airflow/.local/lib/python3.7/site-packages/airflow/example_dags/example_latest_only.py
[2023-03-09T09:42:03.750+0000] {processor.py:753} INFO - DAG(s) dict_keys(['latest_only']) retrieved from /home/airflow/.local/lib/python3.7/site-packages/airflow/example_dags/example_latest_only.py
[2023-03-09T09:42:03.777+0000] {logging_mixin.py:137} INFO - [2023-03-09T09:42:03.777+0000] {dag.py:2690} INFO - Sync 1 DAGs
[2023-03-09T09:42:03.799+0000] {logging_mixin.py:137} INFO - [2023-03-09T09:42:03.799+0000] {dag.py:3441} INFO - Setting next_dagrun for latest_only to 2023-03-09T05:42:03.799383+00:00, run_after=2023-03-09T09:42:03.799383+00:00
[2023-03-09T09:42:03.824+0000] {processor.py:175} INFO - Processing /home/airflow/.local/lib/python3.7/site-packages/airflow/example_dags/example_latest_only.py took 0.095 seconds
[2023-03-09T09:42:33.953+0000] {processor.py:153} INFO - Started process (PID=3272) to work on /home/airflow/.local/lib/python3.7/site-packages/airflow/example_dags/example_latest_only.py
[2023-03-09T09:42:33.954+0000] {processor.py:743} INFO - Processing file /home/airflow/.local/lib/python3.7/site-packages/airflow/example_dags/example_latest_only.py for tasks to queue
[2023-03-09T09:42:33.955+0000] {logging_mixin.py:137} INFO - [2023-03-09T09:42:33.955+0000] {dagbag.py:538} INFO - Filling up the DagBag from /home/airflow/.local/lib/python3.7/site-packages/airflow/example_dags/example_latest_only.py
[2023-03-09T09:42:33.964+0000] {processor.py:753} INFO - DAG(s) dict_keys(['latest_only']) retrieved from /home/airflow/.local/lib/python3.7/site-packages/airflow/example_dags/example_latest_only.py
[2023-03-09T09:42:33.981+0000] {logging_mixin.py:137} INFO - [2023-03-09T09:42:33.981+0000] {dag.py:2690} INFO - Sync 1 DAGs
[2023-03-09T09:42:33.996+0000] {logging_mixin.py:137} INFO - [2023-03-09T09:42:33.996+0000] {dag.py:3441} INFO - Setting next_dagrun for latest_only to 2023-03-09T05:42:33.996346+00:00, run_after=2023-03-09T09:42:33.996346+00:00
[2023-03-09T09:42:34.007+0000] {processor.py:175} INFO - Processing /home/airflow/.local/lib/python3.7/site-packages/airflow/example_dags/example_latest_only.py took 0.057 seconds
[2023-03-09T09:43:04.424+0000] {processor.py:153} INFO - Started process (PID=3350) to work on /home/airflow/.local/lib/python3.7/site-packages/airflow/example_dags/example_latest_only.py
[2023-03-09T09:43:04.425+0000] {processor.py:743} INFO - Processing file /home/airflow/.local/lib/python3.7/site-packages/airflow/example_dags/example_latest_only.py for tasks to queue
[2023-03-09T09:43:04.426+0000] {logging_mixin.py:137} INFO - [2023-03-09T09:43:04.426+0000] {dagbag.py:538} INFO - Filling up the DagBag from /home/airflow/.local/lib/python3.7/site-packages/airflow/example_dags/example_latest_only.py
[2023-03-09T09:43:04.438+0000] {processor.py:753} INFO - DAG(s) dict_keys(['latest_only']) retrieved from /home/airflow/.local/lib/python3.7/site-packages/airflow/example_dags/example_latest_only.py
[2023-03-09T09:43:04.459+0000] {logging_mixin.py:137} INFO - [2023-03-09T09:43:04.459+0000] {dag.py:2690} INFO - Sync 1 DAGs
[2023-03-09T09:43:04.478+0000] {logging_mixin.py:137} INFO - [2023-03-09T09:43:04.477+0000] {dag.py:3441} INFO - Setting next_dagrun for latest_only to 2023-03-09T05:43:04.477697+00:00, run_after=2023-03-09T09:43:04.477697+00:00
[2023-03-09T09:43:04.492+0000] {processor.py:175} INFO - Processing /home/airflow/.local/lib/python3.7/site-packages/airflow/example_dags/example_latest_only.py took 0.072 seconds
[2023-03-09T09:43:34.771+0000] {processor.py:153} INFO - Started process (PID=3418) to work on /home/airflow/.local/lib/python3.7/site-packages/airflow/example_dags/example_latest_only.py
[2023-03-09T09:43:34.773+0000] {processor.py:743} INFO - Processing file /home/airflow/.local/lib/python3.7/site-packages/airflow/example_dags/example_latest_only.py for tasks to queue
[2023-03-09T09:43:34.775+0000] {logging_mixin.py:137} INFO - [2023-03-09T09:43:34.775+0000] {dagbag.py:538} INFO - Filling up the DagBag from /home/airflow/.local/lib/python3.7/site-packages/airflow/example_dags/example_latest_only.py
[2023-03-09T09:43:34.785+0000] {processor.py:753} INFO - DAG(s) dict_keys(['latest_only']) retrieved from /home/airflow/.local/lib/python3.7/site-packages/airflow/example_dags/example_latest_only.py
[2023-03-09T09:43:34.806+0000] {logging_mixin.py:137} INFO - [2023-03-09T09:43:34.805+0000] {dag.py:2690} INFO - Sync 1 DAGs
[2023-03-09T09:43:34.822+0000] {logging_mixin.py:137} INFO - [2023-03-09T09:43:34.822+0000] {dag.py:3441} INFO - Setting next_dagrun for latest_only to 2023-03-09T05:43:34.821861+00:00, run_after=2023-03-09T09:43:34.821861+00:00
[2023-03-09T09:43:34.836+0000] {processor.py:175} INFO - Processing /home/airflow/.local/lib/python3.7/site-packages/airflow/example_dags/example_latest_only.py took 0.067 seconds
[2023-03-09T09:44:05.251+0000] {processor.py:153} INFO - Started process (PID=3499) to work on /home/airflow/.local/lib/python3.7/site-packages/airflow/example_dags/example_latest_only.py
[2023-03-09T09:44:05.253+0000] {processor.py:743} INFO - Processing file /home/airflow/.local/lib/python3.7/site-packages/airflow/example_dags/example_latest_only.py for tasks to queue
[2023-03-09T09:44:05.254+0000] {logging_mixin.py:137} INFO - [2023-03-09T09:44:05.254+0000] {dagbag.py:538} INFO - Filling up the DagBag from /home/airflow/.local/lib/python3.7/site-packages/airflow/example_dags/example_latest_only.py
[2023-03-09T09:44:05.266+0000] {processor.py:753} INFO - DAG(s) dict_keys(['latest_only']) retrieved from /home/airflow/.local/lib/python3.7/site-packages/airflow/example_dags/example_latest_only.py
[2023-03-09T09:44:05.287+0000] {logging_mixin.py:137} INFO - [2023-03-09T09:44:05.286+0000] {dag.py:2690} INFO - Sync 1 DAGs
[2023-03-09T09:44:05.305+0000] {logging_mixin.py:137} INFO - [2023-03-09T09:44:05.305+0000] {dag.py:3441} INFO - Setting next_dagrun for latest_only to 2023-03-09T05:44:05.305064+00:00, run_after=2023-03-09T09:44:05.305064+00:00
[2023-03-09T09:44:05.317+0000] {processor.py:175} INFO - Processing /home/airflow/.local/lib/python3.7/site-packages/airflow/example_dags/example_latest_only.py took 0.069 seconds
[2023-03-09T09:44:35.518+0000] {processor.py:153} INFO - Started process (PID=3581) to work on /home/airflow/.local/lib/python3.7/site-packages/airflow/example_dags/example_latest_only.py
[2023-03-09T09:44:35.519+0000] {processor.py:743} INFO - Processing file /home/airflow/.local/lib/python3.7/site-packages/airflow/example_dags/example_latest_only.py for tasks to queue
[2023-03-09T09:44:35.520+0000] {logging_mixin.py:137} INFO - [2023-03-09T09:44:35.520+0000] {dagbag.py:538} INFO - Filling up the DagBag from /home/airflow/.local/lib/python3.7/site-packages/airflow/example_dags/example_latest_only.py
[2023-03-09T09:44:35.531+0000] {processor.py:753} INFO - DAG(s) dict_keys(['latest_only']) retrieved from /home/airflow/.local/lib/python3.7/site-packages/airflow/example_dags/example_latest_only.py
[2023-03-09T09:44:35.549+0000] {logging_mixin.py:137} INFO - [2023-03-09T09:44:35.549+0000] {dag.py:2690} INFO - Sync 1 DAGs
[2023-03-09T09:44:35.565+0000] {logging_mixin.py:137} INFO - [2023-03-09T09:44:35.565+0000] {dag.py:3441} INFO - Setting next_dagrun for latest_only to 2023-03-09T05:44:35.565001+00:00, run_after=2023-03-09T09:44:35.565001+00:00
[2023-03-09T09:44:35.577+0000] {processor.py:175} INFO - Processing /home/airflow/.local/lib/python3.7/site-packages/airflow/example_dags/example_latest_only.py took 0.062 seconds
[2023-03-09T09:45:05.737+0000] {processor.py:153} INFO - Started process (PID=3647) to work on /home/airflow/.local/lib/python3.7/site-packages/airflow/example_dags/example_latest_only.py
[2023-03-09T09:45:05.739+0000] {processor.py:743} INFO - Processing file /home/airflow/.local/lib/python3.7/site-packages/airflow/example_dags/example_latest_only.py for tasks to queue
[2023-03-09T09:45:05.740+0000] {logging_mixin.py:137} INFO - [2023-03-09T09:45:05.739+0000] {dagbag.py:538} INFO - Filling up the DagBag from /home/airflow/.local/lib/python3.7/site-packages/airflow/example_dags/example_latest_only.py
[2023-03-09T09:45:05.749+0000] {processor.py:753} INFO - DAG(s) dict_keys(['latest_only']) retrieved from /home/airflow/.local/lib/python3.7/site-packages/airflow/example_dags/example_latest_only.py
[2023-03-09T09:45:05.769+0000] {logging_mixin.py:137} INFO - [2023-03-09T09:45:05.768+0000] {dag.py:2690} INFO - Sync 1 DAGs
[2023-03-09T09:45:05.786+0000] {logging_mixin.py:137} INFO - [2023-03-09T09:45:05.786+0000] {dag.py:3441} INFO - Setting next_dagrun for latest_only to 2023-03-09T05:45:05.786108+00:00, run_after=2023-03-09T09:45:05.786108+00:00
[2023-03-09T09:45:05.800+0000] {processor.py:175} INFO - Processing /home/airflow/.local/lib/python3.7/site-packages/airflow/example_dags/example_latest_only.py took 0.066 seconds
[2023-03-09T09:45:36.217+0000] {processor.py:153} INFO - Started process (PID=3725) to work on /home/airflow/.local/lib/python3.7/site-packages/airflow/example_dags/example_latest_only.py
[2023-03-09T09:45:36.219+0000] {processor.py:743} INFO - Processing file /home/airflow/.local/lib/python3.7/site-packages/airflow/example_dags/example_latest_only.py for tasks to queue
[2023-03-09T09:45:36.220+0000] {logging_mixin.py:137} INFO - [2023-03-09T09:45:36.220+0000] {dagbag.py:538} INFO - Filling up the DagBag from /home/airflow/.local/lib/python3.7/site-packages/airflow/example_dags/example_latest_only.py
[2023-03-09T09:45:36.235+0000] {processor.py:753} INFO - DAG(s) dict_keys(['latest_only']) retrieved from /home/airflow/.local/lib/python3.7/site-packages/airflow/example_dags/example_latest_only.py
[2023-03-09T09:45:36.255+0000] {logging_mixin.py:137} INFO - [2023-03-09T09:45:36.255+0000] {dag.py:2690} INFO - Sync 1 DAGs
[2023-03-09T09:45:36.272+0000] {logging_mixin.py:137} INFO - [2023-03-09T09:45:36.272+0000] {dag.py:3441} INFO - Setting next_dagrun for latest_only to 2023-03-09T05:45:36.272437+00:00, run_after=2023-03-09T09:45:36.272437+00:00
[2023-03-09T09:45:36.285+0000] {processor.py:175} INFO - Processing /home/airflow/.local/lib/python3.7/site-packages/airflow/example_dags/example_latest_only.py took 0.070 seconds
[2023-03-09T09:46:06.366+0000] {processor.py:153} INFO - Started process (PID=3809) to work on /home/airflow/.local/lib/python3.7/site-packages/airflow/example_dags/example_latest_only.py
[2023-03-09T09:46:06.368+0000] {processor.py:743} INFO - Processing file /home/airflow/.local/lib/python3.7/site-packages/airflow/example_dags/example_latest_only.py for tasks to queue
[2023-03-09T09:46:06.369+0000] {logging_mixin.py:137} INFO - [2023-03-09T09:46:06.369+0000] {dagbag.py:538} INFO - Filling up the DagBag from /home/airflow/.local/lib/python3.7/site-packages/airflow/example_dags/example_latest_only.py
[2023-03-09T09:46:06.378+0000] {processor.py:753} INFO - DAG(s) dict_keys(['latest_only']) retrieved from /home/airflow/.local/lib/python3.7/site-packages/airflow/example_dags/example_latest_only.py
[2023-03-09T09:46:06.396+0000] {logging_mixin.py:137} INFO - [2023-03-09T09:46:06.396+0000] {dag.py:2690} INFO - Sync 1 DAGs
[2023-03-09T09:46:06.412+0000] {logging_mixin.py:137} INFO - [2023-03-09T09:46:06.412+0000] {dag.py:3441} INFO - Setting next_dagrun for latest_only to 2023-03-09T05:46:06.411945+00:00, run_after=2023-03-09T09:46:06.411945+00:00
[2023-03-09T09:46:06.424+0000] {processor.py:175} INFO - Processing /home/airflow/.local/lib/python3.7/site-packages/airflow/example_dags/example_latest_only.py took 0.060 seconds
[2023-03-09T09:46:36.796+0000] {processor.py:153} INFO - Started process (PID=3874) to work on /home/airflow/.local/lib/python3.7/site-packages/airflow/example_dags/example_latest_only.py
[2023-03-09T09:46:36.798+0000] {processor.py:743} INFO - Processing file /home/airflow/.local/lib/python3.7/site-packages/airflow/example_dags/example_latest_only.py for tasks to queue
[2023-03-09T09:46:36.799+0000] {logging_mixin.py:137} INFO - [2023-03-09T09:46:36.799+0000] {dagbag.py:538} INFO - Filling up the DagBag from /home/airflow/.local/lib/python3.7/site-packages/airflow/example_dags/example_latest_only.py
[2023-03-09T09:46:36.809+0000] {processor.py:753} INFO - DAG(s) dict_keys(['latest_only']) retrieved from /home/airflow/.local/lib/python3.7/site-packages/airflow/example_dags/example_latest_only.py
[2023-03-09T09:46:36.826+0000] {logging_mixin.py:137} INFO - [2023-03-09T09:46:36.826+0000] {dag.py:2690} INFO - Sync 1 DAGs
[2023-03-09T09:46:36.842+0000] {logging_mixin.py:137} INFO - [2023-03-09T09:46:36.842+0000] {dag.py:3441} INFO - Setting next_dagrun for latest_only to 2023-03-09T05:46:36.842243+00:00, run_after=2023-03-09T09:46:36.842243+00:00
[2023-03-09T09:46:36.853+0000] {processor.py:175} INFO - Processing /home/airflow/.local/lib/python3.7/site-packages/airflow/example_dags/example_latest_only.py took 0.060 seconds
[2023-03-09T09:47:07.217+0000] {processor.py:153} INFO - Started process (PID=3957) to work on /home/airflow/.local/lib/python3.7/site-packages/airflow/example_dags/example_latest_only.py
[2023-03-09T09:47:07.219+0000] {processor.py:743} INFO - Processing file /home/airflow/.local/lib/python3.7/site-packages/airflow/example_dags/example_latest_only.py for tasks to queue
[2023-03-09T09:47:07.220+0000] {logging_mixin.py:137} INFO - [2023-03-09T09:47:07.220+0000] {dagbag.py:538} INFO - Filling up the DagBag from /home/airflow/.local/lib/python3.7/site-packages/airflow/example_dags/example_latest_only.py
[2023-03-09T09:47:07.230+0000] {processor.py:753} INFO - DAG(s) dict_keys(['latest_only']) retrieved from /home/airflow/.local/lib/python3.7/site-packages/airflow/example_dags/example_latest_only.py
[2023-03-09T09:47:07.250+0000] {logging_mixin.py:137} INFO - [2023-03-09T09:47:07.249+0000] {dag.py:2690} INFO - Sync 1 DAGs
[2023-03-09T09:47:07.265+0000] {logging_mixin.py:137} INFO - [2023-03-09T09:47:07.265+0000] {dag.py:3441} INFO - Setting next_dagrun for latest_only to 2023-03-09T05:47:07.265595+00:00, run_after=2023-03-09T09:47:07.265595+00:00
[2023-03-09T09:47:07.278+0000] {processor.py:175} INFO - Processing /home/airflow/.local/lib/python3.7/site-packages/airflow/example_dags/example_latest_only.py took 0.063 seconds
[2023-03-09T09:47:37.550+0000] {processor.py:153} INFO - Started process (PID=4036) to work on /home/airflow/.local/lib/python3.7/site-packages/airflow/example_dags/example_latest_only.py
[2023-03-09T09:47:37.553+0000] {processor.py:743} INFO - Processing file /home/airflow/.local/lib/python3.7/site-packages/airflow/example_dags/example_latest_only.py for tasks to queue
[2023-03-09T09:47:37.555+0000] {logging_mixin.py:137} INFO - [2023-03-09T09:47:37.555+0000] {dagbag.py:538} INFO - Filling up the DagBag from /home/airflow/.local/lib/python3.7/site-packages/airflow/example_dags/example_latest_only.py
[2023-03-09T09:47:37.569+0000] {processor.py:753} INFO - DAG(s) dict_keys(['latest_only']) retrieved from /home/airflow/.local/lib/python3.7/site-packages/airflow/example_dags/example_latest_only.py
[2023-03-09T09:47:37.593+0000] {logging_mixin.py:137} INFO - [2023-03-09T09:47:37.593+0000] {dag.py:2690} INFO - Sync 1 DAGs
[2023-03-09T09:47:37.617+0000] {logging_mixin.py:137} INFO - [2023-03-09T09:47:37.617+0000] {dag.py:3441} INFO - Setting next_dagrun for latest_only to 2023-03-09T05:47:37.617274+00:00, run_after=2023-03-09T09:47:37.617274+00:00
[2023-03-09T09:47:37.645+0000] {processor.py:175} INFO - Processing /home/airflow/.local/lib/python3.7/site-packages/airflow/example_dags/example_latest_only.py took 0.098 seconds
[2023-03-09T09:48:07.903+0000] {processor.py:153} INFO - Started process (PID=4100) to work on /home/airflow/.local/lib/python3.7/site-packages/airflow/example_dags/example_latest_only.py
[2023-03-09T09:48:07.905+0000] {processor.py:743} INFO - Processing file /home/airflow/.local/lib/python3.7/site-packages/airflow/example_dags/example_latest_only.py for tasks to queue
[2023-03-09T09:48:07.906+0000] {logging_mixin.py:137} INFO - [2023-03-09T09:48:07.906+0000] {dagbag.py:538} INFO - Filling up the DagBag from /home/airflow/.local/lib/python3.7/site-packages/airflow/example_dags/example_latest_only.py
[2023-03-09T09:48:07.918+0000] {processor.py:753} INFO - DAG(s) dict_keys(['latest_only']) retrieved from /home/airflow/.local/lib/python3.7/site-packages/airflow/example_dags/example_latest_only.py
[2023-03-09T09:48:07.937+0000] {logging_mixin.py:137} INFO - [2023-03-09T09:48:07.937+0000] {dag.py:2690} INFO - Sync 1 DAGs
[2023-03-09T09:48:07.954+0000] {logging_mixin.py:137} INFO - [2023-03-09T09:48:07.954+0000] {dag.py:3441} INFO - Setting next_dagrun for latest_only to 2023-03-09T05:48:07.954471+00:00, run_after=2023-03-09T09:48:07.954471+00:00
[2023-03-09T09:48:07.966+0000] {processor.py:175} INFO - Processing /home/airflow/.local/lib/python3.7/site-packages/airflow/example_dags/example_latest_only.py took 0.065 seconds
[2023-03-09T09:48:38.181+0000] {processor.py:153} INFO - Started process (PID=4175) to work on /home/airflow/.local/lib/python3.7/site-packages/airflow/example_dags/example_latest_only.py
[2023-03-09T09:48:38.183+0000] {processor.py:743} INFO - Processing file /home/airflow/.local/lib/python3.7/site-packages/airflow/example_dags/example_latest_only.py for tasks to queue
[2023-03-09T09:48:38.184+0000] {logging_mixin.py:137} INFO - [2023-03-09T09:48:38.184+0000] {dagbag.py:538} INFO - Filling up the DagBag from /home/airflow/.local/lib/python3.7/site-packages/airflow/example_dags/example_latest_only.py
[2023-03-09T09:48:38.193+0000] {processor.py:753} INFO - DAG(s) dict_keys(['latest_only']) retrieved from /home/airflow/.local/lib/python3.7/site-packages/airflow/example_dags/example_latest_only.py
[2023-03-09T09:48:38.211+0000] {logging_mixin.py:137} INFO - [2023-03-09T09:48:38.211+0000] {dag.py:2690} INFO - Sync 1 DAGs
[2023-03-09T09:48:38.227+0000] {logging_mixin.py:137} INFO - [2023-03-09T09:48:38.227+0000] {dag.py:3441} INFO - Setting next_dagrun for latest_only to 2023-03-09T05:48:38.227520+00:00, run_after=2023-03-09T09:48:38.227520+00:00
[2023-03-09T09:48:38.240+0000] {processor.py:175} INFO - Processing /home/airflow/.local/lib/python3.7/site-packages/airflow/example_dags/example_latest_only.py took 0.062 seconds
[2023-03-09T09:49:08.466+0000] {processor.py:153} INFO - Started process (PID=4243) to work on /home/airflow/.local/lib/python3.7/site-packages/airflow/example_dags/example_latest_only.py
[2023-03-09T09:49:08.468+0000] {processor.py:743} INFO - Processing file /home/airflow/.local/lib/python3.7/site-packages/airflow/example_dags/example_latest_only.py for tasks to queue
[2023-03-09T09:49:08.469+0000] {logging_mixin.py:137} INFO - [2023-03-09T09:49:08.469+0000] {dagbag.py:538} INFO - Filling up the DagBag from /home/airflow/.local/lib/python3.7/site-packages/airflow/example_dags/example_latest_only.py
[2023-03-09T09:49:08.485+0000] {processor.py:753} INFO - DAG(s) dict_keys(['latest_only']) retrieved from /home/airflow/.local/lib/python3.7/site-packages/airflow/example_dags/example_latest_only.py
[2023-03-09T09:49:08.509+0000] {logging_mixin.py:137} INFO - [2023-03-09T09:49:08.509+0000] {dag.py:2690} INFO - Sync 1 DAGs
[2023-03-09T09:49:08.534+0000] {logging_mixin.py:137} INFO - [2023-03-09T09:49:08.534+0000] {dag.py:3441} INFO - Setting next_dagrun for latest_only to 2023-03-09T05:49:08.534405+00:00, run_after=2023-03-09T09:49:08.534405+00:00
[2023-03-09T09:49:08.548+0000] {processor.py:175} INFO - Processing /home/airflow/.local/lib/python3.7/site-packages/airflow/example_dags/example_latest_only.py took 0.084 seconds
[2023-03-09T09:49:38.952+0000] {processor.py:153} INFO - Started process (PID=4326) to work on /home/airflow/.local/lib/python3.7/site-packages/airflow/example_dags/example_latest_only.py
[2023-03-09T09:49:38.953+0000] {processor.py:743} INFO - Processing file /home/airflow/.local/lib/python3.7/site-packages/airflow/example_dags/example_latest_only.py for tasks to queue
[2023-03-09T09:49:38.954+0000] {logging_mixin.py:137} INFO - [2023-03-09T09:49:38.954+0000] {dagbag.py:538} INFO - Filling up the DagBag from /home/airflow/.local/lib/python3.7/site-packages/airflow/example_dags/example_latest_only.py
[2023-03-09T09:49:38.964+0000] {processor.py:753} INFO - DAG(s) dict_keys(['latest_only']) retrieved from /home/airflow/.local/lib/python3.7/site-packages/airflow/example_dags/example_latest_only.py
[2023-03-09T09:49:38.982+0000] {logging_mixin.py:137} INFO - [2023-03-09T09:49:38.981+0000] {dag.py:2690} INFO - Sync 1 DAGs
[2023-03-09T09:49:38.996+0000] {logging_mixin.py:137} INFO - [2023-03-09T09:49:38.996+0000] {dag.py:3441} INFO - Setting next_dagrun for latest_only to 2023-03-09T05:49:38.996615+00:00, run_after=2023-03-09T09:49:38.996615+00:00
[2023-03-09T09:49:39.009+0000] {processor.py:175} INFO - Processing /home/airflow/.local/lib/python3.7/site-packages/airflow/example_dags/example_latest_only.py took 0.059 seconds
[2023-03-09T09:50:09.434+0000] {processor.py:153} INFO - Started process (PID=4405) to work on /home/airflow/.local/lib/python3.7/site-packages/airflow/example_dags/example_latest_only.py
[2023-03-09T09:50:09.436+0000] {processor.py:743} INFO - Processing file /home/airflow/.local/lib/python3.7/site-packages/airflow/example_dags/example_latest_only.py for tasks to queue
[2023-03-09T09:50:09.438+0000] {logging_mixin.py:137} INFO - [2023-03-09T09:50:09.438+0000] {dagbag.py:538} INFO - Filling up the DagBag from /home/airflow/.local/lib/python3.7/site-packages/airflow/example_dags/example_latest_only.py
[2023-03-09T09:50:09.450+0000] {processor.py:753} INFO - DAG(s) dict_keys(['latest_only']) retrieved from /home/airflow/.local/lib/python3.7/site-packages/airflow/example_dags/example_latest_only.py
[2023-03-09T09:50:09.471+0000] {logging_mixin.py:137} INFO - [2023-03-09T09:50:09.470+0000] {dag.py:2690} INFO - Sync 1 DAGs
[2023-03-09T09:50:09.514+0000] {logging_mixin.py:137} INFO - [2023-03-09T09:50:09.514+0000] {dag.py:3441} INFO - Setting next_dagrun for latest_only to 2023-03-09T05:50:09.514411+00:00, run_after=2023-03-09T09:50:09.514411+00:00
[2023-03-09T09:50:09.534+0000] {processor.py:175} INFO - Processing /home/airflow/.local/lib/python3.7/site-packages/airflow/example_dags/example_latest_only.py took 0.102 seconds
