[2023-03-09T09:02:17.331+0000] {processor.py:153} INFO - Started process (PID=55) to work on /home/airflow/.local/lib/python3.7/site-packages/airflow/example_dags/example_sensors.py
[2023-03-09T09:02:17.350+0000] {processor.py:743} INFO - Processing file /home/airflow/.local/lib/python3.7/site-packages/airflow/example_dags/example_sensors.py for tasks to queue
[2023-03-09T09:02:17.353+0000] {logging_mixin.py:137} INFO - [2023-03-09T09:02:17.352+0000] {dagbag.py:538} INFO - Filling up the DagBag from /home/airflow/.local/lib/python3.7/site-packages/airflow/example_dags/example_sensors.py
[2023-03-09T09:02:17.524+0000] {processor.py:753} INFO - DAG(s) dict_keys(['example_sensors']) retrieved from /home/airflow/.local/lib/python3.7/site-packages/airflow/example_dags/example_sensors.py
[2023-03-09T09:02:17.582+0000] {logging_mixin.py:137} INFO - [2023-03-09T09:02:17.582+0000] {dag.py:2690} INFO - Sync 1 DAGs
[2023-03-09T09:02:17.711+0000] {logging_mixin.py:137} INFO - [2023-03-09T09:02:17.711+0000] {dag.py:3441} INFO - Setting next_dagrun for example_sensors to None, run_after=None
[2023-03-09T09:02:17.829+0000] {processor.py:175} INFO - Processing /home/airflow/.local/lib/python3.7/site-packages/airflow/example_dags/example_sensors.py took 0.514 seconds
[2023-03-09T09:02:47.977+0000] {processor.py:153} INFO - Started process (PID=124) to work on /home/airflow/.local/lib/python3.7/site-packages/airflow/example_dags/example_sensors.py
[2023-03-09T09:02:47.979+0000] {processor.py:743} INFO - Processing file /home/airflow/.local/lib/python3.7/site-packages/airflow/example_dags/example_sensors.py for tasks to queue
[2023-03-09T09:02:47.980+0000] {logging_mixin.py:137} INFO - [2023-03-09T09:02:47.980+0000] {dagbag.py:538} INFO - Filling up the DagBag from /home/airflow/.local/lib/python3.7/site-packages/airflow/example_dags/example_sensors.py
[2023-03-09T09:02:47.996+0000] {processor.py:753} INFO - DAG(s) dict_keys(['example_sensors']) retrieved from /home/airflow/.local/lib/python3.7/site-packages/airflow/example_dags/example_sensors.py
[2023-03-09T09:02:48.014+0000] {logging_mixin.py:137} INFO - [2023-03-09T09:02:48.014+0000] {dag.py:2690} INFO - Sync 1 DAGs
[2023-03-09T09:02:48.029+0000] {logging_mixin.py:137} INFO - [2023-03-09T09:02:48.029+0000] {dag.py:3441} INFO - Setting next_dagrun for example_sensors to None, run_after=None
[2023-03-09T09:02:48.040+0000] {processor.py:175} INFO - Processing /home/airflow/.local/lib/python3.7/site-packages/airflow/example_dags/example_sensors.py took 0.065 seconds
[2023-03-09T09:03:18.157+0000] {processor.py:153} INFO - Started process (PID=191) to work on /home/airflow/.local/lib/python3.7/site-packages/airflow/example_dags/example_sensors.py
[2023-03-09T09:03:18.160+0000] {processor.py:743} INFO - Processing file /home/airflow/.local/lib/python3.7/site-packages/airflow/example_dags/example_sensors.py for tasks to queue
[2023-03-09T09:03:18.163+0000] {logging_mixin.py:137} INFO - [2023-03-09T09:03:18.163+0000] {dagbag.py:538} INFO - Filling up the DagBag from /home/airflow/.local/lib/python3.7/site-packages/airflow/example_dags/example_sensors.py
[2023-03-09T09:03:18.186+0000] {processor.py:753} INFO - DAG(s) dict_keys(['example_sensors']) retrieved from /home/airflow/.local/lib/python3.7/site-packages/airflow/example_dags/example_sensors.py
[2023-03-09T09:03:18.216+0000] {logging_mixin.py:137} INFO - [2023-03-09T09:03:18.216+0000] {dag.py:2690} INFO - Sync 1 DAGs
[2023-03-09T09:03:18.237+0000] {logging_mixin.py:137} INFO - [2023-03-09T09:03:18.237+0000] {dag.py:3441} INFO - Setting next_dagrun for example_sensors to None, run_after=None
[2023-03-09T09:03:18.282+0000] {processor.py:175} INFO - Processing /home/airflow/.local/lib/python3.7/site-packages/airflow/example_dags/example_sensors.py took 0.129 seconds
[2023-03-09T09:03:48.629+0000] {processor.py:153} INFO - Started process (PID=270) to work on /home/airflow/.local/lib/python3.7/site-packages/airflow/example_dags/example_sensors.py
[2023-03-09T09:03:48.631+0000] {processor.py:743} INFO - Processing file /home/airflow/.local/lib/python3.7/site-packages/airflow/example_dags/example_sensors.py for tasks to queue
[2023-03-09T09:03:48.633+0000] {logging_mixin.py:137} INFO - [2023-03-09T09:03:48.633+0000] {dagbag.py:538} INFO - Filling up the DagBag from /home/airflow/.local/lib/python3.7/site-packages/airflow/example_dags/example_sensors.py
[2023-03-09T09:03:48.648+0000] {processor.py:753} INFO - DAG(s) dict_keys(['example_sensors']) retrieved from /home/airflow/.local/lib/python3.7/site-packages/airflow/example_dags/example_sensors.py
[2023-03-09T09:03:48.670+0000] {logging_mixin.py:137} INFO - [2023-03-09T09:03:48.670+0000] {dag.py:2690} INFO - Sync 1 DAGs
[2023-03-09T09:03:48.686+0000] {logging_mixin.py:137} INFO - [2023-03-09T09:03:48.686+0000] {dag.py:3441} INFO - Setting next_dagrun for example_sensors to None, run_after=None
[2023-03-09T09:03:48.702+0000] {processor.py:175} INFO - Processing /home/airflow/.local/lib/python3.7/site-packages/airflow/example_dags/example_sensors.py took 0.075 seconds
[2023-03-09T09:20:41.294+0000] {processor.py:153} INFO - Started process (PID=46) to work on /home/airflow/.local/lib/python3.7/site-packages/airflow/example_dags/example_sensors.py
[2023-03-09T09:20:41.302+0000] {processor.py:743} INFO - Processing file /home/airflow/.local/lib/python3.7/site-packages/airflow/example_dags/example_sensors.py for tasks to queue
[2023-03-09T09:20:41.304+0000] {logging_mixin.py:137} INFO - [2023-03-09T09:20:41.304+0000] {dagbag.py:538} INFO - Filling up the DagBag from /home/airflow/.local/lib/python3.7/site-packages/airflow/example_dags/example_sensors.py
[2023-03-09T09:20:41.374+0000] {processor.py:753} INFO - DAG(s) dict_keys(['example_sensors']) retrieved from /home/airflow/.local/lib/python3.7/site-packages/airflow/example_dags/example_sensors.py
[2023-03-09T09:20:41.821+0000] {logging_mixin.py:137} INFO - [2023-03-09T09:20:41.821+0000] {manager.py:504} INFO - Created Permission View: can read on DAG:example_sensors
[2023-03-09T09:20:41.851+0000] {logging_mixin.py:137} INFO - [2023-03-09T09:20:41.851+0000] {manager.py:504} INFO - Created Permission View: can edit on DAG:example_sensors
[2023-03-09T09:20:41.867+0000] {logging_mixin.py:137} INFO - [2023-03-09T09:20:41.867+0000] {manager.py:504} INFO - Created Permission View: can delete on DAG:example_sensors
[2023-03-09T09:20:41.869+0000] {logging_mixin.py:137} INFO - [2023-03-09T09:20:41.869+0000] {dag.py:2690} INFO - Sync 1 DAGs
[2023-03-09T09:20:41.896+0000] {logging_mixin.py:137} INFO - [2023-03-09T09:20:41.896+0000] {dag.py:2711} INFO - Creating ORM DAG for example_sensors
[2023-03-09T09:20:41.912+0000] {logging_mixin.py:137} INFO - [2023-03-09T09:20:41.912+0000] {dag.py:3441} INFO - Setting next_dagrun for example_sensors to None, run_after=None
[2023-03-09T09:20:41.958+0000] {processor.py:175} INFO - Processing /home/airflow/.local/lib/python3.7/site-packages/airflow/example_dags/example_sensors.py took 0.687 seconds
[2023-03-09T09:21:12.320+0000] {processor.py:153} INFO - Started process (PID=120) to work on /home/airflow/.local/lib/python3.7/site-packages/airflow/example_dags/example_sensors.py
[2023-03-09T09:21:12.323+0000] {processor.py:743} INFO - Processing file /home/airflow/.local/lib/python3.7/site-packages/airflow/example_dags/example_sensors.py for tasks to queue
[2023-03-09T09:21:12.324+0000] {logging_mixin.py:137} INFO - [2023-03-09T09:21:12.324+0000] {dagbag.py:538} INFO - Filling up the DagBag from /home/airflow/.local/lib/python3.7/site-packages/airflow/example_dags/example_sensors.py
[2023-03-09T09:21:12.342+0000] {processor.py:753} INFO - DAG(s) dict_keys(['example_sensors']) retrieved from /home/airflow/.local/lib/python3.7/site-packages/airflow/example_dags/example_sensors.py
[2023-03-09T09:21:12.365+0000] {logging_mixin.py:137} INFO - [2023-03-09T09:21:12.365+0000] {dag.py:2690} INFO - Sync 1 DAGs
[2023-03-09T09:21:12.387+0000] {logging_mixin.py:137} INFO - [2023-03-09T09:21:12.387+0000] {dag.py:3441} INFO - Setting next_dagrun for example_sensors to None, run_after=None
[2023-03-09T09:21:12.404+0000] {processor.py:175} INFO - Processing /home/airflow/.local/lib/python3.7/site-packages/airflow/example_dags/example_sensors.py took 0.087 seconds
[2023-03-09T09:21:42.752+0000] {processor.py:153} INFO - Started process (PID=191) to work on /home/airflow/.local/lib/python3.7/site-packages/airflow/example_dags/example_sensors.py
[2023-03-09T09:21:42.755+0000] {processor.py:743} INFO - Processing file /home/airflow/.local/lib/python3.7/site-packages/airflow/example_dags/example_sensors.py for tasks to queue
[2023-03-09T09:21:42.756+0000] {logging_mixin.py:137} INFO - [2023-03-09T09:21:42.756+0000] {dagbag.py:538} INFO - Filling up the DagBag from /home/airflow/.local/lib/python3.7/site-packages/airflow/example_dags/example_sensors.py
[2023-03-09T09:21:42.770+0000] {processor.py:753} INFO - DAG(s) dict_keys(['example_sensors']) retrieved from /home/airflow/.local/lib/python3.7/site-packages/airflow/example_dags/example_sensors.py
[2023-03-09T09:21:42.792+0000] {logging_mixin.py:137} INFO - [2023-03-09T09:21:42.792+0000] {dag.py:2690} INFO - Sync 1 DAGs
[2023-03-09T09:21:42.810+0000] {logging_mixin.py:137} INFO - [2023-03-09T09:21:42.810+0000] {dag.py:3441} INFO - Setting next_dagrun for example_sensors to None, run_after=None
[2023-03-09T09:21:42.823+0000] {processor.py:175} INFO - Processing /home/airflow/.local/lib/python3.7/site-packages/airflow/example_dags/example_sensors.py took 0.073 seconds
[2023-03-09T09:22:13.581+0000] {processor.py:153} INFO - Started process (PID=270) to work on /home/airflow/.local/lib/python3.7/site-packages/airflow/example_dags/example_sensors.py
[2023-03-09T09:22:13.583+0000] {processor.py:743} INFO - Processing file /home/airflow/.local/lib/python3.7/site-packages/airflow/example_dags/example_sensors.py for tasks to queue
[2023-03-09T09:22:13.583+0000] {logging_mixin.py:137} INFO - [2023-03-09T09:22:13.583+0000] {dagbag.py:538} INFO - Filling up the DagBag from /home/airflow/.local/lib/python3.7/site-packages/airflow/example_dags/example_sensors.py
[2023-03-09T09:22:13.595+0000] {processor.py:753} INFO - DAG(s) dict_keys(['example_sensors']) retrieved from /home/airflow/.local/lib/python3.7/site-packages/airflow/example_dags/example_sensors.py
[2023-03-09T09:22:13.614+0000] {logging_mixin.py:137} INFO - [2023-03-09T09:22:13.613+0000] {dag.py:2690} INFO - Sync 1 DAGs
[2023-03-09T09:22:13.627+0000] {logging_mixin.py:137} INFO - [2023-03-09T09:22:13.627+0000] {dag.py:3441} INFO - Setting next_dagrun for example_sensors to None, run_after=None
[2023-03-09T09:22:13.639+0000] {processor.py:175} INFO - Processing /home/airflow/.local/lib/python3.7/site-packages/airflow/example_dags/example_sensors.py took 0.060 seconds
[2023-03-09T09:22:43.961+0000] {processor.py:153} INFO - Started process (PID=334) to work on /home/airflow/.local/lib/python3.7/site-packages/airflow/example_dags/example_sensors.py
[2023-03-09T09:22:43.962+0000] {processor.py:743} INFO - Processing file /home/airflow/.local/lib/python3.7/site-packages/airflow/example_dags/example_sensors.py for tasks to queue
[2023-03-09T09:22:43.963+0000] {logging_mixin.py:137} INFO - [2023-03-09T09:22:43.963+0000] {dagbag.py:538} INFO - Filling up the DagBag from /home/airflow/.local/lib/python3.7/site-packages/airflow/example_dags/example_sensors.py
[2023-03-09T09:22:43.977+0000] {processor.py:753} INFO - DAG(s) dict_keys(['example_sensors']) retrieved from /home/airflow/.local/lib/python3.7/site-packages/airflow/example_dags/example_sensors.py
[2023-03-09T09:22:43.996+0000] {logging_mixin.py:137} INFO - [2023-03-09T09:22:43.996+0000] {dag.py:2690} INFO - Sync 1 DAGs
[2023-03-09T09:22:44.014+0000] {logging_mixin.py:137} INFO - [2023-03-09T09:22:44.013+0000] {dag.py:3441} INFO - Setting next_dagrun for example_sensors to None, run_after=None
[2023-03-09T09:22:44.029+0000] {processor.py:175} INFO - Processing /home/airflow/.local/lib/python3.7/site-packages/airflow/example_dags/example_sensors.py took 0.070 seconds
[2023-03-09T09:23:14.215+0000] {processor.py:153} INFO - Started process (PID=414) to work on /home/airflow/.local/lib/python3.7/site-packages/airflow/example_dags/example_sensors.py
[2023-03-09T09:23:14.219+0000] {processor.py:743} INFO - Processing file /home/airflow/.local/lib/python3.7/site-packages/airflow/example_dags/example_sensors.py for tasks to queue
[2023-03-09T09:23:14.222+0000] {logging_mixin.py:137} INFO - [2023-03-09T09:23:14.221+0000] {dagbag.py:538} INFO - Filling up the DagBag from /home/airflow/.local/lib/python3.7/site-packages/airflow/example_dags/example_sensors.py
[2023-03-09T09:23:14.235+0000] {processor.py:753} INFO - DAG(s) dict_keys(['example_sensors']) retrieved from /home/airflow/.local/lib/python3.7/site-packages/airflow/example_dags/example_sensors.py
[2023-03-09T09:23:14.254+0000] {logging_mixin.py:137} INFO - [2023-03-09T09:23:14.254+0000] {dag.py:2690} INFO - Sync 1 DAGs
[2023-03-09T09:23:14.269+0000] {logging_mixin.py:137} INFO - [2023-03-09T09:23:14.269+0000] {dag.py:3441} INFO - Setting next_dagrun for example_sensors to None, run_after=None
[2023-03-09T09:23:14.282+0000] {processor.py:175} INFO - Processing /home/airflow/.local/lib/python3.7/site-packages/airflow/example_dags/example_sensors.py took 0.069 seconds
[2023-03-09T09:23:44.506+0000] {processor.py:153} INFO - Started process (PID=501) to work on /home/airflow/.local/lib/python3.7/site-packages/airflow/example_dags/example_sensors.py
[2023-03-09T09:23:44.507+0000] {processor.py:743} INFO - Processing file /home/airflow/.local/lib/python3.7/site-packages/airflow/example_dags/example_sensors.py for tasks to queue
[2023-03-09T09:23:44.508+0000] {logging_mixin.py:137} INFO - [2023-03-09T09:23:44.508+0000] {dagbag.py:538} INFO - Filling up the DagBag from /home/airflow/.local/lib/python3.7/site-packages/airflow/example_dags/example_sensors.py
[2023-03-09T09:23:44.521+0000] {processor.py:753} INFO - DAG(s) dict_keys(['example_sensors']) retrieved from /home/airflow/.local/lib/python3.7/site-packages/airflow/example_dags/example_sensors.py
[2023-03-09T09:23:44.539+0000] {logging_mixin.py:137} INFO - [2023-03-09T09:23:44.539+0000] {dag.py:2690} INFO - Sync 1 DAGs
[2023-03-09T09:23:44.554+0000] {logging_mixin.py:137} INFO - [2023-03-09T09:23:44.554+0000] {dag.py:3441} INFO - Setting next_dagrun for example_sensors to None, run_after=None
[2023-03-09T09:23:44.564+0000] {processor.py:175} INFO - Processing /home/airflow/.local/lib/python3.7/site-packages/airflow/example_dags/example_sensors.py took 0.061 seconds
[2023-03-09T09:24:14.669+0000] {processor.py:153} INFO - Started process (PID=564) to work on /home/airflow/.local/lib/python3.7/site-packages/airflow/example_dags/example_sensors.py
[2023-03-09T09:24:14.670+0000] {processor.py:743} INFO - Processing file /home/airflow/.local/lib/python3.7/site-packages/airflow/example_dags/example_sensors.py for tasks to queue
[2023-03-09T09:24:14.671+0000] {logging_mixin.py:137} INFO - [2023-03-09T09:24:14.671+0000] {dagbag.py:538} INFO - Filling up the DagBag from /home/airflow/.local/lib/python3.7/site-packages/airflow/example_dags/example_sensors.py
[2023-03-09T09:24:14.684+0000] {processor.py:753} INFO - DAG(s) dict_keys(['example_sensors']) retrieved from /home/airflow/.local/lib/python3.7/site-packages/airflow/example_dags/example_sensors.py
[2023-03-09T09:24:14.704+0000] {logging_mixin.py:137} INFO - [2023-03-09T09:24:14.703+0000] {dag.py:2690} INFO - Sync 1 DAGs
[2023-03-09T09:24:14.718+0000] {logging_mixin.py:137} INFO - [2023-03-09T09:24:14.718+0000] {dag.py:3441} INFO - Setting next_dagrun for example_sensors to None, run_after=None
[2023-03-09T09:24:14.730+0000] {processor.py:175} INFO - Processing /home/airflow/.local/lib/python3.7/site-packages/airflow/example_dags/example_sensors.py took 0.064 seconds
[2023-03-09T09:24:45.472+0000] {processor.py:153} INFO - Started process (PID=642) to work on /home/airflow/.local/lib/python3.7/site-packages/airflow/example_dags/example_sensors.py
[2023-03-09T09:24:45.474+0000] {processor.py:743} INFO - Processing file /home/airflow/.local/lib/python3.7/site-packages/airflow/example_dags/example_sensors.py for tasks to queue
[2023-03-09T09:24:45.475+0000] {logging_mixin.py:137} INFO - [2023-03-09T09:24:45.475+0000] {dagbag.py:538} INFO - Filling up the DagBag from /home/airflow/.local/lib/python3.7/site-packages/airflow/example_dags/example_sensors.py
[2023-03-09T09:24:45.490+0000] {processor.py:753} INFO - DAG(s) dict_keys(['example_sensors']) retrieved from /home/airflow/.local/lib/python3.7/site-packages/airflow/example_dags/example_sensors.py
[2023-03-09T09:24:45.509+0000] {logging_mixin.py:137} INFO - [2023-03-09T09:24:45.509+0000] {dag.py:2690} INFO - Sync 1 DAGs
[2023-03-09T09:24:45.524+0000] {logging_mixin.py:137} INFO - [2023-03-09T09:24:45.524+0000] {dag.py:3441} INFO - Setting next_dagrun for example_sensors to None, run_after=None
[2023-03-09T09:24:45.536+0000] {processor.py:175} INFO - Processing /home/airflow/.local/lib/python3.7/site-packages/airflow/example_dags/example_sensors.py took 0.066 seconds
[2023-03-09T09:25:15.844+0000] {processor.py:153} INFO - Started process (PID=718) to work on /home/airflow/.local/lib/python3.7/site-packages/airflow/example_dags/example_sensors.py
[2023-03-09T09:25:15.847+0000] {processor.py:743} INFO - Processing file /home/airflow/.local/lib/python3.7/site-packages/airflow/example_dags/example_sensors.py for tasks to queue
[2023-03-09T09:25:15.849+0000] {logging_mixin.py:137} INFO - [2023-03-09T09:25:15.849+0000] {dagbag.py:538} INFO - Filling up the DagBag from /home/airflow/.local/lib/python3.7/site-packages/airflow/example_dags/example_sensors.py
[2023-03-09T09:25:15.869+0000] {processor.py:753} INFO - DAG(s) dict_keys(['example_sensors']) retrieved from /home/airflow/.local/lib/python3.7/site-packages/airflow/example_dags/example_sensors.py
[2023-03-09T09:25:15.890+0000] {logging_mixin.py:137} INFO - [2023-03-09T09:25:15.889+0000] {dag.py:2690} INFO - Sync 1 DAGs
[2023-03-09T09:25:15.907+0000] {logging_mixin.py:137} INFO - [2023-03-09T09:25:15.907+0000] {dag.py:3441} INFO - Setting next_dagrun for example_sensors to None, run_after=None
[2023-03-09T09:25:15.920+0000] {processor.py:175} INFO - Processing /home/airflow/.local/lib/python3.7/site-packages/airflow/example_dags/example_sensors.py took 0.079 seconds
[2023-03-09T09:25:46.283+0000] {processor.py:153} INFO - Started process (PID=787) to work on /home/airflow/.local/lib/python3.7/site-packages/airflow/example_dags/example_sensors.py
[2023-03-09T09:25:46.298+0000] {processor.py:743} INFO - Processing file /home/airflow/.local/lib/python3.7/site-packages/airflow/example_dags/example_sensors.py for tasks to queue
[2023-03-09T09:25:46.300+0000] {logging_mixin.py:137} INFO - [2023-03-09T09:25:46.300+0000] {dagbag.py:538} INFO - Filling up the DagBag from /home/airflow/.local/lib/python3.7/site-packages/airflow/example_dags/example_sensors.py
[2023-03-09T09:25:46.330+0000] {processor.py:753} INFO - DAG(s) dict_keys(['example_sensors']) retrieved from /home/airflow/.local/lib/python3.7/site-packages/airflow/example_dags/example_sensors.py
[2023-03-09T09:25:46.380+0000] {logging_mixin.py:137} INFO - [2023-03-09T09:25:46.380+0000] {dag.py:2690} INFO - Sync 1 DAGs
[2023-03-09T09:25:46.405+0000] {logging_mixin.py:137} INFO - [2023-03-09T09:25:46.405+0000] {dag.py:3441} INFO - Setting next_dagrun for example_sensors to None, run_after=None
[2023-03-09T09:25:46.420+0000] {processor.py:175} INFO - Processing /home/airflow/.local/lib/python3.7/site-packages/airflow/example_dags/example_sensors.py took 0.140 seconds
[2023-03-09T09:26:16.625+0000] {processor.py:153} INFO - Started process (PID=863) to work on /home/airflow/.local/lib/python3.7/site-packages/airflow/example_dags/example_sensors.py
[2023-03-09T09:26:16.626+0000] {processor.py:743} INFO - Processing file /home/airflow/.local/lib/python3.7/site-packages/airflow/example_dags/example_sensors.py for tasks to queue
[2023-03-09T09:26:16.627+0000] {logging_mixin.py:137} INFO - [2023-03-09T09:26:16.627+0000] {dagbag.py:538} INFO - Filling up the DagBag from /home/airflow/.local/lib/python3.7/site-packages/airflow/example_dags/example_sensors.py
[2023-03-09T09:26:16.641+0000] {processor.py:753} INFO - DAG(s) dict_keys(['example_sensors']) retrieved from /home/airflow/.local/lib/python3.7/site-packages/airflow/example_dags/example_sensors.py
[2023-03-09T09:26:16.661+0000] {logging_mixin.py:137} INFO - [2023-03-09T09:26:16.661+0000] {dag.py:2690} INFO - Sync 1 DAGs
[2023-03-09T09:26:16.678+0000] {logging_mixin.py:137} INFO - [2023-03-09T09:26:16.678+0000] {dag.py:3441} INFO - Setting next_dagrun for example_sensors to None, run_after=None
[2023-03-09T09:26:16.691+0000] {processor.py:175} INFO - Processing /home/airflow/.local/lib/python3.7/site-packages/airflow/example_dags/example_sensors.py took 0.069 seconds
[2023-03-09T09:26:47.440+0000] {processor.py:153} INFO - Started process (PID=942) to work on /home/airflow/.local/lib/python3.7/site-packages/airflow/example_dags/example_sensors.py
[2023-03-09T09:26:47.441+0000] {processor.py:743} INFO - Processing file /home/airflow/.local/lib/python3.7/site-packages/airflow/example_dags/example_sensors.py for tasks to queue
[2023-03-09T09:26:47.442+0000] {logging_mixin.py:137} INFO - [2023-03-09T09:26:47.442+0000] {dagbag.py:538} INFO - Filling up the DagBag from /home/airflow/.local/lib/python3.7/site-packages/airflow/example_dags/example_sensors.py
[2023-03-09T09:26:47.455+0000] {processor.py:753} INFO - DAG(s) dict_keys(['example_sensors']) retrieved from /home/airflow/.local/lib/python3.7/site-packages/airflow/example_dags/example_sensors.py
[2023-03-09T09:26:47.473+0000] {logging_mixin.py:137} INFO - [2023-03-09T09:26:47.473+0000] {dag.py:2690} INFO - Sync 1 DAGs
[2023-03-09T09:26:47.486+0000] {logging_mixin.py:137} INFO - [2023-03-09T09:26:47.486+0000] {dag.py:3441} INFO - Setting next_dagrun for example_sensors to None, run_after=None
[2023-03-09T09:26:47.499+0000] {processor.py:175} INFO - Processing /home/airflow/.local/lib/python3.7/site-packages/airflow/example_dags/example_sensors.py took 0.061 seconds
[2023-03-09T09:27:17.843+0000] {processor.py:153} INFO - Started process (PID=1011) to work on /home/airflow/.local/lib/python3.7/site-packages/airflow/example_dags/example_sensors.py
[2023-03-09T09:27:17.845+0000] {processor.py:743} INFO - Processing file /home/airflow/.local/lib/python3.7/site-packages/airflow/example_dags/example_sensors.py for tasks to queue
[2023-03-09T09:27:17.846+0000] {logging_mixin.py:137} INFO - [2023-03-09T09:27:17.846+0000] {dagbag.py:538} INFO - Filling up the DagBag from /home/airflow/.local/lib/python3.7/site-packages/airflow/example_dags/example_sensors.py
[2023-03-09T09:27:17.863+0000] {processor.py:753} INFO - DAG(s) dict_keys(['example_sensors']) retrieved from /home/airflow/.local/lib/python3.7/site-packages/airflow/example_dags/example_sensors.py
[2023-03-09T09:27:17.881+0000] {logging_mixin.py:137} INFO - [2023-03-09T09:27:17.881+0000] {dag.py:2690} INFO - Sync 1 DAGs
[2023-03-09T09:27:17.899+0000] {logging_mixin.py:137} INFO - [2023-03-09T09:27:17.898+0000] {dag.py:3441} INFO - Setting next_dagrun for example_sensors to None, run_after=None
[2023-03-09T09:27:17.911+0000] {processor.py:175} INFO - Processing /home/airflow/.local/lib/python3.7/site-packages/airflow/example_dags/example_sensors.py took 0.071 seconds
[2023-03-09T09:27:48.976+0000] {processor.py:153} INFO - Started process (PID=1092) to work on /home/airflow/.local/lib/python3.7/site-packages/airflow/example_dags/example_sensors.py
[2023-03-09T09:27:48.978+0000] {processor.py:743} INFO - Processing file /home/airflow/.local/lib/python3.7/site-packages/airflow/example_dags/example_sensors.py for tasks to queue
[2023-03-09T09:27:48.980+0000] {logging_mixin.py:137} INFO - [2023-03-09T09:27:48.980+0000] {dagbag.py:538} INFO - Filling up the DagBag from /home/airflow/.local/lib/python3.7/site-packages/airflow/example_dags/example_sensors.py
[2023-03-09T09:27:48.994+0000] {processor.py:753} INFO - DAG(s) dict_keys(['example_sensors']) retrieved from /home/airflow/.local/lib/python3.7/site-packages/airflow/example_dags/example_sensors.py
[2023-03-09T09:27:49.013+0000] {logging_mixin.py:137} INFO - [2023-03-09T09:27:49.013+0000] {dag.py:2690} INFO - Sync 1 DAGs
[2023-03-09T09:27:49.030+0000] {logging_mixin.py:137} INFO - [2023-03-09T09:27:49.030+0000] {dag.py:3441} INFO - Setting next_dagrun for example_sensors to None, run_after=None
[2023-03-09T09:27:49.043+0000] {processor.py:175} INFO - Processing /home/airflow/.local/lib/python3.7/site-packages/airflow/example_dags/example_sensors.py took 0.069 seconds
[2023-03-09T09:28:19.229+0000] {processor.py:153} INFO - Started process (PID=1172) to work on /home/airflow/.local/lib/python3.7/site-packages/airflow/example_dags/example_sensors.py
[2023-03-09T09:28:19.231+0000] {processor.py:743} INFO - Processing file /home/airflow/.local/lib/python3.7/site-packages/airflow/example_dags/example_sensors.py for tasks to queue
[2023-03-09T09:28:19.232+0000] {logging_mixin.py:137} INFO - [2023-03-09T09:28:19.232+0000] {dagbag.py:538} INFO - Filling up the DagBag from /home/airflow/.local/lib/python3.7/site-packages/airflow/example_dags/example_sensors.py
[2023-03-09T09:28:19.248+0000] {processor.py:753} INFO - DAG(s) dict_keys(['example_sensors']) retrieved from /home/airflow/.local/lib/python3.7/site-packages/airflow/example_dags/example_sensors.py
[2023-03-09T09:28:19.274+0000] {logging_mixin.py:137} INFO - [2023-03-09T09:28:19.274+0000] {dag.py:2690} INFO - Sync 1 DAGs
[2023-03-09T09:28:19.295+0000] {logging_mixin.py:137} INFO - [2023-03-09T09:28:19.294+0000] {dag.py:3441} INFO - Setting next_dagrun for example_sensors to None, run_after=None
[2023-03-09T09:28:19.311+0000] {processor.py:175} INFO - Processing /home/airflow/.local/lib/python3.7/site-packages/airflow/example_dags/example_sensors.py took 0.085 seconds
[2023-03-09T09:28:49.661+0000] {processor.py:153} INFO - Started process (PID=1249) to work on /home/airflow/.local/lib/python3.7/site-packages/airflow/example_dags/example_sensors.py
[2023-03-09T09:28:49.664+0000] {processor.py:743} INFO - Processing file /home/airflow/.local/lib/python3.7/site-packages/airflow/example_dags/example_sensors.py for tasks to queue
[2023-03-09T09:28:49.665+0000] {logging_mixin.py:137} INFO - [2023-03-09T09:28:49.665+0000] {dagbag.py:538} INFO - Filling up the DagBag from /home/airflow/.local/lib/python3.7/site-packages/airflow/example_dags/example_sensors.py
[2023-03-09T09:28:49.681+0000] {processor.py:753} INFO - DAG(s) dict_keys(['example_sensors']) retrieved from /home/airflow/.local/lib/python3.7/site-packages/airflow/example_dags/example_sensors.py
[2023-03-09T09:28:49.706+0000] {logging_mixin.py:137} INFO - [2023-03-09T09:28:49.705+0000] {dag.py:2690} INFO - Sync 1 DAGs
[2023-03-09T09:28:49.727+0000] {logging_mixin.py:137} INFO - [2023-03-09T09:28:49.727+0000] {dag.py:3441} INFO - Setting next_dagrun for example_sensors to None, run_after=None
[2023-03-09T09:28:49.745+0000] {processor.py:175} INFO - Processing /home/airflow/.local/lib/python3.7/site-packages/airflow/example_dags/example_sensors.py took 0.086 seconds
[2023-03-09T09:29:20.121+0000] {processor.py:153} INFO - Started process (PID=1317) to work on /home/airflow/.local/lib/python3.7/site-packages/airflow/example_dags/example_sensors.py
[2023-03-09T09:29:20.122+0000] {processor.py:743} INFO - Processing file /home/airflow/.local/lib/python3.7/site-packages/airflow/example_dags/example_sensors.py for tasks to queue
[2023-03-09T09:29:20.123+0000] {logging_mixin.py:137} INFO - [2023-03-09T09:29:20.123+0000] {dagbag.py:538} INFO - Filling up the DagBag from /home/airflow/.local/lib/python3.7/site-packages/airflow/example_dags/example_sensors.py
[2023-03-09T09:29:20.137+0000] {processor.py:753} INFO - DAG(s) dict_keys(['example_sensors']) retrieved from /home/airflow/.local/lib/python3.7/site-packages/airflow/example_dags/example_sensors.py
[2023-03-09T09:29:20.158+0000] {logging_mixin.py:137} INFO - [2023-03-09T09:29:20.158+0000] {dag.py:2690} INFO - Sync 1 DAGs
[2023-03-09T09:29:20.174+0000] {logging_mixin.py:137} INFO - [2023-03-09T09:29:20.174+0000] {dag.py:3441} INFO - Setting next_dagrun for example_sensors to None, run_after=None
[2023-03-09T09:29:20.187+0000] {processor.py:175} INFO - Processing /home/airflow/.local/lib/python3.7/site-packages/airflow/example_dags/example_sensors.py took 0.069 seconds
[2023-03-09T09:29:50.285+0000] {processor.py:153} INFO - Started process (PID=1400) to work on /home/airflow/.local/lib/python3.7/site-packages/airflow/example_dags/example_sensors.py
[2023-03-09T09:29:50.287+0000] {processor.py:743} INFO - Processing file /home/airflow/.local/lib/python3.7/site-packages/airflow/example_dags/example_sensors.py for tasks to queue
[2023-03-09T09:29:50.288+0000] {logging_mixin.py:137} INFO - [2023-03-09T09:29:50.288+0000] {dagbag.py:538} INFO - Filling up the DagBag from /home/airflow/.local/lib/python3.7/site-packages/airflow/example_dags/example_sensors.py
[2023-03-09T09:29:50.300+0000] {processor.py:753} INFO - DAG(s) dict_keys(['example_sensors']) retrieved from /home/airflow/.local/lib/python3.7/site-packages/airflow/example_dags/example_sensors.py
[2023-03-09T09:29:50.320+0000] {logging_mixin.py:137} INFO - [2023-03-09T09:29:50.320+0000] {dag.py:2690} INFO - Sync 1 DAGs
[2023-03-09T09:29:50.335+0000] {logging_mixin.py:137} INFO - [2023-03-09T09:29:50.335+0000] {dag.py:3441} INFO - Setting next_dagrun for example_sensors to None, run_after=None
[2023-03-09T09:29:50.347+0000] {processor.py:175} INFO - Processing /home/airflow/.local/lib/python3.7/site-packages/airflow/example_dags/example_sensors.py took 0.064 seconds
[2023-03-09T09:30:20.844+0000] {processor.py:153} INFO - Started process (PID=1467) to work on /home/airflow/.local/lib/python3.7/site-packages/airflow/example_dags/example_sensors.py
[2023-03-09T09:30:20.845+0000] {processor.py:743} INFO - Processing file /home/airflow/.local/lib/python3.7/site-packages/airflow/example_dags/example_sensors.py for tasks to queue
[2023-03-09T09:30:20.846+0000] {logging_mixin.py:137} INFO - [2023-03-09T09:30:20.846+0000] {dagbag.py:538} INFO - Filling up the DagBag from /home/airflow/.local/lib/python3.7/site-packages/airflow/example_dags/example_sensors.py
[2023-03-09T09:30:20.865+0000] {processor.py:753} INFO - DAG(s) dict_keys(['example_sensors']) retrieved from /home/airflow/.local/lib/python3.7/site-packages/airflow/example_dags/example_sensors.py
[2023-03-09T09:30:20.896+0000] {logging_mixin.py:137} INFO - [2023-03-09T09:30:20.896+0000] {dag.py:2690} INFO - Sync 1 DAGs
[2023-03-09T09:30:20.917+0000] {logging_mixin.py:137} INFO - [2023-03-09T09:30:20.917+0000] {dag.py:3441} INFO - Setting next_dagrun for example_sensors to None, run_after=None
[2023-03-09T09:30:20.938+0000] {processor.py:175} INFO - Processing /home/airflow/.local/lib/python3.7/site-packages/airflow/example_dags/example_sensors.py took 0.096 seconds
[2023-03-09T09:30:51.129+0000] {processor.py:153} INFO - Started process (PID=1545) to work on /home/airflow/.local/lib/python3.7/site-packages/airflow/example_dags/example_sensors.py
[2023-03-09T09:30:51.130+0000] {processor.py:743} INFO - Processing file /home/airflow/.local/lib/python3.7/site-packages/airflow/example_dags/example_sensors.py for tasks to queue
[2023-03-09T09:30:51.131+0000] {logging_mixin.py:137} INFO - [2023-03-09T09:30:51.131+0000] {dagbag.py:538} INFO - Filling up the DagBag from /home/airflow/.local/lib/python3.7/site-packages/airflow/example_dags/example_sensors.py
[2023-03-09T09:30:51.143+0000] {processor.py:753} INFO - DAG(s) dict_keys(['example_sensors']) retrieved from /home/airflow/.local/lib/python3.7/site-packages/airflow/example_dags/example_sensors.py
[2023-03-09T09:30:51.161+0000] {logging_mixin.py:137} INFO - [2023-03-09T09:30:51.161+0000] {dag.py:2690} INFO - Sync 1 DAGs
[2023-03-09T09:30:51.177+0000] {logging_mixin.py:137} INFO - [2023-03-09T09:30:51.176+0000] {dag.py:3441} INFO - Setting next_dagrun for example_sensors to None, run_after=None
[2023-03-09T09:30:51.189+0000] {processor.py:175} INFO - Processing /home/airflow/.local/lib/python3.7/site-packages/airflow/example_dags/example_sensors.py took 0.063 seconds
[2023-03-09T09:31:21.640+0000] {processor.py:153} INFO - Started process (PID=1628) to work on /home/airflow/.local/lib/python3.7/site-packages/airflow/example_dags/example_sensors.py
[2023-03-09T09:31:21.642+0000] {processor.py:743} INFO - Processing file /home/airflow/.local/lib/python3.7/site-packages/airflow/example_dags/example_sensors.py for tasks to queue
[2023-03-09T09:31:21.643+0000] {logging_mixin.py:137} INFO - [2023-03-09T09:31:21.643+0000] {dagbag.py:538} INFO - Filling up the DagBag from /home/airflow/.local/lib/python3.7/site-packages/airflow/example_dags/example_sensors.py
[2023-03-09T09:31:21.656+0000] {processor.py:753} INFO - DAG(s) dict_keys(['example_sensors']) retrieved from /home/airflow/.local/lib/python3.7/site-packages/airflow/example_dags/example_sensors.py
[2023-03-09T09:31:21.674+0000] {logging_mixin.py:137} INFO - [2023-03-09T09:31:21.674+0000] {dag.py:2690} INFO - Sync 1 DAGs
[2023-03-09T09:31:21.690+0000] {logging_mixin.py:137} INFO - [2023-03-09T09:31:21.690+0000] {dag.py:3441} INFO - Setting next_dagrun for example_sensors to None, run_after=None
[2023-03-09T09:31:21.701+0000] {processor.py:175} INFO - Processing /home/airflow/.local/lib/python3.7/site-packages/airflow/example_dags/example_sensors.py took 0.064 seconds
[2023-03-09T09:31:51.860+0000] {processor.py:153} INFO - Started process (PID=1696) to work on /home/airflow/.local/lib/python3.7/site-packages/airflow/example_dags/example_sensors.py
[2023-03-09T09:31:51.861+0000] {processor.py:743} INFO - Processing file /home/airflow/.local/lib/python3.7/site-packages/airflow/example_dags/example_sensors.py for tasks to queue
[2023-03-09T09:31:51.862+0000] {logging_mixin.py:137} INFO - [2023-03-09T09:31:51.862+0000] {dagbag.py:538} INFO - Filling up the DagBag from /home/airflow/.local/lib/python3.7/site-packages/airflow/example_dags/example_sensors.py
[2023-03-09T09:31:51.874+0000] {processor.py:753} INFO - DAG(s) dict_keys(['example_sensors']) retrieved from /home/airflow/.local/lib/python3.7/site-packages/airflow/example_dags/example_sensors.py
[2023-03-09T09:31:51.893+0000] {logging_mixin.py:137} INFO - [2023-03-09T09:31:51.893+0000] {dag.py:2690} INFO - Sync 1 DAGs
[2023-03-09T09:31:51.907+0000] {logging_mixin.py:137} INFO - [2023-03-09T09:31:51.907+0000] {dag.py:3441} INFO - Setting next_dagrun for example_sensors to None, run_after=None
[2023-03-09T09:31:51.920+0000] {processor.py:175} INFO - Processing /home/airflow/.local/lib/python3.7/site-packages/airflow/example_dags/example_sensors.py took 0.062 seconds
[2023-03-09T09:32:22.123+0000] {processor.py:153} INFO - Started process (PID=1779) to work on /home/airflow/.local/lib/python3.7/site-packages/airflow/example_dags/example_sensors.py
[2023-03-09T09:32:22.125+0000] {processor.py:743} INFO - Processing file /home/airflow/.local/lib/python3.7/site-packages/airflow/example_dags/example_sensors.py for tasks to queue
[2023-03-09T09:32:22.126+0000] {logging_mixin.py:137} INFO - [2023-03-09T09:32:22.126+0000] {dagbag.py:538} INFO - Filling up the DagBag from /home/airflow/.local/lib/python3.7/site-packages/airflow/example_dags/example_sensors.py
[2023-03-09T09:32:22.140+0000] {processor.py:753} INFO - DAG(s) dict_keys(['example_sensors']) retrieved from /home/airflow/.local/lib/python3.7/site-packages/airflow/example_dags/example_sensors.py
[2023-03-09T09:32:22.160+0000] {logging_mixin.py:137} INFO - [2023-03-09T09:32:22.160+0000] {dag.py:2690} INFO - Sync 1 DAGs
[2023-03-09T09:32:22.176+0000] {logging_mixin.py:137} INFO - [2023-03-09T09:32:22.176+0000] {dag.py:3441} INFO - Setting next_dagrun for example_sensors to None, run_after=None
[2023-03-09T09:32:22.191+0000] {processor.py:175} INFO - Processing /home/airflow/.local/lib/python3.7/site-packages/airflow/example_dags/example_sensors.py took 0.070 seconds
[2023-03-09T09:32:52.451+0000] {processor.py:153} INFO - Started process (PID=1860) to work on /home/airflow/.local/lib/python3.7/site-packages/airflow/example_dags/example_sensors.py
[2023-03-09T09:32:52.452+0000] {processor.py:743} INFO - Processing file /home/airflow/.local/lib/python3.7/site-packages/airflow/example_dags/example_sensors.py for tasks to queue
[2023-03-09T09:32:52.453+0000] {logging_mixin.py:137} INFO - [2023-03-09T09:32:52.453+0000] {dagbag.py:538} INFO - Filling up the DagBag from /home/airflow/.local/lib/python3.7/site-packages/airflow/example_dags/example_sensors.py
[2023-03-09T09:32:52.467+0000] {processor.py:753} INFO - DAG(s) dict_keys(['example_sensors']) retrieved from /home/airflow/.local/lib/python3.7/site-packages/airflow/example_dags/example_sensors.py
[2023-03-09T09:32:52.483+0000] {logging_mixin.py:137} INFO - [2023-03-09T09:32:52.483+0000] {dag.py:2690} INFO - Sync 1 DAGs
[2023-03-09T09:32:52.498+0000] {logging_mixin.py:137} INFO - [2023-03-09T09:32:52.498+0000] {dag.py:3441} INFO - Setting next_dagrun for example_sensors to None, run_after=None
[2023-03-09T09:32:52.510+0000] {processor.py:175} INFO - Processing /home/airflow/.local/lib/python3.7/site-packages/airflow/example_dags/example_sensors.py took 0.062 seconds
[2023-03-09T09:33:22.621+0000] {processor.py:153} INFO - Started process (PID=1926) to work on /home/airflow/.local/lib/python3.7/site-packages/airflow/example_dags/example_sensors.py
[2023-03-09T09:33:22.622+0000] {processor.py:743} INFO - Processing file /home/airflow/.local/lib/python3.7/site-packages/airflow/example_dags/example_sensors.py for tasks to queue
[2023-03-09T09:33:22.624+0000] {logging_mixin.py:137} INFO - [2023-03-09T09:33:22.623+0000] {dagbag.py:538} INFO - Filling up the DagBag from /home/airflow/.local/lib/python3.7/site-packages/airflow/example_dags/example_sensors.py
[2023-03-09T09:33:22.644+0000] {processor.py:753} INFO - DAG(s) dict_keys(['example_sensors']) retrieved from /home/airflow/.local/lib/python3.7/site-packages/airflow/example_dags/example_sensors.py
[2023-03-09T09:33:22.665+0000] {logging_mixin.py:137} INFO - [2023-03-09T09:33:22.665+0000] {dag.py:2690} INFO - Sync 1 DAGs
[2023-03-09T09:33:22.683+0000] {logging_mixin.py:137} INFO - [2023-03-09T09:33:22.683+0000] {dag.py:3441} INFO - Setting next_dagrun for example_sensors to None, run_after=None
[2023-03-09T09:33:22.695+0000] {processor.py:175} INFO - Processing /home/airflow/.local/lib/python3.7/site-packages/airflow/example_dags/example_sensors.py took 0.076 seconds
[2023-03-09T09:33:52.864+0000] {processor.py:153} INFO - Started process (PID=2002) to work on /home/airflow/.local/lib/python3.7/site-packages/airflow/example_dags/example_sensors.py
[2023-03-09T09:33:52.866+0000] {processor.py:743} INFO - Processing file /home/airflow/.local/lib/python3.7/site-packages/airflow/example_dags/example_sensors.py for tasks to queue
[2023-03-09T09:33:52.867+0000] {logging_mixin.py:137} INFO - [2023-03-09T09:33:52.867+0000] {dagbag.py:538} INFO - Filling up the DagBag from /home/airflow/.local/lib/python3.7/site-packages/airflow/example_dags/example_sensors.py
[2023-03-09T09:33:52.888+0000] {processor.py:753} INFO - DAG(s) dict_keys(['example_sensors']) retrieved from /home/airflow/.local/lib/python3.7/site-packages/airflow/example_dags/example_sensors.py
[2023-03-09T09:33:52.907+0000] {logging_mixin.py:137} INFO - [2023-03-09T09:33:52.907+0000] {dag.py:2690} INFO - Sync 1 DAGs
[2023-03-09T09:33:52.923+0000] {logging_mixin.py:137} INFO - [2023-03-09T09:33:52.923+0000] {dag.py:3441} INFO - Setting next_dagrun for example_sensors to None, run_after=None
[2023-03-09T09:33:52.934+0000] {processor.py:175} INFO - Processing /home/airflow/.local/lib/python3.7/site-packages/airflow/example_dags/example_sensors.py took 0.073 seconds
[2023-03-09T09:34:23.434+0000] {processor.py:153} INFO - Started process (PID=2073) to work on /home/airflow/.local/lib/python3.7/site-packages/airflow/example_dags/example_sensors.py
[2023-03-09T09:34:23.435+0000] {processor.py:743} INFO - Processing file /home/airflow/.local/lib/python3.7/site-packages/airflow/example_dags/example_sensors.py for tasks to queue
[2023-03-09T09:34:23.437+0000] {logging_mixin.py:137} INFO - [2023-03-09T09:34:23.437+0000] {dagbag.py:538} INFO - Filling up the DagBag from /home/airflow/.local/lib/python3.7/site-packages/airflow/example_dags/example_sensors.py
[2023-03-09T09:34:23.454+0000] {processor.py:753} INFO - DAG(s) dict_keys(['example_sensors']) retrieved from /home/airflow/.local/lib/python3.7/site-packages/airflow/example_dags/example_sensors.py
[2023-03-09T09:34:23.483+0000] {logging_mixin.py:137} INFO - [2023-03-09T09:34:23.483+0000] {dag.py:2690} INFO - Sync 1 DAGs
[2023-03-09T09:34:23.502+0000] {logging_mixin.py:137} INFO - [2023-03-09T09:34:23.502+0000] {dag.py:3441} INFO - Setting next_dagrun for example_sensors to None, run_after=None
[2023-03-09T09:34:23.516+0000] {processor.py:175} INFO - Processing /home/airflow/.local/lib/python3.7/site-packages/airflow/example_dags/example_sensors.py took 0.086 seconds
[2023-03-09T09:34:53.687+0000] {processor.py:153} INFO - Started process (PID=2140) to work on /home/airflow/.local/lib/python3.7/site-packages/airflow/example_dags/example_sensors.py
[2023-03-09T09:34:53.688+0000] {processor.py:743} INFO - Processing file /home/airflow/.local/lib/python3.7/site-packages/airflow/example_dags/example_sensors.py for tasks to queue
[2023-03-09T09:34:53.691+0000] {logging_mixin.py:137} INFO - [2023-03-09T09:34:53.691+0000] {dagbag.py:538} INFO - Filling up the DagBag from /home/airflow/.local/lib/python3.7/site-packages/airflow/example_dags/example_sensors.py
[2023-03-09T09:34:53.704+0000] {processor.py:753} INFO - DAG(s) dict_keys(['example_sensors']) retrieved from /home/airflow/.local/lib/python3.7/site-packages/airflow/example_dags/example_sensors.py
[2023-03-09T09:34:53.724+0000] {logging_mixin.py:137} INFO - [2023-03-09T09:34:53.724+0000] {dag.py:2690} INFO - Sync 1 DAGs
[2023-03-09T09:34:53.740+0000] {logging_mixin.py:137} INFO - [2023-03-09T09:34:53.740+0000] {dag.py:3441} INFO - Setting next_dagrun for example_sensors to None, run_after=None
[2023-03-09T09:34:53.751+0000] {processor.py:175} INFO - Processing /home/airflow/.local/lib/python3.7/site-packages/airflow/example_dags/example_sensors.py took 0.067 seconds
[2023-03-09T09:35:23.920+0000] {processor.py:153} INFO - Started process (PID=2218) to work on /home/airflow/.local/lib/python3.7/site-packages/airflow/example_dags/example_sensors.py
[2023-03-09T09:35:23.922+0000] {processor.py:743} INFO - Processing file /home/airflow/.local/lib/python3.7/site-packages/airflow/example_dags/example_sensors.py for tasks to queue
[2023-03-09T09:35:23.923+0000] {logging_mixin.py:137} INFO - [2023-03-09T09:35:23.923+0000] {dagbag.py:538} INFO - Filling up the DagBag from /home/airflow/.local/lib/python3.7/site-packages/airflow/example_dags/example_sensors.py
[2023-03-09T09:35:23.936+0000] {processor.py:753} INFO - DAG(s) dict_keys(['example_sensors']) retrieved from /home/airflow/.local/lib/python3.7/site-packages/airflow/example_dags/example_sensors.py
[2023-03-09T09:35:23.956+0000] {logging_mixin.py:137} INFO - [2023-03-09T09:35:23.956+0000] {dag.py:2690} INFO - Sync 1 DAGs
[2023-03-09T09:35:23.971+0000] {logging_mixin.py:137} INFO - [2023-03-09T09:35:23.971+0000] {dag.py:3441} INFO - Setting next_dagrun for example_sensors to None, run_after=None
[2023-03-09T09:35:23.983+0000] {processor.py:175} INFO - Processing /home/airflow/.local/lib/python3.7/site-packages/airflow/example_dags/example_sensors.py took 0.065 seconds
[2023-03-09T09:35:54.329+0000] {processor.py:153} INFO - Started process (PID=2283) to work on /home/airflow/.local/lib/python3.7/site-packages/airflow/example_dags/example_sensors.py
[2023-03-09T09:35:54.331+0000] {processor.py:743} INFO - Processing file /home/airflow/.local/lib/python3.7/site-packages/airflow/example_dags/example_sensors.py for tasks to queue
[2023-03-09T09:35:54.332+0000] {logging_mixin.py:137} INFO - [2023-03-09T09:35:54.332+0000] {dagbag.py:538} INFO - Filling up the DagBag from /home/airflow/.local/lib/python3.7/site-packages/airflow/example_dags/example_sensors.py
[2023-03-09T09:35:54.344+0000] {processor.py:753} INFO - DAG(s) dict_keys(['example_sensors']) retrieved from /home/airflow/.local/lib/python3.7/site-packages/airflow/example_dags/example_sensors.py
[2023-03-09T09:35:54.362+0000] {logging_mixin.py:137} INFO - [2023-03-09T09:35:54.361+0000] {dag.py:2690} INFO - Sync 1 DAGs
[2023-03-09T09:35:54.380+0000] {logging_mixin.py:137} INFO - [2023-03-09T09:35:54.380+0000] {dag.py:3441} INFO - Setting next_dagrun for example_sensors to None, run_after=None
[2023-03-09T09:35:54.393+0000] {processor.py:175} INFO - Processing /home/airflow/.local/lib/python3.7/site-packages/airflow/example_dags/example_sensors.py took 0.066 seconds
[2023-03-09T09:36:24.676+0000] {processor.py:153} INFO - Started process (PID=2361) to work on /home/airflow/.local/lib/python3.7/site-packages/airflow/example_dags/example_sensors.py
[2023-03-09T09:36:24.678+0000] {processor.py:743} INFO - Processing file /home/airflow/.local/lib/python3.7/site-packages/airflow/example_dags/example_sensors.py for tasks to queue
[2023-03-09T09:36:24.679+0000] {logging_mixin.py:137} INFO - [2023-03-09T09:36:24.679+0000] {dagbag.py:538} INFO - Filling up the DagBag from /home/airflow/.local/lib/python3.7/site-packages/airflow/example_dags/example_sensors.py
[2023-03-09T09:36:24.694+0000] {processor.py:753} INFO - DAG(s) dict_keys(['example_sensors']) retrieved from /home/airflow/.local/lib/python3.7/site-packages/airflow/example_dags/example_sensors.py
[2023-03-09T09:36:24.716+0000] {logging_mixin.py:137} INFO - [2023-03-09T09:36:24.716+0000] {dag.py:2690} INFO - Sync 1 DAGs
[2023-03-09T09:36:24.734+0000] {logging_mixin.py:137} INFO - [2023-03-09T09:36:24.734+0000] {dag.py:3441} INFO - Setting next_dagrun for example_sensors to None, run_after=None
[2023-03-09T09:36:24.749+0000] {processor.py:175} INFO - Processing /home/airflow/.local/lib/python3.7/site-packages/airflow/example_dags/example_sensors.py took 0.076 seconds
[2023-03-09T09:36:54.923+0000] {processor.py:153} INFO - Started process (PID=2439) to work on /home/airflow/.local/lib/python3.7/site-packages/airflow/example_dags/example_sensors.py
[2023-03-09T09:36:54.924+0000] {processor.py:743} INFO - Processing file /home/airflow/.local/lib/python3.7/site-packages/airflow/example_dags/example_sensors.py for tasks to queue
[2023-03-09T09:36:54.925+0000] {logging_mixin.py:137} INFO - [2023-03-09T09:36:54.925+0000] {dagbag.py:538} INFO - Filling up the DagBag from /home/airflow/.local/lib/python3.7/site-packages/airflow/example_dags/example_sensors.py
[2023-03-09T09:36:54.938+0000] {processor.py:753} INFO - DAG(s) dict_keys(['example_sensors']) retrieved from /home/airflow/.local/lib/python3.7/site-packages/airflow/example_dags/example_sensors.py
[2023-03-09T09:36:54.958+0000] {logging_mixin.py:137} INFO - [2023-03-09T09:36:54.958+0000] {dag.py:2690} INFO - Sync 1 DAGs
[2023-03-09T09:36:54.975+0000] {logging_mixin.py:137} INFO - [2023-03-09T09:36:54.975+0000] {dag.py:3441} INFO - Setting next_dagrun for example_sensors to None, run_after=None
[2023-03-09T09:36:54.987+0000] {processor.py:175} INFO - Processing /home/airflow/.local/lib/python3.7/site-packages/airflow/example_dags/example_sensors.py took 0.067 seconds
[2023-03-09T09:37:25.298+0000] {processor.py:153} INFO - Started process (PID=2505) to work on /home/airflow/.local/lib/python3.7/site-packages/airflow/example_dags/example_sensors.py
[2023-03-09T09:37:25.300+0000] {processor.py:743} INFO - Processing file /home/airflow/.local/lib/python3.7/site-packages/airflow/example_dags/example_sensors.py for tasks to queue
[2023-03-09T09:37:25.301+0000] {logging_mixin.py:137} INFO - [2023-03-09T09:37:25.301+0000] {dagbag.py:538} INFO - Filling up the DagBag from /home/airflow/.local/lib/python3.7/site-packages/airflow/example_dags/example_sensors.py
[2023-03-09T09:37:25.313+0000] {processor.py:753} INFO - DAG(s) dict_keys(['example_sensors']) retrieved from /home/airflow/.local/lib/python3.7/site-packages/airflow/example_dags/example_sensors.py
[2023-03-09T09:37:25.330+0000] {logging_mixin.py:137} INFO - [2023-03-09T09:37:25.330+0000] {dag.py:2690} INFO - Sync 1 DAGs
[2023-03-09T09:37:25.345+0000] {logging_mixin.py:137} INFO - [2023-03-09T09:37:25.344+0000] {dag.py:3441} INFO - Setting next_dagrun for example_sensors to None, run_after=None
[2023-03-09T09:37:25.357+0000] {processor.py:175} INFO - Processing /home/airflow/.local/lib/python3.7/site-packages/airflow/example_dags/example_sensors.py took 0.060 seconds
[2023-03-09T09:37:55.525+0000] {processor.py:153} INFO - Started process (PID=2585) to work on /home/airflow/.local/lib/python3.7/site-packages/airflow/example_dags/example_sensors.py
[2023-03-09T09:37:55.527+0000] {processor.py:743} INFO - Processing file /home/airflow/.local/lib/python3.7/site-packages/airflow/example_dags/example_sensors.py for tasks to queue
[2023-03-09T09:37:55.528+0000] {logging_mixin.py:137} INFO - [2023-03-09T09:37:55.528+0000] {dagbag.py:538} INFO - Filling up the DagBag from /home/airflow/.local/lib/python3.7/site-packages/airflow/example_dags/example_sensors.py
[2023-03-09T09:37:55.542+0000] {processor.py:753} INFO - DAG(s) dict_keys(['example_sensors']) retrieved from /home/airflow/.local/lib/python3.7/site-packages/airflow/example_dags/example_sensors.py
[2023-03-09T09:37:55.565+0000] {logging_mixin.py:137} INFO - [2023-03-09T09:37:55.565+0000] {dag.py:2690} INFO - Sync 1 DAGs
[2023-03-09T09:37:55.583+0000] {logging_mixin.py:137} INFO - [2023-03-09T09:37:55.583+0000] {dag.py:3441} INFO - Setting next_dagrun for example_sensors to None, run_after=None
[2023-03-09T09:37:55.598+0000] {processor.py:175} INFO - Processing /home/airflow/.local/lib/python3.7/site-packages/airflow/example_dags/example_sensors.py took 0.074 seconds
[2023-03-09T09:38:25.706+0000] {processor.py:153} INFO - Started process (PID=2663) to work on /home/airflow/.local/lib/python3.7/site-packages/airflow/example_dags/example_sensors.py
[2023-03-09T09:38:25.709+0000] {processor.py:743} INFO - Processing file /home/airflow/.local/lib/python3.7/site-packages/airflow/example_dags/example_sensors.py for tasks to queue
[2023-03-09T09:38:25.712+0000] {logging_mixin.py:137} INFO - [2023-03-09T09:38:25.712+0000] {dagbag.py:538} INFO - Filling up the DagBag from /home/airflow/.local/lib/python3.7/site-packages/airflow/example_dags/example_sensors.py
[2023-03-09T09:38:25.731+0000] {processor.py:753} INFO - DAG(s) dict_keys(['example_sensors']) retrieved from /home/airflow/.local/lib/python3.7/site-packages/airflow/example_dags/example_sensors.py
[2023-03-09T09:38:25.781+0000] {logging_mixin.py:137} INFO - [2023-03-09T09:38:25.780+0000] {dag.py:2690} INFO - Sync 1 DAGs
[2023-03-09T09:38:25.800+0000] {logging_mixin.py:137} INFO - [2023-03-09T09:38:25.800+0000] {dag.py:3441} INFO - Setting next_dagrun for example_sensors to None, run_after=None
[2023-03-09T09:38:25.818+0000] {processor.py:175} INFO - Processing /home/airflow/.local/lib/python3.7/site-packages/airflow/example_dags/example_sensors.py took 0.115 seconds
[2023-03-09T09:38:56.830+0000] {processor.py:153} INFO - Started process (PID=2732) to work on /home/airflow/.local/lib/python3.7/site-packages/airflow/example_dags/example_sensors.py
[2023-03-09T09:38:56.831+0000] {processor.py:743} INFO - Processing file /home/airflow/.local/lib/python3.7/site-packages/airflow/example_dags/example_sensors.py for tasks to queue
[2023-03-09T09:38:56.832+0000] {logging_mixin.py:137} INFO - [2023-03-09T09:38:56.832+0000] {dagbag.py:538} INFO - Filling up the DagBag from /home/airflow/.local/lib/python3.7/site-packages/airflow/example_dags/example_sensors.py
[2023-03-09T09:38:56.846+0000] {processor.py:753} INFO - DAG(s) dict_keys(['example_sensors']) retrieved from /home/airflow/.local/lib/python3.7/site-packages/airflow/example_dags/example_sensors.py
[2023-03-09T09:38:56.864+0000] {logging_mixin.py:137} INFO - [2023-03-09T09:38:56.864+0000] {dag.py:2690} INFO - Sync 1 DAGs
[2023-03-09T09:38:56.879+0000] {logging_mixin.py:137} INFO - [2023-03-09T09:38:56.879+0000] {dag.py:3441} INFO - Setting next_dagrun for example_sensors to None, run_after=None
[2023-03-09T09:38:56.891+0000] {processor.py:175} INFO - Processing /home/airflow/.local/lib/python3.7/site-packages/airflow/example_dags/example_sensors.py took 0.063 seconds
[2023-03-09T09:39:27.195+0000] {processor.py:153} INFO - Started process (PID=2815) to work on /home/airflow/.local/lib/python3.7/site-packages/airflow/example_dags/example_sensors.py
[2023-03-09T09:39:27.197+0000] {processor.py:743} INFO - Processing file /home/airflow/.local/lib/python3.7/site-packages/airflow/example_dags/example_sensors.py for tasks to queue
[2023-03-09T09:39:27.198+0000] {logging_mixin.py:137} INFO - [2023-03-09T09:39:27.198+0000] {dagbag.py:538} INFO - Filling up the DagBag from /home/airflow/.local/lib/python3.7/site-packages/airflow/example_dags/example_sensors.py
[2023-03-09T09:39:27.213+0000] {processor.py:753} INFO - DAG(s) dict_keys(['example_sensors']) retrieved from /home/airflow/.local/lib/python3.7/site-packages/airflow/example_dags/example_sensors.py
[2023-03-09T09:39:27.233+0000] {logging_mixin.py:137} INFO - [2023-03-09T09:39:27.232+0000] {dag.py:2690} INFO - Sync 1 DAGs
[2023-03-09T09:39:27.248+0000] {logging_mixin.py:137} INFO - [2023-03-09T09:39:27.248+0000] {dag.py:3441} INFO - Setting next_dagrun for example_sensors to None, run_after=None
[2023-03-09T09:39:27.261+0000] {processor.py:175} INFO - Processing /home/airflow/.local/lib/python3.7/site-packages/airflow/example_dags/example_sensors.py took 0.068 seconds
[2023-03-09T09:39:57.610+0000] {processor.py:153} INFO - Started process (PID=2896) to work on /home/airflow/.local/lib/python3.7/site-packages/airflow/example_dags/example_sensors.py
[2023-03-09T09:39:57.612+0000] {processor.py:743} INFO - Processing file /home/airflow/.local/lib/python3.7/site-packages/airflow/example_dags/example_sensors.py for tasks to queue
[2023-03-09T09:39:57.613+0000] {logging_mixin.py:137} INFO - [2023-03-09T09:39:57.613+0000] {dagbag.py:538} INFO - Filling up the DagBag from /home/airflow/.local/lib/python3.7/site-packages/airflow/example_dags/example_sensors.py
[2023-03-09T09:39:57.632+0000] {processor.py:753} INFO - DAG(s) dict_keys(['example_sensors']) retrieved from /home/airflow/.local/lib/python3.7/site-packages/airflow/example_dags/example_sensors.py
[2023-03-09T09:39:57.654+0000] {logging_mixin.py:137} INFO - [2023-03-09T09:39:57.654+0000] {dag.py:2690} INFO - Sync 1 DAGs
[2023-03-09T09:39:57.673+0000] {logging_mixin.py:137} INFO - [2023-03-09T09:39:57.673+0000] {dag.py:3441} INFO - Setting next_dagrun for example_sensors to None, run_after=None
[2023-03-09T09:39:57.688+0000] {processor.py:175} INFO - Processing /home/airflow/.local/lib/python3.7/site-packages/airflow/example_dags/example_sensors.py took 0.081 seconds
[2023-03-09T09:40:27.730+0000] {processor.py:153} INFO - Started process (PID=2960) to work on /home/airflow/.local/lib/python3.7/site-packages/airflow/example_dags/example_sensors.py
[2023-03-09T09:40:27.731+0000] {processor.py:743} INFO - Processing file /home/airflow/.local/lib/python3.7/site-packages/airflow/example_dags/example_sensors.py for tasks to queue
[2023-03-09T09:40:27.732+0000] {logging_mixin.py:137} INFO - [2023-03-09T09:40:27.732+0000] {dagbag.py:538} INFO - Filling up the DagBag from /home/airflow/.local/lib/python3.7/site-packages/airflow/example_dags/example_sensors.py
[2023-03-09T09:40:27.744+0000] {processor.py:753} INFO - DAG(s) dict_keys(['example_sensors']) retrieved from /home/airflow/.local/lib/python3.7/site-packages/airflow/example_dags/example_sensors.py
[2023-03-09T09:40:27.762+0000] {logging_mixin.py:137} INFO - [2023-03-09T09:40:27.762+0000] {dag.py:2690} INFO - Sync 1 DAGs
[2023-03-09T09:40:27.777+0000] {logging_mixin.py:137} INFO - [2023-03-09T09:40:27.777+0000] {dag.py:3441} INFO - Setting next_dagrun for example_sensors to None, run_after=None
[2023-03-09T09:40:27.787+0000] {processor.py:175} INFO - Processing /home/airflow/.local/lib/python3.7/site-packages/airflow/example_dags/example_sensors.py took 0.060 seconds
[2023-03-09T09:40:57.915+0000] {processor.py:153} INFO - Started process (PID=3042) to work on /home/airflow/.local/lib/python3.7/site-packages/airflow/example_dags/example_sensors.py
[2023-03-09T09:40:57.917+0000] {processor.py:743} INFO - Processing file /home/airflow/.local/lib/python3.7/site-packages/airflow/example_dags/example_sensors.py for tasks to queue
[2023-03-09T09:40:57.918+0000] {logging_mixin.py:137} INFO - [2023-03-09T09:40:57.918+0000] {dagbag.py:538} INFO - Filling up the DagBag from /home/airflow/.local/lib/python3.7/site-packages/airflow/example_dags/example_sensors.py
[2023-03-09T09:40:57.930+0000] {processor.py:753} INFO - DAG(s) dict_keys(['example_sensors']) retrieved from /home/airflow/.local/lib/python3.7/site-packages/airflow/example_dags/example_sensors.py
[2023-03-09T09:40:57.948+0000] {logging_mixin.py:137} INFO - [2023-03-09T09:40:57.948+0000] {dag.py:2690} INFO - Sync 1 DAGs
[2023-03-09T09:40:57.962+0000] {logging_mixin.py:137} INFO - [2023-03-09T09:40:57.962+0000] {dag.py:3441} INFO - Setting next_dagrun for example_sensors to None, run_after=None
[2023-03-09T09:40:57.974+0000] {processor.py:175} INFO - Processing /home/airflow/.local/lib/python3.7/site-packages/airflow/example_dags/example_sensors.py took 0.061 seconds
[2023-03-09T09:41:28.792+0000] {processor.py:153} INFO - Started process (PID=3119) to work on /home/airflow/.local/lib/python3.7/site-packages/airflow/example_dags/example_sensors.py
[2023-03-09T09:41:28.794+0000] {processor.py:743} INFO - Processing file /home/airflow/.local/lib/python3.7/site-packages/airflow/example_dags/example_sensors.py for tasks to queue
[2023-03-09T09:41:28.795+0000] {logging_mixin.py:137} INFO - [2023-03-09T09:41:28.795+0000] {dagbag.py:538} INFO - Filling up the DagBag from /home/airflow/.local/lib/python3.7/site-packages/airflow/example_dags/example_sensors.py
[2023-03-09T09:41:28.810+0000] {processor.py:753} INFO - DAG(s) dict_keys(['example_sensors']) retrieved from /home/airflow/.local/lib/python3.7/site-packages/airflow/example_dags/example_sensors.py
[2023-03-09T09:41:28.832+0000] {logging_mixin.py:137} INFO - [2023-03-09T09:41:28.832+0000] {dag.py:2690} INFO - Sync 1 DAGs
[2023-03-09T09:41:28.850+0000] {logging_mixin.py:137} INFO - [2023-03-09T09:41:28.849+0000] {dag.py:3441} INFO - Setting next_dagrun for example_sensors to None, run_after=None
[2023-03-09T09:41:28.873+0000] {processor.py:175} INFO - Processing /home/airflow/.local/lib/python3.7/site-packages/airflow/example_dags/example_sensors.py took 0.084 seconds
[2023-03-09T09:41:59.216+0000] {processor.py:153} INFO - Started process (PID=3185) to work on /home/airflow/.local/lib/python3.7/site-packages/airflow/example_dags/example_sensors.py
[2023-03-09T09:41:59.219+0000] {processor.py:743} INFO - Processing file /home/airflow/.local/lib/python3.7/site-packages/airflow/example_dags/example_sensors.py for tasks to queue
[2023-03-09T09:41:59.220+0000] {logging_mixin.py:137} INFO - [2023-03-09T09:41:59.220+0000] {dagbag.py:538} INFO - Filling up the DagBag from /home/airflow/.local/lib/python3.7/site-packages/airflow/example_dags/example_sensors.py
[2023-03-09T09:41:59.236+0000] {processor.py:753} INFO - DAG(s) dict_keys(['example_sensors']) retrieved from /home/airflow/.local/lib/python3.7/site-packages/airflow/example_dags/example_sensors.py
[2023-03-09T09:41:59.259+0000] {logging_mixin.py:137} INFO - [2023-03-09T09:41:59.259+0000] {dag.py:2690} INFO - Sync 1 DAGs
[2023-03-09T09:41:59.275+0000] {logging_mixin.py:137} INFO - [2023-03-09T09:41:59.275+0000] {dag.py:3441} INFO - Setting next_dagrun for example_sensors to None, run_after=None
[2023-03-09T09:41:59.292+0000] {processor.py:175} INFO - Processing /home/airflow/.local/lib/python3.7/site-packages/airflow/example_dags/example_sensors.py took 0.078 seconds
[2023-03-09T09:42:29.562+0000] {processor.py:153} INFO - Started process (PID=3264) to work on /home/airflow/.local/lib/python3.7/site-packages/airflow/example_dags/example_sensors.py
[2023-03-09T09:42:29.564+0000] {processor.py:743} INFO - Processing file /home/airflow/.local/lib/python3.7/site-packages/airflow/example_dags/example_sensors.py for tasks to queue
[2023-03-09T09:42:29.565+0000] {logging_mixin.py:137} INFO - [2023-03-09T09:42:29.565+0000] {dagbag.py:538} INFO - Filling up the DagBag from /home/airflow/.local/lib/python3.7/site-packages/airflow/example_dags/example_sensors.py
[2023-03-09T09:42:29.578+0000] {processor.py:753} INFO - DAG(s) dict_keys(['example_sensors']) retrieved from /home/airflow/.local/lib/python3.7/site-packages/airflow/example_dags/example_sensors.py
[2023-03-09T09:42:29.597+0000] {logging_mixin.py:137} INFO - [2023-03-09T09:42:29.597+0000] {dag.py:2690} INFO - Sync 1 DAGs
[2023-03-09T09:42:29.613+0000] {logging_mixin.py:137} INFO - [2023-03-09T09:42:29.612+0000] {dag.py:3441} INFO - Setting next_dagrun for example_sensors to None, run_after=None
[2023-03-09T09:42:29.627+0000] {processor.py:175} INFO - Processing /home/airflow/.local/lib/python3.7/site-packages/airflow/example_dags/example_sensors.py took 0.068 seconds
[2023-03-09T09:42:59.955+0000] {processor.py:153} INFO - Started process (PID=3328) to work on /home/airflow/.local/lib/python3.7/site-packages/airflow/example_dags/example_sensors.py
[2023-03-09T09:42:59.956+0000] {processor.py:743} INFO - Processing file /home/airflow/.local/lib/python3.7/site-packages/airflow/example_dags/example_sensors.py for tasks to queue
[2023-03-09T09:42:59.957+0000] {logging_mixin.py:137} INFO - [2023-03-09T09:42:59.957+0000] {dagbag.py:538} INFO - Filling up the DagBag from /home/airflow/.local/lib/python3.7/site-packages/airflow/example_dags/example_sensors.py
[2023-03-09T09:42:59.969+0000] {processor.py:753} INFO - DAG(s) dict_keys(['example_sensors']) retrieved from /home/airflow/.local/lib/python3.7/site-packages/airflow/example_dags/example_sensors.py
[2023-03-09T09:42:59.987+0000] {logging_mixin.py:137} INFO - [2023-03-09T09:42:59.987+0000] {dag.py:2690} INFO - Sync 1 DAGs
[2023-03-09T09:43:00.002+0000] {logging_mixin.py:137} INFO - [2023-03-09T09:43:00.002+0000] {dag.py:3441} INFO - Setting next_dagrun for example_sensors to None, run_after=None
[2023-03-09T09:43:00.013+0000] {processor.py:175} INFO - Processing /home/airflow/.local/lib/python3.7/site-packages/airflow/example_dags/example_sensors.py took 0.062 seconds
[2023-03-09T09:43:30.396+0000] {processor.py:153} INFO - Started process (PID=3410) to work on /home/airflow/.local/lib/python3.7/site-packages/airflow/example_dags/example_sensors.py
[2023-03-09T09:43:30.398+0000] {processor.py:743} INFO - Processing file /home/airflow/.local/lib/python3.7/site-packages/airflow/example_dags/example_sensors.py for tasks to queue
[2023-03-09T09:43:30.399+0000] {logging_mixin.py:137} INFO - [2023-03-09T09:43:30.399+0000] {dagbag.py:538} INFO - Filling up the DagBag from /home/airflow/.local/lib/python3.7/site-packages/airflow/example_dags/example_sensors.py
[2023-03-09T09:43:30.412+0000] {processor.py:753} INFO - DAG(s) dict_keys(['example_sensors']) retrieved from /home/airflow/.local/lib/python3.7/site-packages/airflow/example_dags/example_sensors.py
[2023-03-09T09:43:30.431+0000] {logging_mixin.py:137} INFO - [2023-03-09T09:43:30.431+0000] {dag.py:2690} INFO - Sync 1 DAGs
[2023-03-09T09:43:30.445+0000] {logging_mixin.py:137} INFO - [2023-03-09T09:43:30.445+0000] {dag.py:3441} INFO - Setting next_dagrun for example_sensors to None, run_after=None
[2023-03-09T09:43:30.456+0000] {processor.py:175} INFO - Processing /home/airflow/.local/lib/python3.7/site-packages/airflow/example_dags/example_sensors.py took 0.062 seconds
[2023-03-09T09:44:00.776+0000] {processor.py:153} INFO - Started process (PID=3491) to work on /home/airflow/.local/lib/python3.7/site-packages/airflow/example_dags/example_sensors.py
[2023-03-09T09:44:00.778+0000] {processor.py:743} INFO - Processing file /home/airflow/.local/lib/python3.7/site-packages/airflow/example_dags/example_sensors.py for tasks to queue
[2023-03-09T09:44:00.779+0000] {logging_mixin.py:137} INFO - [2023-03-09T09:44:00.778+0000] {dagbag.py:538} INFO - Filling up the DagBag from /home/airflow/.local/lib/python3.7/site-packages/airflow/example_dags/example_sensors.py
[2023-03-09T09:44:00.791+0000] {processor.py:753} INFO - DAG(s) dict_keys(['example_sensors']) retrieved from /home/airflow/.local/lib/python3.7/site-packages/airflow/example_dags/example_sensors.py
[2023-03-09T09:44:00.809+0000] {logging_mixin.py:137} INFO - [2023-03-09T09:44:00.809+0000] {dag.py:2690} INFO - Sync 1 DAGs
[2023-03-09T09:44:00.824+0000] {logging_mixin.py:137} INFO - [2023-03-09T09:44:00.823+0000] {dag.py:3441} INFO - Setting next_dagrun for example_sensors to None, run_after=None
[2023-03-09T09:44:00.836+0000] {processor.py:175} INFO - Processing /home/airflow/.local/lib/python3.7/site-packages/airflow/example_dags/example_sensors.py took 0.063 seconds
[2023-03-09T09:44:31.125+0000] {processor.py:153} INFO - Started process (PID=3559) to work on /home/airflow/.local/lib/python3.7/site-packages/airflow/example_dags/example_sensors.py
[2023-03-09T09:44:31.127+0000] {processor.py:743} INFO - Processing file /home/airflow/.local/lib/python3.7/site-packages/airflow/example_dags/example_sensors.py for tasks to queue
[2023-03-09T09:44:31.129+0000] {logging_mixin.py:137} INFO - [2023-03-09T09:44:31.129+0000] {dagbag.py:538} INFO - Filling up the DagBag from /home/airflow/.local/lib/python3.7/site-packages/airflow/example_dags/example_sensors.py
[2023-03-09T09:44:31.146+0000] {processor.py:753} INFO - DAG(s) dict_keys(['example_sensors']) retrieved from /home/airflow/.local/lib/python3.7/site-packages/airflow/example_dags/example_sensors.py
[2023-03-09T09:44:31.171+0000] {logging_mixin.py:137} INFO - [2023-03-09T09:44:31.171+0000] {dag.py:2690} INFO - Sync 1 DAGs
[2023-03-09T09:44:31.190+0000] {logging_mixin.py:137} INFO - [2023-03-09T09:44:31.190+0000] {dag.py:3441} INFO - Setting next_dagrun for example_sensors to None, run_after=None
[2023-03-09T09:44:31.206+0000] {processor.py:175} INFO - Processing /home/airflow/.local/lib/python3.7/site-packages/airflow/example_dags/example_sensors.py took 0.084 seconds
[2023-03-09T09:45:01.290+0000] {processor.py:153} INFO - Started process (PID=3639) to work on /home/airflow/.local/lib/python3.7/site-packages/airflow/example_dags/example_sensors.py
[2023-03-09T09:45:01.292+0000] {processor.py:743} INFO - Processing file /home/airflow/.local/lib/python3.7/site-packages/airflow/example_dags/example_sensors.py for tasks to queue
[2023-03-09T09:45:01.293+0000] {logging_mixin.py:137} INFO - [2023-03-09T09:45:01.293+0000] {dagbag.py:538} INFO - Filling up the DagBag from /home/airflow/.local/lib/python3.7/site-packages/airflow/example_dags/example_sensors.py
[2023-03-09T09:45:01.309+0000] {processor.py:753} INFO - DAG(s) dict_keys(['example_sensors']) retrieved from /home/airflow/.local/lib/python3.7/site-packages/airflow/example_dags/example_sensors.py
[2023-03-09T09:45:01.330+0000] {logging_mixin.py:137} INFO - [2023-03-09T09:45:01.330+0000] {dag.py:2690} INFO - Sync 1 DAGs
[2023-03-09T09:45:01.361+0000] {logging_mixin.py:137} INFO - [2023-03-09T09:45:01.361+0000] {dag.py:3441} INFO - Setting next_dagrun for example_sensors to None, run_after=None
[2023-03-09T09:45:01.413+0000] {processor.py:175} INFO - Processing /home/airflow/.local/lib/python3.7/site-packages/airflow/example_dags/example_sensors.py took 0.127 seconds
[2023-03-09T09:45:31.749+0000] {processor.py:153} INFO - Started process (PID=3717) to work on /home/airflow/.local/lib/python3.7/site-packages/airflow/example_dags/example_sensors.py
[2023-03-09T09:45:31.751+0000] {processor.py:743} INFO - Processing file /home/airflow/.local/lib/python3.7/site-packages/airflow/example_dags/example_sensors.py for tasks to queue
[2023-03-09T09:45:31.752+0000] {logging_mixin.py:137} INFO - [2023-03-09T09:45:31.752+0000] {dagbag.py:538} INFO - Filling up the DagBag from /home/airflow/.local/lib/python3.7/site-packages/airflow/example_dags/example_sensors.py
[2023-03-09T09:45:31.764+0000] {processor.py:753} INFO - DAG(s) dict_keys(['example_sensors']) retrieved from /home/airflow/.local/lib/python3.7/site-packages/airflow/example_dags/example_sensors.py
[2023-03-09T09:45:31.783+0000] {logging_mixin.py:137} INFO - [2023-03-09T09:45:31.783+0000] {dag.py:2690} INFO - Sync 1 DAGs
[2023-03-09T09:45:31.797+0000] {logging_mixin.py:137} INFO - [2023-03-09T09:45:31.797+0000] {dag.py:3441} INFO - Setting next_dagrun for example_sensors to None, run_after=None
[2023-03-09T09:45:31.809+0000] {processor.py:175} INFO - Processing /home/airflow/.local/lib/python3.7/site-packages/airflow/example_dags/example_sensors.py took 0.062 seconds
[2023-03-09T09:46:01.952+0000] {processor.py:153} INFO - Started process (PID=3787) to work on /home/airflow/.local/lib/python3.7/site-packages/airflow/example_dags/example_sensors.py
[2023-03-09T09:46:01.954+0000] {processor.py:743} INFO - Processing file /home/airflow/.local/lib/python3.7/site-packages/airflow/example_dags/example_sensors.py for tasks to queue
[2023-03-09T09:46:01.955+0000] {logging_mixin.py:137} INFO - [2023-03-09T09:46:01.955+0000] {dagbag.py:538} INFO - Filling up the DagBag from /home/airflow/.local/lib/python3.7/site-packages/airflow/example_dags/example_sensors.py
[2023-03-09T09:46:01.968+0000] {processor.py:753} INFO - DAG(s) dict_keys(['example_sensors']) retrieved from /home/airflow/.local/lib/python3.7/site-packages/airflow/example_dags/example_sensors.py
[2023-03-09T09:46:01.987+0000] {logging_mixin.py:137} INFO - [2023-03-09T09:46:01.987+0000] {dag.py:2690} INFO - Sync 1 DAGs
[2023-03-09T09:46:02.002+0000] {logging_mixin.py:137} INFO - [2023-03-09T09:46:02.002+0000] {dag.py:3441} INFO - Setting next_dagrun for example_sensors to None, run_after=None
[2023-03-09T09:46:02.016+0000] {processor.py:175} INFO - Processing /home/airflow/.local/lib/python3.7/site-packages/airflow/example_dags/example_sensors.py took 0.066 seconds
[2023-03-09T09:46:32.279+0000] {processor.py:153} INFO - Started process (PID=3866) to work on /home/airflow/.local/lib/python3.7/site-packages/airflow/example_dags/example_sensors.py
[2023-03-09T09:46:32.281+0000] {processor.py:743} INFO - Processing file /home/airflow/.local/lib/python3.7/site-packages/airflow/example_dags/example_sensors.py for tasks to queue
[2023-03-09T09:46:32.282+0000] {logging_mixin.py:137} INFO - [2023-03-09T09:46:32.282+0000] {dagbag.py:538} INFO - Filling up the DagBag from /home/airflow/.local/lib/python3.7/site-packages/airflow/example_dags/example_sensors.py
[2023-03-09T09:46:32.295+0000] {processor.py:753} INFO - DAG(s) dict_keys(['example_sensors']) retrieved from /home/airflow/.local/lib/python3.7/site-packages/airflow/example_dags/example_sensors.py
[2023-03-09T09:46:32.313+0000] {logging_mixin.py:137} INFO - [2023-03-09T09:46:32.312+0000] {dag.py:2690} INFO - Sync 1 DAGs
[2023-03-09T09:46:32.327+0000] {logging_mixin.py:137} INFO - [2023-03-09T09:46:32.327+0000] {dag.py:3441} INFO - Setting next_dagrun for example_sensors to None, run_after=None
[2023-03-09T09:46:32.340+0000] {processor.py:175} INFO - Processing /home/airflow/.local/lib/python3.7/site-packages/airflow/example_dags/example_sensors.py took 0.063 seconds
[2023-03-09T09:47:02.757+0000] {processor.py:153} INFO - Started process (PID=3949) to work on /home/airflow/.local/lib/python3.7/site-packages/airflow/example_dags/example_sensors.py
[2023-03-09T09:47:02.759+0000] {processor.py:743} INFO - Processing file /home/airflow/.local/lib/python3.7/site-packages/airflow/example_dags/example_sensors.py for tasks to queue
[2023-03-09T09:47:02.760+0000] {logging_mixin.py:137} INFO - [2023-03-09T09:47:02.760+0000] {dagbag.py:538} INFO - Filling up the DagBag from /home/airflow/.local/lib/python3.7/site-packages/airflow/example_dags/example_sensors.py
[2023-03-09T09:47:02.791+0000] {processor.py:753} INFO - DAG(s) dict_keys(['example_sensors']) retrieved from /home/airflow/.local/lib/python3.7/site-packages/airflow/example_dags/example_sensors.py
[2023-03-09T09:47:02.824+0000] {logging_mixin.py:137} INFO - [2023-03-09T09:47:02.823+0000] {dag.py:2690} INFO - Sync 1 DAGs
[2023-03-09T09:47:02.851+0000] {logging_mixin.py:137} INFO - [2023-03-09T09:47:02.851+0000] {dag.py:3441} INFO - Setting next_dagrun for example_sensors to None, run_after=None
[2023-03-09T09:47:02.869+0000] {processor.py:175} INFO - Processing /home/airflow/.local/lib/python3.7/site-packages/airflow/example_dags/example_sensors.py took 0.116 seconds
[2023-03-09T09:47:33.125+0000] {processor.py:153} INFO - Started process (PID=4015) to work on /home/airflow/.local/lib/python3.7/site-packages/airflow/example_dags/example_sensors.py
[2023-03-09T09:47:33.126+0000] {processor.py:743} INFO - Processing file /home/airflow/.local/lib/python3.7/site-packages/airflow/example_dags/example_sensors.py for tasks to queue
[2023-03-09T09:47:33.128+0000] {logging_mixin.py:137} INFO - [2023-03-09T09:47:33.127+0000] {dagbag.py:538} INFO - Filling up the DagBag from /home/airflow/.local/lib/python3.7/site-packages/airflow/example_dags/example_sensors.py
[2023-03-09T09:47:33.142+0000] {processor.py:753} INFO - DAG(s) dict_keys(['example_sensors']) retrieved from /home/airflow/.local/lib/python3.7/site-packages/airflow/example_dags/example_sensors.py
[2023-03-09T09:47:33.161+0000] {logging_mixin.py:137} INFO - [2023-03-09T09:47:33.160+0000] {dag.py:2690} INFO - Sync 1 DAGs
[2023-03-09T09:47:33.176+0000] {logging_mixin.py:137} INFO - [2023-03-09T09:47:33.176+0000] {dag.py:3441} INFO - Setting next_dagrun for example_sensors to None, run_after=None
[2023-03-09T09:47:33.189+0000] {processor.py:175} INFO - Processing /home/airflow/.local/lib/python3.7/site-packages/airflow/example_dags/example_sensors.py took 0.066 seconds
[2023-03-09T09:48:03.474+0000] {processor.py:153} INFO - Started process (PID=4092) to work on /home/airflow/.local/lib/python3.7/site-packages/airflow/example_dags/example_sensors.py
[2023-03-09T09:48:03.476+0000] {processor.py:743} INFO - Processing file /home/airflow/.local/lib/python3.7/site-packages/airflow/example_dags/example_sensors.py for tasks to queue
[2023-03-09T09:48:03.477+0000] {logging_mixin.py:137} INFO - [2023-03-09T09:48:03.477+0000] {dagbag.py:538} INFO - Filling up the DagBag from /home/airflow/.local/lib/python3.7/site-packages/airflow/example_dags/example_sensors.py
[2023-03-09T09:48:03.490+0000] {processor.py:753} INFO - DAG(s) dict_keys(['example_sensors']) retrieved from /home/airflow/.local/lib/python3.7/site-packages/airflow/example_dags/example_sensors.py
[2023-03-09T09:48:03.510+0000] {logging_mixin.py:137} INFO - [2023-03-09T09:48:03.510+0000] {dag.py:2690} INFO - Sync 1 DAGs
[2023-03-09T09:48:03.530+0000] {logging_mixin.py:137} INFO - [2023-03-09T09:48:03.530+0000] {dag.py:3441} INFO - Setting next_dagrun for example_sensors to None, run_after=None
[2023-03-09T09:48:03.561+0000] {processor.py:175} INFO - Processing /home/airflow/.local/lib/python3.7/site-packages/airflow/example_dags/example_sensors.py took 0.089 seconds
[2023-03-09T09:48:33.655+0000] {processor.py:153} INFO - Started process (PID=4155) to work on /home/airflow/.local/lib/python3.7/site-packages/airflow/example_dags/example_sensors.py
[2023-03-09T09:48:33.657+0000] {processor.py:743} INFO - Processing file /home/airflow/.local/lib/python3.7/site-packages/airflow/example_dags/example_sensors.py for tasks to queue
[2023-03-09T09:48:33.658+0000] {logging_mixin.py:137} INFO - [2023-03-09T09:48:33.658+0000] {dagbag.py:538} INFO - Filling up the DagBag from /home/airflow/.local/lib/python3.7/site-packages/airflow/example_dags/example_sensors.py
[2023-03-09T09:48:33.671+0000] {processor.py:753} INFO - DAG(s) dict_keys(['example_sensors']) retrieved from /home/airflow/.local/lib/python3.7/site-packages/airflow/example_dags/example_sensors.py
[2023-03-09T09:48:33.689+0000] {logging_mixin.py:137} INFO - [2023-03-09T09:48:33.689+0000] {dag.py:2690} INFO - Sync 1 DAGs
[2023-03-09T09:48:33.703+0000] {logging_mixin.py:137} INFO - [2023-03-09T09:48:33.703+0000] {dag.py:3441} INFO - Setting next_dagrun for example_sensors to None, run_after=None
[2023-03-09T09:48:33.715+0000] {processor.py:175} INFO - Processing /home/airflow/.local/lib/python3.7/site-packages/airflow/example_dags/example_sensors.py took 0.063 seconds
[2023-03-09T09:49:04.079+0000] {processor.py:153} INFO - Started process (PID=4235) to work on /home/airflow/.local/lib/python3.7/site-packages/airflow/example_dags/example_sensors.py
[2023-03-09T09:49:04.081+0000] {processor.py:743} INFO - Processing file /home/airflow/.local/lib/python3.7/site-packages/airflow/example_dags/example_sensors.py for tasks to queue
[2023-03-09T09:49:04.083+0000] {logging_mixin.py:137} INFO - [2023-03-09T09:49:04.082+0000] {dagbag.py:538} INFO - Filling up the DagBag from /home/airflow/.local/lib/python3.7/site-packages/airflow/example_dags/example_sensors.py
[2023-03-09T09:49:04.095+0000] {processor.py:753} INFO - DAG(s) dict_keys(['example_sensors']) retrieved from /home/airflow/.local/lib/python3.7/site-packages/airflow/example_dags/example_sensors.py
[2023-03-09T09:49:04.116+0000] {logging_mixin.py:137} INFO - [2023-03-09T09:49:04.116+0000] {dag.py:2690} INFO - Sync 1 DAGs
[2023-03-09T09:49:04.130+0000] {logging_mixin.py:137} INFO - [2023-03-09T09:49:04.130+0000] {dag.py:3441} INFO - Setting next_dagrun for example_sensors to None, run_after=None
[2023-03-09T09:49:04.141+0000] {processor.py:175} INFO - Processing /home/airflow/.local/lib/python3.7/site-packages/airflow/example_dags/example_sensors.py took 0.065 seconds
[2023-03-09T09:49:34.516+0000] {processor.py:153} INFO - Started process (PID=4318) to work on /home/airflow/.local/lib/python3.7/site-packages/airflow/example_dags/example_sensors.py
[2023-03-09T09:49:34.517+0000] {processor.py:743} INFO - Processing file /home/airflow/.local/lib/python3.7/site-packages/airflow/example_dags/example_sensors.py for tasks to queue
[2023-03-09T09:49:34.518+0000] {logging_mixin.py:137} INFO - [2023-03-09T09:49:34.518+0000] {dagbag.py:538} INFO - Filling up the DagBag from /home/airflow/.local/lib/python3.7/site-packages/airflow/example_dags/example_sensors.py
[2023-03-09T09:49:34.530+0000] {processor.py:753} INFO - DAG(s) dict_keys(['example_sensors']) retrieved from /home/airflow/.local/lib/python3.7/site-packages/airflow/example_dags/example_sensors.py
[2023-03-09T09:49:34.548+0000] {logging_mixin.py:137} INFO - [2023-03-09T09:49:34.548+0000] {dag.py:2690} INFO - Sync 1 DAGs
[2023-03-09T09:49:34.562+0000] {logging_mixin.py:137} INFO - [2023-03-09T09:49:34.562+0000] {dag.py:3441} INFO - Setting next_dagrun for example_sensors to None, run_after=None
[2023-03-09T09:49:34.574+0000] {processor.py:175} INFO - Processing /home/airflow/.local/lib/python3.7/site-packages/airflow/example_dags/example_sensors.py took 0.061 seconds
[2023-03-09T09:50:04.725+0000] {processor.py:153} INFO - Started process (PID=4383) to work on /home/airflow/.local/lib/python3.7/site-packages/airflow/example_dags/example_sensors.py
[2023-03-09T09:50:04.727+0000] {processor.py:743} INFO - Processing file /home/airflow/.local/lib/python3.7/site-packages/airflow/example_dags/example_sensors.py for tasks to queue
[2023-03-09T09:50:04.728+0000] {logging_mixin.py:137} INFO - [2023-03-09T09:50:04.728+0000] {dagbag.py:538} INFO - Filling up the DagBag from /home/airflow/.local/lib/python3.7/site-packages/airflow/example_dags/example_sensors.py
[2023-03-09T09:50:04.740+0000] {processor.py:753} INFO - DAG(s) dict_keys(['example_sensors']) retrieved from /home/airflow/.local/lib/python3.7/site-packages/airflow/example_dags/example_sensors.py
[2023-03-09T09:50:04.758+0000] {logging_mixin.py:137} INFO - [2023-03-09T09:50:04.758+0000] {dag.py:2690} INFO - Sync 1 DAGs
[2023-03-09T09:50:04.773+0000] {logging_mixin.py:137} INFO - [2023-03-09T09:50:04.773+0000] {dag.py:3441} INFO - Setting next_dagrun for example_sensors to None, run_after=None
[2023-03-09T09:50:04.787+0000] {processor.py:175} INFO - Processing /home/airflow/.local/lib/python3.7/site-packages/airflow/example_dags/example_sensors.py took 0.064 seconds
[2023-03-09T09:50:35.299+0000] {processor.py:153} INFO - Started process (PID=4463) to work on /home/airflow/.local/lib/python3.7/site-packages/airflow/example_dags/example_sensors.py
[2023-03-09T09:50:35.301+0000] {processor.py:743} INFO - Processing file /home/airflow/.local/lib/python3.7/site-packages/airflow/example_dags/example_sensors.py for tasks to queue
[2023-03-09T09:50:35.303+0000] {logging_mixin.py:137} INFO - [2023-03-09T09:50:35.302+0000] {dagbag.py:538} INFO - Filling up the DagBag from /home/airflow/.local/lib/python3.7/site-packages/airflow/example_dags/example_sensors.py
[2023-03-09T09:50:35.318+0000] {processor.py:753} INFO - DAG(s) dict_keys(['example_sensors']) retrieved from /home/airflow/.local/lib/python3.7/site-packages/airflow/example_dags/example_sensors.py
[2023-03-09T09:50:35.338+0000] {logging_mixin.py:137} INFO - [2023-03-09T09:50:35.337+0000] {dag.py:2690} INFO - Sync 1 DAGs
[2023-03-09T09:50:35.354+0000] {logging_mixin.py:137} INFO - [2023-03-09T09:50:35.354+0000] {dag.py:3441} INFO - Setting next_dagrun for example_sensors to None, run_after=None
[2023-03-09T09:50:35.368+0000] {processor.py:175} INFO - Processing /home/airflow/.local/lib/python3.7/site-packages/airflow/example_dags/example_sensors.py took 0.071 seconds
