[2023-03-09T09:02:22.674+0000] {processor.py:153} INFO - Started process (PID=79) to work on /home/airflow/.local/lib/python3.7/site-packages/airflow/example_dags/example_branch_labels.py
[2023-03-09T09:02:22.676+0000] {processor.py:743} INFO - Processing file /home/airflow/.local/lib/python3.7/site-packages/airflow/example_dags/example_branch_labels.py for tasks to queue
[2023-03-09T09:02:22.678+0000] {logging_mixin.py:137} INFO - [2023-03-09T09:02:22.678+0000] {dagbag.py:538} INFO - Filling up the DagBag from /home/airflow/.local/lib/python3.7/site-packages/airflow/example_dags/example_branch_labels.py
[2023-03-09T09:02:22.704+0000] {processor.py:753} INFO - DAG(s) dict_keys(['example_branch_labels']) retrieved from /home/airflow/.local/lib/python3.7/site-packages/airflow/example_dags/example_branch_labels.py
[2023-03-09T09:02:22.722+0000] {logging_mixin.py:137} INFO - [2023-03-09T09:02:22.722+0000] {dag.py:2690} INFO - Sync 1 DAGs
[2023-03-09T09:02:22.748+0000] {logging_mixin.py:137} INFO - [2023-03-09T09:02:22.748+0000] {dag.py:3441} INFO - Setting next_dagrun for example_branch_labels to 2023-03-08T00:00:00+00:00, run_after=2023-03-09T00:00:00+00:00
[2023-03-09T09:02:22.772+0000] {processor.py:175} INFO - Processing /home/airflow/.local/lib/python3.7/site-packages/airflow/example_dags/example_branch_labels.py took 0.101 seconds
[2023-03-09T09:02:53.104+0000] {processor.py:153} INFO - Started process (PID=145) to work on /home/airflow/.local/lib/python3.7/site-packages/airflow/example_dags/example_branch_labels.py
[2023-03-09T09:02:53.106+0000] {processor.py:743} INFO - Processing file /home/airflow/.local/lib/python3.7/site-packages/airflow/example_dags/example_branch_labels.py for tasks to queue
[2023-03-09T09:02:53.107+0000] {logging_mixin.py:137} INFO - [2023-03-09T09:02:53.107+0000] {dagbag.py:538} INFO - Filling up the DagBag from /home/airflow/.local/lib/python3.7/site-packages/airflow/example_dags/example_branch_labels.py
[2023-03-09T09:02:53.118+0000] {processor.py:753} INFO - DAG(s) dict_keys(['example_branch_labels']) retrieved from /home/airflow/.local/lib/python3.7/site-packages/airflow/example_dags/example_branch_labels.py
[2023-03-09T09:02:53.140+0000] {logging_mixin.py:137} INFO - [2023-03-09T09:02:53.140+0000] {dag.py:2690} INFO - Sync 1 DAGs
[2023-03-09T09:02:53.156+0000] {logging_mixin.py:137} INFO - [2023-03-09T09:02:53.156+0000] {dag.py:3441} INFO - Setting next_dagrun for example_branch_labels to 2023-03-08T00:00:00+00:00, run_after=2023-03-09T00:00:00+00:00
[2023-03-09T09:02:53.169+0000] {processor.py:175} INFO - Processing /home/airflow/.local/lib/python3.7/site-packages/airflow/example_dags/example_branch_labels.py took 0.069 seconds
[2023-03-09T09:03:23.694+0000] {processor.py:153} INFO - Started process (PID=226) to work on /home/airflow/.local/lib/python3.7/site-packages/airflow/example_dags/example_branch_labels.py
[2023-03-09T09:03:23.695+0000] {processor.py:743} INFO - Processing file /home/airflow/.local/lib/python3.7/site-packages/airflow/example_dags/example_branch_labels.py for tasks to queue
[2023-03-09T09:03:23.696+0000] {logging_mixin.py:137} INFO - [2023-03-09T09:03:23.696+0000] {dagbag.py:538} INFO - Filling up the DagBag from /home/airflow/.local/lib/python3.7/site-packages/airflow/example_dags/example_branch_labels.py
[2023-03-09T09:03:23.705+0000] {processor.py:753} INFO - DAG(s) dict_keys(['example_branch_labels']) retrieved from /home/airflow/.local/lib/python3.7/site-packages/airflow/example_dags/example_branch_labels.py
[2023-03-09T09:03:23.721+0000] {logging_mixin.py:137} INFO - [2023-03-09T09:03:23.721+0000] {dag.py:2690} INFO - Sync 1 DAGs
[2023-03-09T09:03:23.736+0000] {logging_mixin.py:137} INFO - [2023-03-09T09:03:23.736+0000] {dag.py:3441} INFO - Setting next_dagrun for example_branch_labels to 2023-03-08T00:00:00+00:00, run_after=2023-03-09T00:00:00+00:00
[2023-03-09T09:03:23.747+0000] {processor.py:175} INFO - Processing /home/airflow/.local/lib/python3.7/site-packages/airflow/example_dags/example_branch_labels.py took 0.056 seconds
[2023-03-09T09:03:53.900+0000] {processor.py:153} INFO - Started process (PID=291) to work on /home/airflow/.local/lib/python3.7/site-packages/airflow/example_dags/example_branch_labels.py
[2023-03-09T09:03:53.903+0000] {processor.py:743} INFO - Processing file /home/airflow/.local/lib/python3.7/site-packages/airflow/example_dags/example_branch_labels.py for tasks to queue
[2023-03-09T09:03:53.904+0000] {logging_mixin.py:137} INFO - [2023-03-09T09:03:53.904+0000] {dagbag.py:538} INFO - Filling up the DagBag from /home/airflow/.local/lib/python3.7/site-packages/airflow/example_dags/example_branch_labels.py
[2023-03-09T09:03:53.914+0000] {processor.py:753} INFO - DAG(s) dict_keys(['example_branch_labels']) retrieved from /home/airflow/.local/lib/python3.7/site-packages/airflow/example_dags/example_branch_labels.py
[2023-03-09T09:03:53.935+0000] {logging_mixin.py:137} INFO - [2023-03-09T09:03:53.935+0000] {dag.py:2690} INFO - Sync 1 DAGs
[2023-03-09T09:03:53.951+0000] {logging_mixin.py:137} INFO - [2023-03-09T09:03:53.951+0000] {dag.py:3441} INFO - Setting next_dagrun for example_branch_labels to 2023-03-08T00:00:00+00:00, run_after=2023-03-09T00:00:00+00:00
[2023-03-09T09:03:53.963+0000] {processor.py:175} INFO - Processing /home/airflow/.local/lib/python3.7/site-packages/airflow/example_dags/example_branch_labels.py took 0.065 seconds
[2023-03-09T09:20:50.880+0000] {processor.py:153} INFO - Started process (PID=79) to work on /home/airflow/.local/lib/python3.7/site-packages/airflow/example_dags/example_branch_labels.py
[2023-03-09T09:20:50.883+0000] {processor.py:743} INFO - Processing file /home/airflow/.local/lib/python3.7/site-packages/airflow/example_dags/example_branch_labels.py for tasks to queue
[2023-03-09T09:20:50.885+0000] {logging_mixin.py:137} INFO - [2023-03-09T09:20:50.885+0000] {dagbag.py:538} INFO - Filling up the DagBag from /home/airflow/.local/lib/python3.7/site-packages/airflow/example_dags/example_branch_labels.py
[2023-03-09T09:20:50.899+0000] {processor.py:753} INFO - DAG(s) dict_keys(['example_branch_labels']) retrieved from /home/airflow/.local/lib/python3.7/site-packages/airflow/example_dags/example_branch_labels.py
[2023-03-09T09:20:50.991+0000] {logging_mixin.py:137} INFO - [2023-03-09T09:20:50.991+0000] {manager.py:504} INFO - Created Permission View: can read on DAG:example_branch_labels
[2023-03-09T09:20:50.998+0000] {logging_mixin.py:137} INFO - [2023-03-09T09:20:50.998+0000] {manager.py:504} INFO - Created Permission View: can edit on DAG:example_branch_labels
[2023-03-09T09:20:51.003+0000] {logging_mixin.py:137} INFO - [2023-03-09T09:20:51.003+0000] {manager.py:504} INFO - Created Permission View: can delete on DAG:example_branch_labels
[2023-03-09T09:20:51.004+0000] {logging_mixin.py:137} INFO - [2023-03-09T09:20:51.004+0000] {dag.py:2690} INFO - Sync 1 DAGs
[2023-03-09T09:20:51.013+0000] {logging_mixin.py:137} INFO - [2023-03-09T09:20:51.013+0000] {dag.py:2711} INFO - Creating ORM DAG for example_branch_labels
[2023-03-09T09:20:51.022+0000] {logging_mixin.py:137} INFO - [2023-03-09T09:20:51.022+0000] {dag.py:3441} INFO - Setting next_dagrun for example_branch_labels to 2023-03-08T00:00:00+00:00, run_after=2023-03-09T00:00:00+00:00
[2023-03-09T09:20:51.036+0000] {processor.py:175} INFO - Processing /home/airflow/.local/lib/python3.7/site-packages/airflow/example_dags/example_branch_labels.py took 0.159 seconds
[2023-03-09T09:21:21.532+0000] {processor.py:153} INFO - Started process (PID=144) to work on /home/airflow/.local/lib/python3.7/site-packages/airflow/example_dags/example_branch_labels.py
[2023-03-09T09:21:21.533+0000] {processor.py:743} INFO - Processing file /home/airflow/.local/lib/python3.7/site-packages/airflow/example_dags/example_branch_labels.py for tasks to queue
[2023-03-09T09:21:21.535+0000] {logging_mixin.py:137} INFO - [2023-03-09T09:21:21.535+0000] {dagbag.py:538} INFO - Filling up the DagBag from /home/airflow/.local/lib/python3.7/site-packages/airflow/example_dags/example_branch_labels.py
[2023-03-09T09:21:21.546+0000] {processor.py:753} INFO - DAG(s) dict_keys(['example_branch_labels']) retrieved from /home/airflow/.local/lib/python3.7/site-packages/airflow/example_dags/example_branch_labels.py
[2023-03-09T09:21:21.568+0000] {logging_mixin.py:137} INFO - [2023-03-09T09:21:21.568+0000] {dag.py:2690} INFO - Sync 1 DAGs
[2023-03-09T09:21:21.592+0000] {logging_mixin.py:137} INFO - [2023-03-09T09:21:21.592+0000] {dag.py:3441} INFO - Setting next_dagrun for example_branch_labels to 2023-03-08T00:00:00+00:00, run_after=2023-03-09T00:00:00+00:00
[2023-03-09T09:21:21.606+0000] {processor.py:175} INFO - Processing /home/airflow/.local/lib/python3.7/site-packages/airflow/example_dags/example_branch_labels.py took 0.077 seconds
[2023-03-09T09:21:52.396+0000] {processor.py:153} INFO - Started process (PID=226) to work on /home/airflow/.local/lib/python3.7/site-packages/airflow/example_dags/example_branch_labels.py
[2023-03-09T09:21:52.398+0000] {processor.py:743} INFO - Processing file /home/airflow/.local/lib/python3.7/site-packages/airflow/example_dags/example_branch_labels.py for tasks to queue
[2023-03-09T09:21:52.400+0000] {logging_mixin.py:137} INFO - [2023-03-09T09:21:52.399+0000] {dagbag.py:538} INFO - Filling up the DagBag from /home/airflow/.local/lib/python3.7/site-packages/airflow/example_dags/example_branch_labels.py
[2023-03-09T09:21:52.411+0000] {processor.py:753} INFO - DAG(s) dict_keys(['example_branch_labels']) retrieved from /home/airflow/.local/lib/python3.7/site-packages/airflow/example_dags/example_branch_labels.py
[2023-03-09T09:21:52.436+0000] {logging_mixin.py:137} INFO - [2023-03-09T09:21:52.436+0000] {dag.py:2690} INFO - Sync 1 DAGs
[2023-03-09T09:21:52.455+0000] {logging_mixin.py:137} INFO - [2023-03-09T09:21:52.455+0000] {dag.py:3441} INFO - Setting next_dagrun for example_branch_labels to 2023-03-08T00:00:00+00:00, run_after=2023-03-09T00:00:00+00:00
[2023-03-09T09:21:52.479+0000] {processor.py:175} INFO - Processing /home/airflow/.local/lib/python3.7/site-packages/airflow/example_dags/example_branch_labels.py took 0.087 seconds
[2023-03-09T09:22:22.830+0000] {processor.py:153} INFO - Started process (PID=300) to work on /home/airflow/.local/lib/python3.7/site-packages/airflow/example_dags/example_branch_labels.py
[2023-03-09T09:22:22.832+0000] {processor.py:743} INFO - Processing file /home/airflow/.local/lib/python3.7/site-packages/airflow/example_dags/example_branch_labels.py for tasks to queue
[2023-03-09T09:22:22.833+0000] {logging_mixin.py:137} INFO - [2023-03-09T09:22:22.833+0000] {dagbag.py:538} INFO - Filling up the DagBag from /home/airflow/.local/lib/python3.7/site-packages/airflow/example_dags/example_branch_labels.py
[2023-03-09T09:22:22.843+0000] {processor.py:753} INFO - DAG(s) dict_keys(['example_branch_labels']) retrieved from /home/airflow/.local/lib/python3.7/site-packages/airflow/example_dags/example_branch_labels.py
[2023-03-09T09:22:22.862+0000] {logging_mixin.py:137} INFO - [2023-03-09T09:22:22.862+0000] {dag.py:2690} INFO - Sync 1 DAGs
[2023-03-09T09:22:22.881+0000] {logging_mixin.py:137} INFO - [2023-03-09T09:22:22.881+0000] {dag.py:3441} INFO - Setting next_dagrun for example_branch_labels to 2023-03-08T00:00:00+00:00, run_after=2023-03-09T00:00:00+00:00
[2023-03-09T09:22:22.895+0000] {processor.py:175} INFO - Processing /home/airflow/.local/lib/python3.7/site-packages/airflow/example_dags/example_branch_labels.py took 0.068 seconds
[2023-03-09T09:22:53.119+0000] {processor.py:153} INFO - Started process (PID=368) to work on /home/airflow/.local/lib/python3.7/site-packages/airflow/example_dags/example_branch_labels.py
[2023-03-09T09:22:53.121+0000] {processor.py:743} INFO - Processing file /home/airflow/.local/lib/python3.7/site-packages/airflow/example_dags/example_branch_labels.py for tasks to queue
[2023-03-09T09:22:53.122+0000] {logging_mixin.py:137} INFO - [2023-03-09T09:22:53.122+0000] {dagbag.py:538} INFO - Filling up the DagBag from /home/airflow/.local/lib/python3.7/site-packages/airflow/example_dags/example_branch_labels.py
[2023-03-09T09:22:53.132+0000] {processor.py:753} INFO - DAG(s) dict_keys(['example_branch_labels']) retrieved from /home/airflow/.local/lib/python3.7/site-packages/airflow/example_dags/example_branch_labels.py
[2023-03-09T09:22:53.152+0000] {logging_mixin.py:137} INFO - [2023-03-09T09:22:53.152+0000] {dag.py:2690} INFO - Sync 1 DAGs
[2023-03-09T09:22:53.168+0000] {logging_mixin.py:137} INFO - [2023-03-09T09:22:53.168+0000] {dag.py:3441} INFO - Setting next_dagrun for example_branch_labels to 2023-03-08T00:00:00+00:00, run_after=2023-03-09T00:00:00+00:00
[2023-03-09T09:22:53.179+0000] {processor.py:175} INFO - Processing /home/airflow/.local/lib/python3.7/site-packages/airflow/example_dags/example_branch_labels.py took 0.062 seconds
[2023-03-09T09:23:23.387+0000] {processor.py:153} INFO - Started process (PID=449) to work on /home/airflow/.local/lib/python3.7/site-packages/airflow/example_dags/example_branch_labels.py
[2023-03-09T09:23:23.389+0000] {processor.py:743} INFO - Processing file /home/airflow/.local/lib/python3.7/site-packages/airflow/example_dags/example_branch_labels.py for tasks to queue
[2023-03-09T09:23:23.390+0000] {logging_mixin.py:137} INFO - [2023-03-09T09:23:23.390+0000] {dagbag.py:538} INFO - Filling up the DagBag from /home/airflow/.local/lib/python3.7/site-packages/airflow/example_dags/example_branch_labels.py
[2023-03-09T09:23:23.400+0000] {processor.py:753} INFO - DAG(s) dict_keys(['example_branch_labels']) retrieved from /home/airflow/.local/lib/python3.7/site-packages/airflow/example_dags/example_branch_labels.py
[2023-03-09T09:23:23.418+0000] {logging_mixin.py:137} INFO - [2023-03-09T09:23:23.418+0000] {dag.py:2690} INFO - Sync 1 DAGs
[2023-03-09T09:23:23.435+0000] {logging_mixin.py:137} INFO - [2023-03-09T09:23:23.435+0000] {dag.py:3441} INFO - Setting next_dagrun for example_branch_labels to 2023-03-08T00:00:00+00:00, run_after=2023-03-09T00:00:00+00:00
[2023-03-09T09:23:23.452+0000] {processor.py:175} INFO - Processing /home/airflow/.local/lib/python3.7/site-packages/airflow/example_dags/example_branch_labels.py took 0.068 seconds
[2023-03-09T09:23:53.556+0000] {processor.py:153} INFO - Started process (PID=531) to work on /home/airflow/.local/lib/python3.7/site-packages/airflow/example_dags/example_branch_labels.py
[2023-03-09T09:23:53.557+0000] {processor.py:743} INFO - Processing file /home/airflow/.local/lib/python3.7/site-packages/airflow/example_dags/example_branch_labels.py for tasks to queue
[2023-03-09T09:23:53.558+0000] {logging_mixin.py:137} INFO - [2023-03-09T09:23:53.558+0000] {dagbag.py:538} INFO - Filling up the DagBag from /home/airflow/.local/lib/python3.7/site-packages/airflow/example_dags/example_branch_labels.py
[2023-03-09T09:23:53.568+0000] {processor.py:753} INFO - DAG(s) dict_keys(['example_branch_labels']) retrieved from /home/airflow/.local/lib/python3.7/site-packages/airflow/example_dags/example_branch_labels.py
[2023-03-09T09:23:53.586+0000] {logging_mixin.py:137} INFO - [2023-03-09T09:23:53.586+0000] {dag.py:2690} INFO - Sync 1 DAGs
[2023-03-09T09:23:53.605+0000] {logging_mixin.py:137} INFO - [2023-03-09T09:23:53.605+0000] {dag.py:3441} INFO - Setting next_dagrun for example_branch_labels to 2023-03-08T00:00:00+00:00, run_after=2023-03-09T00:00:00+00:00
[2023-03-09T09:23:53.618+0000] {processor.py:175} INFO - Processing /home/airflow/.local/lib/python3.7/site-packages/airflow/example_dags/example_branch_labels.py took 0.065 seconds
[2023-03-09T09:24:24.271+0000] {processor.py:153} INFO - Started process (PID=597) to work on /home/airflow/.local/lib/python3.7/site-packages/airflow/example_dags/example_branch_labels.py
[2023-03-09T09:24:24.273+0000] {processor.py:743} INFO - Processing file /home/airflow/.local/lib/python3.7/site-packages/airflow/example_dags/example_branch_labels.py for tasks to queue
[2023-03-09T09:24:24.275+0000] {logging_mixin.py:137} INFO - [2023-03-09T09:24:24.275+0000] {dagbag.py:538} INFO - Filling up the DagBag from /home/airflow/.local/lib/python3.7/site-packages/airflow/example_dags/example_branch_labels.py
[2023-03-09T09:24:24.297+0000] {processor.py:753} INFO - DAG(s) dict_keys(['example_branch_labels']) retrieved from /home/airflow/.local/lib/python3.7/site-packages/airflow/example_dags/example_branch_labels.py
[2023-03-09T09:24:24.393+0000] {logging_mixin.py:137} INFO - [2023-03-09T09:24:24.392+0000] {dag.py:2690} INFO - Sync 1 DAGs
[2023-03-09T09:24:24.444+0000] {logging_mixin.py:137} INFO - [2023-03-09T09:24:24.444+0000] {dag.py:3441} INFO - Setting next_dagrun for example_branch_labels to 2023-03-08T00:00:00+00:00, run_after=2023-03-09T00:00:00+00:00
[2023-03-09T09:24:24.488+0000] {processor.py:175} INFO - Processing /home/airflow/.local/lib/python3.7/site-packages/airflow/example_dags/example_branch_labels.py took 0.221 seconds
[2023-03-09T09:24:54.696+0000] {processor.py:153} INFO - Started process (PID=674) to work on /home/airflow/.local/lib/python3.7/site-packages/airflow/example_dags/example_branch_labels.py
[2023-03-09T09:24:54.698+0000] {processor.py:743} INFO - Processing file /home/airflow/.local/lib/python3.7/site-packages/airflow/example_dags/example_branch_labels.py for tasks to queue
[2023-03-09T09:24:54.699+0000] {logging_mixin.py:137} INFO - [2023-03-09T09:24:54.699+0000] {dagbag.py:538} INFO - Filling up the DagBag from /home/airflow/.local/lib/python3.7/site-packages/airflow/example_dags/example_branch_labels.py
[2023-03-09T09:24:54.709+0000] {processor.py:753} INFO - DAG(s) dict_keys(['example_branch_labels']) retrieved from /home/airflow/.local/lib/python3.7/site-packages/airflow/example_dags/example_branch_labels.py
[2023-03-09T09:24:54.732+0000] {logging_mixin.py:137} INFO - [2023-03-09T09:24:54.731+0000] {dag.py:2690} INFO - Sync 1 DAGs
[2023-03-09T09:24:54.748+0000] {logging_mixin.py:137} INFO - [2023-03-09T09:24:54.748+0000] {dag.py:3441} INFO - Setting next_dagrun for example_branch_labels to 2023-03-08T00:00:00+00:00, run_after=2023-03-09T00:00:00+00:00
[2023-03-09T09:24:54.759+0000] {processor.py:175} INFO - Processing /home/airflow/.local/lib/python3.7/site-packages/airflow/example_dags/example_branch_labels.py took 0.066 seconds
[2023-03-09T09:25:24.893+0000] {processor.py:153} INFO - Started process (PID=754) to work on /home/airflow/.local/lib/python3.7/site-packages/airflow/example_dags/example_branch_labels.py
[2023-03-09T09:25:24.897+0000] {processor.py:743} INFO - Processing file /home/airflow/.local/lib/python3.7/site-packages/airflow/example_dags/example_branch_labels.py for tasks to queue
[2023-03-09T09:25:24.897+0000] {logging_mixin.py:137} INFO - [2023-03-09T09:25:24.897+0000] {dagbag.py:538} INFO - Filling up the DagBag from /home/airflow/.local/lib/python3.7/site-packages/airflow/example_dags/example_branch_labels.py
[2023-03-09T09:25:24.906+0000] {processor.py:753} INFO - DAG(s) dict_keys(['example_branch_labels']) retrieved from /home/airflow/.local/lib/python3.7/site-packages/airflow/example_dags/example_branch_labels.py
[2023-03-09T09:25:24.924+0000] {logging_mixin.py:137} INFO - [2023-03-09T09:25:24.924+0000] {dag.py:2690} INFO - Sync 1 DAGs
[2023-03-09T09:25:24.940+0000] {logging_mixin.py:137} INFO - [2023-03-09T09:25:24.940+0000] {dag.py:3441} INFO - Setting next_dagrun for example_branch_labels to 2023-03-08T00:00:00+00:00, run_after=2023-03-09T00:00:00+00:00
[2023-03-09T09:25:24.954+0000] {processor.py:175} INFO - Processing /home/airflow/.local/lib/python3.7/site-packages/airflow/example_dags/example_branch_labels.py took 0.065 seconds
[2023-03-09T09:25:55.314+0000] {processor.py:153} INFO - Started process (PID=820) to work on /home/airflow/.local/lib/python3.7/site-packages/airflow/example_dags/example_branch_labels.py
[2023-03-09T09:25:55.316+0000] {processor.py:743} INFO - Processing file /home/airflow/.local/lib/python3.7/site-packages/airflow/example_dags/example_branch_labels.py for tasks to queue
[2023-03-09T09:25:55.317+0000] {logging_mixin.py:137} INFO - [2023-03-09T09:25:55.317+0000] {dagbag.py:538} INFO - Filling up the DagBag from /home/airflow/.local/lib/python3.7/site-packages/airflow/example_dags/example_branch_labels.py
[2023-03-09T09:25:55.327+0000] {processor.py:753} INFO - DAG(s) dict_keys(['example_branch_labels']) retrieved from /home/airflow/.local/lib/python3.7/site-packages/airflow/example_dags/example_branch_labels.py
[2023-03-09T09:25:55.345+0000] {logging_mixin.py:137} INFO - [2023-03-09T09:25:55.345+0000] {dag.py:2690} INFO - Sync 1 DAGs
[2023-03-09T09:25:55.361+0000] {logging_mixin.py:137} INFO - [2023-03-09T09:25:55.361+0000] {dag.py:3441} INFO - Setting next_dagrun for example_branch_labels to 2023-03-08T00:00:00+00:00, run_after=2023-03-09T00:00:00+00:00
[2023-03-09T09:25:55.373+0000] {processor.py:175} INFO - Processing /home/airflow/.local/lib/python3.7/site-packages/airflow/example_dags/example_branch_labels.py took 0.062 seconds
[2023-03-09T09:26:25.463+0000] {processor.py:153} INFO - Started process (PID=896) to work on /home/airflow/.local/lib/python3.7/site-packages/airflow/example_dags/example_branch_labels.py
[2023-03-09T09:26:25.464+0000] {processor.py:743} INFO - Processing file /home/airflow/.local/lib/python3.7/site-packages/airflow/example_dags/example_branch_labels.py for tasks to queue
[2023-03-09T09:26:25.465+0000] {logging_mixin.py:137} INFO - [2023-03-09T09:26:25.465+0000] {dagbag.py:538} INFO - Filling up the DagBag from /home/airflow/.local/lib/python3.7/site-packages/airflow/example_dags/example_branch_labels.py
[2023-03-09T09:26:25.475+0000] {processor.py:753} INFO - DAG(s) dict_keys(['example_branch_labels']) retrieved from /home/airflow/.local/lib/python3.7/site-packages/airflow/example_dags/example_branch_labels.py
[2023-03-09T09:26:25.492+0000] {logging_mixin.py:137} INFO - [2023-03-09T09:26:25.492+0000] {dag.py:2690} INFO - Sync 1 DAGs
[2023-03-09T09:26:25.510+0000] {logging_mixin.py:137} INFO - [2023-03-09T09:26:25.509+0000] {dag.py:3441} INFO - Setting next_dagrun for example_branch_labels to 2023-03-08T00:00:00+00:00, run_after=2023-03-09T00:00:00+00:00
[2023-03-09T09:26:25.520+0000] {processor.py:175} INFO - Processing /home/airflow/.local/lib/python3.7/site-packages/airflow/example_dags/example_branch_labels.py took 0.060 seconds
[2023-03-09T09:26:55.748+0000] {processor.py:153} INFO - Started process (PID=977) to work on /home/airflow/.local/lib/python3.7/site-packages/airflow/example_dags/example_branch_labels.py
[2023-03-09T09:26:55.750+0000] {processor.py:743} INFO - Processing file /home/airflow/.local/lib/python3.7/site-packages/airflow/example_dags/example_branch_labels.py for tasks to queue
[2023-03-09T09:26:55.752+0000] {logging_mixin.py:137} INFO - [2023-03-09T09:26:55.752+0000] {dagbag.py:538} INFO - Filling up the DagBag from /home/airflow/.local/lib/python3.7/site-packages/airflow/example_dags/example_branch_labels.py
[2023-03-09T09:26:55.764+0000] {processor.py:753} INFO - DAG(s) dict_keys(['example_branch_labels']) retrieved from /home/airflow/.local/lib/python3.7/site-packages/airflow/example_dags/example_branch_labels.py
[2023-03-09T09:26:55.796+0000] {logging_mixin.py:137} INFO - [2023-03-09T09:26:55.796+0000] {dag.py:2690} INFO - Sync 1 DAGs
[2023-03-09T09:26:55.816+0000] {logging_mixin.py:137} INFO - [2023-03-09T09:26:55.816+0000] {dag.py:3441} INFO - Setting next_dagrun for example_branch_labels to 2023-03-08T00:00:00+00:00, run_after=2023-03-09T00:00:00+00:00
[2023-03-09T09:26:55.830+0000] {processor.py:175} INFO - Processing /home/airflow/.local/lib/python3.7/site-packages/airflow/example_dags/example_branch_labels.py took 0.085 seconds
[2023-03-09T09:27:25.908+0000] {processor.py:153} INFO - Started process (PID=1045) to work on /home/airflow/.local/lib/python3.7/site-packages/airflow/example_dags/example_branch_labels.py
[2023-03-09T09:27:25.909+0000] {processor.py:743} INFO - Processing file /home/airflow/.local/lib/python3.7/site-packages/airflow/example_dags/example_branch_labels.py for tasks to queue
[2023-03-09T09:27:25.910+0000] {logging_mixin.py:137} INFO - [2023-03-09T09:27:25.910+0000] {dagbag.py:538} INFO - Filling up the DagBag from /home/airflow/.local/lib/python3.7/site-packages/airflow/example_dags/example_branch_labels.py
[2023-03-09T09:27:25.919+0000] {processor.py:753} INFO - DAG(s) dict_keys(['example_branch_labels']) retrieved from /home/airflow/.local/lib/python3.7/site-packages/airflow/example_dags/example_branch_labels.py
[2023-03-09T09:27:25.938+0000] {logging_mixin.py:137} INFO - [2023-03-09T09:27:25.938+0000] {dag.py:2690} INFO - Sync 1 DAGs
[2023-03-09T09:27:25.955+0000] {logging_mixin.py:137} INFO - [2023-03-09T09:27:25.954+0000] {dag.py:3441} INFO - Setting next_dagrun for example_branch_labels to 2023-03-08T00:00:00+00:00, run_after=2023-03-09T00:00:00+00:00
[2023-03-09T09:27:25.966+0000] {processor.py:175} INFO - Processing /home/airflow/.local/lib/python3.7/site-packages/airflow/example_dags/example_branch_labels.py took 0.060 seconds
[2023-03-09T09:27:56.008+0000] {processor.py:153} INFO - Started process (PID=1125) to work on /home/airflow/.local/lib/python3.7/site-packages/airflow/example_dags/example_branch_labels.py
[2023-03-09T09:27:56.010+0000] {processor.py:743} INFO - Processing file /home/airflow/.local/lib/python3.7/site-packages/airflow/example_dags/example_branch_labels.py for tasks to queue
[2023-03-09T09:27:56.011+0000] {logging_mixin.py:137} INFO - [2023-03-09T09:27:56.011+0000] {dagbag.py:538} INFO - Filling up the DagBag from /home/airflow/.local/lib/python3.7/site-packages/airflow/example_dags/example_branch_labels.py
[2023-03-09T09:27:56.021+0000] {processor.py:753} INFO - DAG(s) dict_keys(['example_branch_labels']) retrieved from /home/airflow/.local/lib/python3.7/site-packages/airflow/example_dags/example_branch_labels.py
[2023-03-09T09:27:56.039+0000] {logging_mixin.py:137} INFO - [2023-03-09T09:27:56.038+0000] {dag.py:2690} INFO - Sync 1 DAGs
[2023-03-09T09:27:56.055+0000] {logging_mixin.py:137} INFO - [2023-03-09T09:27:56.055+0000] {dag.py:3441} INFO - Setting next_dagrun for example_branch_labels to 2023-03-08T00:00:00+00:00, run_after=2023-03-09T00:00:00+00:00
[2023-03-09T09:27:56.067+0000] {processor.py:175} INFO - Processing /home/airflow/.local/lib/python3.7/site-packages/airflow/example_dags/example_branch_labels.py took 0.061 seconds
[2023-03-09T09:28:26.384+0000] {processor.py:153} INFO - Started process (PID=1200) to work on /home/airflow/.local/lib/python3.7/site-packages/airflow/example_dags/example_branch_labels.py
[2023-03-09T09:28:26.386+0000] {processor.py:743} INFO - Processing file /home/airflow/.local/lib/python3.7/site-packages/airflow/example_dags/example_branch_labels.py for tasks to queue
[2023-03-09T09:28:26.387+0000] {logging_mixin.py:137} INFO - [2023-03-09T09:28:26.387+0000] {dagbag.py:538} INFO - Filling up the DagBag from /home/airflow/.local/lib/python3.7/site-packages/airflow/example_dags/example_branch_labels.py
[2023-03-09T09:28:26.398+0000] {processor.py:753} INFO - DAG(s) dict_keys(['example_branch_labels']) retrieved from /home/airflow/.local/lib/python3.7/site-packages/airflow/example_dags/example_branch_labels.py
[2023-03-09T09:28:26.420+0000] {logging_mixin.py:137} INFO - [2023-03-09T09:28:26.420+0000] {dag.py:2690} INFO - Sync 1 DAGs
[2023-03-09T09:28:26.440+0000] {logging_mixin.py:137} INFO - [2023-03-09T09:28:26.440+0000] {dag.py:3441} INFO - Setting next_dagrun for example_branch_labels to 2023-03-08T00:00:00+00:00, run_after=2023-03-09T00:00:00+00:00
[2023-03-09T09:28:26.463+0000] {processor.py:175} INFO - Processing /home/airflow/.local/lib/python3.7/site-packages/airflow/example_dags/example_branch_labels.py took 0.084 seconds
[2023-03-09T09:28:56.878+0000] {processor.py:153} INFO - Started process (PID=1273) to work on /home/airflow/.local/lib/python3.7/site-packages/airflow/example_dags/example_branch_labels.py
[2023-03-09T09:28:56.880+0000] {processor.py:743} INFO - Processing file /home/airflow/.local/lib/python3.7/site-packages/airflow/example_dags/example_branch_labels.py for tasks to queue
[2023-03-09T09:28:56.881+0000] {logging_mixin.py:137} INFO - [2023-03-09T09:28:56.881+0000] {dagbag.py:538} INFO - Filling up the DagBag from /home/airflow/.local/lib/python3.7/site-packages/airflow/example_dags/example_branch_labels.py
[2023-03-09T09:28:56.893+0000] {processor.py:753} INFO - DAG(s) dict_keys(['example_branch_labels']) retrieved from /home/airflow/.local/lib/python3.7/site-packages/airflow/example_dags/example_branch_labels.py
[2023-03-09T09:28:56.918+0000] {logging_mixin.py:137} INFO - [2023-03-09T09:28:56.918+0000] {dag.py:2690} INFO - Sync 1 DAGs
[2023-03-09T09:28:56.946+0000] {logging_mixin.py:137} INFO - [2023-03-09T09:28:56.946+0000] {dag.py:3441} INFO - Setting next_dagrun for example_branch_labels to 2023-03-08T00:00:00+00:00, run_after=2023-03-09T00:00:00+00:00
[2023-03-09T09:28:56.959+0000] {processor.py:175} INFO - Processing /home/airflow/.local/lib/python3.7/site-packages/airflow/example_dags/example_branch_labels.py took 0.087 seconds
[2023-03-09T09:29:27.102+0000] {processor.py:153} INFO - Started process (PID=1352) to work on /home/airflow/.local/lib/python3.7/site-packages/airflow/example_dags/example_branch_labels.py
[2023-03-09T09:29:27.104+0000] {processor.py:743} INFO - Processing file /home/airflow/.local/lib/python3.7/site-packages/airflow/example_dags/example_branch_labels.py for tasks to queue
[2023-03-09T09:29:27.105+0000] {logging_mixin.py:137} INFO - [2023-03-09T09:29:27.105+0000] {dagbag.py:538} INFO - Filling up the DagBag from /home/airflow/.local/lib/python3.7/site-packages/airflow/example_dags/example_branch_labels.py
[2023-03-09T09:29:27.115+0000] {processor.py:753} INFO - DAG(s) dict_keys(['example_branch_labels']) retrieved from /home/airflow/.local/lib/python3.7/site-packages/airflow/example_dags/example_branch_labels.py
[2023-03-09T09:29:27.134+0000] {logging_mixin.py:137} INFO - [2023-03-09T09:29:27.134+0000] {dag.py:2690} INFO - Sync 1 DAGs
[2023-03-09T09:29:27.153+0000] {logging_mixin.py:137} INFO - [2023-03-09T09:29:27.153+0000] {dag.py:3441} INFO - Setting next_dagrun for example_branch_labels to 2023-03-08T00:00:00+00:00, run_after=2023-03-09T00:00:00+00:00
[2023-03-09T09:29:27.164+0000] {processor.py:175} INFO - Processing /home/airflow/.local/lib/python3.7/site-packages/airflow/example_dags/example_branch_labels.py took 0.064 seconds
[2023-03-09T09:29:57.424+0000] {processor.py:153} INFO - Started process (PID=1421) to work on /home/airflow/.local/lib/python3.7/site-packages/airflow/example_dags/example_branch_labels.py
[2023-03-09T09:29:57.425+0000] {processor.py:743} INFO - Processing file /home/airflow/.local/lib/python3.7/site-packages/airflow/example_dags/example_branch_labels.py for tasks to queue
[2023-03-09T09:29:57.426+0000] {logging_mixin.py:137} INFO - [2023-03-09T09:29:57.426+0000] {dagbag.py:538} INFO - Filling up the DagBag from /home/airflow/.local/lib/python3.7/site-packages/airflow/example_dags/example_branch_labels.py
[2023-03-09T09:29:57.436+0000] {processor.py:753} INFO - DAG(s) dict_keys(['example_branch_labels']) retrieved from /home/airflow/.local/lib/python3.7/site-packages/airflow/example_dags/example_branch_labels.py
[2023-03-09T09:29:57.454+0000] {logging_mixin.py:137} INFO - [2023-03-09T09:29:57.453+0000] {dag.py:2690} INFO - Sync 1 DAGs
[2023-03-09T09:29:57.468+0000] {logging_mixin.py:137} INFO - [2023-03-09T09:29:57.468+0000] {dag.py:3441} INFO - Setting next_dagrun for example_branch_labels to 2023-03-08T00:00:00+00:00, run_after=2023-03-09T00:00:00+00:00
[2023-03-09T09:29:57.478+0000] {processor.py:175} INFO - Processing /home/airflow/.local/lib/python3.7/site-packages/airflow/example_dags/example_branch_labels.py took 0.056 seconds
[2023-03-09T09:30:28.041+0000] {processor.py:153} INFO - Started process (PID=1501) to work on /home/airflow/.local/lib/python3.7/site-packages/airflow/example_dags/example_branch_labels.py
[2023-03-09T09:30:28.042+0000] {processor.py:743} INFO - Processing file /home/airflow/.local/lib/python3.7/site-packages/airflow/example_dags/example_branch_labels.py for tasks to queue
[2023-03-09T09:30:28.043+0000] {logging_mixin.py:137} INFO - [2023-03-09T09:30:28.043+0000] {dagbag.py:538} INFO - Filling up the DagBag from /home/airflow/.local/lib/python3.7/site-packages/airflow/example_dags/example_branch_labels.py
[2023-03-09T09:30:28.052+0000] {processor.py:753} INFO - DAG(s) dict_keys(['example_branch_labels']) retrieved from /home/airflow/.local/lib/python3.7/site-packages/airflow/example_dags/example_branch_labels.py
[2023-03-09T09:30:28.069+0000] {logging_mixin.py:137} INFO - [2023-03-09T09:30:28.069+0000] {dag.py:2690} INFO - Sync 1 DAGs
[2023-03-09T09:30:28.085+0000] {logging_mixin.py:137} INFO - [2023-03-09T09:30:28.085+0000] {dag.py:3441} INFO - Setting next_dagrun for example_branch_labels to 2023-03-08T00:00:00+00:00, run_after=2023-03-09T00:00:00+00:00
[2023-03-09T09:30:28.095+0000] {processor.py:175} INFO - Processing /home/airflow/.local/lib/python3.7/site-packages/airflow/example_dags/example_branch_labels.py took 0.057 seconds
[2023-03-09T09:30:58.307+0000] {processor.py:153} INFO - Started process (PID=1581) to work on /home/airflow/.local/lib/python3.7/site-packages/airflow/example_dags/example_branch_labels.py
[2023-03-09T09:30:58.309+0000] {processor.py:743} INFO - Processing file /home/airflow/.local/lib/python3.7/site-packages/airflow/example_dags/example_branch_labels.py for tasks to queue
[2023-03-09T09:30:58.310+0000] {logging_mixin.py:137} INFO - [2023-03-09T09:30:58.310+0000] {dagbag.py:538} INFO - Filling up the DagBag from /home/airflow/.local/lib/python3.7/site-packages/airflow/example_dags/example_branch_labels.py
[2023-03-09T09:30:58.321+0000] {processor.py:753} INFO - DAG(s) dict_keys(['example_branch_labels']) retrieved from /home/airflow/.local/lib/python3.7/site-packages/airflow/example_dags/example_branch_labels.py
[2023-03-09T09:30:58.339+0000] {logging_mixin.py:137} INFO - [2023-03-09T09:30:58.339+0000] {dag.py:2690} INFO - Sync 1 DAGs
[2023-03-09T09:30:58.357+0000] {logging_mixin.py:137} INFO - [2023-03-09T09:30:58.357+0000] {dag.py:3441} INFO - Setting next_dagrun for example_branch_labels to 2023-03-08T00:00:00+00:00, run_after=2023-03-09T00:00:00+00:00
[2023-03-09T09:30:58.368+0000] {processor.py:175} INFO - Processing /home/airflow/.local/lib/python3.7/site-packages/airflow/example_dags/example_branch_labels.py took 0.064 seconds
[2023-03-09T09:31:28.737+0000] {processor.py:153} INFO - Started process (PID=1649) to work on /home/airflow/.local/lib/python3.7/site-packages/airflow/example_dags/example_branch_labels.py
[2023-03-09T09:31:28.738+0000] {processor.py:743} INFO - Processing file /home/airflow/.local/lib/python3.7/site-packages/airflow/example_dags/example_branch_labels.py for tasks to queue
[2023-03-09T09:31:28.740+0000] {logging_mixin.py:137} INFO - [2023-03-09T09:31:28.739+0000] {dagbag.py:538} INFO - Filling up the DagBag from /home/airflow/.local/lib/python3.7/site-packages/airflow/example_dags/example_branch_labels.py
[2023-03-09T09:31:28.749+0000] {processor.py:753} INFO - DAG(s) dict_keys(['example_branch_labels']) retrieved from /home/airflow/.local/lib/python3.7/site-packages/airflow/example_dags/example_branch_labels.py
[2023-03-09T09:31:28.767+0000] {logging_mixin.py:137} INFO - [2023-03-09T09:31:28.767+0000] {dag.py:2690} INFO - Sync 1 DAGs
[2023-03-09T09:31:28.782+0000] {logging_mixin.py:137} INFO - [2023-03-09T09:31:28.782+0000] {dag.py:3441} INFO - Setting next_dagrun for example_branch_labels to 2023-03-08T00:00:00+00:00, run_after=2023-03-09T00:00:00+00:00
[2023-03-09T09:31:28.793+0000] {processor.py:175} INFO - Processing /home/airflow/.local/lib/python3.7/site-packages/airflow/example_dags/example_branch_labels.py took 0.059 seconds
[2023-03-09T09:31:59.047+0000] {processor.py:153} INFO - Started process (PID=1732) to work on /home/airflow/.local/lib/python3.7/site-packages/airflow/example_dags/example_branch_labels.py
[2023-03-09T09:31:59.048+0000] {processor.py:743} INFO - Processing file /home/airflow/.local/lib/python3.7/site-packages/airflow/example_dags/example_branch_labels.py for tasks to queue
[2023-03-09T09:31:59.049+0000] {logging_mixin.py:137} INFO - [2023-03-09T09:31:59.049+0000] {dagbag.py:538} INFO - Filling up the DagBag from /home/airflow/.local/lib/python3.7/site-packages/airflow/example_dags/example_branch_labels.py
[2023-03-09T09:31:59.058+0000] {processor.py:753} INFO - DAG(s) dict_keys(['example_branch_labels']) retrieved from /home/airflow/.local/lib/python3.7/site-packages/airflow/example_dags/example_branch_labels.py
[2023-03-09T09:31:59.076+0000] {logging_mixin.py:137} INFO - [2023-03-09T09:31:59.075+0000] {dag.py:2690} INFO - Sync 1 DAGs
[2023-03-09T09:31:59.091+0000] {logging_mixin.py:137} INFO - [2023-03-09T09:31:59.091+0000] {dag.py:3441} INFO - Setting next_dagrun for example_branch_labels to 2023-03-08T00:00:00+00:00, run_after=2023-03-09T00:00:00+00:00
[2023-03-09T09:31:59.101+0000] {processor.py:175} INFO - Processing /home/airflow/.local/lib/python3.7/site-packages/airflow/example_dags/example_branch_labels.py took 0.057 seconds
[2023-03-09T09:32:29.320+0000] {processor.py:153} INFO - Started process (PID=1814) to work on /home/airflow/.local/lib/python3.7/site-packages/airflow/example_dags/example_branch_labels.py
[2023-03-09T09:32:29.322+0000] {processor.py:743} INFO - Processing file /home/airflow/.local/lib/python3.7/site-packages/airflow/example_dags/example_branch_labels.py for tasks to queue
[2023-03-09T09:32:29.323+0000] {logging_mixin.py:137} INFO - [2023-03-09T09:32:29.323+0000] {dagbag.py:538} INFO - Filling up the DagBag from /home/airflow/.local/lib/python3.7/site-packages/airflow/example_dags/example_branch_labels.py
[2023-03-09T09:32:29.334+0000] {processor.py:753} INFO - DAG(s) dict_keys(['example_branch_labels']) retrieved from /home/airflow/.local/lib/python3.7/site-packages/airflow/example_dags/example_branch_labels.py
[2023-03-09T09:32:29.358+0000] {logging_mixin.py:137} INFO - [2023-03-09T09:32:29.357+0000] {dag.py:2690} INFO - Sync 1 DAGs
[2023-03-09T09:32:29.375+0000] {logging_mixin.py:137} INFO - [2023-03-09T09:32:29.375+0000] {dag.py:3441} INFO - Setting next_dagrun for example_branch_labels to 2023-03-08T00:00:00+00:00, run_after=2023-03-09T00:00:00+00:00
[2023-03-09T09:32:29.389+0000] {processor.py:175} INFO - Processing /home/airflow/.local/lib/python3.7/site-packages/airflow/example_dags/example_branch_labels.py took 0.071 seconds
[2023-03-09T09:32:59.565+0000] {processor.py:153} INFO - Started process (PID=1881) to work on /home/airflow/.local/lib/python3.7/site-packages/airflow/example_dags/example_branch_labels.py
[2023-03-09T09:32:59.567+0000] {processor.py:743} INFO - Processing file /home/airflow/.local/lib/python3.7/site-packages/airflow/example_dags/example_branch_labels.py for tasks to queue
[2023-03-09T09:32:59.568+0000] {logging_mixin.py:137} INFO - [2023-03-09T09:32:59.568+0000] {dagbag.py:538} INFO - Filling up the DagBag from /home/airflow/.local/lib/python3.7/site-packages/airflow/example_dags/example_branch_labels.py
[2023-03-09T09:32:59.577+0000] {processor.py:753} INFO - DAG(s) dict_keys(['example_branch_labels']) retrieved from /home/airflow/.local/lib/python3.7/site-packages/airflow/example_dags/example_branch_labels.py
[2023-03-09T09:32:59.595+0000] {logging_mixin.py:137} INFO - [2023-03-09T09:32:59.595+0000] {dag.py:2690} INFO - Sync 1 DAGs
[2023-03-09T09:32:59.610+0000] {logging_mixin.py:137} INFO - [2023-03-09T09:32:59.610+0000] {dag.py:3441} INFO - Setting next_dagrun for example_branch_labels to 2023-03-08T00:00:00+00:00, run_after=2023-03-09T00:00:00+00:00
[2023-03-09T09:32:59.620+0000] {processor.py:175} INFO - Processing /home/airflow/.local/lib/python3.7/site-packages/airflow/example_dags/example_branch_labels.py took 0.058 seconds
[2023-03-09T09:33:29.801+0000] {processor.py:153} INFO - Started process (PID=1960) to work on /home/airflow/.local/lib/python3.7/site-packages/airflow/example_dags/example_branch_labels.py
[2023-03-09T09:33:29.803+0000] {processor.py:743} INFO - Processing file /home/airflow/.local/lib/python3.7/site-packages/airflow/example_dags/example_branch_labels.py for tasks to queue
[2023-03-09T09:33:29.804+0000] {logging_mixin.py:137} INFO - [2023-03-09T09:33:29.804+0000] {dagbag.py:538} INFO - Filling up the DagBag from /home/airflow/.local/lib/python3.7/site-packages/airflow/example_dags/example_branch_labels.py
[2023-03-09T09:33:29.813+0000] {processor.py:753} INFO - DAG(s) dict_keys(['example_branch_labels']) retrieved from /home/airflow/.local/lib/python3.7/site-packages/airflow/example_dags/example_branch_labels.py
[2023-03-09T09:33:29.831+0000] {logging_mixin.py:137} INFO - [2023-03-09T09:33:29.831+0000] {dag.py:2690} INFO - Sync 1 DAGs
[2023-03-09T09:33:29.846+0000] {logging_mixin.py:137} INFO - [2023-03-09T09:33:29.846+0000] {dag.py:3441} INFO - Setting next_dagrun for example_branch_labels to 2023-03-08T00:00:00+00:00, run_after=2023-03-09T00:00:00+00:00
[2023-03-09T09:33:29.857+0000] {processor.py:175} INFO - Processing /home/airflow/.local/lib/python3.7/site-packages/airflow/example_dags/example_branch_labels.py took 0.058 seconds
[2023-03-09T09:34:00.147+0000] {processor.py:153} INFO - Started process (PID=2032) to work on /home/airflow/.local/lib/python3.7/site-packages/airflow/example_dags/example_branch_labels.py
[2023-03-09T09:34:00.149+0000] {processor.py:743} INFO - Processing file /home/airflow/.local/lib/python3.7/site-packages/airflow/example_dags/example_branch_labels.py for tasks to queue
[2023-03-09T09:34:00.150+0000] {logging_mixin.py:137} INFO - [2023-03-09T09:34:00.150+0000] {dagbag.py:538} INFO - Filling up the DagBag from /home/airflow/.local/lib/python3.7/site-packages/airflow/example_dags/example_branch_labels.py
[2023-03-09T09:34:00.171+0000] {processor.py:753} INFO - DAG(s) dict_keys(['example_branch_labels']) retrieved from /home/airflow/.local/lib/python3.7/site-packages/airflow/example_dags/example_branch_labels.py
[2023-03-09T09:34:00.203+0000] {logging_mixin.py:137} INFO - [2023-03-09T09:34:00.203+0000] {dag.py:2690} INFO - Sync 1 DAGs
[2023-03-09T09:34:00.226+0000] {logging_mixin.py:137} INFO - [2023-03-09T09:34:00.226+0000] {dag.py:3441} INFO - Setting next_dagrun for example_branch_labels to 2023-03-08T00:00:00+00:00, run_after=2023-03-09T00:00:00+00:00
[2023-03-09T09:34:00.242+0000] {processor.py:175} INFO - Processing /home/airflow/.local/lib/python3.7/site-packages/airflow/example_dags/example_branch_labels.py took 0.098 seconds
[2023-03-09T09:34:30.481+0000] {processor.py:153} INFO - Started process (PID=2097) to work on /home/airflow/.local/lib/python3.7/site-packages/airflow/example_dags/example_branch_labels.py
[2023-03-09T09:34:30.482+0000] {processor.py:743} INFO - Processing file /home/airflow/.local/lib/python3.7/site-packages/airflow/example_dags/example_branch_labels.py for tasks to queue
[2023-03-09T09:34:30.483+0000] {logging_mixin.py:137} INFO - [2023-03-09T09:34:30.483+0000] {dagbag.py:538} INFO - Filling up the DagBag from /home/airflow/.local/lib/python3.7/site-packages/airflow/example_dags/example_branch_labels.py
[2023-03-09T09:34:30.492+0000] {processor.py:753} INFO - DAG(s) dict_keys(['example_branch_labels']) retrieved from /home/airflow/.local/lib/python3.7/site-packages/airflow/example_dags/example_branch_labels.py
[2023-03-09T09:34:30.508+0000] {logging_mixin.py:137} INFO - [2023-03-09T09:34:30.508+0000] {dag.py:2690} INFO - Sync 1 DAGs
[2023-03-09T09:34:30.523+0000] {logging_mixin.py:137} INFO - [2023-03-09T09:34:30.523+0000] {dag.py:3441} INFO - Setting next_dagrun for example_branch_labels to 2023-03-08T00:00:00+00:00, run_after=2023-03-09T00:00:00+00:00
[2023-03-09T09:34:30.533+0000] {processor.py:175} INFO - Processing /home/airflow/.local/lib/python3.7/site-packages/airflow/example_dags/example_branch_labels.py took 0.054 seconds
[2023-03-09T09:35:00.694+0000] {processor.py:153} INFO - Started process (PID=2174) to work on /home/airflow/.local/lib/python3.7/site-packages/airflow/example_dags/example_branch_labels.py
[2023-03-09T09:35:00.695+0000] {processor.py:743} INFO - Processing file /home/airflow/.local/lib/python3.7/site-packages/airflow/example_dags/example_branch_labels.py for tasks to queue
[2023-03-09T09:35:00.696+0000] {logging_mixin.py:137} INFO - [2023-03-09T09:35:00.696+0000] {dagbag.py:538} INFO - Filling up the DagBag from /home/airflow/.local/lib/python3.7/site-packages/airflow/example_dags/example_branch_labels.py
[2023-03-09T09:35:00.706+0000] {processor.py:753} INFO - DAG(s) dict_keys(['example_branch_labels']) retrieved from /home/airflow/.local/lib/python3.7/site-packages/airflow/example_dags/example_branch_labels.py
[2023-03-09T09:35:00.724+0000] {logging_mixin.py:137} INFO - [2023-03-09T09:35:00.724+0000] {dag.py:2690} INFO - Sync 1 DAGs
[2023-03-09T09:35:00.740+0000] {logging_mixin.py:137} INFO - [2023-03-09T09:35:00.740+0000] {dag.py:3441} INFO - Setting next_dagrun for example_branch_labels to 2023-03-08T00:00:00+00:00, run_after=2023-03-09T00:00:00+00:00
[2023-03-09T09:35:00.751+0000] {processor.py:175} INFO - Processing /home/airflow/.local/lib/python3.7/site-packages/airflow/example_dags/example_branch_labels.py took 0.060 seconds
[2023-03-09T09:35:30.990+0000] {processor.py:153} INFO - Started process (PID=2239) to work on /home/airflow/.local/lib/python3.7/site-packages/airflow/example_dags/example_branch_labels.py
[2023-03-09T09:35:30.991+0000] {processor.py:743} INFO - Processing file /home/airflow/.local/lib/python3.7/site-packages/airflow/example_dags/example_branch_labels.py for tasks to queue
[2023-03-09T09:35:30.992+0000] {logging_mixin.py:137} INFO - [2023-03-09T09:35:30.992+0000] {dagbag.py:538} INFO - Filling up the DagBag from /home/airflow/.local/lib/python3.7/site-packages/airflow/example_dags/example_branch_labels.py
[2023-03-09T09:35:31.001+0000] {processor.py:753} INFO - DAG(s) dict_keys(['example_branch_labels']) retrieved from /home/airflow/.local/lib/python3.7/site-packages/airflow/example_dags/example_branch_labels.py
[2023-03-09T09:35:31.020+0000] {logging_mixin.py:137} INFO - [2023-03-09T09:35:31.020+0000] {dag.py:2690} INFO - Sync 1 DAGs
[2023-03-09T09:35:31.037+0000] {logging_mixin.py:137} INFO - [2023-03-09T09:35:31.037+0000] {dag.py:3441} INFO - Setting next_dagrun for example_branch_labels to 2023-03-08T00:00:00+00:00, run_after=2023-03-09T00:00:00+00:00
[2023-03-09T09:35:31.047+0000] {processor.py:175} INFO - Processing /home/airflow/.local/lib/python3.7/site-packages/airflow/example_dags/example_branch_labels.py took 0.060 seconds
[2023-03-09T09:36:01.494+0000] {processor.py:153} INFO - Started process (PID=2316) to work on /home/airflow/.local/lib/python3.7/site-packages/airflow/example_dags/example_branch_labels.py
[2023-03-09T09:36:01.495+0000] {processor.py:743} INFO - Processing file /home/airflow/.local/lib/python3.7/site-packages/airflow/example_dags/example_branch_labels.py for tasks to queue
[2023-03-09T09:36:01.496+0000] {logging_mixin.py:137} INFO - [2023-03-09T09:36:01.496+0000] {dagbag.py:538} INFO - Filling up the DagBag from /home/airflow/.local/lib/python3.7/site-packages/airflow/example_dags/example_branch_labels.py
[2023-03-09T09:36:01.506+0000] {processor.py:753} INFO - DAG(s) dict_keys(['example_branch_labels']) retrieved from /home/airflow/.local/lib/python3.7/site-packages/airflow/example_dags/example_branch_labels.py
[2023-03-09T09:36:01.524+0000] {logging_mixin.py:137} INFO - [2023-03-09T09:36:01.524+0000] {dag.py:2690} INFO - Sync 1 DAGs
[2023-03-09T09:36:01.539+0000] {logging_mixin.py:137} INFO - [2023-03-09T09:36:01.539+0000] {dag.py:3441} INFO - Setting next_dagrun for example_branch_labels to 2023-03-08T00:00:00+00:00, run_after=2023-03-09T00:00:00+00:00
[2023-03-09T09:36:01.551+0000] {processor.py:175} INFO - Processing /home/airflow/.local/lib/python3.7/site-packages/airflow/example_dags/example_branch_labels.py took 0.060 seconds
[2023-03-09T09:36:31.842+0000] {processor.py:153} INFO - Started process (PID=2395) to work on /home/airflow/.local/lib/python3.7/site-packages/airflow/example_dags/example_branch_labels.py
[2023-03-09T09:36:31.843+0000] {processor.py:743} INFO - Processing file /home/airflow/.local/lib/python3.7/site-packages/airflow/example_dags/example_branch_labels.py for tasks to queue
[2023-03-09T09:36:31.844+0000] {logging_mixin.py:137} INFO - [2023-03-09T09:36:31.844+0000] {dagbag.py:538} INFO - Filling up the DagBag from /home/airflow/.local/lib/python3.7/site-packages/airflow/example_dags/example_branch_labels.py
[2023-03-09T09:36:31.853+0000] {processor.py:753} INFO - DAG(s) dict_keys(['example_branch_labels']) retrieved from /home/airflow/.local/lib/python3.7/site-packages/airflow/example_dags/example_branch_labels.py
[2023-03-09T09:36:31.869+0000] {logging_mixin.py:137} INFO - [2023-03-09T09:36:31.869+0000] {dag.py:2690} INFO - Sync 1 DAGs
[2023-03-09T09:36:31.884+0000] {logging_mixin.py:137} INFO - [2023-03-09T09:36:31.884+0000] {dag.py:3441} INFO - Setting next_dagrun for example_branch_labels to 2023-03-08T00:00:00+00:00, run_after=2023-03-09T00:00:00+00:00
[2023-03-09T09:36:31.895+0000] {processor.py:175} INFO - Processing /home/airflow/.local/lib/python3.7/site-packages/airflow/example_dags/example_branch_labels.py took 0.055 seconds
[2023-03-09T09:37:02.009+0000] {processor.py:153} INFO - Started process (PID=2460) to work on /home/airflow/.local/lib/python3.7/site-packages/airflow/example_dags/example_branch_labels.py
[2023-03-09T09:37:02.010+0000] {processor.py:743} INFO - Processing file /home/airflow/.local/lib/python3.7/site-packages/airflow/example_dags/example_branch_labels.py for tasks to queue
[2023-03-09T09:37:02.011+0000] {logging_mixin.py:137} INFO - [2023-03-09T09:37:02.011+0000] {dagbag.py:538} INFO - Filling up the DagBag from /home/airflow/.local/lib/python3.7/site-packages/airflow/example_dags/example_branch_labels.py
[2023-03-09T09:37:02.021+0000] {processor.py:753} INFO - DAG(s) dict_keys(['example_branch_labels']) retrieved from /home/airflow/.local/lib/python3.7/site-packages/airflow/example_dags/example_branch_labels.py
[2023-03-09T09:37:02.038+0000] {logging_mixin.py:137} INFO - [2023-03-09T09:37:02.038+0000] {dag.py:2690} INFO - Sync 1 DAGs
[2023-03-09T09:37:02.055+0000] {logging_mixin.py:137} INFO - [2023-03-09T09:37:02.055+0000] {dag.py:3441} INFO - Setting next_dagrun for example_branch_labels to 2023-03-08T00:00:00+00:00, run_after=2023-03-09T00:00:00+00:00
[2023-03-09T09:37:02.067+0000] {processor.py:175} INFO - Processing /home/airflow/.local/lib/python3.7/site-packages/airflow/example_dags/example_branch_labels.py took 0.061 seconds
[2023-03-09T09:37:32.434+0000] {processor.py:153} INFO - Started process (PID=2540) to work on /home/airflow/.local/lib/python3.7/site-packages/airflow/example_dags/example_branch_labels.py
[2023-03-09T09:37:32.435+0000] {processor.py:743} INFO - Processing file /home/airflow/.local/lib/python3.7/site-packages/airflow/example_dags/example_branch_labels.py for tasks to queue
[2023-03-09T09:37:32.437+0000] {logging_mixin.py:137} INFO - [2023-03-09T09:37:32.437+0000] {dagbag.py:538} INFO - Filling up the DagBag from /home/airflow/.local/lib/python3.7/site-packages/airflow/example_dags/example_branch_labels.py
[2023-03-09T09:37:32.451+0000] {processor.py:753} INFO - DAG(s) dict_keys(['example_branch_labels']) retrieved from /home/airflow/.local/lib/python3.7/site-packages/airflow/example_dags/example_branch_labels.py
[2023-03-09T09:37:32.472+0000] {logging_mixin.py:137} INFO - [2023-03-09T09:37:32.472+0000] {dag.py:2690} INFO - Sync 1 DAGs
[2023-03-09T09:37:32.489+0000] {logging_mixin.py:137} INFO - [2023-03-09T09:37:32.489+0000] {dag.py:3441} INFO - Setting next_dagrun for example_branch_labels to 2023-03-08T00:00:00+00:00, run_after=2023-03-09T00:00:00+00:00
[2023-03-09T09:37:32.502+0000] {processor.py:175} INFO - Processing /home/airflow/.local/lib/python3.7/site-packages/airflow/example_dags/example_branch_labels.py took 0.071 seconds
[2023-03-09T09:38:02.630+0000] {processor.py:153} INFO - Started process (PID=2622) to work on /home/airflow/.local/lib/python3.7/site-packages/airflow/example_dags/example_branch_labels.py
[2023-03-09T09:38:02.632+0000] {processor.py:743} INFO - Processing file /home/airflow/.local/lib/python3.7/site-packages/airflow/example_dags/example_branch_labels.py for tasks to queue
[2023-03-09T09:38:02.633+0000] {logging_mixin.py:137} INFO - [2023-03-09T09:38:02.632+0000] {dagbag.py:538} INFO - Filling up the DagBag from /home/airflow/.local/lib/python3.7/site-packages/airflow/example_dags/example_branch_labels.py
[2023-03-09T09:38:02.643+0000] {processor.py:753} INFO - DAG(s) dict_keys(['example_branch_labels']) retrieved from /home/airflow/.local/lib/python3.7/site-packages/airflow/example_dags/example_branch_labels.py
[2023-03-09T09:38:02.660+0000] {logging_mixin.py:137} INFO - [2023-03-09T09:38:02.660+0000] {dag.py:2690} INFO - Sync 1 DAGs
[2023-03-09T09:38:02.677+0000] {logging_mixin.py:137} INFO - [2023-03-09T09:38:02.677+0000] {dag.py:3441} INFO - Setting next_dagrun for example_branch_labels to 2023-03-08T00:00:00+00:00, run_after=2023-03-09T00:00:00+00:00
[2023-03-09T09:38:02.689+0000] {processor.py:175} INFO - Processing /home/airflow/.local/lib/python3.7/site-packages/airflow/example_dags/example_branch_labels.py took 0.061 seconds
[2023-03-09T09:38:32.777+0000] {processor.py:153} INFO - Started process (PID=2684) to work on /home/airflow/.local/lib/python3.7/site-packages/airflow/example_dags/example_branch_labels.py
[2023-03-09T09:38:32.779+0000] {processor.py:743} INFO - Processing file /home/airflow/.local/lib/python3.7/site-packages/airflow/example_dags/example_branch_labels.py for tasks to queue
[2023-03-09T09:38:32.780+0000] {logging_mixin.py:137} INFO - [2023-03-09T09:38:32.780+0000] {dagbag.py:538} INFO - Filling up the DagBag from /home/airflow/.local/lib/python3.7/site-packages/airflow/example_dags/example_branch_labels.py
[2023-03-09T09:38:32.789+0000] {processor.py:753} INFO - DAG(s) dict_keys(['example_branch_labels']) retrieved from /home/airflow/.local/lib/python3.7/site-packages/airflow/example_dags/example_branch_labels.py
[2023-03-09T09:38:32.808+0000] {logging_mixin.py:137} INFO - [2023-03-09T09:38:32.808+0000] {dag.py:2690} INFO - Sync 1 DAGs
[2023-03-09T09:38:32.826+0000] {logging_mixin.py:137} INFO - [2023-03-09T09:38:32.826+0000] {dag.py:3441} INFO - Setting next_dagrun for example_branch_labels to 2023-03-08T00:00:00+00:00, run_after=2023-03-09T00:00:00+00:00
[2023-03-09T09:38:32.838+0000] {processor.py:175} INFO - Processing /home/airflow/.local/lib/python3.7/site-packages/airflow/example_dags/example_branch_labels.py took 0.063 seconds
[2023-03-09T09:39:03.095+0000] {processor.py:153} INFO - Started process (PID=2768) to work on /home/airflow/.local/lib/python3.7/site-packages/airflow/example_dags/example_branch_labels.py
[2023-03-09T09:39:03.097+0000] {processor.py:743} INFO - Processing file /home/airflow/.local/lib/python3.7/site-packages/airflow/example_dags/example_branch_labels.py for tasks to queue
[2023-03-09T09:39:03.098+0000] {logging_mixin.py:137} INFO - [2023-03-09T09:39:03.098+0000] {dagbag.py:538} INFO - Filling up the DagBag from /home/airflow/.local/lib/python3.7/site-packages/airflow/example_dags/example_branch_labels.py
[2023-03-09T09:39:03.108+0000] {processor.py:753} INFO - DAG(s) dict_keys(['example_branch_labels']) retrieved from /home/airflow/.local/lib/python3.7/site-packages/airflow/example_dags/example_branch_labels.py
[2023-03-09T09:39:03.127+0000] {logging_mixin.py:137} INFO - [2023-03-09T09:39:03.127+0000] {dag.py:2690} INFO - Sync 1 DAGs
[2023-03-09T09:39:03.145+0000] {logging_mixin.py:137} INFO - [2023-03-09T09:39:03.145+0000] {dag.py:3441} INFO - Setting next_dagrun for example_branch_labels to 2023-03-08T00:00:00+00:00, run_after=2023-03-09T00:00:00+00:00
[2023-03-09T09:39:03.155+0000] {processor.py:175} INFO - Processing /home/airflow/.local/lib/python3.7/site-packages/airflow/example_dags/example_branch_labels.py took 0.063 seconds
[2023-03-09T09:39:33.405+0000] {processor.py:153} INFO - Started process (PID=2850) to work on /home/airflow/.local/lib/python3.7/site-packages/airflow/example_dags/example_branch_labels.py
[2023-03-09T09:39:33.409+0000] {processor.py:743} INFO - Processing file /home/airflow/.local/lib/python3.7/site-packages/airflow/example_dags/example_branch_labels.py for tasks to queue
[2023-03-09T09:39:33.411+0000] {logging_mixin.py:137} INFO - [2023-03-09T09:39:33.410+0000] {dagbag.py:538} INFO - Filling up the DagBag from /home/airflow/.local/lib/python3.7/site-packages/airflow/example_dags/example_branch_labels.py
[2023-03-09T09:39:33.424+0000] {processor.py:753} INFO - DAG(s) dict_keys(['example_branch_labels']) retrieved from /home/airflow/.local/lib/python3.7/site-packages/airflow/example_dags/example_branch_labels.py
[2023-03-09T09:39:33.462+0000] {logging_mixin.py:137} INFO - [2023-03-09T09:39:33.462+0000] {dag.py:2690} INFO - Sync 1 DAGs
[2023-03-09T09:39:33.492+0000] {logging_mixin.py:137} INFO - [2023-03-09T09:39:33.491+0000] {dag.py:3441} INFO - Setting next_dagrun for example_branch_labels to 2023-03-08T00:00:00+00:00, run_after=2023-03-09T00:00:00+00:00
[2023-03-09T09:39:33.507+0000] {processor.py:175} INFO - Processing /home/airflow/.local/lib/python3.7/site-packages/airflow/example_dags/example_branch_labels.py took 0.106 seconds
[2023-03-09T09:40:03.721+0000] {processor.py:153} INFO - Started process (PID=2917) to work on /home/airflow/.local/lib/python3.7/site-packages/airflow/example_dags/example_branch_labels.py
[2023-03-09T09:40:03.722+0000] {processor.py:743} INFO - Processing file /home/airflow/.local/lib/python3.7/site-packages/airflow/example_dags/example_branch_labels.py for tasks to queue
[2023-03-09T09:40:03.723+0000] {logging_mixin.py:137} INFO - [2023-03-09T09:40:03.723+0000] {dagbag.py:538} INFO - Filling up the DagBag from /home/airflow/.local/lib/python3.7/site-packages/airflow/example_dags/example_branch_labels.py
[2023-03-09T09:40:03.733+0000] {processor.py:753} INFO - DAG(s) dict_keys(['example_branch_labels']) retrieved from /home/airflow/.local/lib/python3.7/site-packages/airflow/example_dags/example_branch_labels.py
[2023-03-09T09:40:03.750+0000] {logging_mixin.py:137} INFO - [2023-03-09T09:40:03.750+0000] {dag.py:2690} INFO - Sync 1 DAGs
[2023-03-09T09:40:03.765+0000] {logging_mixin.py:137} INFO - [2023-03-09T09:40:03.765+0000] {dag.py:3441} INFO - Setting next_dagrun for example_branch_labels to 2023-03-08T00:00:00+00:00, run_after=2023-03-09T00:00:00+00:00
[2023-03-09T09:40:03.775+0000] {processor.py:175} INFO - Processing /home/airflow/.local/lib/python3.7/site-packages/airflow/example_dags/example_branch_labels.py took 0.057 seconds
[2023-03-09T09:40:33.862+0000] {processor.py:153} INFO - Started process (PID=2995) to work on /home/airflow/.local/lib/python3.7/site-packages/airflow/example_dags/example_branch_labels.py
[2023-03-09T09:40:33.864+0000] {processor.py:743} INFO - Processing file /home/airflow/.local/lib/python3.7/site-packages/airflow/example_dags/example_branch_labels.py for tasks to queue
[2023-03-09T09:40:33.865+0000] {logging_mixin.py:137} INFO - [2023-03-09T09:40:33.864+0000] {dagbag.py:538} INFO - Filling up the DagBag from /home/airflow/.local/lib/python3.7/site-packages/airflow/example_dags/example_branch_labels.py
[2023-03-09T09:40:33.874+0000] {processor.py:753} INFO - DAG(s) dict_keys(['example_branch_labels']) retrieved from /home/airflow/.local/lib/python3.7/site-packages/airflow/example_dags/example_branch_labels.py
[2023-03-09T09:40:33.891+0000] {logging_mixin.py:137} INFO - [2023-03-09T09:40:33.891+0000] {dag.py:2690} INFO - Sync 1 DAGs
[2023-03-09T09:40:33.905+0000] {logging_mixin.py:137} INFO - [2023-03-09T09:40:33.905+0000] {dag.py:3441} INFO - Setting next_dagrun for example_branch_labels to 2023-03-08T00:00:00+00:00, run_after=2023-03-09T00:00:00+00:00
[2023-03-09T09:40:33.916+0000] {processor.py:175} INFO - Processing /home/airflow/.local/lib/python3.7/site-packages/airflow/example_dags/example_branch_labels.py took 0.056 seconds
[2023-03-09T09:41:04.005+0000] {processor.py:153} INFO - Started process (PID=3063) to work on /home/airflow/.local/lib/python3.7/site-packages/airflow/example_dags/example_branch_labels.py
[2023-03-09T09:41:04.006+0000] {processor.py:743} INFO - Processing file /home/airflow/.local/lib/python3.7/site-packages/airflow/example_dags/example_branch_labels.py for tasks to queue
[2023-03-09T09:41:04.008+0000] {logging_mixin.py:137} INFO - [2023-03-09T09:41:04.008+0000] {dagbag.py:538} INFO - Filling up the DagBag from /home/airflow/.local/lib/python3.7/site-packages/airflow/example_dags/example_branch_labels.py
[2023-03-09T09:41:04.018+0000] {processor.py:753} INFO - DAG(s) dict_keys(['example_branch_labels']) retrieved from /home/airflow/.local/lib/python3.7/site-packages/airflow/example_dags/example_branch_labels.py
[2023-03-09T09:41:04.036+0000] {logging_mixin.py:137} INFO - [2023-03-09T09:41:04.036+0000] {dag.py:2690} INFO - Sync 1 DAGs
[2023-03-09T09:41:04.052+0000] {logging_mixin.py:137} INFO - [2023-03-09T09:41:04.052+0000] {dag.py:3441} INFO - Setting next_dagrun for example_branch_labels to 2023-03-08T00:00:00+00:00, run_after=2023-03-09T00:00:00+00:00
[2023-03-09T09:41:04.063+0000] {processor.py:175} INFO - Processing /home/airflow/.local/lib/python3.7/site-packages/airflow/example_dags/example_branch_labels.py took 0.061 seconds
[2023-03-09T09:41:34.942+0000] {processor.py:153} INFO - Started process (PID=3140) to work on /home/airflow/.local/lib/python3.7/site-packages/airflow/example_dags/example_branch_labels.py
[2023-03-09T09:41:34.944+0000] {processor.py:743} INFO - Processing file /home/airflow/.local/lib/python3.7/site-packages/airflow/example_dags/example_branch_labels.py for tasks to queue
[2023-03-09T09:41:34.945+0000] {logging_mixin.py:137} INFO - [2023-03-09T09:41:34.945+0000] {dagbag.py:538} INFO - Filling up the DagBag from /home/airflow/.local/lib/python3.7/site-packages/airflow/example_dags/example_branch_labels.py
[2023-03-09T09:41:34.954+0000] {processor.py:753} INFO - DAG(s) dict_keys(['example_branch_labels']) retrieved from /home/airflow/.local/lib/python3.7/site-packages/airflow/example_dags/example_branch_labels.py
[2023-03-09T09:41:34.971+0000] {logging_mixin.py:137} INFO - [2023-03-09T09:41:34.971+0000] {dag.py:2690} INFO - Sync 1 DAGs
[2023-03-09T09:41:34.986+0000] {logging_mixin.py:137} INFO - [2023-03-09T09:41:34.986+0000] {dag.py:3441} INFO - Setting next_dagrun for example_branch_labels to 2023-03-08T00:00:00+00:00, run_after=2023-03-09T00:00:00+00:00
[2023-03-09T09:41:34.996+0000] {processor.py:175} INFO - Processing /home/airflow/.local/lib/python3.7/site-packages/airflow/example_dags/example_branch_labels.py took 0.056 seconds
[2023-03-09T09:42:05.444+0000] {processor.py:153} INFO - Started process (PID=3218) to work on /home/airflow/.local/lib/python3.7/site-packages/airflow/example_dags/example_branch_labels.py
[2023-03-09T09:42:05.445+0000] {processor.py:743} INFO - Processing file /home/airflow/.local/lib/python3.7/site-packages/airflow/example_dags/example_branch_labels.py for tasks to queue
[2023-03-09T09:42:05.450+0000] {logging_mixin.py:137} INFO - [2023-03-09T09:42:05.450+0000] {dagbag.py:538} INFO - Filling up the DagBag from /home/airflow/.local/lib/python3.7/site-packages/airflow/example_dags/example_branch_labels.py
[2023-03-09T09:42:05.461+0000] {processor.py:753} INFO - DAG(s) dict_keys(['example_branch_labels']) retrieved from /home/airflow/.local/lib/python3.7/site-packages/airflow/example_dags/example_branch_labels.py
[2023-03-09T09:42:05.479+0000] {logging_mixin.py:137} INFO - [2023-03-09T09:42:05.479+0000] {dag.py:2690} INFO - Sync 1 DAGs
[2023-03-09T09:42:05.496+0000] {logging_mixin.py:137} INFO - [2023-03-09T09:42:05.495+0000] {dag.py:3441} INFO - Setting next_dagrun for example_branch_labels to 2023-03-08T00:00:00+00:00, run_after=2023-03-09T00:00:00+00:00
[2023-03-09T09:42:05.510+0000] {processor.py:175} INFO - Processing /home/airflow/.local/lib/python3.7/site-packages/airflow/example_dags/example_branch_labels.py took 0.069 seconds
[2023-03-09T09:42:35.763+0000] {processor.py:153} INFO - Started process (PID=3285) to work on /home/airflow/.local/lib/python3.7/site-packages/airflow/example_dags/example_branch_labels.py
[2023-03-09T09:42:35.766+0000] {processor.py:743} INFO - Processing file /home/airflow/.local/lib/python3.7/site-packages/airflow/example_dags/example_branch_labels.py for tasks to queue
[2023-03-09T09:42:35.767+0000] {logging_mixin.py:137} INFO - [2023-03-09T09:42:35.767+0000] {dagbag.py:538} INFO - Filling up the DagBag from /home/airflow/.local/lib/python3.7/site-packages/airflow/example_dags/example_branch_labels.py
[2023-03-09T09:42:35.777+0000] {processor.py:753} INFO - DAG(s) dict_keys(['example_branch_labels']) retrieved from /home/airflow/.local/lib/python3.7/site-packages/airflow/example_dags/example_branch_labels.py
[2023-03-09T09:42:35.795+0000] {logging_mixin.py:137} INFO - [2023-03-09T09:42:35.795+0000] {dag.py:2690} INFO - Sync 1 DAGs
[2023-03-09T09:42:35.814+0000] {logging_mixin.py:137} INFO - [2023-03-09T09:42:35.814+0000] {dag.py:3441} INFO - Setting next_dagrun for example_branch_labels to 2023-03-08T00:00:00+00:00, run_after=2023-03-09T00:00:00+00:00
[2023-03-09T09:42:35.827+0000] {processor.py:175} INFO - Processing /home/airflow/.local/lib/python3.7/site-packages/airflow/example_dags/example_branch_labels.py took 0.067 seconds
[2023-03-09T09:43:06.317+0000] {processor.py:153} INFO - Started process (PID=3363) to work on /home/airflow/.local/lib/python3.7/site-packages/airflow/example_dags/example_branch_labels.py
[2023-03-09T09:43:06.318+0000] {processor.py:743} INFO - Processing file /home/airflow/.local/lib/python3.7/site-packages/airflow/example_dags/example_branch_labels.py for tasks to queue
[2023-03-09T09:43:06.319+0000] {logging_mixin.py:137} INFO - [2023-03-09T09:43:06.319+0000] {dagbag.py:538} INFO - Filling up the DagBag from /home/airflow/.local/lib/python3.7/site-packages/airflow/example_dags/example_branch_labels.py
[2023-03-09T09:43:06.331+0000] {processor.py:753} INFO - DAG(s) dict_keys(['example_branch_labels']) retrieved from /home/airflow/.local/lib/python3.7/site-packages/airflow/example_dags/example_branch_labels.py
[2023-03-09T09:43:06.348+0000] {logging_mixin.py:137} INFO - [2023-03-09T09:43:06.348+0000] {dag.py:2690} INFO - Sync 1 DAGs
[2023-03-09T09:43:06.364+0000] {logging_mixin.py:137} INFO - [2023-03-09T09:43:06.364+0000] {dag.py:3441} INFO - Setting next_dagrun for example_branch_labels to 2023-03-08T00:00:00+00:00, run_after=2023-03-09T00:00:00+00:00
[2023-03-09T09:43:06.376+0000] {processor.py:175} INFO - Processing /home/airflow/.local/lib/python3.7/site-packages/airflow/example_dags/example_branch_labels.py took 0.063 seconds
[2023-03-09T09:43:36.644+0000] {processor.py:153} INFO - Started process (PID=3446) to work on /home/airflow/.local/lib/python3.7/site-packages/airflow/example_dags/example_branch_labels.py
[2023-03-09T09:43:36.645+0000] {processor.py:743} INFO - Processing file /home/airflow/.local/lib/python3.7/site-packages/airflow/example_dags/example_branch_labels.py for tasks to queue
[2023-03-09T09:43:36.646+0000] {logging_mixin.py:137} INFO - [2023-03-09T09:43:36.646+0000] {dagbag.py:538} INFO - Filling up the DagBag from /home/airflow/.local/lib/python3.7/site-packages/airflow/example_dags/example_branch_labels.py
[2023-03-09T09:43:36.658+0000] {processor.py:753} INFO - DAG(s) dict_keys(['example_branch_labels']) retrieved from /home/airflow/.local/lib/python3.7/site-packages/airflow/example_dags/example_branch_labels.py
[2023-03-09T09:43:36.674+0000] {logging_mixin.py:137} INFO - [2023-03-09T09:43:36.674+0000] {dag.py:2690} INFO - Sync 1 DAGs
[2023-03-09T09:43:36.689+0000] {logging_mixin.py:137} INFO - [2023-03-09T09:43:36.689+0000] {dag.py:3441} INFO - Setting next_dagrun for example_branch_labels to 2023-03-08T00:00:00+00:00, run_after=2023-03-09T00:00:00+00:00
[2023-03-09T09:43:36.700+0000] {processor.py:175} INFO - Processing /home/airflow/.local/lib/python3.7/site-packages/airflow/example_dags/example_branch_labels.py took 0.058 seconds
[2023-03-09T09:44:06.936+0000] {processor.py:153} INFO - Started process (PID=3512) to work on /home/airflow/.local/lib/python3.7/site-packages/airflow/example_dags/example_branch_labels.py
[2023-03-09T09:44:06.938+0000] {processor.py:743} INFO - Processing file /home/airflow/.local/lib/python3.7/site-packages/airflow/example_dags/example_branch_labels.py for tasks to queue
[2023-03-09T09:44:06.939+0000] {logging_mixin.py:137} INFO - [2023-03-09T09:44:06.939+0000] {dagbag.py:538} INFO - Filling up the DagBag from /home/airflow/.local/lib/python3.7/site-packages/airflow/example_dags/example_branch_labels.py
[2023-03-09T09:44:06.950+0000] {processor.py:753} INFO - DAG(s) dict_keys(['example_branch_labels']) retrieved from /home/airflow/.local/lib/python3.7/site-packages/airflow/example_dags/example_branch_labels.py
[2023-03-09T09:44:06.966+0000] {logging_mixin.py:137} INFO - [2023-03-09T09:44:06.966+0000] {dag.py:2690} INFO - Sync 1 DAGs
[2023-03-09T09:44:06.981+0000] {logging_mixin.py:137} INFO - [2023-03-09T09:44:06.981+0000] {dag.py:3441} INFO - Setting next_dagrun for example_branch_labels to 2023-03-08T00:00:00+00:00, run_after=2023-03-09T00:00:00+00:00
[2023-03-09T09:44:06.993+0000] {processor.py:175} INFO - Processing /home/airflow/.local/lib/python3.7/site-packages/airflow/example_dags/example_branch_labels.py took 0.059 seconds
[2023-03-09T09:44:37.216+0000] {processor.py:153} INFO - Started process (PID=3594) to work on /home/airflow/.local/lib/python3.7/site-packages/airflow/example_dags/example_branch_labels.py
[2023-03-09T09:44:37.217+0000] {processor.py:743} INFO - Processing file /home/airflow/.local/lib/python3.7/site-packages/airflow/example_dags/example_branch_labels.py for tasks to queue
[2023-03-09T09:44:37.218+0000] {logging_mixin.py:137} INFO - [2023-03-09T09:44:37.218+0000] {dagbag.py:538} INFO - Filling up the DagBag from /home/airflow/.local/lib/python3.7/site-packages/airflow/example_dags/example_branch_labels.py
[2023-03-09T09:44:37.228+0000] {processor.py:753} INFO - DAG(s) dict_keys(['example_branch_labels']) retrieved from /home/airflow/.local/lib/python3.7/site-packages/airflow/example_dags/example_branch_labels.py
[2023-03-09T09:44:37.246+0000] {logging_mixin.py:137} INFO - [2023-03-09T09:44:37.246+0000] {dag.py:2690} INFO - Sync 1 DAGs
[2023-03-09T09:44:37.261+0000] {logging_mixin.py:137} INFO - [2023-03-09T09:44:37.261+0000] {dag.py:3441} INFO - Setting next_dagrun for example_branch_labels to 2023-03-08T00:00:00+00:00, run_after=2023-03-09T00:00:00+00:00
[2023-03-09T09:44:37.273+0000] {processor.py:175} INFO - Processing /home/airflow/.local/lib/python3.7/site-packages/airflow/example_dags/example_branch_labels.py took 0.060 seconds
[2023-03-09T09:45:07.577+0000] {processor.py:153} INFO - Started process (PID=3672) to work on /home/airflow/.local/lib/python3.7/site-packages/airflow/example_dags/example_branch_labels.py
[2023-03-09T09:45:07.579+0000] {processor.py:743} INFO - Processing file /home/airflow/.local/lib/python3.7/site-packages/airflow/example_dags/example_branch_labels.py for tasks to queue
[2023-03-09T09:45:07.580+0000] {logging_mixin.py:137} INFO - [2023-03-09T09:45:07.580+0000] {dagbag.py:538} INFO - Filling up the DagBag from /home/airflow/.local/lib/python3.7/site-packages/airflow/example_dags/example_branch_labels.py
[2023-03-09T09:45:07.590+0000] {processor.py:753} INFO - DAG(s) dict_keys(['example_branch_labels']) retrieved from /home/airflow/.local/lib/python3.7/site-packages/airflow/example_dags/example_branch_labels.py
[2023-03-09T09:45:07.608+0000] {logging_mixin.py:137} INFO - [2023-03-09T09:45:07.608+0000] {dag.py:2690} INFO - Sync 1 DAGs
[2023-03-09T09:45:07.626+0000] {logging_mixin.py:137} INFO - [2023-03-09T09:45:07.626+0000] {dag.py:3441} INFO - Setting next_dagrun for example_branch_labels to 2023-03-08T00:00:00+00:00, run_after=2023-03-09T00:00:00+00:00
[2023-03-09T09:45:07.651+0000] {processor.py:175} INFO - Processing /home/airflow/.local/lib/python3.7/site-packages/airflow/example_dags/example_branch_labels.py took 0.076 seconds
[2023-03-09T09:45:37.894+0000] {processor.py:153} INFO - Started process (PID=3738) to work on /home/airflow/.local/lib/python3.7/site-packages/airflow/example_dags/example_branch_labels.py
[2023-03-09T09:45:37.908+0000] {processor.py:743} INFO - Processing file /home/airflow/.local/lib/python3.7/site-packages/airflow/example_dags/example_branch_labels.py for tasks to queue
[2023-03-09T09:45:37.909+0000] {logging_mixin.py:137} INFO - [2023-03-09T09:45:37.909+0000] {dagbag.py:538} INFO - Filling up the DagBag from /home/airflow/.local/lib/python3.7/site-packages/airflow/example_dags/example_branch_labels.py
[2023-03-09T09:45:37.942+0000] {processor.py:753} INFO - DAG(s) dict_keys(['example_branch_labels']) retrieved from /home/airflow/.local/lib/python3.7/site-packages/airflow/example_dags/example_branch_labels.py
[2023-03-09T09:45:37.983+0000] {logging_mixin.py:137} INFO - [2023-03-09T09:45:37.983+0000] {dag.py:2690} INFO - Sync 1 DAGs
[2023-03-09T09:45:37.999+0000] {logging_mixin.py:137} INFO - [2023-03-09T09:45:37.999+0000] {dag.py:3441} INFO - Setting next_dagrun for example_branch_labels to 2023-03-08T00:00:00+00:00, run_after=2023-03-09T00:00:00+00:00
[2023-03-09T09:45:38.011+0000] {processor.py:175} INFO - Processing /home/airflow/.local/lib/python3.7/site-packages/airflow/example_dags/example_branch_labels.py took 0.119 seconds
[2023-03-09T09:46:08.102+0000] {processor.py:153} INFO - Started process (PID=3822) to work on /home/airflow/.local/lib/python3.7/site-packages/airflow/example_dags/example_branch_labels.py
[2023-03-09T09:46:08.103+0000] {processor.py:743} INFO - Processing file /home/airflow/.local/lib/python3.7/site-packages/airflow/example_dags/example_branch_labels.py for tasks to queue
[2023-03-09T09:46:08.105+0000] {logging_mixin.py:137} INFO - [2023-03-09T09:46:08.105+0000] {dagbag.py:538} INFO - Filling up the DagBag from /home/airflow/.local/lib/python3.7/site-packages/airflow/example_dags/example_branch_labels.py
[2023-03-09T09:46:08.115+0000] {processor.py:753} INFO - DAG(s) dict_keys(['example_branch_labels']) retrieved from /home/airflow/.local/lib/python3.7/site-packages/airflow/example_dags/example_branch_labels.py
[2023-03-09T09:46:08.134+0000] {logging_mixin.py:137} INFO - [2023-03-09T09:46:08.134+0000] {dag.py:2690} INFO - Sync 1 DAGs
[2023-03-09T09:46:08.150+0000] {logging_mixin.py:137} INFO - [2023-03-09T09:46:08.149+0000] {dag.py:3441} INFO - Setting next_dagrun for example_branch_labels to 2023-03-08T00:00:00+00:00, run_after=2023-03-09T00:00:00+00:00
[2023-03-09T09:46:08.162+0000] {processor.py:175} INFO - Processing /home/airflow/.local/lib/python3.7/site-packages/airflow/example_dags/example_branch_labels.py took 0.062 seconds
[2023-03-09T09:46:38.514+0000] {processor.py:153} INFO - Started process (PID=3887) to work on /home/airflow/.local/lib/python3.7/site-packages/airflow/example_dags/example_branch_labels.py
[2023-03-09T09:46:38.515+0000] {processor.py:743} INFO - Processing file /home/airflow/.local/lib/python3.7/site-packages/airflow/example_dags/example_branch_labels.py for tasks to queue
[2023-03-09T09:46:38.516+0000] {logging_mixin.py:137} INFO - [2023-03-09T09:46:38.516+0000] {dagbag.py:538} INFO - Filling up the DagBag from /home/airflow/.local/lib/python3.7/site-packages/airflow/example_dags/example_branch_labels.py
[2023-03-09T09:46:38.526+0000] {processor.py:753} INFO - DAG(s) dict_keys(['example_branch_labels']) retrieved from /home/airflow/.local/lib/python3.7/site-packages/airflow/example_dags/example_branch_labels.py
[2023-03-09T09:46:38.543+0000] {logging_mixin.py:137} INFO - [2023-03-09T09:46:38.543+0000] {dag.py:2690} INFO - Sync 1 DAGs
[2023-03-09T09:46:38.558+0000] {logging_mixin.py:137} INFO - [2023-03-09T09:46:38.558+0000] {dag.py:3441} INFO - Setting next_dagrun for example_branch_labels to 2023-03-08T00:00:00+00:00, run_after=2023-03-09T00:00:00+00:00
[2023-03-09T09:46:38.584+0000] {processor.py:175} INFO - Processing /home/airflow/.local/lib/python3.7/site-packages/airflow/example_dags/example_branch_labels.py took 0.073 seconds
[2023-03-09T09:47:08.908+0000] {processor.py:153} INFO - Started process (PID=3970) to work on /home/airflow/.local/lib/python3.7/site-packages/airflow/example_dags/example_branch_labels.py
[2023-03-09T09:47:08.910+0000] {processor.py:743} INFO - Processing file /home/airflow/.local/lib/python3.7/site-packages/airflow/example_dags/example_branch_labels.py for tasks to queue
[2023-03-09T09:47:08.911+0000] {logging_mixin.py:137} INFO - [2023-03-09T09:47:08.911+0000] {dagbag.py:538} INFO - Filling up the DagBag from /home/airflow/.local/lib/python3.7/site-packages/airflow/example_dags/example_branch_labels.py
[2023-03-09T09:47:08.921+0000] {processor.py:753} INFO - DAG(s) dict_keys(['example_branch_labels']) retrieved from /home/airflow/.local/lib/python3.7/site-packages/airflow/example_dags/example_branch_labels.py
[2023-03-09T09:47:08.939+0000] {logging_mixin.py:137} INFO - [2023-03-09T09:47:08.939+0000] {dag.py:2690} INFO - Sync 1 DAGs
[2023-03-09T09:47:08.954+0000] {logging_mixin.py:137} INFO - [2023-03-09T09:47:08.954+0000] {dag.py:3441} INFO - Setting next_dagrun for example_branch_labels to 2023-03-08T00:00:00+00:00, run_after=2023-03-09T00:00:00+00:00
[2023-03-09T09:47:08.965+0000] {processor.py:175} INFO - Processing /home/airflow/.local/lib/python3.7/site-packages/airflow/example_dags/example_branch_labels.py took 0.058 seconds
[2023-03-09T09:47:39.328+0000] {processor.py:153} INFO - Started process (PID=4049) to work on /home/airflow/.local/lib/python3.7/site-packages/airflow/example_dags/example_branch_labels.py
[2023-03-09T09:47:39.341+0000] {processor.py:743} INFO - Processing file /home/airflow/.local/lib/python3.7/site-packages/airflow/example_dags/example_branch_labels.py for tasks to queue
[2023-03-09T09:47:39.342+0000] {logging_mixin.py:137} INFO - [2023-03-09T09:47:39.342+0000] {dagbag.py:538} INFO - Filling up the DagBag from /home/airflow/.local/lib/python3.7/site-packages/airflow/example_dags/example_branch_labels.py
[2023-03-09T09:47:39.353+0000] {processor.py:753} INFO - DAG(s) dict_keys(['example_branch_labels']) retrieved from /home/airflow/.local/lib/python3.7/site-packages/airflow/example_dags/example_branch_labels.py
[2023-03-09T09:47:39.370+0000] {logging_mixin.py:137} INFO - [2023-03-09T09:47:39.369+0000] {dag.py:2690} INFO - Sync 1 DAGs
[2023-03-09T09:47:39.384+0000] {logging_mixin.py:137} INFO - [2023-03-09T09:47:39.384+0000] {dag.py:3441} INFO - Setting next_dagrun for example_branch_labels to 2023-03-08T00:00:00+00:00, run_after=2023-03-09T00:00:00+00:00
[2023-03-09T09:47:39.394+0000] {processor.py:175} INFO - Processing /home/airflow/.local/lib/python3.7/site-packages/airflow/example_dags/example_branch_labels.py took 0.068 seconds
[2023-03-09T09:48:09.592+0000] {processor.py:153} INFO - Started process (PID=4113) to work on /home/airflow/.local/lib/python3.7/site-packages/airflow/example_dags/example_branch_labels.py
[2023-03-09T09:48:09.594+0000] {processor.py:743} INFO - Processing file /home/airflow/.local/lib/python3.7/site-packages/airflow/example_dags/example_branch_labels.py for tasks to queue
[2023-03-09T09:48:09.594+0000] {logging_mixin.py:137} INFO - [2023-03-09T09:48:09.594+0000] {dagbag.py:538} INFO - Filling up the DagBag from /home/airflow/.local/lib/python3.7/site-packages/airflow/example_dags/example_branch_labels.py
[2023-03-09T09:48:09.604+0000] {processor.py:753} INFO - DAG(s) dict_keys(['example_branch_labels']) retrieved from /home/airflow/.local/lib/python3.7/site-packages/airflow/example_dags/example_branch_labels.py
[2023-03-09T09:48:09.622+0000] {logging_mixin.py:137} INFO - [2023-03-09T09:48:09.621+0000] {dag.py:2690} INFO - Sync 1 DAGs
[2023-03-09T09:48:09.638+0000] {logging_mixin.py:137} INFO - [2023-03-09T09:48:09.638+0000] {dag.py:3441} INFO - Setting next_dagrun for example_branch_labels to 2023-03-08T00:00:00+00:00, run_after=2023-03-09T00:00:00+00:00
[2023-03-09T09:48:09.648+0000] {processor.py:175} INFO - Processing /home/airflow/.local/lib/python3.7/site-packages/airflow/example_dags/example_branch_labels.py took 0.058 seconds
[2023-03-09T09:48:39.880+0000] {processor.py:153} INFO - Started process (PID=4188) to work on /home/airflow/.local/lib/python3.7/site-packages/airflow/example_dags/example_branch_labels.py
[2023-03-09T09:48:39.882+0000] {processor.py:743} INFO - Processing file /home/airflow/.local/lib/python3.7/site-packages/airflow/example_dags/example_branch_labels.py for tasks to queue
[2023-03-09T09:48:39.883+0000] {logging_mixin.py:137} INFO - [2023-03-09T09:48:39.883+0000] {dagbag.py:538} INFO - Filling up the DagBag from /home/airflow/.local/lib/python3.7/site-packages/airflow/example_dags/example_branch_labels.py
[2023-03-09T09:48:39.895+0000] {processor.py:753} INFO - DAG(s) dict_keys(['example_branch_labels']) retrieved from /home/airflow/.local/lib/python3.7/site-packages/airflow/example_dags/example_branch_labels.py
[2023-03-09T09:48:39.937+0000] {logging_mixin.py:137} INFO - [2023-03-09T09:48:39.937+0000] {dag.py:2690} INFO - Sync 1 DAGs
[2023-03-09T09:48:39.975+0000] {logging_mixin.py:137} INFO - [2023-03-09T09:48:39.975+0000] {dag.py:3441} INFO - Setting next_dagrun for example_branch_labels to 2023-03-08T00:00:00+00:00, run_after=2023-03-09T00:00:00+00:00
[2023-03-09T09:48:40.000+0000] {processor.py:175} INFO - Processing /home/airflow/.local/lib/python3.7/site-packages/airflow/example_dags/example_branch_labels.py took 0.123 seconds
[2023-03-09T09:49:10.349+0000] {processor.py:153} INFO - Started process (PID=4272) to work on /home/airflow/.local/lib/python3.7/site-packages/airflow/example_dags/example_branch_labels.py
[2023-03-09T09:49:10.350+0000] {processor.py:743} INFO - Processing file /home/airflow/.local/lib/python3.7/site-packages/airflow/example_dags/example_branch_labels.py for tasks to queue
[2023-03-09T09:49:10.352+0000] {logging_mixin.py:137} INFO - [2023-03-09T09:49:10.351+0000] {dagbag.py:538} INFO - Filling up the DagBag from /home/airflow/.local/lib/python3.7/site-packages/airflow/example_dags/example_branch_labels.py
[2023-03-09T09:49:10.368+0000] {processor.py:753} INFO - DAG(s) dict_keys(['example_branch_labels']) retrieved from /home/airflow/.local/lib/python3.7/site-packages/airflow/example_dags/example_branch_labels.py
[2023-03-09T09:49:10.398+0000] {logging_mixin.py:137} INFO - [2023-03-09T09:49:10.398+0000] {dag.py:2690} INFO - Sync 1 DAGs
[2023-03-09T09:49:10.435+0000] {logging_mixin.py:137} INFO - [2023-03-09T09:49:10.435+0000] {dag.py:3441} INFO - Setting next_dagrun for example_branch_labels to 2023-03-08T00:00:00+00:00, run_after=2023-03-09T00:00:00+00:00
[2023-03-09T09:49:10.450+0000] {processor.py:175} INFO - Processing /home/airflow/.local/lib/python3.7/site-packages/airflow/example_dags/example_branch_labels.py took 0.104 seconds
[2023-03-09T09:49:40.558+0000] {processor.py:153} INFO - Started process (PID=4339) to work on /home/airflow/.local/lib/python3.7/site-packages/airflow/example_dags/example_branch_labels.py
[2023-03-09T09:49:40.559+0000] {processor.py:743} INFO - Processing file /home/airflow/.local/lib/python3.7/site-packages/airflow/example_dags/example_branch_labels.py for tasks to queue
[2023-03-09T09:49:40.560+0000] {logging_mixin.py:137} INFO - [2023-03-09T09:49:40.560+0000] {dagbag.py:538} INFO - Filling up the DagBag from /home/airflow/.local/lib/python3.7/site-packages/airflow/example_dags/example_branch_labels.py
[2023-03-09T09:49:40.569+0000] {processor.py:753} INFO - DAG(s) dict_keys(['example_branch_labels']) retrieved from /home/airflow/.local/lib/python3.7/site-packages/airflow/example_dags/example_branch_labels.py
[2023-03-09T09:49:40.587+0000] {logging_mixin.py:137} INFO - [2023-03-09T09:49:40.587+0000] {dag.py:2690} INFO - Sync 1 DAGs
[2023-03-09T09:49:40.601+0000] {logging_mixin.py:137} INFO - [2023-03-09T09:49:40.601+0000] {dag.py:3441} INFO - Setting next_dagrun for example_branch_labels to 2023-03-08T00:00:00+00:00, run_after=2023-03-09T00:00:00+00:00
[2023-03-09T09:49:40.611+0000] {processor.py:175} INFO - Processing /home/airflow/.local/lib/python3.7/site-packages/airflow/example_dags/example_branch_labels.py took 0.056 seconds
[2023-03-09T09:50:11.126+0000] {processor.py:153} INFO - Started process (PID=4418) to work on /home/airflow/.local/lib/python3.7/site-packages/airflow/example_dags/example_branch_labels.py
[2023-03-09T09:50:11.128+0000] {processor.py:743} INFO - Processing file /home/airflow/.local/lib/python3.7/site-packages/airflow/example_dags/example_branch_labels.py for tasks to queue
[2023-03-09T09:50:11.129+0000] {logging_mixin.py:137} INFO - [2023-03-09T09:50:11.129+0000] {dagbag.py:538} INFO - Filling up the DagBag from /home/airflow/.local/lib/python3.7/site-packages/airflow/example_dags/example_branch_labels.py
[2023-03-09T09:50:11.139+0000] {processor.py:753} INFO - DAG(s) dict_keys(['example_branch_labels']) retrieved from /home/airflow/.local/lib/python3.7/site-packages/airflow/example_dags/example_branch_labels.py
[2023-03-09T09:50:11.161+0000] {logging_mixin.py:137} INFO - [2023-03-09T09:50:11.161+0000] {dag.py:2690} INFO - Sync 1 DAGs
[2023-03-09T09:50:11.177+0000] {logging_mixin.py:137} INFO - [2023-03-09T09:50:11.177+0000] {dag.py:3441} INFO - Setting next_dagrun for example_branch_labels to 2023-03-08T00:00:00+00:00, run_after=2023-03-09T00:00:00+00:00
[2023-03-09T09:50:11.188+0000] {processor.py:175} INFO - Processing /home/airflow/.local/lib/python3.7/site-packages/airflow/example_dags/example_branch_labels.py took 0.065 seconds
