[2023-03-09T09:02:22.820+0000] {processor.py:153} INFO - Started process (PID=81) to work on /home/airflow/.local/lib/python3.7/site-packages/airflow/example_dags/example_task_group_decorator.py
[2023-03-09T09:02:22.823+0000] {processor.py:743} INFO - Processing file /home/airflow/.local/lib/python3.7/site-packages/airflow/example_dags/example_task_group_decorator.py for tasks to queue
[2023-03-09T09:02:22.825+0000] {logging_mixin.py:137} INFO - [2023-03-09T09:02:22.825+0000] {dagbag.py:538} INFO - Filling up the DagBag from /home/airflow/.local/lib/python3.7/site-packages/airflow/example_dags/example_task_group_decorator.py
[2023-03-09T09:02:22.863+0000] {processor.py:753} INFO - DAG(s) dict_keys(['example_task_group_decorator']) retrieved from /home/airflow/.local/lib/python3.7/site-packages/airflow/example_dags/example_task_group_decorator.py
[2023-03-09T09:02:22.883+0000] {logging_mixin.py:137} INFO - [2023-03-09T09:02:22.882+0000] {dag.py:2690} INFO - Sync 1 DAGs
[2023-03-09T09:02:22.914+0000] {logging_mixin.py:137} INFO - [2023-03-09T09:02:22.914+0000] {dag.py:3441} INFO - Setting next_dagrun for example_task_group_decorator to 2023-03-08T09:02:22.913936+00:00, run_after=2023-03-09T09:02:22.913936+00:00
[2023-03-09T09:02:22.930+0000] {processor.py:175} INFO - Processing /home/airflow/.local/lib/python3.7/site-packages/airflow/example_dags/example_task_group_decorator.py took 0.114 seconds
[2023-03-09T09:02:53.193+0000] {processor.py:153} INFO - Started process (PID=147) to work on /home/airflow/.local/lib/python3.7/site-packages/airflow/example_dags/example_task_group_decorator.py
[2023-03-09T09:02:53.195+0000] {processor.py:743} INFO - Processing file /home/airflow/.local/lib/python3.7/site-packages/airflow/example_dags/example_task_group_decorator.py for tasks to queue
[2023-03-09T09:02:53.195+0000] {logging_mixin.py:137} INFO - [2023-03-09T09:02:53.195+0000] {dagbag.py:538} INFO - Filling up the DagBag from /home/airflow/.local/lib/python3.7/site-packages/airflow/example_dags/example_task_group_decorator.py
[2023-03-09T09:02:53.214+0000] {processor.py:753} INFO - DAG(s) dict_keys(['example_task_group_decorator']) retrieved from /home/airflow/.local/lib/python3.7/site-packages/airflow/example_dags/example_task_group_decorator.py
[2023-03-09T09:02:53.232+0000] {logging_mixin.py:137} INFO - [2023-03-09T09:02:53.232+0000] {dag.py:2690} INFO - Sync 1 DAGs
[2023-03-09T09:02:53.248+0000] {logging_mixin.py:137} INFO - [2023-03-09T09:02:53.248+0000] {dag.py:3441} INFO - Setting next_dagrun for example_task_group_decorator to 2023-03-08T09:02:53.248730+00:00, run_after=2023-03-09T09:02:53.248730+00:00
[2023-03-09T09:02:53.260+0000] {processor.py:175} INFO - Processing /home/airflow/.local/lib/python3.7/site-packages/airflow/example_dags/example_task_group_decorator.py took 0.070 seconds
[2023-03-09T09:03:23.773+0000] {processor.py:153} INFO - Started process (PID=228) to work on /home/airflow/.local/lib/python3.7/site-packages/airflow/example_dags/example_task_group_decorator.py
[2023-03-09T09:03:23.774+0000] {processor.py:743} INFO - Processing file /home/airflow/.local/lib/python3.7/site-packages/airflow/example_dags/example_task_group_decorator.py for tasks to queue
[2023-03-09T09:03:23.775+0000] {logging_mixin.py:137} INFO - [2023-03-09T09:03:23.775+0000] {dagbag.py:538} INFO - Filling up the DagBag from /home/airflow/.local/lib/python3.7/site-packages/airflow/example_dags/example_task_group_decorator.py
[2023-03-09T09:03:23.793+0000] {processor.py:753} INFO - DAG(s) dict_keys(['example_task_group_decorator']) retrieved from /home/airflow/.local/lib/python3.7/site-packages/airflow/example_dags/example_task_group_decorator.py
[2023-03-09T09:03:23.810+0000] {logging_mixin.py:137} INFO - [2023-03-09T09:03:23.810+0000] {dag.py:2690} INFO - Sync 1 DAGs
[2023-03-09T09:03:23.825+0000] {logging_mixin.py:137} INFO - [2023-03-09T09:03:23.825+0000] {dag.py:3441} INFO - Setting next_dagrun for example_task_group_decorator to 2023-03-08T09:03:23.825593+00:00, run_after=2023-03-09T09:03:23.825593+00:00
[2023-03-09T09:03:23.837+0000] {processor.py:175} INFO - Processing /home/airflow/.local/lib/python3.7/site-packages/airflow/example_dags/example_task_group_decorator.py took 0.067 seconds
[2023-03-09T09:03:53.985+0000] {processor.py:153} INFO - Started process (PID=293) to work on /home/airflow/.local/lib/python3.7/site-packages/airflow/example_dags/example_task_group_decorator.py
[2023-03-09T09:03:53.987+0000] {processor.py:743} INFO - Processing file /home/airflow/.local/lib/python3.7/site-packages/airflow/example_dags/example_task_group_decorator.py for tasks to queue
[2023-03-09T09:03:53.988+0000] {logging_mixin.py:137} INFO - [2023-03-09T09:03:53.988+0000] {dagbag.py:538} INFO - Filling up the DagBag from /home/airflow/.local/lib/python3.7/site-packages/airflow/example_dags/example_task_group_decorator.py
[2023-03-09T09:03:54.007+0000] {processor.py:753} INFO - DAG(s) dict_keys(['example_task_group_decorator']) retrieved from /home/airflow/.local/lib/python3.7/site-packages/airflow/example_dags/example_task_group_decorator.py
[2023-03-09T09:03:54.026+0000] {logging_mixin.py:137} INFO - [2023-03-09T09:03:54.026+0000] {dag.py:2690} INFO - Sync 1 DAGs
[2023-03-09T09:03:54.041+0000] {logging_mixin.py:137} INFO - [2023-03-09T09:03:54.041+0000] {dag.py:3441} INFO - Setting next_dagrun for example_task_group_decorator to 2023-03-08T09:03:54.041568+00:00, run_after=2023-03-09T09:03:54.041568+00:00
[2023-03-09T09:03:54.059+0000] {processor.py:175} INFO - Processing /home/airflow/.local/lib/python3.7/site-packages/airflow/example_dags/example_task_group_decorator.py took 0.076 seconds
[2023-03-09T09:20:51.090+0000] {processor.py:153} INFO - Started process (PID=81) to work on /home/airflow/.local/lib/python3.7/site-packages/airflow/example_dags/example_task_group_decorator.py
[2023-03-09T09:20:51.094+0000] {processor.py:743} INFO - Processing file /home/airflow/.local/lib/python3.7/site-packages/airflow/example_dags/example_task_group_decorator.py for tasks to queue
[2023-03-09T09:20:51.100+0000] {logging_mixin.py:137} INFO - [2023-03-09T09:20:51.098+0000] {dagbag.py:538} INFO - Filling up the DagBag from /home/airflow/.local/lib/python3.7/site-packages/airflow/example_dags/example_task_group_decorator.py
[2023-03-09T09:20:51.129+0000] {processor.py:753} INFO - DAG(s) dict_keys(['example_task_group_decorator']) retrieved from /home/airflow/.local/lib/python3.7/site-packages/airflow/example_dags/example_task_group_decorator.py
[2023-03-09T09:20:51.203+0000] {logging_mixin.py:137} INFO - [2023-03-09T09:20:51.203+0000] {manager.py:504} INFO - Created Permission View: can read on DAG:example_task_group_decorator
[2023-03-09T09:20:51.209+0000] {logging_mixin.py:137} INFO - [2023-03-09T09:20:51.209+0000] {manager.py:504} INFO - Created Permission View: can edit on DAG:example_task_group_decorator
[2023-03-09T09:20:51.214+0000] {logging_mixin.py:137} INFO - [2023-03-09T09:20:51.214+0000] {manager.py:504} INFO - Created Permission View: can delete on DAG:example_task_group_decorator
[2023-03-09T09:20:51.215+0000] {logging_mixin.py:137} INFO - [2023-03-09T09:20:51.215+0000] {dag.py:2690} INFO - Sync 1 DAGs
[2023-03-09T09:20:51.225+0000] {logging_mixin.py:137} INFO - [2023-03-09T09:20:51.225+0000] {dag.py:2711} INFO - Creating ORM DAG for example_task_group_decorator
[2023-03-09T09:20:51.234+0000] {logging_mixin.py:137} INFO - [2023-03-09T09:20:51.234+0000] {dag.py:3441} INFO - Setting next_dagrun for example_task_group_decorator to 2023-03-08T09:20:51.234498+00:00, run_after=2023-03-09T09:20:51.234498+00:00
[2023-03-09T09:20:51.246+0000] {processor.py:175} INFO - Processing /home/airflow/.local/lib/python3.7/site-packages/airflow/example_dags/example_task_group_decorator.py took 0.160 seconds
[2023-03-09T09:21:21.640+0000] {processor.py:153} INFO - Started process (PID=146) to work on /home/airflow/.local/lib/python3.7/site-packages/airflow/example_dags/example_task_group_decorator.py
[2023-03-09T09:21:21.641+0000] {processor.py:743} INFO - Processing file /home/airflow/.local/lib/python3.7/site-packages/airflow/example_dags/example_task_group_decorator.py for tasks to queue
[2023-03-09T09:21:21.644+0000] {logging_mixin.py:137} INFO - [2023-03-09T09:21:21.643+0000] {dagbag.py:538} INFO - Filling up the DagBag from /home/airflow/.local/lib/python3.7/site-packages/airflow/example_dags/example_task_group_decorator.py
[2023-03-09T09:21:21.667+0000] {processor.py:753} INFO - DAG(s) dict_keys(['example_task_group_decorator']) retrieved from /home/airflow/.local/lib/python3.7/site-packages/airflow/example_dags/example_task_group_decorator.py
[2023-03-09T09:21:21.691+0000] {logging_mixin.py:137} INFO - [2023-03-09T09:21:21.690+0000] {dag.py:2690} INFO - Sync 1 DAGs
[2023-03-09T09:21:21.712+0000] {logging_mixin.py:137} INFO - [2023-03-09T09:21:21.711+0000] {dag.py:3441} INFO - Setting next_dagrun for example_task_group_decorator to 2023-03-08T09:21:21.711816+00:00, run_after=2023-03-09T09:21:21.711816+00:00
[2023-03-09T09:21:21.728+0000] {processor.py:175} INFO - Processing /home/airflow/.local/lib/python3.7/site-packages/airflow/example_dags/example_task_group_decorator.py took 0.091 seconds
[2023-03-09T09:21:52.520+0000] {processor.py:153} INFO - Started process (PID=228) to work on /home/airflow/.local/lib/python3.7/site-packages/airflow/example_dags/example_task_group_decorator.py
[2023-03-09T09:21:52.522+0000] {processor.py:743} INFO - Processing file /home/airflow/.local/lib/python3.7/site-packages/airflow/example_dags/example_task_group_decorator.py for tasks to queue
[2023-03-09T09:21:52.524+0000] {logging_mixin.py:137} INFO - [2023-03-09T09:21:52.524+0000] {dagbag.py:538} INFO - Filling up the DagBag from /home/airflow/.local/lib/python3.7/site-packages/airflow/example_dags/example_task_group_decorator.py
[2023-03-09T09:21:52.548+0000] {processor.py:753} INFO - DAG(s) dict_keys(['example_task_group_decorator']) retrieved from /home/airflow/.local/lib/python3.7/site-packages/airflow/example_dags/example_task_group_decorator.py
[2023-03-09T09:21:52.570+0000] {logging_mixin.py:137} INFO - [2023-03-09T09:21:52.570+0000] {dag.py:2690} INFO - Sync 1 DAGs
[2023-03-09T09:21:52.588+0000] {logging_mixin.py:137} INFO - [2023-03-09T09:21:52.588+0000] {dag.py:3441} INFO - Setting next_dagrun for example_task_group_decorator to 2023-03-08T09:21:52.588504+00:00, run_after=2023-03-09T09:21:52.588504+00:00
[2023-03-09T09:21:52.605+0000] {processor.py:175} INFO - Processing /home/airflow/.local/lib/python3.7/site-packages/airflow/example_dags/example_task_group_decorator.py took 0.089 seconds
[2023-03-09T09:22:23.017+0000] {processor.py:153} INFO - Started process (PID=302) to work on /home/airflow/.local/lib/python3.7/site-packages/airflow/example_dags/example_task_group_decorator.py
[2023-03-09T09:22:23.018+0000] {processor.py:743} INFO - Processing file /home/airflow/.local/lib/python3.7/site-packages/airflow/example_dags/example_task_group_decorator.py for tasks to queue
[2023-03-09T09:22:23.020+0000] {logging_mixin.py:137} INFO - [2023-03-09T09:22:23.020+0000] {dagbag.py:538} INFO - Filling up the DagBag from /home/airflow/.local/lib/python3.7/site-packages/airflow/example_dags/example_task_group_decorator.py
[2023-03-09T09:22:23.042+0000] {processor.py:753} INFO - DAG(s) dict_keys(['example_task_group_decorator']) retrieved from /home/airflow/.local/lib/python3.7/site-packages/airflow/example_dags/example_task_group_decorator.py
[2023-03-09T09:22:23.068+0000] {logging_mixin.py:137} INFO - [2023-03-09T09:22:23.068+0000] {dag.py:2690} INFO - Sync 1 DAGs
[2023-03-09T09:22:23.085+0000] {logging_mixin.py:137} INFO - [2023-03-09T09:22:23.085+0000] {dag.py:3441} INFO - Setting next_dagrun for example_task_group_decorator to 2023-03-08T09:22:23.085204+00:00, run_after=2023-03-09T09:22:23.085204+00:00
[2023-03-09T09:22:23.099+0000] {processor.py:175} INFO - Processing /home/airflow/.local/lib/python3.7/site-packages/airflow/example_dags/example_task_group_decorator.py took 0.086 seconds
[2023-03-09T09:22:53.208+0000] {processor.py:153} INFO - Started process (PID=370) to work on /home/airflow/.local/lib/python3.7/site-packages/airflow/example_dags/example_task_group_decorator.py
[2023-03-09T09:22:53.210+0000] {processor.py:743} INFO - Processing file /home/airflow/.local/lib/python3.7/site-packages/airflow/example_dags/example_task_group_decorator.py for tasks to queue
[2023-03-09T09:22:53.211+0000] {logging_mixin.py:137} INFO - [2023-03-09T09:22:53.211+0000] {dagbag.py:538} INFO - Filling up the DagBag from /home/airflow/.local/lib/python3.7/site-packages/airflow/example_dags/example_task_group_decorator.py
[2023-03-09T09:22:53.229+0000] {processor.py:753} INFO - DAG(s) dict_keys(['example_task_group_decorator']) retrieved from /home/airflow/.local/lib/python3.7/site-packages/airflow/example_dags/example_task_group_decorator.py
[2023-03-09T09:22:53.248+0000] {logging_mixin.py:137} INFO - [2023-03-09T09:22:53.247+0000] {dag.py:2690} INFO - Sync 1 DAGs
[2023-03-09T09:22:53.264+0000] {logging_mixin.py:137} INFO - [2023-03-09T09:22:53.264+0000] {dag.py:3441} INFO - Setting next_dagrun for example_task_group_decorator to 2023-03-08T09:22:53.264599+00:00, run_after=2023-03-09T09:22:53.264599+00:00
[2023-03-09T09:22:53.278+0000] {processor.py:175} INFO - Processing /home/airflow/.local/lib/python3.7/site-packages/airflow/example_dags/example_task_group_decorator.py took 0.073 seconds
[2023-03-09T09:23:23.484+0000] {processor.py:153} INFO - Started process (PID=451) to work on /home/airflow/.local/lib/python3.7/site-packages/airflow/example_dags/example_task_group_decorator.py
[2023-03-09T09:23:23.486+0000] {processor.py:743} INFO - Processing file /home/airflow/.local/lib/python3.7/site-packages/airflow/example_dags/example_task_group_decorator.py for tasks to queue
[2023-03-09T09:23:23.487+0000] {logging_mixin.py:137} INFO - [2023-03-09T09:23:23.487+0000] {dagbag.py:538} INFO - Filling up the DagBag from /home/airflow/.local/lib/python3.7/site-packages/airflow/example_dags/example_task_group_decorator.py
[2023-03-09T09:23:23.505+0000] {processor.py:753} INFO - DAG(s) dict_keys(['example_task_group_decorator']) retrieved from /home/airflow/.local/lib/python3.7/site-packages/airflow/example_dags/example_task_group_decorator.py
[2023-03-09T09:23:23.523+0000] {logging_mixin.py:137} INFO - [2023-03-09T09:23:23.523+0000] {dag.py:2690} INFO - Sync 1 DAGs
[2023-03-09T09:23:23.541+0000] {logging_mixin.py:137} INFO - [2023-03-09T09:23:23.541+0000] {dag.py:3441} INFO - Setting next_dagrun for example_task_group_decorator to 2023-03-08T09:23:23.540973+00:00, run_after=2023-03-09T09:23:23.540973+00:00
[2023-03-09T09:23:23.554+0000] {processor.py:175} INFO - Processing /home/airflow/.local/lib/python3.7/site-packages/airflow/example_dags/example_task_group_decorator.py took 0.072 seconds
[2023-03-09T09:23:53.644+0000] {processor.py:153} INFO - Started process (PID=533) to work on /home/airflow/.local/lib/python3.7/site-packages/airflow/example_dags/example_task_group_decorator.py
[2023-03-09T09:23:53.646+0000] {processor.py:743} INFO - Processing file /home/airflow/.local/lib/python3.7/site-packages/airflow/example_dags/example_task_group_decorator.py for tasks to queue
[2023-03-09T09:23:53.647+0000] {logging_mixin.py:137} INFO - [2023-03-09T09:23:53.647+0000] {dagbag.py:538} INFO - Filling up the DagBag from /home/airflow/.local/lib/python3.7/site-packages/airflow/example_dags/example_task_group_decorator.py
[2023-03-09T09:23:53.666+0000] {processor.py:753} INFO - DAG(s) dict_keys(['example_task_group_decorator']) retrieved from /home/airflow/.local/lib/python3.7/site-packages/airflow/example_dags/example_task_group_decorator.py
[2023-03-09T09:23:53.689+0000] {logging_mixin.py:137} INFO - [2023-03-09T09:23:53.689+0000] {dag.py:2690} INFO - Sync 1 DAGs
[2023-03-09T09:23:53.710+0000] {logging_mixin.py:137} INFO - [2023-03-09T09:23:53.710+0000] {dag.py:3441} INFO - Setting next_dagrun for example_task_group_decorator to 2023-03-08T09:23:53.709929+00:00, run_after=2023-03-09T09:23:53.709929+00:00
[2023-03-09T09:23:53.724+0000] {processor.py:175} INFO - Processing /home/airflow/.local/lib/python3.7/site-packages/airflow/example_dags/example_task_group_decorator.py took 0.082 seconds
[2023-03-09T09:24:24.763+0000] {processor.py:153} INFO - Started process (PID=599) to work on /home/airflow/.local/lib/python3.7/site-packages/airflow/example_dags/example_task_group_decorator.py
[2023-03-09T09:24:24.771+0000] {processor.py:743} INFO - Processing file /home/airflow/.local/lib/python3.7/site-packages/airflow/example_dags/example_task_group_decorator.py for tasks to queue
[2023-03-09T09:24:24.779+0000] {logging_mixin.py:137} INFO - [2023-03-09T09:24:24.778+0000] {dagbag.py:538} INFO - Filling up the DagBag from /home/airflow/.local/lib/python3.7/site-packages/airflow/example_dags/example_task_group_decorator.py
[2023-03-09T09:24:24.991+0000] {processor.py:753} INFO - DAG(s) dict_keys(['example_task_group_decorator']) retrieved from /home/airflow/.local/lib/python3.7/site-packages/airflow/example_dags/example_task_group_decorator.py
[2023-03-09T09:24:25.285+0000] {logging_mixin.py:137} INFO - [2023-03-09T09:24:25.284+0000] {dag.py:2690} INFO - Sync 1 DAGs
[2023-03-09T09:24:25.361+0000] {logging_mixin.py:137} INFO - [2023-03-09T09:24:25.361+0000] {dag.py:3441} INFO - Setting next_dagrun for example_task_group_decorator to 2023-03-08T09:24:25.357268+00:00, run_after=2023-03-09T09:24:25.357268+00:00
[2023-03-09T09:24:25.420+0000] {processor.py:175} INFO - Processing /home/airflow/.local/lib/python3.7/site-packages/airflow/example_dags/example_task_group_decorator.py took 0.669 seconds
[2023-03-09T09:24:55.785+0000] {processor.py:153} INFO - Started process (PID=676) to work on /home/airflow/.local/lib/python3.7/site-packages/airflow/example_dags/example_task_group_decorator.py
[2023-03-09T09:24:55.786+0000] {processor.py:743} INFO - Processing file /home/airflow/.local/lib/python3.7/site-packages/airflow/example_dags/example_task_group_decorator.py for tasks to queue
[2023-03-09T09:24:55.787+0000] {logging_mixin.py:137} INFO - [2023-03-09T09:24:55.787+0000] {dagbag.py:538} INFO - Filling up the DagBag from /home/airflow/.local/lib/python3.7/site-packages/airflow/example_dags/example_task_group_decorator.py
[2023-03-09T09:24:55.806+0000] {processor.py:753} INFO - DAG(s) dict_keys(['example_task_group_decorator']) retrieved from /home/airflow/.local/lib/python3.7/site-packages/airflow/example_dags/example_task_group_decorator.py
[2023-03-09T09:24:55.830+0000] {logging_mixin.py:137} INFO - [2023-03-09T09:24:55.830+0000] {dag.py:2690} INFO - Sync 1 DAGs
[2023-03-09T09:24:55.846+0000] {logging_mixin.py:137} INFO - [2023-03-09T09:24:55.846+0000] {dag.py:3441} INFO - Setting next_dagrun for example_task_group_decorator to 2023-03-08T09:24:55.846032+00:00, run_after=2023-03-09T09:24:55.846032+00:00
[2023-03-09T09:24:55.862+0000] {processor.py:175} INFO - Processing /home/airflow/.local/lib/python3.7/site-packages/airflow/example_dags/example_task_group_decorator.py took 0.079 seconds
[2023-03-09T09:25:25.941+0000] {processor.py:153} INFO - Started process (PID=756) to work on /home/airflow/.local/lib/python3.7/site-packages/airflow/example_dags/example_task_group_decorator.py
[2023-03-09T09:25:25.942+0000] {processor.py:743} INFO - Processing file /home/airflow/.local/lib/python3.7/site-packages/airflow/example_dags/example_task_group_decorator.py for tasks to queue
[2023-03-09T09:25:25.943+0000] {logging_mixin.py:137} INFO - [2023-03-09T09:25:25.943+0000] {dagbag.py:538} INFO - Filling up the DagBag from /home/airflow/.local/lib/python3.7/site-packages/airflow/example_dags/example_task_group_decorator.py
[2023-03-09T09:25:25.962+0000] {processor.py:753} INFO - DAG(s) dict_keys(['example_task_group_decorator']) retrieved from /home/airflow/.local/lib/python3.7/site-packages/airflow/example_dags/example_task_group_decorator.py
[2023-03-09T09:25:25.984+0000] {logging_mixin.py:137} INFO - [2023-03-09T09:25:25.984+0000] {dag.py:2690} INFO - Sync 1 DAGs
[2023-03-09T09:25:26.000+0000] {logging_mixin.py:137} INFO - [2023-03-09T09:25:26.000+0000] {dag.py:3441} INFO - Setting next_dagrun for example_task_group_decorator to 2023-03-08T09:25:26.000406+00:00, run_after=2023-03-09T09:25:26.000406+00:00
[2023-03-09T09:25:26.013+0000] {processor.py:175} INFO - Processing /home/airflow/.local/lib/python3.7/site-packages/airflow/example_dags/example_task_group_decorator.py took 0.075 seconds
[2023-03-09T09:25:56.413+0000] {processor.py:153} INFO - Started process (PID=822) to work on /home/airflow/.local/lib/python3.7/site-packages/airflow/example_dags/example_task_group_decorator.py
[2023-03-09T09:25:56.419+0000] {processor.py:743} INFO - Processing file /home/airflow/.local/lib/python3.7/site-packages/airflow/example_dags/example_task_group_decorator.py for tasks to queue
[2023-03-09T09:25:56.420+0000] {logging_mixin.py:137} INFO - [2023-03-09T09:25:56.420+0000] {dagbag.py:538} INFO - Filling up the DagBag from /home/airflow/.local/lib/python3.7/site-packages/airflow/example_dags/example_task_group_decorator.py
[2023-03-09T09:25:56.440+0000] {processor.py:753} INFO - DAG(s) dict_keys(['example_task_group_decorator']) retrieved from /home/airflow/.local/lib/python3.7/site-packages/airflow/example_dags/example_task_group_decorator.py
[2023-03-09T09:25:56.461+0000] {logging_mixin.py:137} INFO - [2023-03-09T09:25:56.461+0000] {dag.py:2690} INFO - Sync 1 DAGs
[2023-03-09T09:25:56.477+0000] {logging_mixin.py:137} INFO - [2023-03-09T09:25:56.477+0000] {dag.py:3441} INFO - Setting next_dagrun for example_task_group_decorator to 2023-03-08T09:25:56.477597+00:00, run_after=2023-03-09T09:25:56.477597+00:00
[2023-03-09T09:25:56.490+0000] {processor.py:175} INFO - Processing /home/airflow/.local/lib/python3.7/site-packages/airflow/example_dags/example_task_group_decorator.py took 0.078 seconds
[2023-03-09T09:26:26.559+0000] {processor.py:153} INFO - Started process (PID=898) to work on /home/airflow/.local/lib/python3.7/site-packages/airflow/example_dags/example_task_group_decorator.py
[2023-03-09T09:26:26.561+0000] {processor.py:743} INFO - Processing file /home/airflow/.local/lib/python3.7/site-packages/airflow/example_dags/example_task_group_decorator.py for tasks to queue
[2023-03-09T09:26:26.562+0000] {logging_mixin.py:137} INFO - [2023-03-09T09:26:26.562+0000] {dagbag.py:538} INFO - Filling up the DagBag from /home/airflow/.local/lib/python3.7/site-packages/airflow/example_dags/example_task_group_decorator.py
[2023-03-09T09:26:26.582+0000] {processor.py:753} INFO - DAG(s) dict_keys(['example_task_group_decorator']) retrieved from /home/airflow/.local/lib/python3.7/site-packages/airflow/example_dags/example_task_group_decorator.py
[2023-03-09T09:26:26.600+0000] {logging_mixin.py:137} INFO - [2023-03-09T09:26:26.600+0000] {dag.py:2690} INFO - Sync 1 DAGs
[2023-03-09T09:26:26.615+0000] {logging_mixin.py:137} INFO - [2023-03-09T09:26:26.615+0000] {dag.py:3441} INFO - Setting next_dagrun for example_task_group_decorator to 2023-03-08T09:26:26.615265+00:00, run_after=2023-03-09T09:26:26.615265+00:00
[2023-03-09T09:26:26.629+0000] {processor.py:175} INFO - Processing /home/airflow/.local/lib/python3.7/site-packages/airflow/example_dags/example_task_group_decorator.py took 0.072 seconds
[2023-03-09T09:26:56.818+0000] {processor.py:153} INFO - Started process (PID=982) to work on /home/airflow/.local/lib/python3.7/site-packages/airflow/example_dags/example_task_group_decorator.py
[2023-03-09T09:26:56.820+0000] {processor.py:743} INFO - Processing file /home/airflow/.local/lib/python3.7/site-packages/airflow/example_dags/example_task_group_decorator.py for tasks to queue
[2023-03-09T09:26:56.821+0000] {logging_mixin.py:137} INFO - [2023-03-09T09:26:56.821+0000] {dagbag.py:538} INFO - Filling up the DagBag from /home/airflow/.local/lib/python3.7/site-packages/airflow/example_dags/example_task_group_decorator.py
[2023-03-09T09:26:56.839+0000] {processor.py:753} INFO - DAG(s) dict_keys(['example_task_group_decorator']) retrieved from /home/airflow/.local/lib/python3.7/site-packages/airflow/example_dags/example_task_group_decorator.py
[2023-03-09T09:26:56.858+0000] {logging_mixin.py:137} INFO - [2023-03-09T09:26:56.858+0000] {dag.py:2690} INFO - Sync 1 DAGs
[2023-03-09T09:26:56.873+0000] {logging_mixin.py:137} INFO - [2023-03-09T09:26:56.873+0000] {dag.py:3441} INFO - Setting next_dagrun for example_task_group_decorator to 2023-03-08T09:26:56.873085+00:00, run_after=2023-03-09T09:26:56.873085+00:00
[2023-03-09T09:26:56.886+0000] {processor.py:175} INFO - Processing /home/airflow/.local/lib/python3.7/site-packages/airflow/example_dags/example_task_group_decorator.py took 0.070 seconds
[2023-03-09T09:27:26.921+0000] {processor.py:153} INFO - Started process (PID=1047) to work on /home/airflow/.local/lib/python3.7/site-packages/airflow/example_dags/example_task_group_decorator.py
[2023-03-09T09:27:26.923+0000] {processor.py:743} INFO - Processing file /home/airflow/.local/lib/python3.7/site-packages/airflow/example_dags/example_task_group_decorator.py for tasks to queue
[2023-03-09T09:27:26.924+0000] {logging_mixin.py:137} INFO - [2023-03-09T09:27:26.924+0000] {dagbag.py:538} INFO - Filling up the DagBag from /home/airflow/.local/lib/python3.7/site-packages/airflow/example_dags/example_task_group_decorator.py
[2023-03-09T09:27:26.947+0000] {processor.py:753} INFO - DAG(s) dict_keys(['example_task_group_decorator']) retrieved from /home/airflow/.local/lib/python3.7/site-packages/airflow/example_dags/example_task_group_decorator.py
[2023-03-09T09:27:26.968+0000] {logging_mixin.py:137} INFO - [2023-03-09T09:27:26.968+0000] {dag.py:2690} INFO - Sync 1 DAGs
[2023-03-09T09:27:26.987+0000] {logging_mixin.py:137} INFO - [2023-03-09T09:27:26.987+0000] {dag.py:3441} INFO - Setting next_dagrun for example_task_group_decorator to 2023-03-08T09:27:26.986844+00:00, run_after=2023-03-09T09:27:26.986844+00:00
[2023-03-09T09:27:27.001+0000] {processor.py:175} INFO - Processing /home/airflow/.local/lib/python3.7/site-packages/airflow/example_dags/example_task_group_decorator.py took 0.082 seconds
[2023-03-09T09:27:57.105+0000] {processor.py:153} INFO - Started process (PID=1127) to work on /home/airflow/.local/lib/python3.7/site-packages/airflow/example_dags/example_task_group_decorator.py
[2023-03-09T09:27:57.107+0000] {processor.py:743} INFO - Processing file /home/airflow/.local/lib/python3.7/site-packages/airflow/example_dags/example_task_group_decorator.py for tasks to queue
[2023-03-09T09:27:57.108+0000] {logging_mixin.py:137} INFO - [2023-03-09T09:27:57.108+0000] {dagbag.py:538} INFO - Filling up the DagBag from /home/airflow/.local/lib/python3.7/site-packages/airflow/example_dags/example_task_group_decorator.py
[2023-03-09T09:27:57.126+0000] {processor.py:753} INFO - DAG(s) dict_keys(['example_task_group_decorator']) retrieved from /home/airflow/.local/lib/python3.7/site-packages/airflow/example_dags/example_task_group_decorator.py
[2023-03-09T09:27:57.143+0000] {logging_mixin.py:137} INFO - [2023-03-09T09:27:57.143+0000] {dag.py:2690} INFO - Sync 1 DAGs
[2023-03-09T09:27:57.158+0000] {logging_mixin.py:137} INFO - [2023-03-09T09:27:57.158+0000] {dag.py:3441} INFO - Setting next_dagrun for example_task_group_decorator to 2023-03-08T09:27:57.158175+00:00, run_after=2023-03-09T09:27:57.158175+00:00
[2023-03-09T09:27:57.170+0000] {processor.py:175} INFO - Processing /home/airflow/.local/lib/python3.7/site-packages/airflow/example_dags/example_task_group_decorator.py took 0.067 seconds
[2023-03-09T09:28:27.486+0000] {processor.py:153} INFO - Started process (PID=1207) to work on /home/airflow/.local/lib/python3.7/site-packages/airflow/example_dags/example_task_group_decorator.py
[2023-03-09T09:28:27.488+0000] {processor.py:743} INFO - Processing file /home/airflow/.local/lib/python3.7/site-packages/airflow/example_dags/example_task_group_decorator.py for tasks to queue
[2023-03-09T09:28:27.490+0000] {logging_mixin.py:137} INFO - [2023-03-09T09:28:27.489+0000] {dagbag.py:538} INFO - Filling up the DagBag from /home/airflow/.local/lib/python3.7/site-packages/airflow/example_dags/example_task_group_decorator.py
[2023-03-09T09:28:27.512+0000] {processor.py:753} INFO - DAG(s) dict_keys(['example_task_group_decorator']) retrieved from /home/airflow/.local/lib/python3.7/site-packages/airflow/example_dags/example_task_group_decorator.py
[2023-03-09T09:28:27.533+0000] {logging_mixin.py:137} INFO - [2023-03-09T09:28:27.533+0000] {dag.py:2690} INFO - Sync 1 DAGs
[2023-03-09T09:28:27.552+0000] {logging_mixin.py:137} INFO - [2023-03-09T09:28:27.552+0000] {dag.py:3441} INFO - Setting next_dagrun for example_task_group_decorator to 2023-03-08T09:28:27.552413+00:00, run_after=2023-03-09T09:28:27.552413+00:00
[2023-03-09T09:28:27.568+0000] {processor.py:175} INFO - Processing /home/airflow/.local/lib/python3.7/site-packages/airflow/example_dags/example_task_group_decorator.py took 0.085 seconds
[2023-03-09T09:28:57.979+0000] {processor.py:153} INFO - Started process (PID=1275) to work on /home/airflow/.local/lib/python3.7/site-packages/airflow/example_dags/example_task_group_decorator.py
[2023-03-09T09:28:57.980+0000] {processor.py:743} INFO - Processing file /home/airflow/.local/lib/python3.7/site-packages/airflow/example_dags/example_task_group_decorator.py for tasks to queue
[2023-03-09T09:28:57.981+0000] {logging_mixin.py:137} INFO - [2023-03-09T09:28:57.981+0000] {dagbag.py:538} INFO - Filling up the DagBag from /home/airflow/.local/lib/python3.7/site-packages/airflow/example_dags/example_task_group_decorator.py
[2023-03-09T09:28:57.999+0000] {processor.py:753} INFO - DAG(s) dict_keys(['example_task_group_decorator']) retrieved from /home/airflow/.local/lib/python3.7/site-packages/airflow/example_dags/example_task_group_decorator.py
[2023-03-09T09:28:58.016+0000] {logging_mixin.py:137} INFO - [2023-03-09T09:28:58.016+0000] {dag.py:2690} INFO - Sync 1 DAGs
[2023-03-09T09:28:58.031+0000] {logging_mixin.py:137} INFO - [2023-03-09T09:28:58.031+0000] {dag.py:3441} INFO - Setting next_dagrun for example_task_group_decorator to 2023-03-08T09:28:58.031577+00:00, run_after=2023-03-09T09:28:58.031577+00:00
[2023-03-09T09:28:58.043+0000] {processor.py:175} INFO - Processing /home/airflow/.local/lib/python3.7/site-packages/airflow/example_dags/example_task_group_decorator.py took 0.066 seconds
[2023-03-09T09:29:28.196+0000] {processor.py:153} INFO - Started process (PID=1354) to work on /home/airflow/.local/lib/python3.7/site-packages/airflow/example_dags/example_task_group_decorator.py
[2023-03-09T09:29:28.198+0000] {processor.py:743} INFO - Processing file /home/airflow/.local/lib/python3.7/site-packages/airflow/example_dags/example_task_group_decorator.py for tasks to queue
[2023-03-09T09:29:28.199+0000] {logging_mixin.py:137} INFO - [2023-03-09T09:29:28.199+0000] {dagbag.py:538} INFO - Filling up the DagBag from /home/airflow/.local/lib/python3.7/site-packages/airflow/example_dags/example_task_group_decorator.py
[2023-03-09T09:29:28.218+0000] {processor.py:753} INFO - DAG(s) dict_keys(['example_task_group_decorator']) retrieved from /home/airflow/.local/lib/python3.7/site-packages/airflow/example_dags/example_task_group_decorator.py
[2023-03-09T09:29:28.236+0000] {logging_mixin.py:137} INFO - [2023-03-09T09:29:28.236+0000] {dag.py:2690} INFO - Sync 1 DAGs
[2023-03-09T09:29:28.252+0000] {logging_mixin.py:137} INFO - [2023-03-09T09:29:28.252+0000] {dag.py:3441} INFO - Setting next_dagrun for example_task_group_decorator to 2023-03-08T09:29:28.252440+00:00, run_after=2023-03-09T09:29:28.252440+00:00
[2023-03-09T09:29:28.263+0000] {processor.py:175} INFO - Processing /home/airflow/.local/lib/python3.7/site-packages/airflow/example_dags/example_task_group_decorator.py took 0.069 seconds
[2023-03-09T09:29:58.441+0000] {processor.py:153} INFO - Started process (PID=1436) to work on /home/airflow/.local/lib/python3.7/site-packages/airflow/example_dags/example_task_group_decorator.py
[2023-03-09T09:29:58.442+0000] {processor.py:743} INFO - Processing file /home/airflow/.local/lib/python3.7/site-packages/airflow/example_dags/example_task_group_decorator.py for tasks to queue
[2023-03-09T09:29:58.444+0000] {logging_mixin.py:137} INFO - [2023-03-09T09:29:58.444+0000] {dagbag.py:538} INFO - Filling up the DagBag from /home/airflow/.local/lib/python3.7/site-packages/airflow/example_dags/example_task_group_decorator.py
[2023-03-09T09:29:58.464+0000] {processor.py:753} INFO - DAG(s) dict_keys(['example_task_group_decorator']) retrieved from /home/airflow/.local/lib/python3.7/site-packages/airflow/example_dags/example_task_group_decorator.py
[2023-03-09T09:29:58.484+0000] {logging_mixin.py:137} INFO - [2023-03-09T09:29:58.484+0000] {dag.py:2690} INFO - Sync 1 DAGs
[2023-03-09T09:29:58.507+0000] {logging_mixin.py:137} INFO - [2023-03-09T09:29:58.506+0000] {dag.py:3441} INFO - Setting next_dagrun for example_task_group_decorator to 2023-03-08T09:29:58.506521+00:00, run_after=2023-03-09T09:29:58.506521+00:00
[2023-03-09T09:29:58.539+0000] {processor.py:175} INFO - Processing /home/airflow/.local/lib/python3.7/site-packages/airflow/example_dags/example_task_group_decorator.py took 0.101 seconds
[2023-03-09T09:30:29.072+0000] {processor.py:153} INFO - Started process (PID=1503) to work on /home/airflow/.local/lib/python3.7/site-packages/airflow/example_dags/example_task_group_decorator.py
[2023-03-09T09:30:29.074+0000] {processor.py:743} INFO - Processing file /home/airflow/.local/lib/python3.7/site-packages/airflow/example_dags/example_task_group_decorator.py for tasks to queue
[2023-03-09T09:30:29.075+0000] {logging_mixin.py:137} INFO - [2023-03-09T09:30:29.075+0000] {dagbag.py:538} INFO - Filling up the DagBag from /home/airflow/.local/lib/python3.7/site-packages/airflow/example_dags/example_task_group_decorator.py
[2023-03-09T09:30:29.094+0000] {processor.py:753} INFO - DAG(s) dict_keys(['example_task_group_decorator']) retrieved from /home/airflow/.local/lib/python3.7/site-packages/airflow/example_dags/example_task_group_decorator.py
[2023-03-09T09:30:29.111+0000] {logging_mixin.py:137} INFO - [2023-03-09T09:30:29.111+0000] {dag.py:2690} INFO - Sync 1 DAGs
[2023-03-09T09:30:29.127+0000] {logging_mixin.py:137} INFO - [2023-03-09T09:30:29.127+0000] {dag.py:3441} INFO - Setting next_dagrun for example_task_group_decorator to 2023-03-08T09:30:29.127326+00:00, run_after=2023-03-09T09:30:29.127326+00:00
[2023-03-09T09:30:29.140+0000] {processor.py:175} INFO - Processing /home/airflow/.local/lib/python3.7/site-packages/airflow/example_dags/example_task_group_decorator.py took 0.070 seconds
[2023-03-09T09:30:59.381+0000] {processor.py:153} INFO - Started process (PID=1583) to work on /home/airflow/.local/lib/python3.7/site-packages/airflow/example_dags/example_task_group_decorator.py
[2023-03-09T09:30:59.383+0000] {processor.py:743} INFO - Processing file /home/airflow/.local/lib/python3.7/site-packages/airflow/example_dags/example_task_group_decorator.py for tasks to queue
[2023-03-09T09:30:59.385+0000] {logging_mixin.py:137} INFO - [2023-03-09T09:30:59.385+0000] {dagbag.py:538} INFO - Filling up the DagBag from /home/airflow/.local/lib/python3.7/site-packages/airflow/example_dags/example_task_group_decorator.py
[2023-03-09T09:30:59.407+0000] {processor.py:753} INFO - DAG(s) dict_keys(['example_task_group_decorator']) retrieved from /home/airflow/.local/lib/python3.7/site-packages/airflow/example_dags/example_task_group_decorator.py
[2023-03-09T09:30:59.427+0000] {logging_mixin.py:137} INFO - [2023-03-09T09:30:59.427+0000] {dag.py:2690} INFO - Sync 1 DAGs
[2023-03-09T09:30:59.445+0000] {logging_mixin.py:137} INFO - [2023-03-09T09:30:59.445+0000] {dag.py:3441} INFO - Setting next_dagrun for example_task_group_decorator to 2023-03-08T09:30:59.445528+00:00, run_after=2023-03-09T09:30:59.445528+00:00
[2023-03-09T09:30:59.460+0000] {processor.py:175} INFO - Processing /home/airflow/.local/lib/python3.7/site-packages/airflow/example_dags/example_task_group_decorator.py took 0.082 seconds
[2023-03-09T09:31:29.751+0000] {processor.py:153} INFO - Started process (PID=1660) to work on /home/airflow/.local/lib/python3.7/site-packages/airflow/example_dags/example_task_group_decorator.py
[2023-03-09T09:31:29.753+0000] {processor.py:743} INFO - Processing file /home/airflow/.local/lib/python3.7/site-packages/airflow/example_dags/example_task_group_decorator.py for tasks to queue
[2023-03-09T09:31:29.755+0000] {logging_mixin.py:137} INFO - [2023-03-09T09:31:29.755+0000] {dagbag.py:538} INFO - Filling up the DagBag from /home/airflow/.local/lib/python3.7/site-packages/airflow/example_dags/example_task_group_decorator.py
[2023-03-09T09:31:29.776+0000] {processor.py:753} INFO - DAG(s) dict_keys(['example_task_group_decorator']) retrieved from /home/airflow/.local/lib/python3.7/site-packages/airflow/example_dags/example_task_group_decorator.py
[2023-03-09T09:31:29.803+0000] {logging_mixin.py:137} INFO - [2023-03-09T09:31:29.803+0000] {dag.py:2690} INFO - Sync 1 DAGs
[2023-03-09T09:31:29.829+0000] {logging_mixin.py:137} INFO - [2023-03-09T09:31:29.829+0000] {dag.py:3441} INFO - Setting next_dagrun for example_task_group_decorator to 2023-03-08T09:31:29.828951+00:00, run_after=2023-03-09T09:31:29.828951+00:00
[2023-03-09T09:31:29.847+0000] {processor.py:175} INFO - Processing /home/airflow/.local/lib/python3.7/site-packages/airflow/example_dags/example_task_group_decorator.py took 0.099 seconds
[2023-03-09T09:32:00.082+0000] {processor.py:153} INFO - Started process (PID=1734) to work on /home/airflow/.local/lib/python3.7/site-packages/airflow/example_dags/example_task_group_decorator.py
[2023-03-09T09:32:00.084+0000] {processor.py:743} INFO - Processing file /home/airflow/.local/lib/python3.7/site-packages/airflow/example_dags/example_task_group_decorator.py for tasks to queue
[2023-03-09T09:32:00.085+0000] {logging_mixin.py:137} INFO - [2023-03-09T09:32:00.085+0000] {dagbag.py:538} INFO - Filling up the DagBag from /home/airflow/.local/lib/python3.7/site-packages/airflow/example_dags/example_task_group_decorator.py
[2023-03-09T09:32:00.104+0000] {processor.py:753} INFO - DAG(s) dict_keys(['example_task_group_decorator']) retrieved from /home/airflow/.local/lib/python3.7/site-packages/airflow/example_dags/example_task_group_decorator.py
[2023-03-09T09:32:00.123+0000] {logging_mixin.py:137} INFO - [2023-03-09T09:32:00.123+0000] {dag.py:2690} INFO - Sync 1 DAGs
[2023-03-09T09:32:00.138+0000] {logging_mixin.py:137} INFO - [2023-03-09T09:32:00.138+0000] {dag.py:3441} INFO - Setting next_dagrun for example_task_group_decorator to 2023-03-08T09:32:00.138324+00:00, run_after=2023-03-09T09:32:00.138324+00:00
[2023-03-09T09:32:00.151+0000] {processor.py:175} INFO - Processing /home/airflow/.local/lib/python3.7/site-packages/airflow/example_dags/example_task_group_decorator.py took 0.071 seconds
[2023-03-09T09:32:30.354+0000] {processor.py:153} INFO - Started process (PID=1816) to work on /home/airflow/.local/lib/python3.7/site-packages/airflow/example_dags/example_task_group_decorator.py
[2023-03-09T09:32:30.355+0000] {processor.py:743} INFO - Processing file /home/airflow/.local/lib/python3.7/site-packages/airflow/example_dags/example_task_group_decorator.py for tasks to queue
[2023-03-09T09:32:30.356+0000] {logging_mixin.py:137} INFO - [2023-03-09T09:32:30.356+0000] {dagbag.py:538} INFO - Filling up the DagBag from /home/airflow/.local/lib/python3.7/site-packages/airflow/example_dags/example_task_group_decorator.py
[2023-03-09T09:32:30.373+0000] {processor.py:753} INFO - DAG(s) dict_keys(['example_task_group_decorator']) retrieved from /home/airflow/.local/lib/python3.7/site-packages/airflow/example_dags/example_task_group_decorator.py
[2023-03-09T09:32:30.391+0000] {logging_mixin.py:137} INFO - [2023-03-09T09:32:30.391+0000] {dag.py:2690} INFO - Sync 1 DAGs
[2023-03-09T09:32:30.409+0000] {logging_mixin.py:137} INFO - [2023-03-09T09:32:30.409+0000] {dag.py:3441} INFO - Setting next_dagrun for example_task_group_decorator to 2023-03-08T09:32:30.409199+00:00, run_after=2023-03-09T09:32:30.409199+00:00
[2023-03-09T09:32:30.420+0000] {processor.py:175} INFO - Processing /home/airflow/.local/lib/python3.7/site-packages/airflow/example_dags/example_task_group_decorator.py took 0.069 seconds
[2023-03-09T09:33:00.599+0000] {processor.py:153} INFO - Started process (PID=1883) to work on /home/airflow/.local/lib/python3.7/site-packages/airflow/example_dags/example_task_group_decorator.py
[2023-03-09T09:33:00.601+0000] {processor.py:743} INFO - Processing file /home/airflow/.local/lib/python3.7/site-packages/airflow/example_dags/example_task_group_decorator.py for tasks to queue
[2023-03-09T09:33:00.602+0000] {logging_mixin.py:137} INFO - [2023-03-09T09:33:00.602+0000] {dagbag.py:538} INFO - Filling up the DagBag from /home/airflow/.local/lib/python3.7/site-packages/airflow/example_dags/example_task_group_decorator.py
[2023-03-09T09:33:00.624+0000] {processor.py:753} INFO - DAG(s) dict_keys(['example_task_group_decorator']) retrieved from /home/airflow/.local/lib/python3.7/site-packages/airflow/example_dags/example_task_group_decorator.py
[2023-03-09T09:33:00.643+0000] {logging_mixin.py:137} INFO - [2023-03-09T09:33:00.643+0000] {dag.py:2690} INFO - Sync 1 DAGs
[2023-03-09T09:33:00.659+0000] {logging_mixin.py:137} INFO - [2023-03-09T09:33:00.659+0000] {dag.py:3441} INFO - Setting next_dagrun for example_task_group_decorator to 2023-03-08T09:33:00.658965+00:00, run_after=2023-03-09T09:33:00.658965+00:00
[2023-03-09T09:33:00.671+0000] {processor.py:175} INFO - Processing /home/airflow/.local/lib/python3.7/site-packages/airflow/example_dags/example_task_group_decorator.py took 0.075 seconds
[2023-03-09T09:33:30.835+0000] {processor.py:153} INFO - Started process (PID=1962) to work on /home/airflow/.local/lib/python3.7/site-packages/airflow/example_dags/example_task_group_decorator.py
[2023-03-09T09:33:30.837+0000] {processor.py:743} INFO - Processing file /home/airflow/.local/lib/python3.7/site-packages/airflow/example_dags/example_task_group_decorator.py for tasks to queue
[2023-03-09T09:33:30.838+0000] {logging_mixin.py:137} INFO - [2023-03-09T09:33:30.838+0000] {dagbag.py:538} INFO - Filling up the DagBag from /home/airflow/.local/lib/python3.7/site-packages/airflow/example_dags/example_task_group_decorator.py
[2023-03-09T09:33:30.858+0000] {processor.py:753} INFO - DAG(s) dict_keys(['example_task_group_decorator']) retrieved from /home/airflow/.local/lib/python3.7/site-packages/airflow/example_dags/example_task_group_decorator.py
[2023-03-09T09:33:30.879+0000] {logging_mixin.py:137} INFO - [2023-03-09T09:33:30.879+0000] {dag.py:2690} INFO - Sync 1 DAGs
[2023-03-09T09:33:30.894+0000] {logging_mixin.py:137} INFO - [2023-03-09T09:33:30.894+0000] {dag.py:3441} INFO - Setting next_dagrun for example_task_group_decorator to 2023-03-08T09:33:30.894019+00:00, run_after=2023-03-09T09:33:30.894019+00:00
[2023-03-09T09:33:30.907+0000] {processor.py:175} INFO - Processing /home/airflow/.local/lib/python3.7/site-packages/airflow/example_dags/example_task_group_decorator.py took 0.074 seconds
[2023-03-09T09:34:01.218+0000] {processor.py:153} INFO - Started process (PID=2037) to work on /home/airflow/.local/lib/python3.7/site-packages/airflow/example_dags/example_task_group_decorator.py
[2023-03-09T09:34:01.220+0000] {processor.py:743} INFO - Processing file /home/airflow/.local/lib/python3.7/site-packages/airflow/example_dags/example_task_group_decorator.py for tasks to queue
[2023-03-09T09:34:01.221+0000] {logging_mixin.py:137} INFO - [2023-03-09T09:34:01.221+0000] {dagbag.py:538} INFO - Filling up the DagBag from /home/airflow/.local/lib/python3.7/site-packages/airflow/example_dags/example_task_group_decorator.py
[2023-03-09T09:34:01.243+0000] {processor.py:753} INFO - DAG(s) dict_keys(['example_task_group_decorator']) retrieved from /home/airflow/.local/lib/python3.7/site-packages/airflow/example_dags/example_task_group_decorator.py
[2023-03-09T09:34:01.264+0000] {logging_mixin.py:137} INFO - [2023-03-09T09:34:01.264+0000] {dag.py:2690} INFO - Sync 1 DAGs
[2023-03-09T09:34:01.284+0000] {logging_mixin.py:137} INFO - [2023-03-09T09:34:01.284+0000] {dag.py:3441} INFO - Setting next_dagrun for example_task_group_decorator to 2023-03-08T09:34:01.283868+00:00, run_after=2023-03-09T09:34:01.283868+00:00
[2023-03-09T09:34:01.298+0000] {processor.py:175} INFO - Processing /home/airflow/.local/lib/python3.7/site-packages/airflow/example_dags/example_task_group_decorator.py took 0.083 seconds
[2023-03-09T09:34:31.529+0000] {processor.py:153} INFO - Started process (PID=2099) to work on /home/airflow/.local/lib/python3.7/site-packages/airflow/example_dags/example_task_group_decorator.py
[2023-03-09T09:34:31.531+0000] {processor.py:743} INFO - Processing file /home/airflow/.local/lib/python3.7/site-packages/airflow/example_dags/example_task_group_decorator.py for tasks to queue
[2023-03-09T09:34:31.533+0000] {logging_mixin.py:137} INFO - [2023-03-09T09:34:31.533+0000] {dagbag.py:538} INFO - Filling up the DagBag from /home/airflow/.local/lib/python3.7/site-packages/airflow/example_dags/example_task_group_decorator.py
[2023-03-09T09:34:31.558+0000] {processor.py:753} INFO - DAG(s) dict_keys(['example_task_group_decorator']) retrieved from /home/airflow/.local/lib/python3.7/site-packages/airflow/example_dags/example_task_group_decorator.py
[2023-03-09T09:34:31.578+0000] {logging_mixin.py:137} INFO - [2023-03-09T09:34:31.578+0000] {dag.py:2690} INFO - Sync 1 DAGs
[2023-03-09T09:34:31.596+0000] {logging_mixin.py:137} INFO - [2023-03-09T09:34:31.596+0000] {dag.py:3441} INFO - Setting next_dagrun for example_task_group_decorator to 2023-03-08T09:34:31.596546+00:00, run_after=2023-03-09T09:34:31.596546+00:00
[2023-03-09T09:34:31.610+0000] {processor.py:175} INFO - Processing /home/airflow/.local/lib/python3.7/site-packages/airflow/example_dags/example_task_group_decorator.py took 0.086 seconds
[2023-03-09T09:35:01.749+0000] {processor.py:153} INFO - Started process (PID=2176) to work on /home/airflow/.local/lib/python3.7/site-packages/airflow/example_dags/example_task_group_decorator.py
[2023-03-09T09:35:01.751+0000] {processor.py:743} INFO - Processing file /home/airflow/.local/lib/python3.7/site-packages/airflow/example_dags/example_task_group_decorator.py for tasks to queue
[2023-03-09T09:35:01.752+0000] {logging_mixin.py:137} INFO - [2023-03-09T09:35:01.752+0000] {dagbag.py:538} INFO - Filling up the DagBag from /home/airflow/.local/lib/python3.7/site-packages/airflow/example_dags/example_task_group_decorator.py
[2023-03-09T09:35:01.776+0000] {processor.py:753} INFO - DAG(s) dict_keys(['example_task_group_decorator']) retrieved from /home/airflow/.local/lib/python3.7/site-packages/airflow/example_dags/example_task_group_decorator.py
[2023-03-09T09:35:01.797+0000] {logging_mixin.py:137} INFO - [2023-03-09T09:35:01.797+0000] {dag.py:2690} INFO - Sync 1 DAGs
[2023-03-09T09:35:01.813+0000] {logging_mixin.py:137} INFO - [2023-03-09T09:35:01.813+0000] {dag.py:3441} INFO - Setting next_dagrun for example_task_group_decorator to 2023-03-08T09:35:01.813537+00:00, run_after=2023-03-09T09:35:01.813537+00:00
[2023-03-09T09:35:01.826+0000] {processor.py:175} INFO - Processing /home/airflow/.local/lib/python3.7/site-packages/airflow/example_dags/example_task_group_decorator.py took 0.080 seconds
[2023-03-09T09:35:32.006+0000] {processor.py:153} INFO - Started process (PID=2249) to work on /home/airflow/.local/lib/python3.7/site-packages/airflow/example_dags/example_task_group_decorator.py
[2023-03-09T09:35:32.008+0000] {processor.py:743} INFO - Processing file /home/airflow/.local/lib/python3.7/site-packages/airflow/example_dags/example_task_group_decorator.py for tasks to queue
[2023-03-09T09:35:32.010+0000] {logging_mixin.py:137} INFO - [2023-03-09T09:35:32.010+0000] {dagbag.py:538} INFO - Filling up the DagBag from /home/airflow/.local/lib/python3.7/site-packages/airflow/example_dags/example_task_group_decorator.py
[2023-03-09T09:35:32.048+0000] {processor.py:753} INFO - DAG(s) dict_keys(['example_task_group_decorator']) retrieved from /home/airflow/.local/lib/python3.7/site-packages/airflow/example_dags/example_task_group_decorator.py
[2023-03-09T09:35:32.077+0000] {logging_mixin.py:137} INFO - [2023-03-09T09:35:32.077+0000] {dag.py:2690} INFO - Sync 1 DAGs
[2023-03-09T09:35:32.110+0000] {logging_mixin.py:137} INFO - [2023-03-09T09:35:32.110+0000] {dag.py:3441} INFO - Setting next_dagrun for example_task_group_decorator to 2023-03-08T09:35:32.110109+00:00, run_after=2023-03-09T09:35:32.110109+00:00
[2023-03-09T09:35:32.134+0000] {processor.py:175} INFO - Processing /home/airflow/.local/lib/python3.7/site-packages/airflow/example_dags/example_task_group_decorator.py took 0.131 seconds
[2023-03-09T09:36:02.524+0000] {processor.py:153} INFO - Started process (PID=2318) to work on /home/airflow/.local/lib/python3.7/site-packages/airflow/example_dags/example_task_group_decorator.py
[2023-03-09T09:36:02.527+0000] {processor.py:743} INFO - Processing file /home/airflow/.local/lib/python3.7/site-packages/airflow/example_dags/example_task_group_decorator.py for tasks to queue
[2023-03-09T09:36:02.529+0000] {logging_mixin.py:137} INFO - [2023-03-09T09:36:02.528+0000] {dagbag.py:538} INFO - Filling up the DagBag from /home/airflow/.local/lib/python3.7/site-packages/airflow/example_dags/example_task_group_decorator.py
[2023-03-09T09:36:02.555+0000] {processor.py:753} INFO - DAG(s) dict_keys(['example_task_group_decorator']) retrieved from /home/airflow/.local/lib/python3.7/site-packages/airflow/example_dags/example_task_group_decorator.py
[2023-03-09T09:36:02.578+0000] {logging_mixin.py:137} INFO - [2023-03-09T09:36:02.577+0000] {dag.py:2690} INFO - Sync 1 DAGs
[2023-03-09T09:36:02.597+0000] {logging_mixin.py:137} INFO - [2023-03-09T09:36:02.597+0000] {dag.py:3441} INFO - Setting next_dagrun for example_task_group_decorator to 2023-03-08T09:36:02.597087+00:00, run_after=2023-03-09T09:36:02.597087+00:00
[2023-03-09T09:36:02.616+0000] {processor.py:175} INFO - Processing /home/airflow/.local/lib/python3.7/site-packages/airflow/example_dags/example_task_group_decorator.py took 0.102 seconds
[2023-03-09T09:36:32.860+0000] {processor.py:153} INFO - Started process (PID=2397) to work on /home/airflow/.local/lib/python3.7/site-packages/airflow/example_dags/example_task_group_decorator.py
[2023-03-09T09:36:32.862+0000] {processor.py:743} INFO - Processing file /home/airflow/.local/lib/python3.7/site-packages/airflow/example_dags/example_task_group_decorator.py for tasks to queue
[2023-03-09T09:36:32.863+0000] {logging_mixin.py:137} INFO - [2023-03-09T09:36:32.863+0000] {dagbag.py:538} INFO - Filling up the DagBag from /home/airflow/.local/lib/python3.7/site-packages/airflow/example_dags/example_task_group_decorator.py
[2023-03-09T09:36:32.883+0000] {processor.py:753} INFO - DAG(s) dict_keys(['example_task_group_decorator']) retrieved from /home/airflow/.local/lib/python3.7/site-packages/airflow/example_dags/example_task_group_decorator.py
[2023-03-09T09:36:32.909+0000] {logging_mixin.py:137} INFO - [2023-03-09T09:36:32.908+0000] {dag.py:2690} INFO - Sync 1 DAGs
[2023-03-09T09:36:32.927+0000] {logging_mixin.py:137} INFO - [2023-03-09T09:36:32.927+0000] {dag.py:3441} INFO - Setting next_dagrun for example_task_group_decorator to 2023-03-08T09:36:32.927147+00:00, run_after=2023-03-09T09:36:32.927147+00:00
[2023-03-09T09:36:32.944+0000] {processor.py:175} INFO - Processing /home/airflow/.local/lib/python3.7/site-packages/airflow/example_dags/example_task_group_decorator.py took 0.086 seconds
[2023-03-09T09:37:03.038+0000] {processor.py:153} INFO - Started process (PID=2462) to work on /home/airflow/.local/lib/python3.7/site-packages/airflow/example_dags/example_task_group_decorator.py
[2023-03-09T09:37:03.039+0000] {processor.py:743} INFO - Processing file /home/airflow/.local/lib/python3.7/site-packages/airflow/example_dags/example_task_group_decorator.py for tasks to queue
[2023-03-09T09:37:03.040+0000] {logging_mixin.py:137} INFO - [2023-03-09T09:37:03.040+0000] {dagbag.py:538} INFO - Filling up the DagBag from /home/airflow/.local/lib/python3.7/site-packages/airflow/example_dags/example_task_group_decorator.py
[2023-03-09T09:37:03.060+0000] {processor.py:753} INFO - DAG(s) dict_keys(['example_task_group_decorator']) retrieved from /home/airflow/.local/lib/python3.7/site-packages/airflow/example_dags/example_task_group_decorator.py
[2023-03-09T09:37:03.084+0000] {logging_mixin.py:137} INFO - [2023-03-09T09:37:03.084+0000] {dag.py:2690} INFO - Sync 1 DAGs
[2023-03-09T09:37:03.120+0000] {logging_mixin.py:137} INFO - [2023-03-09T09:37:03.120+0000] {dag.py:3441} INFO - Setting next_dagrun for example_task_group_decorator to 2023-03-08T09:37:03.119804+00:00, run_after=2023-03-09T09:37:03.119804+00:00
[2023-03-09T09:37:03.143+0000] {processor.py:175} INFO - Processing /home/airflow/.local/lib/python3.7/site-packages/airflow/example_dags/example_task_group_decorator.py took 0.108 seconds
[2023-03-09T09:37:33.479+0000] {processor.py:153} INFO - Started process (PID=2542) to work on /home/airflow/.local/lib/python3.7/site-packages/airflow/example_dags/example_task_group_decorator.py
[2023-03-09T09:37:33.481+0000] {processor.py:743} INFO - Processing file /home/airflow/.local/lib/python3.7/site-packages/airflow/example_dags/example_task_group_decorator.py for tasks to queue
[2023-03-09T09:37:33.482+0000] {logging_mixin.py:137} INFO - [2023-03-09T09:37:33.482+0000] {dagbag.py:538} INFO - Filling up the DagBag from /home/airflow/.local/lib/python3.7/site-packages/airflow/example_dags/example_task_group_decorator.py
[2023-03-09T09:37:33.501+0000] {processor.py:753} INFO - DAG(s) dict_keys(['example_task_group_decorator']) retrieved from /home/airflow/.local/lib/python3.7/site-packages/airflow/example_dags/example_task_group_decorator.py
[2023-03-09T09:37:33.523+0000] {logging_mixin.py:137} INFO - [2023-03-09T09:37:33.522+0000] {dag.py:2690} INFO - Sync 1 DAGs
[2023-03-09T09:37:33.541+0000] {logging_mixin.py:137} INFO - [2023-03-09T09:37:33.540+0000] {dag.py:3441} INFO - Setting next_dagrun for example_task_group_decorator to 2023-03-08T09:37:33.540757+00:00, run_after=2023-03-09T09:37:33.540757+00:00
[2023-03-09T09:37:33.554+0000] {processor.py:175} INFO - Processing /home/airflow/.local/lib/python3.7/site-packages/airflow/example_dags/example_task_group_decorator.py took 0.078 seconds
[2023-03-09T09:38:03.708+0000] {processor.py:153} INFO - Started process (PID=2624) to work on /home/airflow/.local/lib/python3.7/site-packages/airflow/example_dags/example_task_group_decorator.py
[2023-03-09T09:38:03.710+0000] {processor.py:743} INFO - Processing file /home/airflow/.local/lib/python3.7/site-packages/airflow/example_dags/example_task_group_decorator.py for tasks to queue
[2023-03-09T09:38:03.711+0000] {logging_mixin.py:137} INFO - [2023-03-09T09:38:03.711+0000] {dagbag.py:538} INFO - Filling up the DagBag from /home/airflow/.local/lib/python3.7/site-packages/airflow/example_dags/example_task_group_decorator.py
[2023-03-09T09:38:03.733+0000] {processor.py:753} INFO - DAG(s) dict_keys(['example_task_group_decorator']) retrieved from /home/airflow/.local/lib/python3.7/site-packages/airflow/example_dags/example_task_group_decorator.py
[2023-03-09T09:38:03.751+0000] {logging_mixin.py:137} INFO - [2023-03-09T09:38:03.751+0000] {dag.py:2690} INFO - Sync 1 DAGs
[2023-03-09T09:38:03.766+0000] {logging_mixin.py:137} INFO - [2023-03-09T09:38:03.766+0000] {dag.py:3441} INFO - Setting next_dagrun for example_task_group_decorator to 2023-03-08T09:38:03.766573+00:00, run_after=2023-03-09T09:38:03.766573+00:00
[2023-03-09T09:38:03.783+0000] {processor.py:175} INFO - Processing /home/airflow/.local/lib/python3.7/site-packages/airflow/example_dags/example_task_group_decorator.py took 0.076 seconds
[2023-03-09T09:38:33.868+0000] {processor.py:153} INFO - Started process (PID=2686) to work on /home/airflow/.local/lib/python3.7/site-packages/airflow/example_dags/example_task_group_decorator.py
[2023-03-09T09:38:33.870+0000] {processor.py:743} INFO - Processing file /home/airflow/.local/lib/python3.7/site-packages/airflow/example_dags/example_task_group_decorator.py for tasks to queue
[2023-03-09T09:38:33.871+0000] {logging_mixin.py:137} INFO - [2023-03-09T09:38:33.871+0000] {dagbag.py:538} INFO - Filling up the DagBag from /home/airflow/.local/lib/python3.7/site-packages/airflow/example_dags/example_task_group_decorator.py
[2023-03-09T09:38:33.891+0000] {processor.py:753} INFO - DAG(s) dict_keys(['example_task_group_decorator']) retrieved from /home/airflow/.local/lib/python3.7/site-packages/airflow/example_dags/example_task_group_decorator.py
[2023-03-09T09:38:33.910+0000] {logging_mixin.py:137} INFO - [2023-03-09T09:38:33.910+0000] {dag.py:2690} INFO - Sync 1 DAGs
[2023-03-09T09:38:33.926+0000] {logging_mixin.py:137} INFO - [2023-03-09T09:38:33.926+0000] {dag.py:3441} INFO - Setting next_dagrun for example_task_group_decorator to 2023-03-08T09:38:33.926184+00:00, run_after=2023-03-09T09:38:33.926184+00:00
[2023-03-09T09:38:33.940+0000] {processor.py:175} INFO - Processing /home/airflow/.local/lib/python3.7/site-packages/airflow/example_dags/example_task_group_decorator.py took 0.074 seconds
[2023-03-09T09:39:04.174+0000] {processor.py:153} INFO - Started process (PID=2770) to work on /home/airflow/.local/lib/python3.7/site-packages/airflow/example_dags/example_task_group_decorator.py
[2023-03-09T09:39:04.176+0000] {processor.py:743} INFO - Processing file /home/airflow/.local/lib/python3.7/site-packages/airflow/example_dags/example_task_group_decorator.py for tasks to queue
[2023-03-09T09:39:04.177+0000] {logging_mixin.py:137} INFO - [2023-03-09T09:39:04.177+0000] {dagbag.py:538} INFO - Filling up the DagBag from /home/airflow/.local/lib/python3.7/site-packages/airflow/example_dags/example_task_group_decorator.py
[2023-03-09T09:39:04.205+0000] {processor.py:753} INFO - DAG(s) dict_keys(['example_task_group_decorator']) retrieved from /home/airflow/.local/lib/python3.7/site-packages/airflow/example_dags/example_task_group_decorator.py
[2023-03-09T09:39:04.225+0000] {logging_mixin.py:137} INFO - [2023-03-09T09:39:04.225+0000] {dag.py:2690} INFO - Sync 1 DAGs
[2023-03-09T09:39:04.240+0000] {logging_mixin.py:137} INFO - [2023-03-09T09:39:04.240+0000] {dag.py:3441} INFO - Setting next_dagrun for example_task_group_decorator to 2023-03-08T09:39:04.240220+00:00, run_after=2023-03-09T09:39:04.240220+00:00
[2023-03-09T09:39:04.252+0000] {processor.py:175} INFO - Processing /home/airflow/.local/lib/python3.7/site-packages/airflow/example_dags/example_task_group_decorator.py took 0.081 seconds
[2023-03-09T09:39:34.515+0000] {processor.py:153} INFO - Started process (PID=2852) to work on /home/airflow/.local/lib/python3.7/site-packages/airflow/example_dags/example_task_group_decorator.py
[2023-03-09T09:39:34.516+0000] {processor.py:743} INFO - Processing file /home/airflow/.local/lib/python3.7/site-packages/airflow/example_dags/example_task_group_decorator.py for tasks to queue
[2023-03-09T09:39:34.517+0000] {logging_mixin.py:137} INFO - [2023-03-09T09:39:34.517+0000] {dagbag.py:538} INFO - Filling up the DagBag from /home/airflow/.local/lib/python3.7/site-packages/airflow/example_dags/example_task_group_decorator.py
[2023-03-09T09:39:34.541+0000] {processor.py:753} INFO - DAG(s) dict_keys(['example_task_group_decorator']) retrieved from /home/airflow/.local/lib/python3.7/site-packages/airflow/example_dags/example_task_group_decorator.py
[2023-03-09T09:39:34.561+0000] {logging_mixin.py:137} INFO - [2023-03-09T09:39:34.561+0000] {dag.py:2690} INFO - Sync 1 DAGs
[2023-03-09T09:39:34.579+0000] {logging_mixin.py:137} INFO - [2023-03-09T09:39:34.578+0000] {dag.py:3441} INFO - Setting next_dagrun for example_task_group_decorator to 2023-03-08T09:39:34.578817+00:00, run_after=2023-03-09T09:39:34.578817+00:00
[2023-03-09T09:39:34.593+0000] {processor.py:175} INFO - Processing /home/airflow/.local/lib/python3.7/site-packages/airflow/example_dags/example_task_group_decorator.py took 0.083 seconds
[2023-03-09T09:40:04.732+0000] {processor.py:153} INFO - Started process (PID=2919) to work on /home/airflow/.local/lib/python3.7/site-packages/airflow/example_dags/example_task_group_decorator.py
[2023-03-09T09:40:04.733+0000] {processor.py:743} INFO - Processing file /home/airflow/.local/lib/python3.7/site-packages/airflow/example_dags/example_task_group_decorator.py for tasks to queue
[2023-03-09T09:40:04.734+0000] {logging_mixin.py:137} INFO - [2023-03-09T09:40:04.734+0000] {dagbag.py:538} INFO - Filling up the DagBag from /home/airflow/.local/lib/python3.7/site-packages/airflow/example_dags/example_task_group_decorator.py
[2023-03-09T09:40:04.752+0000] {processor.py:753} INFO - DAG(s) dict_keys(['example_task_group_decorator']) retrieved from /home/airflow/.local/lib/python3.7/site-packages/airflow/example_dags/example_task_group_decorator.py
[2023-03-09T09:40:04.769+0000] {logging_mixin.py:137} INFO - [2023-03-09T09:40:04.769+0000] {dag.py:2690} INFO - Sync 1 DAGs
[2023-03-09T09:40:04.784+0000] {logging_mixin.py:137} INFO - [2023-03-09T09:40:04.784+0000] {dag.py:3441} INFO - Setting next_dagrun for example_task_group_decorator to 2023-03-08T09:40:04.784019+00:00, run_after=2023-03-09T09:40:04.784019+00:00
[2023-03-09T09:40:04.797+0000] {processor.py:175} INFO - Processing /home/airflow/.local/lib/python3.7/site-packages/airflow/example_dags/example_task_group_decorator.py took 0.067 seconds
[2023-03-09T09:40:34.898+0000] {processor.py:153} INFO - Started process (PID=2997) to work on /home/airflow/.local/lib/python3.7/site-packages/airflow/example_dags/example_task_group_decorator.py
[2023-03-09T09:40:34.900+0000] {processor.py:743} INFO - Processing file /home/airflow/.local/lib/python3.7/site-packages/airflow/example_dags/example_task_group_decorator.py for tasks to queue
[2023-03-09T09:40:34.901+0000] {logging_mixin.py:137} INFO - [2023-03-09T09:40:34.901+0000] {dagbag.py:538} INFO - Filling up the DagBag from /home/airflow/.local/lib/python3.7/site-packages/airflow/example_dags/example_task_group_decorator.py
[2023-03-09T09:40:34.924+0000] {processor.py:753} INFO - DAG(s) dict_keys(['example_task_group_decorator']) retrieved from /home/airflow/.local/lib/python3.7/site-packages/airflow/example_dags/example_task_group_decorator.py
[2023-03-09T09:40:34.942+0000] {logging_mixin.py:137} INFO - [2023-03-09T09:40:34.942+0000] {dag.py:2690} INFO - Sync 1 DAGs
[2023-03-09T09:40:34.958+0000] {logging_mixin.py:137} INFO - [2023-03-09T09:40:34.958+0000] {dag.py:3441} INFO - Setting next_dagrun for example_task_group_decorator to 2023-03-08T09:40:34.958623+00:00, run_after=2023-03-09T09:40:34.958623+00:00
[2023-03-09T09:40:34.971+0000] {processor.py:175} INFO - Processing /home/airflow/.local/lib/python3.7/site-packages/airflow/example_dags/example_task_group_decorator.py took 0.076 seconds
[2023-03-09T09:41:05.081+0000] {processor.py:153} INFO - Started process (PID=3076) to work on /home/airflow/.local/lib/python3.7/site-packages/airflow/example_dags/example_task_group_decorator.py
[2023-03-09T09:41:05.086+0000] {processor.py:743} INFO - Processing file /home/airflow/.local/lib/python3.7/site-packages/airflow/example_dags/example_task_group_decorator.py for tasks to queue
[2023-03-09T09:41:05.088+0000] {logging_mixin.py:137} INFO - [2023-03-09T09:41:05.088+0000] {dagbag.py:538} INFO - Filling up the DagBag from /home/airflow/.local/lib/python3.7/site-packages/airflow/example_dags/example_task_group_decorator.py
[2023-03-09T09:41:05.139+0000] {processor.py:753} INFO - DAG(s) dict_keys(['example_task_group_decorator']) retrieved from /home/airflow/.local/lib/python3.7/site-packages/airflow/example_dags/example_task_group_decorator.py
[2023-03-09T09:41:05.178+0000] {logging_mixin.py:137} INFO - [2023-03-09T09:41:05.178+0000] {dag.py:2690} INFO - Sync 1 DAGs
[2023-03-09T09:41:05.219+0000] {logging_mixin.py:137} INFO - [2023-03-09T09:41:05.219+0000] {dag.py:3441} INFO - Setting next_dagrun for example_task_group_decorator to 2023-03-08T09:41:05.218994+00:00, run_after=2023-03-09T09:41:05.218994+00:00
[2023-03-09T09:41:05.273+0000] {processor.py:175} INFO - Processing /home/airflow/.local/lib/python3.7/site-packages/airflow/example_dags/example_task_group_decorator.py took 0.204 seconds
[2023-03-09T09:41:35.977+0000] {processor.py:153} INFO - Started process (PID=3142) to work on /home/airflow/.local/lib/python3.7/site-packages/airflow/example_dags/example_task_group_decorator.py
[2023-03-09T09:41:35.979+0000] {processor.py:743} INFO - Processing file /home/airflow/.local/lib/python3.7/site-packages/airflow/example_dags/example_task_group_decorator.py for tasks to queue
[2023-03-09T09:41:35.980+0000] {logging_mixin.py:137} INFO - [2023-03-09T09:41:35.980+0000] {dagbag.py:538} INFO - Filling up the DagBag from /home/airflow/.local/lib/python3.7/site-packages/airflow/example_dags/example_task_group_decorator.py
[2023-03-09T09:41:35.999+0000] {processor.py:753} INFO - DAG(s) dict_keys(['example_task_group_decorator']) retrieved from /home/airflow/.local/lib/python3.7/site-packages/airflow/example_dags/example_task_group_decorator.py
[2023-03-09T09:41:36.017+0000] {logging_mixin.py:137} INFO - [2023-03-09T09:41:36.017+0000] {dag.py:2690} INFO - Sync 1 DAGs
[2023-03-09T09:41:36.035+0000] {logging_mixin.py:137} INFO - [2023-03-09T09:41:36.034+0000] {dag.py:3441} INFO - Setting next_dagrun for example_task_group_decorator to 2023-03-08T09:41:36.034720+00:00, run_after=2023-03-09T09:41:36.034720+00:00
[2023-03-09T09:41:36.046+0000] {processor.py:175} INFO - Processing /home/airflow/.local/lib/python3.7/site-packages/airflow/example_dags/example_task_group_decorator.py took 0.072 seconds
[2023-03-09T09:42:06.560+0000] {processor.py:153} INFO - Started process (PID=3220) to work on /home/airflow/.local/lib/python3.7/site-packages/airflow/example_dags/example_task_group_decorator.py
[2023-03-09T09:42:06.562+0000] {processor.py:743} INFO - Processing file /home/airflow/.local/lib/python3.7/site-packages/airflow/example_dags/example_task_group_decorator.py for tasks to queue
[2023-03-09T09:42:06.563+0000] {logging_mixin.py:137} INFO - [2023-03-09T09:42:06.563+0000] {dagbag.py:538} INFO - Filling up the DagBag from /home/airflow/.local/lib/python3.7/site-packages/airflow/example_dags/example_task_group_decorator.py
[2023-03-09T09:42:06.587+0000] {processor.py:753} INFO - DAG(s) dict_keys(['example_task_group_decorator']) retrieved from /home/airflow/.local/lib/python3.7/site-packages/airflow/example_dags/example_task_group_decorator.py
[2023-03-09T09:42:06.607+0000] {logging_mixin.py:137} INFO - [2023-03-09T09:42:06.607+0000] {dag.py:2690} INFO - Sync 1 DAGs
[2023-03-09T09:42:06.627+0000] {logging_mixin.py:137} INFO - [2023-03-09T09:42:06.627+0000] {dag.py:3441} INFO - Setting next_dagrun for example_task_group_decorator to 2023-03-08T09:42:06.627483+00:00, run_after=2023-03-09T09:42:06.627483+00:00
[2023-03-09T09:42:06.640+0000] {processor.py:175} INFO - Processing /home/airflow/.local/lib/python3.7/site-packages/airflow/example_dags/example_task_group_decorator.py took 0.084 seconds
[2023-03-09T09:42:36.868+0000] {processor.py:153} INFO - Started process (PID=3287) to work on /home/airflow/.local/lib/python3.7/site-packages/airflow/example_dags/example_task_group_decorator.py
[2023-03-09T09:42:36.870+0000] {processor.py:743} INFO - Processing file /home/airflow/.local/lib/python3.7/site-packages/airflow/example_dags/example_task_group_decorator.py for tasks to queue
[2023-03-09T09:42:36.872+0000] {logging_mixin.py:137} INFO - [2023-03-09T09:42:36.872+0000] {dagbag.py:538} INFO - Filling up the DagBag from /home/airflow/.local/lib/python3.7/site-packages/airflow/example_dags/example_task_group_decorator.py
[2023-03-09T09:42:36.893+0000] {processor.py:753} INFO - DAG(s) dict_keys(['example_task_group_decorator']) retrieved from /home/airflow/.local/lib/python3.7/site-packages/airflow/example_dags/example_task_group_decorator.py
[2023-03-09T09:42:36.913+0000] {logging_mixin.py:137} INFO - [2023-03-09T09:42:36.912+0000] {dag.py:2690} INFO - Sync 1 DAGs
[2023-03-09T09:42:36.930+0000] {logging_mixin.py:137} INFO - [2023-03-09T09:42:36.930+0000] {dag.py:3441} INFO - Setting next_dagrun for example_task_group_decorator to 2023-03-08T09:42:36.930184+00:00, run_after=2023-03-09T09:42:36.930184+00:00
[2023-03-09T09:42:36.944+0000] {processor.py:175} INFO - Processing /home/airflow/.local/lib/python3.7/site-packages/airflow/example_dags/example_task_group_decorator.py took 0.078 seconds
[2023-03-09T09:43:07.376+0000] {processor.py:153} INFO - Started process (PID=3365) to work on /home/airflow/.local/lib/python3.7/site-packages/airflow/example_dags/example_task_group_decorator.py
[2023-03-09T09:43:07.378+0000] {processor.py:743} INFO - Processing file /home/airflow/.local/lib/python3.7/site-packages/airflow/example_dags/example_task_group_decorator.py for tasks to queue
[2023-03-09T09:43:07.379+0000] {logging_mixin.py:137} INFO - [2023-03-09T09:43:07.379+0000] {dagbag.py:538} INFO - Filling up the DagBag from /home/airflow/.local/lib/python3.7/site-packages/airflow/example_dags/example_task_group_decorator.py
[2023-03-09T09:43:07.403+0000] {processor.py:753} INFO - DAG(s) dict_keys(['example_task_group_decorator']) retrieved from /home/airflow/.local/lib/python3.7/site-packages/airflow/example_dags/example_task_group_decorator.py
[2023-03-09T09:43:07.426+0000] {logging_mixin.py:137} INFO - [2023-03-09T09:43:07.426+0000] {dag.py:2690} INFO - Sync 1 DAGs
[2023-03-09T09:43:07.442+0000] {logging_mixin.py:137} INFO - [2023-03-09T09:43:07.442+0000] {dag.py:3441} INFO - Setting next_dagrun for example_task_group_decorator to 2023-03-08T09:43:07.441951+00:00, run_after=2023-03-09T09:43:07.441951+00:00
[2023-03-09T09:43:07.454+0000] {processor.py:175} INFO - Processing /home/airflow/.local/lib/python3.7/site-packages/airflow/example_dags/example_task_group_decorator.py took 0.081 seconds
[2023-03-09T09:43:37.709+0000] {processor.py:153} INFO - Started process (PID=3448) to work on /home/airflow/.local/lib/python3.7/site-packages/airflow/example_dags/example_task_group_decorator.py
[2023-03-09T09:43:37.710+0000] {processor.py:743} INFO - Processing file /home/airflow/.local/lib/python3.7/site-packages/airflow/example_dags/example_task_group_decorator.py for tasks to queue
[2023-03-09T09:43:37.711+0000] {logging_mixin.py:137} INFO - [2023-03-09T09:43:37.711+0000] {dagbag.py:538} INFO - Filling up the DagBag from /home/airflow/.local/lib/python3.7/site-packages/airflow/example_dags/example_task_group_decorator.py
[2023-03-09T09:43:37.741+0000] {processor.py:753} INFO - DAG(s) dict_keys(['example_task_group_decorator']) retrieved from /home/airflow/.local/lib/python3.7/site-packages/airflow/example_dags/example_task_group_decorator.py
[2023-03-09T09:43:37.761+0000] {logging_mixin.py:137} INFO - [2023-03-09T09:43:37.761+0000] {dag.py:2690} INFO - Sync 1 DAGs
[2023-03-09T09:43:37.781+0000] {logging_mixin.py:137} INFO - [2023-03-09T09:43:37.781+0000] {dag.py:3441} INFO - Setting next_dagrun for example_task_group_decorator to 2023-03-08T09:43:37.780851+00:00, run_after=2023-03-09T09:43:37.780851+00:00
[2023-03-09T09:43:37.794+0000] {processor.py:175} INFO - Processing /home/airflow/.local/lib/python3.7/site-packages/airflow/example_dags/example_task_group_decorator.py took 0.089 seconds
[2023-03-09T09:44:07.994+0000] {processor.py:153} INFO - Started process (PID=3514) to work on /home/airflow/.local/lib/python3.7/site-packages/airflow/example_dags/example_task_group_decorator.py
[2023-03-09T09:44:07.996+0000] {processor.py:743} INFO - Processing file /home/airflow/.local/lib/python3.7/site-packages/airflow/example_dags/example_task_group_decorator.py for tasks to queue
[2023-03-09T09:44:07.997+0000] {logging_mixin.py:137} INFO - [2023-03-09T09:44:07.997+0000] {dagbag.py:538} INFO - Filling up the DagBag from /home/airflow/.local/lib/python3.7/site-packages/airflow/example_dags/example_task_group_decorator.py
[2023-03-09T09:44:08.016+0000] {processor.py:753} INFO - DAG(s) dict_keys(['example_task_group_decorator']) retrieved from /home/airflow/.local/lib/python3.7/site-packages/airflow/example_dags/example_task_group_decorator.py
[2023-03-09T09:44:08.034+0000] {logging_mixin.py:137} INFO - [2023-03-09T09:44:08.034+0000] {dag.py:2690} INFO - Sync 1 DAGs
[2023-03-09T09:44:08.050+0000] {logging_mixin.py:137} INFO - [2023-03-09T09:44:08.049+0000] {dag.py:3441} INFO - Setting next_dagrun for example_task_group_decorator to 2023-03-08T09:44:08.049855+00:00, run_after=2023-03-09T09:44:08.049855+00:00
[2023-03-09T09:44:08.062+0000] {processor.py:175} INFO - Processing /home/airflow/.local/lib/python3.7/site-packages/airflow/example_dags/example_task_group_decorator.py took 0.070 seconds
[2023-03-09T09:44:38.310+0000] {processor.py:153} INFO - Started process (PID=3596) to work on /home/airflow/.local/lib/python3.7/site-packages/airflow/example_dags/example_task_group_decorator.py
[2023-03-09T09:44:38.311+0000] {processor.py:743} INFO - Processing file /home/airflow/.local/lib/python3.7/site-packages/airflow/example_dags/example_task_group_decorator.py for tasks to queue
[2023-03-09T09:44:38.312+0000] {logging_mixin.py:137} INFO - [2023-03-09T09:44:38.312+0000] {dagbag.py:538} INFO - Filling up the DagBag from /home/airflow/.local/lib/python3.7/site-packages/airflow/example_dags/example_task_group_decorator.py
[2023-03-09T09:44:38.332+0000] {processor.py:753} INFO - DAG(s) dict_keys(['example_task_group_decorator']) retrieved from /home/airflow/.local/lib/python3.7/site-packages/airflow/example_dags/example_task_group_decorator.py
[2023-03-09T09:44:38.352+0000] {logging_mixin.py:137} INFO - [2023-03-09T09:44:38.352+0000] {dag.py:2690} INFO - Sync 1 DAGs
[2023-03-09T09:44:38.368+0000] {logging_mixin.py:137} INFO - [2023-03-09T09:44:38.368+0000] {dag.py:3441} INFO - Setting next_dagrun for example_task_group_decorator to 2023-03-08T09:44:38.368482+00:00, run_after=2023-03-09T09:44:38.368482+00:00
[2023-03-09T09:44:38.383+0000] {processor.py:175} INFO - Processing /home/airflow/.local/lib/python3.7/site-packages/airflow/example_dags/example_task_group_decorator.py took 0.077 seconds
[2023-03-09T09:45:08.621+0000] {processor.py:153} INFO - Started process (PID=3674) to work on /home/airflow/.local/lib/python3.7/site-packages/airflow/example_dags/example_task_group_decorator.py
[2023-03-09T09:45:08.622+0000] {processor.py:743} INFO - Processing file /home/airflow/.local/lib/python3.7/site-packages/airflow/example_dags/example_task_group_decorator.py for tasks to queue
[2023-03-09T09:45:08.623+0000] {logging_mixin.py:137} INFO - [2023-03-09T09:45:08.623+0000] {dagbag.py:538} INFO - Filling up the DagBag from /home/airflow/.local/lib/python3.7/site-packages/airflow/example_dags/example_task_group_decorator.py
[2023-03-09T09:45:08.641+0000] {processor.py:753} INFO - DAG(s) dict_keys(['example_task_group_decorator']) retrieved from /home/airflow/.local/lib/python3.7/site-packages/airflow/example_dags/example_task_group_decorator.py
[2023-03-09T09:45:08.659+0000] {logging_mixin.py:137} INFO - [2023-03-09T09:45:08.659+0000] {dag.py:2690} INFO - Sync 1 DAGs
[2023-03-09T09:45:08.675+0000] {logging_mixin.py:137} INFO - [2023-03-09T09:45:08.675+0000] {dag.py:3441} INFO - Setting next_dagrun for example_task_group_decorator to 2023-03-08T09:45:08.675026+00:00, run_after=2023-03-09T09:45:08.675026+00:00
[2023-03-09T09:45:08.687+0000] {processor.py:175} INFO - Processing /home/airflow/.local/lib/python3.7/site-packages/airflow/example_dags/example_task_group_decorator.py took 0.069 seconds
[2023-03-09T09:45:38.982+0000] {processor.py:153} INFO - Started process (PID=3740) to work on /home/airflow/.local/lib/python3.7/site-packages/airflow/example_dags/example_task_group_decorator.py
[2023-03-09T09:45:38.984+0000] {processor.py:743} INFO - Processing file /home/airflow/.local/lib/python3.7/site-packages/airflow/example_dags/example_task_group_decorator.py for tasks to queue
[2023-03-09T09:45:38.984+0000] {logging_mixin.py:137} INFO - [2023-03-09T09:45:38.984+0000] {dagbag.py:538} INFO - Filling up the DagBag from /home/airflow/.local/lib/python3.7/site-packages/airflow/example_dags/example_task_group_decorator.py
[2023-03-09T09:45:39.004+0000] {processor.py:753} INFO - DAG(s) dict_keys(['example_task_group_decorator']) retrieved from /home/airflow/.local/lib/python3.7/site-packages/airflow/example_dags/example_task_group_decorator.py
[2023-03-09T09:45:39.022+0000] {logging_mixin.py:137} INFO - [2023-03-09T09:45:39.022+0000] {dag.py:2690} INFO - Sync 1 DAGs
[2023-03-09T09:45:39.038+0000] {logging_mixin.py:137} INFO - [2023-03-09T09:45:39.038+0000] {dag.py:3441} INFO - Setting next_dagrun for example_task_group_decorator to 2023-03-08T09:45:39.038040+00:00, run_after=2023-03-09T09:45:39.038040+00:00
[2023-03-09T09:45:39.050+0000] {processor.py:175} INFO - Processing /home/airflow/.local/lib/python3.7/site-packages/airflow/example_dags/example_task_group_decorator.py took 0.070 seconds
[2023-03-09T09:46:09.136+0000] {processor.py:153} INFO - Started process (PID=3824) to work on /home/airflow/.local/lib/python3.7/site-packages/airflow/example_dags/example_task_group_decorator.py
[2023-03-09T09:46:09.137+0000] {processor.py:743} INFO - Processing file /home/airflow/.local/lib/python3.7/site-packages/airflow/example_dags/example_task_group_decorator.py for tasks to queue
[2023-03-09T09:46:09.138+0000] {logging_mixin.py:137} INFO - [2023-03-09T09:46:09.138+0000] {dagbag.py:538} INFO - Filling up the DagBag from /home/airflow/.local/lib/python3.7/site-packages/airflow/example_dags/example_task_group_decorator.py
[2023-03-09T09:46:09.157+0000] {processor.py:753} INFO - DAG(s) dict_keys(['example_task_group_decorator']) retrieved from /home/airflow/.local/lib/python3.7/site-packages/airflow/example_dags/example_task_group_decorator.py
[2023-03-09T09:46:09.176+0000] {logging_mixin.py:137} INFO - [2023-03-09T09:46:09.176+0000] {dag.py:2690} INFO - Sync 1 DAGs
[2023-03-09T09:46:09.192+0000] {logging_mixin.py:137} INFO - [2023-03-09T09:46:09.192+0000] {dag.py:3441} INFO - Setting next_dagrun for example_task_group_decorator to 2023-03-08T09:46:09.192408+00:00, run_after=2023-03-09T09:46:09.192408+00:00
[2023-03-09T09:46:09.204+0000] {processor.py:175} INFO - Processing /home/airflow/.local/lib/python3.7/site-packages/airflow/example_dags/example_task_group_decorator.py took 0.071 seconds
[2023-03-09T09:46:39.531+0000] {processor.py:153} INFO - Started process (PID=3904) to work on /home/airflow/.local/lib/python3.7/site-packages/airflow/example_dags/example_task_group_decorator.py
[2023-03-09T09:46:39.533+0000] {processor.py:743} INFO - Processing file /home/airflow/.local/lib/python3.7/site-packages/airflow/example_dags/example_task_group_decorator.py for tasks to queue
[2023-03-09T09:46:39.535+0000] {logging_mixin.py:137} INFO - [2023-03-09T09:46:39.535+0000] {dagbag.py:538} INFO - Filling up the DagBag from /home/airflow/.local/lib/python3.7/site-packages/airflow/example_dags/example_task_group_decorator.py
[2023-03-09T09:46:39.556+0000] {processor.py:753} INFO - DAG(s) dict_keys(['example_task_group_decorator']) retrieved from /home/airflow/.local/lib/python3.7/site-packages/airflow/example_dags/example_task_group_decorator.py
[2023-03-09T09:46:39.580+0000] {logging_mixin.py:137} INFO - [2023-03-09T09:46:39.579+0000] {dag.py:2690} INFO - Sync 1 DAGs
[2023-03-09T09:46:39.598+0000] {logging_mixin.py:137} INFO - [2023-03-09T09:46:39.598+0000] {dag.py:3441} INFO - Setting next_dagrun for example_task_group_decorator to 2023-03-08T09:46:39.597941+00:00, run_after=2023-03-09T09:46:39.597941+00:00
[2023-03-09T09:46:39.620+0000] {processor.py:175} INFO - Processing /home/airflow/.local/lib/python3.7/site-packages/airflow/example_dags/example_task_group_decorator.py took 0.092 seconds
[2023-03-09T09:47:09.976+0000] {processor.py:153} INFO - Started process (PID=3972) to work on /home/airflow/.local/lib/python3.7/site-packages/airflow/example_dags/example_task_group_decorator.py
[2023-03-09T09:47:09.978+0000] {processor.py:743} INFO - Processing file /home/airflow/.local/lib/python3.7/site-packages/airflow/example_dags/example_task_group_decorator.py for tasks to queue
[2023-03-09T09:47:09.979+0000] {logging_mixin.py:137} INFO - [2023-03-09T09:47:09.979+0000] {dagbag.py:538} INFO - Filling up the DagBag from /home/airflow/.local/lib/python3.7/site-packages/airflow/example_dags/example_task_group_decorator.py
[2023-03-09T09:47:10.002+0000] {processor.py:753} INFO - DAG(s) dict_keys(['example_task_group_decorator']) retrieved from /home/airflow/.local/lib/python3.7/site-packages/airflow/example_dags/example_task_group_decorator.py
[2023-03-09T09:47:10.019+0000] {logging_mixin.py:137} INFO - [2023-03-09T09:47:10.019+0000] {dag.py:2690} INFO - Sync 1 DAGs
[2023-03-09T09:47:10.034+0000] {logging_mixin.py:137} INFO - [2023-03-09T09:47:10.034+0000] {dag.py:3441} INFO - Setting next_dagrun for example_task_group_decorator to 2023-03-08T09:47:10.034557+00:00, run_after=2023-03-09T09:47:10.034557+00:00
[2023-03-09T09:47:10.046+0000] {processor.py:175} INFO - Processing /home/airflow/.local/lib/python3.7/site-packages/airflow/example_dags/example_task_group_decorator.py took 0.072 seconds
[2023-03-09T09:47:40.399+0000] {processor.py:153} INFO - Started process (PID=4051) to work on /home/airflow/.local/lib/python3.7/site-packages/airflow/example_dags/example_task_group_decorator.py
[2023-03-09T09:47:40.401+0000] {processor.py:743} INFO - Processing file /home/airflow/.local/lib/python3.7/site-packages/airflow/example_dags/example_task_group_decorator.py for tasks to queue
[2023-03-09T09:47:40.402+0000] {logging_mixin.py:137} INFO - [2023-03-09T09:47:40.402+0000] {dagbag.py:538} INFO - Filling up the DagBag from /home/airflow/.local/lib/python3.7/site-packages/airflow/example_dags/example_task_group_decorator.py
[2023-03-09T09:47:40.420+0000] {processor.py:753} INFO - DAG(s) dict_keys(['example_task_group_decorator']) retrieved from /home/airflow/.local/lib/python3.7/site-packages/airflow/example_dags/example_task_group_decorator.py
[2023-03-09T09:47:40.436+0000] {logging_mixin.py:137} INFO - [2023-03-09T09:47:40.436+0000] {dag.py:2690} INFO - Sync 1 DAGs
[2023-03-09T09:47:40.452+0000] {logging_mixin.py:137} INFO - [2023-03-09T09:47:40.452+0000] {dag.py:3441} INFO - Setting next_dagrun for example_task_group_decorator to 2023-03-08T09:47:40.452503+00:00, run_after=2023-03-09T09:47:40.452503+00:00
[2023-03-09T09:47:40.464+0000] {processor.py:175} INFO - Processing /home/airflow/.local/lib/python3.7/site-packages/airflow/example_dags/example_task_group_decorator.py took 0.068 seconds
[2023-03-09T09:48:10.626+0000] {processor.py:153} INFO - Started process (PID=4115) to work on /home/airflow/.local/lib/python3.7/site-packages/airflow/example_dags/example_task_group_decorator.py
[2023-03-09T09:48:10.627+0000] {processor.py:743} INFO - Processing file /home/airflow/.local/lib/python3.7/site-packages/airflow/example_dags/example_task_group_decorator.py for tasks to queue
[2023-03-09T09:48:10.629+0000] {logging_mixin.py:137} INFO - [2023-03-09T09:48:10.628+0000] {dagbag.py:538} INFO - Filling up the DagBag from /home/airflow/.local/lib/python3.7/site-packages/airflow/example_dags/example_task_group_decorator.py
[2023-03-09T09:48:10.647+0000] {processor.py:753} INFO - DAG(s) dict_keys(['example_task_group_decorator']) retrieved from /home/airflow/.local/lib/python3.7/site-packages/airflow/example_dags/example_task_group_decorator.py
[2023-03-09T09:48:10.665+0000] {logging_mixin.py:137} INFO - [2023-03-09T09:48:10.665+0000] {dag.py:2690} INFO - Sync 1 DAGs
[2023-03-09T09:48:10.681+0000] {logging_mixin.py:137} INFO - [2023-03-09T09:48:10.681+0000] {dag.py:3441} INFO - Setting next_dagrun for example_task_group_decorator to 2023-03-08T09:48:10.681396+00:00, run_after=2023-03-09T09:48:10.681396+00:00
[2023-03-09T09:48:10.693+0000] {processor.py:175} INFO - Processing /home/airflow/.local/lib/python3.7/site-packages/airflow/example_dags/example_task_group_decorator.py took 0.069 seconds
[2023-03-09T09:48:41.022+0000] {processor.py:153} INFO - Started process (PID=4190) to work on /home/airflow/.local/lib/python3.7/site-packages/airflow/example_dags/example_task_group_decorator.py
[2023-03-09T09:48:41.024+0000] {processor.py:743} INFO - Processing file /home/airflow/.local/lib/python3.7/site-packages/airflow/example_dags/example_task_group_decorator.py for tasks to queue
[2023-03-09T09:48:41.025+0000] {logging_mixin.py:137} INFO - [2023-03-09T09:48:41.025+0000] {dagbag.py:538} INFO - Filling up the DagBag from /home/airflow/.local/lib/python3.7/site-packages/airflow/example_dags/example_task_group_decorator.py
[2023-03-09T09:48:41.047+0000] {processor.py:753} INFO - DAG(s) dict_keys(['example_task_group_decorator']) retrieved from /home/airflow/.local/lib/python3.7/site-packages/airflow/example_dags/example_task_group_decorator.py
[2023-03-09T09:48:41.066+0000] {logging_mixin.py:137} INFO - [2023-03-09T09:48:41.066+0000] {dag.py:2690} INFO - Sync 1 DAGs
[2023-03-09T09:48:41.082+0000] {logging_mixin.py:137} INFO - [2023-03-09T09:48:41.082+0000] {dag.py:3441} INFO - Setting next_dagrun for example_task_group_decorator to 2023-03-08T09:48:41.082506+00:00, run_after=2023-03-09T09:48:41.082506+00:00
[2023-03-09T09:48:41.094+0000] {processor.py:175} INFO - Processing /home/airflow/.local/lib/python3.7/site-packages/airflow/example_dags/example_task_group_decorator.py took 0.075 seconds
[2023-03-09T09:49:11.499+0000] {processor.py:153} INFO - Started process (PID=4274) to work on /home/airflow/.local/lib/python3.7/site-packages/airflow/example_dags/example_task_group_decorator.py
[2023-03-09T09:49:11.501+0000] {processor.py:743} INFO - Processing file /home/airflow/.local/lib/python3.7/site-packages/airflow/example_dags/example_task_group_decorator.py for tasks to queue
[2023-03-09T09:49:11.502+0000] {logging_mixin.py:137} INFO - [2023-03-09T09:49:11.502+0000] {dagbag.py:538} INFO - Filling up the DagBag from /home/airflow/.local/lib/python3.7/site-packages/airflow/example_dags/example_task_group_decorator.py
[2023-03-09T09:49:11.520+0000] {processor.py:753} INFO - DAG(s) dict_keys(['example_task_group_decorator']) retrieved from /home/airflow/.local/lib/python3.7/site-packages/airflow/example_dags/example_task_group_decorator.py
[2023-03-09T09:49:11.537+0000] {logging_mixin.py:137} INFO - [2023-03-09T09:49:11.537+0000] {dag.py:2690} INFO - Sync 1 DAGs
[2023-03-09T09:49:11.551+0000] {logging_mixin.py:137} INFO - [2023-03-09T09:49:11.551+0000] {dag.py:3441} INFO - Setting next_dagrun for example_task_group_decorator to 2023-03-08T09:49:11.551630+00:00, run_after=2023-03-09T09:49:11.551630+00:00
[2023-03-09T09:49:11.563+0000] {processor.py:175} INFO - Processing /home/airflow/.local/lib/python3.7/site-packages/airflow/example_dags/example_task_group_decorator.py took 0.066 seconds
[2023-03-09T09:49:41.643+0000] {processor.py:153} INFO - Started process (PID=4341) to work on /home/airflow/.local/lib/python3.7/site-packages/airflow/example_dags/example_task_group_decorator.py
[2023-03-09T09:49:41.645+0000] {processor.py:743} INFO - Processing file /home/airflow/.local/lib/python3.7/site-packages/airflow/example_dags/example_task_group_decorator.py for tasks to queue
[2023-03-09T09:49:41.646+0000] {logging_mixin.py:137} INFO - [2023-03-09T09:49:41.646+0000] {dagbag.py:538} INFO - Filling up the DagBag from /home/airflow/.local/lib/python3.7/site-packages/airflow/example_dags/example_task_group_decorator.py
[2023-03-09T09:49:41.666+0000] {processor.py:753} INFO - DAG(s) dict_keys(['example_task_group_decorator']) retrieved from /home/airflow/.local/lib/python3.7/site-packages/airflow/example_dags/example_task_group_decorator.py
[2023-03-09T09:49:41.689+0000] {logging_mixin.py:137} INFO - [2023-03-09T09:49:41.689+0000] {dag.py:2690} INFO - Sync 1 DAGs
[2023-03-09T09:49:41.707+0000] {logging_mixin.py:137} INFO - [2023-03-09T09:49:41.707+0000] {dag.py:3441} INFO - Setting next_dagrun for example_task_group_decorator to 2023-03-08T09:49:41.707007+00:00, run_after=2023-03-09T09:49:41.707007+00:00
[2023-03-09T09:49:41.720+0000] {processor.py:175} INFO - Processing /home/airflow/.local/lib/python3.7/site-packages/airflow/example_dags/example_task_group_decorator.py took 0.079 seconds
[2023-03-09T09:50:12.211+0000] {processor.py:153} INFO - Started process (PID=4420) to work on /home/airflow/.local/lib/python3.7/site-packages/airflow/example_dags/example_task_group_decorator.py
[2023-03-09T09:50:12.213+0000] {processor.py:743} INFO - Processing file /home/airflow/.local/lib/python3.7/site-packages/airflow/example_dags/example_task_group_decorator.py for tasks to queue
[2023-03-09T09:50:12.214+0000] {logging_mixin.py:137} INFO - [2023-03-09T09:50:12.214+0000] {dagbag.py:538} INFO - Filling up the DagBag from /home/airflow/.local/lib/python3.7/site-packages/airflow/example_dags/example_task_group_decorator.py
[2023-03-09T09:50:12.236+0000] {processor.py:753} INFO - DAG(s) dict_keys(['example_task_group_decorator']) retrieved from /home/airflow/.local/lib/python3.7/site-packages/airflow/example_dags/example_task_group_decorator.py
[2023-03-09T09:50:12.256+0000] {logging_mixin.py:137} INFO - [2023-03-09T09:50:12.256+0000] {dag.py:2690} INFO - Sync 1 DAGs
[2023-03-09T09:50:12.271+0000] {logging_mixin.py:137} INFO - [2023-03-09T09:50:12.271+0000] {dag.py:3441} INFO - Setting next_dagrun for example_task_group_decorator to 2023-03-08T09:50:12.271566+00:00, run_after=2023-03-09T09:50:12.271566+00:00
[2023-03-09T09:50:12.285+0000] {processor.py:175} INFO - Processing /home/airflow/.local/lib/python3.7/site-packages/airflow/example_dags/example_task_group_decorator.py took 0.077 seconds
