[2023-03-09T09:02:17.042+0000] {processor.py:153} INFO - Started process (PID=54) to work on /home/airflow/.local/lib/python3.7/site-packages/airflow/example_dags/example_sla_dag.py
[2023-03-09T09:02:17.047+0000] {processor.py:743} INFO - Processing file /home/airflow/.local/lib/python3.7/site-packages/airflow/example_dags/example_sla_dag.py for tasks to queue
[2023-03-09T09:02:17.067+0000] {logging_mixin.py:137} INFO - [2023-03-09T09:02:17.060+0000] {dagbag.py:538} INFO - Filling up the DagBag from /home/airflow/.local/lib/python3.7/site-packages/airflow/example_dags/example_sla_dag.py
[2023-03-09T09:02:17.205+0000] {processor.py:753} INFO - DAG(s) dict_keys(['example_sla_dag']) retrieved from /home/airflow/.local/lib/python3.7/site-packages/airflow/example_dags/example_sla_dag.py
[2023-03-09T09:02:17.268+0000] {logging_mixin.py:137} INFO - [2023-03-09T09:02:17.267+0000] {dag.py:2690} INFO - Sync 1 DAGs
[2023-03-09T09:02:17.400+0000] {logging_mixin.py:137} INFO - [2023-03-09T09:02:17.400+0000] {dag.py:3441} INFO - Setting next_dagrun for example_sla_dag to 2023-03-09T09:00:00+00:00, run_after=2023-03-09T09:02:00+00:00
[2023-03-09T09:02:17.505+0000] {processor.py:175} INFO - Processing /home/airflow/.local/lib/python3.7/site-packages/airflow/example_dags/example_sla_dag.py took 0.477 seconds
[2023-03-09T09:02:47.885+0000] {processor.py:153} INFO - Started process (PID=123) to work on /home/airflow/.local/lib/python3.7/site-packages/airflow/example_dags/example_sla_dag.py
[2023-03-09T09:02:47.887+0000] {processor.py:743} INFO - Processing file /home/airflow/.local/lib/python3.7/site-packages/airflow/example_dags/example_sla_dag.py for tasks to queue
[2023-03-09T09:02:47.888+0000] {logging_mixin.py:137} INFO - [2023-03-09T09:02:47.888+0000] {dagbag.py:538} INFO - Filling up the DagBag from /home/airflow/.local/lib/python3.7/site-packages/airflow/example_dags/example_sla_dag.py
[2023-03-09T09:02:47.907+0000] {processor.py:753} INFO - DAG(s) dict_keys(['example_sla_dag']) retrieved from /home/airflow/.local/lib/python3.7/site-packages/airflow/example_dags/example_sla_dag.py
[2023-03-09T09:02:47.928+0000] {logging_mixin.py:137} INFO - [2023-03-09T09:02:47.928+0000] {dag.py:2690} INFO - Sync 1 DAGs
[2023-03-09T09:02:47.944+0000] {logging_mixin.py:137} INFO - [2023-03-09T09:02:47.944+0000] {dag.py:3441} INFO - Setting next_dagrun for example_sla_dag to 2023-03-09T09:00:00+00:00, run_after=2023-03-09T09:02:00+00:00
[2023-03-09T09:02:47.954+0000] {processor.py:175} INFO - Processing /home/airflow/.local/lib/python3.7/site-packages/airflow/example_dags/example_sla_dag.py took 0.072 seconds
[2023-03-09T09:03:18.143+0000] {processor.py:153} INFO - Started process (PID=190) to work on /home/airflow/.local/lib/python3.7/site-packages/airflow/example_dags/example_sla_dag.py
[2023-03-09T09:03:18.146+0000] {processor.py:743} INFO - Processing file /home/airflow/.local/lib/python3.7/site-packages/airflow/example_dags/example_sla_dag.py for tasks to queue
[2023-03-09T09:03:18.148+0000] {logging_mixin.py:137} INFO - [2023-03-09T09:03:18.148+0000] {dagbag.py:538} INFO - Filling up the DagBag from /home/airflow/.local/lib/python3.7/site-packages/airflow/example_dags/example_sla_dag.py
[2023-03-09T09:03:18.175+0000] {processor.py:753} INFO - DAG(s) dict_keys(['example_sla_dag']) retrieved from /home/airflow/.local/lib/python3.7/site-packages/airflow/example_dags/example_sla_dag.py
[2023-03-09T09:03:18.202+0000] {logging_mixin.py:137} INFO - [2023-03-09T09:03:18.202+0000] {dag.py:2690} INFO - Sync 1 DAGs
[2023-03-09T09:03:18.228+0000] {logging_mixin.py:137} INFO - [2023-03-09T09:03:18.228+0000] {dag.py:3441} INFO - Setting next_dagrun for example_sla_dag to 2023-03-09T09:00:00+00:00, run_after=2023-03-09T09:02:00+00:00
[2023-03-09T09:03:18.265+0000] {processor.py:175} INFO - Processing /home/airflow/.local/lib/python3.7/site-packages/airflow/example_dags/example_sla_dag.py took 0.124 seconds
[2023-03-09T09:03:48.619+0000] {processor.py:153} INFO - Started process (PID=269) to work on /home/airflow/.local/lib/python3.7/site-packages/airflow/example_dags/example_sla_dag.py
[2023-03-09T09:03:48.624+0000] {processor.py:743} INFO - Processing file /home/airflow/.local/lib/python3.7/site-packages/airflow/example_dags/example_sla_dag.py for tasks to queue
[2023-03-09T09:03:48.625+0000] {logging_mixin.py:137} INFO - [2023-03-09T09:03:48.625+0000] {dagbag.py:538} INFO - Filling up the DagBag from /home/airflow/.local/lib/python3.7/site-packages/airflow/example_dags/example_sla_dag.py
[2023-03-09T09:03:48.641+0000] {processor.py:753} INFO - DAG(s) dict_keys(['example_sla_dag']) retrieved from /home/airflow/.local/lib/python3.7/site-packages/airflow/example_dags/example_sla_dag.py
[2023-03-09T09:03:48.661+0000] {logging_mixin.py:137} INFO - [2023-03-09T09:03:48.661+0000] {dag.py:2690} INFO - Sync 1 DAGs
[2023-03-09T09:03:48.680+0000] {logging_mixin.py:137} INFO - [2023-03-09T09:03:48.680+0000] {dag.py:3441} INFO - Setting next_dagrun for example_sla_dag to 2023-03-09T09:00:00+00:00, run_after=2023-03-09T09:02:00+00:00
[2023-03-09T09:03:48.694+0000] {processor.py:175} INFO - Processing /home/airflow/.local/lib/python3.7/site-packages/airflow/example_dags/example_sla_dag.py took 0.077 seconds
[2023-03-09T09:20:41.233+0000] {processor.py:153} INFO - Started process (PID=45) to work on /home/airflow/.local/lib/python3.7/site-packages/airflow/example_dags/example_sla_dag.py
[2023-03-09T09:20:41.235+0000] {processor.py:743} INFO - Processing file /home/airflow/.local/lib/python3.7/site-packages/airflow/example_dags/example_sla_dag.py for tasks to queue
[2023-03-09T09:20:41.236+0000] {logging_mixin.py:137} INFO - [2023-03-09T09:20:41.236+0000] {dagbag.py:538} INFO - Filling up the DagBag from /home/airflow/.local/lib/python3.7/site-packages/airflow/example_dags/example_sla_dag.py
[2023-03-09T09:20:41.294+0000] {processor.py:753} INFO - DAG(s) dict_keys(['example_sla_dag']) retrieved from /home/airflow/.local/lib/python3.7/site-packages/airflow/example_dags/example_sla_dag.py
[2023-03-09T09:20:41.648+0000] {logging_mixin.py:137} INFO - [2023-03-09T09:20:41.647+0000] {manager.py:504} INFO - Created Permission View: can read on DAG:example_sla_dag
[2023-03-09T09:20:41.669+0000] {logging_mixin.py:137} INFO - [2023-03-09T09:20:41.669+0000] {manager.py:504} INFO - Created Permission View: can edit on DAG:example_sla_dag
[2023-03-09T09:20:41.699+0000] {logging_mixin.py:137} INFO - [2023-03-09T09:20:41.699+0000] {manager.py:504} INFO - Created Permission View: can delete on DAG:example_sla_dag
[2023-03-09T09:20:41.701+0000] {logging_mixin.py:137} INFO - [2023-03-09T09:20:41.701+0000] {dag.py:2690} INFO - Sync 1 DAGs
[2023-03-09T09:20:41.741+0000] {logging_mixin.py:137} INFO - [2023-03-09T09:20:41.741+0000] {dag.py:2711} INFO - Creating ORM DAG for example_sla_dag
[2023-03-09T09:20:41.770+0000] {logging_mixin.py:137} INFO - [2023-03-09T09:20:41.770+0000] {dag.py:3441} INFO - Setting next_dagrun for example_sla_dag to 2023-03-09T09:18:00+00:00, run_after=2023-03-09T09:20:00+00:00
[2023-03-09T09:20:41.827+0000] {processor.py:175} INFO - Processing /home/airflow/.local/lib/python3.7/site-packages/airflow/example_dags/example_sla_dag.py took 0.596 seconds
[2023-03-09T09:21:12.204+0000] {processor.py:153} INFO - Started process (PID=117) to work on /home/airflow/.local/lib/python3.7/site-packages/airflow/example_dags/example_sla_dag.py
[2023-03-09T09:21:12.206+0000] {processor.py:743} INFO - Processing file /home/airflow/.local/lib/python3.7/site-packages/airflow/example_dags/example_sla_dag.py for tasks to queue
[2023-03-09T09:21:12.207+0000] {logging_mixin.py:137} INFO - [2023-03-09T09:21:12.207+0000] {dagbag.py:538} INFO - Filling up the DagBag from /home/airflow/.local/lib/python3.7/site-packages/airflow/example_dags/example_sla_dag.py
[2023-03-09T09:21:12.229+0000] {processor.py:753} INFO - DAG(s) dict_keys(['example_sla_dag']) retrieved from /home/airflow/.local/lib/python3.7/site-packages/airflow/example_dags/example_sla_dag.py
[2023-03-09T09:21:12.252+0000] {logging_mixin.py:137} INFO - [2023-03-09T09:21:12.252+0000] {dag.py:2690} INFO - Sync 1 DAGs
[2023-03-09T09:21:12.274+0000] {logging_mixin.py:137} INFO - [2023-03-09T09:21:12.274+0000] {dag.py:3441} INFO - Setting next_dagrun for example_sla_dag to 2023-03-09T09:18:00+00:00, run_after=2023-03-09T09:20:00+00:00
[2023-03-09T09:21:12.292+0000] {processor.py:175} INFO - Processing /home/airflow/.local/lib/python3.7/site-packages/airflow/example_dags/example_sla_dag.py took 0.092 seconds
[2023-03-09T09:21:42.662+0000] {processor.py:153} INFO - Started process (PID=190) to work on /home/airflow/.local/lib/python3.7/site-packages/airflow/example_dags/example_sla_dag.py
[2023-03-09T09:21:42.665+0000] {processor.py:743} INFO - Processing file /home/airflow/.local/lib/python3.7/site-packages/airflow/example_dags/example_sla_dag.py for tasks to queue
[2023-03-09T09:21:42.666+0000] {logging_mixin.py:137} INFO - [2023-03-09T09:21:42.665+0000] {dagbag.py:538} INFO - Filling up the DagBag from /home/airflow/.local/lib/python3.7/site-packages/airflow/example_dags/example_sla_dag.py
[2023-03-09T09:21:42.681+0000] {processor.py:753} INFO - DAG(s) dict_keys(['example_sla_dag']) retrieved from /home/airflow/.local/lib/python3.7/site-packages/airflow/example_dags/example_sla_dag.py
[2023-03-09T09:21:42.699+0000] {logging_mixin.py:137} INFO - [2023-03-09T09:21:42.699+0000] {dag.py:2690} INFO - Sync 1 DAGs
[2023-03-09T09:21:42.717+0000] {logging_mixin.py:137} INFO - [2023-03-09T09:21:42.717+0000] {dag.py:3441} INFO - Setting next_dagrun for example_sla_dag to 2023-03-09T09:18:00+00:00, run_after=2023-03-09T09:20:00+00:00
[2023-03-09T09:21:42.730+0000] {processor.py:175} INFO - Processing /home/airflow/.local/lib/python3.7/site-packages/airflow/example_dags/example_sla_dag.py took 0.070 seconds
[2023-03-09T09:22:13.493+0000] {processor.py:153} INFO - Started process (PID=269) to work on /home/airflow/.local/lib/python3.7/site-packages/airflow/example_dags/example_sla_dag.py
[2023-03-09T09:22:13.494+0000] {processor.py:743} INFO - Processing file /home/airflow/.local/lib/python3.7/site-packages/airflow/example_dags/example_sla_dag.py for tasks to queue
[2023-03-09T09:22:13.496+0000] {logging_mixin.py:137} INFO - [2023-03-09T09:22:13.496+0000] {dagbag.py:538} INFO - Filling up the DagBag from /home/airflow/.local/lib/python3.7/site-packages/airflow/example_dags/example_sla_dag.py
[2023-03-09T09:22:13.513+0000] {processor.py:753} INFO - DAG(s) dict_keys(['example_sla_dag']) retrieved from /home/airflow/.local/lib/python3.7/site-packages/airflow/example_dags/example_sla_dag.py
[2023-03-09T09:22:13.530+0000] {logging_mixin.py:137} INFO - [2023-03-09T09:22:13.530+0000] {dag.py:2690} INFO - Sync 1 DAGs
[2023-03-09T09:22:13.546+0000] {logging_mixin.py:137} INFO - [2023-03-09T09:22:13.546+0000] {dag.py:3441} INFO - Setting next_dagrun for example_sla_dag to 2023-03-09T09:20:00+00:00, run_after=2023-03-09T09:22:00+00:00
[2023-03-09T09:22:13.557+0000] {processor.py:175} INFO - Processing /home/airflow/.local/lib/python3.7/site-packages/airflow/example_dags/example_sla_dag.py took 0.067 seconds
[2023-03-09T09:22:43.858+0000] {processor.py:153} INFO - Started process (PID=333) to work on /home/airflow/.local/lib/python3.7/site-packages/airflow/example_dags/example_sla_dag.py
[2023-03-09T09:22:43.860+0000] {processor.py:743} INFO - Processing file /home/airflow/.local/lib/python3.7/site-packages/airflow/example_dags/example_sla_dag.py for tasks to queue
[2023-03-09T09:22:43.861+0000] {logging_mixin.py:137} INFO - [2023-03-09T09:22:43.860+0000] {dagbag.py:538} INFO - Filling up the DagBag from /home/airflow/.local/lib/python3.7/site-packages/airflow/example_dags/example_sla_dag.py
[2023-03-09T09:22:43.876+0000] {processor.py:753} INFO - DAG(s) dict_keys(['example_sla_dag']) retrieved from /home/airflow/.local/lib/python3.7/site-packages/airflow/example_dags/example_sla_dag.py
[2023-03-09T09:22:43.897+0000] {logging_mixin.py:137} INFO - [2023-03-09T09:22:43.897+0000] {dag.py:2690} INFO - Sync 1 DAGs
[2023-03-09T09:22:43.919+0000] {logging_mixin.py:137} INFO - [2023-03-09T09:22:43.919+0000] {dag.py:3441} INFO - Setting next_dagrun for example_sla_dag to 2023-03-09T09:20:00+00:00, run_after=2023-03-09T09:22:00+00:00
[2023-03-09T09:22:43.932+0000] {processor.py:175} INFO - Processing /home/airflow/.local/lib/python3.7/site-packages/airflow/example_dags/example_sla_dag.py took 0.077 seconds
[2023-03-09T09:23:14.129+0000] {processor.py:153} INFO - Started process (PID=413) to work on /home/airflow/.local/lib/python3.7/site-packages/airflow/example_dags/example_sla_dag.py
[2023-03-09T09:23:14.130+0000] {processor.py:743} INFO - Processing file /home/airflow/.local/lib/python3.7/site-packages/airflow/example_dags/example_sla_dag.py for tasks to queue
[2023-03-09T09:23:14.131+0000] {logging_mixin.py:137} INFO - [2023-03-09T09:23:14.131+0000] {dagbag.py:538} INFO - Filling up the DagBag from /home/airflow/.local/lib/python3.7/site-packages/airflow/example_dags/example_sla_dag.py
[2023-03-09T09:23:14.146+0000] {processor.py:753} INFO - DAG(s) dict_keys(['example_sla_dag']) retrieved from /home/airflow/.local/lib/python3.7/site-packages/airflow/example_dags/example_sla_dag.py
[2023-03-09T09:23:14.162+0000] {logging_mixin.py:137} INFO - [2023-03-09T09:23:14.162+0000] {dag.py:2690} INFO - Sync 1 DAGs
[2023-03-09T09:23:14.181+0000] {logging_mixin.py:137} INFO - [2023-03-09T09:23:14.181+0000] {dag.py:3441} INFO - Setting next_dagrun for example_sla_dag to 2023-03-09T09:20:00+00:00, run_after=2023-03-09T09:22:00+00:00
[2023-03-09T09:23:14.191+0000] {processor.py:175} INFO - Processing /home/airflow/.local/lib/python3.7/site-packages/airflow/example_dags/example_sla_dag.py took 0.066 seconds
[2023-03-09T09:23:44.421+0000] {processor.py:153} INFO - Started process (PID=500) to work on /home/airflow/.local/lib/python3.7/site-packages/airflow/example_dags/example_sla_dag.py
[2023-03-09T09:23:44.422+0000] {processor.py:743} INFO - Processing file /home/airflow/.local/lib/python3.7/site-packages/airflow/example_dags/example_sla_dag.py for tasks to queue
[2023-03-09T09:23:44.423+0000] {logging_mixin.py:137} INFO - [2023-03-09T09:23:44.423+0000] {dagbag.py:538} INFO - Filling up the DagBag from /home/airflow/.local/lib/python3.7/site-packages/airflow/example_dags/example_sla_dag.py
[2023-03-09T09:23:44.437+0000] {processor.py:753} INFO - DAG(s) dict_keys(['example_sla_dag']) retrieved from /home/airflow/.local/lib/python3.7/site-packages/airflow/example_dags/example_sla_dag.py
[2023-03-09T09:23:44.454+0000] {logging_mixin.py:137} INFO - [2023-03-09T09:23:44.453+0000] {dag.py:2690} INFO - Sync 1 DAGs
[2023-03-09T09:23:44.471+0000] {logging_mixin.py:137} INFO - [2023-03-09T09:23:44.471+0000] {dag.py:3441} INFO - Setting next_dagrun for example_sla_dag to 2023-03-09T09:20:00+00:00, run_after=2023-03-09T09:22:00+00:00
[2023-03-09T09:23:44.483+0000] {processor.py:175} INFO - Processing /home/airflow/.local/lib/python3.7/site-packages/airflow/example_dags/example_sla_dag.py took 0.064 seconds
[2023-03-09T09:24:14.654+0000] {processor.py:153} INFO - Started process (PID=563) to work on /home/airflow/.local/lib/python3.7/site-packages/airflow/example_dags/example_sla_dag.py
[2023-03-09T09:24:14.655+0000] {processor.py:743} INFO - Processing file /home/airflow/.local/lib/python3.7/site-packages/airflow/example_dags/example_sla_dag.py for tasks to queue
[2023-03-09T09:24:14.656+0000] {logging_mixin.py:137} INFO - [2023-03-09T09:24:14.656+0000] {dagbag.py:538} INFO - Filling up the DagBag from /home/airflow/.local/lib/python3.7/site-packages/airflow/example_dags/example_sla_dag.py
[2023-03-09T09:24:14.675+0000] {processor.py:753} INFO - DAG(s) dict_keys(['example_sla_dag']) retrieved from /home/airflow/.local/lib/python3.7/site-packages/airflow/example_dags/example_sla_dag.py
[2023-03-09T09:24:14.694+0000] {logging_mixin.py:137} INFO - [2023-03-09T09:24:14.694+0000] {dag.py:2690} INFO - Sync 1 DAGs
[2023-03-09T09:24:14.712+0000] {logging_mixin.py:137} INFO - [2023-03-09T09:24:14.712+0000] {dag.py:3441} INFO - Setting next_dagrun for example_sla_dag to 2023-03-09T09:22:00+00:00, run_after=2023-03-09T09:24:00+00:00
[2023-03-09T09:24:14.724+0000] {processor.py:175} INFO - Processing /home/airflow/.local/lib/python3.7/site-packages/airflow/example_dags/example_sla_dag.py took 0.073 seconds
[2023-03-09T09:24:45.465+0000] {processor.py:153} INFO - Started process (PID=641) to work on /home/airflow/.local/lib/python3.7/site-packages/airflow/example_dags/example_sla_dag.py
[2023-03-09T09:24:45.466+0000] {processor.py:743} INFO - Processing file /home/airflow/.local/lib/python3.7/site-packages/airflow/example_dags/example_sla_dag.py for tasks to queue
[2023-03-09T09:24:45.467+0000] {logging_mixin.py:137} INFO - [2023-03-09T09:24:45.467+0000] {dagbag.py:538} INFO - Filling up the DagBag from /home/airflow/.local/lib/python3.7/site-packages/airflow/example_dags/example_sla_dag.py
[2023-03-09T09:24:45.484+0000] {processor.py:753} INFO - DAG(s) dict_keys(['example_sla_dag']) retrieved from /home/airflow/.local/lib/python3.7/site-packages/airflow/example_dags/example_sla_dag.py
[2023-03-09T09:24:45.503+0000] {logging_mixin.py:137} INFO - [2023-03-09T09:24:45.503+0000] {dag.py:2690} INFO - Sync 1 DAGs
[2023-03-09T09:24:45.520+0000] {logging_mixin.py:137} INFO - [2023-03-09T09:24:45.520+0000] {dag.py:3441} INFO - Setting next_dagrun for example_sla_dag to 2023-03-09T09:22:00+00:00, run_after=2023-03-09T09:24:00+00:00
[2023-03-09T09:24:45.532+0000] {processor.py:175} INFO - Processing /home/airflow/.local/lib/python3.7/site-packages/airflow/example_dags/example_sla_dag.py took 0.070 seconds
[2023-03-09T09:25:15.753+0000] {processor.py:153} INFO - Started process (PID=717) to work on /home/airflow/.local/lib/python3.7/site-packages/airflow/example_dags/example_sla_dag.py
[2023-03-09T09:25:15.755+0000] {processor.py:743} INFO - Processing file /home/airflow/.local/lib/python3.7/site-packages/airflow/example_dags/example_sla_dag.py for tasks to queue
[2023-03-09T09:25:15.757+0000] {logging_mixin.py:137} INFO - [2023-03-09T09:25:15.757+0000] {dagbag.py:538} INFO - Filling up the DagBag from /home/airflow/.local/lib/python3.7/site-packages/airflow/example_dags/example_sla_dag.py
[2023-03-09T09:25:15.777+0000] {processor.py:753} INFO - DAG(s) dict_keys(['example_sla_dag']) retrieved from /home/airflow/.local/lib/python3.7/site-packages/airflow/example_dags/example_sla_dag.py
[2023-03-09T09:25:15.802+0000] {logging_mixin.py:137} INFO - [2023-03-09T09:25:15.802+0000] {dag.py:2690} INFO - Sync 1 DAGs
[2023-03-09T09:25:15.824+0000] {logging_mixin.py:137} INFO - [2023-03-09T09:25:15.823+0000] {dag.py:3441} INFO - Setting next_dagrun for example_sla_dag to 2023-03-09T09:22:00+00:00, run_after=2023-03-09T09:24:00+00:00
[2023-03-09T09:25:15.842+0000] {processor.py:175} INFO - Processing /home/airflow/.local/lib/python3.7/site-packages/airflow/example_dags/example_sla_dag.py took 0.092 seconds
[2023-03-09T09:25:46.026+0000] {processor.py:153} INFO - Started process (PID=786) to work on /home/airflow/.local/lib/python3.7/site-packages/airflow/example_dags/example_sla_dag.py
[2023-03-09T09:25:46.028+0000] {processor.py:743} INFO - Processing file /home/airflow/.local/lib/python3.7/site-packages/airflow/example_dags/example_sla_dag.py for tasks to queue
[2023-03-09T09:25:46.029+0000] {logging_mixin.py:137} INFO - [2023-03-09T09:25:46.029+0000] {dagbag.py:538} INFO - Filling up the DagBag from /home/airflow/.local/lib/python3.7/site-packages/airflow/example_dags/example_sla_dag.py
[2023-03-09T09:25:46.049+0000] {processor.py:753} INFO - DAG(s) dict_keys(['example_sla_dag']) retrieved from /home/airflow/.local/lib/python3.7/site-packages/airflow/example_dags/example_sla_dag.py
[2023-03-09T09:25:46.070+0000] {logging_mixin.py:137} INFO - [2023-03-09T09:25:46.070+0000] {dag.py:2690} INFO - Sync 1 DAGs
[2023-03-09T09:25:46.111+0000] {logging_mixin.py:137} INFO - [2023-03-09T09:25:46.111+0000] {dag.py:3441} INFO - Setting next_dagrun for example_sla_dag to 2023-03-09T09:22:00+00:00, run_after=2023-03-09T09:24:00+00:00
[2023-03-09T09:25:46.219+0000] {processor.py:175} INFO - Processing /home/airflow/.local/lib/python3.7/site-packages/airflow/example_dags/example_sla_dag.py took 0.197 seconds
[2023-03-09T09:26:16.538+0000] {processor.py:153} INFO - Started process (PID=862) to work on /home/airflow/.local/lib/python3.7/site-packages/airflow/example_dags/example_sla_dag.py
[2023-03-09T09:26:16.541+0000] {processor.py:743} INFO - Processing file /home/airflow/.local/lib/python3.7/site-packages/airflow/example_dags/example_sla_dag.py for tasks to queue
[2023-03-09T09:26:16.542+0000] {logging_mixin.py:137} INFO - [2023-03-09T09:26:16.542+0000] {dagbag.py:538} INFO - Filling up the DagBag from /home/airflow/.local/lib/python3.7/site-packages/airflow/example_dags/example_sla_dag.py
[2023-03-09T09:26:16.557+0000] {processor.py:753} INFO - DAG(s) dict_keys(['example_sla_dag']) retrieved from /home/airflow/.local/lib/python3.7/site-packages/airflow/example_dags/example_sla_dag.py
[2023-03-09T09:26:16.577+0000] {logging_mixin.py:137} INFO - [2023-03-09T09:26:16.577+0000] {dag.py:2690} INFO - Sync 1 DAGs
[2023-03-09T09:26:16.594+0000] {logging_mixin.py:137} INFO - [2023-03-09T09:26:16.594+0000] {dag.py:3441} INFO - Setting next_dagrun for example_sla_dag to 2023-03-09T09:24:00+00:00, run_after=2023-03-09T09:26:00+00:00
[2023-03-09T09:26:16.606+0000] {processor.py:175} INFO - Processing /home/airflow/.local/lib/python3.7/site-packages/airflow/example_dags/example_sla_dag.py took 0.071 seconds
[2023-03-09T09:26:47.437+0000] {processor.py:153} INFO - Started process (PID=941) to work on /home/airflow/.local/lib/python3.7/site-packages/airflow/example_dags/example_sla_dag.py
[2023-03-09T09:26:47.439+0000] {processor.py:743} INFO - Processing file /home/airflow/.local/lib/python3.7/site-packages/airflow/example_dags/example_sla_dag.py for tasks to queue
[2023-03-09T09:26:47.439+0000] {logging_mixin.py:137} INFO - [2023-03-09T09:26:47.439+0000] {dagbag.py:538} INFO - Filling up the DagBag from /home/airflow/.local/lib/python3.7/site-packages/airflow/example_dags/example_sla_dag.py
[2023-03-09T09:26:47.454+0000] {processor.py:753} INFO - DAG(s) dict_keys(['example_sla_dag']) retrieved from /home/airflow/.local/lib/python3.7/site-packages/airflow/example_dags/example_sla_dag.py
[2023-03-09T09:26:47.472+0000] {logging_mixin.py:137} INFO - [2023-03-09T09:26:47.471+0000] {dag.py:2690} INFO - Sync 1 DAGs
[2023-03-09T09:26:47.488+0000] {logging_mixin.py:137} INFO - [2023-03-09T09:26:47.488+0000] {dag.py:3441} INFO - Setting next_dagrun for example_sla_dag to 2023-03-09T09:24:00+00:00, run_after=2023-03-09T09:26:00+00:00
[2023-03-09T09:26:47.499+0000] {processor.py:175} INFO - Processing /home/airflow/.local/lib/python3.7/site-packages/airflow/example_dags/example_sla_dag.py took 0.064 seconds
[2023-03-09T09:27:17.758+0000] {processor.py:153} INFO - Started process (PID=1010) to work on /home/airflow/.local/lib/python3.7/site-packages/airflow/example_dags/example_sla_dag.py
[2023-03-09T09:27:17.759+0000] {processor.py:743} INFO - Processing file /home/airflow/.local/lib/python3.7/site-packages/airflow/example_dags/example_sla_dag.py for tasks to queue
[2023-03-09T09:27:17.760+0000] {logging_mixin.py:137} INFO - [2023-03-09T09:27:17.760+0000] {dagbag.py:538} INFO - Filling up the DagBag from /home/airflow/.local/lib/python3.7/site-packages/airflow/example_dags/example_sla_dag.py
[2023-03-09T09:27:17.775+0000] {processor.py:753} INFO - DAG(s) dict_keys(['example_sla_dag']) retrieved from /home/airflow/.local/lib/python3.7/site-packages/airflow/example_dags/example_sla_dag.py
[2023-03-09T09:27:17.795+0000] {logging_mixin.py:137} INFO - [2023-03-09T09:27:17.795+0000] {dag.py:2690} INFO - Sync 1 DAGs
[2023-03-09T09:27:17.814+0000] {logging_mixin.py:137} INFO - [2023-03-09T09:27:17.814+0000] {dag.py:3441} INFO - Setting next_dagrun for example_sla_dag to 2023-03-09T09:24:00+00:00, run_after=2023-03-09T09:26:00+00:00
[2023-03-09T09:27:17.830+0000] {processor.py:175} INFO - Processing /home/airflow/.local/lib/python3.7/site-packages/airflow/example_dags/example_sla_dag.py took 0.075 seconds
[2023-03-09T09:27:48.894+0000] {processor.py:153} INFO - Started process (PID=1091) to work on /home/airflow/.local/lib/python3.7/site-packages/airflow/example_dags/example_sla_dag.py
[2023-03-09T09:27:48.896+0000] {processor.py:743} INFO - Processing file /home/airflow/.local/lib/python3.7/site-packages/airflow/example_dags/example_sla_dag.py for tasks to queue
[2023-03-09T09:27:48.898+0000] {logging_mixin.py:137} INFO - [2023-03-09T09:27:48.898+0000] {dagbag.py:538} INFO - Filling up the DagBag from /home/airflow/.local/lib/python3.7/site-packages/airflow/example_dags/example_sla_dag.py
[2023-03-09T09:27:48.914+0000] {processor.py:753} INFO - DAG(s) dict_keys(['example_sla_dag']) retrieved from /home/airflow/.local/lib/python3.7/site-packages/airflow/example_dags/example_sla_dag.py
[2023-03-09T09:27:48.933+0000] {logging_mixin.py:137} INFO - [2023-03-09T09:27:48.933+0000] {dag.py:2690} INFO - Sync 1 DAGs
[2023-03-09T09:27:48.951+0000] {logging_mixin.py:137} INFO - [2023-03-09T09:27:48.951+0000] {dag.py:3441} INFO - Setting next_dagrun for example_sla_dag to 2023-03-09T09:24:00+00:00, run_after=2023-03-09T09:26:00+00:00
[2023-03-09T09:27:48.965+0000] {processor.py:175} INFO - Processing /home/airflow/.local/lib/python3.7/site-packages/airflow/example_dags/example_sla_dag.py took 0.073 seconds
[2023-03-09T09:28:19.121+0000] {processor.py:153} INFO - Started process (PID=1171) to work on /home/airflow/.local/lib/python3.7/site-packages/airflow/example_dags/example_sla_dag.py
[2023-03-09T09:28:19.123+0000] {processor.py:743} INFO - Processing file /home/airflow/.local/lib/python3.7/site-packages/airflow/example_dags/example_sla_dag.py for tasks to queue
[2023-03-09T09:28:19.124+0000] {logging_mixin.py:137} INFO - [2023-03-09T09:28:19.124+0000] {dagbag.py:538} INFO - Filling up the DagBag from /home/airflow/.local/lib/python3.7/site-packages/airflow/example_dags/example_sla_dag.py
[2023-03-09T09:28:19.140+0000] {processor.py:753} INFO - DAG(s) dict_keys(['example_sla_dag']) retrieved from /home/airflow/.local/lib/python3.7/site-packages/airflow/example_dags/example_sla_dag.py
[2023-03-09T09:28:19.160+0000] {logging_mixin.py:137} INFO - [2023-03-09T09:28:19.160+0000] {dag.py:2690} INFO - Sync 1 DAGs
[2023-03-09T09:28:19.180+0000] {logging_mixin.py:137} INFO - [2023-03-09T09:28:19.180+0000] {dag.py:3441} INFO - Setting next_dagrun for example_sla_dag to 2023-03-09T09:26:00+00:00, run_after=2023-03-09T09:28:00+00:00
[2023-03-09T09:28:19.195+0000] {processor.py:175} INFO - Processing /home/airflow/.local/lib/python3.7/site-packages/airflow/example_dags/example_sla_dag.py took 0.076 seconds
[2023-03-09T09:28:49.639+0000] {processor.py:153} INFO - Started process (PID=1248) to work on /home/airflow/.local/lib/python3.7/site-packages/airflow/example_dags/example_sla_dag.py
[2023-03-09T09:28:49.641+0000] {processor.py:743} INFO - Processing file /home/airflow/.local/lib/python3.7/site-packages/airflow/example_dags/example_sla_dag.py for tasks to queue
[2023-03-09T09:28:49.642+0000] {logging_mixin.py:137} INFO - [2023-03-09T09:28:49.642+0000] {dagbag.py:538} INFO - Filling up the DagBag from /home/airflow/.local/lib/python3.7/site-packages/airflow/example_dags/example_sla_dag.py
[2023-03-09T09:28:49.668+0000] {processor.py:753} INFO - DAG(s) dict_keys(['example_sla_dag']) retrieved from /home/airflow/.local/lib/python3.7/site-packages/airflow/example_dags/example_sla_dag.py
[2023-03-09T09:28:49.686+0000] {logging_mixin.py:137} INFO - [2023-03-09T09:28:49.686+0000] {dag.py:2690} INFO - Sync 1 DAGs
[2023-03-09T09:28:49.704+0000] {logging_mixin.py:137} INFO - [2023-03-09T09:28:49.704+0000] {dag.py:3441} INFO - Setting next_dagrun for example_sla_dag to 2023-03-09T09:26:00+00:00, run_after=2023-03-09T09:28:00+00:00
[2023-03-09T09:28:49.720+0000] {processor.py:175} INFO - Processing /home/airflow/.local/lib/python3.7/site-packages/airflow/example_dags/example_sla_dag.py took 0.084 seconds
[2023-03-09T09:29:20.037+0000] {processor.py:153} INFO - Started process (PID=1316) to work on /home/airflow/.local/lib/python3.7/site-packages/airflow/example_dags/example_sla_dag.py
[2023-03-09T09:29:20.038+0000] {processor.py:743} INFO - Processing file /home/airflow/.local/lib/python3.7/site-packages/airflow/example_dags/example_sla_dag.py for tasks to queue
[2023-03-09T09:29:20.039+0000] {logging_mixin.py:137} INFO - [2023-03-09T09:29:20.039+0000] {dagbag.py:538} INFO - Filling up the DagBag from /home/airflow/.local/lib/python3.7/site-packages/airflow/example_dags/example_sla_dag.py
[2023-03-09T09:29:20.053+0000] {processor.py:753} INFO - DAG(s) dict_keys(['example_sla_dag']) retrieved from /home/airflow/.local/lib/python3.7/site-packages/airflow/example_dags/example_sla_dag.py
[2023-03-09T09:29:20.071+0000] {logging_mixin.py:137} INFO - [2023-03-09T09:29:20.071+0000] {dag.py:2690} INFO - Sync 1 DAGs
[2023-03-09T09:29:20.087+0000] {logging_mixin.py:137} INFO - [2023-03-09T09:29:20.087+0000] {dag.py:3441} INFO - Setting next_dagrun for example_sla_dag to 2023-03-09T09:26:00+00:00, run_after=2023-03-09T09:28:00+00:00
[2023-03-09T09:29:20.098+0000] {processor.py:175} INFO - Processing /home/airflow/.local/lib/python3.7/site-packages/airflow/example_dags/example_sla_dag.py took 0.064 seconds
[2023-03-09T09:29:50.279+0000] {processor.py:153} INFO - Started process (PID=1399) to work on /home/airflow/.local/lib/python3.7/site-packages/airflow/example_dags/example_sla_dag.py
[2023-03-09T09:29:50.280+0000] {processor.py:743} INFO - Processing file /home/airflow/.local/lib/python3.7/site-packages/airflow/example_dags/example_sla_dag.py for tasks to queue
[2023-03-09T09:29:50.281+0000] {logging_mixin.py:137} INFO - [2023-03-09T09:29:50.281+0000] {dagbag.py:538} INFO - Filling up the DagBag from /home/airflow/.local/lib/python3.7/site-packages/airflow/example_dags/example_sla_dag.py
[2023-03-09T09:29:50.299+0000] {processor.py:753} INFO - DAG(s) dict_keys(['example_sla_dag']) retrieved from /home/airflow/.local/lib/python3.7/site-packages/airflow/example_dags/example_sla_dag.py
[2023-03-09T09:29:50.319+0000] {logging_mixin.py:137} INFO - [2023-03-09T09:29:50.319+0000] {dag.py:2690} INFO - Sync 1 DAGs
[2023-03-09T09:29:50.337+0000] {logging_mixin.py:137} INFO - [2023-03-09T09:29:50.337+0000] {dag.py:3441} INFO - Setting next_dagrun for example_sla_dag to 2023-03-09T09:26:00+00:00, run_after=2023-03-09T09:28:00+00:00
[2023-03-09T09:29:50.349+0000] {processor.py:175} INFO - Processing /home/airflow/.local/lib/python3.7/site-packages/airflow/example_dags/example_sla_dag.py took 0.072 seconds
[2023-03-09T09:30:20.827+0000] {processor.py:153} INFO - Started process (PID=1466) to work on /home/airflow/.local/lib/python3.7/site-packages/airflow/example_dags/example_sla_dag.py
[2023-03-09T09:30:20.829+0000] {processor.py:743} INFO - Processing file /home/airflow/.local/lib/python3.7/site-packages/airflow/example_dags/example_sla_dag.py for tasks to queue
[2023-03-09T09:30:20.831+0000] {logging_mixin.py:137} INFO - [2023-03-09T09:30:20.830+0000] {dagbag.py:538} INFO - Filling up the DagBag from /home/airflow/.local/lib/python3.7/site-packages/airflow/example_dags/example_sla_dag.py
[2023-03-09T09:30:20.855+0000] {processor.py:753} INFO - DAG(s) dict_keys(['example_sla_dag']) retrieved from /home/airflow/.local/lib/python3.7/site-packages/airflow/example_dags/example_sla_dag.py
[2023-03-09T09:30:20.883+0000] {logging_mixin.py:137} INFO - [2023-03-09T09:30:20.883+0000] {dag.py:2690} INFO - Sync 1 DAGs
[2023-03-09T09:30:20.908+0000] {logging_mixin.py:137} INFO - [2023-03-09T09:30:20.908+0000] {dag.py:3441} INFO - Setting next_dagrun for example_sla_dag to 2023-03-09T09:28:00+00:00, run_after=2023-03-09T09:30:00+00:00
[2023-03-09T09:30:20.924+0000] {processor.py:175} INFO - Processing /home/airflow/.local/lib/python3.7/site-packages/airflow/example_dags/example_sla_dag.py took 0.099 seconds
[2023-03-09T09:30:51.123+0000] {processor.py:153} INFO - Started process (PID=1544) to work on /home/airflow/.local/lib/python3.7/site-packages/airflow/example_dags/example_sla_dag.py
[2023-03-09T09:30:51.125+0000] {processor.py:743} INFO - Processing file /home/airflow/.local/lib/python3.7/site-packages/airflow/example_dags/example_sla_dag.py for tasks to queue
[2023-03-09T09:30:51.126+0000] {logging_mixin.py:137} INFO - [2023-03-09T09:30:51.126+0000] {dagbag.py:538} INFO - Filling up the DagBag from /home/airflow/.local/lib/python3.7/site-packages/airflow/example_dags/example_sla_dag.py
[2023-03-09T09:30:51.142+0000] {processor.py:753} INFO - DAG(s) dict_keys(['example_sla_dag']) retrieved from /home/airflow/.local/lib/python3.7/site-packages/airflow/example_dags/example_sla_dag.py
[2023-03-09T09:30:51.160+0000] {logging_mixin.py:137} INFO - [2023-03-09T09:30:51.160+0000] {dag.py:2690} INFO - Sync 1 DAGs
[2023-03-09T09:30:51.179+0000] {logging_mixin.py:137} INFO - [2023-03-09T09:30:51.179+0000] {dag.py:3441} INFO - Setting next_dagrun for example_sla_dag to 2023-03-09T09:28:00+00:00, run_after=2023-03-09T09:30:00+00:00
[2023-03-09T09:30:51.190+0000] {processor.py:175} INFO - Processing /home/airflow/.local/lib/python3.7/site-packages/airflow/example_dags/example_sla_dag.py took 0.069 seconds
[2023-03-09T09:31:21.551+0000] {processor.py:153} INFO - Started process (PID=1627) to work on /home/airflow/.local/lib/python3.7/site-packages/airflow/example_dags/example_sla_dag.py
[2023-03-09T09:31:21.552+0000] {processor.py:743} INFO - Processing file /home/airflow/.local/lib/python3.7/site-packages/airflow/example_dags/example_sla_dag.py for tasks to queue
[2023-03-09T09:31:21.553+0000] {logging_mixin.py:137} INFO - [2023-03-09T09:31:21.553+0000] {dagbag.py:538} INFO - Filling up the DagBag from /home/airflow/.local/lib/python3.7/site-packages/airflow/example_dags/example_sla_dag.py
[2023-03-09T09:31:21.568+0000] {processor.py:753} INFO - DAG(s) dict_keys(['example_sla_dag']) retrieved from /home/airflow/.local/lib/python3.7/site-packages/airflow/example_dags/example_sla_dag.py
[2023-03-09T09:31:21.586+0000] {logging_mixin.py:137} INFO - [2023-03-09T09:31:21.586+0000] {dag.py:2690} INFO - Sync 1 DAGs
[2023-03-09T09:31:21.604+0000] {logging_mixin.py:137} INFO - [2023-03-09T09:31:21.604+0000] {dag.py:3441} INFO - Setting next_dagrun for example_sla_dag to 2023-03-09T09:28:00+00:00, run_after=2023-03-09T09:30:00+00:00
[2023-03-09T09:31:21.616+0000] {processor.py:175} INFO - Processing /home/airflow/.local/lib/python3.7/site-packages/airflow/example_dags/example_sla_dag.py took 0.067 seconds
[2023-03-09T09:31:51.857+0000] {processor.py:153} INFO - Started process (PID=1695) to work on /home/airflow/.local/lib/python3.7/site-packages/airflow/example_dags/example_sla_dag.py
[2023-03-09T09:31:51.859+0000] {processor.py:743} INFO - Processing file /home/airflow/.local/lib/python3.7/site-packages/airflow/example_dags/example_sla_dag.py for tasks to queue
[2023-03-09T09:31:51.860+0000] {logging_mixin.py:137} INFO - [2023-03-09T09:31:51.860+0000] {dagbag.py:538} INFO - Filling up the DagBag from /home/airflow/.local/lib/python3.7/site-packages/airflow/example_dags/example_sla_dag.py
[2023-03-09T09:31:51.874+0000] {processor.py:753} INFO - DAG(s) dict_keys(['example_sla_dag']) retrieved from /home/airflow/.local/lib/python3.7/site-packages/airflow/example_dags/example_sla_dag.py
[2023-03-09T09:31:51.892+0000] {logging_mixin.py:137} INFO - [2023-03-09T09:31:51.892+0000] {dag.py:2690} INFO - Sync 1 DAGs
[2023-03-09T09:31:51.909+0000] {logging_mixin.py:137} INFO - [2023-03-09T09:31:51.909+0000] {dag.py:3441} INFO - Setting next_dagrun for example_sla_dag to 2023-03-09T09:28:00+00:00, run_after=2023-03-09T09:30:00+00:00
[2023-03-09T09:31:51.920+0000] {processor.py:175} INFO - Processing /home/airflow/.local/lib/python3.7/site-packages/airflow/example_dags/example_sla_dag.py took 0.065 seconds
[2023-03-09T09:32:22.105+0000] {processor.py:153} INFO - Started process (PID=1778) to work on /home/airflow/.local/lib/python3.7/site-packages/airflow/example_dags/example_sla_dag.py
[2023-03-09T09:32:22.107+0000] {processor.py:743} INFO - Processing file /home/airflow/.local/lib/python3.7/site-packages/airflow/example_dags/example_sla_dag.py for tasks to queue
[2023-03-09T09:32:22.109+0000] {logging_mixin.py:137} INFO - [2023-03-09T09:32:22.109+0000] {dagbag.py:538} INFO - Filling up the DagBag from /home/airflow/.local/lib/python3.7/site-packages/airflow/example_dags/example_sla_dag.py
[2023-03-09T09:32:22.129+0000] {processor.py:753} INFO - DAG(s) dict_keys(['example_sla_dag']) retrieved from /home/airflow/.local/lib/python3.7/site-packages/airflow/example_dags/example_sla_dag.py
[2023-03-09T09:32:22.147+0000] {logging_mixin.py:137} INFO - [2023-03-09T09:32:22.147+0000] {dag.py:2690} INFO - Sync 1 DAGs
[2023-03-09T09:32:22.165+0000] {logging_mixin.py:137} INFO - [2023-03-09T09:32:22.165+0000] {dag.py:3441} INFO - Setting next_dagrun for example_sla_dag to 2023-03-09T09:30:00+00:00, run_after=2023-03-09T09:32:00+00:00
[2023-03-09T09:32:22.177+0000] {processor.py:175} INFO - Processing /home/airflow/.local/lib/python3.7/site-packages/airflow/example_dags/example_sla_dag.py took 0.074 seconds
[2023-03-09T09:32:52.447+0000] {processor.py:153} INFO - Started process (PID=1859) to work on /home/airflow/.local/lib/python3.7/site-packages/airflow/example_dags/example_sla_dag.py
[2023-03-09T09:32:52.448+0000] {processor.py:743} INFO - Processing file /home/airflow/.local/lib/python3.7/site-packages/airflow/example_dags/example_sla_dag.py for tasks to queue
[2023-03-09T09:32:52.449+0000] {logging_mixin.py:137} INFO - [2023-03-09T09:32:52.449+0000] {dagbag.py:538} INFO - Filling up the DagBag from /home/airflow/.local/lib/python3.7/site-packages/airflow/example_dags/example_sla_dag.py
[2023-03-09T09:32:52.464+0000] {processor.py:753} INFO - DAG(s) dict_keys(['example_sla_dag']) retrieved from /home/airflow/.local/lib/python3.7/site-packages/airflow/example_dags/example_sla_dag.py
[2023-03-09T09:32:52.482+0000] {logging_mixin.py:137} INFO - [2023-03-09T09:32:52.482+0000] {dag.py:2690} INFO - Sync 1 DAGs
[2023-03-09T09:32:52.500+0000] {logging_mixin.py:137} INFO - [2023-03-09T09:32:52.500+0000] {dag.py:3441} INFO - Setting next_dagrun for example_sla_dag to 2023-03-09T09:30:00+00:00, run_after=2023-03-09T09:32:00+00:00
[2023-03-09T09:32:52.515+0000] {processor.py:175} INFO - Processing /home/airflow/.local/lib/python3.7/site-packages/airflow/example_dags/example_sla_dag.py took 0.070 seconds
[2023-03-09T09:33:22.544+0000] {processor.py:153} INFO - Started process (PID=1925) to work on /home/airflow/.local/lib/python3.7/site-packages/airflow/example_dags/example_sla_dag.py
[2023-03-09T09:33:22.546+0000] {processor.py:743} INFO - Processing file /home/airflow/.local/lib/python3.7/site-packages/airflow/example_dags/example_sla_dag.py for tasks to queue
[2023-03-09T09:33:22.547+0000] {logging_mixin.py:137} INFO - [2023-03-09T09:33:22.547+0000] {dagbag.py:538} INFO - Filling up the DagBag from /home/airflow/.local/lib/python3.7/site-packages/airflow/example_dags/example_sla_dag.py
[2023-03-09T09:33:22.562+0000] {processor.py:753} INFO - DAG(s) dict_keys(['example_sla_dag']) retrieved from /home/airflow/.local/lib/python3.7/site-packages/airflow/example_dags/example_sla_dag.py
[2023-03-09T09:33:22.583+0000] {logging_mixin.py:137} INFO - [2023-03-09T09:33:22.583+0000] {dag.py:2690} INFO - Sync 1 DAGs
[2023-03-09T09:33:22.602+0000] {logging_mixin.py:137} INFO - [2023-03-09T09:33:22.602+0000] {dag.py:3441} INFO - Setting next_dagrun for example_sla_dag to 2023-03-09T09:30:00+00:00, run_after=2023-03-09T09:32:00+00:00
[2023-03-09T09:33:22.614+0000] {processor.py:175} INFO - Processing /home/airflow/.local/lib/python3.7/site-packages/airflow/example_dags/example_sla_dag.py took 0.072 seconds
[2023-03-09T09:33:52.789+0000] {processor.py:153} INFO - Started process (PID=2001) to work on /home/airflow/.local/lib/python3.7/site-packages/airflow/example_dags/example_sla_dag.py
[2023-03-09T09:33:52.790+0000] {processor.py:743} INFO - Processing file /home/airflow/.local/lib/python3.7/site-packages/airflow/example_dags/example_sla_dag.py for tasks to queue
[2023-03-09T09:33:52.792+0000] {logging_mixin.py:137} INFO - [2023-03-09T09:33:52.792+0000] {dagbag.py:538} INFO - Filling up the DagBag from /home/airflow/.local/lib/python3.7/site-packages/airflow/example_dags/example_sla_dag.py
[2023-03-09T09:33:52.808+0000] {processor.py:753} INFO - DAG(s) dict_keys(['example_sla_dag']) retrieved from /home/airflow/.local/lib/python3.7/site-packages/airflow/example_dags/example_sla_dag.py
[2023-03-09T09:33:52.826+0000] {logging_mixin.py:137} INFO - [2023-03-09T09:33:52.825+0000] {dag.py:2690} INFO - Sync 1 DAGs
[2023-03-09T09:33:52.843+0000] {logging_mixin.py:137} INFO - [2023-03-09T09:33:52.843+0000] {dag.py:3441} INFO - Setting next_dagrun for example_sla_dag to 2023-03-09T09:30:00+00:00, run_after=2023-03-09T09:32:00+00:00
[2023-03-09T09:33:52.855+0000] {processor.py:175} INFO - Processing /home/airflow/.local/lib/python3.7/site-packages/airflow/example_dags/example_sla_dag.py took 0.069 seconds
[2023-03-09T09:34:23.294+0000] {processor.py:153} INFO - Started process (PID=2072) to work on /home/airflow/.local/lib/python3.7/site-packages/airflow/example_dags/example_sla_dag.py
[2023-03-09T09:34:23.295+0000] {processor.py:743} INFO - Processing file /home/airflow/.local/lib/python3.7/site-packages/airflow/example_dags/example_sla_dag.py for tasks to queue
[2023-03-09T09:34:23.297+0000] {logging_mixin.py:137} INFO - [2023-03-09T09:34:23.297+0000] {dagbag.py:538} INFO - Filling up the DagBag from /home/airflow/.local/lib/python3.7/site-packages/airflow/example_dags/example_sla_dag.py
[2023-03-09T09:34:23.314+0000] {processor.py:753} INFO - DAG(s) dict_keys(['example_sla_dag']) retrieved from /home/airflow/.local/lib/python3.7/site-packages/airflow/example_dags/example_sla_dag.py
[2023-03-09T09:34:23.334+0000] {logging_mixin.py:137} INFO - [2023-03-09T09:34:23.334+0000] {dag.py:2690} INFO - Sync 1 DAGs
[2023-03-09T09:34:23.374+0000] {logging_mixin.py:137} INFO - [2023-03-09T09:34:23.374+0000] {dag.py:3441} INFO - Setting next_dagrun for example_sla_dag to 2023-03-09T09:32:00+00:00, run_after=2023-03-09T09:34:00+00:00
[2023-03-09T09:34:23.397+0000] {processor.py:175} INFO - Processing /home/airflow/.local/lib/python3.7/site-packages/airflow/example_dags/example_sla_dag.py took 0.106 seconds
[2023-03-09T09:34:53.565+0000] {processor.py:153} INFO - Started process (PID=2139) to work on /home/airflow/.local/lib/python3.7/site-packages/airflow/example_dags/example_sla_dag.py
[2023-03-09T09:34:53.567+0000] {processor.py:743} INFO - Processing file /home/airflow/.local/lib/python3.7/site-packages/airflow/example_dags/example_sla_dag.py for tasks to queue
[2023-03-09T09:34:53.568+0000] {logging_mixin.py:137} INFO - [2023-03-09T09:34:53.568+0000] {dagbag.py:538} INFO - Filling up the DagBag from /home/airflow/.local/lib/python3.7/site-packages/airflow/example_dags/example_sla_dag.py
[2023-03-09T09:34:53.582+0000] {processor.py:753} INFO - DAG(s) dict_keys(['example_sla_dag']) retrieved from /home/airflow/.local/lib/python3.7/site-packages/airflow/example_dags/example_sla_dag.py
[2023-03-09T09:34:53.603+0000] {logging_mixin.py:137} INFO - [2023-03-09T09:34:53.603+0000] {dag.py:2690} INFO - Sync 1 DAGs
[2023-03-09T09:34:53.621+0000] {logging_mixin.py:137} INFO - [2023-03-09T09:34:53.621+0000] {dag.py:3441} INFO - Setting next_dagrun for example_sla_dag to 2023-03-09T09:32:00+00:00, run_after=2023-03-09T09:34:00+00:00
[2023-03-09T09:34:53.663+0000] {processor.py:175} INFO - Processing /home/airflow/.local/lib/python3.7/site-packages/airflow/example_dags/example_sla_dag.py took 0.100 seconds
[2023-03-09T09:35:23.828+0000] {processor.py:153} INFO - Started process (PID=2217) to work on /home/airflow/.local/lib/python3.7/site-packages/airflow/example_dags/example_sla_dag.py
[2023-03-09T09:35:23.830+0000] {processor.py:743} INFO - Processing file /home/airflow/.local/lib/python3.7/site-packages/airflow/example_dags/example_sla_dag.py for tasks to queue
[2023-03-09T09:35:23.831+0000] {logging_mixin.py:137} INFO - [2023-03-09T09:35:23.831+0000] {dagbag.py:538} INFO - Filling up the DagBag from /home/airflow/.local/lib/python3.7/site-packages/airflow/example_dags/example_sla_dag.py
[2023-03-09T09:35:23.844+0000] {processor.py:753} INFO - DAG(s) dict_keys(['example_sla_dag']) retrieved from /home/airflow/.local/lib/python3.7/site-packages/airflow/example_dags/example_sla_dag.py
[2023-03-09T09:35:23.864+0000] {logging_mixin.py:137} INFO - [2023-03-09T09:35:23.864+0000] {dag.py:2690} INFO - Sync 1 DAGs
[2023-03-09T09:35:23.881+0000] {logging_mixin.py:137} INFO - [2023-03-09T09:35:23.881+0000] {dag.py:3441} INFO - Setting next_dagrun for example_sla_dag to 2023-03-09T09:32:00+00:00, run_after=2023-03-09T09:34:00+00:00
[2023-03-09T09:35:23.896+0000] {processor.py:175} INFO - Processing /home/airflow/.local/lib/python3.7/site-packages/airflow/example_dags/example_sla_dag.py took 0.069 seconds
[2023-03-09T09:35:54.238+0000] {processor.py:153} INFO - Started process (PID=2282) to work on /home/airflow/.local/lib/python3.7/site-packages/airflow/example_dags/example_sla_dag.py
[2023-03-09T09:35:54.240+0000] {processor.py:743} INFO - Processing file /home/airflow/.local/lib/python3.7/site-packages/airflow/example_dags/example_sla_dag.py for tasks to queue
[2023-03-09T09:35:54.242+0000] {logging_mixin.py:137} INFO - [2023-03-09T09:35:54.242+0000] {dagbag.py:538} INFO - Filling up the DagBag from /home/airflow/.local/lib/python3.7/site-packages/airflow/example_dags/example_sla_dag.py
[2023-03-09T09:35:54.259+0000] {processor.py:753} INFO - DAG(s) dict_keys(['example_sla_dag']) retrieved from /home/airflow/.local/lib/python3.7/site-packages/airflow/example_dags/example_sla_dag.py
[2023-03-09T09:35:54.276+0000] {logging_mixin.py:137} INFO - [2023-03-09T09:35:54.276+0000] {dag.py:2690} INFO - Sync 1 DAGs
[2023-03-09T09:35:54.296+0000] {logging_mixin.py:137} INFO - [2023-03-09T09:35:54.295+0000] {dag.py:3441} INFO - Setting next_dagrun for example_sla_dag to 2023-03-09T09:32:00+00:00, run_after=2023-03-09T09:34:00+00:00
[2023-03-09T09:35:54.309+0000] {processor.py:175} INFO - Processing /home/airflow/.local/lib/python3.7/site-packages/airflow/example_dags/example_sla_dag.py took 0.074 seconds
[2023-03-09T09:36:24.643+0000] {processor.py:153} INFO - Started process (PID=2360) to work on /home/airflow/.local/lib/python3.7/site-packages/airflow/example_dags/example_sla_dag.py
[2023-03-09T09:36:24.645+0000] {processor.py:743} INFO - Processing file /home/airflow/.local/lib/python3.7/site-packages/airflow/example_dags/example_sla_dag.py for tasks to queue
[2023-03-09T09:36:24.646+0000] {logging_mixin.py:137} INFO - [2023-03-09T09:36:24.646+0000] {dagbag.py:538} INFO - Filling up the DagBag from /home/airflow/.local/lib/python3.7/site-packages/airflow/example_dags/example_sla_dag.py
[2023-03-09T09:36:24.665+0000] {processor.py:753} INFO - DAG(s) dict_keys(['example_sla_dag']) retrieved from /home/airflow/.local/lib/python3.7/site-packages/airflow/example_dags/example_sla_dag.py
[2023-03-09T09:36:24.686+0000] {logging_mixin.py:137} INFO - [2023-03-09T09:36:24.686+0000] {dag.py:2690} INFO - Sync 1 DAGs
[2023-03-09T09:36:24.705+0000] {logging_mixin.py:137} INFO - [2023-03-09T09:36:24.705+0000] {dag.py:3441} INFO - Setting next_dagrun for example_sla_dag to 2023-03-09T09:34:00+00:00, run_after=2023-03-09T09:36:00+00:00
[2023-03-09T09:36:24.720+0000] {processor.py:175} INFO - Processing /home/airflow/.local/lib/python3.7/site-packages/airflow/example_dags/example_sla_dag.py took 0.079 seconds
[2023-03-09T09:36:54.839+0000] {processor.py:153} INFO - Started process (PID=2438) to work on /home/airflow/.local/lib/python3.7/site-packages/airflow/example_dags/example_sla_dag.py
[2023-03-09T09:36:54.841+0000] {processor.py:743} INFO - Processing file /home/airflow/.local/lib/python3.7/site-packages/airflow/example_dags/example_sla_dag.py for tasks to queue
[2023-03-09T09:36:54.842+0000] {logging_mixin.py:137} INFO - [2023-03-09T09:36:54.842+0000] {dagbag.py:538} INFO - Filling up the DagBag from /home/airflow/.local/lib/python3.7/site-packages/airflow/example_dags/example_sla_dag.py
[2023-03-09T09:36:54.855+0000] {processor.py:753} INFO - DAG(s) dict_keys(['example_sla_dag']) retrieved from /home/airflow/.local/lib/python3.7/site-packages/airflow/example_dags/example_sla_dag.py
[2023-03-09T09:36:54.872+0000] {logging_mixin.py:137} INFO - [2023-03-09T09:36:54.872+0000] {dag.py:2690} INFO - Sync 1 DAGs
[2023-03-09T09:36:54.888+0000] {logging_mixin.py:137} INFO - [2023-03-09T09:36:54.888+0000] {dag.py:3441} INFO - Setting next_dagrun for example_sla_dag to 2023-03-09T09:34:00+00:00, run_after=2023-03-09T09:36:00+00:00
[2023-03-09T09:36:54.899+0000] {processor.py:175} INFO - Processing /home/airflow/.local/lib/python3.7/site-packages/airflow/example_dags/example_sla_dag.py took 0.062 seconds
[2023-03-09T09:37:25.294+0000] {processor.py:153} INFO - Started process (PID=2504) to work on /home/airflow/.local/lib/python3.7/site-packages/airflow/example_dags/example_sla_dag.py
[2023-03-09T09:37:25.295+0000] {processor.py:743} INFO - Processing file /home/airflow/.local/lib/python3.7/site-packages/airflow/example_dags/example_sla_dag.py for tasks to queue
[2023-03-09T09:37:25.296+0000] {logging_mixin.py:137} INFO - [2023-03-09T09:37:25.296+0000] {dagbag.py:538} INFO - Filling up the DagBag from /home/airflow/.local/lib/python3.7/site-packages/airflow/example_dags/example_sla_dag.py
[2023-03-09T09:37:25.311+0000] {processor.py:753} INFO - DAG(s) dict_keys(['example_sla_dag']) retrieved from /home/airflow/.local/lib/python3.7/site-packages/airflow/example_dags/example_sla_dag.py
[2023-03-09T09:37:25.329+0000] {logging_mixin.py:137} INFO - [2023-03-09T09:37:25.329+0000] {dag.py:2690} INFO - Sync 1 DAGs
[2023-03-09T09:37:25.346+0000] {logging_mixin.py:137} INFO - [2023-03-09T09:37:25.346+0000] {dag.py:3441} INFO - Setting next_dagrun for example_sla_dag to 2023-03-09T09:34:00+00:00, run_after=2023-03-09T09:36:00+00:00
[2023-03-09T09:37:25.356+0000] {processor.py:175} INFO - Processing /home/airflow/.local/lib/python3.7/site-packages/airflow/example_dags/example_sla_dag.py took 0.065 seconds
[2023-03-09T09:37:55.519+0000] {processor.py:153} INFO - Started process (PID=2584) to work on /home/airflow/.local/lib/python3.7/site-packages/airflow/example_dags/example_sla_dag.py
[2023-03-09T09:37:55.521+0000] {processor.py:743} INFO - Processing file /home/airflow/.local/lib/python3.7/site-packages/airflow/example_dags/example_sla_dag.py for tasks to queue
[2023-03-09T09:37:55.522+0000] {logging_mixin.py:137} INFO - [2023-03-09T09:37:55.522+0000] {dagbag.py:538} INFO - Filling up the DagBag from /home/airflow/.local/lib/python3.7/site-packages/airflow/example_dags/example_sla_dag.py
[2023-03-09T09:37:55.540+0000] {processor.py:753} INFO - DAG(s) dict_keys(['example_sla_dag']) retrieved from /home/airflow/.local/lib/python3.7/site-packages/airflow/example_dags/example_sla_dag.py
[2023-03-09T09:37:55.560+0000] {logging_mixin.py:137} INFO - [2023-03-09T09:37:55.560+0000] {dag.py:2690} INFO - Sync 1 DAGs
[2023-03-09T09:37:55.580+0000] {logging_mixin.py:137} INFO - [2023-03-09T09:37:55.580+0000] {dag.py:3441} INFO - Setting next_dagrun for example_sla_dag to 2023-03-09T09:34:00+00:00, run_after=2023-03-09T09:36:00+00:00
[2023-03-09T09:37:55.594+0000] {processor.py:175} INFO - Processing /home/airflow/.local/lib/python3.7/site-packages/airflow/example_dags/example_sla_dag.py took 0.077 seconds
[2023-03-09T09:38:25.618+0000] {processor.py:153} INFO - Started process (PID=2662) to work on /home/airflow/.local/lib/python3.7/site-packages/airflow/example_dags/example_sla_dag.py
[2023-03-09T09:38:25.619+0000] {processor.py:743} INFO - Processing file /home/airflow/.local/lib/python3.7/site-packages/airflow/example_dags/example_sla_dag.py for tasks to queue
[2023-03-09T09:38:25.621+0000] {logging_mixin.py:137} INFO - [2023-03-09T09:38:25.620+0000] {dagbag.py:538} INFO - Filling up the DagBag from /home/airflow/.local/lib/python3.7/site-packages/airflow/example_dags/example_sla_dag.py
[2023-03-09T09:38:25.636+0000] {processor.py:753} INFO - DAG(s) dict_keys(['example_sla_dag']) retrieved from /home/airflow/.local/lib/python3.7/site-packages/airflow/example_dags/example_sla_dag.py
[2023-03-09T09:38:25.654+0000] {logging_mixin.py:137} INFO - [2023-03-09T09:38:25.654+0000] {dag.py:2690} INFO - Sync 1 DAGs
[2023-03-09T09:38:25.674+0000] {logging_mixin.py:137} INFO - [2023-03-09T09:38:25.674+0000] {dag.py:3441} INFO - Setting next_dagrun for example_sla_dag to 2023-03-09T09:36:00+00:00, run_after=2023-03-09T09:38:00+00:00
[2023-03-09T09:38:25.692+0000] {processor.py:175} INFO - Processing /home/airflow/.local/lib/python3.7/site-packages/airflow/example_dags/example_sla_dag.py took 0.076 seconds
[2023-03-09T09:38:56.829+0000] {processor.py:153} INFO - Started process (PID=2731) to work on /home/airflow/.local/lib/python3.7/site-packages/airflow/example_dags/example_sla_dag.py
[2023-03-09T09:38:56.830+0000] {processor.py:743} INFO - Processing file /home/airflow/.local/lib/python3.7/site-packages/airflow/example_dags/example_sla_dag.py for tasks to queue
[2023-03-09T09:38:56.831+0000] {logging_mixin.py:137} INFO - [2023-03-09T09:38:56.831+0000] {dagbag.py:538} INFO - Filling up the DagBag from /home/airflow/.local/lib/python3.7/site-packages/airflow/example_dags/example_sla_dag.py
[2023-03-09T09:38:56.846+0000] {processor.py:753} INFO - DAG(s) dict_keys(['example_sla_dag']) retrieved from /home/airflow/.local/lib/python3.7/site-packages/airflow/example_dags/example_sla_dag.py
[2023-03-09T09:38:56.863+0000] {logging_mixin.py:137} INFO - [2023-03-09T09:38:56.863+0000] {dag.py:2690} INFO - Sync 1 DAGs
[2023-03-09T09:38:56.880+0000] {logging_mixin.py:137} INFO - [2023-03-09T09:38:56.880+0000] {dag.py:3441} INFO - Setting next_dagrun for example_sla_dag to 2023-03-09T09:36:00+00:00, run_after=2023-03-09T09:38:00+00:00
[2023-03-09T09:38:56.891+0000] {processor.py:175} INFO - Processing /home/airflow/.local/lib/python3.7/site-packages/airflow/example_dags/example_sla_dag.py took 0.066 seconds
[2023-03-09T09:39:27.121+0000] {processor.py:153} INFO - Started process (PID=2814) to work on /home/airflow/.local/lib/python3.7/site-packages/airflow/example_dags/example_sla_dag.py
[2023-03-09T09:39:27.122+0000] {processor.py:743} INFO - Processing file /home/airflow/.local/lib/python3.7/site-packages/airflow/example_dags/example_sla_dag.py for tasks to queue
[2023-03-09T09:39:27.123+0000] {logging_mixin.py:137} INFO - [2023-03-09T09:39:27.123+0000] {dagbag.py:538} INFO - Filling up the DagBag from /home/airflow/.local/lib/python3.7/site-packages/airflow/example_dags/example_sla_dag.py
[2023-03-09T09:39:27.138+0000] {processor.py:753} INFO - DAG(s) dict_keys(['example_sla_dag']) retrieved from /home/airflow/.local/lib/python3.7/site-packages/airflow/example_dags/example_sla_dag.py
[2023-03-09T09:39:27.156+0000] {logging_mixin.py:137} INFO - [2023-03-09T09:39:27.156+0000] {dag.py:2690} INFO - Sync 1 DAGs
[2023-03-09T09:39:27.174+0000] {logging_mixin.py:137} INFO - [2023-03-09T09:39:27.174+0000] {dag.py:3441} INFO - Setting next_dagrun for example_sla_dag to 2023-03-09T09:36:00+00:00, run_after=2023-03-09T09:38:00+00:00
[2023-03-09T09:39:27.187+0000] {processor.py:175} INFO - Processing /home/airflow/.local/lib/python3.7/site-packages/airflow/example_dags/example_sla_dag.py took 0.069 seconds
[2023-03-09T09:39:57.522+0000] {processor.py:153} INFO - Started process (PID=2895) to work on /home/airflow/.local/lib/python3.7/site-packages/airflow/example_dags/example_sla_dag.py
[2023-03-09T09:39:57.524+0000] {processor.py:743} INFO - Processing file /home/airflow/.local/lib/python3.7/site-packages/airflow/example_dags/example_sla_dag.py for tasks to queue
[2023-03-09T09:39:57.525+0000] {logging_mixin.py:137} INFO - [2023-03-09T09:39:57.525+0000] {dagbag.py:538} INFO - Filling up the DagBag from /home/airflow/.local/lib/python3.7/site-packages/airflow/example_dags/example_sla_dag.py
[2023-03-09T09:39:57.542+0000] {processor.py:753} INFO - DAG(s) dict_keys(['example_sla_dag']) retrieved from /home/airflow/.local/lib/python3.7/site-packages/airflow/example_dags/example_sla_dag.py
[2023-03-09T09:39:57.561+0000] {logging_mixin.py:137} INFO - [2023-03-09T09:39:57.561+0000] {dag.py:2690} INFO - Sync 1 DAGs
[2023-03-09T09:39:57.581+0000] {logging_mixin.py:137} INFO - [2023-03-09T09:39:57.581+0000] {dag.py:3441} INFO - Setting next_dagrun for example_sla_dag to 2023-03-09T09:36:00+00:00, run_after=2023-03-09T09:38:00+00:00
[2023-03-09T09:39:57.602+0000] {processor.py:175} INFO - Processing /home/airflow/.local/lib/python3.7/site-packages/airflow/example_dags/example_sla_dag.py took 0.082 seconds
[2023-03-09T09:40:27.652+0000] {processor.py:153} INFO - Started process (PID=2959) to work on /home/airflow/.local/lib/python3.7/site-packages/airflow/example_dags/example_sla_dag.py
[2023-03-09T09:40:27.654+0000] {processor.py:743} INFO - Processing file /home/airflow/.local/lib/python3.7/site-packages/airflow/example_dags/example_sla_dag.py for tasks to queue
[2023-03-09T09:40:27.655+0000] {logging_mixin.py:137} INFO - [2023-03-09T09:40:27.655+0000] {dagbag.py:538} INFO - Filling up the DagBag from /home/airflow/.local/lib/python3.7/site-packages/airflow/example_dags/example_sla_dag.py
[2023-03-09T09:40:27.670+0000] {processor.py:753} INFO - DAG(s) dict_keys(['example_sla_dag']) retrieved from /home/airflow/.local/lib/python3.7/site-packages/airflow/example_dags/example_sla_dag.py
[2023-03-09T09:40:27.688+0000] {logging_mixin.py:137} INFO - [2023-03-09T09:40:27.688+0000] {dag.py:2690} INFO - Sync 1 DAGs
[2023-03-09T09:40:27.706+0000] {logging_mixin.py:137} INFO - [2023-03-09T09:40:27.705+0000] {dag.py:3441} INFO - Setting next_dagrun for example_sla_dag to 2023-03-09T09:38:00+00:00, run_after=2023-03-09T09:40:00+00:00
[2023-03-09T09:40:27.718+0000] {processor.py:175} INFO - Processing /home/airflow/.local/lib/python3.7/site-packages/airflow/example_dags/example_sla_dag.py took 0.068 seconds
[2023-03-09T09:40:57.911+0000] {processor.py:153} INFO - Started process (PID=3041) to work on /home/airflow/.local/lib/python3.7/site-packages/airflow/example_dags/example_sla_dag.py
[2023-03-09T09:40:57.912+0000] {processor.py:743} INFO - Processing file /home/airflow/.local/lib/python3.7/site-packages/airflow/example_dags/example_sla_dag.py for tasks to queue
[2023-03-09T09:40:57.913+0000] {logging_mixin.py:137} INFO - [2023-03-09T09:40:57.913+0000] {dagbag.py:538} INFO - Filling up the DagBag from /home/airflow/.local/lib/python3.7/site-packages/airflow/example_dags/example_sla_dag.py
[2023-03-09T09:40:57.929+0000] {processor.py:753} INFO - DAG(s) dict_keys(['example_sla_dag']) retrieved from /home/airflow/.local/lib/python3.7/site-packages/airflow/example_dags/example_sla_dag.py
[2023-03-09T09:40:57.946+0000] {logging_mixin.py:137} INFO - [2023-03-09T09:40:57.946+0000] {dag.py:2690} INFO - Sync 1 DAGs
[2023-03-09T09:40:57.963+0000] {logging_mixin.py:137} INFO - [2023-03-09T09:40:57.963+0000] {dag.py:3441} INFO - Setting next_dagrun for example_sla_dag to 2023-03-09T09:38:00+00:00, run_after=2023-03-09T09:40:00+00:00
[2023-03-09T09:40:57.974+0000] {processor.py:175} INFO - Processing /home/airflow/.local/lib/python3.7/site-packages/airflow/example_dags/example_sla_dag.py took 0.066 seconds
[2023-03-09T09:41:28.722+0000] {processor.py:153} INFO - Started process (PID=3118) to work on /home/airflow/.local/lib/python3.7/site-packages/airflow/example_dags/example_sla_dag.py
[2023-03-09T09:41:28.723+0000] {processor.py:743} INFO - Processing file /home/airflow/.local/lib/python3.7/site-packages/airflow/example_dags/example_sla_dag.py for tasks to queue
[2023-03-09T09:41:28.725+0000] {logging_mixin.py:137} INFO - [2023-03-09T09:41:28.725+0000] {dagbag.py:538} INFO - Filling up the DagBag from /home/airflow/.local/lib/python3.7/site-packages/airflow/example_dags/example_sla_dag.py
[2023-03-09T09:41:28.741+0000] {processor.py:753} INFO - DAG(s) dict_keys(['example_sla_dag']) retrieved from /home/airflow/.local/lib/python3.7/site-packages/airflow/example_dags/example_sla_dag.py
[2023-03-09T09:41:28.764+0000] {logging_mixin.py:137} INFO - [2023-03-09T09:41:28.764+0000] {dag.py:2690} INFO - Sync 1 DAGs
[2023-03-09T09:41:28.791+0000] {logging_mixin.py:137} INFO - [2023-03-09T09:41:28.791+0000] {dag.py:3441} INFO - Setting next_dagrun for example_sla_dag to 2023-03-09T09:38:00+00:00, run_after=2023-03-09T09:40:00+00:00
[2023-03-09T09:41:28.805+0000] {processor.py:175} INFO - Processing /home/airflow/.local/lib/python3.7/site-packages/airflow/example_dags/example_sla_dag.py took 0.086 seconds
[2023-03-09T09:41:59.214+0000] {processor.py:153} INFO - Started process (PID=3184) to work on /home/airflow/.local/lib/python3.7/site-packages/airflow/example_dags/example_sla_dag.py
[2023-03-09T09:41:59.216+0000] {processor.py:743} INFO - Processing file /home/airflow/.local/lib/python3.7/site-packages/airflow/example_dags/example_sla_dag.py for tasks to queue
[2023-03-09T09:41:59.220+0000] {logging_mixin.py:137} INFO - [2023-03-09T09:41:59.220+0000] {dagbag.py:538} INFO - Filling up the DagBag from /home/airflow/.local/lib/python3.7/site-packages/airflow/example_dags/example_sla_dag.py
[2023-03-09T09:41:59.238+0000] {processor.py:753} INFO - DAG(s) dict_keys(['example_sla_dag']) retrieved from /home/airflow/.local/lib/python3.7/site-packages/airflow/example_dags/example_sla_dag.py
[2023-03-09T09:41:59.259+0000] {logging_mixin.py:137} INFO - [2023-03-09T09:41:59.259+0000] {dag.py:2690} INFO - Sync 1 DAGs
[2023-03-09T09:41:59.277+0000] {logging_mixin.py:137} INFO - [2023-03-09T09:41:59.277+0000] {dag.py:3441} INFO - Setting next_dagrun for example_sla_dag to 2023-03-09T09:38:00+00:00, run_after=2023-03-09T09:40:00+00:00
[2023-03-09T09:41:59.292+0000] {processor.py:175} INFO - Processing /home/airflow/.local/lib/python3.7/site-packages/airflow/example_dags/example_sla_dag.py took 0.081 seconds
[2023-03-09T09:42:29.548+0000] {processor.py:153} INFO - Started process (PID=3263) to work on /home/airflow/.local/lib/python3.7/site-packages/airflow/example_dags/example_sla_dag.py
[2023-03-09T09:42:29.550+0000] {processor.py:743} INFO - Processing file /home/airflow/.local/lib/python3.7/site-packages/airflow/example_dags/example_sla_dag.py for tasks to queue
[2023-03-09T09:42:29.550+0000] {logging_mixin.py:137} INFO - [2023-03-09T09:42:29.550+0000] {dagbag.py:538} INFO - Filling up the DagBag from /home/airflow/.local/lib/python3.7/site-packages/airflow/example_dags/example_sla_dag.py
[2023-03-09T09:42:29.566+0000] {processor.py:753} INFO - DAG(s) dict_keys(['example_sla_dag']) retrieved from /home/airflow/.local/lib/python3.7/site-packages/airflow/example_dags/example_sla_dag.py
[2023-03-09T09:42:29.583+0000] {logging_mixin.py:137} INFO - [2023-03-09T09:42:29.583+0000] {dag.py:2690} INFO - Sync 1 DAGs
[2023-03-09T09:42:29.601+0000] {logging_mixin.py:137} INFO - [2023-03-09T09:42:29.601+0000] {dag.py:3441} INFO - Setting next_dagrun for example_sla_dag to 2023-03-09T09:40:00+00:00, run_after=2023-03-09T09:42:00+00:00
[2023-03-09T09:42:29.612+0000] {processor.py:175} INFO - Processing /home/airflow/.local/lib/python3.7/site-packages/airflow/example_dags/example_sla_dag.py took 0.067 seconds
[2023-03-09T09:42:59.867+0000] {processor.py:153} INFO - Started process (PID=3327) to work on /home/airflow/.local/lib/python3.7/site-packages/airflow/example_dags/example_sla_dag.py
[2023-03-09T09:42:59.869+0000] {processor.py:743} INFO - Processing file /home/airflow/.local/lib/python3.7/site-packages/airflow/example_dags/example_sla_dag.py for tasks to queue
[2023-03-09T09:42:59.870+0000] {logging_mixin.py:137} INFO - [2023-03-09T09:42:59.870+0000] {dagbag.py:538} INFO - Filling up the DagBag from /home/airflow/.local/lib/python3.7/site-packages/airflow/example_dags/example_sla_dag.py
[2023-03-09T09:42:59.884+0000] {processor.py:753} INFO - DAG(s) dict_keys(['example_sla_dag']) retrieved from /home/airflow/.local/lib/python3.7/site-packages/airflow/example_dags/example_sla_dag.py
[2023-03-09T09:42:59.900+0000] {logging_mixin.py:137} INFO - [2023-03-09T09:42:59.900+0000] {dag.py:2690} INFO - Sync 1 DAGs
[2023-03-09T09:42:59.917+0000] {logging_mixin.py:137} INFO - [2023-03-09T09:42:59.917+0000] {dag.py:3441} INFO - Setting next_dagrun for example_sla_dag to 2023-03-09T09:40:00+00:00, run_after=2023-03-09T09:42:00+00:00
[2023-03-09T09:42:59.927+0000] {processor.py:175} INFO - Processing /home/airflow/.local/lib/python3.7/site-packages/airflow/example_dags/example_sla_dag.py took 0.062 seconds
[2023-03-09T09:43:30.390+0000] {processor.py:153} INFO - Started process (PID=3409) to work on /home/airflow/.local/lib/python3.7/site-packages/airflow/example_dags/example_sla_dag.py
[2023-03-09T09:43:30.391+0000] {processor.py:743} INFO - Processing file /home/airflow/.local/lib/python3.7/site-packages/airflow/example_dags/example_sla_dag.py for tasks to queue
[2023-03-09T09:43:30.393+0000] {logging_mixin.py:137} INFO - [2023-03-09T09:43:30.393+0000] {dagbag.py:538} INFO - Filling up the DagBag from /home/airflow/.local/lib/python3.7/site-packages/airflow/example_dags/example_sla_dag.py
[2023-03-09T09:43:30.409+0000] {processor.py:753} INFO - DAG(s) dict_keys(['example_sla_dag']) retrieved from /home/airflow/.local/lib/python3.7/site-packages/airflow/example_dags/example_sla_dag.py
[2023-03-09T09:43:30.426+0000] {logging_mixin.py:137} INFO - [2023-03-09T09:43:30.426+0000] {dag.py:2690} INFO - Sync 1 DAGs
[2023-03-09T09:43:30.445+0000] {logging_mixin.py:137} INFO - [2023-03-09T09:43:30.444+0000] {dag.py:3441} INFO - Setting next_dagrun for example_sla_dag to 2023-03-09T09:40:00+00:00, run_after=2023-03-09T09:42:00+00:00
[2023-03-09T09:43:30.456+0000] {processor.py:175} INFO - Processing /home/airflow/.local/lib/python3.7/site-packages/airflow/example_dags/example_sla_dag.py took 0.068 seconds
[2023-03-09T09:44:00.771+0000] {processor.py:153} INFO - Started process (PID=3490) to work on /home/airflow/.local/lib/python3.7/site-packages/airflow/example_dags/example_sla_dag.py
[2023-03-09T09:44:00.773+0000] {processor.py:743} INFO - Processing file /home/airflow/.local/lib/python3.7/site-packages/airflow/example_dags/example_sla_dag.py for tasks to queue
[2023-03-09T09:44:00.774+0000] {logging_mixin.py:137} INFO - [2023-03-09T09:44:00.774+0000] {dagbag.py:538} INFO - Filling up the DagBag from /home/airflow/.local/lib/python3.7/site-packages/airflow/example_dags/example_sla_dag.py
[2023-03-09T09:44:00.789+0000] {processor.py:753} INFO - DAG(s) dict_keys(['example_sla_dag']) retrieved from /home/airflow/.local/lib/python3.7/site-packages/airflow/example_dags/example_sla_dag.py
[2023-03-09T09:44:00.808+0000] {logging_mixin.py:137} INFO - [2023-03-09T09:44:00.808+0000] {dag.py:2690} INFO - Sync 1 DAGs
[2023-03-09T09:44:00.826+0000] {logging_mixin.py:137} INFO - [2023-03-09T09:44:00.826+0000] {dag.py:3441} INFO - Setting next_dagrun for example_sla_dag to 2023-03-09T09:42:00+00:00, run_after=2023-03-09T09:44:00+00:00
[2023-03-09T09:44:00.837+0000] {processor.py:175} INFO - Processing /home/airflow/.local/lib/python3.7/site-packages/airflow/example_dags/example_sla_dag.py took 0.068 seconds
[2023-03-09T09:44:31.101+0000] {processor.py:153} INFO - Started process (PID=3558) to work on /home/airflow/.local/lib/python3.7/site-packages/airflow/example_dags/example_sla_dag.py
[2023-03-09T09:44:31.103+0000] {processor.py:743} INFO - Processing file /home/airflow/.local/lib/python3.7/site-packages/airflow/example_dags/example_sla_dag.py for tasks to queue
[2023-03-09T09:44:31.104+0000] {logging_mixin.py:137} INFO - [2023-03-09T09:44:31.104+0000] {dagbag.py:538} INFO - Filling up the DagBag from /home/airflow/.local/lib/python3.7/site-packages/airflow/example_dags/example_sla_dag.py
[2023-03-09T09:44:31.126+0000] {processor.py:753} INFO - DAG(s) dict_keys(['example_sla_dag']) retrieved from /home/airflow/.local/lib/python3.7/site-packages/airflow/example_dags/example_sla_dag.py
[2023-03-09T09:44:31.151+0000] {logging_mixin.py:137} INFO - [2023-03-09T09:44:31.151+0000] {dag.py:2690} INFO - Sync 1 DAGs
[2023-03-09T09:44:31.174+0000] {logging_mixin.py:137} INFO - [2023-03-09T09:44:31.174+0000] {dag.py:3441} INFO - Setting next_dagrun for example_sla_dag to 2023-03-09T09:42:00+00:00, run_after=2023-03-09T09:44:00+00:00
[2023-03-09T09:44:31.189+0000] {processor.py:175} INFO - Processing /home/airflow/.local/lib/python3.7/site-packages/airflow/example_dags/example_sla_dag.py took 0.090 seconds
[2023-03-09T09:45:01.262+0000] {processor.py:153} INFO - Started process (PID=3638) to work on /home/airflow/.local/lib/python3.7/site-packages/airflow/example_dags/example_sla_dag.py
[2023-03-09T09:45:01.264+0000] {processor.py:743} INFO - Processing file /home/airflow/.local/lib/python3.7/site-packages/airflow/example_dags/example_sla_dag.py for tasks to queue
[2023-03-09T09:45:01.265+0000] {logging_mixin.py:137} INFO - [2023-03-09T09:45:01.265+0000] {dagbag.py:538} INFO - Filling up the DagBag from /home/airflow/.local/lib/python3.7/site-packages/airflow/example_dags/example_sla_dag.py
[2023-03-09T09:45:01.285+0000] {processor.py:753} INFO - DAG(s) dict_keys(['example_sla_dag']) retrieved from /home/airflow/.local/lib/python3.7/site-packages/airflow/example_dags/example_sla_dag.py
[2023-03-09T09:45:01.308+0000] {logging_mixin.py:137} INFO - [2023-03-09T09:45:01.307+0000] {dag.py:2690} INFO - Sync 1 DAGs
[2023-03-09T09:45:01.327+0000] {logging_mixin.py:137} INFO - [2023-03-09T09:45:01.327+0000] {dag.py:3441} INFO - Setting next_dagrun for example_sla_dag to 2023-03-09T09:42:00+00:00, run_after=2023-03-09T09:44:00+00:00
[2023-03-09T09:45:01.346+0000] {processor.py:175} INFO - Processing /home/airflow/.local/lib/python3.7/site-packages/airflow/example_dags/example_sla_dag.py took 0.087 seconds
[2023-03-09T09:45:31.660+0000] {processor.py:153} INFO - Started process (PID=3716) to work on /home/airflow/.local/lib/python3.7/site-packages/airflow/example_dags/example_sla_dag.py
[2023-03-09T09:45:31.661+0000] {processor.py:743} INFO - Processing file /home/airflow/.local/lib/python3.7/site-packages/airflow/example_dags/example_sla_dag.py for tasks to queue
[2023-03-09T09:45:31.662+0000] {logging_mixin.py:137} INFO - [2023-03-09T09:45:31.662+0000] {dagbag.py:538} INFO - Filling up the DagBag from /home/airflow/.local/lib/python3.7/site-packages/airflow/example_dags/example_sla_dag.py
[2023-03-09T09:45:31.678+0000] {processor.py:753} INFO - DAG(s) dict_keys(['example_sla_dag']) retrieved from /home/airflow/.local/lib/python3.7/site-packages/airflow/example_dags/example_sla_dag.py
[2023-03-09T09:45:31.696+0000] {logging_mixin.py:137} INFO - [2023-03-09T09:45:31.696+0000] {dag.py:2690} INFO - Sync 1 DAGs
[2023-03-09T09:45:31.713+0000] {logging_mixin.py:137} INFO - [2023-03-09T09:45:31.712+0000] {dag.py:3441} INFO - Setting next_dagrun for example_sla_dag to 2023-03-09T09:42:00+00:00, run_after=2023-03-09T09:44:00+00:00
[2023-03-09T09:45:31.724+0000] {processor.py:175} INFO - Processing /home/airflow/.local/lib/python3.7/site-packages/airflow/example_dags/example_sla_dag.py took 0.067 seconds
[2023-03-09T09:46:01.931+0000] {processor.py:153} INFO - Started process (PID=3786) to work on /home/airflow/.local/lib/python3.7/site-packages/airflow/example_dags/example_sla_dag.py
[2023-03-09T09:46:01.933+0000] {processor.py:743} INFO - Processing file /home/airflow/.local/lib/python3.7/site-packages/airflow/example_dags/example_sla_dag.py for tasks to queue
[2023-03-09T09:46:01.934+0000] {logging_mixin.py:137} INFO - [2023-03-09T09:46:01.934+0000] {dagbag.py:538} INFO - Filling up the DagBag from /home/airflow/.local/lib/python3.7/site-packages/airflow/example_dags/example_sla_dag.py
[2023-03-09T09:46:01.950+0000] {processor.py:753} INFO - DAG(s) dict_keys(['example_sla_dag']) retrieved from /home/airflow/.local/lib/python3.7/site-packages/airflow/example_dags/example_sla_dag.py
[2023-03-09T09:46:01.967+0000] {logging_mixin.py:137} INFO - [2023-03-09T09:46:01.967+0000] {dag.py:2690} INFO - Sync 1 DAGs
[2023-03-09T09:46:01.985+0000] {logging_mixin.py:137} INFO - [2023-03-09T09:46:01.985+0000] {dag.py:3441} INFO - Setting next_dagrun for example_sla_dag to 2023-03-09T09:44:00+00:00, run_after=2023-03-09T09:46:00+00:00
[2023-03-09T09:46:01.997+0000] {processor.py:175} INFO - Processing /home/airflow/.local/lib/python3.7/site-packages/airflow/example_dags/example_sla_dag.py took 0.068 seconds
[2023-03-09T09:46:32.274+0000] {processor.py:153} INFO - Started process (PID=3865) to work on /home/airflow/.local/lib/python3.7/site-packages/airflow/example_dags/example_sla_dag.py
[2023-03-09T09:46:32.275+0000] {processor.py:743} INFO - Processing file /home/airflow/.local/lib/python3.7/site-packages/airflow/example_dags/example_sla_dag.py for tasks to queue
[2023-03-09T09:46:32.276+0000] {logging_mixin.py:137} INFO - [2023-03-09T09:46:32.276+0000] {dagbag.py:538} INFO - Filling up the DagBag from /home/airflow/.local/lib/python3.7/site-packages/airflow/example_dags/example_sla_dag.py
[2023-03-09T09:46:32.291+0000] {processor.py:753} INFO - DAG(s) dict_keys(['example_sla_dag']) retrieved from /home/airflow/.local/lib/python3.7/site-packages/airflow/example_dags/example_sla_dag.py
[2023-03-09T09:46:32.311+0000] {logging_mixin.py:137} INFO - [2023-03-09T09:46:32.311+0000] {dag.py:2690} INFO - Sync 1 DAGs
[2023-03-09T09:46:32.329+0000] {logging_mixin.py:137} INFO - [2023-03-09T09:46:32.329+0000] {dag.py:3441} INFO - Setting next_dagrun for example_sla_dag to 2023-03-09T09:44:00+00:00, run_after=2023-03-09T09:46:00+00:00
[2023-03-09T09:46:32.340+0000] {processor.py:175} INFO - Processing /home/airflow/.local/lib/python3.7/site-packages/airflow/example_dags/example_sla_dag.py took 0.069 seconds
[2023-03-09T09:47:02.698+0000] {processor.py:153} INFO - Started process (PID=3948) to work on /home/airflow/.local/lib/python3.7/site-packages/airflow/example_dags/example_sla_dag.py
[2023-03-09T09:47:02.700+0000] {processor.py:743} INFO - Processing file /home/airflow/.local/lib/python3.7/site-packages/airflow/example_dags/example_sla_dag.py for tasks to queue
[2023-03-09T09:47:02.702+0000] {logging_mixin.py:137} INFO - [2023-03-09T09:47:02.701+0000] {dagbag.py:538} INFO - Filling up the DagBag from /home/airflow/.local/lib/python3.7/site-packages/airflow/example_dags/example_sla_dag.py
[2023-03-09T09:47:02.723+0000] {processor.py:753} INFO - DAG(s) dict_keys(['example_sla_dag']) retrieved from /home/airflow/.local/lib/python3.7/site-packages/airflow/example_dags/example_sla_dag.py
[2023-03-09T09:47:02.750+0000] {logging_mixin.py:137} INFO - [2023-03-09T09:47:02.749+0000] {dag.py:2690} INFO - Sync 1 DAGs
[2023-03-09T09:47:02.786+0000] {logging_mixin.py:137} INFO - [2023-03-09T09:47:02.786+0000] {dag.py:3441} INFO - Setting next_dagrun for example_sla_dag to 2023-03-09T09:44:00+00:00, run_after=2023-03-09T09:46:00+00:00
[2023-03-09T09:47:02.805+0000] {processor.py:175} INFO - Processing /home/airflow/.local/lib/python3.7/site-packages/airflow/example_dags/example_sla_dag.py took 0.110 seconds
[2023-03-09T09:47:33.049+0000] {processor.py:153} INFO - Started process (PID=4014) to work on /home/airflow/.local/lib/python3.7/site-packages/airflow/example_dags/example_sla_dag.py
[2023-03-09T09:47:33.050+0000] {processor.py:743} INFO - Processing file /home/airflow/.local/lib/python3.7/site-packages/airflow/example_dags/example_sla_dag.py for tasks to queue
[2023-03-09T09:47:33.051+0000] {logging_mixin.py:137} INFO - [2023-03-09T09:47:33.051+0000] {dagbag.py:538} INFO - Filling up the DagBag from /home/airflow/.local/lib/python3.7/site-packages/airflow/example_dags/example_sla_dag.py
[2023-03-09T09:47:33.070+0000] {processor.py:753} INFO - DAG(s) dict_keys(['example_sla_dag']) retrieved from /home/airflow/.local/lib/python3.7/site-packages/airflow/example_dags/example_sla_dag.py
[2023-03-09T09:47:33.088+0000] {logging_mixin.py:137} INFO - [2023-03-09T09:47:33.088+0000] {dag.py:2690} INFO - Sync 1 DAGs
[2023-03-09T09:47:33.105+0000] {logging_mixin.py:137} INFO - [2023-03-09T09:47:33.105+0000] {dag.py:3441} INFO - Setting next_dagrun for example_sla_dag to 2023-03-09T09:44:00+00:00, run_after=2023-03-09T09:46:00+00:00
[2023-03-09T09:47:33.118+0000] {processor.py:175} INFO - Processing /home/airflow/.local/lib/python3.7/site-packages/airflow/example_dags/example_sla_dag.py took 0.071 seconds
[2023-03-09T09:48:03.473+0000] {processor.py:153} INFO - Started process (PID=4091) to work on /home/airflow/.local/lib/python3.7/site-packages/airflow/example_dags/example_sla_dag.py
[2023-03-09T09:48:03.474+0000] {processor.py:743} INFO - Processing file /home/airflow/.local/lib/python3.7/site-packages/airflow/example_dags/example_sla_dag.py for tasks to queue
[2023-03-09T09:48:03.476+0000] {logging_mixin.py:137} INFO - [2023-03-09T09:48:03.475+0000] {dagbag.py:538} INFO - Filling up the DagBag from /home/airflow/.local/lib/python3.7/site-packages/airflow/example_dags/example_sla_dag.py
[2023-03-09T09:48:03.490+0000] {processor.py:753} INFO - DAG(s) dict_keys(['example_sla_dag']) retrieved from /home/airflow/.local/lib/python3.7/site-packages/airflow/example_dags/example_sla_dag.py
[2023-03-09T09:48:03.510+0000] {logging_mixin.py:137} INFO - [2023-03-09T09:48:03.510+0000] {dag.py:2690} INFO - Sync 1 DAGs
[2023-03-09T09:48:03.534+0000] {logging_mixin.py:137} INFO - [2023-03-09T09:48:03.534+0000] {dag.py:3441} INFO - Setting next_dagrun for example_sla_dag to 2023-03-09T09:46:00+00:00, run_after=2023-03-09T09:48:00+00:00
[2023-03-09T09:48:03.562+0000] {processor.py:175} INFO - Processing /home/airflow/.local/lib/python3.7/site-packages/airflow/example_dags/example_sla_dag.py took 0.092 seconds
[2023-03-09T09:48:33.651+0000] {processor.py:153} INFO - Started process (PID=4154) to work on /home/airflow/.local/lib/python3.7/site-packages/airflow/example_dags/example_sla_dag.py
[2023-03-09T09:48:33.652+0000] {processor.py:743} INFO - Processing file /home/airflow/.local/lib/python3.7/site-packages/airflow/example_dags/example_sla_dag.py for tasks to queue
[2023-03-09T09:48:33.653+0000] {logging_mixin.py:137} INFO - [2023-03-09T09:48:33.653+0000] {dagbag.py:538} INFO - Filling up the DagBag from /home/airflow/.local/lib/python3.7/site-packages/airflow/example_dags/example_sla_dag.py
[2023-03-09T09:48:33.668+0000] {processor.py:753} INFO - DAG(s) dict_keys(['example_sla_dag']) retrieved from /home/airflow/.local/lib/python3.7/site-packages/airflow/example_dags/example_sla_dag.py
[2023-03-09T09:48:33.688+0000] {logging_mixin.py:137} INFO - [2023-03-09T09:48:33.688+0000] {dag.py:2690} INFO - Sync 1 DAGs
[2023-03-09T09:48:33.705+0000] {logging_mixin.py:137} INFO - [2023-03-09T09:48:33.705+0000] {dag.py:3441} INFO - Setting next_dagrun for example_sla_dag to 2023-03-09T09:46:00+00:00, run_after=2023-03-09T09:48:00+00:00
[2023-03-09T09:48:33.715+0000] {processor.py:175} INFO - Processing /home/airflow/.local/lib/python3.7/site-packages/airflow/example_dags/example_sla_dag.py took 0.067 seconds
[2023-03-09T09:49:04.075+0000] {processor.py:153} INFO - Started process (PID=4234) to work on /home/airflow/.local/lib/python3.7/site-packages/airflow/example_dags/example_sla_dag.py
[2023-03-09T09:49:04.077+0000] {processor.py:743} INFO - Processing file /home/airflow/.local/lib/python3.7/site-packages/airflow/example_dags/example_sla_dag.py for tasks to queue
[2023-03-09T09:49:04.078+0000] {logging_mixin.py:137} INFO - [2023-03-09T09:49:04.078+0000] {dagbag.py:538} INFO - Filling up the DagBag from /home/airflow/.local/lib/python3.7/site-packages/airflow/example_dags/example_sla_dag.py
[2023-03-09T09:49:04.093+0000] {processor.py:753} INFO - DAG(s) dict_keys(['example_sla_dag']) retrieved from /home/airflow/.local/lib/python3.7/site-packages/airflow/example_dags/example_sla_dag.py
[2023-03-09T09:49:04.114+0000] {logging_mixin.py:137} INFO - [2023-03-09T09:49:04.114+0000] {dag.py:2690} INFO - Sync 1 DAGs
[2023-03-09T09:49:04.131+0000] {logging_mixin.py:137} INFO - [2023-03-09T09:49:04.131+0000] {dag.py:3441} INFO - Setting next_dagrun for example_sla_dag to 2023-03-09T09:46:00+00:00, run_after=2023-03-09T09:48:00+00:00
[2023-03-09T09:49:04.141+0000] {processor.py:175} INFO - Processing /home/airflow/.local/lib/python3.7/site-packages/airflow/example_dags/example_sla_dag.py took 0.069 seconds
[2023-03-09T09:49:34.511+0000] {processor.py:153} INFO - Started process (PID=4317) to work on /home/airflow/.local/lib/python3.7/site-packages/airflow/example_dags/example_sla_dag.py
[2023-03-09T09:49:34.513+0000] {processor.py:743} INFO - Processing file /home/airflow/.local/lib/python3.7/site-packages/airflow/example_dags/example_sla_dag.py for tasks to queue
[2023-03-09T09:49:34.514+0000] {logging_mixin.py:137} INFO - [2023-03-09T09:49:34.513+0000] {dagbag.py:538} INFO - Filling up the DagBag from /home/airflow/.local/lib/python3.7/site-packages/airflow/example_dags/example_sla_dag.py
[2023-03-09T09:49:34.528+0000] {processor.py:753} INFO - DAG(s) dict_keys(['example_sla_dag']) retrieved from /home/airflow/.local/lib/python3.7/site-packages/airflow/example_dags/example_sla_dag.py
[2023-03-09T09:49:34.546+0000] {logging_mixin.py:137} INFO - [2023-03-09T09:49:34.546+0000] {dag.py:2690} INFO - Sync 1 DAGs
[2023-03-09T09:49:34.563+0000] {logging_mixin.py:137} INFO - [2023-03-09T09:49:34.563+0000] {dag.py:3441} INFO - Setting next_dagrun for example_sla_dag to 2023-03-09T09:46:00+00:00, run_after=2023-03-09T09:48:00+00:00
[2023-03-09T09:49:34.575+0000] {processor.py:175} INFO - Processing /home/airflow/.local/lib/python3.7/site-packages/airflow/example_dags/example_sla_dag.py took 0.066 seconds
[2023-03-09T09:50:04.721+0000] {processor.py:153} INFO - Started process (PID=4382) to work on /home/airflow/.local/lib/python3.7/site-packages/airflow/example_dags/example_sla_dag.py
[2023-03-09T09:50:04.722+0000] {processor.py:743} INFO - Processing file /home/airflow/.local/lib/python3.7/site-packages/airflow/example_dags/example_sla_dag.py for tasks to queue
[2023-03-09T09:50:04.723+0000] {logging_mixin.py:137} INFO - [2023-03-09T09:50:04.723+0000] {dagbag.py:538} INFO - Filling up the DagBag from /home/airflow/.local/lib/python3.7/site-packages/airflow/example_dags/example_sla_dag.py
[2023-03-09T09:50:04.739+0000] {processor.py:753} INFO - DAG(s) dict_keys(['example_sla_dag']) retrieved from /home/airflow/.local/lib/python3.7/site-packages/airflow/example_dags/example_sla_dag.py
[2023-03-09T09:50:04.757+0000] {logging_mixin.py:137} INFO - [2023-03-09T09:50:04.757+0000] {dag.py:2690} INFO - Sync 1 DAGs
[2023-03-09T09:50:04.776+0000] {logging_mixin.py:137} INFO - [2023-03-09T09:50:04.776+0000] {dag.py:3441} INFO - Setting next_dagrun for example_sla_dag to 2023-03-09T09:48:00+00:00, run_after=2023-03-09T09:50:00+00:00
[2023-03-09T09:50:04.787+0000] {processor.py:175} INFO - Processing /home/airflow/.local/lib/python3.7/site-packages/airflow/example_dags/example_sla_dag.py took 0.069 seconds
[2023-03-09T09:50:35.224+0000] {processor.py:153} INFO - Started process (PID=4462) to work on /home/airflow/.local/lib/python3.7/site-packages/airflow/example_dags/example_sla_dag.py
[2023-03-09T09:50:35.226+0000] {processor.py:743} INFO - Processing file /home/airflow/.local/lib/python3.7/site-packages/airflow/example_dags/example_sla_dag.py for tasks to queue
[2023-03-09T09:50:35.227+0000] {logging_mixin.py:137} INFO - [2023-03-09T09:50:35.227+0000] {dagbag.py:538} INFO - Filling up the DagBag from /home/airflow/.local/lib/python3.7/site-packages/airflow/example_dags/example_sla_dag.py
[2023-03-09T09:50:35.242+0000] {processor.py:753} INFO - DAG(s) dict_keys(['example_sla_dag']) retrieved from /home/airflow/.local/lib/python3.7/site-packages/airflow/example_dags/example_sla_dag.py
[2023-03-09T09:50:35.261+0000] {logging_mixin.py:137} INFO - [2023-03-09T09:50:35.261+0000] {dag.py:2690} INFO - Sync 1 DAGs
[2023-03-09T09:50:35.279+0000] {logging_mixin.py:137} INFO - [2023-03-09T09:50:35.279+0000] {dag.py:3441} INFO - Setting next_dagrun for example_sla_dag to 2023-03-09T09:48:00+00:00, run_after=2023-03-09T09:50:00+00:00
[2023-03-09T09:50:35.292+0000] {processor.py:175} INFO - Processing /home/airflow/.local/lib/python3.7/site-packages/airflow/example_dags/example_sla_dag.py took 0.070 seconds
