[2023-03-09T09:02:22.983+0000] {processor.py:153} INFO - Started process (PID=84) to work on /home/airflow/.local/lib/python3.7/site-packages/airflow/example_dags/example_branch_operator.py
[2023-03-09T09:02:22.984+0000] {processor.py:743} INFO - Processing file /home/airflow/.local/lib/python3.7/site-packages/airflow/example_dags/example_branch_operator.py for tasks to queue
[2023-03-09T09:02:22.986+0000] {logging_mixin.py:137} INFO - [2023-03-09T09:02:22.985+0000] {dagbag.py:538} INFO - Filling up the DagBag from /home/airflow/.local/lib/python3.7/site-packages/airflow/example_dags/example_branch_operator.py
[2023-03-09T09:02:23.000+0000] {processor.py:753} INFO - DAG(s) dict_keys(['example_branch_operator']) retrieved from /home/airflow/.local/lib/python3.7/site-packages/airflow/example_dags/example_branch_operator.py
[2023-03-09T09:02:23.018+0000] {logging_mixin.py:137} INFO - [2023-03-09T09:02:23.018+0000] {dag.py:2690} INFO - Sync 1 DAGs
[2023-03-09T09:02:23.042+0000] {logging_mixin.py:137} INFO - [2023-03-09T09:02:23.042+0000] {dag.py:3441} INFO - Setting next_dagrun for example_branch_operator to 2023-03-08T00:00:00+00:00, run_after=2023-03-09T00:00:00+00:00
[2023-03-09T09:02:23.066+0000] {processor.py:175} INFO - Processing /home/airflow/.local/lib/python3.7/site-packages/airflow/example_dags/example_branch_operator.py took 0.086 seconds
[2023-03-09T09:02:53.304+0000] {processor.py:153} INFO - Started process (PID=150) to work on /home/airflow/.local/lib/python3.7/site-packages/airflow/example_dags/example_branch_operator.py
[2023-03-09T09:02:53.306+0000] {processor.py:743} INFO - Processing file /home/airflow/.local/lib/python3.7/site-packages/airflow/example_dags/example_branch_operator.py for tasks to queue
[2023-03-09T09:02:53.307+0000] {logging_mixin.py:137} INFO - [2023-03-09T09:02:53.307+0000] {dagbag.py:538} INFO - Filling up the DagBag from /home/airflow/.local/lib/python3.7/site-packages/airflow/example_dags/example_branch_operator.py
[2023-03-09T09:02:53.318+0000] {processor.py:753} INFO - DAG(s) dict_keys(['example_branch_operator']) retrieved from /home/airflow/.local/lib/python3.7/site-packages/airflow/example_dags/example_branch_operator.py
[2023-03-09T09:02:53.337+0000] {logging_mixin.py:137} INFO - [2023-03-09T09:02:53.336+0000] {dag.py:2690} INFO - Sync 1 DAGs
[2023-03-09T09:02:53.353+0000] {logging_mixin.py:137} INFO - [2023-03-09T09:02:53.353+0000] {dag.py:3441} INFO - Setting next_dagrun for example_branch_operator to 2023-03-08T00:00:00+00:00, run_after=2023-03-09T00:00:00+00:00
[2023-03-09T09:02:53.366+0000] {processor.py:175} INFO - Processing /home/airflow/.local/lib/python3.7/site-packages/airflow/example_dags/example_branch_operator.py took 0.064 seconds
[2023-03-09T09:03:23.943+0000] {processor.py:153} INFO - Started process (PID=231) to work on /home/airflow/.local/lib/python3.7/site-packages/airflow/example_dags/example_branch_operator.py
[2023-03-09T09:03:23.944+0000] {processor.py:743} INFO - Processing file /home/airflow/.local/lib/python3.7/site-packages/airflow/example_dags/example_branch_operator.py for tasks to queue
[2023-03-09T09:03:23.945+0000] {logging_mixin.py:137} INFO - [2023-03-09T09:03:23.945+0000] {dagbag.py:538} INFO - Filling up the DagBag from /home/airflow/.local/lib/python3.7/site-packages/airflow/example_dags/example_branch_operator.py
[2023-03-09T09:03:23.958+0000] {processor.py:753} INFO - DAG(s) dict_keys(['example_branch_operator']) retrieved from /home/airflow/.local/lib/python3.7/site-packages/airflow/example_dags/example_branch_operator.py
[2023-03-09T09:03:23.976+0000] {logging_mixin.py:137} INFO - [2023-03-09T09:03:23.976+0000] {dag.py:2690} INFO - Sync 1 DAGs
[2023-03-09T09:03:23.993+0000] {logging_mixin.py:137} INFO - [2023-03-09T09:03:23.993+0000] {dag.py:3441} INFO - Setting next_dagrun for example_branch_operator to 2023-03-08T00:00:00+00:00, run_after=2023-03-09T00:00:00+00:00
[2023-03-09T09:03:24.005+0000] {processor.py:175} INFO - Processing /home/airflow/.local/lib/python3.7/site-packages/airflow/example_dags/example_branch_operator.py took 0.065 seconds
[2023-03-09T09:03:54.180+0000] {processor.py:153} INFO - Started process (PID=304) to work on /home/airflow/.local/lib/python3.7/site-packages/airflow/example_dags/example_branch_operator.py
[2023-03-09T09:03:54.185+0000] {processor.py:743} INFO - Processing file /home/airflow/.local/lib/python3.7/site-packages/airflow/example_dags/example_branch_operator.py for tasks to queue
[2023-03-09T09:03:54.186+0000] {logging_mixin.py:137} INFO - [2023-03-09T09:03:54.186+0000] {dagbag.py:538} INFO - Filling up the DagBag from /home/airflow/.local/lib/python3.7/site-packages/airflow/example_dags/example_branch_operator.py
[2023-03-09T09:03:54.200+0000] {processor.py:753} INFO - DAG(s) dict_keys(['example_branch_operator']) retrieved from /home/airflow/.local/lib/python3.7/site-packages/airflow/example_dags/example_branch_operator.py
[2023-03-09T09:03:54.222+0000] {logging_mixin.py:137} INFO - [2023-03-09T09:03:54.222+0000] {dag.py:2690} INFO - Sync 1 DAGs
[2023-03-09T09:03:54.240+0000] {logging_mixin.py:137} INFO - [2023-03-09T09:03:54.240+0000] {dag.py:3441} INFO - Setting next_dagrun for example_branch_operator to 2023-03-08T00:00:00+00:00, run_after=2023-03-09T00:00:00+00:00
[2023-03-09T09:03:54.253+0000] {processor.py:175} INFO - Processing /home/airflow/.local/lib/python3.7/site-packages/airflow/example_dags/example_branch_operator.py took 0.076 seconds
[2023-03-09T09:20:51.423+0000] {processor.py:153} INFO - Started process (PID=84) to work on /home/airflow/.local/lib/python3.7/site-packages/airflow/example_dags/example_branch_operator.py
[2023-03-09T09:20:51.425+0000] {processor.py:743} INFO - Processing file /home/airflow/.local/lib/python3.7/site-packages/airflow/example_dags/example_branch_operator.py for tasks to queue
[2023-03-09T09:20:51.430+0000] {logging_mixin.py:137} INFO - [2023-03-09T09:20:51.429+0000] {dagbag.py:538} INFO - Filling up the DagBag from /home/airflow/.local/lib/python3.7/site-packages/airflow/example_dags/example_branch_operator.py
[2023-03-09T09:20:51.473+0000] {processor.py:753} INFO - DAG(s) dict_keys(['example_branch_operator']) retrieved from /home/airflow/.local/lib/python3.7/site-packages/airflow/example_dags/example_branch_operator.py
[2023-03-09T09:20:51.789+0000] {logging_mixin.py:137} INFO - [2023-03-09T09:20:51.789+0000] {manager.py:504} INFO - Created Permission View: can read on DAG:example_branch_operator
[2023-03-09T09:20:51.826+0000] {logging_mixin.py:137} INFO - [2023-03-09T09:20:51.826+0000] {manager.py:504} INFO - Created Permission View: can edit on DAG:example_branch_operator
[2023-03-09T09:20:51.898+0000] {logging_mixin.py:137} INFO - [2023-03-09T09:20:51.898+0000] {manager.py:504} INFO - Created Permission View: can delete on DAG:example_branch_operator
[2023-03-09T09:20:51.916+0000] {logging_mixin.py:137} INFO - [2023-03-09T09:20:51.916+0000] {dag.py:2690} INFO - Sync 1 DAGs
[2023-03-09T09:20:51.960+0000] {logging_mixin.py:137} INFO - [2023-03-09T09:20:51.960+0000] {dag.py:2711} INFO - Creating ORM DAG for example_branch_operator
[2023-03-09T09:20:51.993+0000] {logging_mixin.py:137} INFO - [2023-03-09T09:20:51.993+0000] {dag.py:3441} INFO - Setting next_dagrun for example_branch_operator to 2023-03-08T00:00:00+00:00, run_after=2023-03-09T00:00:00+00:00
[2023-03-09T09:20:52.051+0000] {processor.py:175} INFO - Processing /home/airflow/.local/lib/python3.7/site-packages/airflow/example_dags/example_branch_operator.py took 0.633 seconds
[2023-03-09T09:21:22.831+0000] {processor.py:153} INFO - Started process (PID=149) to work on /home/airflow/.local/lib/python3.7/site-packages/airflow/example_dags/example_branch_operator.py
[2023-03-09T09:21:22.835+0000] {processor.py:743} INFO - Processing file /home/airflow/.local/lib/python3.7/site-packages/airflow/example_dags/example_branch_operator.py for tasks to queue
[2023-03-09T09:21:22.836+0000] {logging_mixin.py:137} INFO - [2023-03-09T09:21:22.836+0000] {dagbag.py:538} INFO - Filling up the DagBag from /home/airflow/.local/lib/python3.7/site-packages/airflow/example_dags/example_branch_operator.py
[2023-03-09T09:21:22.847+0000] {processor.py:753} INFO - DAG(s) dict_keys(['example_branch_operator']) retrieved from /home/airflow/.local/lib/python3.7/site-packages/airflow/example_dags/example_branch_operator.py
[2023-03-09T09:21:22.865+0000] {logging_mixin.py:137} INFO - [2023-03-09T09:21:22.865+0000] {dag.py:2690} INFO - Sync 1 DAGs
[2023-03-09T09:21:22.879+0000] {logging_mixin.py:137} INFO - [2023-03-09T09:21:22.879+0000] {dag.py:3441} INFO - Setting next_dagrun for example_branch_operator to 2023-03-08T00:00:00+00:00, run_after=2023-03-09T00:00:00+00:00
[2023-03-09T09:21:22.890+0000] {processor.py:175} INFO - Processing /home/airflow/.local/lib/python3.7/site-packages/airflow/example_dags/example_branch_operator.py took 0.063 seconds
[2023-03-09T09:21:53.718+0000] {processor.py:153} INFO - Started process (PID=231) to work on /home/airflow/.local/lib/python3.7/site-packages/airflow/example_dags/example_branch_operator.py
[2023-03-09T09:21:53.720+0000] {processor.py:743} INFO - Processing file /home/airflow/.local/lib/python3.7/site-packages/airflow/example_dags/example_branch_operator.py for tasks to queue
[2023-03-09T09:21:53.721+0000] {logging_mixin.py:137} INFO - [2023-03-09T09:21:53.721+0000] {dagbag.py:538} INFO - Filling up the DagBag from /home/airflow/.local/lib/python3.7/site-packages/airflow/example_dags/example_branch_operator.py
[2023-03-09T09:21:53.734+0000] {processor.py:753} INFO - DAG(s) dict_keys(['example_branch_operator']) retrieved from /home/airflow/.local/lib/python3.7/site-packages/airflow/example_dags/example_branch_operator.py
[2023-03-09T09:21:53.753+0000] {logging_mixin.py:137} INFO - [2023-03-09T09:21:53.753+0000] {dag.py:2690} INFO - Sync 1 DAGs
[2023-03-09T09:21:53.778+0000] {logging_mixin.py:137} INFO - [2023-03-09T09:21:53.778+0000] {dag.py:3441} INFO - Setting next_dagrun for example_branch_operator to 2023-03-08T00:00:00+00:00, run_after=2023-03-09T00:00:00+00:00
[2023-03-09T09:21:53.790+0000] {processor.py:175} INFO - Processing /home/airflow/.local/lib/python3.7/site-packages/airflow/example_dags/example_branch_operator.py took 0.075 seconds
[2023-03-09T09:22:24.140+0000] {processor.py:153} INFO - Started process (PID=308) to work on /home/airflow/.local/lib/python3.7/site-packages/airflow/example_dags/example_branch_operator.py
[2023-03-09T09:22:24.142+0000] {processor.py:743} INFO - Processing file /home/airflow/.local/lib/python3.7/site-packages/airflow/example_dags/example_branch_operator.py for tasks to queue
[2023-03-09T09:22:24.144+0000] {logging_mixin.py:137} INFO - [2023-03-09T09:22:24.144+0000] {dagbag.py:538} INFO - Filling up the DagBag from /home/airflow/.local/lib/python3.7/site-packages/airflow/example_dags/example_branch_operator.py
[2023-03-09T09:22:24.159+0000] {processor.py:753} INFO - DAG(s) dict_keys(['example_branch_operator']) retrieved from /home/airflow/.local/lib/python3.7/site-packages/airflow/example_dags/example_branch_operator.py
[2023-03-09T09:22:24.186+0000] {logging_mixin.py:137} INFO - [2023-03-09T09:22:24.186+0000] {dag.py:2690} INFO - Sync 1 DAGs
[2023-03-09T09:22:24.206+0000] {logging_mixin.py:137} INFO - [2023-03-09T09:22:24.206+0000] {dag.py:3441} INFO - Setting next_dagrun for example_branch_operator to 2023-03-08T00:00:00+00:00, run_after=2023-03-09T00:00:00+00:00
[2023-03-09T09:22:24.221+0000] {processor.py:175} INFO - Processing /home/airflow/.local/lib/python3.7/site-packages/airflow/example_dags/example_branch_operator.py took 0.085 seconds
[2023-03-09T09:22:54.417+0000] {processor.py:153} INFO - Started process (PID=373) to work on /home/airflow/.local/lib/python3.7/site-packages/airflow/example_dags/example_branch_operator.py
[2023-03-09T09:22:54.419+0000] {processor.py:743} INFO - Processing file /home/airflow/.local/lib/python3.7/site-packages/airflow/example_dags/example_branch_operator.py for tasks to queue
[2023-03-09T09:22:54.421+0000] {logging_mixin.py:137} INFO - [2023-03-09T09:22:54.421+0000] {dagbag.py:538} INFO - Filling up the DagBag from /home/airflow/.local/lib/python3.7/site-packages/airflow/example_dags/example_branch_operator.py
[2023-03-09T09:22:54.434+0000] {processor.py:753} INFO - DAG(s) dict_keys(['example_branch_operator']) retrieved from /home/airflow/.local/lib/python3.7/site-packages/airflow/example_dags/example_branch_operator.py
[2023-03-09T09:22:54.452+0000] {logging_mixin.py:137} INFO - [2023-03-09T09:22:54.452+0000] {dag.py:2690} INFO - Sync 1 DAGs
[2023-03-09T09:22:54.468+0000] {logging_mixin.py:137} INFO - [2023-03-09T09:22:54.468+0000] {dag.py:3441} INFO - Setting next_dagrun for example_branch_operator to 2023-03-08T00:00:00+00:00, run_after=2023-03-09T00:00:00+00:00
[2023-03-09T09:22:54.479+0000] {processor.py:175} INFO - Processing /home/airflow/.local/lib/python3.7/site-packages/airflow/example_dags/example_branch_operator.py took 0.067 seconds
[2023-03-09T09:23:24.668+0000] {processor.py:153} INFO - Started process (PID=454) to work on /home/airflow/.local/lib/python3.7/site-packages/airflow/example_dags/example_branch_operator.py
[2023-03-09T09:23:24.670+0000] {processor.py:743} INFO - Processing file /home/airflow/.local/lib/python3.7/site-packages/airflow/example_dags/example_branch_operator.py for tasks to queue
[2023-03-09T09:23:24.671+0000] {logging_mixin.py:137} INFO - [2023-03-09T09:23:24.671+0000] {dagbag.py:538} INFO - Filling up the DagBag from /home/airflow/.local/lib/python3.7/site-packages/airflow/example_dags/example_branch_operator.py
[2023-03-09T09:23:24.685+0000] {processor.py:753} INFO - DAG(s) dict_keys(['example_branch_operator']) retrieved from /home/airflow/.local/lib/python3.7/site-packages/airflow/example_dags/example_branch_operator.py
[2023-03-09T09:23:24.706+0000] {logging_mixin.py:137} INFO - [2023-03-09T09:23:24.706+0000] {dag.py:2690} INFO - Sync 1 DAGs
[2023-03-09T09:23:24.722+0000] {logging_mixin.py:137} INFO - [2023-03-09T09:23:24.722+0000] {dag.py:3441} INFO - Setting next_dagrun for example_branch_operator to 2023-03-08T00:00:00+00:00, run_after=2023-03-09T00:00:00+00:00
[2023-03-09T09:23:24.735+0000] {processor.py:175} INFO - Processing /home/airflow/.local/lib/python3.7/site-packages/airflow/example_dags/example_branch_operator.py took 0.070 seconds
[2023-03-09T09:23:54.813+0000] {processor.py:153} INFO - Started process (PID=539) to work on /home/airflow/.local/lib/python3.7/site-packages/airflow/example_dags/example_branch_operator.py
[2023-03-09T09:23:54.815+0000] {processor.py:743} INFO - Processing file /home/airflow/.local/lib/python3.7/site-packages/airflow/example_dags/example_branch_operator.py for tasks to queue
[2023-03-09T09:23:54.816+0000] {logging_mixin.py:137} INFO - [2023-03-09T09:23:54.816+0000] {dagbag.py:538} INFO - Filling up the DagBag from /home/airflow/.local/lib/python3.7/site-packages/airflow/example_dags/example_branch_operator.py
[2023-03-09T09:23:54.828+0000] {processor.py:753} INFO - DAG(s) dict_keys(['example_branch_operator']) retrieved from /home/airflow/.local/lib/python3.7/site-packages/airflow/example_dags/example_branch_operator.py
[2023-03-09T09:23:54.848+0000] {logging_mixin.py:137} INFO - [2023-03-09T09:23:54.848+0000] {dag.py:2690} INFO - Sync 1 DAGs
[2023-03-09T09:23:54.864+0000] {logging_mixin.py:137} INFO - [2023-03-09T09:23:54.864+0000] {dag.py:3441} INFO - Setting next_dagrun for example_branch_operator to 2023-03-08T00:00:00+00:00, run_after=2023-03-09T00:00:00+00:00
[2023-03-09T09:23:54.875+0000] {processor.py:175} INFO - Processing /home/airflow/.local/lib/python3.7/site-packages/airflow/example_dags/example_branch_operator.py took 0.064 seconds
[2023-03-09T09:24:25.592+0000] {processor.py:153} INFO - Started process (PID=602) to work on /home/airflow/.local/lib/python3.7/site-packages/airflow/example_dags/example_branch_operator.py
[2023-03-09T09:24:25.595+0000] {processor.py:743} INFO - Processing file /home/airflow/.local/lib/python3.7/site-packages/airflow/example_dags/example_branch_operator.py for tasks to queue
[2023-03-09T09:24:25.599+0000] {logging_mixin.py:137} INFO - [2023-03-09T09:24:25.598+0000] {dagbag.py:538} INFO - Filling up the DagBag from /home/airflow/.local/lib/python3.7/site-packages/airflow/example_dags/example_branch_operator.py
[2023-03-09T09:24:25.635+0000] {processor.py:753} INFO - DAG(s) dict_keys(['example_branch_operator']) retrieved from /home/airflow/.local/lib/python3.7/site-packages/airflow/example_dags/example_branch_operator.py
[2023-03-09T09:24:25.667+0000] {logging_mixin.py:137} INFO - [2023-03-09T09:24:25.667+0000] {dag.py:2690} INFO - Sync 1 DAGs
[2023-03-09T09:24:25.708+0000] {logging_mixin.py:137} INFO - [2023-03-09T09:24:25.708+0000] {dag.py:3441} INFO - Setting next_dagrun for example_branch_operator to 2023-03-08T00:00:00+00:00, run_after=2023-03-09T00:00:00+00:00
[2023-03-09T09:24:25.727+0000] {processor.py:175} INFO - Processing /home/airflow/.local/lib/python3.7/site-packages/airflow/example_dags/example_branch_operator.py took 0.139 seconds
[2023-03-09T09:24:55.975+0000] {processor.py:153} INFO - Started process (PID=679) to work on /home/airflow/.local/lib/python3.7/site-packages/airflow/example_dags/example_branch_operator.py
[2023-03-09T09:24:55.977+0000] {processor.py:743} INFO - Processing file /home/airflow/.local/lib/python3.7/site-packages/airflow/example_dags/example_branch_operator.py for tasks to queue
[2023-03-09T09:24:55.977+0000] {logging_mixin.py:137} INFO - [2023-03-09T09:24:55.977+0000] {dagbag.py:538} INFO - Filling up the DagBag from /home/airflow/.local/lib/python3.7/site-packages/airflow/example_dags/example_branch_operator.py
[2023-03-09T09:24:55.989+0000] {processor.py:753} INFO - DAG(s) dict_keys(['example_branch_operator']) retrieved from /home/airflow/.local/lib/python3.7/site-packages/airflow/example_dags/example_branch_operator.py
[2023-03-09T09:24:56.007+0000] {logging_mixin.py:137} INFO - [2023-03-09T09:24:56.007+0000] {dag.py:2690} INFO - Sync 1 DAGs
[2023-03-09T09:24:56.023+0000] {logging_mixin.py:137} INFO - [2023-03-09T09:24:56.023+0000] {dag.py:3441} INFO - Setting next_dagrun for example_branch_operator to 2023-03-08T00:00:00+00:00, run_after=2023-03-09T00:00:00+00:00
[2023-03-09T09:24:56.035+0000] {processor.py:175} INFO - Processing /home/airflow/.local/lib/python3.7/site-packages/airflow/example_dags/example_branch_operator.py took 0.062 seconds
[2023-03-09T09:25:26.110+0000] {processor.py:153} INFO - Started process (PID=759) to work on /home/airflow/.local/lib/python3.7/site-packages/airflow/example_dags/example_branch_operator.py
[2023-03-09T09:25:26.111+0000] {processor.py:743} INFO - Processing file /home/airflow/.local/lib/python3.7/site-packages/airflow/example_dags/example_branch_operator.py for tasks to queue
[2023-03-09T09:25:26.112+0000] {logging_mixin.py:137} INFO - [2023-03-09T09:25:26.112+0000] {dagbag.py:538} INFO - Filling up the DagBag from /home/airflow/.local/lib/python3.7/site-packages/airflow/example_dags/example_branch_operator.py
[2023-03-09T09:25:26.123+0000] {processor.py:753} INFO - DAG(s) dict_keys(['example_branch_operator']) retrieved from /home/airflow/.local/lib/python3.7/site-packages/airflow/example_dags/example_branch_operator.py
[2023-03-09T09:25:26.142+0000] {logging_mixin.py:137} INFO - [2023-03-09T09:25:26.142+0000] {dag.py:2690} INFO - Sync 1 DAGs
[2023-03-09T09:25:26.159+0000] {logging_mixin.py:137} INFO - [2023-03-09T09:25:26.159+0000] {dag.py:3441} INFO - Setting next_dagrun for example_branch_operator to 2023-03-08T00:00:00+00:00, run_after=2023-03-09T00:00:00+00:00
[2023-03-09T09:25:26.170+0000] {processor.py:175} INFO - Processing /home/airflow/.local/lib/python3.7/site-packages/airflow/example_dags/example_branch_operator.py took 0.063 seconds
[2023-03-09T09:25:56.592+0000] {processor.py:153} INFO - Started process (PID=825) to work on /home/airflow/.local/lib/python3.7/site-packages/airflow/example_dags/example_branch_operator.py
[2023-03-09T09:25:56.593+0000] {processor.py:743} INFO - Processing file /home/airflow/.local/lib/python3.7/site-packages/airflow/example_dags/example_branch_operator.py for tasks to queue
[2023-03-09T09:25:56.595+0000] {logging_mixin.py:137} INFO - [2023-03-09T09:25:56.594+0000] {dagbag.py:538} INFO - Filling up the DagBag from /home/airflow/.local/lib/python3.7/site-packages/airflow/example_dags/example_branch_operator.py
[2023-03-09T09:25:56.606+0000] {processor.py:753} INFO - DAG(s) dict_keys(['example_branch_operator']) retrieved from /home/airflow/.local/lib/python3.7/site-packages/airflow/example_dags/example_branch_operator.py
[2023-03-09T09:25:56.625+0000] {logging_mixin.py:137} INFO - [2023-03-09T09:25:56.625+0000] {dag.py:2690} INFO - Sync 1 DAGs
[2023-03-09T09:25:56.640+0000] {logging_mixin.py:137} INFO - [2023-03-09T09:25:56.640+0000] {dag.py:3441} INFO - Setting next_dagrun for example_branch_operator to 2023-03-08T00:00:00+00:00, run_after=2023-03-09T00:00:00+00:00
[2023-03-09T09:25:56.651+0000] {processor.py:175} INFO - Processing /home/airflow/.local/lib/python3.7/site-packages/airflow/example_dags/example_branch_operator.py took 0.062 seconds
[2023-03-09T09:26:26.716+0000] {processor.py:153} INFO - Started process (PID=901) to work on /home/airflow/.local/lib/python3.7/site-packages/airflow/example_dags/example_branch_operator.py
[2023-03-09T09:26:26.718+0000] {processor.py:743} INFO - Processing file /home/airflow/.local/lib/python3.7/site-packages/airflow/example_dags/example_branch_operator.py for tasks to queue
[2023-03-09T09:26:26.718+0000] {logging_mixin.py:137} INFO - [2023-03-09T09:26:26.718+0000] {dagbag.py:538} INFO - Filling up the DagBag from /home/airflow/.local/lib/python3.7/site-packages/airflow/example_dags/example_branch_operator.py
[2023-03-09T09:26:26.729+0000] {processor.py:753} INFO - DAG(s) dict_keys(['example_branch_operator']) retrieved from /home/airflow/.local/lib/python3.7/site-packages/airflow/example_dags/example_branch_operator.py
[2023-03-09T09:26:26.748+0000] {logging_mixin.py:137} INFO - [2023-03-09T09:26:26.748+0000] {dag.py:2690} INFO - Sync 1 DAGs
[2023-03-09T09:26:26.764+0000] {logging_mixin.py:137} INFO - [2023-03-09T09:26:26.764+0000] {dag.py:3441} INFO - Setting next_dagrun for example_branch_operator to 2023-03-08T00:00:00+00:00, run_after=2023-03-09T00:00:00+00:00
[2023-03-09T09:26:26.774+0000] {processor.py:175} INFO - Processing /home/airflow/.local/lib/python3.7/site-packages/airflow/example_dags/example_branch_operator.py took 0.060 seconds
[2023-03-09T09:26:56.987+0000] {processor.py:153} INFO - Started process (PID=985) to work on /home/airflow/.local/lib/python3.7/site-packages/airflow/example_dags/example_branch_operator.py
[2023-03-09T09:26:56.988+0000] {processor.py:743} INFO - Processing file /home/airflow/.local/lib/python3.7/site-packages/airflow/example_dags/example_branch_operator.py for tasks to queue
[2023-03-09T09:26:56.989+0000] {logging_mixin.py:137} INFO - [2023-03-09T09:26:56.989+0000] {dagbag.py:538} INFO - Filling up the DagBag from /home/airflow/.local/lib/python3.7/site-packages/airflow/example_dags/example_branch_operator.py
[2023-03-09T09:26:56.999+0000] {processor.py:753} INFO - DAG(s) dict_keys(['example_branch_operator']) retrieved from /home/airflow/.local/lib/python3.7/site-packages/airflow/example_dags/example_branch_operator.py
[2023-03-09T09:26:57.018+0000] {logging_mixin.py:137} INFO - [2023-03-09T09:26:57.018+0000] {dag.py:2690} INFO - Sync 1 DAGs
[2023-03-09T09:26:57.033+0000] {logging_mixin.py:137} INFO - [2023-03-09T09:26:57.033+0000] {dag.py:3441} INFO - Setting next_dagrun for example_branch_operator to 2023-03-08T00:00:00+00:00, run_after=2023-03-09T00:00:00+00:00
[2023-03-09T09:26:57.044+0000] {processor.py:175} INFO - Processing /home/airflow/.local/lib/python3.7/site-packages/airflow/example_dags/example_branch_operator.py took 0.059 seconds
[2023-03-09T09:27:27.100+0000] {processor.py:153} INFO - Started process (PID=1050) to work on /home/airflow/.local/lib/python3.7/site-packages/airflow/example_dags/example_branch_operator.py
[2023-03-09T09:27:27.102+0000] {processor.py:743} INFO - Processing file /home/airflow/.local/lib/python3.7/site-packages/airflow/example_dags/example_branch_operator.py for tasks to queue
[2023-03-09T09:27:27.103+0000] {logging_mixin.py:137} INFO - [2023-03-09T09:27:27.102+0000] {dagbag.py:538} INFO - Filling up the DagBag from /home/airflow/.local/lib/python3.7/site-packages/airflow/example_dags/example_branch_operator.py
[2023-03-09T09:27:27.114+0000] {processor.py:753} INFO - DAG(s) dict_keys(['example_branch_operator']) retrieved from /home/airflow/.local/lib/python3.7/site-packages/airflow/example_dags/example_branch_operator.py
[2023-03-09T09:27:27.134+0000] {logging_mixin.py:137} INFO - [2023-03-09T09:27:27.134+0000] {dag.py:2690} INFO - Sync 1 DAGs
[2023-03-09T09:27:27.156+0000] {logging_mixin.py:137} INFO - [2023-03-09T09:27:27.156+0000] {dag.py:3441} INFO - Setting next_dagrun for example_branch_operator to 2023-03-08T00:00:00+00:00, run_after=2023-03-09T00:00:00+00:00
[2023-03-09T09:27:27.168+0000] {processor.py:175} INFO - Processing /home/airflow/.local/lib/python3.7/site-packages/airflow/example_dags/example_branch_operator.py took 0.070 seconds
[2023-03-09T09:27:57.275+0000] {processor.py:153} INFO - Started process (PID=1130) to work on /home/airflow/.local/lib/python3.7/site-packages/airflow/example_dags/example_branch_operator.py
[2023-03-09T09:27:57.276+0000] {processor.py:743} INFO - Processing file /home/airflow/.local/lib/python3.7/site-packages/airflow/example_dags/example_branch_operator.py for tasks to queue
[2023-03-09T09:27:57.277+0000] {logging_mixin.py:137} INFO - [2023-03-09T09:27:57.277+0000] {dagbag.py:538} INFO - Filling up the DagBag from /home/airflow/.local/lib/python3.7/site-packages/airflow/example_dags/example_branch_operator.py
[2023-03-09T09:27:57.289+0000] {processor.py:753} INFO - DAG(s) dict_keys(['example_branch_operator']) retrieved from /home/airflow/.local/lib/python3.7/site-packages/airflow/example_dags/example_branch_operator.py
[2023-03-09T09:27:57.307+0000] {logging_mixin.py:137} INFO - [2023-03-09T09:27:57.307+0000] {dag.py:2690} INFO - Sync 1 DAGs
[2023-03-09T09:27:57.325+0000] {logging_mixin.py:137} INFO - [2023-03-09T09:27:57.325+0000] {dag.py:3441} INFO - Setting next_dagrun for example_branch_operator to 2023-03-08T00:00:00+00:00, run_after=2023-03-09T00:00:00+00:00
[2023-03-09T09:27:57.339+0000] {processor.py:175} INFO - Processing /home/airflow/.local/lib/python3.7/site-packages/airflow/example_dags/example_branch_operator.py took 0.066 seconds
[2023-03-09T09:28:27.694+0000] {processor.py:153} INFO - Started process (PID=1210) to work on /home/airflow/.local/lib/python3.7/site-packages/airflow/example_dags/example_branch_operator.py
[2023-03-09T09:28:27.695+0000] {processor.py:743} INFO - Processing file /home/airflow/.local/lib/python3.7/site-packages/airflow/example_dags/example_branch_operator.py for tasks to queue
[2023-03-09T09:28:27.696+0000] {logging_mixin.py:137} INFO - [2023-03-09T09:28:27.696+0000] {dagbag.py:538} INFO - Filling up the DagBag from /home/airflow/.local/lib/python3.7/site-packages/airflow/example_dags/example_branch_operator.py
[2023-03-09T09:28:27.707+0000] {processor.py:753} INFO - DAG(s) dict_keys(['example_branch_operator']) retrieved from /home/airflow/.local/lib/python3.7/site-packages/airflow/example_dags/example_branch_operator.py
[2023-03-09T09:28:27.726+0000] {logging_mixin.py:137} INFO - [2023-03-09T09:28:27.726+0000] {dag.py:2690} INFO - Sync 1 DAGs
[2023-03-09T09:28:27.742+0000] {logging_mixin.py:137} INFO - [2023-03-09T09:28:27.742+0000] {dag.py:3441} INFO - Setting next_dagrun for example_branch_operator to 2023-03-08T00:00:00+00:00, run_after=2023-03-09T00:00:00+00:00
[2023-03-09T09:28:27.754+0000] {processor.py:175} INFO - Processing /home/airflow/.local/lib/python3.7/site-packages/airflow/example_dags/example_branch_operator.py took 0.063 seconds
[2023-03-09T09:28:58.142+0000] {processor.py:153} INFO - Started process (PID=1278) to work on /home/airflow/.local/lib/python3.7/site-packages/airflow/example_dags/example_branch_operator.py
[2023-03-09T09:28:58.144+0000] {processor.py:743} INFO - Processing file /home/airflow/.local/lib/python3.7/site-packages/airflow/example_dags/example_branch_operator.py for tasks to queue
[2023-03-09T09:28:58.145+0000] {logging_mixin.py:137} INFO - [2023-03-09T09:28:58.145+0000] {dagbag.py:538} INFO - Filling up the DagBag from /home/airflow/.local/lib/python3.7/site-packages/airflow/example_dags/example_branch_operator.py
[2023-03-09T09:28:58.156+0000] {processor.py:753} INFO - DAG(s) dict_keys(['example_branch_operator']) retrieved from /home/airflow/.local/lib/python3.7/site-packages/airflow/example_dags/example_branch_operator.py
[2023-03-09T09:28:58.176+0000] {logging_mixin.py:137} INFO - [2023-03-09T09:28:58.175+0000] {dag.py:2690} INFO - Sync 1 DAGs
[2023-03-09T09:28:58.192+0000] {logging_mixin.py:137} INFO - [2023-03-09T09:28:58.191+0000] {dag.py:3441} INFO - Setting next_dagrun for example_branch_operator to 2023-03-08T00:00:00+00:00, run_after=2023-03-09T00:00:00+00:00
[2023-03-09T09:28:58.203+0000] {processor.py:175} INFO - Processing /home/airflow/.local/lib/python3.7/site-packages/airflow/example_dags/example_branch_operator.py took 0.063 seconds
[2023-03-09T09:29:28.368+0000] {processor.py:153} INFO - Started process (PID=1357) to work on /home/airflow/.local/lib/python3.7/site-packages/airflow/example_dags/example_branch_operator.py
[2023-03-09T09:29:28.370+0000] {processor.py:743} INFO - Processing file /home/airflow/.local/lib/python3.7/site-packages/airflow/example_dags/example_branch_operator.py for tasks to queue
[2023-03-09T09:29:28.371+0000] {logging_mixin.py:137} INFO - [2023-03-09T09:29:28.371+0000] {dagbag.py:538} INFO - Filling up the DagBag from /home/airflow/.local/lib/python3.7/site-packages/airflow/example_dags/example_branch_operator.py
[2023-03-09T09:29:28.383+0000] {processor.py:753} INFO - DAG(s) dict_keys(['example_branch_operator']) retrieved from /home/airflow/.local/lib/python3.7/site-packages/airflow/example_dags/example_branch_operator.py
[2023-03-09T09:29:28.402+0000] {logging_mixin.py:137} INFO - [2023-03-09T09:29:28.402+0000] {dag.py:2690} INFO - Sync 1 DAGs
[2023-03-09T09:29:28.418+0000] {logging_mixin.py:137} INFO - [2023-03-09T09:29:28.418+0000] {dag.py:3441} INFO - Setting next_dagrun for example_branch_operator to 2023-03-08T00:00:00+00:00, run_after=2023-03-09T00:00:00+00:00
[2023-03-09T09:29:28.430+0000] {processor.py:175} INFO - Processing /home/airflow/.local/lib/python3.7/site-packages/airflow/example_dags/example_branch_operator.py took 0.064 seconds
[2023-03-09T09:29:58.696+0000] {processor.py:153} INFO - Started process (PID=1439) to work on /home/airflow/.local/lib/python3.7/site-packages/airflow/example_dags/example_branch_operator.py
[2023-03-09T09:29:58.699+0000] {processor.py:743} INFO - Processing file /home/airflow/.local/lib/python3.7/site-packages/airflow/example_dags/example_branch_operator.py for tasks to queue
[2023-03-09T09:29:58.701+0000] {logging_mixin.py:137} INFO - [2023-03-09T09:29:58.701+0000] {dagbag.py:538} INFO - Filling up the DagBag from /home/airflow/.local/lib/python3.7/site-packages/airflow/example_dags/example_branch_operator.py
[2023-03-09T09:29:58.715+0000] {processor.py:753} INFO - DAG(s) dict_keys(['example_branch_operator']) retrieved from /home/airflow/.local/lib/python3.7/site-packages/airflow/example_dags/example_branch_operator.py
[2023-03-09T09:29:58.751+0000] {logging_mixin.py:137} INFO - [2023-03-09T09:29:58.751+0000] {dag.py:2690} INFO - Sync 1 DAGs
[2023-03-09T09:29:58.773+0000] {logging_mixin.py:137} INFO - [2023-03-09T09:29:58.773+0000] {dag.py:3441} INFO - Setting next_dagrun for example_branch_operator to 2023-03-08T00:00:00+00:00, run_after=2023-03-09T00:00:00+00:00
[2023-03-09T09:29:58.791+0000] {processor.py:175} INFO - Processing /home/airflow/.local/lib/python3.7/site-packages/airflow/example_dags/example_branch_operator.py took 0.098 seconds
[2023-03-09T09:30:29.247+0000] {processor.py:153} INFO - Started process (PID=1506) to work on /home/airflow/.local/lib/python3.7/site-packages/airflow/example_dags/example_branch_operator.py
[2023-03-09T09:30:29.248+0000] {processor.py:743} INFO - Processing file /home/airflow/.local/lib/python3.7/site-packages/airflow/example_dags/example_branch_operator.py for tasks to queue
[2023-03-09T09:30:29.249+0000] {logging_mixin.py:137} INFO - [2023-03-09T09:30:29.249+0000] {dagbag.py:538} INFO - Filling up the DagBag from /home/airflow/.local/lib/python3.7/site-packages/airflow/example_dags/example_branch_operator.py
[2023-03-09T09:30:29.262+0000] {processor.py:753} INFO - DAG(s) dict_keys(['example_branch_operator']) retrieved from /home/airflow/.local/lib/python3.7/site-packages/airflow/example_dags/example_branch_operator.py
[2023-03-09T09:30:29.281+0000] {logging_mixin.py:137} INFO - [2023-03-09T09:30:29.281+0000] {dag.py:2690} INFO - Sync 1 DAGs
[2023-03-09T09:30:29.297+0000] {logging_mixin.py:137} INFO - [2023-03-09T09:30:29.297+0000] {dag.py:3441} INFO - Setting next_dagrun for example_branch_operator to 2023-03-08T00:00:00+00:00, run_after=2023-03-09T00:00:00+00:00
[2023-03-09T09:30:29.309+0000] {processor.py:175} INFO - Processing /home/airflow/.local/lib/python3.7/site-packages/airflow/example_dags/example_branch_operator.py took 0.065 seconds
[2023-03-09T09:30:59.578+0000] {processor.py:153} INFO - Started process (PID=1586) to work on /home/airflow/.local/lib/python3.7/site-packages/airflow/example_dags/example_branch_operator.py
[2023-03-09T09:30:59.579+0000] {processor.py:743} INFO - Processing file /home/airflow/.local/lib/python3.7/site-packages/airflow/example_dags/example_branch_operator.py for tasks to queue
[2023-03-09T09:30:59.580+0000] {logging_mixin.py:137} INFO - [2023-03-09T09:30:59.580+0000] {dagbag.py:538} INFO - Filling up the DagBag from /home/airflow/.local/lib/python3.7/site-packages/airflow/example_dags/example_branch_operator.py
[2023-03-09T09:30:59.592+0000] {processor.py:753} INFO - DAG(s) dict_keys(['example_branch_operator']) retrieved from /home/airflow/.local/lib/python3.7/site-packages/airflow/example_dags/example_branch_operator.py
[2023-03-09T09:30:59.619+0000] {logging_mixin.py:137} INFO - [2023-03-09T09:30:59.618+0000] {dag.py:2690} INFO - Sync 1 DAGs
[2023-03-09T09:30:59.641+0000] {logging_mixin.py:137} INFO - [2023-03-09T09:30:59.641+0000] {dag.py:3441} INFO - Setting next_dagrun for example_branch_operator to 2023-03-08T00:00:00+00:00, run_after=2023-03-09T00:00:00+00:00
[2023-03-09T09:30:59.663+0000] {processor.py:175} INFO - Processing /home/airflow/.local/lib/python3.7/site-packages/airflow/example_dags/example_branch_operator.py took 0.087 seconds
[2023-03-09T09:31:29.980+0000] {processor.py:153} INFO - Started process (PID=1665) to work on /home/airflow/.local/lib/python3.7/site-packages/airflow/example_dags/example_branch_operator.py
[2023-03-09T09:31:29.982+0000] {processor.py:743} INFO - Processing file /home/airflow/.local/lib/python3.7/site-packages/airflow/example_dags/example_branch_operator.py for tasks to queue
[2023-03-09T09:31:29.983+0000] {logging_mixin.py:137} INFO - [2023-03-09T09:31:29.983+0000] {dagbag.py:538} INFO - Filling up the DagBag from /home/airflow/.local/lib/python3.7/site-packages/airflow/example_dags/example_branch_operator.py
[2023-03-09T09:31:29.999+0000] {processor.py:753} INFO - DAG(s) dict_keys(['example_branch_operator']) retrieved from /home/airflow/.local/lib/python3.7/site-packages/airflow/example_dags/example_branch_operator.py
[2023-03-09T09:31:30.039+0000] {logging_mixin.py:137} INFO - [2023-03-09T09:31:30.039+0000] {dag.py:2690} INFO - Sync 1 DAGs
[2023-03-09T09:31:30.062+0000] {logging_mixin.py:137} INFO - [2023-03-09T09:31:30.062+0000] {dag.py:3441} INFO - Setting next_dagrun for example_branch_operator to 2023-03-08T00:00:00+00:00, run_after=2023-03-09T00:00:00+00:00
[2023-03-09T09:31:30.078+0000] {processor.py:175} INFO - Processing /home/airflow/.local/lib/python3.7/site-packages/airflow/example_dags/example_branch_operator.py took 0.100 seconds
[2023-03-09T09:32:00.264+0000] {processor.py:153} INFO - Started process (PID=1738) to work on /home/airflow/.local/lib/python3.7/site-packages/airflow/example_dags/example_branch_operator.py
[2023-03-09T09:32:00.266+0000] {processor.py:743} INFO - Processing file /home/airflow/.local/lib/python3.7/site-packages/airflow/example_dags/example_branch_operator.py for tasks to queue
[2023-03-09T09:32:00.267+0000] {logging_mixin.py:137} INFO - [2023-03-09T09:32:00.267+0000] {dagbag.py:538} INFO - Filling up the DagBag from /home/airflow/.local/lib/python3.7/site-packages/airflow/example_dags/example_branch_operator.py
[2023-03-09T09:32:00.279+0000] {processor.py:753} INFO - DAG(s) dict_keys(['example_branch_operator']) retrieved from /home/airflow/.local/lib/python3.7/site-packages/airflow/example_dags/example_branch_operator.py
[2023-03-09T09:32:00.298+0000] {logging_mixin.py:137} INFO - [2023-03-09T09:32:00.298+0000] {dag.py:2690} INFO - Sync 1 DAGs
[2023-03-09T09:32:00.314+0000] {logging_mixin.py:137} INFO - [2023-03-09T09:32:00.314+0000] {dag.py:3441} INFO - Setting next_dagrun for example_branch_operator to 2023-03-08T00:00:00+00:00, run_after=2023-03-09T00:00:00+00:00
[2023-03-09T09:32:00.326+0000] {processor.py:175} INFO - Processing /home/airflow/.local/lib/python3.7/site-packages/airflow/example_dags/example_branch_operator.py took 0.064 seconds
[2023-03-09T09:32:30.568+0000] {processor.py:153} INFO - Started process (PID=1820) to work on /home/airflow/.local/lib/python3.7/site-packages/airflow/example_dags/example_branch_operator.py
[2023-03-09T09:32:30.569+0000] {processor.py:743} INFO - Processing file /home/airflow/.local/lib/python3.7/site-packages/airflow/example_dags/example_branch_operator.py for tasks to queue
[2023-03-09T09:32:30.570+0000] {logging_mixin.py:137} INFO - [2023-03-09T09:32:30.570+0000] {dagbag.py:538} INFO - Filling up the DagBag from /home/airflow/.local/lib/python3.7/site-packages/airflow/example_dags/example_branch_operator.py
[2023-03-09T09:32:30.582+0000] {processor.py:753} INFO - DAG(s) dict_keys(['example_branch_operator']) retrieved from /home/airflow/.local/lib/python3.7/site-packages/airflow/example_dags/example_branch_operator.py
[2023-03-09T09:32:30.602+0000] {logging_mixin.py:137} INFO - [2023-03-09T09:32:30.602+0000] {dag.py:2690} INFO - Sync 1 DAGs
[2023-03-09T09:32:30.622+0000] {logging_mixin.py:137} INFO - [2023-03-09T09:32:30.622+0000] {dag.py:3441} INFO - Setting next_dagrun for example_branch_operator to 2023-03-08T00:00:00+00:00, run_after=2023-03-09T00:00:00+00:00
[2023-03-09T09:32:30.634+0000] {processor.py:175} INFO - Processing /home/airflow/.local/lib/python3.7/site-packages/airflow/example_dags/example_branch_operator.py took 0.069 seconds
[2023-03-09T09:33:00.774+0000] {processor.py:153} INFO - Started process (PID=1887) to work on /home/airflow/.local/lib/python3.7/site-packages/airflow/example_dags/example_branch_operator.py
[2023-03-09T09:33:00.776+0000] {processor.py:743} INFO - Processing file /home/airflow/.local/lib/python3.7/site-packages/airflow/example_dags/example_branch_operator.py for tasks to queue
[2023-03-09T09:33:00.777+0000] {logging_mixin.py:137} INFO - [2023-03-09T09:33:00.777+0000] {dagbag.py:538} INFO - Filling up the DagBag from /home/airflow/.local/lib/python3.7/site-packages/airflow/example_dags/example_branch_operator.py
[2023-03-09T09:33:00.788+0000] {processor.py:753} INFO - DAG(s) dict_keys(['example_branch_operator']) retrieved from /home/airflow/.local/lib/python3.7/site-packages/airflow/example_dags/example_branch_operator.py
[2023-03-09T09:33:00.806+0000] {logging_mixin.py:137} INFO - [2023-03-09T09:33:00.806+0000] {dag.py:2690} INFO - Sync 1 DAGs
[2023-03-09T09:33:00.824+0000] {logging_mixin.py:137} INFO - [2023-03-09T09:33:00.824+0000] {dag.py:3441} INFO - Setting next_dagrun for example_branch_operator to 2023-03-08T00:00:00+00:00, run_after=2023-03-09T00:00:00+00:00
[2023-03-09T09:33:00.837+0000] {processor.py:175} INFO - Processing /home/airflow/.local/lib/python3.7/site-packages/airflow/example_dags/example_branch_operator.py took 0.066 seconds
[2023-03-09T09:33:31.007+0000] {processor.py:153} INFO - Started process (PID=1966) to work on /home/airflow/.local/lib/python3.7/site-packages/airflow/example_dags/example_branch_operator.py
[2023-03-09T09:33:31.009+0000] {processor.py:743} INFO - Processing file /home/airflow/.local/lib/python3.7/site-packages/airflow/example_dags/example_branch_operator.py for tasks to queue
[2023-03-09T09:33:31.010+0000] {logging_mixin.py:137} INFO - [2023-03-09T09:33:31.010+0000] {dagbag.py:538} INFO - Filling up the DagBag from /home/airflow/.local/lib/python3.7/site-packages/airflow/example_dags/example_branch_operator.py
[2023-03-09T09:33:31.022+0000] {processor.py:753} INFO - DAG(s) dict_keys(['example_branch_operator']) retrieved from /home/airflow/.local/lib/python3.7/site-packages/airflow/example_dags/example_branch_operator.py
[2023-03-09T09:33:31.039+0000] {logging_mixin.py:137} INFO - [2023-03-09T09:33:31.039+0000] {dag.py:2690} INFO - Sync 1 DAGs
[2023-03-09T09:33:31.056+0000] {logging_mixin.py:137} INFO - [2023-03-09T09:33:31.056+0000] {dag.py:3441} INFO - Setting next_dagrun for example_branch_operator to 2023-03-08T00:00:00+00:00, run_after=2023-03-09T00:00:00+00:00
[2023-03-09T09:33:31.071+0000] {processor.py:175} INFO - Processing /home/airflow/.local/lib/python3.7/site-packages/airflow/example_dags/example_branch_operator.py took 0.066 seconds
[2023-03-09T09:34:01.416+0000] {processor.py:153} INFO - Started process (PID=2040) to work on /home/airflow/.local/lib/python3.7/site-packages/airflow/example_dags/example_branch_operator.py
[2023-03-09T09:34:01.418+0000] {processor.py:743} INFO - Processing file /home/airflow/.local/lib/python3.7/site-packages/airflow/example_dags/example_branch_operator.py for tasks to queue
[2023-03-09T09:34:01.418+0000] {logging_mixin.py:137} INFO - [2023-03-09T09:34:01.418+0000] {dagbag.py:538} INFO - Filling up the DagBag from /home/airflow/.local/lib/python3.7/site-packages/airflow/example_dags/example_branch_operator.py
[2023-03-09T09:34:01.429+0000] {processor.py:753} INFO - DAG(s) dict_keys(['example_branch_operator']) retrieved from /home/airflow/.local/lib/python3.7/site-packages/airflow/example_dags/example_branch_operator.py
[2023-03-09T09:34:01.447+0000] {logging_mixin.py:137} INFO - [2023-03-09T09:34:01.447+0000] {dag.py:2690} INFO - Sync 1 DAGs
[2023-03-09T09:34:01.462+0000] {logging_mixin.py:137} INFO - [2023-03-09T09:34:01.462+0000] {dag.py:3441} INFO - Setting next_dagrun for example_branch_operator to 2023-03-08T00:00:00+00:00, run_after=2023-03-09T00:00:00+00:00
[2023-03-09T09:34:01.472+0000] {processor.py:175} INFO - Processing /home/airflow/.local/lib/python3.7/site-packages/airflow/example_dags/example_branch_operator.py took 0.059 seconds
[2023-03-09T09:34:31.637+0000] {processor.py:153} INFO - Started process (PID=2101) to work on /home/airflow/.local/lib/python3.7/site-packages/airflow/example_dags/example_branch_operator.py
[2023-03-09T09:34:31.639+0000] {processor.py:743} INFO - Processing file /home/airflow/.local/lib/python3.7/site-packages/airflow/example_dags/example_branch_operator.py for tasks to queue
[2023-03-09T09:34:31.640+0000] {logging_mixin.py:137} INFO - [2023-03-09T09:34:31.640+0000] {dagbag.py:538} INFO - Filling up the DagBag from /home/airflow/.local/lib/python3.7/site-packages/airflow/example_dags/example_branch_operator.py
[2023-03-09T09:34:31.651+0000] {processor.py:753} INFO - DAG(s) dict_keys(['example_branch_operator']) retrieved from /home/airflow/.local/lib/python3.7/site-packages/airflow/example_dags/example_branch_operator.py
[2023-03-09T09:34:31.669+0000] {logging_mixin.py:137} INFO - [2023-03-09T09:34:31.669+0000] {dag.py:2690} INFO - Sync 1 DAGs
[2023-03-09T09:34:31.686+0000] {logging_mixin.py:137} INFO - [2023-03-09T09:34:31.686+0000] {dag.py:3441} INFO - Setting next_dagrun for example_branch_operator to 2023-03-08T00:00:00+00:00, run_after=2023-03-09T00:00:00+00:00
[2023-03-09T09:34:31.698+0000] {processor.py:175} INFO - Processing /home/airflow/.local/lib/python3.7/site-packages/airflow/example_dags/example_branch_operator.py took 0.064 seconds
[2023-03-09T09:35:01.930+0000] {processor.py:153} INFO - Started process (PID=2178) to work on /home/airflow/.local/lib/python3.7/site-packages/airflow/example_dags/example_branch_operator.py
[2023-03-09T09:35:01.932+0000] {processor.py:743} INFO - Processing file /home/airflow/.local/lib/python3.7/site-packages/airflow/example_dags/example_branch_operator.py for tasks to queue
[2023-03-09T09:35:01.934+0000] {logging_mixin.py:137} INFO - [2023-03-09T09:35:01.934+0000] {dagbag.py:538} INFO - Filling up the DagBag from /home/airflow/.local/lib/python3.7/site-packages/airflow/example_dags/example_branch_operator.py
[2023-03-09T09:35:01.945+0000] {processor.py:753} INFO - DAG(s) dict_keys(['example_branch_operator']) retrieved from /home/airflow/.local/lib/python3.7/site-packages/airflow/example_dags/example_branch_operator.py
[2023-03-09T09:35:01.963+0000] {logging_mixin.py:137} INFO - [2023-03-09T09:35:01.963+0000] {dag.py:2690} INFO - Sync 1 DAGs
[2023-03-09T09:35:01.980+0000] {logging_mixin.py:137} INFO - [2023-03-09T09:35:01.979+0000] {dag.py:3441} INFO - Setting next_dagrun for example_branch_operator to 2023-03-08T00:00:00+00:00, run_after=2023-03-09T00:00:00+00:00
[2023-03-09T09:35:01.993+0000] {processor.py:175} INFO - Processing /home/airflow/.local/lib/python3.7/site-packages/airflow/example_dags/example_branch_operator.py took 0.065 seconds
[2023-03-09T09:35:32.281+0000] {processor.py:153} INFO - Started process (PID=2255) to work on /home/airflow/.local/lib/python3.7/site-packages/airflow/example_dags/example_branch_operator.py
[2023-03-09T09:35:32.284+0000] {processor.py:743} INFO - Processing file /home/airflow/.local/lib/python3.7/site-packages/airflow/example_dags/example_branch_operator.py for tasks to queue
[2023-03-09T09:35:32.285+0000] {logging_mixin.py:137} INFO - [2023-03-09T09:35:32.285+0000] {dagbag.py:538} INFO - Filling up the DagBag from /home/airflow/.local/lib/python3.7/site-packages/airflow/example_dags/example_branch_operator.py
[2023-03-09T09:35:32.299+0000] {processor.py:753} INFO - DAG(s) dict_keys(['example_branch_operator']) retrieved from /home/airflow/.local/lib/python3.7/site-packages/airflow/example_dags/example_branch_operator.py
[2023-03-09T09:35:32.320+0000] {logging_mixin.py:137} INFO - [2023-03-09T09:35:32.319+0000] {dag.py:2690} INFO - Sync 1 DAGs
[2023-03-09T09:35:32.337+0000] {logging_mixin.py:137} INFO - [2023-03-09T09:35:32.336+0000] {dag.py:3441} INFO - Setting next_dagrun for example_branch_operator to 2023-03-08T00:00:00+00:00, run_after=2023-03-09T00:00:00+00:00
[2023-03-09T09:35:32.350+0000] {processor.py:175} INFO - Processing /home/airflow/.local/lib/python3.7/site-packages/airflow/example_dags/example_branch_operator.py took 0.071 seconds
[2023-03-09T09:36:02.729+0000] {processor.py:153} INFO - Started process (PID=2321) to work on /home/airflow/.local/lib/python3.7/site-packages/airflow/example_dags/example_branch_operator.py
[2023-03-09T09:36:02.730+0000] {processor.py:743} INFO - Processing file /home/airflow/.local/lib/python3.7/site-packages/airflow/example_dags/example_branch_operator.py for tasks to queue
[2023-03-09T09:36:02.731+0000] {logging_mixin.py:137} INFO - [2023-03-09T09:36:02.731+0000] {dagbag.py:538} INFO - Filling up the DagBag from /home/airflow/.local/lib/python3.7/site-packages/airflow/example_dags/example_branch_operator.py
[2023-03-09T09:36:02.742+0000] {processor.py:753} INFO - DAG(s) dict_keys(['example_branch_operator']) retrieved from /home/airflow/.local/lib/python3.7/site-packages/airflow/example_dags/example_branch_operator.py
[2023-03-09T09:36:02.762+0000] {logging_mixin.py:137} INFO - [2023-03-09T09:36:02.762+0000] {dag.py:2690} INFO - Sync 1 DAGs
[2023-03-09T09:36:02.782+0000] {logging_mixin.py:137} INFO - [2023-03-09T09:36:02.782+0000] {dag.py:3441} INFO - Setting next_dagrun for example_branch_operator to 2023-03-08T00:00:00+00:00, run_after=2023-03-09T00:00:00+00:00
[2023-03-09T09:36:02.795+0000] {processor.py:175} INFO - Processing /home/airflow/.local/lib/python3.7/site-packages/airflow/example_dags/example_branch_operator.py took 0.069 seconds
[2023-03-09T09:36:33.055+0000] {processor.py:153} INFO - Started process (PID=2400) to work on /home/airflow/.local/lib/python3.7/site-packages/airflow/example_dags/example_branch_operator.py
[2023-03-09T09:36:33.057+0000] {processor.py:743} INFO - Processing file /home/airflow/.local/lib/python3.7/site-packages/airflow/example_dags/example_branch_operator.py for tasks to queue
[2023-03-09T09:36:33.058+0000] {logging_mixin.py:137} INFO - [2023-03-09T09:36:33.058+0000] {dagbag.py:538} INFO - Filling up the DagBag from /home/airflow/.local/lib/python3.7/site-packages/airflow/example_dags/example_branch_operator.py
[2023-03-09T09:36:33.069+0000] {processor.py:753} INFO - DAG(s) dict_keys(['example_branch_operator']) retrieved from /home/airflow/.local/lib/python3.7/site-packages/airflow/example_dags/example_branch_operator.py
[2023-03-09T09:36:33.088+0000] {logging_mixin.py:137} INFO - [2023-03-09T09:36:33.088+0000] {dag.py:2690} INFO - Sync 1 DAGs
[2023-03-09T09:36:33.102+0000] {logging_mixin.py:137} INFO - [2023-03-09T09:36:33.102+0000] {dag.py:3441} INFO - Setting next_dagrun for example_branch_operator to 2023-03-08T00:00:00+00:00, run_after=2023-03-09T00:00:00+00:00
[2023-03-09T09:36:33.114+0000] {processor.py:175} INFO - Processing /home/airflow/.local/lib/python3.7/site-packages/airflow/example_dags/example_branch_operator.py took 0.061 seconds
[2023-03-09T09:37:03.488+0000] {processor.py:153} INFO - Started process (PID=2477) to work on /home/airflow/.local/lib/python3.7/site-packages/airflow/example_dags/example_branch_operator.py
[2023-03-09T09:37:03.490+0000] {processor.py:743} INFO - Processing file /home/airflow/.local/lib/python3.7/site-packages/airflow/example_dags/example_branch_operator.py for tasks to queue
[2023-03-09T09:37:03.491+0000] {logging_mixin.py:137} INFO - [2023-03-09T09:37:03.491+0000] {dagbag.py:538} INFO - Filling up the DagBag from /home/airflow/.local/lib/python3.7/site-packages/airflow/example_dags/example_branch_operator.py
[2023-03-09T09:37:03.504+0000] {processor.py:753} INFO - DAG(s) dict_keys(['example_branch_operator']) retrieved from /home/airflow/.local/lib/python3.7/site-packages/airflow/example_dags/example_branch_operator.py
[2023-03-09T09:37:03.536+0000] {logging_mixin.py:137} INFO - [2023-03-09T09:37:03.536+0000] {dag.py:2690} INFO - Sync 1 DAGs
[2023-03-09T09:37:03.560+0000] {logging_mixin.py:137} INFO - [2023-03-09T09:37:03.560+0000] {dag.py:3441} INFO - Setting next_dagrun for example_branch_operator to 2023-03-08T00:00:00+00:00, run_after=2023-03-09T00:00:00+00:00
[2023-03-09T09:37:03.578+0000] {processor.py:175} INFO - Processing /home/airflow/.local/lib/python3.7/site-packages/airflow/example_dags/example_branch_operator.py took 0.099 seconds
[2023-03-09T09:37:33.660+0000] {processor.py:153} INFO - Started process (PID=2545) to work on /home/airflow/.local/lib/python3.7/site-packages/airflow/example_dags/example_branch_operator.py
[2023-03-09T09:37:33.661+0000] {processor.py:743} INFO - Processing file /home/airflow/.local/lib/python3.7/site-packages/airflow/example_dags/example_branch_operator.py for tasks to queue
[2023-03-09T09:37:33.662+0000] {logging_mixin.py:137} INFO - [2023-03-09T09:37:33.662+0000] {dagbag.py:538} INFO - Filling up the DagBag from /home/airflow/.local/lib/python3.7/site-packages/airflow/example_dags/example_branch_operator.py
[2023-03-09T09:37:33.673+0000] {processor.py:753} INFO - DAG(s) dict_keys(['example_branch_operator']) retrieved from /home/airflow/.local/lib/python3.7/site-packages/airflow/example_dags/example_branch_operator.py
[2023-03-09T09:37:33.692+0000] {logging_mixin.py:137} INFO - [2023-03-09T09:37:33.692+0000] {dag.py:2690} INFO - Sync 1 DAGs
[2023-03-09T09:37:33.711+0000] {logging_mixin.py:137} INFO - [2023-03-09T09:37:33.711+0000] {dag.py:3441} INFO - Setting next_dagrun for example_branch_operator to 2023-03-08T00:00:00+00:00, run_after=2023-03-09T00:00:00+00:00
[2023-03-09T09:37:33.723+0000] {processor.py:175} INFO - Processing /home/airflow/.local/lib/python3.7/site-packages/airflow/example_dags/example_branch_operator.py took 0.065 seconds
[2023-03-09T09:38:03.879+0000] {processor.py:153} INFO - Started process (PID=2627) to work on /home/airflow/.local/lib/python3.7/site-packages/airflow/example_dags/example_branch_operator.py
[2023-03-09T09:38:03.881+0000] {processor.py:743} INFO - Processing file /home/airflow/.local/lib/python3.7/site-packages/airflow/example_dags/example_branch_operator.py for tasks to queue
[2023-03-09T09:38:03.882+0000] {logging_mixin.py:137} INFO - [2023-03-09T09:38:03.882+0000] {dagbag.py:538} INFO - Filling up the DagBag from /home/airflow/.local/lib/python3.7/site-packages/airflow/example_dags/example_branch_operator.py
[2023-03-09T09:38:03.895+0000] {processor.py:753} INFO - DAG(s) dict_keys(['example_branch_operator']) retrieved from /home/airflow/.local/lib/python3.7/site-packages/airflow/example_dags/example_branch_operator.py
[2023-03-09T09:38:03.914+0000] {logging_mixin.py:137} INFO - [2023-03-09T09:38:03.914+0000] {dag.py:2690} INFO - Sync 1 DAGs
[2023-03-09T09:38:03.930+0000] {logging_mixin.py:137} INFO - [2023-03-09T09:38:03.930+0000] {dag.py:3441} INFO - Setting next_dagrun for example_branch_operator to 2023-03-08T00:00:00+00:00, run_after=2023-03-09T00:00:00+00:00
[2023-03-09T09:38:03.943+0000] {processor.py:175} INFO - Processing /home/airflow/.local/lib/python3.7/site-packages/airflow/example_dags/example_branch_operator.py took 0.066 seconds
[2023-03-09T09:38:34.043+0000] {processor.py:153} INFO - Started process (PID=2689) to work on /home/airflow/.local/lib/python3.7/site-packages/airflow/example_dags/example_branch_operator.py
[2023-03-09T09:38:34.045+0000] {processor.py:743} INFO - Processing file /home/airflow/.local/lib/python3.7/site-packages/airflow/example_dags/example_branch_operator.py for tasks to queue
[2023-03-09T09:38:34.045+0000] {logging_mixin.py:137} INFO - [2023-03-09T09:38:34.045+0000] {dagbag.py:538} INFO - Filling up the DagBag from /home/airflow/.local/lib/python3.7/site-packages/airflow/example_dags/example_branch_operator.py
[2023-03-09T09:38:34.060+0000] {processor.py:753} INFO - DAG(s) dict_keys(['example_branch_operator']) retrieved from /home/airflow/.local/lib/python3.7/site-packages/airflow/example_dags/example_branch_operator.py
[2023-03-09T09:38:34.082+0000] {logging_mixin.py:137} INFO - [2023-03-09T09:38:34.082+0000] {dag.py:2690} INFO - Sync 1 DAGs
[2023-03-09T09:38:34.100+0000] {logging_mixin.py:137} INFO - [2023-03-09T09:38:34.100+0000] {dag.py:3441} INFO - Setting next_dagrun for example_branch_operator to 2023-03-08T00:00:00+00:00, run_after=2023-03-09T00:00:00+00:00
[2023-03-09T09:38:34.113+0000] {processor.py:175} INFO - Processing /home/airflow/.local/lib/python3.7/site-packages/airflow/example_dags/example_branch_operator.py took 0.073 seconds
[2023-03-09T09:39:04.356+0000] {processor.py:153} INFO - Started process (PID=2773) to work on /home/airflow/.local/lib/python3.7/site-packages/airflow/example_dags/example_branch_operator.py
[2023-03-09T09:39:04.358+0000] {processor.py:743} INFO - Processing file /home/airflow/.local/lib/python3.7/site-packages/airflow/example_dags/example_branch_operator.py for tasks to queue
[2023-03-09T09:39:04.359+0000] {logging_mixin.py:137} INFO - [2023-03-09T09:39:04.359+0000] {dagbag.py:538} INFO - Filling up the DagBag from /home/airflow/.local/lib/python3.7/site-packages/airflow/example_dags/example_branch_operator.py
[2023-03-09T09:39:04.370+0000] {processor.py:753} INFO - DAG(s) dict_keys(['example_branch_operator']) retrieved from /home/airflow/.local/lib/python3.7/site-packages/airflow/example_dags/example_branch_operator.py
[2023-03-09T09:39:04.387+0000] {logging_mixin.py:137} INFO - [2023-03-09T09:39:04.387+0000] {dag.py:2690} INFO - Sync 1 DAGs
[2023-03-09T09:39:04.402+0000] {logging_mixin.py:137} INFO - [2023-03-09T09:39:04.402+0000] {dag.py:3441} INFO - Setting next_dagrun for example_branch_operator to 2023-03-08T00:00:00+00:00, run_after=2023-03-09T00:00:00+00:00
[2023-03-09T09:39:04.412+0000] {processor.py:175} INFO - Processing /home/airflow/.local/lib/python3.7/site-packages/airflow/example_dags/example_branch_operator.py took 0.058 seconds
[2023-03-09T09:39:34.702+0000] {processor.py:153} INFO - Started process (PID=2855) to work on /home/airflow/.local/lib/python3.7/site-packages/airflow/example_dags/example_branch_operator.py
[2023-03-09T09:39:34.703+0000] {processor.py:743} INFO - Processing file /home/airflow/.local/lib/python3.7/site-packages/airflow/example_dags/example_branch_operator.py for tasks to queue
[2023-03-09T09:39:34.704+0000] {logging_mixin.py:137} INFO - [2023-03-09T09:39:34.704+0000] {dagbag.py:538} INFO - Filling up the DagBag from /home/airflow/.local/lib/python3.7/site-packages/airflow/example_dags/example_branch_operator.py
[2023-03-09T09:39:34.717+0000] {processor.py:753} INFO - DAG(s) dict_keys(['example_branch_operator']) retrieved from /home/airflow/.local/lib/python3.7/site-packages/airflow/example_dags/example_branch_operator.py
[2023-03-09T09:39:34.737+0000] {logging_mixin.py:137} INFO - [2023-03-09T09:39:34.737+0000] {dag.py:2690} INFO - Sync 1 DAGs
[2023-03-09T09:39:34.754+0000] {logging_mixin.py:137} INFO - [2023-03-09T09:39:34.754+0000] {dag.py:3441} INFO - Setting next_dagrun for example_branch_operator to 2023-03-08T00:00:00+00:00, run_after=2023-03-09T00:00:00+00:00
[2023-03-09T09:39:34.769+0000] {processor.py:175} INFO - Processing /home/airflow/.local/lib/python3.7/site-packages/airflow/example_dags/example_branch_operator.py took 0.070 seconds
[2023-03-09T09:40:04.902+0000] {processor.py:153} INFO - Started process (PID=2922) to work on /home/airflow/.local/lib/python3.7/site-packages/airflow/example_dags/example_branch_operator.py
[2023-03-09T09:40:04.904+0000] {processor.py:743} INFO - Processing file /home/airflow/.local/lib/python3.7/site-packages/airflow/example_dags/example_branch_operator.py for tasks to queue
[2023-03-09T09:40:04.904+0000] {logging_mixin.py:137} INFO - [2023-03-09T09:40:04.904+0000] {dagbag.py:538} INFO - Filling up the DagBag from /home/airflow/.local/lib/python3.7/site-packages/airflow/example_dags/example_branch_operator.py
[2023-03-09T09:40:04.916+0000] {processor.py:753} INFO - DAG(s) dict_keys(['example_branch_operator']) retrieved from /home/airflow/.local/lib/python3.7/site-packages/airflow/example_dags/example_branch_operator.py
[2023-03-09T09:40:04.934+0000] {logging_mixin.py:137} INFO - [2023-03-09T09:40:04.934+0000] {dag.py:2690} INFO - Sync 1 DAGs
[2023-03-09T09:40:04.950+0000] {logging_mixin.py:137} INFO - [2023-03-09T09:40:04.950+0000] {dag.py:3441} INFO - Setting next_dagrun for example_branch_operator to 2023-03-08T00:00:00+00:00, run_after=2023-03-09T00:00:00+00:00
[2023-03-09T09:40:04.961+0000] {processor.py:175} INFO - Processing /home/airflow/.local/lib/python3.7/site-packages/airflow/example_dags/example_branch_operator.py took 0.061 seconds
[2023-03-09T09:40:35.073+0000] {processor.py:153} INFO - Started process (PID=3000) to work on /home/airflow/.local/lib/python3.7/site-packages/airflow/example_dags/example_branch_operator.py
[2023-03-09T09:40:35.075+0000] {processor.py:743} INFO - Processing file /home/airflow/.local/lib/python3.7/site-packages/airflow/example_dags/example_branch_operator.py for tasks to queue
[2023-03-09T09:40:35.076+0000] {logging_mixin.py:137} INFO - [2023-03-09T09:40:35.076+0000] {dagbag.py:538} INFO - Filling up the DagBag from /home/airflow/.local/lib/python3.7/site-packages/airflow/example_dags/example_branch_operator.py
[2023-03-09T09:40:35.087+0000] {processor.py:753} INFO - DAG(s) dict_keys(['example_branch_operator']) retrieved from /home/airflow/.local/lib/python3.7/site-packages/airflow/example_dags/example_branch_operator.py
[2023-03-09T09:40:35.105+0000] {logging_mixin.py:137} INFO - [2023-03-09T09:40:35.105+0000] {dag.py:2690} INFO - Sync 1 DAGs
[2023-03-09T09:40:35.122+0000] {logging_mixin.py:137} INFO - [2023-03-09T09:40:35.122+0000] {dag.py:3441} INFO - Setting next_dagrun for example_branch_operator to 2023-03-08T00:00:00+00:00, run_after=2023-03-09T00:00:00+00:00
[2023-03-09T09:40:35.133+0000] {processor.py:175} INFO - Processing /home/airflow/.local/lib/python3.7/site-packages/airflow/example_dags/example_branch_operator.py took 0.063 seconds
[2023-03-09T09:41:05.493+0000] {processor.py:153} INFO - Started process (PID=3082) to work on /home/airflow/.local/lib/python3.7/site-packages/airflow/example_dags/example_branch_operator.py
[2023-03-09T09:41:05.495+0000] {processor.py:743} INFO - Processing file /home/airflow/.local/lib/python3.7/site-packages/airflow/example_dags/example_branch_operator.py for tasks to queue
[2023-03-09T09:41:05.496+0000] {logging_mixin.py:137} INFO - [2023-03-09T09:41:05.496+0000] {dagbag.py:538} INFO - Filling up the DagBag from /home/airflow/.local/lib/python3.7/site-packages/airflow/example_dags/example_branch_operator.py
[2023-03-09T09:41:05.510+0000] {processor.py:753} INFO - DAG(s) dict_keys(['example_branch_operator']) retrieved from /home/airflow/.local/lib/python3.7/site-packages/airflow/example_dags/example_branch_operator.py
[2023-03-09T09:41:05.531+0000] {logging_mixin.py:137} INFO - [2023-03-09T09:41:05.531+0000] {dag.py:2690} INFO - Sync 1 DAGs
[2023-03-09T09:41:05.554+0000] {logging_mixin.py:137} INFO - [2023-03-09T09:41:05.553+0000] {dag.py:3441} INFO - Setting next_dagrun for example_branch_operator to 2023-03-08T00:00:00+00:00, run_after=2023-03-09T00:00:00+00:00
[2023-03-09T09:41:05.570+0000] {processor.py:175} INFO - Processing /home/airflow/.local/lib/python3.7/site-packages/airflow/example_dags/example_branch_operator.py took 0.080 seconds
[2023-03-09T09:41:36.149+0000] {processor.py:153} INFO - Started process (PID=3145) to work on /home/airflow/.local/lib/python3.7/site-packages/airflow/example_dags/example_branch_operator.py
[2023-03-09T09:41:36.150+0000] {processor.py:743} INFO - Processing file /home/airflow/.local/lib/python3.7/site-packages/airflow/example_dags/example_branch_operator.py for tasks to queue
[2023-03-09T09:41:36.151+0000] {logging_mixin.py:137} INFO - [2023-03-09T09:41:36.151+0000] {dagbag.py:538} INFO - Filling up the DagBag from /home/airflow/.local/lib/python3.7/site-packages/airflow/example_dags/example_branch_operator.py
[2023-03-09T09:41:36.162+0000] {processor.py:753} INFO - DAG(s) dict_keys(['example_branch_operator']) retrieved from /home/airflow/.local/lib/python3.7/site-packages/airflow/example_dags/example_branch_operator.py
[2023-03-09T09:41:36.179+0000] {logging_mixin.py:137} INFO - [2023-03-09T09:41:36.179+0000] {dag.py:2690} INFO - Sync 1 DAGs
[2023-03-09T09:41:36.194+0000] {logging_mixin.py:137} INFO - [2023-03-09T09:41:36.194+0000] {dag.py:3441} INFO - Setting next_dagrun for example_branch_operator to 2023-03-08T00:00:00+00:00, run_after=2023-03-09T00:00:00+00:00
[2023-03-09T09:41:36.204+0000] {processor.py:175} INFO - Processing /home/airflow/.local/lib/python3.7/site-packages/airflow/example_dags/example_branch_operator.py took 0.059 seconds
[2023-03-09T09:42:06.745+0000] {processor.py:153} INFO - Started process (PID=3223) to work on /home/airflow/.local/lib/python3.7/site-packages/airflow/example_dags/example_branch_operator.py
[2023-03-09T09:42:06.746+0000] {processor.py:743} INFO - Processing file /home/airflow/.local/lib/python3.7/site-packages/airflow/example_dags/example_branch_operator.py for tasks to queue
[2023-03-09T09:42:06.747+0000] {logging_mixin.py:137} INFO - [2023-03-09T09:42:06.747+0000] {dagbag.py:538} INFO - Filling up the DagBag from /home/airflow/.local/lib/python3.7/site-packages/airflow/example_dags/example_branch_operator.py
[2023-03-09T09:42:06.758+0000] {processor.py:753} INFO - DAG(s) dict_keys(['example_branch_operator']) retrieved from /home/airflow/.local/lib/python3.7/site-packages/airflow/example_dags/example_branch_operator.py
[2023-03-09T09:42:06.776+0000] {logging_mixin.py:137} INFO - [2023-03-09T09:42:06.776+0000] {dag.py:2690} INFO - Sync 1 DAGs
[2023-03-09T09:42:06.792+0000] {logging_mixin.py:137} INFO - [2023-03-09T09:42:06.792+0000] {dag.py:3441} INFO - Setting next_dagrun for example_branch_operator to 2023-03-08T00:00:00+00:00, run_after=2023-03-09T00:00:00+00:00
[2023-03-09T09:42:06.804+0000] {processor.py:175} INFO - Processing /home/airflow/.local/lib/python3.7/site-packages/airflow/example_dags/example_branch_operator.py took 0.061 seconds
[2023-03-09T09:42:37.049+0000] {processor.py:153} INFO - Started process (PID=3290) to work on /home/airflow/.local/lib/python3.7/site-packages/airflow/example_dags/example_branch_operator.py
[2023-03-09T09:42:37.050+0000] {processor.py:743} INFO - Processing file /home/airflow/.local/lib/python3.7/site-packages/airflow/example_dags/example_branch_operator.py for tasks to queue
[2023-03-09T09:42:37.050+0000] {logging_mixin.py:137} INFO - [2023-03-09T09:42:37.050+0000] {dagbag.py:538} INFO - Filling up the DagBag from /home/airflow/.local/lib/python3.7/site-packages/airflow/example_dags/example_branch_operator.py
[2023-03-09T09:42:37.063+0000] {processor.py:753} INFO - DAG(s) dict_keys(['example_branch_operator']) retrieved from /home/airflow/.local/lib/python3.7/site-packages/airflow/example_dags/example_branch_operator.py
[2023-03-09T09:42:37.083+0000] {logging_mixin.py:137} INFO - [2023-03-09T09:42:37.083+0000] {dag.py:2690} INFO - Sync 1 DAGs
[2023-03-09T09:42:37.099+0000] {logging_mixin.py:137} INFO - [2023-03-09T09:42:37.099+0000] {dag.py:3441} INFO - Setting next_dagrun for example_branch_operator to 2023-03-08T00:00:00+00:00, run_after=2023-03-09T00:00:00+00:00
[2023-03-09T09:42:37.111+0000] {processor.py:175} INFO - Processing /home/airflow/.local/lib/python3.7/site-packages/airflow/example_dags/example_branch_operator.py took 0.065 seconds
[2023-03-09T09:43:07.562+0000] {processor.py:153} INFO - Started process (PID=3368) to work on /home/airflow/.local/lib/python3.7/site-packages/airflow/example_dags/example_branch_operator.py
[2023-03-09T09:43:07.564+0000] {processor.py:743} INFO - Processing file /home/airflow/.local/lib/python3.7/site-packages/airflow/example_dags/example_branch_operator.py for tasks to queue
[2023-03-09T09:43:07.565+0000] {logging_mixin.py:137} INFO - [2023-03-09T09:43:07.565+0000] {dagbag.py:538} INFO - Filling up the DagBag from /home/airflow/.local/lib/python3.7/site-packages/airflow/example_dags/example_branch_operator.py
[2023-03-09T09:43:07.577+0000] {processor.py:753} INFO - DAG(s) dict_keys(['example_branch_operator']) retrieved from /home/airflow/.local/lib/python3.7/site-packages/airflow/example_dags/example_branch_operator.py
[2023-03-09T09:43:07.596+0000] {logging_mixin.py:137} INFO - [2023-03-09T09:43:07.596+0000] {dag.py:2690} INFO - Sync 1 DAGs
[2023-03-09T09:43:07.612+0000] {logging_mixin.py:137} INFO - [2023-03-09T09:43:07.612+0000] {dag.py:3441} INFO - Setting next_dagrun for example_branch_operator to 2023-03-08T00:00:00+00:00, run_after=2023-03-09T00:00:00+00:00
[2023-03-09T09:43:07.624+0000] {processor.py:175} INFO - Processing /home/airflow/.local/lib/python3.7/site-packages/airflow/example_dags/example_branch_operator.py took 0.064 seconds
[2023-03-09T09:43:37.898+0000] {processor.py:153} INFO - Started process (PID=3451) to work on /home/airflow/.local/lib/python3.7/site-packages/airflow/example_dags/example_branch_operator.py
[2023-03-09T09:43:37.900+0000] {processor.py:743} INFO - Processing file /home/airflow/.local/lib/python3.7/site-packages/airflow/example_dags/example_branch_operator.py for tasks to queue
[2023-03-09T09:43:37.901+0000] {logging_mixin.py:137} INFO - [2023-03-09T09:43:37.901+0000] {dagbag.py:538} INFO - Filling up the DagBag from /home/airflow/.local/lib/python3.7/site-packages/airflow/example_dags/example_branch_operator.py
[2023-03-09T09:43:37.913+0000] {processor.py:753} INFO - DAG(s) dict_keys(['example_branch_operator']) retrieved from /home/airflow/.local/lib/python3.7/site-packages/airflow/example_dags/example_branch_operator.py
[2023-03-09T09:43:37.931+0000] {logging_mixin.py:137} INFO - [2023-03-09T09:43:37.931+0000] {dag.py:2690} INFO - Sync 1 DAGs
[2023-03-09T09:43:37.947+0000] {logging_mixin.py:137} INFO - [2023-03-09T09:43:37.947+0000] {dag.py:3441} INFO - Setting next_dagrun for example_branch_operator to 2023-03-08T00:00:00+00:00, run_after=2023-03-09T00:00:00+00:00
[2023-03-09T09:43:37.958+0000] {processor.py:175} INFO - Processing /home/airflow/.local/lib/python3.7/site-packages/airflow/example_dags/example_branch_operator.py took 0.062 seconds
[2023-03-09T09:44:08.242+0000] {processor.py:153} INFO - Started process (PID=3517) to work on /home/airflow/.local/lib/python3.7/site-packages/airflow/example_dags/example_branch_operator.py
[2023-03-09T09:44:08.244+0000] {processor.py:743} INFO - Processing file /home/airflow/.local/lib/python3.7/site-packages/airflow/example_dags/example_branch_operator.py for tasks to queue
[2023-03-09T09:44:08.245+0000] {logging_mixin.py:137} INFO - [2023-03-09T09:44:08.245+0000] {dagbag.py:538} INFO - Filling up the DagBag from /home/airflow/.local/lib/python3.7/site-packages/airflow/example_dags/example_branch_operator.py
[2023-03-09T09:44:08.256+0000] {processor.py:753} INFO - DAG(s) dict_keys(['example_branch_operator']) retrieved from /home/airflow/.local/lib/python3.7/site-packages/airflow/example_dags/example_branch_operator.py
[2023-03-09T09:44:08.273+0000] {logging_mixin.py:137} INFO - [2023-03-09T09:44:08.273+0000] {dag.py:2690} INFO - Sync 1 DAGs
[2023-03-09T09:44:08.288+0000] {logging_mixin.py:137} INFO - [2023-03-09T09:44:08.288+0000] {dag.py:3441} INFO - Setting next_dagrun for example_branch_operator to 2023-03-08T00:00:00+00:00, run_after=2023-03-09T00:00:00+00:00
[2023-03-09T09:44:08.300+0000] {processor.py:175} INFO - Processing /home/airflow/.local/lib/python3.7/site-packages/airflow/example_dags/example_branch_operator.py took 0.060 seconds
[2023-03-09T09:44:38.487+0000] {processor.py:153} INFO - Started process (PID=3599) to work on /home/airflow/.local/lib/python3.7/site-packages/airflow/example_dags/example_branch_operator.py
[2023-03-09T09:44:38.489+0000] {processor.py:743} INFO - Processing file /home/airflow/.local/lib/python3.7/site-packages/airflow/example_dags/example_branch_operator.py for tasks to queue
[2023-03-09T09:44:38.490+0000] {logging_mixin.py:137} INFO - [2023-03-09T09:44:38.490+0000] {dagbag.py:538} INFO - Filling up the DagBag from /home/airflow/.local/lib/python3.7/site-packages/airflow/example_dags/example_branch_operator.py
[2023-03-09T09:44:38.503+0000] {processor.py:753} INFO - DAG(s) dict_keys(['example_branch_operator']) retrieved from /home/airflow/.local/lib/python3.7/site-packages/airflow/example_dags/example_branch_operator.py
[2023-03-09T09:44:38.523+0000] {logging_mixin.py:137} INFO - [2023-03-09T09:44:38.523+0000] {dag.py:2690} INFO - Sync 1 DAGs
[2023-03-09T09:44:38.541+0000] {logging_mixin.py:137} INFO - [2023-03-09T09:44:38.541+0000] {dag.py:3441} INFO - Setting next_dagrun for example_branch_operator to 2023-03-08T00:00:00+00:00, run_after=2023-03-09T00:00:00+00:00
[2023-03-09T09:44:38.553+0000] {processor.py:175} INFO - Processing /home/airflow/.local/lib/python3.7/site-packages/airflow/example_dags/example_branch_operator.py took 0.068 seconds
[2023-03-09T09:45:08.790+0000] {processor.py:153} INFO - Started process (PID=3677) to work on /home/airflow/.local/lib/python3.7/site-packages/airflow/example_dags/example_branch_operator.py
[2023-03-09T09:45:08.791+0000] {processor.py:743} INFO - Processing file /home/airflow/.local/lib/python3.7/site-packages/airflow/example_dags/example_branch_operator.py for tasks to queue
[2023-03-09T09:45:08.792+0000] {logging_mixin.py:137} INFO - [2023-03-09T09:45:08.792+0000] {dagbag.py:538} INFO - Filling up the DagBag from /home/airflow/.local/lib/python3.7/site-packages/airflow/example_dags/example_branch_operator.py
[2023-03-09T09:45:08.803+0000] {processor.py:753} INFO - DAG(s) dict_keys(['example_branch_operator']) retrieved from /home/airflow/.local/lib/python3.7/site-packages/airflow/example_dags/example_branch_operator.py
[2023-03-09T09:45:08.822+0000] {logging_mixin.py:137} INFO - [2023-03-09T09:45:08.822+0000] {dag.py:2690} INFO - Sync 1 DAGs
[2023-03-09T09:45:08.836+0000] {logging_mixin.py:137} INFO - [2023-03-09T09:45:08.836+0000] {dag.py:3441} INFO - Setting next_dagrun for example_branch_operator to 2023-03-08T00:00:00+00:00, run_after=2023-03-09T00:00:00+00:00
[2023-03-09T09:45:08.848+0000] {processor.py:175} INFO - Processing /home/airflow/.local/lib/python3.7/site-packages/airflow/example_dags/example_branch_operator.py took 0.061 seconds
[2023-03-09T09:45:39.158+0000] {processor.py:153} INFO - Started process (PID=3743) to work on /home/airflow/.local/lib/python3.7/site-packages/airflow/example_dags/example_branch_operator.py
[2023-03-09T09:45:39.161+0000] {processor.py:743} INFO - Processing file /home/airflow/.local/lib/python3.7/site-packages/airflow/example_dags/example_branch_operator.py for tasks to queue
[2023-03-09T09:45:39.162+0000] {logging_mixin.py:137} INFO - [2023-03-09T09:45:39.162+0000] {dagbag.py:538} INFO - Filling up the DagBag from /home/airflow/.local/lib/python3.7/site-packages/airflow/example_dags/example_branch_operator.py
[2023-03-09T09:45:39.175+0000] {processor.py:753} INFO - DAG(s) dict_keys(['example_branch_operator']) retrieved from /home/airflow/.local/lib/python3.7/site-packages/airflow/example_dags/example_branch_operator.py
[2023-03-09T09:45:39.204+0000] {logging_mixin.py:137} INFO - [2023-03-09T09:45:39.204+0000] {dag.py:2690} INFO - Sync 1 DAGs
[2023-03-09T09:45:39.222+0000] {logging_mixin.py:137} INFO - [2023-03-09T09:45:39.222+0000] {dag.py:3441} INFO - Setting next_dagrun for example_branch_operator to 2023-03-08T00:00:00+00:00, run_after=2023-03-09T00:00:00+00:00
[2023-03-09T09:45:39.235+0000] {processor.py:175} INFO - Processing /home/airflow/.local/lib/python3.7/site-packages/airflow/example_dags/example_branch_operator.py took 0.080 seconds
[2023-03-09T09:46:09.306+0000] {processor.py:153} INFO - Started process (PID=3827) to work on /home/airflow/.local/lib/python3.7/site-packages/airflow/example_dags/example_branch_operator.py
[2023-03-09T09:46:09.308+0000] {processor.py:743} INFO - Processing file /home/airflow/.local/lib/python3.7/site-packages/airflow/example_dags/example_branch_operator.py for tasks to queue
[2023-03-09T09:46:09.308+0000] {logging_mixin.py:137} INFO - [2023-03-09T09:46:09.308+0000] {dagbag.py:538} INFO - Filling up the DagBag from /home/airflow/.local/lib/python3.7/site-packages/airflow/example_dags/example_branch_operator.py
[2023-03-09T09:46:09.319+0000] {processor.py:753} INFO - DAG(s) dict_keys(['example_branch_operator']) retrieved from /home/airflow/.local/lib/python3.7/site-packages/airflow/example_dags/example_branch_operator.py
[2023-03-09T09:46:09.336+0000] {logging_mixin.py:137} INFO - [2023-03-09T09:46:09.336+0000] {dag.py:2690} INFO - Sync 1 DAGs
[2023-03-09T09:46:09.351+0000] {logging_mixin.py:137} INFO - [2023-03-09T09:46:09.351+0000] {dag.py:3441} INFO - Setting next_dagrun for example_branch_operator to 2023-03-08T00:00:00+00:00, run_after=2023-03-09T00:00:00+00:00
[2023-03-09T09:46:09.363+0000] {processor.py:175} INFO - Processing /home/airflow/.local/lib/python3.7/site-packages/airflow/example_dags/example_branch_operator.py took 0.061 seconds
[2023-03-09T09:46:39.758+0000] {processor.py:153} INFO - Started process (PID=3907) to work on /home/airflow/.local/lib/python3.7/site-packages/airflow/example_dags/example_branch_operator.py
[2023-03-09T09:46:39.760+0000] {processor.py:743} INFO - Processing file /home/airflow/.local/lib/python3.7/site-packages/airflow/example_dags/example_branch_operator.py for tasks to queue
[2023-03-09T09:46:39.762+0000] {logging_mixin.py:137} INFO - [2023-03-09T09:46:39.761+0000] {dagbag.py:538} INFO - Filling up the DagBag from /home/airflow/.local/lib/python3.7/site-packages/airflow/example_dags/example_branch_operator.py
[2023-03-09T09:46:39.776+0000] {processor.py:753} INFO - DAG(s) dict_keys(['example_branch_operator']) retrieved from /home/airflow/.local/lib/python3.7/site-packages/airflow/example_dags/example_branch_operator.py
[2023-03-09T09:46:39.797+0000] {logging_mixin.py:137} INFO - [2023-03-09T09:46:39.797+0000] {dag.py:2690} INFO - Sync 1 DAGs
[2023-03-09T09:46:39.827+0000] {logging_mixin.py:137} INFO - [2023-03-09T09:46:39.827+0000] {dag.py:3441} INFO - Setting next_dagrun for example_branch_operator to 2023-03-08T00:00:00+00:00, run_after=2023-03-09T00:00:00+00:00
[2023-03-09T09:46:39.851+0000] {processor.py:175} INFO - Processing /home/airflow/.local/lib/python3.7/site-packages/airflow/example_dags/example_branch_operator.py took 0.098 seconds
[2023-03-09T09:47:10.148+0000] {processor.py:153} INFO - Started process (PID=3975) to work on /home/airflow/.local/lib/python3.7/site-packages/airflow/example_dags/example_branch_operator.py
[2023-03-09T09:47:10.149+0000] {processor.py:743} INFO - Processing file /home/airflow/.local/lib/python3.7/site-packages/airflow/example_dags/example_branch_operator.py for tasks to queue
[2023-03-09T09:47:10.151+0000] {logging_mixin.py:137} INFO - [2023-03-09T09:47:10.151+0000] {dagbag.py:538} INFO - Filling up the DagBag from /home/airflow/.local/lib/python3.7/site-packages/airflow/example_dags/example_branch_operator.py
[2023-03-09T09:47:10.162+0000] {processor.py:753} INFO - DAG(s) dict_keys(['example_branch_operator']) retrieved from /home/airflow/.local/lib/python3.7/site-packages/airflow/example_dags/example_branch_operator.py
[2023-03-09T09:47:10.179+0000] {logging_mixin.py:137} INFO - [2023-03-09T09:47:10.179+0000] {dag.py:2690} INFO - Sync 1 DAGs
[2023-03-09T09:47:10.193+0000] {logging_mixin.py:137} INFO - [2023-03-09T09:47:10.193+0000] {dag.py:3441} INFO - Setting next_dagrun for example_branch_operator to 2023-03-08T00:00:00+00:00, run_after=2023-03-09T00:00:00+00:00
[2023-03-09T09:47:10.204+0000] {processor.py:175} INFO - Processing /home/airflow/.local/lib/python3.7/site-packages/airflow/example_dags/example_branch_operator.py took 0.060 seconds
[2023-03-09T09:47:40.565+0000] {processor.py:153} INFO - Started process (PID=4054) to work on /home/airflow/.local/lib/python3.7/site-packages/airflow/example_dags/example_branch_operator.py
[2023-03-09T09:47:40.566+0000] {processor.py:743} INFO - Processing file /home/airflow/.local/lib/python3.7/site-packages/airflow/example_dags/example_branch_operator.py for tasks to queue
[2023-03-09T09:47:40.567+0000] {logging_mixin.py:137} INFO - [2023-03-09T09:47:40.567+0000] {dagbag.py:538} INFO - Filling up the DagBag from /home/airflow/.local/lib/python3.7/site-packages/airflow/example_dags/example_branch_operator.py
[2023-03-09T09:47:40.578+0000] {processor.py:753} INFO - DAG(s) dict_keys(['example_branch_operator']) retrieved from /home/airflow/.local/lib/python3.7/site-packages/airflow/example_dags/example_branch_operator.py
[2023-03-09T09:47:40.596+0000] {logging_mixin.py:137} INFO - [2023-03-09T09:47:40.596+0000] {dag.py:2690} INFO - Sync 1 DAGs
[2023-03-09T09:47:40.612+0000] {logging_mixin.py:137} INFO - [2023-03-09T09:47:40.612+0000] {dag.py:3441} INFO - Setting next_dagrun for example_branch_operator to 2023-03-08T00:00:00+00:00, run_after=2023-03-09T00:00:00+00:00
[2023-03-09T09:47:40.623+0000] {processor.py:175} INFO - Processing /home/airflow/.local/lib/python3.7/site-packages/airflow/example_dags/example_branch_operator.py took 0.061 seconds
[2023-03-09T09:48:10.801+0000] {processor.py:153} INFO - Started process (PID=4118) to work on /home/airflow/.local/lib/python3.7/site-packages/airflow/example_dags/example_branch_operator.py
[2023-03-09T09:48:10.802+0000] {processor.py:743} INFO - Processing file /home/airflow/.local/lib/python3.7/site-packages/airflow/example_dags/example_branch_operator.py for tasks to queue
[2023-03-09T09:48:10.803+0000] {logging_mixin.py:137} INFO - [2023-03-09T09:48:10.803+0000] {dagbag.py:538} INFO - Filling up the DagBag from /home/airflow/.local/lib/python3.7/site-packages/airflow/example_dags/example_branch_operator.py
[2023-03-09T09:48:10.814+0000] {processor.py:753} INFO - DAG(s) dict_keys(['example_branch_operator']) retrieved from /home/airflow/.local/lib/python3.7/site-packages/airflow/example_dags/example_branch_operator.py
[2023-03-09T09:48:10.831+0000] {logging_mixin.py:137} INFO - [2023-03-09T09:48:10.831+0000] {dag.py:2690} INFO - Sync 1 DAGs
[2023-03-09T09:48:10.846+0000] {logging_mixin.py:137} INFO - [2023-03-09T09:48:10.846+0000] {dag.py:3441} INFO - Setting next_dagrun for example_branch_operator to 2023-03-08T00:00:00+00:00, run_after=2023-03-09T00:00:00+00:00
[2023-03-09T09:48:10.857+0000] {processor.py:175} INFO - Processing /home/airflow/.local/lib/python3.7/site-packages/airflow/example_dags/example_branch_operator.py took 0.059 seconds
[2023-03-09T09:48:41.194+0000] {processor.py:153} INFO - Started process (PID=4193) to work on /home/airflow/.local/lib/python3.7/site-packages/airflow/example_dags/example_branch_operator.py
[2023-03-09T09:48:41.195+0000] {processor.py:743} INFO - Processing file /home/airflow/.local/lib/python3.7/site-packages/airflow/example_dags/example_branch_operator.py for tasks to queue
[2023-03-09T09:48:41.196+0000] {logging_mixin.py:137} INFO - [2023-03-09T09:48:41.196+0000] {dagbag.py:538} INFO - Filling up the DagBag from /home/airflow/.local/lib/python3.7/site-packages/airflow/example_dags/example_branch_operator.py
[2023-03-09T09:48:41.207+0000] {processor.py:753} INFO - DAG(s) dict_keys(['example_branch_operator']) retrieved from /home/airflow/.local/lib/python3.7/site-packages/airflow/example_dags/example_branch_operator.py
[2023-03-09T09:48:41.227+0000] {logging_mixin.py:137} INFO - [2023-03-09T09:48:41.226+0000] {dag.py:2690} INFO - Sync 1 DAGs
[2023-03-09T09:48:41.243+0000] {logging_mixin.py:137} INFO - [2023-03-09T09:48:41.242+0000] {dag.py:3441} INFO - Setting next_dagrun for example_branch_operator to 2023-03-08T00:00:00+00:00, run_after=2023-03-09T00:00:00+00:00
[2023-03-09T09:48:41.253+0000] {processor.py:175} INFO - Processing /home/airflow/.local/lib/python3.7/site-packages/airflow/example_dags/example_branch_operator.py took 0.062 seconds
[2023-03-09T09:49:11.671+0000] {processor.py:153} INFO - Started process (PID=4277) to work on /home/airflow/.local/lib/python3.7/site-packages/airflow/example_dags/example_branch_operator.py
[2023-03-09T09:49:11.672+0000] {processor.py:743} INFO - Processing file /home/airflow/.local/lib/python3.7/site-packages/airflow/example_dags/example_branch_operator.py for tasks to queue
[2023-03-09T09:49:11.673+0000] {logging_mixin.py:137} INFO - [2023-03-09T09:49:11.673+0000] {dagbag.py:538} INFO - Filling up the DagBag from /home/airflow/.local/lib/python3.7/site-packages/airflow/example_dags/example_branch_operator.py
[2023-03-09T09:49:11.684+0000] {processor.py:753} INFO - DAG(s) dict_keys(['example_branch_operator']) retrieved from /home/airflow/.local/lib/python3.7/site-packages/airflow/example_dags/example_branch_operator.py
[2023-03-09T09:49:11.701+0000] {logging_mixin.py:137} INFO - [2023-03-09T09:49:11.701+0000] {dag.py:2690} INFO - Sync 1 DAGs
[2023-03-09T09:49:11.717+0000] {logging_mixin.py:137} INFO - [2023-03-09T09:49:11.717+0000] {dag.py:3441} INFO - Setting next_dagrun for example_branch_operator to 2023-03-08T00:00:00+00:00, run_after=2023-03-09T00:00:00+00:00
[2023-03-09T09:49:11.728+0000] {processor.py:175} INFO - Processing /home/airflow/.local/lib/python3.7/site-packages/airflow/example_dags/example_branch_operator.py took 0.059 seconds
[2023-03-09T09:49:41.834+0000] {processor.py:153} INFO - Started process (PID=4344) to work on /home/airflow/.local/lib/python3.7/site-packages/airflow/example_dags/example_branch_operator.py
[2023-03-09T09:49:41.836+0000] {processor.py:743} INFO - Processing file /home/airflow/.local/lib/python3.7/site-packages/airflow/example_dags/example_branch_operator.py for tasks to queue
[2023-03-09T09:49:41.838+0000] {logging_mixin.py:137} INFO - [2023-03-09T09:49:41.838+0000] {dagbag.py:538} INFO - Filling up the DagBag from /home/airflow/.local/lib/python3.7/site-packages/airflow/example_dags/example_branch_operator.py
[2023-03-09T09:49:41.851+0000] {processor.py:753} INFO - DAG(s) dict_keys(['example_branch_operator']) retrieved from /home/airflow/.local/lib/python3.7/site-packages/airflow/example_dags/example_branch_operator.py
[2023-03-09T09:49:41.874+0000] {logging_mixin.py:137} INFO - [2023-03-09T09:49:41.871+0000] {dag.py:2690} INFO - Sync 1 DAGs
[2023-03-09T09:49:41.894+0000] {logging_mixin.py:137} INFO - [2023-03-09T09:49:41.893+0000] {dag.py:3441} INFO - Setting next_dagrun for example_branch_operator to 2023-03-08T00:00:00+00:00, run_after=2023-03-09T00:00:00+00:00
[2023-03-09T09:49:41.908+0000] {processor.py:175} INFO - Processing /home/airflow/.local/lib/python3.7/site-packages/airflow/example_dags/example_branch_operator.py took 0.077 seconds
[2023-03-09T09:50:12.384+0000] {processor.py:153} INFO - Started process (PID=4423) to work on /home/airflow/.local/lib/python3.7/site-packages/airflow/example_dags/example_branch_operator.py
[2023-03-09T09:50:12.386+0000] {processor.py:743} INFO - Processing file /home/airflow/.local/lib/python3.7/site-packages/airflow/example_dags/example_branch_operator.py for tasks to queue
[2023-03-09T09:50:12.388+0000] {logging_mixin.py:137} INFO - [2023-03-09T09:50:12.388+0000] {dagbag.py:538} INFO - Filling up the DagBag from /home/airflow/.local/lib/python3.7/site-packages/airflow/example_dags/example_branch_operator.py
[2023-03-09T09:50:12.400+0000] {processor.py:753} INFO - DAG(s) dict_keys(['example_branch_operator']) retrieved from /home/airflow/.local/lib/python3.7/site-packages/airflow/example_dags/example_branch_operator.py
[2023-03-09T09:50:12.418+0000] {logging_mixin.py:137} INFO - [2023-03-09T09:50:12.418+0000] {dag.py:2690} INFO - Sync 1 DAGs
[2023-03-09T09:50:12.435+0000] {logging_mixin.py:137} INFO - [2023-03-09T09:50:12.435+0000] {dag.py:3441} INFO - Setting next_dagrun for example_branch_operator to 2023-03-08T00:00:00+00:00, run_after=2023-03-09T00:00:00+00:00
[2023-03-09T09:50:12.446+0000] {processor.py:175} INFO - Processing /home/airflow/.local/lib/python3.7/site-packages/airflow/example_dags/example_branch_operator.py took 0.065 seconds
