[2023-03-09T09:02:18.381+0000] {processor.py:153} INFO - Started process (PID=61) to work on /home/airflow/.local/lib/python3.7/site-packages/airflow/example_dags/tutorial.py
[2023-03-09T09:02:18.384+0000] {processor.py:743} INFO - Processing file /home/airflow/.local/lib/python3.7/site-packages/airflow/example_dags/tutorial.py for tasks to queue
[2023-03-09T09:02:18.387+0000] {logging_mixin.py:137} INFO - [2023-03-09T09:02:18.387+0000] {dagbag.py:538} INFO - Filling up the DagBag from /home/airflow/.local/lib/python3.7/site-packages/airflow/example_dags/tutorial.py
[2023-03-09T09:02:18.435+0000] {processor.py:753} INFO - DAG(s) dict_keys(['tutorial']) retrieved from /home/airflow/.local/lib/python3.7/site-packages/airflow/example_dags/tutorial.py
[2023-03-09T09:02:18.522+0000] {logging_mixin.py:137} INFO - [2023-03-09T09:02:18.522+0000] {dag.py:2690} INFO - Sync 1 DAGs
[2023-03-09T09:02:18.614+0000] {logging_mixin.py:137} INFO - [2023-03-09T09:02:18.614+0000] {dag.py:3441} INFO - Setting next_dagrun for tutorial to 2023-03-08T09:02:18.614154+00:00, run_after=2023-03-09T09:02:18.614154+00:00
[2023-03-09T09:02:18.662+0000] {processor.py:175} INFO - Processing /home/airflow/.local/lib/python3.7/site-packages/airflow/example_dags/tutorial.py took 0.291 seconds
[2023-03-09T09:02:49.073+0000] {processor.py:153} INFO - Started process (PID=127) to work on /home/airflow/.local/lib/python3.7/site-packages/airflow/example_dags/tutorial.py
[2023-03-09T09:02:49.075+0000] {processor.py:743} INFO - Processing file /home/airflow/.local/lib/python3.7/site-packages/airflow/example_dags/tutorial.py for tasks to queue
[2023-03-09T09:02:49.076+0000] {logging_mixin.py:137} INFO - [2023-03-09T09:02:49.076+0000] {dagbag.py:538} INFO - Filling up the DagBag from /home/airflow/.local/lib/python3.7/site-packages/airflow/example_dags/tutorial.py
[2023-03-09T09:02:49.086+0000] {processor.py:753} INFO - DAG(s) dict_keys(['tutorial']) retrieved from /home/airflow/.local/lib/python3.7/site-packages/airflow/example_dags/tutorial.py
[2023-03-09T09:02:49.102+0000] {logging_mixin.py:137} INFO - [2023-03-09T09:02:49.102+0000] {dag.py:2690} INFO - Sync 1 DAGs
[2023-03-09T09:02:49.116+0000] {logging_mixin.py:137} INFO - [2023-03-09T09:02:49.116+0000] {dag.py:3441} INFO - Setting next_dagrun for tutorial to 2023-03-08T09:02:49.116372+00:00, run_after=2023-03-09T09:02:49.116372+00:00
[2023-03-09T09:02:49.127+0000] {processor.py:175} INFO - Processing /home/airflow/.local/lib/python3.7/site-packages/airflow/example_dags/tutorial.py took 0.056 seconds
[2023-03-09T09:03:19.462+0000] {processor.py:153} INFO - Started process (PID=205) to work on /home/airflow/.local/lib/python3.7/site-packages/airflow/example_dags/tutorial.py
[2023-03-09T09:03:19.466+0000] {processor.py:743} INFO - Processing file /home/airflow/.local/lib/python3.7/site-packages/airflow/example_dags/tutorial.py for tasks to queue
[2023-03-09T09:03:19.469+0000] {logging_mixin.py:137} INFO - [2023-03-09T09:03:19.469+0000] {dagbag.py:538} INFO - Filling up the DagBag from /home/airflow/.local/lib/python3.7/site-packages/airflow/example_dags/tutorial.py
[2023-03-09T09:03:19.510+0000] {processor.py:753} INFO - DAG(s) dict_keys(['tutorial']) retrieved from /home/airflow/.local/lib/python3.7/site-packages/airflow/example_dags/tutorial.py
[2023-03-09T09:03:19.550+0000] {logging_mixin.py:137} INFO - [2023-03-09T09:03:19.550+0000] {dag.py:2690} INFO - Sync 1 DAGs
[2023-03-09T09:03:19.589+0000] {logging_mixin.py:137} INFO - [2023-03-09T09:03:19.589+0000] {dag.py:3441} INFO - Setting next_dagrun for tutorial to 2023-03-08T09:03:19.589051+00:00, run_after=2023-03-09T09:03:19.589051+00:00
[2023-03-09T09:03:19.638+0000] {processor.py:175} INFO - Processing /home/airflow/.local/lib/python3.7/site-packages/airflow/example_dags/tutorial.py took 0.182 seconds
[2023-03-09T09:03:49.981+0000] {processor.py:153} INFO - Started process (PID=273) to work on /home/airflow/.local/lib/python3.7/site-packages/airflow/example_dags/tutorial.py
[2023-03-09T09:03:49.984+0000] {processor.py:743} INFO - Processing file /home/airflow/.local/lib/python3.7/site-packages/airflow/example_dags/tutorial.py for tasks to queue
[2023-03-09T09:03:49.988+0000] {logging_mixin.py:137} INFO - [2023-03-09T09:03:49.988+0000] {dagbag.py:538} INFO - Filling up the DagBag from /home/airflow/.local/lib/python3.7/site-packages/airflow/example_dags/tutorial.py
[2023-03-09T09:03:50.009+0000] {processor.py:753} INFO - DAG(s) dict_keys(['tutorial']) retrieved from /home/airflow/.local/lib/python3.7/site-packages/airflow/example_dags/tutorial.py
[2023-03-09T09:03:50.042+0000] {logging_mixin.py:137} INFO - [2023-03-09T09:03:50.042+0000] {dag.py:2690} INFO - Sync 1 DAGs
[2023-03-09T09:03:50.072+0000] {logging_mixin.py:137} INFO - [2023-03-09T09:03:50.072+0000] {dag.py:3441} INFO - Setting next_dagrun for tutorial to 2023-03-08T09:03:50.072195+00:00, run_after=2023-03-09T09:03:50.072195+00:00
[2023-03-09T09:03:50.090+0000] {processor.py:175} INFO - Processing /home/airflow/.local/lib/python3.7/site-packages/airflow/example_dags/tutorial.py took 0.115 seconds
[2023-03-09T09:20:42.406+0000] {processor.py:153} INFO - Started process (PID=58) to work on /home/airflow/.local/lib/python3.7/site-packages/airflow/example_dags/tutorial.py
[2023-03-09T09:20:42.411+0000] {processor.py:743} INFO - Processing file /home/airflow/.local/lib/python3.7/site-packages/airflow/example_dags/tutorial.py for tasks to queue
[2023-03-09T09:20:42.413+0000] {logging_mixin.py:137} INFO - [2023-03-09T09:20:42.412+0000] {dagbag.py:538} INFO - Filling up the DagBag from /home/airflow/.local/lib/python3.7/site-packages/airflow/example_dags/tutorial.py
[2023-03-09T09:20:42.525+0000] {processor.py:753} INFO - DAG(s) dict_keys(['tutorial']) retrieved from /home/airflow/.local/lib/python3.7/site-packages/airflow/example_dags/tutorial.py
[2023-03-09T09:20:43.788+0000] {logging_mixin.py:137} INFO - [2023-03-09T09:20:43.788+0000] {manager.py:504} INFO - Created Permission View: can read on DAG:tutorial
[2023-03-09T09:20:43.809+0000] {logging_mixin.py:137} INFO - [2023-03-09T09:20:43.809+0000] {manager.py:504} INFO - Created Permission View: can edit on DAG:tutorial
[2023-03-09T09:20:43.824+0000] {logging_mixin.py:137} INFO - [2023-03-09T09:20:43.824+0000] {manager.py:504} INFO - Created Permission View: can delete on DAG:tutorial
[2023-03-09T09:20:43.827+0000] {logging_mixin.py:137} INFO - [2023-03-09T09:20:43.826+0000] {dag.py:2690} INFO - Sync 1 DAGs
[2023-03-09T09:20:43.877+0000] {logging_mixin.py:137} INFO - [2023-03-09T09:20:43.877+0000] {dag.py:2711} INFO - Creating ORM DAG for tutorial
[2023-03-09T09:20:43.928+0000] {logging_mixin.py:137} INFO - [2023-03-09T09:20:43.928+0000] {dag.py:3441} INFO - Setting next_dagrun for tutorial to 2023-03-08T09:20:43.927919+00:00, run_after=2023-03-09T09:20:43.927919+00:00
[2023-03-09T09:20:44.050+0000] {processor.py:175} INFO - Processing /home/airflow/.local/lib/python3.7/site-packages/airflow/example_dags/tutorial.py took 1.651 seconds
[2023-03-09T09:21:14.456+0000] {processor.py:153} INFO - Started process (PID=126) to work on /home/airflow/.local/lib/python3.7/site-packages/airflow/example_dags/tutorial.py
[2023-03-09T09:21:14.458+0000] {processor.py:743} INFO - Processing file /home/airflow/.local/lib/python3.7/site-packages/airflow/example_dags/tutorial.py for tasks to queue
[2023-03-09T09:21:14.459+0000] {logging_mixin.py:137} INFO - [2023-03-09T09:21:14.458+0000] {dagbag.py:538} INFO - Filling up the DagBag from /home/airflow/.local/lib/python3.7/site-packages/airflow/example_dags/tutorial.py
[2023-03-09T09:21:14.471+0000] {processor.py:753} INFO - DAG(s) dict_keys(['tutorial']) retrieved from /home/airflow/.local/lib/python3.7/site-packages/airflow/example_dags/tutorial.py
[2023-03-09T09:21:14.490+0000] {logging_mixin.py:137} INFO - [2023-03-09T09:21:14.490+0000] {dag.py:2690} INFO - Sync 1 DAGs
[2023-03-09T09:21:14.511+0000] {logging_mixin.py:137} INFO - [2023-03-09T09:21:14.511+0000] {dag.py:3441} INFO - Setting next_dagrun for tutorial to 2023-03-08T09:21:14.510859+00:00, run_after=2023-03-09T09:21:14.510859+00:00
[2023-03-09T09:21:14.525+0000] {processor.py:175} INFO - Processing /home/airflow/.local/lib/python3.7/site-packages/airflow/example_dags/tutorial.py took 0.072 seconds
[2023-03-09T09:21:44.971+0000] {processor.py:153} INFO - Started process (PID=194) to work on /home/airflow/.local/lib/python3.7/site-packages/airflow/example_dags/tutorial.py
[2023-03-09T09:21:44.973+0000] {processor.py:743} INFO - Processing file /home/airflow/.local/lib/python3.7/site-packages/airflow/example_dags/tutorial.py for tasks to queue
[2023-03-09T09:21:44.975+0000] {logging_mixin.py:137} INFO - [2023-03-09T09:21:44.975+0000] {dagbag.py:538} INFO - Filling up the DagBag from /home/airflow/.local/lib/python3.7/site-packages/airflow/example_dags/tutorial.py
[2023-03-09T09:21:44.999+0000] {processor.py:753} INFO - DAG(s) dict_keys(['tutorial']) retrieved from /home/airflow/.local/lib/python3.7/site-packages/airflow/example_dags/tutorial.py
[2023-03-09T09:21:45.034+0000] {logging_mixin.py:137} INFO - [2023-03-09T09:21:45.034+0000] {dag.py:2690} INFO - Sync 1 DAGs
[2023-03-09T09:21:45.065+0000] {logging_mixin.py:137} INFO - [2023-03-09T09:21:45.065+0000] {dag.py:3441} INFO - Setting next_dagrun for tutorial to 2023-03-08T09:21:45.065306+00:00, run_after=2023-03-09T09:21:45.065306+00:00
[2023-03-09T09:21:45.090+0000] {processor.py:175} INFO - Processing /home/airflow/.local/lib/python3.7/site-packages/airflow/example_dags/tutorial.py took 0.122 seconds
[2023-03-09T09:22:15.780+0000] {processor.py:153} INFO - Started process (PID=273) to work on /home/airflow/.local/lib/python3.7/site-packages/airflow/example_dags/tutorial.py
[2023-03-09T09:22:15.782+0000] {processor.py:743} INFO - Processing file /home/airflow/.local/lib/python3.7/site-packages/airflow/example_dags/tutorial.py for tasks to queue
[2023-03-09T09:22:15.784+0000] {logging_mixin.py:137} INFO - [2023-03-09T09:22:15.784+0000] {dagbag.py:538} INFO - Filling up the DagBag from /home/airflow/.local/lib/python3.7/site-packages/airflow/example_dags/tutorial.py
[2023-03-09T09:22:15.795+0000] {processor.py:753} INFO - DAG(s) dict_keys(['tutorial']) retrieved from /home/airflow/.local/lib/python3.7/site-packages/airflow/example_dags/tutorial.py
[2023-03-09T09:22:15.815+0000] {logging_mixin.py:137} INFO - [2023-03-09T09:22:15.814+0000] {dag.py:2690} INFO - Sync 1 DAGs
[2023-03-09T09:22:15.831+0000] {logging_mixin.py:137} INFO - [2023-03-09T09:22:15.830+0000] {dag.py:3441} INFO - Setting next_dagrun for tutorial to 2023-03-08T09:22:15.830790+00:00, run_after=2023-03-09T09:22:15.830790+00:00
[2023-03-09T09:22:15.842+0000] {processor.py:175} INFO - Processing /home/airflow/.local/lib/python3.7/site-packages/airflow/example_dags/tutorial.py took 0.068 seconds
[2023-03-09T09:22:46.149+0000] {processor.py:153} INFO - Started process (PID=350) to work on /home/airflow/.local/lib/python3.7/site-packages/airflow/example_dags/tutorial.py
[2023-03-09T09:22:46.151+0000] {processor.py:743} INFO - Processing file /home/airflow/.local/lib/python3.7/site-packages/airflow/example_dags/tutorial.py for tasks to queue
[2023-03-09T09:22:46.152+0000] {logging_mixin.py:137} INFO - [2023-03-09T09:22:46.152+0000] {dagbag.py:538} INFO - Filling up the DagBag from /home/airflow/.local/lib/python3.7/site-packages/airflow/example_dags/tutorial.py
[2023-03-09T09:22:46.162+0000] {processor.py:753} INFO - DAG(s) dict_keys(['tutorial']) retrieved from /home/airflow/.local/lib/python3.7/site-packages/airflow/example_dags/tutorial.py
[2023-03-09T09:22:46.179+0000] {logging_mixin.py:137} INFO - [2023-03-09T09:22:46.179+0000] {dag.py:2690} INFO - Sync 1 DAGs
[2023-03-09T09:22:46.194+0000] {logging_mixin.py:137} INFO - [2023-03-09T09:22:46.194+0000] {dag.py:3441} INFO - Setting next_dagrun for tutorial to 2023-03-08T09:22:46.194474+00:00, run_after=2023-03-09T09:22:46.194474+00:00
[2023-03-09T09:22:46.206+0000] {processor.py:175} INFO - Processing /home/airflow/.local/lib/python3.7/site-packages/airflow/example_dags/tutorial.py took 0.059 seconds
[2023-03-09T09:23:16.411+0000] {processor.py:153} INFO - Started process (PID=417) to work on /home/airflow/.local/lib/python3.7/site-packages/airflow/example_dags/tutorial.py
[2023-03-09T09:23:16.414+0000] {processor.py:743} INFO - Processing file /home/airflow/.local/lib/python3.7/site-packages/airflow/example_dags/tutorial.py for tasks to queue
[2023-03-09T09:23:16.415+0000] {logging_mixin.py:137} INFO - [2023-03-09T09:23:16.415+0000] {dagbag.py:538} INFO - Filling up the DagBag from /home/airflow/.local/lib/python3.7/site-packages/airflow/example_dags/tutorial.py
[2023-03-09T09:23:16.427+0000] {processor.py:753} INFO - DAG(s) dict_keys(['tutorial']) retrieved from /home/airflow/.local/lib/python3.7/site-packages/airflow/example_dags/tutorial.py
[2023-03-09T09:23:16.446+0000] {logging_mixin.py:137} INFO - [2023-03-09T09:23:16.446+0000] {dag.py:2690} INFO - Sync 1 DAGs
[2023-03-09T09:23:16.463+0000] {logging_mixin.py:137} INFO - [2023-03-09T09:23:16.463+0000] {dag.py:3441} INFO - Setting next_dagrun for tutorial to 2023-03-08T09:23:16.463712+00:00, run_after=2023-03-09T09:23:16.463712+00:00
[2023-03-09T09:23:16.475+0000] {processor.py:175} INFO - Processing /home/airflow/.local/lib/python3.7/site-packages/airflow/example_dags/tutorial.py took 0.067 seconds
[2023-03-09T09:23:46.707+0000] {processor.py:153} INFO - Started process (PID=504) to work on /home/airflow/.local/lib/python3.7/site-packages/airflow/example_dags/tutorial.py
[2023-03-09T09:23:46.711+0000] {processor.py:743} INFO - Processing file /home/airflow/.local/lib/python3.7/site-packages/airflow/example_dags/tutorial.py for tasks to queue
[2023-03-09T09:23:46.729+0000] {logging_mixin.py:137} INFO - [2023-03-09T09:23:46.729+0000] {dagbag.py:538} INFO - Filling up the DagBag from /home/airflow/.local/lib/python3.7/site-packages/airflow/example_dags/tutorial.py
[2023-03-09T09:23:46.754+0000] {processor.py:753} INFO - DAG(s) dict_keys(['tutorial']) retrieved from /home/airflow/.local/lib/python3.7/site-packages/airflow/example_dags/tutorial.py
[2023-03-09T09:23:46.771+0000] {logging_mixin.py:137} INFO - [2023-03-09T09:23:46.771+0000] {dag.py:2690} INFO - Sync 1 DAGs
[2023-03-09T09:23:46.786+0000] {logging_mixin.py:137} INFO - [2023-03-09T09:23:46.786+0000] {dag.py:3441} INFO - Setting next_dagrun for tutorial to 2023-03-08T09:23:46.786534+00:00, run_after=2023-03-09T09:23:46.786534+00:00
[2023-03-09T09:23:46.797+0000] {processor.py:175} INFO - Processing /home/airflow/.local/lib/python3.7/site-packages/airflow/example_dags/tutorial.py took 0.092 seconds
[2023-03-09T09:24:16.838+0000] {processor.py:153} INFO - Started process (PID=579) to work on /home/airflow/.local/lib/python3.7/site-packages/airflow/example_dags/tutorial.py
[2023-03-09T09:24:16.840+0000] {processor.py:743} INFO - Processing file /home/airflow/.local/lib/python3.7/site-packages/airflow/example_dags/tutorial.py for tasks to queue
[2023-03-09T09:24:16.841+0000] {logging_mixin.py:137} INFO - [2023-03-09T09:24:16.841+0000] {dagbag.py:538} INFO - Filling up the DagBag from /home/airflow/.local/lib/python3.7/site-packages/airflow/example_dags/tutorial.py
[2023-03-09T09:24:16.851+0000] {processor.py:753} INFO - DAG(s) dict_keys(['tutorial']) retrieved from /home/airflow/.local/lib/python3.7/site-packages/airflow/example_dags/tutorial.py
[2023-03-09T09:24:16.872+0000] {logging_mixin.py:137} INFO - [2023-03-09T09:24:16.872+0000] {dag.py:2690} INFO - Sync 1 DAGs
[2023-03-09T09:24:16.889+0000] {logging_mixin.py:137} INFO - [2023-03-09T09:24:16.889+0000] {dag.py:3441} INFO - Setting next_dagrun for tutorial to 2023-03-08T09:24:16.889527+00:00, run_after=2023-03-09T09:24:16.889527+00:00
[2023-03-09T09:24:16.904+0000] {processor.py:175} INFO - Processing /home/airflow/.local/lib/python3.7/site-packages/airflow/example_dags/tutorial.py took 0.068 seconds
[2023-03-09T09:24:47.672+0000] {processor.py:153} INFO - Started process (PID=645) to work on /home/airflow/.local/lib/python3.7/site-packages/airflow/example_dags/tutorial.py
[2023-03-09T09:24:47.674+0000] {processor.py:743} INFO - Processing file /home/airflow/.local/lib/python3.7/site-packages/airflow/example_dags/tutorial.py for tasks to queue
[2023-03-09T09:24:47.676+0000] {logging_mixin.py:137} INFO - [2023-03-09T09:24:47.675+0000] {dagbag.py:538} INFO - Filling up the DagBag from /home/airflow/.local/lib/python3.7/site-packages/airflow/example_dags/tutorial.py
[2023-03-09T09:24:47.685+0000] {processor.py:753} INFO - DAG(s) dict_keys(['tutorial']) retrieved from /home/airflow/.local/lib/python3.7/site-packages/airflow/example_dags/tutorial.py
[2023-03-09T09:24:47.702+0000] {logging_mixin.py:137} INFO - [2023-03-09T09:24:47.702+0000] {dag.py:2690} INFO - Sync 1 DAGs
[2023-03-09T09:24:47.717+0000] {logging_mixin.py:137} INFO - [2023-03-09T09:24:47.717+0000] {dag.py:3441} INFO - Setting next_dagrun for tutorial to 2023-03-08T09:24:47.716987+00:00, run_after=2023-03-09T09:24:47.716987+00:00
[2023-03-09T09:24:47.728+0000] {processor.py:175} INFO - Processing /home/airflow/.local/lib/python3.7/site-packages/airflow/example_dags/tutorial.py took 0.057 seconds
[2023-03-09T09:25:17.973+0000] {processor.py:153} INFO - Started process (PID=721) to work on /home/airflow/.local/lib/python3.7/site-packages/airflow/example_dags/tutorial.py
[2023-03-09T09:25:17.975+0000] {processor.py:743} INFO - Processing file /home/airflow/.local/lib/python3.7/site-packages/airflow/example_dags/tutorial.py for tasks to queue
[2023-03-09T09:25:17.976+0000] {logging_mixin.py:137} INFO - [2023-03-09T09:25:17.976+0000] {dagbag.py:538} INFO - Filling up the DagBag from /home/airflow/.local/lib/python3.7/site-packages/airflow/example_dags/tutorial.py
[2023-03-09T09:25:17.985+0000] {processor.py:753} INFO - DAG(s) dict_keys(['tutorial']) retrieved from /home/airflow/.local/lib/python3.7/site-packages/airflow/example_dags/tutorial.py
[2023-03-09T09:25:18.002+0000] {logging_mixin.py:137} INFO - [2023-03-09T09:25:18.002+0000] {dag.py:2690} INFO - Sync 1 DAGs
[2023-03-09T09:25:18.016+0000] {logging_mixin.py:137} INFO - [2023-03-09T09:25:18.016+0000] {dag.py:3441} INFO - Setting next_dagrun for tutorial to 2023-03-08T09:25:18.016198+00:00, run_after=2023-03-09T09:25:18.016198+00:00
[2023-03-09T09:25:18.028+0000] {processor.py:175} INFO - Processing /home/airflow/.local/lib/python3.7/site-packages/airflow/example_dags/tutorial.py took 0.057 seconds
[2023-03-09T09:25:48.570+0000] {processor.py:153} INFO - Started process (PID=802) to work on /home/airflow/.local/lib/python3.7/site-packages/airflow/example_dags/tutorial.py
[2023-03-09T09:25:48.572+0000] {processor.py:743} INFO - Processing file /home/airflow/.local/lib/python3.7/site-packages/airflow/example_dags/tutorial.py for tasks to queue
[2023-03-09T09:25:48.574+0000] {logging_mixin.py:137} INFO - [2023-03-09T09:25:48.574+0000] {dagbag.py:538} INFO - Filling up the DagBag from /home/airflow/.local/lib/python3.7/site-packages/airflow/example_dags/tutorial.py
[2023-03-09T09:25:48.584+0000] {processor.py:753} INFO - DAG(s) dict_keys(['tutorial']) retrieved from /home/airflow/.local/lib/python3.7/site-packages/airflow/example_dags/tutorial.py
[2023-03-09T09:25:48.601+0000] {logging_mixin.py:137} INFO - [2023-03-09T09:25:48.601+0000] {dag.py:2690} INFO - Sync 1 DAGs
[2023-03-09T09:25:48.616+0000] {logging_mixin.py:137} INFO - [2023-03-09T09:25:48.616+0000] {dag.py:3441} INFO - Setting next_dagrun for tutorial to 2023-03-08T09:25:48.615836+00:00, run_after=2023-03-09T09:25:48.615836+00:00
[2023-03-09T09:25:48.627+0000] {processor.py:175} INFO - Processing /home/airflow/.local/lib/python3.7/site-packages/airflow/example_dags/tutorial.py took 0.060 seconds
[2023-03-09T09:26:18.735+0000] {processor.py:153} INFO - Started process (PID=866) to work on /home/airflow/.local/lib/python3.7/site-packages/airflow/example_dags/tutorial.py
[2023-03-09T09:26:18.737+0000] {processor.py:743} INFO - Processing file /home/airflow/.local/lib/python3.7/site-packages/airflow/example_dags/tutorial.py for tasks to queue
[2023-03-09T09:26:18.738+0000] {logging_mixin.py:137} INFO - [2023-03-09T09:26:18.738+0000] {dagbag.py:538} INFO - Filling up the DagBag from /home/airflow/.local/lib/python3.7/site-packages/airflow/example_dags/tutorial.py
[2023-03-09T09:26:18.748+0000] {processor.py:753} INFO - DAG(s) dict_keys(['tutorial']) retrieved from /home/airflow/.local/lib/python3.7/site-packages/airflow/example_dags/tutorial.py
[2023-03-09T09:26:18.766+0000] {logging_mixin.py:137} INFO - [2023-03-09T09:26:18.766+0000] {dag.py:2690} INFO - Sync 1 DAGs
[2023-03-09T09:26:18.780+0000] {logging_mixin.py:137} INFO - [2023-03-09T09:26:18.780+0000] {dag.py:3441} INFO - Setting next_dagrun for tutorial to 2023-03-08T09:26:18.780220+00:00, run_after=2023-03-09T09:26:18.780220+00:00
[2023-03-09T09:26:18.791+0000] {processor.py:175} INFO - Processing /home/airflow/.local/lib/python3.7/site-packages/airflow/example_dags/tutorial.py took 0.057 seconds
[2023-03-09T09:26:49.630+0000] {processor.py:153} INFO - Started process (PID=945) to work on /home/airflow/.local/lib/python3.7/site-packages/airflow/example_dags/tutorial.py
[2023-03-09T09:26:49.631+0000] {processor.py:743} INFO - Processing file /home/airflow/.local/lib/python3.7/site-packages/airflow/example_dags/tutorial.py for tasks to queue
[2023-03-09T09:26:49.632+0000] {logging_mixin.py:137} INFO - [2023-03-09T09:26:49.632+0000] {dagbag.py:538} INFO - Filling up the DagBag from /home/airflow/.local/lib/python3.7/site-packages/airflow/example_dags/tutorial.py
[2023-03-09T09:26:49.642+0000] {processor.py:753} INFO - DAG(s) dict_keys(['tutorial']) retrieved from /home/airflow/.local/lib/python3.7/site-packages/airflow/example_dags/tutorial.py
[2023-03-09T09:26:49.658+0000] {logging_mixin.py:137} INFO - [2023-03-09T09:26:49.658+0000] {dag.py:2690} INFO - Sync 1 DAGs
[2023-03-09T09:26:49.672+0000] {logging_mixin.py:137} INFO - [2023-03-09T09:26:49.672+0000] {dag.py:3441} INFO - Setting next_dagrun for tutorial to 2023-03-08T09:26:49.672123+00:00, run_after=2023-03-09T09:26:49.672123+00:00
[2023-03-09T09:26:49.682+0000] {processor.py:175} INFO - Processing /home/airflow/.local/lib/python3.7/site-packages/airflow/example_dags/tutorial.py took 0.055 seconds
[2023-03-09T09:27:19.983+0000] {processor.py:153} INFO - Started process (PID=1027) to work on /home/airflow/.local/lib/python3.7/site-packages/airflow/example_dags/tutorial.py
[2023-03-09T09:27:19.985+0000] {processor.py:743} INFO - Processing file /home/airflow/.local/lib/python3.7/site-packages/airflow/example_dags/tutorial.py for tasks to queue
[2023-03-09T09:27:19.986+0000] {logging_mixin.py:137} INFO - [2023-03-09T09:27:19.986+0000] {dagbag.py:538} INFO - Filling up the DagBag from /home/airflow/.local/lib/python3.7/site-packages/airflow/example_dags/tutorial.py
[2023-03-09T09:27:19.998+0000] {processor.py:753} INFO - DAG(s) dict_keys(['tutorial']) retrieved from /home/airflow/.local/lib/python3.7/site-packages/airflow/example_dags/tutorial.py
[2023-03-09T09:27:20.015+0000] {logging_mixin.py:137} INFO - [2023-03-09T09:27:20.015+0000] {dag.py:2690} INFO - Sync 1 DAGs
[2023-03-09T09:27:20.030+0000] {logging_mixin.py:137} INFO - [2023-03-09T09:27:20.030+0000] {dag.py:3441} INFO - Setting next_dagrun for tutorial to 2023-03-08T09:27:20.029430+00:00, run_after=2023-03-09T09:27:20.029430+00:00
[2023-03-09T09:27:20.041+0000] {processor.py:175} INFO - Processing /home/airflow/.local/lib/python3.7/site-packages/airflow/example_dags/tutorial.py took 0.061 seconds
[2023-03-09T09:27:50.102+0000] {processor.py:153} INFO - Started process (PID=1095) to work on /home/airflow/.local/lib/python3.7/site-packages/airflow/example_dags/tutorial.py
[2023-03-09T09:27:50.104+0000] {processor.py:743} INFO - Processing file /home/airflow/.local/lib/python3.7/site-packages/airflow/example_dags/tutorial.py for tasks to queue
[2023-03-09T09:27:50.105+0000] {logging_mixin.py:137} INFO - [2023-03-09T09:27:50.105+0000] {dagbag.py:538} INFO - Filling up the DagBag from /home/airflow/.local/lib/python3.7/site-packages/airflow/example_dags/tutorial.py
[2023-03-09T09:27:50.114+0000] {processor.py:753} INFO - DAG(s) dict_keys(['tutorial']) retrieved from /home/airflow/.local/lib/python3.7/site-packages/airflow/example_dags/tutorial.py
[2023-03-09T09:27:50.131+0000] {logging_mixin.py:137} INFO - [2023-03-09T09:27:50.131+0000] {dag.py:2690} INFO - Sync 1 DAGs
[2023-03-09T09:27:50.147+0000] {logging_mixin.py:137} INFO - [2023-03-09T09:27:50.147+0000] {dag.py:3441} INFO - Setting next_dagrun for tutorial to 2023-03-08T09:27:50.147288+00:00, run_after=2023-03-09T09:27:50.147288+00:00
[2023-03-09T09:27:50.160+0000] {processor.py:175} INFO - Processing /home/airflow/.local/lib/python3.7/site-packages/airflow/example_dags/tutorial.py took 0.061 seconds
[2023-03-09T09:28:20.348+0000] {processor.py:153} INFO - Started process (PID=1175) to work on /home/airflow/.local/lib/python3.7/site-packages/airflow/example_dags/tutorial.py
[2023-03-09T09:28:20.351+0000] {processor.py:743} INFO - Processing file /home/airflow/.local/lib/python3.7/site-packages/airflow/example_dags/tutorial.py for tasks to queue
[2023-03-09T09:28:20.353+0000] {logging_mixin.py:137} INFO - [2023-03-09T09:28:20.353+0000] {dagbag.py:538} INFO - Filling up the DagBag from /home/airflow/.local/lib/python3.7/site-packages/airflow/example_dags/tutorial.py
[2023-03-09T09:28:20.364+0000] {processor.py:753} INFO - DAG(s) dict_keys(['tutorial']) retrieved from /home/airflow/.local/lib/python3.7/site-packages/airflow/example_dags/tutorial.py
[2023-03-09T09:28:20.381+0000] {logging_mixin.py:137} INFO - [2023-03-09T09:28:20.381+0000] {dag.py:2690} INFO - Sync 1 DAGs
[2023-03-09T09:28:20.396+0000] {logging_mixin.py:137} INFO - [2023-03-09T09:28:20.396+0000] {dag.py:3441} INFO - Setting next_dagrun for tutorial to 2023-03-08T09:28:20.396581+00:00, run_after=2023-03-09T09:28:20.396581+00:00
[2023-03-09T09:28:20.408+0000] {processor.py:175} INFO - Processing /home/airflow/.local/lib/python3.7/site-packages/airflow/example_dags/tutorial.py took 0.064 seconds
[2023-03-09T09:28:50.884+0000] {processor.py:153} INFO - Started process (PID=1255) to work on /home/airflow/.local/lib/python3.7/site-packages/airflow/example_dags/tutorial.py
[2023-03-09T09:28:50.886+0000] {processor.py:743} INFO - Processing file /home/airflow/.local/lib/python3.7/site-packages/airflow/example_dags/tutorial.py for tasks to queue
[2023-03-09T09:28:50.887+0000] {logging_mixin.py:137} INFO - [2023-03-09T09:28:50.887+0000] {dagbag.py:538} INFO - Filling up the DagBag from /home/airflow/.local/lib/python3.7/site-packages/airflow/example_dags/tutorial.py
[2023-03-09T09:28:50.896+0000] {processor.py:753} INFO - DAG(s) dict_keys(['tutorial']) retrieved from /home/airflow/.local/lib/python3.7/site-packages/airflow/example_dags/tutorial.py
[2023-03-09T09:28:50.913+0000] {logging_mixin.py:137} INFO - [2023-03-09T09:28:50.912+0000] {dag.py:2690} INFO - Sync 1 DAGs
[2023-03-09T09:28:50.927+0000] {logging_mixin.py:137} INFO - [2023-03-09T09:28:50.927+0000] {dag.py:3441} INFO - Setting next_dagrun for tutorial to 2023-03-08T09:28:50.927724+00:00, run_after=2023-03-09T09:28:50.927724+00:00
[2023-03-09T09:28:50.939+0000] {processor.py:175} INFO - Processing /home/airflow/.local/lib/python3.7/site-packages/airflow/example_dags/tutorial.py took 0.057 seconds
[2023-03-09T09:29:21.226+0000] {processor.py:153} INFO - Started process (PID=1320) to work on /home/airflow/.local/lib/python3.7/site-packages/airflow/example_dags/tutorial.py
[2023-03-09T09:29:21.228+0000] {processor.py:743} INFO - Processing file /home/airflow/.local/lib/python3.7/site-packages/airflow/example_dags/tutorial.py for tasks to queue
[2023-03-09T09:29:21.229+0000] {logging_mixin.py:137} INFO - [2023-03-09T09:29:21.229+0000] {dagbag.py:538} INFO - Filling up the DagBag from /home/airflow/.local/lib/python3.7/site-packages/airflow/example_dags/tutorial.py
[2023-03-09T09:29:21.238+0000] {processor.py:753} INFO - DAG(s) dict_keys(['tutorial']) retrieved from /home/airflow/.local/lib/python3.7/site-packages/airflow/example_dags/tutorial.py
[2023-03-09T09:29:21.254+0000] {logging_mixin.py:137} INFO - [2023-03-09T09:29:21.254+0000] {dag.py:2690} INFO - Sync 1 DAGs
[2023-03-09T09:29:21.269+0000] {logging_mixin.py:137} INFO - [2023-03-09T09:29:21.269+0000] {dag.py:3441} INFO - Setting next_dagrun for tutorial to 2023-03-08T09:29:21.269315+00:00, run_after=2023-03-09T09:29:21.269315+00:00
[2023-03-09T09:29:21.280+0000] {processor.py:175} INFO - Processing /home/airflow/.local/lib/python3.7/site-packages/airflow/example_dags/tutorial.py took 0.057 seconds
[2023-03-09T09:29:51.489+0000] {processor.py:153} INFO - Started process (PID=1403) to work on /home/airflow/.local/lib/python3.7/site-packages/airflow/example_dags/tutorial.py
[2023-03-09T09:29:51.491+0000] {processor.py:743} INFO - Processing file /home/airflow/.local/lib/python3.7/site-packages/airflow/example_dags/tutorial.py for tasks to queue
[2023-03-09T09:29:51.493+0000] {logging_mixin.py:137} INFO - [2023-03-09T09:29:51.493+0000] {dagbag.py:538} INFO - Filling up the DagBag from /home/airflow/.local/lib/python3.7/site-packages/airflow/example_dags/tutorial.py
[2023-03-09T09:29:51.503+0000] {processor.py:753} INFO - DAG(s) dict_keys(['tutorial']) retrieved from /home/airflow/.local/lib/python3.7/site-packages/airflow/example_dags/tutorial.py
[2023-03-09T09:29:51.522+0000] {logging_mixin.py:137} INFO - [2023-03-09T09:29:51.522+0000] {dag.py:2690} INFO - Sync 1 DAGs
[2023-03-09T09:29:51.537+0000] {logging_mixin.py:137} INFO - [2023-03-09T09:29:51.537+0000] {dag.py:3441} INFO - Setting next_dagrun for tutorial to 2023-03-08T09:29:51.536880+00:00, run_after=2023-03-09T09:29:51.536880+00:00
[2023-03-09T09:29:51.559+0000] {processor.py:175} INFO - Processing /home/airflow/.local/lib/python3.7/site-packages/airflow/example_dags/tutorial.py took 0.073 seconds
[2023-03-09T09:30:22.080+0000] {processor.py:153} INFO - Started process (PID=1483) to work on /home/airflow/.local/lib/python3.7/site-packages/airflow/example_dags/tutorial.py
[2023-03-09T09:30:22.084+0000] {processor.py:743} INFO - Processing file /home/airflow/.local/lib/python3.7/site-packages/airflow/example_dags/tutorial.py for tasks to queue
[2023-03-09T09:30:22.088+0000] {logging_mixin.py:137} INFO - [2023-03-09T09:30:22.087+0000] {dagbag.py:538} INFO - Filling up the DagBag from /home/airflow/.local/lib/python3.7/site-packages/airflow/example_dags/tutorial.py
[2023-03-09T09:30:22.108+0000] {processor.py:753} INFO - DAG(s) dict_keys(['tutorial']) retrieved from /home/airflow/.local/lib/python3.7/site-packages/airflow/example_dags/tutorial.py
[2023-03-09T09:30:22.139+0000] {logging_mixin.py:137} INFO - [2023-03-09T09:30:22.138+0000] {dag.py:2690} INFO - Sync 1 DAGs
[2023-03-09T09:30:22.164+0000] {logging_mixin.py:137} INFO - [2023-03-09T09:30:22.164+0000] {dag.py:3441} INFO - Setting next_dagrun for tutorial to 2023-03-08T09:30:22.164598+00:00, run_after=2023-03-09T09:30:22.164598+00:00
[2023-03-09T09:30:22.249+0000] {processor.py:175} INFO - Processing /home/airflow/.local/lib/python3.7/site-packages/airflow/example_dags/tutorial.py took 0.172 seconds
[2023-03-09T09:30:52.329+0000] {processor.py:153} INFO - Started process (PID=1548) to work on /home/airflow/.local/lib/python3.7/site-packages/airflow/example_dags/tutorial.py
[2023-03-09T09:30:52.331+0000] {processor.py:743} INFO - Processing file /home/airflow/.local/lib/python3.7/site-packages/airflow/example_dags/tutorial.py for tasks to queue
[2023-03-09T09:30:52.332+0000] {logging_mixin.py:137} INFO - [2023-03-09T09:30:52.332+0000] {dagbag.py:538} INFO - Filling up the DagBag from /home/airflow/.local/lib/python3.7/site-packages/airflow/example_dags/tutorial.py
[2023-03-09T09:30:52.343+0000] {processor.py:753} INFO - DAG(s) dict_keys(['tutorial']) retrieved from /home/airflow/.local/lib/python3.7/site-packages/airflow/example_dags/tutorial.py
[2023-03-09T09:30:52.362+0000] {logging_mixin.py:137} INFO - [2023-03-09T09:30:52.361+0000] {dag.py:2690} INFO - Sync 1 DAGs
[2023-03-09T09:30:52.377+0000] {logging_mixin.py:137} INFO - [2023-03-09T09:30:52.377+0000] {dag.py:3441} INFO - Setting next_dagrun for tutorial to 2023-03-08T09:30:52.377123+00:00, run_after=2023-03-09T09:30:52.377123+00:00
[2023-03-09T09:30:52.389+0000] {processor.py:175} INFO - Processing /home/airflow/.local/lib/python3.7/site-packages/airflow/example_dags/tutorial.py took 0.063 seconds
[2023-03-09T09:31:22.857+0000] {processor.py:153} INFO - Started process (PID=1631) to work on /home/airflow/.local/lib/python3.7/site-packages/airflow/example_dags/tutorial.py
[2023-03-09T09:31:22.860+0000] {processor.py:743} INFO - Processing file /home/airflow/.local/lib/python3.7/site-packages/airflow/example_dags/tutorial.py for tasks to queue
[2023-03-09T09:31:22.861+0000] {logging_mixin.py:137} INFO - [2023-03-09T09:31:22.861+0000] {dagbag.py:538} INFO - Filling up the DagBag from /home/airflow/.local/lib/python3.7/site-packages/airflow/example_dags/tutorial.py
[2023-03-09T09:31:22.870+0000] {processor.py:753} INFO - DAG(s) dict_keys(['tutorial']) retrieved from /home/airflow/.local/lib/python3.7/site-packages/airflow/example_dags/tutorial.py
[2023-03-09T09:31:22.891+0000] {logging_mixin.py:137} INFO - [2023-03-09T09:31:22.891+0000] {dag.py:2690} INFO - Sync 1 DAGs
[2023-03-09T09:31:22.906+0000] {logging_mixin.py:137} INFO - [2023-03-09T09:31:22.906+0000] {dag.py:3441} INFO - Setting next_dagrun for tutorial to 2023-03-08T09:31:22.906302+00:00, run_after=2023-03-09T09:31:22.906302+00:00
[2023-03-09T09:31:22.917+0000] {processor.py:175} INFO - Processing /home/airflow/.local/lib/python3.7/site-packages/airflow/example_dags/tutorial.py took 0.062 seconds
[2023-03-09T09:31:53.031+0000] {processor.py:153} INFO - Started process (PID=1711) to work on /home/airflow/.local/lib/python3.7/site-packages/airflow/example_dags/tutorial.py
[2023-03-09T09:31:53.033+0000] {processor.py:743} INFO - Processing file /home/airflow/.local/lib/python3.7/site-packages/airflow/example_dags/tutorial.py for tasks to queue
[2023-03-09T09:31:53.034+0000] {logging_mixin.py:137} INFO - [2023-03-09T09:31:53.034+0000] {dagbag.py:538} INFO - Filling up the DagBag from /home/airflow/.local/lib/python3.7/site-packages/airflow/example_dags/tutorial.py
[2023-03-09T09:31:53.045+0000] {processor.py:753} INFO - DAG(s) dict_keys(['tutorial']) retrieved from /home/airflow/.local/lib/python3.7/site-packages/airflow/example_dags/tutorial.py
[2023-03-09T09:31:53.063+0000] {logging_mixin.py:137} INFO - [2023-03-09T09:31:53.063+0000] {dag.py:2690} INFO - Sync 1 DAGs
[2023-03-09T09:31:53.079+0000] {logging_mixin.py:137} INFO - [2023-03-09T09:31:53.079+0000] {dag.py:3441} INFO - Setting next_dagrun for tutorial to 2023-03-08T09:31:53.078938+00:00, run_after=2023-03-09T09:31:53.078938+00:00
[2023-03-09T09:31:53.092+0000] {processor.py:175} INFO - Processing /home/airflow/.local/lib/python3.7/site-packages/airflow/example_dags/tutorial.py took 0.063 seconds
[2023-03-09T09:32:23.317+0000] {processor.py:153} INFO - Started process (PID=1782) to work on /home/airflow/.local/lib/python3.7/site-packages/airflow/example_dags/tutorial.py
[2023-03-09T09:32:23.318+0000] {processor.py:743} INFO - Processing file /home/airflow/.local/lib/python3.7/site-packages/airflow/example_dags/tutorial.py for tasks to queue
[2023-03-09T09:32:23.320+0000] {logging_mixin.py:137} INFO - [2023-03-09T09:32:23.320+0000] {dagbag.py:538} INFO - Filling up the DagBag from /home/airflow/.local/lib/python3.7/site-packages/airflow/example_dags/tutorial.py
[2023-03-09T09:32:23.329+0000] {processor.py:753} INFO - DAG(s) dict_keys(['tutorial']) retrieved from /home/airflow/.local/lib/python3.7/site-packages/airflow/example_dags/tutorial.py
[2023-03-09T09:32:23.345+0000] {logging_mixin.py:137} INFO - [2023-03-09T09:32:23.345+0000] {dag.py:2690} INFO - Sync 1 DAGs
[2023-03-09T09:32:23.359+0000] {logging_mixin.py:137} INFO - [2023-03-09T09:32:23.359+0000] {dag.py:3441} INFO - Setting next_dagrun for tutorial to 2023-03-08T09:32:23.359523+00:00, run_after=2023-03-09T09:32:23.359523+00:00
[2023-03-09T09:32:23.370+0000] {processor.py:175} INFO - Processing /home/airflow/.local/lib/python3.7/site-packages/airflow/example_dags/tutorial.py took 0.055 seconds
[2023-03-09T09:32:53.631+0000] {processor.py:153} INFO - Started process (PID=1863) to work on /home/airflow/.local/lib/python3.7/site-packages/airflow/example_dags/tutorial.py
[2023-03-09T09:32:53.633+0000] {processor.py:743} INFO - Processing file /home/airflow/.local/lib/python3.7/site-packages/airflow/example_dags/tutorial.py for tasks to queue
[2023-03-09T09:32:53.634+0000] {logging_mixin.py:137} INFO - [2023-03-09T09:32:53.634+0000] {dagbag.py:538} INFO - Filling up the DagBag from /home/airflow/.local/lib/python3.7/site-packages/airflow/example_dags/tutorial.py
[2023-03-09T09:32:53.643+0000] {processor.py:753} INFO - DAG(s) dict_keys(['tutorial']) retrieved from /home/airflow/.local/lib/python3.7/site-packages/airflow/example_dags/tutorial.py
[2023-03-09T09:32:53.660+0000] {logging_mixin.py:137} INFO - [2023-03-09T09:32:53.660+0000] {dag.py:2690} INFO - Sync 1 DAGs
[2023-03-09T09:32:53.674+0000] {logging_mixin.py:137} INFO - [2023-03-09T09:32:53.674+0000] {dag.py:3441} INFO - Setting next_dagrun for tutorial to 2023-03-08T09:32:53.674633+00:00, run_after=2023-03-09T09:32:53.674633+00:00
[2023-03-09T09:32:53.686+0000] {processor.py:175} INFO - Processing /home/airflow/.local/lib/python3.7/site-packages/airflow/example_dags/tutorial.py took 0.057 seconds
[2023-03-09T09:33:23.753+0000] {processor.py:153} INFO - Started process (PID=1929) to work on /home/airflow/.local/lib/python3.7/site-packages/airflow/example_dags/tutorial.py
[2023-03-09T09:33:23.755+0000] {processor.py:743} INFO - Processing file /home/airflow/.local/lib/python3.7/site-packages/airflow/example_dags/tutorial.py for tasks to queue
[2023-03-09T09:33:23.756+0000] {logging_mixin.py:137} INFO - [2023-03-09T09:33:23.756+0000] {dagbag.py:538} INFO - Filling up the DagBag from /home/airflow/.local/lib/python3.7/site-packages/airflow/example_dags/tutorial.py
[2023-03-09T09:33:23.765+0000] {processor.py:753} INFO - DAG(s) dict_keys(['tutorial']) retrieved from /home/airflow/.local/lib/python3.7/site-packages/airflow/example_dags/tutorial.py
[2023-03-09T09:33:23.781+0000] {logging_mixin.py:137} INFO - [2023-03-09T09:33:23.781+0000] {dag.py:2690} INFO - Sync 1 DAGs
[2023-03-09T09:33:23.796+0000] {logging_mixin.py:137} INFO - [2023-03-09T09:33:23.796+0000] {dag.py:3441} INFO - Setting next_dagrun for tutorial to 2023-03-08T09:33:23.796375+00:00, run_after=2023-03-09T09:33:23.796375+00:00
[2023-03-09T09:33:23.807+0000] {processor.py:175} INFO - Processing /home/airflow/.local/lib/python3.7/site-packages/airflow/example_dags/tutorial.py took 0.056 seconds
[2023-03-09T09:33:54.013+0000] {processor.py:153} INFO - Started process (PID=2005) to work on /home/airflow/.local/lib/python3.7/site-packages/airflow/example_dags/tutorial.py
[2023-03-09T09:33:54.014+0000] {processor.py:743} INFO - Processing file /home/airflow/.local/lib/python3.7/site-packages/airflow/example_dags/tutorial.py for tasks to queue
[2023-03-09T09:33:54.015+0000] {logging_mixin.py:137} INFO - [2023-03-09T09:33:54.015+0000] {dagbag.py:538} INFO - Filling up the DagBag from /home/airflow/.local/lib/python3.7/site-packages/airflow/example_dags/tutorial.py
[2023-03-09T09:33:54.025+0000] {processor.py:753} INFO - DAG(s) dict_keys(['tutorial']) retrieved from /home/airflow/.local/lib/python3.7/site-packages/airflow/example_dags/tutorial.py
[2023-03-09T09:33:54.043+0000] {logging_mixin.py:137} INFO - [2023-03-09T09:33:54.042+0000] {dag.py:2690} INFO - Sync 1 DAGs
[2023-03-09T09:33:54.057+0000] {logging_mixin.py:137} INFO - [2023-03-09T09:33:54.057+0000] {dag.py:3441} INFO - Setting next_dagrun for tutorial to 2023-03-08T09:33:54.057648+00:00, run_after=2023-03-09T09:33:54.057648+00:00
[2023-03-09T09:33:54.068+0000] {processor.py:175} INFO - Processing /home/airflow/.local/lib/python3.7/site-packages/airflow/example_dags/tutorial.py took 0.057 seconds
[2023-03-09T09:34:24.613+0000] {processor.py:153} INFO - Started process (PID=2079) to work on /home/airflow/.local/lib/python3.7/site-packages/airflow/example_dags/tutorial.py
[2023-03-09T09:34:24.615+0000] {processor.py:743} INFO - Processing file /home/airflow/.local/lib/python3.7/site-packages/airflow/example_dags/tutorial.py for tasks to queue
[2023-03-09T09:34:24.616+0000] {logging_mixin.py:137} INFO - [2023-03-09T09:34:24.616+0000] {dagbag.py:538} INFO - Filling up the DagBag from /home/airflow/.local/lib/python3.7/site-packages/airflow/example_dags/tutorial.py
[2023-03-09T09:34:24.625+0000] {processor.py:753} INFO - DAG(s) dict_keys(['tutorial']) retrieved from /home/airflow/.local/lib/python3.7/site-packages/airflow/example_dags/tutorial.py
[2023-03-09T09:34:24.643+0000] {logging_mixin.py:137} INFO - [2023-03-09T09:34:24.643+0000] {dag.py:2690} INFO - Sync 1 DAGs
[2023-03-09T09:34:24.658+0000] {logging_mixin.py:137} INFO - [2023-03-09T09:34:24.658+0000] {dag.py:3441} INFO - Setting next_dagrun for tutorial to 2023-03-08T09:34:24.657916+00:00, run_after=2023-03-09T09:34:24.657916+00:00
[2023-03-09T09:34:24.668+0000] {processor.py:175} INFO - Processing /home/airflow/.local/lib/python3.7/site-packages/airflow/example_dags/tutorial.py took 0.057 seconds
[2023-03-09T09:34:54.794+0000] {processor.py:153} INFO - Started process (PID=2143) to work on /home/airflow/.local/lib/python3.7/site-packages/airflow/example_dags/tutorial.py
[2023-03-09T09:34:54.795+0000] {processor.py:743} INFO - Processing file /home/airflow/.local/lib/python3.7/site-packages/airflow/example_dags/tutorial.py for tasks to queue
[2023-03-09T09:34:54.796+0000] {logging_mixin.py:137} INFO - [2023-03-09T09:34:54.796+0000] {dagbag.py:538} INFO - Filling up the DagBag from /home/airflow/.local/lib/python3.7/site-packages/airflow/example_dags/tutorial.py
[2023-03-09T09:34:54.809+0000] {processor.py:753} INFO - DAG(s) dict_keys(['tutorial']) retrieved from /home/airflow/.local/lib/python3.7/site-packages/airflow/example_dags/tutorial.py
[2023-03-09T09:34:54.829+0000] {logging_mixin.py:137} INFO - [2023-03-09T09:34:54.829+0000] {dag.py:2690} INFO - Sync 1 DAGs
[2023-03-09T09:34:54.846+0000] {logging_mixin.py:137} INFO - [2023-03-09T09:34:54.846+0000] {dag.py:3441} INFO - Setting next_dagrun for tutorial to 2023-03-08T09:34:54.846287+00:00, run_after=2023-03-09T09:34:54.846287+00:00
[2023-03-09T09:34:54.859+0000] {processor.py:175} INFO - Processing /home/airflow/.local/lib/python3.7/site-packages/airflow/example_dags/tutorial.py took 0.068 seconds
[2023-03-09T09:35:25.042+0000] {processor.py:153} INFO - Started process (PID=2221) to work on /home/airflow/.local/lib/python3.7/site-packages/airflow/example_dags/tutorial.py
[2023-03-09T09:35:25.044+0000] {processor.py:743} INFO - Processing file /home/airflow/.local/lib/python3.7/site-packages/airflow/example_dags/tutorial.py for tasks to queue
[2023-03-09T09:35:25.045+0000] {logging_mixin.py:137} INFO - [2023-03-09T09:35:25.045+0000] {dagbag.py:538} INFO - Filling up the DagBag from /home/airflow/.local/lib/python3.7/site-packages/airflow/example_dags/tutorial.py
[2023-03-09T09:35:25.054+0000] {processor.py:753} INFO - DAG(s) dict_keys(['tutorial']) retrieved from /home/airflow/.local/lib/python3.7/site-packages/airflow/example_dags/tutorial.py
[2023-03-09T09:35:25.070+0000] {logging_mixin.py:137} INFO - [2023-03-09T09:35:25.070+0000] {dag.py:2690} INFO - Sync 1 DAGs
[2023-03-09T09:35:25.087+0000] {logging_mixin.py:137} INFO - [2023-03-09T09:35:25.087+0000] {dag.py:3441} INFO - Setting next_dagrun for tutorial to 2023-03-08T09:35:25.087163+00:00, run_after=2023-03-09T09:35:25.087163+00:00
[2023-03-09T09:35:25.098+0000] {processor.py:175} INFO - Processing /home/airflow/.local/lib/python3.7/site-packages/airflow/example_dags/tutorial.py took 0.059 seconds
[2023-03-09T09:35:55.556+0000] {processor.py:153} INFO - Started process (PID=2298) to work on /home/airflow/.local/lib/python3.7/site-packages/airflow/example_dags/tutorial.py
[2023-03-09T09:35:55.558+0000] {processor.py:743} INFO - Processing file /home/airflow/.local/lib/python3.7/site-packages/airflow/example_dags/tutorial.py for tasks to queue
[2023-03-09T09:35:55.559+0000] {logging_mixin.py:137} INFO - [2023-03-09T09:35:55.559+0000] {dagbag.py:538} INFO - Filling up the DagBag from /home/airflow/.local/lib/python3.7/site-packages/airflow/example_dags/tutorial.py
[2023-03-09T09:35:55.578+0000] {processor.py:753} INFO - DAG(s) dict_keys(['tutorial']) retrieved from /home/airflow/.local/lib/python3.7/site-packages/airflow/example_dags/tutorial.py
[2023-03-09T09:35:55.610+0000] {logging_mixin.py:137} INFO - [2023-03-09T09:35:55.610+0000] {dag.py:2690} INFO - Sync 1 DAGs
[2023-03-09T09:35:55.637+0000] {logging_mixin.py:137} INFO - [2023-03-09T09:35:55.637+0000] {dag.py:3441} INFO - Setting next_dagrun for tutorial to 2023-03-08T09:35:55.637461+00:00, run_after=2023-03-09T09:35:55.637461+00:00
[2023-03-09T09:35:55.667+0000] {processor.py:175} INFO - Processing /home/airflow/.local/lib/python3.7/site-packages/airflow/example_dags/tutorial.py took 0.115 seconds
[2023-03-09T09:36:25.853+0000] {processor.py:153} INFO - Started process (PID=2364) to work on /home/airflow/.local/lib/python3.7/site-packages/airflow/example_dags/tutorial.py
[2023-03-09T09:36:25.855+0000] {processor.py:743} INFO - Processing file /home/airflow/.local/lib/python3.7/site-packages/airflow/example_dags/tutorial.py for tasks to queue
[2023-03-09T09:36:25.857+0000] {logging_mixin.py:137} INFO - [2023-03-09T09:36:25.856+0000] {dagbag.py:538} INFO - Filling up the DagBag from /home/airflow/.local/lib/python3.7/site-packages/airflow/example_dags/tutorial.py
[2023-03-09T09:36:25.867+0000] {processor.py:753} INFO - DAG(s) dict_keys(['tutorial']) retrieved from /home/airflow/.local/lib/python3.7/site-packages/airflow/example_dags/tutorial.py
[2023-03-09T09:36:25.884+0000] {logging_mixin.py:137} INFO - [2023-03-09T09:36:25.884+0000] {dag.py:2690} INFO - Sync 1 DAGs
[2023-03-09T09:36:25.898+0000] {logging_mixin.py:137} INFO - [2023-03-09T09:36:25.898+0000] {dag.py:3441} INFO - Setting next_dagrun for tutorial to 2023-03-08T09:36:25.898329+00:00, run_after=2023-03-09T09:36:25.898329+00:00
[2023-03-09T09:36:25.909+0000] {processor.py:175} INFO - Processing /home/airflow/.local/lib/python3.7/site-packages/airflow/example_dags/tutorial.py took 0.058 seconds
[2023-03-09T09:36:56.045+0000] {processor.py:153} INFO - Started process (PID=2442) to work on /home/airflow/.local/lib/python3.7/site-packages/airflow/example_dags/tutorial.py
[2023-03-09T09:36:56.046+0000] {processor.py:743} INFO - Processing file /home/airflow/.local/lib/python3.7/site-packages/airflow/example_dags/tutorial.py for tasks to queue
[2023-03-09T09:36:56.047+0000] {logging_mixin.py:137} INFO - [2023-03-09T09:36:56.047+0000] {dagbag.py:538} INFO - Filling up the DagBag from /home/airflow/.local/lib/python3.7/site-packages/airflow/example_dags/tutorial.py
[2023-03-09T09:36:56.059+0000] {processor.py:753} INFO - DAG(s) dict_keys(['tutorial']) retrieved from /home/airflow/.local/lib/python3.7/site-packages/airflow/example_dags/tutorial.py
[2023-03-09T09:36:56.080+0000] {logging_mixin.py:137} INFO - [2023-03-09T09:36:56.080+0000] {dag.py:2690} INFO - Sync 1 DAGs
[2023-03-09T09:36:56.101+0000] {logging_mixin.py:137} INFO - [2023-03-09T09:36:56.101+0000] {dag.py:3441} INFO - Setting next_dagrun for tutorial to 2023-03-08T09:36:56.101345+00:00, run_after=2023-03-09T09:36:56.101345+00:00
[2023-03-09T09:36:56.114+0000] {processor.py:175} INFO - Processing /home/airflow/.local/lib/python3.7/site-packages/airflow/example_dags/tutorial.py took 0.071 seconds
[2023-03-09T09:37:26.472+0000] {processor.py:153} INFO - Started process (PID=2519) to work on /home/airflow/.local/lib/python3.7/site-packages/airflow/example_dags/tutorial.py
[2023-03-09T09:37:26.474+0000] {processor.py:743} INFO - Processing file /home/airflow/.local/lib/python3.7/site-packages/airflow/example_dags/tutorial.py for tasks to queue
[2023-03-09T09:37:26.475+0000] {logging_mixin.py:137} INFO - [2023-03-09T09:37:26.475+0000] {dagbag.py:538} INFO - Filling up the DagBag from /home/airflow/.local/lib/python3.7/site-packages/airflow/example_dags/tutorial.py
[2023-03-09T09:37:26.485+0000] {processor.py:753} INFO - DAG(s) dict_keys(['tutorial']) retrieved from /home/airflow/.local/lib/python3.7/site-packages/airflow/example_dags/tutorial.py
[2023-03-09T09:37:26.505+0000] {logging_mixin.py:137} INFO - [2023-03-09T09:37:26.504+0000] {dag.py:2690} INFO - Sync 1 DAGs
[2023-03-09T09:37:26.524+0000] {logging_mixin.py:137} INFO - [2023-03-09T09:37:26.523+0000] {dag.py:3441} INFO - Setting next_dagrun for tutorial to 2023-03-08T09:37:26.523716+00:00, run_after=2023-03-09T09:37:26.523716+00:00
[2023-03-09T09:37:26.538+0000] {processor.py:175} INFO - Processing /home/airflow/.local/lib/python3.7/site-packages/airflow/example_dags/tutorial.py took 0.069 seconds
[2023-03-09T09:37:56.715+0000] {processor.py:153} INFO - Started process (PID=2588) to work on /home/airflow/.local/lib/python3.7/site-packages/airflow/example_dags/tutorial.py
[2023-03-09T09:37:56.717+0000] {processor.py:743} INFO - Processing file /home/airflow/.local/lib/python3.7/site-packages/airflow/example_dags/tutorial.py for tasks to queue
[2023-03-09T09:37:56.718+0000] {logging_mixin.py:137} INFO - [2023-03-09T09:37:56.718+0000] {dagbag.py:538} INFO - Filling up the DagBag from /home/airflow/.local/lib/python3.7/site-packages/airflow/example_dags/tutorial.py
[2023-03-09T09:37:56.727+0000] {processor.py:753} INFO - DAG(s) dict_keys(['tutorial']) retrieved from /home/airflow/.local/lib/python3.7/site-packages/airflow/example_dags/tutorial.py
[2023-03-09T09:37:56.744+0000] {logging_mixin.py:137} INFO - [2023-03-09T09:37:56.744+0000] {dag.py:2690} INFO - Sync 1 DAGs
[2023-03-09T09:37:56.758+0000] {logging_mixin.py:137} INFO - [2023-03-09T09:37:56.758+0000] {dag.py:3441} INFO - Setting next_dagrun for tutorial to 2023-03-08T09:37:56.758332+00:00, run_after=2023-03-09T09:37:56.758332+00:00
[2023-03-09T09:37:56.769+0000] {processor.py:175} INFO - Processing /home/airflow/.local/lib/python3.7/site-packages/airflow/example_dags/tutorial.py took 0.056 seconds
[2023-03-09T09:38:26.895+0000] {processor.py:153} INFO - Started process (PID=2666) to work on /home/airflow/.local/lib/python3.7/site-packages/airflow/example_dags/tutorial.py
[2023-03-09T09:38:26.897+0000] {processor.py:743} INFO - Processing file /home/airflow/.local/lib/python3.7/site-packages/airflow/example_dags/tutorial.py for tasks to queue
[2023-03-09T09:38:26.899+0000] {logging_mixin.py:137} INFO - [2023-03-09T09:38:26.899+0000] {dagbag.py:538} INFO - Filling up the DagBag from /home/airflow/.local/lib/python3.7/site-packages/airflow/example_dags/tutorial.py
[2023-03-09T09:38:26.908+0000] {processor.py:753} INFO - DAG(s) dict_keys(['tutorial']) retrieved from /home/airflow/.local/lib/python3.7/site-packages/airflow/example_dags/tutorial.py
[2023-03-09T09:38:26.925+0000] {logging_mixin.py:137} INFO - [2023-03-09T09:38:26.925+0000] {dag.py:2690} INFO - Sync 1 DAGs
[2023-03-09T09:38:26.940+0000] {logging_mixin.py:137} INFO - [2023-03-09T09:38:26.940+0000] {dag.py:3441} INFO - Setting next_dagrun for tutorial to 2023-03-08T09:38:26.940745+00:00, run_after=2023-03-09T09:38:26.940745+00:00
[2023-03-09T09:38:26.952+0000] {processor.py:175} INFO - Processing /home/airflow/.local/lib/python3.7/site-packages/airflow/example_dags/tutorial.py took 0.059 seconds
[2023-03-09T09:38:57.086+0000] {processor.py:153} INFO - Started process (PID=2735) to work on /home/airflow/.local/lib/python3.7/site-packages/airflow/example_dags/tutorial.py
[2023-03-09T09:38:57.087+0000] {processor.py:743} INFO - Processing file /home/airflow/.local/lib/python3.7/site-packages/airflow/example_dags/tutorial.py for tasks to queue
[2023-03-09T09:38:57.088+0000] {logging_mixin.py:137} INFO - [2023-03-09T09:38:57.088+0000] {dagbag.py:538} INFO - Filling up the DagBag from /home/airflow/.local/lib/python3.7/site-packages/airflow/example_dags/tutorial.py
[2023-03-09T09:38:57.098+0000] {processor.py:753} INFO - DAG(s) dict_keys(['tutorial']) retrieved from /home/airflow/.local/lib/python3.7/site-packages/airflow/example_dags/tutorial.py
[2023-03-09T09:38:57.114+0000] {logging_mixin.py:137} INFO - [2023-03-09T09:38:57.114+0000] {dag.py:2690} INFO - Sync 1 DAGs
[2023-03-09T09:38:57.129+0000] {logging_mixin.py:137} INFO - [2023-03-09T09:38:57.129+0000] {dag.py:3441} INFO - Setting next_dagrun for tutorial to 2023-03-08T09:38:57.129609+00:00, run_after=2023-03-09T09:38:57.129609+00:00
[2023-03-09T09:38:57.140+0000] {processor.py:175} INFO - Processing /home/airflow/.local/lib/python3.7/site-packages/airflow/example_dags/tutorial.py took 0.057 seconds
[2023-03-09T09:39:27.310+0000] {processor.py:153} INFO - Started process (PID=2818) to work on /home/airflow/.local/lib/python3.7/site-packages/airflow/example_dags/tutorial.py
[2023-03-09T09:39:27.313+0000] {processor.py:743} INFO - Processing file /home/airflow/.local/lib/python3.7/site-packages/airflow/example_dags/tutorial.py for tasks to queue
[2023-03-09T09:39:27.314+0000] {logging_mixin.py:137} INFO - [2023-03-09T09:39:27.314+0000] {dagbag.py:538} INFO - Filling up the DagBag from /home/airflow/.local/lib/python3.7/site-packages/airflow/example_dags/tutorial.py
[2023-03-09T09:39:27.323+0000] {processor.py:753} INFO - DAG(s) dict_keys(['tutorial']) retrieved from /home/airflow/.local/lib/python3.7/site-packages/airflow/example_dags/tutorial.py
[2023-03-09T09:39:27.341+0000] {logging_mixin.py:137} INFO - [2023-03-09T09:39:27.341+0000] {dag.py:2690} INFO - Sync 1 DAGs
[2023-03-09T09:39:27.357+0000] {logging_mixin.py:137} INFO - [2023-03-09T09:39:27.356+0000] {dag.py:3441} INFO - Setting next_dagrun for tutorial to 2023-03-08T09:39:27.356781+00:00, run_after=2023-03-09T09:39:27.356781+00:00
[2023-03-09T09:39:27.370+0000] {processor.py:175} INFO - Processing /home/airflow/.local/lib/python3.7/site-packages/airflow/example_dags/tutorial.py took 0.062 seconds
[2023-03-09T09:39:57.754+0000] {processor.py:153} INFO - Started process (PID=2899) to work on /home/airflow/.local/lib/python3.7/site-packages/airflow/example_dags/tutorial.py
[2023-03-09T09:39:57.756+0000] {processor.py:743} INFO - Processing file /home/airflow/.local/lib/python3.7/site-packages/airflow/example_dags/tutorial.py for tasks to queue
[2023-03-09T09:39:57.757+0000] {logging_mixin.py:137} INFO - [2023-03-09T09:39:57.757+0000] {dagbag.py:538} INFO - Filling up the DagBag from /home/airflow/.local/lib/python3.7/site-packages/airflow/example_dags/tutorial.py
[2023-03-09T09:39:57.772+0000] {processor.py:753} INFO - DAG(s) dict_keys(['tutorial']) retrieved from /home/airflow/.local/lib/python3.7/site-packages/airflow/example_dags/tutorial.py
[2023-03-09T09:39:57.792+0000] {logging_mixin.py:137} INFO - [2023-03-09T09:39:57.792+0000] {dag.py:2690} INFO - Sync 1 DAGs
[2023-03-09T09:39:57.815+0000] {logging_mixin.py:137} INFO - [2023-03-09T09:39:57.815+0000] {dag.py:3441} INFO - Setting next_dagrun for tutorial to 2023-03-08T09:39:57.814878+00:00, run_after=2023-03-09T09:39:57.814878+00:00
[2023-03-09T09:39:57.828+0000] {processor.py:175} INFO - Processing /home/airflow/.local/lib/python3.7/site-packages/airflow/example_dags/tutorial.py took 0.076 seconds
[2023-03-09T09:40:27.901+0000] {processor.py:153} INFO - Started process (PID=2963) to work on /home/airflow/.local/lib/python3.7/site-packages/airflow/example_dags/tutorial.py
[2023-03-09T09:40:27.903+0000] {processor.py:743} INFO - Processing file /home/airflow/.local/lib/python3.7/site-packages/airflow/example_dags/tutorial.py for tasks to queue
[2023-03-09T09:40:27.904+0000] {logging_mixin.py:137} INFO - [2023-03-09T09:40:27.904+0000] {dagbag.py:538} INFO - Filling up the DagBag from /home/airflow/.local/lib/python3.7/site-packages/airflow/example_dags/tutorial.py
[2023-03-09T09:40:27.913+0000] {processor.py:753} INFO - DAG(s) dict_keys(['tutorial']) retrieved from /home/airflow/.local/lib/python3.7/site-packages/airflow/example_dags/tutorial.py
[2023-03-09T09:40:27.929+0000] {logging_mixin.py:137} INFO - [2023-03-09T09:40:27.929+0000] {dag.py:2690} INFO - Sync 1 DAGs
[2023-03-09T09:40:27.945+0000] {logging_mixin.py:137} INFO - [2023-03-09T09:40:27.945+0000] {dag.py:3441} INFO - Setting next_dagrun for tutorial to 2023-03-08T09:40:27.945586+00:00, run_after=2023-03-09T09:40:27.945586+00:00
[2023-03-09T09:40:27.957+0000] {processor.py:175} INFO - Processing /home/airflow/.local/lib/python3.7/site-packages/airflow/example_dags/tutorial.py took 0.059 seconds
[2023-03-09T09:40:58.088+0000] {processor.py:153} INFO - Started process (PID=3045) to work on /home/airflow/.local/lib/python3.7/site-packages/airflow/example_dags/tutorial.py
[2023-03-09T09:40:58.089+0000] {processor.py:743} INFO - Processing file /home/airflow/.local/lib/python3.7/site-packages/airflow/example_dags/tutorial.py for tasks to queue
[2023-03-09T09:40:58.090+0000] {logging_mixin.py:137} INFO - [2023-03-09T09:40:58.090+0000] {dagbag.py:538} INFO - Filling up the DagBag from /home/airflow/.local/lib/python3.7/site-packages/airflow/example_dags/tutorial.py
[2023-03-09T09:40:58.100+0000] {processor.py:753} INFO - DAG(s) dict_keys(['tutorial']) retrieved from /home/airflow/.local/lib/python3.7/site-packages/airflow/example_dags/tutorial.py
[2023-03-09T09:40:58.117+0000] {logging_mixin.py:137} INFO - [2023-03-09T09:40:58.117+0000] {dag.py:2690} INFO - Sync 1 DAGs
[2023-03-09T09:40:58.131+0000] {logging_mixin.py:137} INFO - [2023-03-09T09:40:58.131+0000] {dag.py:3441} INFO - Setting next_dagrun for tutorial to 2023-03-08T09:40:58.131554+00:00, run_after=2023-03-09T09:40:58.131554+00:00
[2023-03-09T09:40:58.142+0000] {processor.py:175} INFO - Processing /home/airflow/.local/lib/python3.7/site-packages/airflow/example_dags/tutorial.py took 0.056 seconds
[2023-03-09T09:41:28.957+0000] {processor.py:153} INFO - Started process (PID=3122) to work on /home/airflow/.local/lib/python3.7/site-packages/airflow/example_dags/tutorial.py
[2023-03-09T09:41:28.960+0000] {processor.py:743} INFO - Processing file /home/airflow/.local/lib/python3.7/site-packages/airflow/example_dags/tutorial.py for tasks to queue
[2023-03-09T09:41:28.961+0000] {logging_mixin.py:137} INFO - [2023-03-09T09:41:28.961+0000] {dagbag.py:538} INFO - Filling up the DagBag from /home/airflow/.local/lib/python3.7/site-packages/airflow/example_dags/tutorial.py
[2023-03-09T09:41:28.973+0000] {processor.py:753} INFO - DAG(s) dict_keys(['tutorial']) retrieved from /home/airflow/.local/lib/python3.7/site-packages/airflow/example_dags/tutorial.py
[2023-03-09T09:41:28.993+0000] {logging_mixin.py:137} INFO - [2023-03-09T09:41:28.992+0000] {dag.py:2690} INFO - Sync 1 DAGs
[2023-03-09T09:41:29.012+0000] {logging_mixin.py:137} INFO - [2023-03-09T09:41:29.012+0000] {dag.py:3441} INFO - Setting next_dagrun for tutorial to 2023-03-08T09:41:29.012386+00:00, run_after=2023-03-09T09:41:29.012386+00:00
[2023-03-09T09:41:29.026+0000] {processor.py:175} INFO - Processing /home/airflow/.local/lib/python3.7/site-packages/airflow/example_dags/tutorial.py took 0.071 seconds
[2023-03-09T09:41:59.438+0000] {processor.py:153} INFO - Started process (PID=3188) to work on /home/airflow/.local/lib/python3.7/site-packages/airflow/example_dags/tutorial.py
[2023-03-09T09:41:59.441+0000] {processor.py:743} INFO - Processing file /home/airflow/.local/lib/python3.7/site-packages/airflow/example_dags/tutorial.py for tasks to queue
[2023-03-09T09:41:59.443+0000] {logging_mixin.py:137} INFO - [2023-03-09T09:41:59.443+0000] {dagbag.py:538} INFO - Filling up the DagBag from /home/airflow/.local/lib/python3.7/site-packages/airflow/example_dags/tutorial.py
[2023-03-09T09:41:59.456+0000] {processor.py:753} INFO - DAG(s) dict_keys(['tutorial']) retrieved from /home/airflow/.local/lib/python3.7/site-packages/airflow/example_dags/tutorial.py
[2023-03-09T09:41:59.475+0000] {logging_mixin.py:137} INFO - [2023-03-09T09:41:59.475+0000] {dag.py:2690} INFO - Sync 1 DAGs
[2023-03-09T09:41:59.492+0000] {logging_mixin.py:137} INFO - [2023-03-09T09:41:59.492+0000] {dag.py:3441} INFO - Setting next_dagrun for tutorial to 2023-03-08T09:41:59.492420+00:00, run_after=2023-03-09T09:41:59.492420+00:00
[2023-03-09T09:41:59.506+0000] {processor.py:175} INFO - Processing /home/airflow/.local/lib/python3.7/site-packages/airflow/example_dags/tutorial.py took 0.071 seconds
[2023-03-09T09:42:29.727+0000] {processor.py:153} INFO - Started process (PID=3267) to work on /home/airflow/.local/lib/python3.7/site-packages/airflow/example_dags/tutorial.py
[2023-03-09T09:42:29.728+0000] {processor.py:743} INFO - Processing file /home/airflow/.local/lib/python3.7/site-packages/airflow/example_dags/tutorial.py for tasks to queue
[2023-03-09T09:42:29.729+0000] {logging_mixin.py:137} INFO - [2023-03-09T09:42:29.729+0000] {dagbag.py:538} INFO - Filling up the DagBag from /home/airflow/.local/lib/python3.7/site-packages/airflow/example_dags/tutorial.py
[2023-03-09T09:42:29.739+0000] {processor.py:753} INFO - DAG(s) dict_keys(['tutorial']) retrieved from /home/airflow/.local/lib/python3.7/site-packages/airflow/example_dags/tutorial.py
[2023-03-09T09:42:29.756+0000] {logging_mixin.py:137} INFO - [2023-03-09T09:42:29.756+0000] {dag.py:2690} INFO - Sync 1 DAGs
[2023-03-09T09:42:29.770+0000] {logging_mixin.py:137} INFO - [2023-03-09T09:42:29.770+0000] {dag.py:3441} INFO - Setting next_dagrun for tutorial to 2023-03-08T09:42:29.770771+00:00, run_after=2023-03-09T09:42:29.770771+00:00
[2023-03-09T09:42:29.781+0000] {processor.py:175} INFO - Processing /home/airflow/.local/lib/python3.7/site-packages/airflow/example_dags/tutorial.py took 0.056 seconds
[2023-03-09T09:43:00.132+0000] {processor.py:153} INFO - Started process (PID=3331) to work on /home/airflow/.local/lib/python3.7/site-packages/airflow/example_dags/tutorial.py
[2023-03-09T09:43:00.133+0000] {processor.py:743} INFO - Processing file /home/airflow/.local/lib/python3.7/site-packages/airflow/example_dags/tutorial.py for tasks to queue
[2023-03-09T09:43:00.134+0000] {logging_mixin.py:137} INFO - [2023-03-09T09:43:00.134+0000] {dagbag.py:538} INFO - Filling up the DagBag from /home/airflow/.local/lib/python3.7/site-packages/airflow/example_dags/tutorial.py
[2023-03-09T09:43:00.143+0000] {processor.py:753} INFO - DAG(s) dict_keys(['tutorial']) retrieved from /home/airflow/.local/lib/python3.7/site-packages/airflow/example_dags/tutorial.py
[2023-03-09T09:43:00.160+0000] {logging_mixin.py:137} INFO - [2023-03-09T09:43:00.159+0000] {dag.py:2690} INFO - Sync 1 DAGs
[2023-03-09T09:43:00.174+0000] {logging_mixin.py:137} INFO - [2023-03-09T09:43:00.174+0000] {dag.py:3441} INFO - Setting next_dagrun for tutorial to 2023-03-08T09:43:00.174252+00:00, run_after=2023-03-09T09:43:00.174252+00:00
[2023-03-09T09:43:00.185+0000] {processor.py:175} INFO - Processing /home/airflow/.local/lib/python3.7/site-packages/airflow/example_dags/tutorial.py took 0.055 seconds
[2023-03-09T09:43:30.571+0000] {processor.py:153} INFO - Started process (PID=3413) to work on /home/airflow/.local/lib/python3.7/site-packages/airflow/example_dags/tutorial.py
[2023-03-09T09:43:30.573+0000] {processor.py:743} INFO - Processing file /home/airflow/.local/lib/python3.7/site-packages/airflow/example_dags/tutorial.py for tasks to queue
[2023-03-09T09:43:30.574+0000] {logging_mixin.py:137} INFO - [2023-03-09T09:43:30.574+0000] {dagbag.py:538} INFO - Filling up the DagBag from /home/airflow/.local/lib/python3.7/site-packages/airflow/example_dags/tutorial.py
[2023-03-09T09:43:30.583+0000] {processor.py:753} INFO - DAG(s) dict_keys(['tutorial']) retrieved from /home/airflow/.local/lib/python3.7/site-packages/airflow/example_dags/tutorial.py
[2023-03-09T09:43:30.600+0000] {logging_mixin.py:137} INFO - [2023-03-09T09:43:30.600+0000] {dag.py:2690} INFO - Sync 1 DAGs
[2023-03-09T09:43:30.614+0000] {logging_mixin.py:137} INFO - [2023-03-09T09:43:30.614+0000] {dag.py:3441} INFO - Setting next_dagrun for tutorial to 2023-03-08T09:43:30.614600+00:00, run_after=2023-03-09T09:43:30.614600+00:00
[2023-03-09T09:43:30.625+0000] {processor.py:175} INFO - Processing /home/airflow/.local/lib/python3.7/site-packages/airflow/example_dags/tutorial.py took 0.056 seconds
[2023-03-09T09:44:01.034+0000] {processor.py:153} INFO - Started process (PID=3494) to work on /home/airflow/.local/lib/python3.7/site-packages/airflow/example_dags/tutorial.py
[2023-03-09T09:44:01.035+0000] {processor.py:743} INFO - Processing file /home/airflow/.local/lib/python3.7/site-packages/airflow/example_dags/tutorial.py for tasks to queue
[2023-03-09T09:44:01.036+0000] {logging_mixin.py:137} INFO - [2023-03-09T09:44:01.036+0000] {dagbag.py:538} INFO - Filling up the DagBag from /home/airflow/.local/lib/python3.7/site-packages/airflow/example_dags/tutorial.py
[2023-03-09T09:44:01.045+0000] {processor.py:753} INFO - DAG(s) dict_keys(['tutorial']) retrieved from /home/airflow/.local/lib/python3.7/site-packages/airflow/example_dags/tutorial.py
[2023-03-09T09:44:01.062+0000] {logging_mixin.py:137} INFO - [2023-03-09T09:44:01.062+0000] {dag.py:2690} INFO - Sync 1 DAGs
[2023-03-09T09:44:01.076+0000] {logging_mixin.py:137} INFO - [2023-03-09T09:44:01.076+0000] {dag.py:3441} INFO - Setting next_dagrun for tutorial to 2023-03-08T09:44:01.076336+00:00, run_after=2023-03-09T09:44:01.076336+00:00
[2023-03-09T09:44:01.088+0000] {processor.py:175} INFO - Processing /home/airflow/.local/lib/python3.7/site-packages/airflow/example_dags/tutorial.py took 0.056 seconds
[2023-03-09T09:44:31.313+0000] {processor.py:153} INFO - Started process (PID=3562) to work on /home/airflow/.local/lib/python3.7/site-packages/airflow/example_dags/tutorial.py
[2023-03-09T09:44:31.314+0000] {processor.py:743} INFO - Processing file /home/airflow/.local/lib/python3.7/site-packages/airflow/example_dags/tutorial.py for tasks to queue
[2023-03-09T09:44:31.315+0000] {logging_mixin.py:137} INFO - [2023-03-09T09:44:31.315+0000] {dagbag.py:538} INFO - Filling up the DagBag from /home/airflow/.local/lib/python3.7/site-packages/airflow/example_dags/tutorial.py
[2023-03-09T09:44:31.325+0000] {processor.py:753} INFO - DAG(s) dict_keys(['tutorial']) retrieved from /home/airflow/.local/lib/python3.7/site-packages/airflow/example_dags/tutorial.py
[2023-03-09T09:44:31.344+0000] {logging_mixin.py:137} INFO - [2023-03-09T09:44:31.343+0000] {dag.py:2690} INFO - Sync 1 DAGs
[2023-03-09T09:44:31.358+0000] {logging_mixin.py:137} INFO - [2023-03-09T09:44:31.358+0000] {dag.py:3441} INFO - Setting next_dagrun for tutorial to 2023-03-08T09:44:31.358394+00:00, run_after=2023-03-09T09:44:31.358394+00:00
[2023-03-09T09:44:31.369+0000] {processor.py:175} INFO - Processing /home/airflow/.local/lib/python3.7/site-packages/airflow/example_dags/tutorial.py took 0.058 seconds
[2023-03-09T09:45:01.520+0000] {processor.py:153} INFO - Started process (PID=3642) to work on /home/airflow/.local/lib/python3.7/site-packages/airflow/example_dags/tutorial.py
[2023-03-09T09:45:01.522+0000] {processor.py:743} INFO - Processing file /home/airflow/.local/lib/python3.7/site-packages/airflow/example_dags/tutorial.py for tasks to queue
[2023-03-09T09:45:01.523+0000] {logging_mixin.py:137} INFO - [2023-03-09T09:45:01.523+0000] {dagbag.py:538} INFO - Filling up the DagBag from /home/airflow/.local/lib/python3.7/site-packages/airflow/example_dags/tutorial.py
[2023-03-09T09:45:01.534+0000] {processor.py:753} INFO - DAG(s) dict_keys(['tutorial']) retrieved from /home/airflow/.local/lib/python3.7/site-packages/airflow/example_dags/tutorial.py
[2023-03-09T09:45:01.553+0000] {logging_mixin.py:137} INFO - [2023-03-09T09:45:01.553+0000] {dag.py:2690} INFO - Sync 1 DAGs
[2023-03-09T09:45:01.569+0000] {logging_mixin.py:137} INFO - [2023-03-09T09:45:01.569+0000] {dag.py:3441} INFO - Setting next_dagrun for tutorial to 2023-03-08T09:45:01.569034+00:00, run_after=2023-03-09T09:45:01.569034+00:00
[2023-03-09T09:45:01.580+0000] {processor.py:175} INFO - Processing /home/airflow/.local/lib/python3.7/site-packages/airflow/example_dags/tutorial.py took 0.063 seconds
[2023-03-09T09:45:31.932+0000] {processor.py:153} INFO - Started process (PID=3720) to work on /home/airflow/.local/lib/python3.7/site-packages/airflow/example_dags/tutorial.py
[2023-03-09T09:45:31.933+0000] {processor.py:743} INFO - Processing file /home/airflow/.local/lib/python3.7/site-packages/airflow/example_dags/tutorial.py for tasks to queue
[2023-03-09T09:45:31.934+0000] {logging_mixin.py:137} INFO - [2023-03-09T09:45:31.934+0000] {dagbag.py:538} INFO - Filling up the DagBag from /home/airflow/.local/lib/python3.7/site-packages/airflow/example_dags/tutorial.py
[2023-03-09T09:45:31.944+0000] {processor.py:753} INFO - DAG(s) dict_keys(['tutorial']) retrieved from /home/airflow/.local/lib/python3.7/site-packages/airflow/example_dags/tutorial.py
[2023-03-09T09:45:31.962+0000] {logging_mixin.py:137} INFO - [2023-03-09T09:45:31.961+0000] {dag.py:2690} INFO - Sync 1 DAGs
[2023-03-09T09:45:31.976+0000] {logging_mixin.py:137} INFO - [2023-03-09T09:45:31.976+0000] {dag.py:3441} INFO - Setting next_dagrun for tutorial to 2023-03-08T09:45:31.976199+00:00, run_after=2023-03-09T09:45:31.976199+00:00
[2023-03-09T09:45:31.987+0000] {processor.py:175} INFO - Processing /home/airflow/.local/lib/python3.7/site-packages/airflow/example_dags/tutorial.py took 0.056 seconds
[2023-03-09T09:46:02.113+0000] {processor.py:153} INFO - Started process (PID=3790) to work on /home/airflow/.local/lib/python3.7/site-packages/airflow/example_dags/tutorial.py
[2023-03-09T09:46:02.114+0000] {processor.py:743} INFO - Processing file /home/airflow/.local/lib/python3.7/site-packages/airflow/example_dags/tutorial.py for tasks to queue
[2023-03-09T09:46:02.115+0000] {logging_mixin.py:137} INFO - [2023-03-09T09:46:02.115+0000] {dagbag.py:538} INFO - Filling up the DagBag from /home/airflow/.local/lib/python3.7/site-packages/airflow/example_dags/tutorial.py
[2023-03-09T09:46:02.126+0000] {processor.py:753} INFO - DAG(s) dict_keys(['tutorial']) retrieved from /home/airflow/.local/lib/python3.7/site-packages/airflow/example_dags/tutorial.py
[2023-03-09T09:46:02.142+0000] {logging_mixin.py:137} INFO - [2023-03-09T09:46:02.142+0000] {dag.py:2690} INFO - Sync 1 DAGs
[2023-03-09T09:46:02.156+0000] {logging_mixin.py:137} INFO - [2023-03-09T09:46:02.156+0000] {dag.py:3441} INFO - Setting next_dagrun for tutorial to 2023-03-08T09:46:02.156612+00:00, run_after=2023-03-09T09:46:02.156612+00:00
[2023-03-09T09:46:02.167+0000] {processor.py:175} INFO - Processing /home/airflow/.local/lib/python3.7/site-packages/airflow/example_dags/tutorial.py took 0.058 seconds
[2023-03-09T09:46:32.480+0000] {processor.py:153} INFO - Started process (PID=3869) to work on /home/airflow/.local/lib/python3.7/site-packages/airflow/example_dags/tutorial.py
[2023-03-09T09:46:32.482+0000] {processor.py:743} INFO - Processing file /home/airflow/.local/lib/python3.7/site-packages/airflow/example_dags/tutorial.py for tasks to queue
[2023-03-09T09:46:32.484+0000] {logging_mixin.py:137} INFO - [2023-03-09T09:46:32.484+0000] {dagbag.py:538} INFO - Filling up the DagBag from /home/airflow/.local/lib/python3.7/site-packages/airflow/example_dags/tutorial.py
[2023-03-09T09:46:32.500+0000] {processor.py:753} INFO - DAG(s) dict_keys(['tutorial']) retrieved from /home/airflow/.local/lib/python3.7/site-packages/airflow/example_dags/tutorial.py
[2023-03-09T09:46:32.529+0000] {logging_mixin.py:137} INFO - [2023-03-09T09:46:32.529+0000] {dag.py:2690} INFO - Sync 1 DAGs
[2023-03-09T09:46:32.552+0000] {logging_mixin.py:137} INFO - [2023-03-09T09:46:32.551+0000] {dag.py:3441} INFO - Setting next_dagrun for tutorial to 2023-03-08T09:46:32.551695+00:00, run_after=2023-03-09T09:46:32.551695+00:00
[2023-03-09T09:46:32.572+0000] {processor.py:175} INFO - Processing /home/airflow/.local/lib/python3.7/site-packages/airflow/example_dags/tutorial.py took 0.097 seconds
[2023-03-09T09:47:02.982+0000] {processor.py:153} INFO - Started process (PID=3952) to work on /home/airflow/.local/lib/python3.7/site-packages/airflow/example_dags/tutorial.py
[2023-03-09T09:47:02.985+0000] {processor.py:743} INFO - Processing file /home/airflow/.local/lib/python3.7/site-packages/airflow/example_dags/tutorial.py for tasks to queue
[2023-03-09T09:47:02.987+0000] {logging_mixin.py:137} INFO - [2023-03-09T09:47:02.986+0000] {dagbag.py:538} INFO - Filling up the DagBag from /home/airflow/.local/lib/python3.7/site-packages/airflow/example_dags/tutorial.py
[2023-03-09T09:47:03.001+0000] {processor.py:753} INFO - DAG(s) dict_keys(['tutorial']) retrieved from /home/airflow/.local/lib/python3.7/site-packages/airflow/example_dags/tutorial.py
[2023-03-09T09:47:03.031+0000] {logging_mixin.py:137} INFO - [2023-03-09T09:47:03.031+0000] {dag.py:2690} INFO - Sync 1 DAGs
[2023-03-09T09:47:03.052+0000] {logging_mixin.py:137} INFO - [2023-03-09T09:47:03.051+0000] {dag.py:3441} INFO - Setting next_dagrun for tutorial to 2023-03-08T09:47:03.051734+00:00, run_after=2023-03-09T09:47:03.051734+00:00
[2023-03-09T09:47:03.068+0000] {processor.py:175} INFO - Processing /home/airflow/.local/lib/python3.7/site-packages/airflow/example_dags/tutorial.py took 0.089 seconds
[2023-03-09T09:47:33.234+0000] {processor.py:153} INFO - Started process (PID=4018) to work on /home/airflow/.local/lib/python3.7/site-packages/airflow/example_dags/tutorial.py
[2023-03-09T09:47:33.237+0000] {processor.py:743} INFO - Processing file /home/airflow/.local/lib/python3.7/site-packages/airflow/example_dags/tutorial.py for tasks to queue
[2023-03-09T09:47:33.238+0000] {logging_mixin.py:137} INFO - [2023-03-09T09:47:33.238+0000] {dagbag.py:538} INFO - Filling up the DagBag from /home/airflow/.local/lib/python3.7/site-packages/airflow/example_dags/tutorial.py
[2023-03-09T09:47:33.248+0000] {processor.py:753} INFO - DAG(s) dict_keys(['tutorial']) retrieved from /home/airflow/.local/lib/python3.7/site-packages/airflow/example_dags/tutorial.py
[2023-03-09T09:47:33.265+0000] {logging_mixin.py:137} INFO - [2023-03-09T09:47:33.265+0000] {dag.py:2690} INFO - Sync 1 DAGs
[2023-03-09T09:47:33.280+0000] {logging_mixin.py:137} INFO - [2023-03-09T09:47:33.280+0000] {dag.py:3441} INFO - Setting next_dagrun for tutorial to 2023-03-08T09:47:33.280545+00:00, run_after=2023-03-09T09:47:33.280545+00:00
[2023-03-09T09:47:33.294+0000] {processor.py:175} INFO - Processing /home/airflow/.local/lib/python3.7/site-packages/airflow/example_dags/tutorial.py took 0.062 seconds
[2023-03-09T09:48:03.674+0000] {processor.py:153} INFO - Started process (PID=4095) to work on /home/airflow/.local/lib/python3.7/site-packages/airflow/example_dags/tutorial.py
[2023-03-09T09:48:03.676+0000] {processor.py:743} INFO - Processing file /home/airflow/.local/lib/python3.7/site-packages/airflow/example_dags/tutorial.py for tasks to queue
[2023-03-09T09:48:03.677+0000] {logging_mixin.py:137} INFO - [2023-03-09T09:48:03.677+0000] {dagbag.py:538} INFO - Filling up the DagBag from /home/airflow/.local/lib/python3.7/site-packages/airflow/example_dags/tutorial.py
[2023-03-09T09:48:03.687+0000] {processor.py:753} INFO - DAG(s) dict_keys(['tutorial']) retrieved from /home/airflow/.local/lib/python3.7/site-packages/airflow/example_dags/tutorial.py
[2023-03-09T09:48:03.702+0000] {logging_mixin.py:137} INFO - [2023-03-09T09:48:03.702+0000] {dag.py:2690} INFO - Sync 1 DAGs
[2023-03-09T09:48:03.717+0000] {logging_mixin.py:137} INFO - [2023-03-09T09:48:03.717+0000] {dag.py:3441} INFO - Setting next_dagrun for tutorial to 2023-03-08T09:48:03.717444+00:00, run_after=2023-03-09T09:48:03.717444+00:00
[2023-03-09T09:48:03.731+0000] {processor.py:175} INFO - Processing /home/airflow/.local/lib/python3.7/site-packages/airflow/example_dags/tutorial.py took 0.059 seconds
[2023-03-09T09:48:33.828+0000] {processor.py:153} INFO - Started process (PID=4158) to work on /home/airflow/.local/lib/python3.7/site-packages/airflow/example_dags/tutorial.py
[2023-03-09T09:48:33.830+0000] {processor.py:743} INFO - Processing file /home/airflow/.local/lib/python3.7/site-packages/airflow/example_dags/tutorial.py for tasks to queue
[2023-03-09T09:48:33.831+0000] {logging_mixin.py:137} INFO - [2023-03-09T09:48:33.831+0000] {dagbag.py:538} INFO - Filling up the DagBag from /home/airflow/.local/lib/python3.7/site-packages/airflow/example_dags/tutorial.py
[2023-03-09T09:48:33.840+0000] {processor.py:753} INFO - DAG(s) dict_keys(['tutorial']) retrieved from /home/airflow/.local/lib/python3.7/site-packages/airflow/example_dags/tutorial.py
[2023-03-09T09:48:33.857+0000] {logging_mixin.py:137} INFO - [2023-03-09T09:48:33.857+0000] {dag.py:2690} INFO - Sync 1 DAGs
[2023-03-09T09:48:33.874+0000] {logging_mixin.py:137} INFO - [2023-03-09T09:48:33.873+0000] {dag.py:3441} INFO - Setting next_dagrun for tutorial to 2023-03-08T09:48:33.873724+00:00, run_after=2023-03-09T09:48:33.873724+00:00
[2023-03-09T09:48:33.886+0000] {processor.py:175} INFO - Processing /home/airflow/.local/lib/python3.7/site-packages/airflow/example_dags/tutorial.py took 0.060 seconds
[2023-03-09T09:49:04.252+0000] {processor.py:153} INFO - Started process (PID=4238) to work on /home/airflow/.local/lib/python3.7/site-packages/airflow/example_dags/tutorial.py
[2023-03-09T09:49:04.254+0000] {processor.py:743} INFO - Processing file /home/airflow/.local/lib/python3.7/site-packages/airflow/example_dags/tutorial.py for tasks to queue
[2023-03-09T09:49:04.255+0000] {logging_mixin.py:137} INFO - [2023-03-09T09:49:04.254+0000] {dagbag.py:538} INFO - Filling up the DagBag from /home/airflow/.local/lib/python3.7/site-packages/airflow/example_dags/tutorial.py
[2023-03-09T09:49:04.264+0000] {processor.py:753} INFO - DAG(s) dict_keys(['tutorial']) retrieved from /home/airflow/.local/lib/python3.7/site-packages/airflow/example_dags/tutorial.py
[2023-03-09T09:49:04.281+0000] {logging_mixin.py:137} INFO - [2023-03-09T09:49:04.281+0000] {dag.py:2690} INFO - Sync 1 DAGs
[2023-03-09T09:49:04.295+0000] {logging_mixin.py:137} INFO - [2023-03-09T09:49:04.295+0000] {dag.py:3441} INFO - Setting next_dagrun for tutorial to 2023-03-08T09:49:04.295456+00:00, run_after=2023-03-09T09:49:04.295456+00:00
[2023-03-09T09:49:04.306+0000] {processor.py:175} INFO - Processing /home/airflow/.local/lib/python3.7/site-packages/airflow/example_dags/tutorial.py took 0.056 seconds
[2023-03-09T09:49:34.686+0000] {processor.py:153} INFO - Started process (PID=4321) to work on /home/airflow/.local/lib/python3.7/site-packages/airflow/example_dags/tutorial.py
[2023-03-09T09:49:34.687+0000] {processor.py:743} INFO - Processing file /home/airflow/.local/lib/python3.7/site-packages/airflow/example_dags/tutorial.py for tasks to queue
[2023-03-09T09:49:34.688+0000] {logging_mixin.py:137} INFO - [2023-03-09T09:49:34.688+0000] {dagbag.py:538} INFO - Filling up the DagBag from /home/airflow/.local/lib/python3.7/site-packages/airflow/example_dags/tutorial.py
[2023-03-09T09:49:34.697+0000] {processor.py:753} INFO - DAG(s) dict_keys(['tutorial']) retrieved from /home/airflow/.local/lib/python3.7/site-packages/airflow/example_dags/tutorial.py
[2023-03-09T09:49:34.714+0000] {logging_mixin.py:137} INFO - [2023-03-09T09:49:34.714+0000] {dag.py:2690} INFO - Sync 1 DAGs
[2023-03-09T09:49:34.730+0000] {logging_mixin.py:137} INFO - [2023-03-09T09:49:34.730+0000] {dag.py:3441} INFO - Setting next_dagrun for tutorial to 2023-03-08T09:49:34.730377+00:00, run_after=2023-03-09T09:49:34.730377+00:00
[2023-03-09T09:49:34.742+0000] {processor.py:175} INFO - Processing /home/airflow/.local/lib/python3.7/site-packages/airflow/example_dags/tutorial.py took 0.059 seconds
[2023-03-09T09:50:04.922+0000] {processor.py:153} INFO - Started process (PID=4386) to work on /home/airflow/.local/lib/python3.7/site-packages/airflow/example_dags/tutorial.py
[2023-03-09T09:50:04.923+0000] {processor.py:743} INFO - Processing file /home/airflow/.local/lib/python3.7/site-packages/airflow/example_dags/tutorial.py for tasks to queue
[2023-03-09T09:50:04.924+0000] {logging_mixin.py:137} INFO - [2023-03-09T09:50:04.924+0000] {dagbag.py:538} INFO - Filling up the DagBag from /home/airflow/.local/lib/python3.7/site-packages/airflow/example_dags/tutorial.py
[2023-03-09T09:50:04.937+0000] {processor.py:753} INFO - DAG(s) dict_keys(['tutorial']) retrieved from /home/airflow/.local/lib/python3.7/site-packages/airflow/example_dags/tutorial.py
[2023-03-09T09:50:04.954+0000] {logging_mixin.py:137} INFO - [2023-03-09T09:50:04.954+0000] {dag.py:2690} INFO - Sync 1 DAGs
[2023-03-09T09:50:04.970+0000] {logging_mixin.py:137} INFO - [2023-03-09T09:50:04.970+0000] {dag.py:3441} INFO - Setting next_dagrun for tutorial to 2023-03-08T09:50:04.970323+00:00, run_after=2023-03-09T09:50:04.970323+00:00
[2023-03-09T09:50:04.986+0000] {processor.py:175} INFO - Processing /home/airflow/.local/lib/python3.7/site-packages/airflow/example_dags/tutorial.py took 0.068 seconds
[2023-03-09T09:50:35.492+0000] {processor.py:153} INFO - Started process (PID=4466) to work on /home/airflow/.local/lib/python3.7/site-packages/airflow/example_dags/tutorial.py
[2023-03-09T09:50:35.501+0000] {processor.py:743} INFO - Processing file /home/airflow/.local/lib/python3.7/site-packages/airflow/example_dags/tutorial.py for tasks to queue
[2023-03-09T09:50:35.503+0000] {logging_mixin.py:137} INFO - [2023-03-09T09:50:35.503+0000] {dagbag.py:538} INFO - Filling up the DagBag from /home/airflow/.local/lib/python3.7/site-packages/airflow/example_dags/tutorial.py
[2023-03-09T09:50:35.542+0000] {processor.py:753} INFO - DAG(s) dict_keys(['tutorial']) retrieved from /home/airflow/.local/lib/python3.7/site-packages/airflow/example_dags/tutorial.py
[2023-03-09T09:50:35.595+0000] {logging_mixin.py:137} INFO - [2023-03-09T09:50:35.595+0000] {dag.py:2690} INFO - Sync 1 DAGs
[2023-03-09T09:50:35.663+0000] {logging_mixin.py:137} INFO - [2023-03-09T09:50:35.662+0000] {dag.py:3441} INFO - Setting next_dagrun for tutorial to 2023-03-08T09:50:35.662110+00:00, run_after=2023-03-09T09:50:35.662110+00:00
[2023-03-09T09:50:35.722+0000] {processor.py:175} INFO - Processing /home/airflow/.local/lib/python3.7/site-packages/airflow/example_dags/tutorial.py took 0.234 seconds
